161024 10:38:54 [Note] Plugin 'FEDERATED' is disabled.
InnoDB: Mutexes and rw_locks use Windows interlocked functions
InnoDB: Compressed tables use zlib 1.2.3
161024 10:38:55  InnoDB: Initializing buffer pool, size = 16.0M
161024 10:38:55  InnoDB: Completed initialization of buffer pool
InnoDB: The first specified data file C:\wnmp\data\ibdata1 did not exist:
InnoDB: a new database to be created!
161024 10:38:55  InnoDB: Setting file C:\wnmp\data\ibdata1 size to 10 MB
InnoDB: Database physically writes the file full: wait...
161024 10:38:56  InnoDB: Log file C:\wnmp\data\ib_logfile0 did not exist: new to be created
InnoDB: Setting log file C:\wnmp\data\ib_logfile0 size to 5 MB
InnoDB: Database physically writes the file full: wait...
161024 10:38:56  InnoDB: Log file C:\wnmp\data\ib_logfile1 did not exist: new to be created
InnoDB: Setting log file C:\wnmp\data\ib_logfile1 size to 5 MB
InnoDB: Database physically writes the file full: wait...
InnoDB: Doublewrite buffer not found: creating new
InnoDB: Doublewrite buffer created
InnoDB: 127 rollback segment(s) active.
InnoDB: Creating foreign key constraint system tables
InnoDB: Foreign key constraint system tables created
161024 10:38:56  InnoDB: 1.1.4 started; log sequence number 0
161103 23:52:22 [Note] Plugin 'FEDERATED' is disabled.
InnoDB: Mutexes and rw_locks use Windows interlocked functions
InnoDB: Compressed tables use zlib 1.2.3
161103 23:52:22  InnoDB: Initializing buffer pool, size = 16.0M
161103 23:52:22  InnoDB: Completed initialization of buffer pool
161103 23:52:22  InnoDB: highest supported file format is Barracuda.
161103 23:52:22  InnoDB: 1.1.4 started; log sequence number 50150138
161103 23:52:36 [Note] Plugin 'FEDERATED' is disabled.
InnoDB: Mutexes and rw_locks use Windows interlocked functions
InnoDB: Compressed tables use zlib 1.2.3
161103 23:52:36  InnoDB: Initializing buffer pool, size = 16.0M
161103 23:52:36  InnoDB: Completed initialization of buffer pool
161103 23:52:36  InnoDB: highest supported file format is Barracuda.
161103 23:52:36  InnoDB: 1.1.4 started; log sequence number 50151259
161104  9:59:05 [Note] Plugin 'FEDERATED' is disabled.
InnoDB: Mutexes and rw_locks use Windows interlocked functions
InnoDB: Compressed tables use zlib 1.2.3
161104  9:59:05  InnoDB: Initializing buffer pool, size = 16.0M
161104  9:59:05  InnoDB: Completed initialization of buffer pool
161104  9:59:05  InnoDB: highest supported file format is Barracuda.
InnoDB: The log sequence number in ibdata files does not match
InnoDB: the log sequence number in the ib_logfiles!
161104  9:59:05  InnoDB: Database was not shut down normally!
InnoDB: Starting crash recovery.
InnoDB: Reading tablespace information from the .ibd files...
InnoDB: Restoring possible half-written data pages from the doublewrite
InnoDB: buffer...
161104  9:59:05  InnoDB: 1.1.4 started; log sequence number 50151311
161114  9:56:01 [Note] Plugin 'FEDERATED' is disabled.
InnoDB: Mutexes and rw_locks use Windows interlocked functions
InnoDB: Compressed tables use zlib 1.2.3
161114  9:56:01  InnoDB: Initializing buffer pool, size = 16.0M
161114  9:56:01  InnoDB: Completed initialization of buffer pool
161114  9:56:01  InnoDB: highest supported file format is Barracuda.
InnoDB: The log sequence number in ibdata files does not match
InnoDB: the log sequence number in the ib_logfiles!
161114  9:56:01  InnoDB: Database was not shut down normally!
InnoDB: Starting crash recovery.
InnoDB: Reading tablespace information from the .ibd files...
InnoDB: Restoring possible half-written data pages from the doublewrite
InnoDB: buffer...
161114  9:56:01  InnoDB: 1.1.4 started; log sequence number 50177404
