[ 2016-08-08T10:55:56+08:00 ] /
INFO: [ app_begin ] --START--
INFO: Run ReadHtmlCache Behavior [ RunTime:0.000710s ]
INFO: [ app_begin ] --END-- [ RunTime:0.001543s ]
NOTIC: [8] Undefined index: match D:\wnmp1\wwwroot\v1\branches\v1\DataSource\Lib\Action\IndexAction.class.php 第 21 行.
NOTIC: [8] Undefined index: platform D:\wnmp1\wwwroot\v1\branches\v1\DataSource\Lib\Action\IndexAction.class.php 第 22 行.
NOTIC: [8] Undefined index: db_dsn D:\wnmp1\wwwroot\v1\branches\v1\lib\ThinkPHP\Lib\Core\Db.class.php 第 129 行.
NOTIC: [8] Undefined index: db_params D:\wnmp1\wwwroot\v1\branches\v1\lib\ThinkPHP\Lib\Core\Db.class.php 第 130 行.
SQL: SHOW COLUMNS FROM `zx_tb_matchs` [ RunTime:0.090150s ]
SQL:  select * from zx_tb_matchs where  m_sign = 1  and m_state = 0 and m_releaseTime < NOW() and m_offineTime > NOW()  order by m_order desc,id desc limit 0,5  [ RunTime:0.006614s ]
SQL: SHOW COLUMNS FROM `zx_tb_classinfo` [ RunTime:0.015796s ]
NOTIC: [2] Missing argument 6 for ClassInfoModel::getContent(), called in D:\wnmp1\wwwroot\v1\branches\v1\DataSource\Lib\Action\IndexAction.class.php on line 38 and defined D:\wnmp1\wwwroot\v1\branches\v1\DataSource\Lib\Model\ClassInfoModel.class.php 第 22 行.
NOTIC: [8] Undefined variable: order D:\wnmp1\wwwroot\v1\branches\v1\DataSource\Lib\Model\ClassInfoModel.class.php 第 33 行.
SQL: SELECT info.id,info.cid,cls.classname,info.n_title,info.n_img,info.n_url,info.sign,info.orderid  FROM `zx_tb_class` cls LEFT JOIN zx_tb_classinfo info ON  cls.id = info.cid WHERE cls.short_name='zx_banner' AND cls.isdel=0 AND info.isdel=0 and info.isdisplay=1 AND info.itime<=NOW() AND info.offtime>NOW()  order by  info.sign desc,info.orderid desc,info.utime desc,id DESC  limit 0,10  [ RunTime:0.006504s ]
NOTIC: [2] Missing argument 6 for ClassInfoModel::getContent(), called in D:\wnmp1\wwwroot\v1\branches\v1\DataSource\Lib\Action\IndexAction.class.php on line 42 and defined D:\wnmp1\wwwroot\v1\branches\v1\DataSource\Lib\Model\ClassInfoModel.class.php 第 22 行.
NOTIC: [8] Undefined variable: order D:\wnmp1\wwwroot\v1\branches\v1\DataSource\Lib\Model\ClassInfoModel.class.php 第 33 行.
SQL: SELECT info.id,info.cid,cls.classname,info.n_title,info.n_img,info.n_url,info.sign,info.orderid  FROM `zx_tb_class` cls LEFT JOIN zx_tb_classinfo info ON  cls.id = info.cid WHERE cls.short_name='zx_hotwords' AND cls.isdel=0 AND info.isdel=0 and info.isdisplay=1 AND info.itime<=NOW() AND info.offtime>NOW()  order by  info.sign desc,info.orderid desc,info.utime desc,id DESC  limit 0,100  [ RunTime:0.000963s ]
INFO: [ view_template ] --START--
INFO: Run LocationTemplate Behavior [ RunTime:0.050795s ]
INFO: [ view_template ] --END-- [ RunTime:0.050942s ]
INFO: [ view_parse ] --START--
NOTIC: [8] Undefined index: m_banner D:\wnmp1\wwwroot\v1\branches\v1\DataSource\Runtime\Temp\9f529053051950a069732b98964695a605c1670d.file.banner.html.php 第 52 行.
NOTIC: [8] Trying to get property of non-object D:\wnmp1\wwwroot\v1\branches\v1\DataSource\Runtime\Temp\9f529053051950a069732b98964695a605c1670d.file.banner.html.php 第 52 行.
INFO: Run ParseTemplate Behavior [ RunTime:0.033672s ]
INFO: [ view_parse ] --END-- [ RunTime:0.033769s ]
INFO: [ view_filter ] --START--
INFO: Run ContentReplace Behavior [ RunTime:0.001075s ]
INFO: Run TokenBuild Behavior [ RunTime:0.000942s ]
INFO: Run WriteHtmlCache Behavior [ RunTime:0.000622s ]
INFO: Run ShowRuntime Behavior [ RunTime:0.001243s ]
INFO: [ view_filter ] --END-- [ RunTime:0.004103s ]
INFO: [ view_end ] --START--
INFO: Run ShowPageTrace Behavior [ RunTime:0.001073s ]
INFO: [ view_end ] --END-- [ RunTime:0.001152s ]

[ 2016-08-08T10:56:01+08:00 ] /ajax/hotlist?page=2
INFO: [ route_check ] --START--
INFO: Run CheckRoute Behavior [ RunTime:0.102739s ]
INFO: [ route_check ] --END-- [ RunTime:0.102890s ]
INFO: [ app_begin ] --START--
INFO: Run ReadHtmlCache Behavior [ RunTime:0.001005s ]
INFO: [ app_begin ] --END-- [ RunTime:0.001110s ]
NOTIC: [8] Undefined index: length D:\wnmp1\wwwroot\v1\branches\v1\DataSource\Lib\Action\AjaxAction.class.php 第 37 行.
NOTIC: [8] Undefined index: db_dsn D:\wnmp1\wwwroot\v1\branches\v1\lib\ThinkPHP\Lib\Core\Db.class.php 第 129 行.
NOTIC: [8] Undefined index: db_params D:\wnmp1\wwwroot\v1\branches\v1\lib\ThinkPHP\Lib\Core\Db.class.php 第 130 行.
SQL: SHOW COLUMNS FROM `zx_tb_matchs` [ RunTime:0.007550s ]
SQL:  select * from zx_tb_matchs where  m_sign = 1  and m_state = 0 and m_releaseTime < NOW() and m_offineTime > NOW()  order by m_order desc,id desc limit 5,5  [ RunTime:0.003627s ]

[ 2016-08-08T10:56:02+08:00 ] /
INFO: [ app_begin ] --START--
INFO: Run ReadHtmlCache Behavior [ RunTime:0.000386s ]
INFO: [ app_begin ] --END-- [ RunTime:0.000450s ]
NOTIC: [8] Undefined index: match D:\wnmp1\wwwroot\v1\branches\v1\DataSource\Lib\Action\IndexAction.class.php 第 21 行.
NOTIC: [8] Undefined index: platform D:\wnmp1\wwwroot\v1\branches\v1\DataSource\Lib\Action\IndexAction.class.php 第 22 行.
NOTIC: [8] Undefined index: db_dsn D:\wnmp1\wwwroot\v1\branches\v1\lib\ThinkPHP\Lib\Core\Db.class.php 第 129 行.
NOTIC: [8] Undefined index: db_params D:\wnmp1\wwwroot\v1\branches\v1\lib\ThinkPHP\Lib\Core\Db.class.php 第 130 行.
SQL: SHOW COLUMNS FROM `zx_tb_matchs` [ RunTime:0.002800s ]
SQL:  select * from zx_tb_matchs where  m_sign = 1  and m_state = 0 and m_releaseTime < NOW() and m_offineTime > NOW()  order by m_order desc,id desc limit 0,5  [ RunTime:0.001438s ]
SQL: SHOW COLUMNS FROM `zx_tb_classinfo` [ RunTime:0.002250s ]
NOTIC: [2] Missing argument 6 for ClassInfoModel::getContent(), called in D:\wnmp1\wwwroot\v1\branches\v1\DataSource\Lib\Action\IndexAction.class.php on line 38 and defined D:\wnmp1\wwwroot\v1\branches\v1\DataSource\Lib\Model\ClassInfoModel.class.php 第 22 行.
NOTIC: [8] Undefined variable: order D:\wnmp1\wwwroot\v1\branches\v1\DataSource\Lib\Model\ClassInfoModel.class.php 第 33 行.
SQL: SELECT info.id,info.cid,cls.classname,info.n_title,info.n_img,info.n_url,info.sign,info.orderid  FROM `zx_tb_class` cls LEFT JOIN zx_tb_classinfo info ON  cls.id = info.cid WHERE cls.short_name='zx_banner' AND cls.isdel=0 AND info.isdel=0 and info.isdisplay=1 AND info.itime<=NOW() AND info.offtime>NOW()  order by  info.sign desc,info.orderid desc,info.utime desc,id DESC  limit 0,10  [ RunTime:0.001048s ]
NOTIC: [2] Missing argument 6 for ClassInfoModel::getContent(), called in D:\wnmp1\wwwroot\v1\branches\v1\DataSource\Lib\Action\IndexAction.class.php on line 42 and defined D:\wnmp1\wwwroot\v1\branches\v1\DataSource\Lib\Model\ClassInfoModel.class.php 第 22 行.
NOTIC: [8] Undefined variable: order D:\wnmp1\wwwroot\v1\branches\v1\DataSource\Lib\Model\ClassInfoModel.class.php 第 33 行.
SQL: SELECT info.id,info.cid,cls.classname,info.n_title,info.n_img,info.n_url,info.sign,info.orderid  FROM `zx_tb_class` cls LEFT JOIN zx_tb_classinfo info ON  cls.id = info.cid WHERE cls.short_name='zx_hotwords' AND cls.isdel=0 AND info.isdel=0 and info.isdisplay=1 AND info.itime<=NOW() AND info.offtime>NOW()  order by  info.sign desc,info.orderid desc,info.utime desc,id DESC  limit 0,100  [ RunTime:0.000890s ]
INFO: [ view_template ] --START--
INFO: Run LocationTemplate Behavior [ RunTime:0.000339s ]
INFO: [ view_template ] --END-- [ RunTime:0.000400s ]
INFO: [ view_parse ] --START--
NOTIC: [8] Undefined index: m_banner D:\wnmp1\wwwroot\v1\branches\v1\DataSource\Runtime\Temp\9f529053051950a069732b98964695a605c1670d.file.banner.html.php 第 52 行.
NOTIC: [8] Trying to get property of non-object D:\wnmp1\wwwroot\v1\branches\v1\DataSource\Runtime\Temp\9f529053051950a069732b98964695a605c1670d.file.banner.html.php 第 52 行.
INFO: Run ParseTemplate Behavior [ RunTime:0.008937s ]
INFO: [ view_parse ] --END-- [ RunTime:0.008997s ]
INFO: [ view_filter ] --START--
INFO: Run ContentReplace Behavior [ RunTime:0.000595s ]
INFO: Run TokenBuild Behavior [ RunTime:0.000389s ]
INFO: Run WriteHtmlCache Behavior [ RunTime:0.000195s ]
INFO: Run ShowRuntime Behavior [ RunTime:0.000343s ]
INFO: [ view_filter ] --END-- [ RunTime:0.001660s ]
INFO: [ view_end ] --START--
INFO: Run ShowPageTrace Behavior [ RunTime:0.001266s ]
INFO: [ view_end ] --END-- [ RunTime:0.001343s ]

[ 2016-08-08T10:56:04+08:00 ] /ajax/hotlist?page=2
INFO: [ route_check ] --START--
INFO: Run CheckRoute Behavior [ RunTime:0.000848s ]
INFO: [ route_check ] --END-- [ RunTime:0.000944s ]
INFO: [ app_begin ] --START--
INFO: Run ReadHtmlCache Behavior [ RunTime:0.000472s ]
INFO: [ app_begin ] --END-- [ RunTime:0.000531s ]
NOTIC: [8] Undefined index: length D:\wnmp1\wwwroot\v1\branches\v1\DataSource\Lib\Action\AjaxAction.class.php 第 37 行.
NOTIC: [8] Undefined index: db_dsn D:\wnmp1\wwwroot\v1\branches\v1\lib\ThinkPHP\Lib\Core\Db.class.php 第 129 行.
NOTIC: [8] Undefined index: db_params D:\wnmp1\wwwroot\v1\branches\v1\lib\ThinkPHP\Lib\Core\Db.class.php 第 130 行.
SQL: SHOW COLUMNS FROM `zx_tb_matchs` [ RunTime:0.001858s ]
SQL:  select * from zx_tb_matchs where  m_sign = 1  and m_state = 0 and m_releaseTime < NOW() and m_offineTime > NOW()  order by m_order desc,id desc limit 5,5  [ RunTime:0.001066s ]

