[ 2016-06-27T10:22:25+08:00 ] /
INFO: [ app_begin ] --START--
INFO: Run ReadHtmlCache Behavior [ RunTime:0.000654s ]
INFO: [ app_begin ] --END-- [ RunTime:0.001397s ]
NOTIC: [8] Undefined index: match D:\wnmp1\wwwroot\v1\branches\v1\DataSource\Lib\Action\IndexAction.class.php 第 21 行.
NOTIC: [8] Undefined index: platform D:\wnmp1\wwwroot\v1\branches\v1\DataSource\Lib\Action\IndexAction.class.php 第 22 行.
NOTIC: [8] Undefined index: db_dsn D:\wnmp1\wwwroot\v1\branches\v1\lib\ThinkPHP\Lib\Core\Db.class.php 第 129 行.
NOTIC: [8] Undefined index: db_params D:\wnmp1\wwwroot\v1\branches\v1\lib\ThinkPHP\Lib\Core\Db.class.php 第 130 行.
SQL: SHOW COLUMNS FROM `zx_tb_matchs` [ RunTime:0.020747s ]
SQL:  select * from zx_tb_matchs where  m_sign = 1  and m_state = 0 and m_releaseTime < NOW() and m_offineTime > NOW()  order by m_order desc,id desc limit 0,5  [ RunTime:0.005115s ]
SQL: SHOW COLUMNS FROM `zx_tb_classinfo` [ RunTime:0.006819s ]
NOTIC: [2] Missing argument 6 for ClassInfoModel::getContent(), called in D:\wnmp1\wwwroot\v1\branches\v1\DataSource\Lib\Action\IndexAction.class.php on line 38 and defined D:\wnmp1\wwwroot\v1\branches\v1\DataSource\Lib\Model\ClassInfoModel.class.php 第 22 行.
NOTIC: [8] Undefined variable: order D:\wnmp1\wwwroot\v1\branches\v1\DataSource\Lib\Model\ClassInfoModel.class.php 第 33 行.
SQL: SELECT info.id,info.cid,cls.classname,info.n_title,info.n_img,info.n_url,info.sign,info.orderid  FROM `zx_tb_class` cls LEFT JOIN zx_tb_classinfo info ON  cls.id = info.cid WHERE cls.short_name='zx_banner' AND cls.isdel=0 AND info.isdel=0 and info.isdisplay=1 AND info.itime<=NOW() AND info.offtime>NOW()  order by  info.sign desc,info.orderid desc,info.utime desc,id DESC  limit 0,10  [ RunTime:0.006597s ]
NOTIC: [2] Missing argument 6 for ClassInfoModel::getContent(), called in D:\wnmp1\wwwroot\v1\branches\v1\DataSource\Lib\Action\IndexAction.class.php on line 42 and defined D:\wnmp1\wwwroot\v1\branches\v1\DataSource\Lib\Model\ClassInfoModel.class.php 第 22 行.
NOTIC: [8] Undefined variable: order D:\wnmp1\wwwroot\v1\branches\v1\DataSource\Lib\Model\ClassInfoModel.class.php 第 33 行.
SQL: SELECT info.id,info.cid,cls.classname,info.n_title,info.n_img,info.n_url,info.sign,info.orderid  FROM `zx_tb_class` cls LEFT JOIN zx_tb_classinfo info ON  cls.id = info.cid WHERE cls.short_name='zx_hotwords' AND cls.isdel=0 AND info.isdel=0 and info.isdisplay=1 AND info.itime<=NOW() AND info.offtime>NOW()  order by  info.sign desc,info.orderid desc,info.utime desc,id DESC  limit 0,100  [ RunTime:0.001828s ]
INFO: [ view_template ] --START--
INFO: Run LocationTemplate Behavior [ RunTime:0.001113s ]
INFO: [ view_template ] --END-- [ RunTime:0.001242s ]
INFO: [ view_parse ] --START--
NOTIC: [8] Undefined index: m_banner D:\wnmp1\wwwroot\v1\branches\v1\DataSource\Runtime\Temp\9f529053051950a069732b98964695a605c1670d.file.banner.html.php 第 52 行.
NOTIC: [8] Trying to get property of non-object D:\wnmp1\wwwroot\v1\branches\v1\DataSource\Runtime\Temp\9f529053051950a069732b98964695a605c1670d.file.banner.html.php 第 52 行.
INFO: Run ParseTemplate Behavior [ RunTime:0.024808s ]
INFO: [ view_parse ] --END-- [ RunTime:0.024885s ]
INFO: [ view_filter ] --START--
INFO: Run ContentReplace Behavior [ RunTime:0.001583s ]
INFO: Run TokenBuild Behavior [ RunTime:0.001746s ]
INFO: Run WriteHtmlCache Behavior [ RunTime:0.001055s ]
INFO: Run ShowRuntime Behavior [ RunTime:0.001196s ]
INFO: [ view_filter ] --END-- [ RunTime:0.005873s ]
INFO: [ view_end ] --START--
INFO: Run ShowPageTrace Behavior [ RunTime:0.000889s ]
INFO: [ view_end ] --END-- [ RunTime:0.000965s ]

[ 2016-06-27T10:22:26+08:00 ] /weixin/getJsTk?url=http%3A%2F%2F127.0.0.1%3A8089%2F
INFO: [ route_check ] --START--
INFO: Run CheckRoute Behavior [ RunTime:0.000913s ]
INFO: [ route_check ] --END-- [ RunTime:0.000985s ]
INFO: [ app_begin ] --START--
INFO: Run ReadHtmlCache Behavior [ RunTime:0.000417s ]
INFO: [ app_begin ] --END-- [ RunTime:0.000465s ]
NOTIC: [2] Missing argument 2 for WeixinAcessTokenModel::Jstoken(), called in D:\wnmp1\wwwroot\v1\branches\v1\DataSource\Lib\Action\WeixinAction.class.php on line 112 and defined D:\wnmp1\wwwroot\v1\branches\v1\DataSource\Lib\Model\WeixinAcessTokenModel.class.php 第 24 行.
ERR: Redis server went away

[ 2016-06-27T10:32:14+08:00 ] /
INFO: [ app_begin ] --START--
INFO: Run ReadHtmlCache Behavior [ RunTime:0.000531s ]
INFO: [ app_begin ] --END-- [ RunTime:0.000608s ]
NOTIC: [8] Undefined index: match D:\wnmp1\wwwroot\v1\branches\v1\DataSource\Lib\Action\IndexAction.class.php 第 21 行.
NOTIC: [8] Undefined index: platform D:\wnmp1\wwwroot\v1\branches\v1\DataSource\Lib\Action\IndexAction.class.php 第 22 行.
NOTIC: [8] Undefined index: db_dsn D:\wnmp1\wwwroot\v1\branches\v1\lib\ThinkPHP\Lib\Core\Db.class.php 第 129 行.
NOTIC: [8] Undefined index: db_params D:\wnmp1\wwwroot\v1\branches\v1\lib\ThinkPHP\Lib\Core\Db.class.php 第 130 行.
SQL: SHOW COLUMNS FROM `zx_tb_matchs` [ RunTime:0.001672s ]
SQL:  select * from zx_tb_matchs where  m_sign = 1  and m_state = 0 and m_releaseTime < NOW() and m_offineTime > NOW()  order by m_order desc,id desc limit 0,5  [ RunTime:0.000904s ]
SQL: SHOW COLUMNS FROM `zx_tb_classinfo` [ RunTime:0.001505s ]
NOTIC: [2] Missing argument 6 for ClassInfoModel::getContent(), called in D:\wnmp1\wwwroot\v1\branches\v1\DataSource\Lib\Action\IndexAction.class.php on line 38 and defined D:\wnmp1\wwwroot\v1\branches\v1\DataSource\Lib\Model\ClassInfoModel.class.php 第 22 行.
NOTIC: [8] Undefined variable: order D:\wnmp1\wwwroot\v1\branches\v1\DataSource\Lib\Model\ClassInfoModel.class.php 第 33 行.
SQL: SELECT info.id,info.cid,cls.classname,info.n_title,info.n_img,info.n_url,info.sign,info.orderid  FROM `zx_tb_class` cls LEFT JOIN zx_tb_classinfo info ON  cls.id = info.cid WHERE cls.short_name='zx_banner' AND cls.isdel=0 AND info.isdel=0 and info.isdisplay=1 AND info.itime<=NOW() AND info.offtime>NOW()  order by  info.sign desc,info.orderid desc,info.utime desc,id DESC  limit 0,10  [ RunTime:0.000596s ]
NOTIC: [2] Missing argument 6 for ClassInfoModel::getContent(), called in D:\wnmp1\wwwroot\v1\branches\v1\DataSource\Lib\Action\IndexAction.class.php on line 42 and defined D:\wnmp1\wwwroot\v1\branches\v1\DataSource\Lib\Model\ClassInfoModel.class.php 第 22 行.
NOTIC: [8] Undefined variable: order D:\wnmp1\wwwroot\v1\branches\v1\DataSource\Lib\Model\ClassInfoModel.class.php 第 33 行.
SQL: SELECT info.id,info.cid,cls.classname,info.n_title,info.n_img,info.n_url,info.sign,info.orderid  FROM `zx_tb_class` cls LEFT JOIN zx_tb_classinfo info ON  cls.id = info.cid WHERE cls.short_name='zx_hotwords' AND cls.isdel=0 AND info.isdel=0 and info.isdisplay=1 AND info.itime<=NOW() AND info.offtime>NOW()  order by  info.sign desc,info.orderid desc,info.utime desc,id DESC  limit 0,100  [ RunTime:0.000551s ]
INFO: [ view_template ] --START--
INFO: Run LocationTemplate Behavior [ RunTime:0.000557s ]
INFO: [ view_template ] --END-- [ RunTime:0.000612s ]
INFO: [ view_parse ] --START--
NOTIC: [8] Undefined index: m_banner D:\wnmp1\wwwroot\v1\branches\v1\DataSource\Runtime\Temp\9f529053051950a069732b98964695a605c1670d.file.banner.html.php 第 52 行.
NOTIC: [8] Trying to get property of non-object D:\wnmp1\wwwroot\v1\branches\v1\DataSource\Runtime\Temp\9f529053051950a069732b98964695a605c1670d.file.banner.html.php 第 52 行.
INFO: Run ParseTemplate Behavior [ RunTime:0.010854s ]
INFO: [ view_parse ] --END-- [ RunTime:0.010920s ]
INFO: [ view_filter ] --START--
INFO: Run ContentReplace Behavior [ RunTime:0.000671s ]
INFO: Run TokenBuild Behavior [ RunTime:0.000339s ]
INFO: Run WriteHtmlCache Behavior [ RunTime:0.000227s ]
INFO: Run ShowRuntime Behavior [ RunTime:0.000372s ]
INFO: [ view_filter ] --END-- [ RunTime:0.001822s ]
INFO: [ view_end ] --START--
INFO: Run ShowPageTrace Behavior [ RunTime:0.000455s ]
INFO: [ view_end ] --END-- [ RunTime:0.000502s ]

[ 2016-06-27T10:32:15+08:00 ] /weixin/getJsTk?url=http%3A%2F%2F127.0.0.1%3A8089%2F
INFO: [ route_check ] --START--
INFO: Run CheckRoute Behavior [ RunTime:0.001028s ]
INFO: [ route_check ] --END-- [ RunTime:0.001156s ]
INFO: [ app_begin ] --START--
INFO: Run ReadHtmlCache Behavior [ RunTime:0.000717s ]
INFO: [ app_begin ] --END-- [ RunTime:0.000804s ]
NOTIC: [2] Missing argument 2 for WeixinAcessTokenModel::Jstoken(), called in D:\wnmp1\wwwroot\v1\branches\v1\DataSource\Lib\Action\WeixinAction.class.php on line 112 and defined D:\wnmp1\wwwroot\v1\branches\v1\DataSource\Lib\Model\WeixinAcessTokenModel.class.php 第 24 行.
ERR: Redis server went away

[ 2016-06-27T10:35:36+08:00 ] /
INFO: [ app_begin ] --START--
INFO: Run ReadHtmlCache Behavior [ RunTime:0.000417s ]
INFO: [ app_begin ] --END-- [ RunTime:0.000480s ]
NOTIC: [8] Undefined index: match D:\wnmp1\wwwroot\v1\branches\v1\DataSource\Lib\Action\IndexAction.class.php 第 21 行.
NOTIC: [8] Undefined index: platform D:\wnmp1\wwwroot\v1\branches\v1\DataSource\Lib\Action\IndexAction.class.php 第 22 行.
NOTIC: [8] Undefined index: db_dsn D:\wnmp1\wwwroot\v1\branches\v1\lib\ThinkPHP\Lib\Core\Db.class.php 第 129 行.
NOTIC: [8] Undefined index: db_params D:\wnmp1\wwwroot\v1\branches\v1\lib\ThinkPHP\Lib\Core\Db.class.php 第 130 行.
SQL: SHOW COLUMNS FROM `zx_tb_matchs` [ RunTime:0.004659s ]
SQL:  select * from zx_tb_matchs where  m_sign = 1  and m_state = 0 and m_releaseTime < NOW() and m_offineTime > NOW()  order by m_order desc,id desc limit 0,5  [ RunTime:0.000635s ]
SQL: SHOW COLUMNS FROM `zx_tb_classinfo` [ RunTime:0.001412s ]
NOTIC: [2] Missing argument 6 for ClassInfoModel::getContent(), called in D:\wnmp1\wwwroot\v1\branches\v1\DataSource\Lib\Action\IndexAction.class.php on line 38 and defined D:\wnmp1\wwwroot\v1\branches\v1\DataSource\Lib\Model\ClassInfoModel.class.php 第 22 行.
NOTIC: [8] Undefined variable: order D:\wnmp1\wwwroot\v1\branches\v1\DataSource\Lib\Model\ClassInfoModel.class.php 第 33 行.
SQL: SELECT info.id,info.cid,cls.classname,info.n_title,info.n_img,info.n_url,info.sign,info.orderid  FROM `zx_tb_class` cls LEFT JOIN zx_tb_classinfo info ON  cls.id = info.cid WHERE cls.short_name='zx_banner' AND cls.isdel=0 AND info.isdel=0 and info.isdisplay=1 AND info.itime<=NOW() AND info.offtime>NOW()  order by  info.sign desc,info.orderid desc,info.utime desc,id DESC  limit 0,10  [ RunTime:0.000539s ]
NOTIC: [2] Missing argument 6 for ClassInfoModel::getContent(), called in D:\wnmp1\wwwroot\v1\branches\v1\DataSource\Lib\Action\IndexAction.class.php on line 42 and defined D:\wnmp1\wwwroot\v1\branches\v1\DataSource\Lib\Model\ClassInfoModel.class.php 第 22 行.
NOTIC: [8] Undefined variable: order D:\wnmp1\wwwroot\v1\branches\v1\DataSource\Lib\Model\ClassInfoModel.class.php 第 33 行.
SQL: SELECT info.id,info.cid,cls.classname,info.n_title,info.n_img,info.n_url,info.sign,info.orderid  FROM `zx_tb_class` cls LEFT JOIN zx_tb_classinfo info ON  cls.id = info.cid WHERE cls.short_name='zx_hotwords' AND cls.isdel=0 AND info.isdel=0 and info.isdisplay=1 AND info.itime<=NOW() AND info.offtime>NOW()  order by  info.sign desc,info.orderid desc,info.utime desc,id DESC  limit 0,100  [ RunTime:0.000562s ]
INFO: [ view_template ] --START--
INFO: Run LocationTemplate Behavior [ RunTime:0.000478s ]
INFO: [ view_template ] --END-- [ RunTime:0.000530s ]
INFO: [ view_parse ] --START--
NOTIC: [8] Undefined index: m_banner D:\wnmp1\wwwroot\v1\branches\v1\DataSource\Runtime\Temp\9f529053051950a069732b98964695a605c1670d.file.banner.html.php 第 52 行.
NOTIC: [8] Trying to get property of non-object D:\wnmp1\wwwroot\v1\branches\v1\DataSource\Runtime\Temp\9f529053051950a069732b98964695a605c1670d.file.banner.html.php 第 52 行.
INFO: Run ParseTemplate Behavior [ RunTime:0.010961s ]
INFO: [ view_parse ] --END-- [ RunTime:0.011014s ]
INFO: [ view_filter ] --START--
INFO: Run ContentReplace Behavior [ RunTime:0.000550s ]
INFO: Run TokenBuild Behavior [ RunTime:0.000331s ]
INFO: Run WriteHtmlCache Behavior [ RunTime:0.000226s ]
INFO: Run ShowRuntime Behavior [ RunTime:0.000387s ]
INFO: [ view_filter ] --END-- [ RunTime:0.001624s ]
INFO: [ view_end ] --START--
INFO: Run ShowPageTrace Behavior [ RunTime:0.000461s ]
INFO: [ view_end ] --END-- [ RunTime:0.000509s ]

[ 2016-06-27T10:35:37+08:00 ] /weixin/getJsTk?url=http%3A%2F%2F127.0.0.1%3A8089%2F
INFO: [ route_check ] --START--
INFO: Run CheckRoute Behavior [ RunTime:0.000891s ]
INFO: [ route_check ] --END-- [ RunTime:0.000990s ]
INFO: [ app_begin ] --START--
INFO: Run ReadHtmlCache Behavior [ RunTime:0.000599s ]
INFO: [ app_begin ] --END-- [ RunTime:0.000681s ]
NOTIC: [2] Missing argument 2 for WeixinAcessTokenModel::Jstoken(), called in D:\wnmp1\wwwroot\v1\branches\v1\DataSource\Lib\Action\WeixinAction.class.php on line 112 and defined D:\wnmp1\wwwroot\v1\branches\v1\DataSource\Lib\Model\WeixinAcessTokenModel.class.php 第 24 行.
ERR: Redis server went away

[ 2016-06-27T10:36:43+08:00 ] /Search?ws=%E6%B5%B7%E5%86%9B%E9%99%86%E6%88%98%E9%98%9F&type=1
INFO: [ route_check ] --START--
INFO: Run CheckRoute Behavior [ RunTime:0.000749s ]
INFO: [ route_check ] --END-- [ RunTime:0.000837s ]
INFO: [ app_begin ] --START--
INFO: Run ReadHtmlCache Behavior [ RunTime:0.000537s ]
INFO: [ app_begin ] --END-- [ RunTime:0.000604s ]
NOTIC: [8] Undefined index: db_dsn D:\wnmp1\wwwroot\v1\branches\v1\lib\ThinkPHP\Lib\Core\Db.class.php 第 129 行.
NOTIC: [8] Undefined index: db_params D:\wnmp1\wwwroot\v1\branches\v1\lib\ThinkPHP\Lib\Core\Db.class.php 第 130 行.
SQL: SHOW COLUMNS FROM `zx_tb_matchs` [ RunTime:0.004571s ]
SQL: SELECT  m_ptype, m_country ,m_city FROM `zx_tb_matchs`  WHERE m_ptype='国内' UNION SELECT  m_ptype, m_country ,m_city FROM `zx_tb_matchs`  WHERE m_ptype='海外' [ RunTime:0.001720s ]
NOTIC: [2] Missing argument 2 for MatchInfoModel::search(), called in D:\wnmp1\wwwroot\v1\branches\v1\DataSource\Lib\Action\SearchAction.class.php on line 47 and defined D:\wnmp1\wwwroot\v1\branches\v1\DataSource\Lib\Model\MatchInfoModel.class.php 第 94 行.
NOTIC: [8] Undefined variable: order D:\wnmp1\wwwroot\v1\branches\v1\DataSource\Lib\Model\MatchInfoModel.class.php 第 100 行.
SQL:  select * from zx_tb_matchs where (m_name like '%海军陆战队%' or m_des like '%海军陆战队%' or m_ptype like '%海军陆战队%')  and  m_state = 0 and m_releaseTime < NOW() and m_offineTime > NOW()  order by  m_order desc,id desc [ RunTime:0.004337s ]
SQL: SHOW COLUMNS FROM `zx_tb_matchs` [ RunTime:0.005175s ]
SQL:  select * from zx_tb_matchs where  m_sign = 1  and m_state = 0 and m_releaseTime < NOW() and m_offineTime > NOW()  order by m_order desc,id desc limit 0,999  [ RunTime:0.003563s ]
INFO: [ view_template ] --START--
INFO: Run LocationTemplate Behavior [ RunTime:0.001238s ]
INFO: [ view_template ] --END-- [ RunTime:0.001377s ]
INFO: [ view_parse ] --START--
NOTIC: [8] Undefined index: m_entermode D:\wnmp1\wwwroot\v1\branches\v1\DataSource\Runtime\Temp\139e5a03f767c9373af3d23625cae0b5de65c7a6.file.index.html.php 第 190 行.
INFO: Run ParseTemplate Behavior [ RunTime:0.012227s ]
INFO: [ view_parse ] --END-- [ RunTime:0.012333s ]
INFO: [ view_filter ] --START--
INFO: Run ContentReplace Behavior [ RunTime:0.000764s ]
INFO: Run TokenBuild Behavior [ RunTime:0.000296s ]
INFO: Run WriteHtmlCache Behavior [ RunTime:0.000181s ]
INFO: Run ShowRuntime Behavior [ RunTime:0.000350s ]
INFO: [ view_filter ] --END-- [ RunTime:0.001715s ]
INFO: [ view_end ] --START--
INFO: Run ShowPageTrace Behavior [ RunTime:0.000420s ]
INFO: [ view_end ] --END-- [ RunTime:0.000464s ]

[ 2016-06-27T10:36:44+08:00 ] /weixin/getJsTk?url=http%3A%2F%2F127.0.0.1%3A8089%2FSearch%3Fws%3D%25E6%25B5%25B7%25E5%2586%259B%25E9%2599%2586%25E6%2588%2598%25E9%2598%259F%26type%3D1
INFO: [ route_check ] --START--
INFO: Run CheckRoute Behavior [ RunTime:0.000584s ]
INFO: [ route_check ] --END-- [ RunTime:0.000663s ]
INFO: [ app_begin ] --START--
INFO: Run ReadHtmlCache Behavior [ RunTime:0.000456s ]
INFO: [ app_begin ] --END-- [ RunTime:0.000507s ]
NOTIC: [2] Missing argument 2 for WeixinAcessTokenModel::Jstoken(), called in D:\wnmp1\wwwroot\v1\branches\v1\DataSource\Lib\Action\WeixinAction.class.php on line 112 and defined D:\wnmp1\wwwroot\v1\branches\v1\DataSource\Lib\Model\WeixinAcessTokenModel.class.php 第 24 行.
ERR: Redis server went away

[ 2016-06-27T10:36:47+08:00 ] /Search?ws=%E6%B5%B7%E5%86%9B%E9%99%86%E6%88%98%E9%98%9F&type=1
INFO: [ route_check ] --START--
INFO: Run CheckRoute Behavior [ RunTime:0.000659s ]
INFO: [ route_check ] --END-- [ RunTime:0.000737s ]
INFO: [ app_begin ] --START--
INFO: Run ReadHtmlCache Behavior [ RunTime:0.000484s ]
INFO: [ app_begin ] --END-- [ RunTime:0.000543s ]
NOTIC: [8] Undefined index: db_dsn D:\wnmp1\wwwroot\v1\branches\v1\lib\ThinkPHP\Lib\Core\Db.class.php 第 129 行.
NOTIC: [8] Undefined index: db_params D:\wnmp1\wwwroot\v1\branches\v1\lib\ThinkPHP\Lib\Core\Db.class.php 第 130 行.
SQL: SHOW COLUMNS FROM `zx_tb_matchs` [ RunTime:0.001692s ]
SQL: SELECT  m_ptype, m_country ,m_city FROM `zx_tb_matchs`  WHERE m_ptype='国内' UNION SELECT  m_ptype, m_country ,m_city FROM `zx_tb_matchs`  WHERE m_ptype='海外' [ RunTime:0.000670s ]
NOTIC: [2] Missing argument 2 for MatchInfoModel::search(), called in D:\wnmp1\wwwroot\v1\branches\v1\DataSource\Lib\Action\SearchAction.class.php on line 47 and defined D:\wnmp1\wwwroot\v1\branches\v1\DataSource\Lib\Model\MatchInfoModel.class.php 第 94 行.
NOTIC: [8] Undefined variable: order D:\wnmp1\wwwroot\v1\branches\v1\DataSource\Lib\Model\MatchInfoModel.class.php 第 100 行.
SQL:  select * from zx_tb_matchs where (m_name like '%海军陆战队%' or m_des like '%海军陆战队%' or m_ptype like '%海军陆战队%')  and  m_state = 0 and m_releaseTime < NOW() and m_offineTime > NOW()  order by  m_order desc,id desc [ RunTime:0.000508s ]
SQL: SHOW COLUMNS FROM `zx_tb_matchs` [ RunTime:0.001652s ]
SQL:  select * from zx_tb_matchs where  m_sign = 1  and m_state = 0 and m_releaseTime < NOW() and m_offineTime > NOW()  order by m_order desc,id desc limit 0,999  [ RunTime:0.000995s ]
INFO: [ view_template ] --START--
INFO: Run LocationTemplate Behavior [ RunTime:0.000340s ]
INFO: [ view_template ] --END-- [ RunTime:0.000399s ]
INFO: [ view_parse ] --START--
NOTIC: [8] Undefined index: m_entermode D:\wnmp1\wwwroot\v1\branches\v1\DataSource\Runtime\Temp\139e5a03f767c9373af3d23625cae0b5de65c7a6.file.index.html.php 第 190 行.
INFO: Run ParseTemplate Behavior [ RunTime:0.009180s ]
INFO: [ view_parse ] --END-- [ RunTime:0.009235s ]
INFO: [ view_filter ] --START--
INFO: Run ContentReplace Behavior [ RunTime:0.000764s ]
INFO: Run TokenBuild Behavior [ RunTime:0.000296s ]
INFO: Run WriteHtmlCache Behavior [ RunTime:0.000182s ]
INFO: Run ShowRuntime Behavior [ RunTime:0.000354s ]
INFO: [ view_filter ] --END-- [ RunTime:0.001721s ]
INFO: [ view_end ] --START--
INFO: Run ShowPageTrace Behavior [ RunTime:0.000500s ]
INFO: [ view_end ] --END-- [ RunTime:0.000548s ]

[ 2016-06-27T10:36:48+08:00 ] /weixin/getJsTk?url=http%3A%2F%2F127.0.0.1%3A8089%2FSearch%3Fws%3D%25E6%25B5%25B7%25E5%2586%259B%25E9%2599%2586%25E6%2588%2598%25E9%2598%259F%26type%3D1
INFO: [ route_check ] --START--
INFO: Run CheckRoute Behavior [ RunTime:0.000575s ]
INFO: [ route_check ] --END-- [ RunTime:0.000646s ]
INFO: [ app_begin ] --START--
INFO: Run ReadHtmlCache Behavior [ RunTime:0.000444s ]
INFO: [ app_begin ] --END-- [ RunTime:0.000497s ]
NOTIC: [2] Missing argument 2 for WeixinAcessTokenModel::Jstoken(), called in D:\wnmp1\wwwroot\v1\branches\v1\DataSource\Lib\Action\WeixinAction.class.php on line 112 and defined D:\wnmp1\wwwroot\v1\branches\v1\DataSource\Lib\Model\WeixinAcessTokenModel.class.php 第 24 行.
ERR: Redis server went away

[ 2016-06-27T11:52:55+08:00 ] /Search?ws=%E6%B5%B7%E5%86%9B%E9%99%86%E6%88%98%E9%98%9F&type=1
INFO: [ route_check ] --START--
INFO: Run CheckRoute Behavior [ RunTime:0.000745s ]
INFO: [ route_check ] --END-- [ RunTime:0.000832s ]
INFO: [ app_begin ] --START--
INFO: Run ReadHtmlCache Behavior [ RunTime:0.000503s ]
INFO: [ app_begin ] --END-- [ RunTime:0.000565s ]
NOTIC: [8] Undefined index: db_dsn D:\wnmp1\wwwroot\v1\branches\v1\lib\ThinkPHP\Lib\Core\Db.class.php 第 129 行.
NOTIC: [8] Undefined index: db_params D:\wnmp1\wwwroot\v1\branches\v1\lib\ThinkPHP\Lib\Core\Db.class.php 第 130 行.
SQL: SHOW COLUMNS FROM `zx_tb_matchs` [ RunTime:0.006669s ]
SQL: SELECT  m_ptype, m_country ,m_city FROM `zx_tb_matchs`  WHERE m_ptype='国内' UNION SELECT  m_ptype, m_country ,m_city FROM `zx_tb_matchs`  WHERE m_ptype='海外' [ RunTime:0.001818s ]
NOTIC: [2] Missing argument 2 for MatchInfoModel::search(), called in D:\wnmp1\wwwroot\v1\branches\v1\DataSource\Lib\Action\SearchAction.class.php on line 47 and defined D:\wnmp1\wwwroot\v1\branches\v1\DataSource\Lib\Model\MatchInfoModel.class.php 第 94 行.
NOTIC: [8] Undefined variable: order D:\wnmp1\wwwroot\v1\branches\v1\DataSource\Lib\Model\MatchInfoModel.class.php 第 100 行.
SQL:  select * from zx_tb_matchs where (m_name like '%海军陆战队%' or m_des like '%海军陆战队%' or m_ptype like '%海军陆战队%')  and  m_state = 0 and m_releaseTime < NOW() and m_offineTime > NOW()  order by  m_order desc,id desc [ RunTime:0.001282s ]
SQL: SHOW COLUMNS FROM `zx_tb_matchs` [ RunTime:0.005569s ]
SQL:  select * from zx_tb_matchs where  m_sign = 1  and m_state = 0 and m_releaseTime < NOW() and m_offineTime > NOW()  order by m_order desc,id desc limit 0,999  [ RunTime:0.004596s ]
INFO: [ view_template ] --START--
INFO: Run LocationTemplate Behavior [ RunTime:0.001351s ]
INFO: [ view_template ] --END-- [ RunTime:0.001583s ]
INFO: [ view_parse ] --START--
NOTIC: [8] Undefined index: m_entermode D:\wnmp1\wwwroot\v1\branches\v1\DataSource\Runtime\Temp\139e5a03f767c9373af3d23625cae0b5de65c7a6.file.index.html.php 第 190 行.
INFO: Run ParseTemplate Behavior [ RunTime:0.024519s ]
INFO: [ view_parse ] --END-- [ RunTime:0.024639s ]
INFO: [ view_filter ] --START--
INFO: Run ContentReplace Behavior [ RunTime:0.000963s ]
INFO: Run TokenBuild Behavior [ RunTime:0.000476s ]
INFO: Run WriteHtmlCache Behavior [ RunTime:0.000360s ]
INFO: Run ShowRuntime Behavior [ RunTime:0.000539s ]
INFO: [ view_filter ] --END-- [ RunTime:0.002533s ]
INFO: [ view_end ] --START--
INFO: Run ShowPageTrace Behavior [ RunTime:0.000667s ]
INFO: [ view_end ] --END-- [ RunTime:0.000728s ]

[ 2016-06-27T11:52:56+08:00 ] /weixin/getJsTk?url=http%3A%2F%2F127.0.0.1%3A8089%2FSearch%3Fws%3D%25E6%25B5%25B7%25E5%2586%259B%25E9%2599%2586%25E6%2588%2598%25E9%2598%259F%26type%3D1
INFO: [ route_check ] --START--
INFO: Run CheckRoute Behavior [ RunTime:0.000990s ]
INFO: [ route_check ] --END-- [ RunTime:0.001107s ]
INFO: [ app_begin ] --START--
INFO: Run ReadHtmlCache Behavior [ RunTime:0.000927s ]
INFO: [ app_begin ] --END-- [ RunTime:0.001014s ]
NOTIC: [2] Missing argument 2 for WeixinAcessTokenModel::Jstoken(), called in D:\wnmp1\wwwroot\v1\branches\v1\DataSource\Lib\Action\WeixinAction.class.php on line 112 and defined D:\wnmp1\wwwroot\v1\branches\v1\DataSource\Lib\Model\WeixinAcessTokenModel.class.php 第 24 行.
ERR: Redis server went away

[ 2016-06-27T11:53:10+08:00 ] /Matchinfo?m_id=13
INFO: [ route_check ] --START--
INFO: Run CheckRoute Behavior [ RunTime:0.000612s ]
INFO: [ route_check ] --END-- [ RunTime:0.000686s ]
INFO: [ app_begin ] --START--
INFO: Run ReadHtmlCache Behavior [ RunTime:0.000391s ]
INFO: [ app_begin ] --END-- [ RunTime:0.000439s ]
NOTIC: [8] Undefined index: db_dsn D:\wnmp1\wwwroot\v1\branches\v1\lib\ThinkPHP\Lib\Core\Db.class.php 第 129 行.
NOTIC: [8] Undefined index: db_params D:\wnmp1\wwwroot\v1\branches\v1\lib\ThinkPHP\Lib\Core\Db.class.php 第 130 行.
SQL: SHOW COLUMNS FROM `zx_tb_matchs` [ RunTime:0.002259s ]
SQL: select * from zx_tb_matchs where id = 13 [ RunTime:0.000435s ]
NOTIC: [8] Undefined index: platform D:\wnmp1\wwwroot\v1\branches\v1\DataSource\Lib\Action\MatchinfoAction.class.php 第 21 行.
SQL: SHOW COLUMNS FROM `zx_tb_goods` [ RunTime:0.009869s ]
SQL: SELECT `id`,`g_mid`,`g_name`,`g_type`,`g_des`,`g_currprice`,`g_price`,`g_priceinfo`,`g_priceinfowithout`,`g_singleprice`,`g_tips`,`g_order` FROM `zx_tb_goods` WHERE ( g_type = 2 and g_mid = 13 and g_pid =0 and g_state = 0 and g_stockleft > 0 and g_releaseTime <= NOW() and g_offineTime > NOW()  ) ORDER BY g_type asc,g_order desc  [ RunTime:0.001223s ]
SQL: SELECT `id`,`g_mid`,`g_name`,`g_type`,`g_des`,`g_currprice`,`g_price`,`g_priceinfo`,`g_priceinfowithout`,`g_singleprice`,`g_tips`,`g_order` FROM `zx_tb_goods` WHERE ( g_type = 2 and g_mid = 13 and g_pid =52 and g_state = 0 and g_stockleft > 0 and g_releaseTime <= NOW() and g_offineTime > NOW()  ) ORDER BY g_type asc,g_order desc  [ RunTime:0.000849s ]
SQL: SELECT `id`,`g_mid`,`g_name`,`g_type`,`g_des`,`g_currprice`,`g_price`,`g_priceinfo`,`g_priceinfowithout`,`g_singleprice`,`g_tips`,`g_order` FROM `zx_tb_goods` WHERE ( g_type = 2 and g_mid = 13 and g_pid =86 and g_state = 0 and g_stockleft > 0 and g_releaseTime <= NOW() and g_offineTime > NOW()  ) ORDER BY g_type asc,g_order desc  [ RunTime:0.002321s ]
SQL: SELECT `id`,`g_mid`,`g_name`,`g_type`,`g_des`,`g_currprice`,`g_price`,`g_priceinfo`,`g_priceinfowithout`,`g_singleprice`,`g_tips`,`g_order` FROM `zx_tb_goods` WHERE ( g_type = 2 and g_mid = 13 and g_pid =525 and g_state = 0 and g_stockleft > 0 and g_releaseTime <= NOW() and g_offineTime > NOW()  ) ORDER BY g_type asc,g_order desc  [ RunTime:0.000442s ]
SQL: SELECT `id`,`g_mid`,`g_name`,`g_type`,`g_des`,`g_currprice`,`g_price`,`g_priceinfo`,`g_priceinfowithout`,`g_singleprice`,`g_tips`,`g_order` FROM `zx_tb_goods` WHERE ( g_type = 2 and g_mid = 13 and g_pid =526 and g_state = 0 and g_stockleft > 0 and g_releaseTime <= NOW() and g_offineTime > NOW()  ) ORDER BY g_type asc,g_order desc  [ RunTime:0.000392s ]
SQL: SELECT `id`,`g_mid`,`g_name`,`g_type`,`g_des`,`g_currprice`,`g_price`,`g_priceinfo`,`g_priceinfowithout`,`g_singleprice`,`g_tips`,`g_order` FROM `zx_tb_goods` WHERE ( g_type = 2 and g_mid = 13 and g_pid =527 and g_state = 0 and g_stockleft > 0 and g_releaseTime <= NOW() and g_offineTime > NOW()  ) ORDER BY g_type asc,g_order desc  [ RunTime:0.000392s ]
SQL: SELECT `id`,`g_mid`,`g_name`,`g_type`,`g_des`,`g_currprice`,`g_price`,`g_priceinfo`,`g_priceinfowithout`,`g_singleprice`,`g_tips`,`g_order` FROM `zx_tb_goods` WHERE ( g_type = 2 and g_mid = 13 and g_pid =450 and g_state = 0 and g_stockleft > 0 and g_releaseTime <= NOW() and g_offineTime > NOW()  ) ORDER BY g_type asc,g_order desc  [ RunTime:0.000448s ]
SQL: SELECT `id`,`g_mid`,`g_name`,`g_type`,`g_des`,`g_currprice`,`g_price`,`g_priceinfo`,`g_priceinfowithout`,`g_singleprice`,`g_tips`,`g_order` FROM `zx_tb_goods` WHERE ( g_type = 2 and g_mid = 13 and g_pid =455 and g_state = 0 and g_stockleft > 0 and g_releaseTime <= NOW() and g_offineTime > NOW()  ) ORDER BY g_type asc,g_order desc  [ RunTime:0.000337s ]
SQL: SELECT `id`,`g_mid`,`g_name`,`g_type`,`g_des`,`g_currprice`,`g_price`,`g_priceinfo`,`g_priceinfowithout`,`g_singleprice`,`g_tips`,`g_order` FROM `zx_tb_goods` WHERE ( g_type = 2 and g_mid = 13 and g_pid =457 and g_state = 0 and g_stockleft > 0 and g_releaseTime <= NOW() and g_offineTime > NOW()  ) ORDER BY g_type asc,g_order desc  [ RunTime:0.000335s ]
SQL: SELECT `id`,`g_mid`,`g_name`,`g_type`,`g_des`,`g_currprice`,`g_price`,`g_priceinfo`,`g_priceinfowithout`,`g_singleprice`,`g_tips`,`g_order` FROM `zx_tb_goods` WHERE ( g_type = 2 and g_mid = 13 and g_pid =454 and g_state = 0 and g_stockleft > 0 and g_releaseTime <= NOW() and g_offineTime > NOW()  ) ORDER BY g_type asc,g_order desc  [ RunTime:0.000329s ]
SQL: SELECT `id`,`g_mid`,`g_name`,`g_type`,`g_des`,`g_currprice`,`g_price`,`g_priceinfo`,`g_priceinfowithout`,`g_singleprice`,`g_tips`,`g_order` FROM `zx_tb_goods` WHERE ( g_type = 2 and g_mid = 13 and g_pid =456 and g_state = 0 and g_stockleft > 0 and g_releaseTime <= NOW() and g_offineTime > NOW()  ) ORDER BY g_type asc,g_order desc  [ RunTime:0.000294s ]
SQL: SELECT `id`,`g_mid`,`g_name`,`g_type`,`g_des`,`g_currprice`,`g_price`,`g_priceinfo`,`g_priceinfowithout`,`g_singleprice`,`g_tips`,`g_order` FROM `zx_tb_goods` WHERE ( g_type = 2 and g_mid = 13 and g_pid =458 and g_state = 0 and g_stockleft > 0 and g_releaseTime <= NOW() and g_offineTime > NOW()  ) ORDER BY g_type asc,g_order desc  [ RunTime:0.000277s ]
SQL: SHOW COLUMNS FROM `zx_tb_scenicarea` [ RunTime:0.007108s ]
SQL: SELECT * FROM `zx_tb_scenicarea` WHERE ( mid=13 )  [ RunTime:0.002763s ]
SQL: SHOW COLUMNS FROM `zx_tb_matchs` [ RunTime:0.001728s ]
SQL:  select * from zx_tb_matchs where  m_sign = 1  and m_state = 0 and m_releaseTime < NOW() and m_offineTime > NOW()  order by m_order desc,id desc limit 0,3  [ RunTime:0.000514s ]
SQL: SHOW COLUMNS FROM `zx_tb_collect` [ RunTime:0.005773s ]
INFO: [ view_template ] --START--
INFO: Run LocationTemplate Behavior [ RunTime:0.000488s ]
INFO: [ view_template ] --END-- [ RunTime:0.000549s ]
INFO: [ view_parse ] --START--
NOTIC: [8] Undefined index: banner D:\wnmp1\wwwroot\v1\branches\v1\DataSource\Runtime\Temp\9f529053051950a069732b98964695a605c1670d.file.banner.html.php 第 36 行.
NOTIC: [8] Trying to get property of non-object D:\wnmp1\wwwroot\v1\branches\v1\DataSource\Runtime\Temp\9f529053051950a069732b98964695a605c1670d.file.banner.html.php 第 36 行.
NOTIC: [8] Undefined index: type D:\wnmp1\wwwroot\v1\branches\v1\DataSource\Runtime\Temp\0b2dbb8ed51c6bda68f53595692a7c8463148ef3.file.hotList.html.php 第 63 行.
NOTIC: [8] Trying to get property of non-object D:\wnmp1\wwwroot\v1\branches\v1\DataSource\Runtime\Temp\0b2dbb8ed51c6bda68f53595692a7c8463148ef3.file.hotList.html.php 第 63 行.
NOTIC: [8] Undefined index: collection D:\wnmp1\wwwroot\v1\branches\v1\DataSource\Runtime\Temp\531e96a4ffd6b502f4ebab295e5b7fb88970efae.file.index.html.php 第 339 行.
NOTIC: [8] Trying to get property of non-object D:\wnmp1\wwwroot\v1\branches\v1\DataSource\Runtime\Temp\531e96a4ffd6b502f4ebab295e5b7fb88970efae.file.index.html.php 第 339 行.
NOTIC: [8] Undefined index: order D:\wnmp1\wwwroot\v1\branches\v1\DataSource\Runtime\Temp\531e96a4ffd6b502f4ebab295e5b7fb88970efae.file.index.html.php 第 352 行.
NOTIC: [8] Trying to get property of non-object D:\wnmp1\wwwroot\v1\branches\v1\DataSource\Runtime\Temp\531e96a4ffd6b502f4ebab295e5b7fb88970efae.file.index.html.php 第 352 行.
NOTIC: [8] Undefined index: order D:\wnmp1\wwwroot\v1\branches\v1\DataSource\Runtime\Temp\531e96a4ffd6b502f4ebab295e5b7fb88970efae.file.index.html.php 第 355 行.
NOTIC: [8] Trying to get property of non-object D:\wnmp1\wwwroot\v1\branches\v1\DataSource\Runtime\Temp\531e96a4ffd6b502f4ebab295e5b7fb88970efae.file.index.html.php 第 355 行.
INFO: Run ParseTemplate Behavior [ RunTime:0.287130s ]
INFO: [ view_parse ] --END-- [ RunTime:0.287195s ]
INFO: [ view_filter ] --START--
INFO: Run ContentReplace Behavior [ RunTime:0.000956s ]
INFO: Run TokenBuild Behavior [ RunTime:0.000363s ]
INFO: Run WriteHtmlCache Behavior [ RunTime:0.000218s ]
INFO: Run ShowRuntime Behavior [ RunTime:0.000433s ]
INFO: [ view_filter ] --END-- [ RunTime:0.002099s ]
INFO: [ view_end ] --START--
INFO: Run ShowPageTrace Behavior [ RunTime:0.000484s ]
INFO: [ view_end ] --END-- [ RunTime:0.000532s ]

[ 2016-06-27T11:53:12+08:00 ] /weixin/getJsTk?url=http%3A%2F%2F127.0.0.1%3A8089%2FMatchinfo%3Fm_id%3D13
INFO: [ route_check ] --START--
INFO: Run CheckRoute Behavior [ RunTime:0.000737s ]
INFO: [ route_check ] --END-- [ RunTime:0.000820s ]
INFO: [ app_begin ] --START--
INFO: Run ReadHtmlCache Behavior [ RunTime:0.000673s ]
INFO: [ app_begin ] --END-- [ RunTime:0.000746s ]
NOTIC: [2] Missing argument 2 for WeixinAcessTokenModel::Jstoken(), called in D:\wnmp1\wwwroot\v1\branches\v1\DataSource\Lib\Action\WeixinAction.class.php on line 112 and defined D:\wnmp1\wwwroot\v1\branches\v1\DataSource\Lib\Model\WeixinAcessTokenModel.class.php 第 24 行.
ERR: Redis server went away

[ 2016-06-27T11:53:13+08:00 ] /Matchinfo/getTrip?m_id=450
INFO: [ route_check ] --START--
INFO: Run CheckRoute Behavior [ RunTime:0.001080s ]
INFO: [ route_check ] --END-- [ RunTime:0.002227s ]
INFO: [ app_begin ] --START--
INFO: Run ReadHtmlCache Behavior [ RunTime:0.000532s ]
INFO: [ app_begin ] --END-- [ RunTime:0.000590s ]
NOTIC: [8] Undefined index: db_dsn D:\wnmp1\wwwroot\v1\branches\v1\lib\ThinkPHP\Lib\Core\Db.class.php 第 129 行.
NOTIC: [8] Undefined index: db_params D:\wnmp1\wwwroot\v1\branches\v1\lib\ThinkPHP\Lib\Core\Db.class.php 第 130 行.
SQL: SHOW COLUMNS FROM `zx_tb_trip` [ RunTime:0.014701s ]
SQL: SELECT * FROM `zx_tb_trip` WHERE ( `meal_id` = 450  ) ORDER BY trip_date asc  [ RunTime:0.001033s ]

[ 2016-06-27T11:53:26+08:00 ] /Matchinfo/getTrip?m_id=527
INFO: [ route_check ] --START--
INFO: Run CheckRoute Behavior [ RunTime:0.001554s ]
INFO: [ route_check ] --END-- [ RunTime:0.001670s ]
INFO: [ app_begin ] --START--
INFO: Run ReadHtmlCache Behavior [ RunTime:0.000543s ]
INFO: [ app_begin ] --END-- [ RunTime:0.000604s ]
NOTIC: [8] Undefined index: db_dsn D:\wnmp1\wwwroot\v1\branches\v1\lib\ThinkPHP\Lib\Core\Db.class.php 第 129 行.
NOTIC: [8] Undefined index: db_params D:\wnmp1\wwwroot\v1\branches\v1\lib\ThinkPHP\Lib\Core\Db.class.php 第 130 行.
SQL: SHOW COLUMNS FROM `zx_tb_trip` [ RunTime:0.003964s ]
SQL: SELECT * FROM `zx_tb_trip` WHERE ( `meal_id` = 527  ) ORDER BY trip_date asc  [ RunTime:0.000984s ]

[ 2016-06-27T16:48:44+08:00 ] /Matchinfo?m_id=13
INFO: [ route_check ] --START--
INFO: Run CheckRoute Behavior [ RunTime:0.001186s ]
INFO: [ route_check ] --END-- [ RunTime:0.001268s ]
INFO: [ app_begin ] --START--
INFO: Run ReadHtmlCache Behavior [ RunTime:0.000668s ]
INFO: [ app_begin ] --END-- [ RunTime:0.000738s ]
NOTIC: [8] Undefined index: db_dsn D:\wnmp1\wwwroot\v1\branches\v1\lib\ThinkPHP\Lib\Core\Db.class.php 第 129 行.
NOTIC: [8] Undefined index: db_params D:\wnmp1\wwwroot\v1\branches\v1\lib\ThinkPHP\Lib\Core\Db.class.php 第 130 行.
SQL: SHOW COLUMNS FROM `zx_tb_matchs` [ RunTime:0.002219s ]
SQL: select * from zx_tb_matchs where id = 13 [ RunTime:0.000415s ]
NOTIC: [8] Undefined index: platform D:\wnmp1\wwwroot\v1\branches\v1\DataSource\Lib\Action\MatchinfoAction.class.php 第 21 行.
SQL: SHOW COLUMNS FROM `zx_tb_goods` [ RunTime:0.001581s ]
SQL: SELECT `id`,`g_mid`,`g_name`,`g_type`,`g_des`,`g_currprice`,`g_price`,`g_priceinfo`,`g_priceinfowithout`,`g_singleprice`,`g_tips`,`g_order` FROM `zx_tb_goods` WHERE ( g_type = 2 and g_mid = 13 and g_pid =0 and g_state = 0 and g_stockleft > 0 and g_releaseTime <= NOW() and g_offineTime > NOW()  ) ORDER BY g_type asc,g_order desc  [ RunTime:0.000557s ]
SQL: SELECT `id`,`g_mid`,`g_name`,`g_type`,`g_des`,`g_currprice`,`g_price`,`g_priceinfo`,`g_priceinfowithout`,`g_singleprice`,`g_tips`,`g_order` FROM `zx_tb_goods` WHERE ( g_type = 2 and g_mid = 13 and g_pid =52 and g_state = 0 and g_stockleft > 0 and g_releaseTime <= NOW() and g_offineTime > NOW()  ) ORDER BY g_type asc,g_order desc  [ RunTime:0.000284s ]
SQL: SELECT `id`,`g_mid`,`g_name`,`g_type`,`g_des`,`g_currprice`,`g_price`,`g_priceinfo`,`g_priceinfowithout`,`g_singleprice`,`g_tips`,`g_order` FROM `zx_tb_goods` WHERE ( g_type = 2 and g_mid = 13 and g_pid =86 and g_state = 0 and g_stockleft > 0 and g_releaseTime <= NOW() and g_offineTime > NOW()  ) ORDER BY g_type asc,g_order desc  [ RunTime:0.000733s ]
SQL: SELECT `id`,`g_mid`,`g_name`,`g_type`,`g_des`,`g_currprice`,`g_price`,`g_priceinfo`,`g_priceinfowithout`,`g_singleprice`,`g_tips`,`g_order` FROM `zx_tb_goods` WHERE ( g_type = 2 and g_mid = 13 and g_pid =525 and g_state = 0 and g_stockleft > 0 and g_releaseTime <= NOW() and g_offineTime > NOW()  ) ORDER BY g_type asc,g_order desc  [ RunTime:0.000274s ]
SQL: SELECT `id`,`g_mid`,`g_name`,`g_type`,`g_des`,`g_currprice`,`g_price`,`g_priceinfo`,`g_priceinfowithout`,`g_singleprice`,`g_tips`,`g_order` FROM `zx_tb_goods` WHERE ( g_type = 2 and g_mid = 13 and g_pid =526 and g_state = 0 and g_stockleft > 0 and g_releaseTime <= NOW() and g_offineTime > NOW()  ) ORDER BY g_type asc,g_order desc  [ RunTime:0.000240s ]
SQL: SELECT `id`,`g_mid`,`g_name`,`g_type`,`g_des`,`g_currprice`,`g_price`,`g_priceinfo`,`g_priceinfowithout`,`g_singleprice`,`g_tips`,`g_order` FROM `zx_tb_goods` WHERE ( g_type = 2 and g_mid = 13 and g_pid =527 and g_state = 0 and g_stockleft > 0 and g_releaseTime <= NOW() and g_offineTime > NOW()  ) ORDER BY g_type asc,g_order desc  [ RunTime:0.000499s ]
SQL: SELECT `id`,`g_mid`,`g_name`,`g_type`,`g_des`,`g_currprice`,`g_price`,`g_priceinfo`,`g_priceinfowithout`,`g_singleprice`,`g_tips`,`g_order` FROM `zx_tb_goods` WHERE ( g_type = 2 and g_mid = 13 and g_pid =450 and g_state = 0 and g_stockleft > 0 and g_releaseTime <= NOW() and g_offineTime > NOW()  ) ORDER BY g_type asc,g_order desc  [ RunTime:0.000281s ]
SQL: SELECT `id`,`g_mid`,`g_name`,`g_type`,`g_des`,`g_currprice`,`g_price`,`g_priceinfo`,`g_priceinfowithout`,`g_singleprice`,`g_tips`,`g_order` FROM `zx_tb_goods` WHERE ( g_type = 2 and g_mid = 13 and g_pid =455 and g_state = 0 and g_stockleft > 0 and g_releaseTime <= NOW() and g_offineTime > NOW()  ) ORDER BY g_type asc,g_order desc  [ RunTime:0.000242s ]
SQL: SELECT `id`,`g_mid`,`g_name`,`g_type`,`g_des`,`g_currprice`,`g_price`,`g_priceinfo`,`g_priceinfowithout`,`g_singleprice`,`g_tips`,`g_order` FROM `zx_tb_goods` WHERE ( g_type = 2 and g_mid = 13 and g_pid =457 and g_state = 0 and g_stockleft > 0 and g_releaseTime <= NOW() and g_offineTime > NOW()  ) ORDER BY g_type asc,g_order desc  [ RunTime:0.000230s ]
SQL: SELECT `id`,`g_mid`,`g_name`,`g_type`,`g_des`,`g_currprice`,`g_price`,`g_priceinfo`,`g_priceinfowithout`,`g_singleprice`,`g_tips`,`g_order` FROM `zx_tb_goods` WHERE ( g_type = 2 and g_mid = 13 and g_pid =454 and g_state = 0 and g_stockleft > 0 and g_releaseTime <= NOW() and g_offineTime > NOW()  ) ORDER BY g_type asc,g_order desc  [ RunTime:0.000222s ]
SQL: SELECT `id`,`g_mid`,`g_name`,`g_type`,`g_des`,`g_currprice`,`g_price`,`g_priceinfo`,`g_priceinfowithout`,`g_singleprice`,`g_tips`,`g_order` FROM `zx_tb_goods` WHERE ( g_type = 2 and g_mid = 13 and g_pid =456 and g_state = 0 and g_stockleft > 0 and g_releaseTime <= NOW() and g_offineTime > NOW()  ) ORDER BY g_type asc,g_order desc  [ RunTime:0.000230s ]
SQL: SELECT `id`,`g_mid`,`g_name`,`g_type`,`g_des`,`g_currprice`,`g_price`,`g_priceinfo`,`g_priceinfowithout`,`g_singleprice`,`g_tips`,`g_order` FROM `zx_tb_goods` WHERE ( g_type = 2 and g_mid = 13 and g_pid =458 and g_state = 0 and g_stockleft > 0 and g_releaseTime <= NOW() and g_offineTime > NOW()  ) ORDER BY g_type asc,g_order desc  [ RunTime:0.000235s ]
SQL: SHOW COLUMNS FROM `zx_tb_scenicarea` [ RunTime:0.001592s ]
SQL: SELECT * FROM `zx_tb_scenicarea` WHERE ( mid=13 )  [ RunTime:0.000484s ]
SQL: SHOW COLUMNS FROM `zx_tb_matchs` [ RunTime:0.002193s ]
SQL:  select * from zx_tb_matchs where  m_sign = 1  and m_state = 0 and m_releaseTime < NOW() and m_offineTime > NOW()  order by m_order desc,id desc limit 0,3  [ RunTime:0.000562s ]
SQL: SHOW COLUMNS FROM `zx_tb_collect` [ RunTime:0.001396s ]
INFO: [ view_template ] --START--
INFO: Run LocationTemplate Behavior [ RunTime:0.000975s ]
INFO: [ view_template ] --END-- [ RunTime:0.001043s ]
INFO: [ view_parse ] --START--
NOTIC: [8] Undefined index: banner D:\wnmp1\wwwroot\v1\branches\v1\DataSource\Runtime\Temp\9f529053051950a069732b98964695a605c1670d.file.banner.html.php 第 36 行.
NOTIC: [8] Trying to get property of non-object D:\wnmp1\wwwroot\v1\branches\v1\DataSource\Runtime\Temp\9f529053051950a069732b98964695a605c1670d.file.banner.html.php 第 36 行.
NOTIC: [8] Undefined index: type D:\wnmp1\wwwroot\v1\branches\v1\DataSource\Runtime\Temp\0b2dbb8ed51c6bda68f53595692a7c8463148ef3.file.hotList.html.php 第 63 行.
NOTIC: [8] Trying to get property of non-object D:\wnmp1\wwwroot\v1\branches\v1\DataSource\Runtime\Temp\0b2dbb8ed51c6bda68f53595692a7c8463148ef3.file.hotList.html.php 第 63 行.
NOTIC: [8] Undefined index: collection D:\wnmp1\wwwroot\v1\branches\v1\DataSource\Runtime\Temp\531e96a4ffd6b502f4ebab295e5b7fb88970efae.file.index.html.php 第 339 行.
NOTIC: [8] Trying to get property of non-object D:\wnmp1\wwwroot\v1\branches\v1\DataSource\Runtime\Temp\531e96a4ffd6b502f4ebab295e5b7fb88970efae.file.index.html.php 第 339 行.
NOTIC: [8] Undefined index: order D:\wnmp1\wwwroot\v1\branches\v1\DataSource\Runtime\Temp\531e96a4ffd6b502f4ebab295e5b7fb88970efae.file.index.html.php 第 352 行.
NOTIC: [8] Trying to get property of non-object D:\wnmp1\wwwroot\v1\branches\v1\DataSource\Runtime\Temp\531e96a4ffd6b502f4ebab295e5b7fb88970efae.file.index.html.php 第 352 行.
NOTIC: [8] Undefined index: order D:\wnmp1\wwwroot\v1\branches\v1\DataSource\Runtime\Temp\531e96a4ffd6b502f4ebab295e5b7fb88970efae.file.index.html.php 第 355 行.
NOTIC: [8] Trying to get property of non-object D:\wnmp1\wwwroot\v1\branches\v1\DataSource\Runtime\Temp\531e96a4ffd6b502f4ebab295e5b7fb88970efae.file.index.html.php 第 355 行.
INFO: Run ParseTemplate Behavior [ RunTime:0.017258s ]
INFO: [ view_parse ] --END-- [ RunTime:0.017324s ]
INFO: [ view_filter ] --START--
INFO: Run ContentReplace Behavior [ RunTime:0.001229s ]
INFO: Run TokenBuild Behavior [ RunTime:0.000707s ]
INFO: Run WriteHtmlCache Behavior [ RunTime:0.000433s ]
INFO: Run ShowRuntime Behavior [ RunTime:0.000719s ]
INFO: [ view_filter ] --END-- [ RunTime:0.003249s ]
INFO: [ view_end ] --START--
INFO: Run ShowPageTrace Behavior [ RunTime:0.000705s ]
INFO: [ view_end ] --END-- [ RunTime:0.000759s ]

[ 2016-06-27T16:48:45+08:00 ] /weixin/getJsTk?url=http%3A%2F%2F127.0.0.1%3A8089%2FMatchinfo%3Fm_id%3D13
INFO: [ route_check ] --START--
INFO: Run CheckRoute Behavior [ RunTime:0.001037s ]
INFO: [ route_check ] --END-- [ RunTime:0.001160s ]
INFO: [ app_begin ] --START--
INFO: Run ReadHtmlCache Behavior [ RunTime:0.000828s ]
INFO: [ app_begin ] --END-- [ RunTime:0.000913s ]
NOTIC: [2] Missing argument 2 for WeixinAcessTokenModel::Jstoken(), called in D:\wnmp1\wwwroot\v1\branches\v1\DataSource\Lib\Action\WeixinAction.class.php on line 112 and defined D:\wnmp1\wwwroot\v1\branches\v1\DataSource\Lib\Model\WeixinAcessTokenModel.class.php 第 24 行.
ERR: Redis server went away

[ 2016-06-27T16:48:46+08:00 ] /Matchinfo/getTrip?m_id=450
INFO: [ route_check ] --START--
INFO: Run CheckRoute Behavior [ RunTime:0.000766s ]
INFO: [ route_check ] --END-- [ RunTime:0.000844s ]
INFO: [ app_begin ] --START--
INFO: Run ReadHtmlCache Behavior [ RunTime:0.000455s ]
INFO: [ app_begin ] --END-- [ RunTime:0.000518s ]
NOTIC: [8] Undefined index: db_dsn D:\wnmp1\wwwroot\v1\branches\v1\lib\ThinkPHP\Lib\Core\Db.class.php 第 129 行.
NOTIC: [8] Undefined index: db_params D:\wnmp1\wwwroot\v1\branches\v1\lib\ThinkPHP\Lib\Core\Db.class.php 第 130 行.
SQL: SHOW COLUMNS FROM `zx_tb_trip` [ RunTime:0.003662s ]
SQL: SELECT * FROM `zx_tb_trip` WHERE ( `meal_id` = 450  ) ORDER BY trip_date asc  [ RunTime:0.000445s ]

[ 2016-06-27T17:01:19+08:00 ] /Matchinfo?m_id=13
INFO: [ route_check ] --START--
INFO: Run CheckRoute Behavior [ RunTime:0.001347s ]
INFO: [ route_check ] --END-- [ RunTime:0.001445s ]
INFO: [ app_begin ] --START--
INFO: Run ReadHtmlCache Behavior [ RunTime:0.000691s ]
INFO: [ app_begin ] --END-- [ RunTime:0.000777s ]
NOTIC: [8] Undefined index: db_dsn D:\wnmp1\wwwroot\v1\branches\v1\lib\ThinkPHP\Lib\Core\Db.class.php 第 129 行.
NOTIC: [8] Undefined index: db_params D:\wnmp1\wwwroot\v1\branches\v1\lib\ThinkPHP\Lib\Core\Db.class.php 第 130 行.
SQL: SHOW COLUMNS FROM `zx_tb_matchs` [ RunTime:0.004201s ]
SQL: select * from zx_tb_matchs where id = 13 [ RunTime:0.002401s ]
NOTIC: [8] Undefined index: platform D:\wnmp1\wwwroot\v1\branches\v1\DataSource\Lib\Action\MatchinfoAction.class.php 第 21 行.
SQL: SHOW COLUMNS FROM `zx_tb_goods` [ RunTime:0.005538s ]
SQL: SELECT `id`,`g_mid`,`g_name`,`g_type`,`g_des`,`g_currprice`,`g_price`,`g_priceinfo`,`g_priceinfowithout`,`g_singleprice`,`g_tips`,`g_order` FROM `zx_tb_goods` WHERE ( g_type = 2 and g_mid = 13 and g_pid =0 and g_state = 0 and g_stockleft > 0 and g_releaseTime <= NOW() and g_offineTime > NOW()  ) ORDER BY g_type asc,g_order desc  [ RunTime:0.001476s ]
SQL: SELECT `id`,`g_mid`,`g_name`,`g_type`,`g_des`,`g_currprice`,`g_price`,`g_priceinfo`,`g_priceinfowithout`,`g_singleprice`,`g_tips`,`g_order` FROM `zx_tb_goods` WHERE ( g_type = 2 and g_mid = 13 and g_pid =52 and g_state = 0 and g_stockleft > 0 and g_releaseTime <= NOW() and g_offineTime > NOW()  ) ORDER BY g_type asc,g_order desc  [ RunTime:0.000644s ]
SQL: SELECT `id`,`g_mid`,`g_name`,`g_type`,`g_des`,`g_currprice`,`g_price`,`g_priceinfo`,`g_priceinfowithout`,`g_singleprice`,`g_tips`,`g_order` FROM `zx_tb_goods` WHERE ( g_type = 2 and g_mid = 13 and g_pid =86 and g_state = 0 and g_stockleft > 0 and g_releaseTime <= NOW() and g_offineTime > NOW()  ) ORDER BY g_type asc,g_order desc  [ RunTime:0.002386s ]
SQL: SELECT `id`,`g_mid`,`g_name`,`g_type`,`g_des`,`g_currprice`,`g_price`,`g_priceinfo`,`g_priceinfowithout`,`g_singleprice`,`g_tips`,`g_order` FROM `zx_tb_goods` WHERE ( g_type = 2 and g_mid = 13 and g_pid =525 and g_state = 0 and g_stockleft > 0 and g_releaseTime <= NOW() and g_offineTime > NOW()  ) ORDER BY g_type asc,g_order desc  [ RunTime:0.000595s ]
SQL: SELECT `id`,`g_mid`,`g_name`,`g_type`,`g_des`,`g_currprice`,`g_price`,`g_priceinfo`,`g_priceinfowithout`,`g_singleprice`,`g_tips`,`g_order` FROM `zx_tb_goods` WHERE ( g_type = 2 and g_mid = 13 and g_pid =526 and g_state = 0 and g_stockleft > 0 and g_releaseTime <= NOW() and g_offineTime > NOW()  ) ORDER BY g_type asc,g_order desc  [ RunTime:0.000652s ]
SQL: SELECT `id`,`g_mid`,`g_name`,`g_type`,`g_des`,`g_currprice`,`g_price`,`g_priceinfo`,`g_priceinfowithout`,`g_singleprice`,`g_tips`,`g_order` FROM `zx_tb_goods` WHERE ( g_type = 2 and g_mid = 13 and g_pid =527 and g_state = 0 and g_stockleft > 0 and g_releaseTime <= NOW() and g_offineTime > NOW()  ) ORDER BY g_type asc,g_order desc  [ RunTime:0.001798s ]
SQL: SELECT `id`,`g_mid`,`g_name`,`g_type`,`g_des`,`g_currprice`,`g_price`,`g_priceinfo`,`g_priceinfowithout`,`g_singleprice`,`g_tips`,`g_order` FROM `zx_tb_goods` WHERE ( g_type = 2 and g_mid = 13 and g_pid =450 and g_state = 0 and g_stockleft > 0 and g_releaseTime <= NOW() and g_offineTime > NOW()  ) ORDER BY g_type asc,g_order desc  [ RunTime:0.001150s ]
SQL: SELECT `id`,`g_mid`,`g_name`,`g_type`,`g_des`,`g_currprice`,`g_price`,`g_priceinfo`,`g_priceinfowithout`,`g_singleprice`,`g_tips`,`g_order` FROM `zx_tb_goods` WHERE ( g_type = 2 and g_mid = 13 and g_pid =455 and g_state = 0 and g_stockleft > 0 and g_releaseTime <= NOW() and g_offineTime > NOW()  ) ORDER BY g_type asc,g_order desc  [ RunTime:0.000322s ]
SQL: SELECT `id`,`g_mid`,`g_name`,`g_type`,`g_des`,`g_currprice`,`g_price`,`g_priceinfo`,`g_priceinfowithout`,`g_singleprice`,`g_tips`,`g_order` FROM `zx_tb_goods` WHERE ( g_type = 2 and g_mid = 13 and g_pid =457 and g_state = 0 and g_stockleft > 0 and g_releaseTime <= NOW() and g_offineTime > NOW()  ) ORDER BY g_type asc,g_order desc  [ RunTime:0.000299s ]
SQL: SELECT `id`,`g_mid`,`g_name`,`g_type`,`g_des`,`g_currprice`,`g_price`,`g_priceinfo`,`g_priceinfowithout`,`g_singleprice`,`g_tips`,`g_order` FROM `zx_tb_goods` WHERE ( g_type = 2 and g_mid = 13 and g_pid =454 and g_state = 0 and g_stockleft > 0 and g_releaseTime <= NOW() and g_offineTime > NOW()  ) ORDER BY g_type asc,g_order desc  [ RunTime:0.000287s ]
SQL: SELECT `id`,`g_mid`,`g_name`,`g_type`,`g_des`,`g_currprice`,`g_price`,`g_priceinfo`,`g_priceinfowithout`,`g_singleprice`,`g_tips`,`g_order` FROM `zx_tb_goods` WHERE ( g_type = 2 and g_mid = 13 and g_pid =456 and g_state = 0 and g_stockleft > 0 and g_releaseTime <= NOW() and g_offineTime > NOW()  ) ORDER BY g_type asc,g_order desc  [ RunTime:0.000290s ]
SQL: SELECT `id`,`g_mid`,`g_name`,`g_type`,`g_des`,`g_currprice`,`g_price`,`g_priceinfo`,`g_priceinfowithout`,`g_singleprice`,`g_tips`,`g_order` FROM `zx_tb_goods` WHERE ( g_type = 2 and g_mid = 13 and g_pid =458 and g_state = 0 and g_stockleft > 0 and g_releaseTime <= NOW() and g_offineTime > NOW()  ) ORDER BY g_type asc,g_order desc  [ RunTime:0.000286s ]
SQL: SHOW COLUMNS FROM `zx_tb_scenicarea` [ RunTime:0.001375s ]
SQL: SELECT * FROM `zx_tb_scenicarea` WHERE ( mid=13 )  [ RunTime:0.000354s ]
SQL: SHOW COLUMNS FROM `zx_tb_matchs` [ RunTime:0.001682s ]
SQL:  select * from zx_tb_matchs where  m_sign = 1  and m_state = 0 and m_releaseTime < NOW() and m_offineTime > NOW()  order by m_order desc,id desc limit 0,3  [ RunTime:0.000510s ]
SQL: SHOW COLUMNS FROM `zx_tb_collect` [ RunTime:0.001334s ]
INFO: [ view_template ] --START--
INFO: Run LocationTemplate Behavior [ RunTime:0.000520s ]
INFO: [ view_template ] --END-- [ RunTime:0.000573s ]
INFO: [ view_parse ] --START--
NOTIC: [8] Undefined index: banner D:\wnmp1\wwwroot\v1\branches\v1\DataSource\Runtime\Temp\9f529053051950a069732b98964695a605c1670d.file.banner.html.php 第 36 行.
NOTIC: [8] Trying to get property of non-object D:\wnmp1\wwwroot\v1\branches\v1\DataSource\Runtime\Temp\9f529053051950a069732b98964695a605c1670d.file.banner.html.php 第 36 行.
NOTIC: [8] Undefined index: type D:\wnmp1\wwwroot\v1\branches\v1\DataSource\Runtime\Temp\0b2dbb8ed51c6bda68f53595692a7c8463148ef3.file.hotList.html.php 第 63 行.
NOTIC: [8] Trying to get property of non-object D:\wnmp1\wwwroot\v1\branches\v1\DataSource\Runtime\Temp\0b2dbb8ed51c6bda68f53595692a7c8463148ef3.file.hotList.html.php 第 63 行.
NOTIC: [8] Undefined index: collection D:\wnmp1\wwwroot\v1\branches\v1\DataSource\Runtime\Temp\531e96a4ffd6b502f4ebab295e5b7fb88970efae.file.index.html.php 第 339 行.
NOTIC: [8] Trying to get property of non-object D:\wnmp1\wwwroot\v1\branches\v1\DataSource\Runtime\Temp\531e96a4ffd6b502f4ebab295e5b7fb88970efae.file.index.html.php 第 339 行.
NOTIC: [8] Undefined index: order D:\wnmp1\wwwroot\v1\branches\v1\DataSource\Runtime\Temp\531e96a4ffd6b502f4ebab295e5b7fb88970efae.file.index.html.php 第 352 行.
NOTIC: [8] Trying to get property of non-object D:\wnmp1\wwwroot\v1\branches\v1\DataSource\Runtime\Temp\531e96a4ffd6b502f4ebab295e5b7fb88970efae.file.index.html.php 第 352 行.
NOTIC: [8] Undefined index: order D:\wnmp1\wwwroot\v1\branches\v1\DataSource\Runtime\Temp\531e96a4ffd6b502f4ebab295e5b7fb88970efae.file.index.html.php 第 355 行.
NOTIC: [8] Trying to get property of non-object D:\wnmp1\wwwroot\v1\branches\v1\DataSource\Runtime\Temp\531e96a4ffd6b502f4ebab295e5b7fb88970efae.file.index.html.php 第 355 行.
INFO: Run ParseTemplate Behavior [ RunTime:0.011320s ]
INFO: [ view_parse ] --END-- [ RunTime:0.011402s ]
INFO: [ view_filter ] --START--
INFO: Run ContentReplace Behavior [ RunTime:0.001031s ]
INFO: Run TokenBuild Behavior [ RunTime:0.000772s ]
INFO: Run WriteHtmlCache Behavior [ RunTime:0.000353s ]
INFO: Run ShowRuntime Behavior [ RunTime:0.000493s ]
INFO: [ view_filter ] --END-- [ RunTime:0.002878s ]
INFO: [ view_end ] --START--
INFO: Run ShowPageTrace Behavior [ RunTime:0.000560s ]
INFO: [ view_end ] --END-- [ RunTime:0.000616s ]

[ 2016-06-27T17:01:20+08:00 ] /weixin/getJsTk?url=http%3A%2F%2F127.0.0.1%3A8089%2FMatchinfo%3Fm_id%3D13
INFO: [ route_check ] --START--
INFO: Run CheckRoute Behavior [ RunTime:0.000556s ]
INFO: [ route_check ] --END-- [ RunTime:0.000620s ]
INFO: [ app_begin ] --START--
INFO: Run ReadHtmlCache Behavior [ RunTime:0.000376s ]
INFO: [ app_begin ] --END-- [ RunTime:0.000416s ]
NOTIC: [2] Missing argument 2 for WeixinAcessTokenModel::Jstoken(), called in D:\wnmp1\wwwroot\v1\branches\v1\DataSource\Lib\Action\WeixinAction.class.php on line 112 and defined D:\wnmp1\wwwroot\v1\branches\v1\DataSource\Lib\Model\WeixinAcessTokenModel.class.php 第 24 行.
ERR: Redis server went away

[ 2016-06-27T17:01:21+08:00 ] /Matchinfo/getTrip?m_id=450
INFO: [ route_check ] --START--
INFO: Run CheckRoute Behavior [ RunTime:0.000699s ]
INFO: [ route_check ] --END-- [ RunTime:0.000783s ]
INFO: [ app_begin ] --START--
INFO: Run ReadHtmlCache Behavior [ RunTime:0.000513s ]
INFO: [ app_begin ] --END-- [ RunTime:0.000569s ]
NOTIC: [8] Undefined index: db_dsn D:\wnmp1\wwwroot\v1\branches\v1\lib\ThinkPHP\Lib\Core\Db.class.php 第 129 行.
NOTIC: [8] Undefined index: db_params D:\wnmp1\wwwroot\v1\branches\v1\lib\ThinkPHP\Lib\Core\Db.class.php 第 130 行.
SQL: SHOW COLUMNS FROM `zx_tb_trip` [ RunTime:0.005621s ]

[ 2016-06-27T17:01:28+08:00 ] /Matchinfo?m_id=13
INFO: [ route_check ] --START--
INFO: Run CheckRoute Behavior [ RunTime:0.000574s ]
INFO: [ route_check ] --END-- [ RunTime:0.000644s ]
INFO: [ app_begin ] --START--
INFO: Run ReadHtmlCache Behavior [ RunTime:0.000406s ]
INFO: [ app_begin ] --END-- [ RunTime:0.000460s ]
NOTIC: [8] Undefined index: db_dsn D:\wnmp1\wwwroot\v1\branches\v1\lib\ThinkPHP\Lib\Core\Db.class.php 第 129 行.
NOTIC: [8] Undefined index: db_params D:\wnmp1\wwwroot\v1\branches\v1\lib\ThinkPHP\Lib\Core\Db.class.php 第 130 行.
SQL: SHOW COLUMNS FROM `zx_tb_matchs` [ RunTime:0.003180s ]
SQL: select * from zx_tb_matchs where id = 13 [ RunTime:0.001180s ]
NOTIC: [8] Undefined index: platform D:\wnmp1\wwwroot\v1\branches\v1\DataSource\Lib\Action\MatchinfoAction.class.php 第 21 行.
SQL: SHOW COLUMNS FROM `zx_tb_goods` [ RunTime:0.002339s ]
SQL: SELECT `id`,`g_mid`,`g_name`,`g_type`,`g_des`,`g_currprice`,`g_price`,`g_priceinfo`,`g_priceinfowithout`,`g_singleprice`,`g_tips`,`g_order` FROM `zx_tb_goods` WHERE ( g_type = 2 and g_mid = 13 and g_pid =0 and g_state = 0 and g_stockleft > 0 and g_releaseTime <= NOW() and g_offineTime > NOW()  ) ORDER BY g_type asc,g_order desc  [ RunTime:0.001022s ]
SQL: SELECT `id`,`g_mid`,`g_name`,`g_type`,`g_des`,`g_currprice`,`g_price`,`g_priceinfo`,`g_priceinfowithout`,`g_singleprice`,`g_tips`,`g_order` FROM `zx_tb_goods` WHERE ( g_type = 2 and g_mid = 13 and g_pid =52 and g_state = 0 and g_stockleft > 0 and g_releaseTime <= NOW() and g_offineTime > NOW()  ) ORDER BY g_type asc,g_order desc  [ RunTime:0.000760s ]
SQL: SELECT `id`,`g_mid`,`g_name`,`g_type`,`g_des`,`g_currprice`,`g_price`,`g_priceinfo`,`g_priceinfowithout`,`g_singleprice`,`g_tips`,`g_order` FROM `zx_tb_goods` WHERE ( g_type = 2 and g_mid = 13 and g_pid =86 and g_state = 0 and g_stockleft > 0 and g_releaseTime <= NOW() and g_offineTime > NOW()  ) ORDER BY g_type asc,g_order desc  [ RunTime:0.001362s ]
SQL: SELECT `id`,`g_mid`,`g_name`,`g_type`,`g_des`,`g_currprice`,`g_price`,`g_priceinfo`,`g_priceinfowithout`,`g_singleprice`,`g_tips`,`g_order` FROM `zx_tb_goods` WHERE ( g_type = 2 and g_mid = 13 and g_pid =525 and g_state = 0 and g_stockleft > 0 and g_releaseTime <= NOW() and g_offineTime > NOW()  ) ORDER BY g_type asc,g_order desc  [ RunTime:0.000517s ]
SQL: SELECT `id`,`g_mid`,`g_name`,`g_type`,`g_des`,`g_currprice`,`g_price`,`g_priceinfo`,`g_priceinfowithout`,`g_singleprice`,`g_tips`,`g_order` FROM `zx_tb_goods` WHERE ( g_type = 2 and g_mid = 13 and g_pid =526 and g_state = 0 and g_stockleft > 0 and g_releaseTime <= NOW() and g_offineTime > NOW()  ) ORDER BY g_type asc,g_order desc  [ RunTime:0.000443s ]
SQL: SELECT `id`,`g_mid`,`g_name`,`g_type`,`g_des`,`g_currprice`,`g_price`,`g_priceinfo`,`g_priceinfowithout`,`g_singleprice`,`g_tips`,`g_order` FROM `zx_tb_goods` WHERE ( g_type = 2 and g_mid = 13 and g_pid =527 and g_state = 0 and g_stockleft > 0 and g_releaseTime <= NOW() and g_offineTime > NOW()  ) ORDER BY g_type asc,g_order desc  [ RunTime:0.000456s ]
SQL: SELECT `id`,`g_mid`,`g_name`,`g_type`,`g_des`,`g_currprice`,`g_price`,`g_priceinfo`,`g_priceinfowithout`,`g_singleprice`,`g_tips`,`g_order` FROM `zx_tb_goods` WHERE ( g_type = 2 and g_mid = 13 and g_pid =450 and g_state = 0 and g_stockleft > 0 and g_releaseTime <= NOW() and g_offineTime > NOW()  ) ORDER BY g_type asc,g_order desc  [ RunTime:0.000454s ]
SQL: SELECT `id`,`g_mid`,`g_name`,`g_type`,`g_des`,`g_currprice`,`g_price`,`g_priceinfo`,`g_priceinfowithout`,`g_singleprice`,`g_tips`,`g_order` FROM `zx_tb_goods` WHERE ( g_type = 2 and g_mid = 13 and g_pid =455 and g_state = 0 and g_stockleft > 0 and g_releaseTime <= NOW() and g_offineTime > NOW()  ) ORDER BY g_type asc,g_order desc  [ RunTime:0.000452s ]
SQL: SELECT `id`,`g_mid`,`g_name`,`g_type`,`g_des`,`g_currprice`,`g_price`,`g_priceinfo`,`g_priceinfowithout`,`g_singleprice`,`g_tips`,`g_order` FROM `zx_tb_goods` WHERE ( g_type = 2 and g_mid = 13 and g_pid =457 and g_state = 0 and g_stockleft > 0 and g_releaseTime <= NOW() and g_offineTime > NOW()  ) ORDER BY g_type asc,g_order desc  [ RunTime:0.000463s ]
SQL: SELECT `id`,`g_mid`,`g_name`,`g_type`,`g_des`,`g_currprice`,`g_price`,`g_priceinfo`,`g_priceinfowithout`,`g_singleprice`,`g_tips`,`g_order` FROM `zx_tb_goods` WHERE ( g_type = 2 and g_mid = 13 and g_pid =454 and g_state = 0 and g_stockleft > 0 and g_releaseTime <= NOW() and g_offineTime > NOW()  ) ORDER BY g_type asc,g_order desc  [ RunTime:0.000459s ]
SQL: SELECT `id`,`g_mid`,`g_name`,`g_type`,`g_des`,`g_currprice`,`g_price`,`g_priceinfo`,`g_priceinfowithout`,`g_singleprice`,`g_tips`,`g_order` FROM `zx_tb_goods` WHERE ( g_type = 2 and g_mid = 13 and g_pid =456 and g_state = 0 and g_stockleft > 0 and g_releaseTime <= NOW() and g_offineTime > NOW()  ) ORDER BY g_type asc,g_order desc  [ RunTime:0.000449s ]
SQL: SELECT `id`,`g_mid`,`g_name`,`g_type`,`g_des`,`g_currprice`,`g_price`,`g_priceinfo`,`g_priceinfowithout`,`g_singleprice`,`g_tips`,`g_order` FROM `zx_tb_goods` WHERE ( g_type = 2 and g_mid = 13 and g_pid =458 and g_state = 0 and g_stockleft > 0 and g_releaseTime <= NOW() and g_offineTime > NOW()  ) ORDER BY g_type asc,g_order desc  [ RunTime:0.000458s ]
SQL: SHOW COLUMNS FROM `zx_tb_scenicarea` [ RunTime:0.002090s ]
SQL: SELECT * FROM `zx_tb_scenicarea` WHERE ( mid=13 )  [ RunTime:0.001771s ]
SQL: SHOW COLUMNS FROM `zx_tb_matchs` [ RunTime:0.002709s ]
SQL:  select * from zx_tb_matchs where  m_sign = 1  and m_state = 0 and m_releaseTime < NOW() and m_offineTime > NOW()  order by m_order desc,id desc limit 0,3  [ RunTime:0.001475s ]
SQL: SHOW COLUMNS FROM `zx_tb_collect` [ RunTime:0.002687s ]
INFO: [ view_template ] --START--
INFO: Run LocationTemplate Behavior [ RunTime:0.000668s ]
INFO: [ view_template ] --END-- [ RunTime:0.000761s ]
INFO: [ view_parse ] --START--
NOTIC: [8] Undefined index: banner D:\wnmp1\wwwroot\v1\branches\v1\DataSource\Runtime\Temp\9f529053051950a069732b98964695a605c1670d.file.banner.html.php 第 36 行.
NOTIC: [8] Trying to get property of non-object D:\wnmp1\wwwroot\v1\branches\v1\DataSource\Runtime\Temp\9f529053051950a069732b98964695a605c1670d.file.banner.html.php 第 36 行.
NOTIC: [8] Undefined index: type D:\wnmp1\wwwroot\v1\branches\v1\DataSource\Runtime\Temp\0b2dbb8ed51c6bda68f53595692a7c8463148ef3.file.hotList.html.php 第 63 行.
NOTIC: [8] Trying to get property of non-object D:\wnmp1\wwwroot\v1\branches\v1\DataSource\Runtime\Temp\0b2dbb8ed51c6bda68f53595692a7c8463148ef3.file.hotList.html.php 第 63 行.
NOTIC: [8] Undefined index: collection D:\wnmp1\wwwroot\v1\branches\v1\DataSource\Runtime\Temp\531e96a4ffd6b502f4ebab295e5b7fb88970efae.file.index.html.php 第 339 行.
NOTIC: [8] Trying to get property of non-object D:\wnmp1\wwwroot\v1\branches\v1\DataSource\Runtime\Temp\531e96a4ffd6b502f4ebab295e5b7fb88970efae.file.index.html.php 第 339 行.
NOTIC: [8] Undefined index: order D:\wnmp1\wwwroot\v1\branches\v1\DataSource\Runtime\Temp\531e96a4ffd6b502f4ebab295e5b7fb88970efae.file.index.html.php 第 352 行.
NOTIC: [8] Trying to get property of non-object D:\wnmp1\wwwroot\v1\branches\v1\DataSource\Runtime\Temp\531e96a4ffd6b502f4ebab295e5b7fb88970efae.file.index.html.php 第 352 行.
NOTIC: [8] Undefined index: order D:\wnmp1\wwwroot\v1\branches\v1\DataSource\Runtime\Temp\531e96a4ffd6b502f4ebab295e5b7fb88970efae.file.index.html.php 第 355 行.
NOTIC: [8] Trying to get property of non-object D:\wnmp1\wwwroot\v1\branches\v1\DataSource\Runtime\Temp\531e96a4ffd6b502f4ebab295e5b7fb88970efae.file.index.html.php 第 355 行.
INFO: Run ParseTemplate Behavior [ RunTime:0.014673s ]
INFO: [ view_parse ] --END-- [ RunTime:0.014760s ]
INFO: [ view_filter ] --START--
INFO: Run ContentReplace Behavior [ RunTime:0.000920s ]
INFO: Run TokenBuild Behavior [ RunTime:0.000388s ]
INFO: Run WriteHtmlCache Behavior [ RunTime:0.000182s ]
INFO: Run ShowRuntime Behavior [ RunTime:0.000412s ]
INFO: [ view_filter ] --END-- [ RunTime:0.002040s ]
INFO: [ view_end ] --START--
INFO: Run ShowPageTrace Behavior [ RunTime:0.000459s ]
INFO: [ view_end ] --END-- [ RunTime:0.000517s ]

[ 2016-06-27T17:01:29+08:00 ] /weixin/getJsTk?url=http%3A%2F%2F127.0.0.1%3A8089%2FMatchinfo%3Fm_id%3D13
INFO: [ route_check ] --START--
INFO: Run CheckRoute Behavior [ RunTime:0.001527s ]
INFO: [ route_check ] --END-- [ RunTime:0.001665s ]
INFO: [ app_begin ] --START--
INFO: Run ReadHtmlCache Behavior [ RunTime:0.000811s ]
INFO: [ app_begin ] --END-- [ RunTime:0.000899s ]
NOTIC: [2] Missing argument 2 for WeixinAcessTokenModel::Jstoken(), called in D:\wnmp1\wwwroot\v1\branches\v1\DataSource\Lib\Action\WeixinAction.class.php on line 112 and defined D:\wnmp1\wwwroot\v1\branches\v1\DataSource\Lib\Model\WeixinAcessTokenModel.class.php 第 24 行.
ERR: Redis server went away

[ 2016-06-27T17:01:30+08:00 ] /Matchinfo/getTrip?m_id=450
INFO: [ route_check ] --START--
INFO: Run CheckRoute Behavior [ RunTime:0.000855s ]
INFO: [ route_check ] --END-- [ RunTime:0.000952s ]
INFO: [ app_begin ] --START--
INFO: Run ReadHtmlCache Behavior [ RunTime:0.000623s ]
INFO: [ app_begin ] --END-- [ RunTime:0.000698s ]
NOTIC: [8] Undefined index: db_dsn D:\wnmp1\wwwroot\v1\branches\v1\lib\ThinkPHP\Lib\Core\Db.class.php 第 129 行.
NOTIC: [8] Undefined index: db_params D:\wnmp1\wwwroot\v1\branches\v1\lib\ThinkPHP\Lib\Core\Db.class.php 第 130 行.
SQL: SHOW COLUMNS FROM `zx_tb_trip` [ RunTime:0.001801s ]

