[ 2016-06-16T11:21:45+08:00 ] /
INFO: [ app_begin ] --START--
INFO: Run ReadHtmlCache Behavior [ RunTime:0.001372s ]
INFO: [ app_begin ] --END-- [ RunTime:0.001456s ]
NOTIC: [8] Undefined index: match D:\wnmp1\wwwroot\v2\branches\branche02\DataSource\Lib\Action\IndexAction.class.php 第 21 行.
NOTIC: [8] Undefined index: platform D:\wnmp1\wwwroot\v2\branches\branche02\DataSource\Lib\Action\IndexAction.class.php 第 22 行.
NOTIC: [8] Undefined index: db_dsn D:\wnmp1\wwwroot\v2\branches\branche02\lib\ThinkPHP\Lib\Core\Db.class.php 第 129 行.
NOTIC: [8] Undefined index: db_params D:\wnmp1\wwwroot\v2\branches\branche02\lib\ThinkPHP\Lib\Core\Db.class.php 第 130 行.
SQL: SHOW COLUMNS FROM `zx_tb_matchs` [ RunTime:0.019759s ]
SQL:  select * from zx_tb_matchs where  m_sign = 1  and m_state = 0 and m_releaseTime < NOW() and m_offineTime > NOW()  order by m_order desc,id desc limit 0,9999  [ RunTime:0.005010s ]
SQL: SHOW COLUMNS FROM `zx_tb_classinfo` [ RunTime:0.015142s ]
NOTIC: [2] Missing argument 6 for ClassInfoModel::getContent(), called in D:\wnmp1\wwwroot\v2\branches\branche02\DataSource\Lib\Action\IndexAction.class.php on line 38 and defined D:\wnmp1\wwwroot\v2\branches\branche02\DataSource\Lib\Model\ClassInfoModel.class.php 第 22 行.
NOTIC: [8] Undefined variable: order D:\wnmp1\wwwroot\v2\branches\branche02\DataSource\Lib\Model\ClassInfoModel.class.php 第 33 行.
SQL: SELECT info.id,info.cid,cls.classname,info.n_title,info.n_img,info.n_url,info.sign,info.orderid  FROM `zx_tb_class` cls LEFT JOIN zx_tb_classinfo info ON  cls.id = info.cid WHERE cls.short_name='zx_banner' AND cls.isdel=0 AND info.isdel=0 and info.isdisplay=1 AND info.itime<=NOW() AND info.offtime>NOW()  order by  info.sign desc,info.orderid desc,info.utime desc,id DESC  limit 0,10  [ RunTime:0.008993s ]
NOTIC: [2] Missing argument 6 for ClassInfoModel::getContent(), called in D:\wnmp1\wwwroot\v2\branches\branche02\DataSource\Lib\Action\IndexAction.class.php on line 42 and defined D:\wnmp1\wwwroot\v2\branches\branche02\DataSource\Lib\Model\ClassInfoModel.class.php 第 22 行.
NOTIC: [8] Undefined variable: order D:\wnmp1\wwwroot\v2\branches\branche02\DataSource\Lib\Model\ClassInfoModel.class.php 第 33 行.
SQL: SELECT info.id,info.cid,cls.classname,info.n_title,info.n_img,info.n_url,info.sign,info.orderid  FROM `zx_tb_class` cls LEFT JOIN zx_tb_classinfo info ON  cls.id = info.cid WHERE cls.short_name='zx_hotwords' AND cls.isdel=0 AND info.isdel=0 and info.isdisplay=1 AND info.itime<=NOW() AND info.offtime>NOW()  order by  info.sign desc,info.orderid desc,info.utime desc,id DESC  limit 0,100  [ RunTime:0.001438s ]
INFO: [ view_template ] --START--
INFO: Run LocationTemplate Behavior [ RunTime:0.003521s ]
INFO: [ view_template ] --END-- [ RunTime:0.003692s ]
INFO: [ view_parse ] --START--
NOTIC: [8] Undefined index: m_banner D:\wnmp1\wwwroot\v2\branches\branche02\DataSource\Runtime\Temp\9f529053051950a069732b98964695a605c1670d.file.banner.html.php 第 52 行.
NOTIC: [8] Trying to get property of non-object D:\wnmp1\wwwroot\v2\branches\branche02\DataSource\Runtime\Temp\9f529053051950a069732b98964695a605c1670d.file.banner.html.php 第 52 行.
INFO: Run ParseTemplate Behavior [ RunTime:0.049578s ]
INFO: [ view_parse ] --END-- [ RunTime:0.049689s ]
INFO: [ view_filter ] --START--
INFO: Run ContentReplace Behavior [ RunTime:0.001917s ]
INFO: Run TokenBuild Behavior [ RunTime:0.002123s ]
INFO: Run WriteHtmlCache Behavior [ RunTime:0.001386s ]
INFO: Run ShowRuntime Behavior [ RunTime:0.001542s ]
INFO: [ view_filter ] --END-- [ RunTime:0.007477s ]
INFO: [ view_end ] --START--
INFO: Run ShowPageTrace Behavior [ RunTime:0.001680s ]
INFO: [ view_end ] --END-- [ RunTime:0.001798s ]

[ 2016-06-16T11:21:46+08:00 ] /weixin/getJsTk?url=http%3A%2F%2F127.0.0.1%3A8090%2F
INFO: [ route_check ] --START--
INFO: Run CheckRoute Behavior [ RunTime:0.001215s ]
INFO: [ route_check ] --END-- [ RunTime:0.001292s ]
INFO: [ app_begin ] --START--
INFO: Run ReadHtmlCache Behavior [ RunTime:0.001277s ]
INFO: [ app_begin ] --END-- [ RunTime:0.001393s ]
NOTIC: [2] Missing argument 2 for WeixinAcessTokenModel::Jstoken(), called in D:\wnmp1\wwwroot\v2\branches\branche02\DataSource\Lib\Action\WeixinAction.class.php on line 112 and defined D:\wnmp1\wwwroot\v2\branches\branche02\DataSource\Lib\Model\WeixinAcessTokenModel.class.php 第 24 行.
ERR: Redis server went away

