[ 2016-07-05T15:39:27+08:00 ] /
INFO: [ app_begin ] --START--
INFO: Run ReadHtmlCache Behavior [ RunTime:0.002012s ]
INFO: [ app_begin ] --END-- [ RunTime:0.002424s ]
NOTIC: [8] Undefined index: match D:\wnmp1\wwwroot\v1\branches\v1\DataSource\Lib\Action\IndexAction.class.php 第 21 行.
NOTIC: [8] Undefined index: platform D:\wnmp1\wwwroot\v1\branches\v1\DataSource\Lib\Action\IndexAction.class.php 第 22 行.
NOTIC: [8] Undefined index: db_dsn D:\wnmp1\wwwroot\v1\branches\v1\lib\ThinkPHP\Lib\Core\Db.class.php 第 129 行.
NOTIC: [8] Undefined index: db_params D:\wnmp1\wwwroot\v1\branches\v1\lib\ThinkPHP\Lib\Core\Db.class.php 第 130 行.
SQL: SHOW COLUMNS FROM `zx_tb_matchs` [ RunTime:0.002594s ]
SQL:  select * from zx_tb_matchs where  m_sign = 1  and m_state = 0 and m_releaseTime < NOW() and m_offineTime > NOW()  order by m_order desc,id desc limit 0,5  [ RunTime:0.000743s ]
SQL: SHOW COLUMNS FROM `zx_tb_classinfo` [ RunTime:0.002525s ]
NOTIC: [2] Missing argument 6 for ClassInfoModel::getContent(), called in D:\wnmp1\wwwroot\v1\branches\v1\DataSource\Lib\Action\IndexAction.class.php on line 38 and defined D:\wnmp1\wwwroot\v1\branches\v1\DataSource\Lib\Model\ClassInfoModel.class.php 第 22 行.
NOTIC: [8] Undefined variable: order D:\wnmp1\wwwroot\v1\branches\v1\DataSource\Lib\Model\ClassInfoModel.class.php 第 33 行.
SQL: SELECT info.id,info.cid,cls.classname,info.n_title,info.n_img,info.n_url,info.sign,info.orderid  FROM `zx_tb_class` cls LEFT JOIN zx_tb_classinfo info ON  cls.id = info.cid WHERE cls.short_name='zx_banner' AND cls.isdel=0 AND info.isdel=0 and info.isdisplay=1 AND info.itime<=NOW() AND info.offtime>NOW()  order by  info.sign desc,info.orderid desc,info.utime desc,id DESC  limit 0,10  [ RunTime:0.001047s ]
NOTIC: [2] Missing argument 6 for ClassInfoModel::getContent(), called in D:\wnmp1\wwwroot\v1\branches\v1\DataSource\Lib\Action\IndexAction.class.php on line 42 and defined D:\wnmp1\wwwroot\v1\branches\v1\DataSource\Lib\Model\ClassInfoModel.class.php 第 22 行.
NOTIC: [8] Undefined variable: order D:\wnmp1\wwwroot\v1\branches\v1\DataSource\Lib\Model\ClassInfoModel.class.php 第 33 行.
SQL: SELECT info.id,info.cid,cls.classname,info.n_title,info.n_img,info.n_url,info.sign,info.orderid  FROM `zx_tb_class` cls LEFT JOIN zx_tb_classinfo info ON  cls.id = info.cid WHERE cls.short_name='zx_hotwords' AND cls.isdel=0 AND info.isdel=0 and info.isdisplay=1 AND info.itime<=NOW() AND info.offtime>NOW()  order by  info.sign desc,info.orderid desc,info.utime desc,id DESC  limit 0,100  [ RunTime:0.000608s ]
INFO: [ view_template ] --START--
INFO: Run LocationTemplate Behavior [ RunTime:0.051062s ]
INFO: [ view_template ] --END-- [ RunTime:0.051140s ]
INFO: [ view_parse ] --START--
NOTIC: [8] Undefined index: m_banner D:\wnmp1\wwwroot\v1\branches\v1\DataSource\Runtime\Temp\9f529053051950a069732b98964695a605c1670d.file.banner.html.php 第 52 行.
NOTIC: [8] Trying to get property of non-object D:\wnmp1\wwwroot\v1\branches\v1\DataSource\Runtime\Temp\9f529053051950a069732b98964695a605c1670d.file.banner.html.php 第 52 行.
INFO: Run ParseTemplate Behavior [ RunTime:0.364727s ]
INFO: [ view_parse ] --END-- [ RunTime:0.364789s ]
INFO: [ view_filter ] --START--
INFO: Run ContentReplace Behavior [ RunTime:0.001117s ]
INFO: Run TokenBuild Behavior [ RunTime:0.000829s ]
INFO: Run WriteHtmlCache Behavior [ RunTime:0.000491s ]
INFO: Run ShowRuntime Behavior [ RunTime:0.001107s ]
INFO: [ view_filter ] --END-- [ RunTime:0.003705s ]
INFO: [ view_end ] --START--
INFO: Run ShowPageTrace Behavior [ RunTime:0.000813s ]
INFO: [ view_end ] --END-- [ RunTime:0.000867s ]

[ 2016-07-05T15:39:30+08:00 ] /
INFO: [ app_begin ] --START--
INFO: Run ReadHtmlCache Behavior [ RunTime:0.000552s ]
INFO: [ app_begin ] --END-- [ RunTime:0.000764s ]
NOTIC: [8] Undefined index: match D:\wnmp1\wwwroot\v1\branches\v1\DataSource\Lib\Action\IndexAction.class.php 第 21 行.
NOTIC: [8] Undefined index: platform D:\wnmp1\wwwroot\v1\branches\v1\DataSource\Lib\Action\IndexAction.class.php 第 22 行.
NOTIC: [8] Undefined index: db_dsn D:\wnmp1\wwwroot\v1\branches\v1\lib\ThinkPHP\Lib\Core\Db.class.php 第 129 行.
NOTIC: [8] Undefined index: db_params D:\wnmp1\wwwroot\v1\branches\v1\lib\ThinkPHP\Lib\Core\Db.class.php 第 130 行.
SQL: SHOW COLUMNS FROM `zx_tb_matchs` [ RunTime:0.003404s ]
SQL:  select * from zx_tb_matchs where  m_sign = 1  and m_state = 0 and m_releaseTime < NOW() and m_offineTime > NOW()  order by m_order desc,id desc limit 0,5  [ RunTime:0.001848s ]
SQL: SHOW COLUMNS FROM `zx_tb_classinfo` [ RunTime:0.002992s ]
NOTIC: [2] Missing argument 6 for ClassInfoModel::getContent(), called in D:\wnmp1\wwwroot\v1\branches\v1\DataSource\Lib\Action\IndexAction.class.php on line 38 and defined D:\wnmp1\wwwroot\v1\branches\v1\DataSource\Lib\Model\ClassInfoModel.class.php 第 22 行.
NOTIC: [8] Undefined variable: order D:\wnmp1\wwwroot\v1\branches\v1\DataSource\Lib\Model\ClassInfoModel.class.php 第 33 行.
SQL: SELECT info.id,info.cid,cls.classname,info.n_title,info.n_img,info.n_url,info.sign,info.orderid  FROM `zx_tb_class` cls LEFT JOIN zx_tb_classinfo info ON  cls.id = info.cid WHERE cls.short_name='zx_banner' AND cls.isdel=0 AND info.isdel=0 and info.isdisplay=1 AND info.itime<=NOW() AND info.offtime>NOW()  order by  info.sign desc,info.orderid desc,info.utime desc,id DESC  limit 0,10  [ RunTime:0.006667s ]
NOTIC: [2] Missing argument 6 for ClassInfoModel::getContent(), called in D:\wnmp1\wwwroot\v1\branches\v1\DataSource\Lib\Action\IndexAction.class.php on line 42 and defined D:\wnmp1\wwwroot\v1\branches\v1\DataSource\Lib\Model\ClassInfoModel.class.php 第 22 行.
NOTIC: [8] Undefined variable: order D:\wnmp1\wwwroot\v1\branches\v1\DataSource\Lib\Model\ClassInfoModel.class.php 第 33 行.
SQL: SELECT info.id,info.cid,cls.classname,info.n_title,info.n_img,info.n_url,info.sign,info.orderid  FROM `zx_tb_class` cls LEFT JOIN zx_tb_classinfo info ON  cls.id = info.cid WHERE cls.short_name='zx_hotwords' AND cls.isdel=0 AND info.isdel=0 and info.isdisplay=1 AND info.itime<=NOW() AND info.offtime>NOW()  order by  info.sign desc,info.orderid desc,info.utime desc,id DESC  limit 0,100  [ RunTime:0.000709s ]
INFO: [ view_template ] --START--
INFO: Run LocationTemplate Behavior [ RunTime:0.000459s ]
INFO: [ view_template ] --END-- [ RunTime:0.000519s ]
INFO: [ view_parse ] --START--
NOTIC: [8] Undefined index: m_banner D:\wnmp1\wwwroot\v1\branches\v1\DataSource\Runtime\Temp\9f529053051950a069732b98964695a605c1670d.file.banner.html.php 第 52 行.
NOTIC: [8] Trying to get property of non-object D:\wnmp1\wwwroot\v1\branches\v1\DataSource\Runtime\Temp\9f529053051950a069732b98964695a605c1670d.file.banner.html.php 第 52 行.
INFO: Run ParseTemplate Behavior [ RunTime:0.012555s ]
INFO: [ view_parse ] --END-- [ RunTime:0.012631s ]
INFO: [ view_filter ] --START--
INFO: Run ContentReplace Behavior [ RunTime:0.000813s ]
INFO: Run TokenBuild Behavior [ RunTime:0.000453s ]
INFO: Run WriteHtmlCache Behavior [ RunTime:0.000443s ]
INFO: Run ShowRuntime Behavior [ RunTime:0.000349s ]
INFO: [ view_filter ] --END-- [ RunTime:0.002242s ]
INFO: [ view_end ] --START--
INFO: Run ShowPageTrace Behavior [ RunTime:0.000426s ]
INFO: [ view_end ] --END-- [ RunTime:0.000501s ]

[ 2016-07-05T15:39:34+08:00 ] /
INFO: [ app_begin ] --START--
INFO: Run ReadHtmlCache Behavior [ RunTime:0.000896s ]
INFO: [ app_begin ] --END-- [ RunTime:0.000971s ]
NOTIC: [8] Undefined index: match D:\wnmp1\wwwroot\v1\branches\v1\DataSource\Lib\Action\IndexAction.class.php 第 21 行.
NOTIC: [8] Undefined index: platform D:\wnmp1\wwwroot\v1\branches\v1\DataSource\Lib\Action\IndexAction.class.php 第 22 行.
NOTIC: [8] Undefined index: db_dsn D:\wnmp1\wwwroot\v1\branches\v1\lib\ThinkPHP\Lib\Core\Db.class.php 第 129 行.
NOTIC: [8] Undefined index: db_params D:\wnmp1\wwwroot\v1\branches\v1\lib\ThinkPHP\Lib\Core\Db.class.php 第 130 行.
SQL: SHOW COLUMNS FROM `zx_tb_matchs` [ RunTime:0.001879s ]
SQL:  select * from zx_tb_matchs where  m_sign = 1  and m_state = 0 and m_releaseTime < NOW() and m_offineTime > NOW()  order by m_order desc,id desc limit 0,5  [ RunTime:0.001042s ]
SQL: SHOW COLUMNS FROM `zx_tb_classinfo` [ RunTime:0.002306s ]
NOTIC: [2] Missing argument 6 for ClassInfoModel::getContent(), called in D:\wnmp1\wwwroot\v1\branches\v1\DataSource\Lib\Action\IndexAction.class.php on line 38 and defined D:\wnmp1\wwwroot\v1\branches\v1\DataSource\Lib\Model\ClassInfoModel.class.php 第 22 行.
NOTIC: [8] Undefined variable: order D:\wnmp1\wwwroot\v1\branches\v1\DataSource\Lib\Model\ClassInfoModel.class.php 第 33 行.
SQL: SELECT info.id,info.cid,cls.classname,info.n_title,info.n_img,info.n_url,info.sign,info.orderid  FROM `zx_tb_class` cls LEFT JOIN zx_tb_classinfo info ON  cls.id = info.cid WHERE cls.short_name='zx_banner' AND cls.isdel=0 AND info.isdel=0 and info.isdisplay=1 AND info.itime<=NOW() AND info.offtime>NOW()  order by  info.sign desc,info.orderid desc,info.utime desc,id DESC  limit 0,10  [ RunTime:0.000629s ]
NOTIC: [2] Missing argument 6 for ClassInfoModel::getContent(), called in D:\wnmp1\wwwroot\v1\branches\v1\DataSource\Lib\Action\IndexAction.class.php on line 42 and defined D:\wnmp1\wwwroot\v1\branches\v1\DataSource\Lib\Model\ClassInfoModel.class.php 第 22 行.
NOTIC: [8] Undefined variable: order D:\wnmp1\wwwroot\v1\branches\v1\DataSource\Lib\Model\ClassInfoModel.class.php 第 33 行.
SQL: SELECT info.id,info.cid,cls.classname,info.n_title,info.n_img,info.n_url,info.sign,info.orderid  FROM `zx_tb_class` cls LEFT JOIN zx_tb_classinfo info ON  cls.id = info.cid WHERE cls.short_name='zx_hotwords' AND cls.isdel=0 AND info.isdel=0 and info.isdisplay=1 AND info.itime<=NOW() AND info.offtime>NOW()  order by  info.sign desc,info.orderid desc,info.utime desc,id DESC  limit 0,100  [ RunTime:0.000580s ]
INFO: [ view_template ] --START--
INFO: Run LocationTemplate Behavior [ RunTime:0.000655s ]
INFO: [ view_template ] --END-- [ RunTime:0.000761s ]
INFO: [ view_parse ] --START--
NOTIC: [8] Undefined index: m_banner D:\wnmp1\wwwroot\v1\branches\v1\DataSource\Runtime\Temp\9f529053051950a069732b98964695a605c1670d.file.banner.html.php 第 52 行.
NOTIC: [8] Trying to get property of non-object D:\wnmp1\wwwroot\v1\branches\v1\DataSource\Runtime\Temp\9f529053051950a069732b98964695a605c1670d.file.banner.html.php 第 52 行.
INFO: Run ParseTemplate Behavior [ RunTime:0.014568s ]
INFO: [ view_parse ] --END-- [ RunTime:0.014629s ]
INFO: [ view_filter ] --START--
INFO: Run ContentReplace Behavior [ RunTime:0.000732s ]
INFO: Run TokenBuild Behavior [ RunTime:0.000504s ]
INFO: Run WriteHtmlCache Behavior [ RunTime:0.000446s ]
INFO: Run ShowRuntime Behavior [ RunTime:0.001136s ]
INFO: [ view_filter ] --END-- [ RunTime:0.002993s ]
INFO: [ view_end ] --START--
INFO: Run ShowPageTrace Behavior [ RunTime:0.000633s ]
INFO: [ view_end ] --END-- [ RunTime:0.000686s ]

[ 2016-07-05T15:41:30+08:00 ] /
INFO: [ app_begin ] --START--
INFO: Run ReadHtmlCache Behavior [ RunTime:0.001307s ]
INFO: [ app_begin ] --END-- [ RunTime:0.001431s ]
NOTIC: [8] Undefined index: match D:\wnmp1\wwwroot\v1\branches\v1\DataSource\Lib\Action\IndexAction.class.php 第 21 行.
NOTIC: [8] Undefined index: platform D:\wnmp1\wwwroot\v1\branches\v1\DataSource\Lib\Action\IndexAction.class.php 第 22 行.
NOTIC: [8] Undefined index: db_dsn D:\wnmp1\wwwroot\v1\branches\v1\lib\ThinkPHP\Lib\Core\Db.class.php 第 129 行.
NOTIC: [8] Undefined index: db_params D:\wnmp1\wwwroot\v1\branches\v1\lib\ThinkPHP\Lib\Core\Db.class.php 第 130 行.
SQL: SHOW COLUMNS FROM `zx_tb_matchs` [ RunTime:0.003336s ]
SQL:  select * from zx_tb_matchs where  m_sign = 1  and m_state = 0 and m_releaseTime < NOW() and m_offineTime > NOW()  order by m_order desc,id desc limit 0,5  [ RunTime:0.001069s ]
SQL: SHOW COLUMNS FROM `zx_tb_classinfo` [ RunTime:0.003377s ]
NOTIC: [2] Missing argument 6 for ClassInfoModel::getContent(), called in D:\wnmp1\wwwroot\v1\branches\v1\DataSource\Lib\Action\IndexAction.class.php on line 38 and defined D:\wnmp1\wwwroot\v1\branches\v1\DataSource\Lib\Model\ClassInfoModel.class.php 第 22 行.
NOTIC: [8] Undefined variable: order D:\wnmp1\wwwroot\v1\branches\v1\DataSource\Lib\Model\ClassInfoModel.class.php 第 33 行.
SQL: SELECT info.id,info.cid,cls.classname,info.n_title,info.n_img,info.n_url,info.sign,info.orderid  FROM `zx_tb_class` cls LEFT JOIN zx_tb_classinfo info ON  cls.id = info.cid WHERE cls.short_name='zx_banner' AND cls.isdel=0 AND info.isdel=0 and info.isdisplay=1 AND info.itime<=NOW() AND info.offtime>NOW()  order by  info.sign desc,info.orderid desc,info.utime desc,id DESC  limit 0,10  [ RunTime:0.000901s ]
NOTIC: [2] Missing argument 6 for ClassInfoModel::getContent(), called in D:\wnmp1\wwwroot\v1\branches\v1\DataSource\Lib\Action\IndexAction.class.php on line 42 and defined D:\wnmp1\wwwroot\v1\branches\v1\DataSource\Lib\Model\ClassInfoModel.class.php 第 22 行.
NOTIC: [8] Undefined variable: order D:\wnmp1\wwwroot\v1\branches\v1\DataSource\Lib\Model\ClassInfoModel.class.php 第 33 行.
SQL: SELECT info.id,info.cid,cls.classname,info.n_title,info.n_img,info.n_url,info.sign,info.orderid  FROM `zx_tb_class` cls LEFT JOIN zx_tb_classinfo info ON  cls.id = info.cid WHERE cls.short_name='zx_hotwords' AND cls.isdel=0 AND info.isdel=0 and info.isdisplay=1 AND info.itime<=NOW() AND info.offtime>NOW()  order by  info.sign desc,info.orderid desc,info.utime desc,id DESC  limit 0,100  [ RunTime:0.001032s ]
INFO: [ view_template ] --START--
INFO: Run LocationTemplate Behavior [ RunTime:0.001216s ]
INFO: [ view_template ] --END-- [ RunTime:0.001329s ]
INFO: [ view_parse ] --START--
NOTIC: [8] Undefined index: m_banner D:\wnmp1\wwwroot\v1\branches\v1\DataSource\Runtime\Temp\9f529053051950a069732b98964695a605c1670d.file.banner.html.php 第 52 行.
NOTIC: [8] Trying to get property of non-object D:\wnmp1\wwwroot\v1\branches\v1\DataSource\Runtime\Temp\9f529053051950a069732b98964695a605c1670d.file.banner.html.php 第 52 行.
INFO: Run ParseTemplate Behavior [ RunTime:0.017538s ]
INFO: [ view_parse ] --END-- [ RunTime:0.017608s ]
INFO: [ view_filter ] --START--
INFO: Run ContentReplace Behavior [ RunTime:0.001016s ]
INFO: Run TokenBuild Behavior [ RunTime:0.000644s ]
INFO: Run WriteHtmlCache Behavior [ RunTime:0.000558s ]
INFO: Run ShowRuntime Behavior [ RunTime:0.001029s ]
INFO: [ view_filter ] --END-- [ RunTime:0.003433s ]
INFO: [ view_end ] --START--
INFO: Run ShowPageTrace Behavior [ RunTime:0.000827s ]
INFO: [ view_end ] --END-- [ RunTime:0.000886s ]

[ 2016-07-05T15:41:34+08:00 ] /
INFO: [ app_begin ] --START--
INFO: Run ReadHtmlCache Behavior [ RunTime:0.000400s ]
INFO: [ app_begin ] --END-- [ RunTime:0.000464s ]
NOTIC: [8] Undefined index: match D:\wnmp1\wwwroot\v1\branches\v1\DataSource\Lib\Action\IndexAction.class.php 第 21 行.
NOTIC: [8] Undefined index: platform D:\wnmp1\wwwroot\v1\branches\v1\DataSource\Lib\Action\IndexAction.class.php 第 22 行.
NOTIC: [8] Undefined index: db_dsn D:\wnmp1\wwwroot\v1\branches\v1\lib\ThinkPHP\Lib\Core\Db.class.php 第 129 行.
NOTIC: [8] Undefined index: db_params D:\wnmp1\wwwroot\v1\branches\v1\lib\ThinkPHP\Lib\Core\Db.class.php 第 130 行.
SQL: SHOW COLUMNS FROM `zx_tb_matchs` [ RunTime:0.003025s ]
SQL:  select * from zx_tb_matchs where  m_sign = 1  and m_state = 0 and m_releaseTime < NOW() and m_offineTime > NOW()  order by m_order desc,id desc limit 0,5  [ RunTime:0.000975s ]
SQL: SHOW COLUMNS FROM `zx_tb_classinfo` [ RunTime:0.002030s ]
NOTIC: [2] Missing argument 6 for ClassInfoModel::getContent(), called in D:\wnmp1\wwwroot\v1\branches\v1\DataSource\Lib\Action\IndexAction.class.php on line 38 and defined D:\wnmp1\wwwroot\v1\branches\v1\DataSource\Lib\Model\ClassInfoModel.class.php 第 22 行.
NOTIC: [8] Undefined variable: order D:\wnmp1\wwwroot\v1\branches\v1\DataSource\Lib\Model\ClassInfoModel.class.php 第 33 行.
SQL: SELECT info.id,info.cid,cls.classname,info.n_title,info.n_img,info.n_url,info.sign,info.orderid  FROM `zx_tb_class` cls LEFT JOIN zx_tb_classinfo info ON  cls.id = info.cid WHERE cls.short_name='zx_banner' AND cls.isdel=0 AND info.isdel=0 and info.isdisplay=1 AND info.itime<=NOW() AND info.offtime>NOW()  order by  info.sign desc,info.orderid desc,info.utime desc,id DESC  limit 0,10  [ RunTime:0.001098s ]
NOTIC: [2] Missing argument 6 for ClassInfoModel::getContent(), called in D:\wnmp1\wwwroot\v1\branches\v1\DataSource\Lib\Action\IndexAction.class.php on line 42 and defined D:\wnmp1\wwwroot\v1\branches\v1\DataSource\Lib\Model\ClassInfoModel.class.php 第 22 行.
NOTIC: [8] Undefined variable: order D:\wnmp1\wwwroot\v1\branches\v1\DataSource\Lib\Model\ClassInfoModel.class.php 第 33 行.
SQL: SELECT info.id,info.cid,cls.classname,info.n_title,info.n_img,info.n_url,info.sign,info.orderid  FROM `zx_tb_class` cls LEFT JOIN zx_tb_classinfo info ON  cls.id = info.cid WHERE cls.short_name='zx_hotwords' AND cls.isdel=0 AND info.isdel=0 and info.isdisplay=1 AND info.itime<=NOW() AND info.offtime>NOW()  order by  info.sign desc,info.orderid desc,info.utime desc,id DESC  limit 0,100  [ RunTime:0.000740s ]
INFO: [ view_template ] --START--
INFO: Run LocationTemplate Behavior [ RunTime:0.000745s ]
INFO: [ view_template ] --END-- [ RunTime:0.000837s ]
INFO: [ view_parse ] --START--
NOTIC: [8] Undefined index: m_banner D:\wnmp1\wwwroot\v1\branches\v1\DataSource\Runtime\Temp\9f529053051950a069732b98964695a605c1670d.file.banner.html.php 第 52 行.
NOTIC: [8] Trying to get property of non-object D:\wnmp1\wwwroot\v1\branches\v1\DataSource\Runtime\Temp\9f529053051950a069732b98964695a605c1670d.file.banner.html.php 第 52 行.
INFO: Run ParseTemplate Behavior [ RunTime:0.015524s ]
INFO: [ view_parse ] --END-- [ RunTime:0.015596s ]
INFO: [ view_filter ] --START--
INFO: Run ContentReplace Behavior [ RunTime:0.000726s ]
INFO: Run TokenBuild Behavior [ RunTime:0.000414s ]
INFO: Run WriteHtmlCache Behavior [ RunTime:0.000256s ]
INFO: Run ShowRuntime Behavior [ RunTime:0.000453s ]
INFO: [ view_filter ] --END-- [ RunTime:0.002028s ]
INFO: [ view_end ] --START--
INFO: Run ShowPageTrace Behavior [ RunTime:0.000560s ]
INFO: [ view_end ] --END-- [ RunTime:0.000624s ]

[ 2016-07-05T15:41:37+08:00 ] /
INFO: [ app_begin ] --START--
INFO: Run ReadHtmlCache Behavior [ RunTime:0.000526s ]
INFO: [ app_begin ] --END-- [ RunTime:0.000588s ]
NOTIC: [8] Undefined index: match D:\wnmp1\wwwroot\v1\branches\v1\DataSource\Lib\Action\IndexAction.class.php 第 21 行.
NOTIC: [8] Undefined index: platform D:\wnmp1\wwwroot\v1\branches\v1\DataSource\Lib\Action\IndexAction.class.php 第 22 行.
NOTIC: [8] Undefined index: db_dsn D:\wnmp1\wwwroot\v1\branches\v1\lib\ThinkPHP\Lib\Core\Db.class.php 第 129 行.
NOTIC: [8] Undefined index: db_params D:\wnmp1\wwwroot\v1\branches\v1\lib\ThinkPHP\Lib\Core\Db.class.php 第 130 行.
SQL: SHOW COLUMNS FROM `zx_tb_matchs` [ RunTime:0.001840s ]
SQL:  select * from zx_tb_matchs where  m_sign = 1  and m_state = 0 and m_releaseTime < NOW() and m_offineTime > NOW()  order by m_order desc,id desc limit 0,5  [ RunTime:0.000767s ]
SQL: SHOW COLUMNS FROM `zx_tb_classinfo` [ RunTime:0.001459s ]
NOTIC: [2] Missing argument 6 for ClassInfoModel::getContent(), called in D:\wnmp1\wwwroot\v1\branches\v1\DataSource\Lib\Action\IndexAction.class.php on line 38 and defined D:\wnmp1\wwwroot\v1\branches\v1\DataSource\Lib\Model\ClassInfoModel.class.php 第 22 行.
NOTIC: [8] Undefined variable: order D:\wnmp1\wwwroot\v1\branches\v1\DataSource\Lib\Model\ClassInfoModel.class.php 第 33 行.
SQL: SELECT info.id,info.cid,cls.classname,info.n_title,info.n_img,info.n_url,info.sign,info.orderid  FROM `zx_tb_class` cls LEFT JOIN zx_tb_classinfo info ON  cls.id = info.cid WHERE cls.short_name='zx_banner' AND cls.isdel=0 AND info.isdel=0 and info.isdisplay=1 AND info.itime<=NOW() AND info.offtime>NOW()  order by  info.sign desc,info.orderid desc,info.utime desc,id DESC  limit 0,10  [ RunTime:0.000537s ]
NOTIC: [2] Missing argument 6 for ClassInfoModel::getContent(), called in D:\wnmp1\wwwroot\v1\branches\v1\DataSource\Lib\Action\IndexAction.class.php on line 42 and defined D:\wnmp1\wwwroot\v1\branches\v1\DataSource\Lib\Model\ClassInfoModel.class.php 第 22 行.
NOTIC: [8] Undefined variable: order D:\wnmp1\wwwroot\v1\branches\v1\DataSource\Lib\Model\ClassInfoModel.class.php 第 33 行.
SQL: SELECT info.id,info.cid,cls.classname,info.n_title,info.n_img,info.n_url,info.sign,info.orderid  FROM `zx_tb_class` cls LEFT JOIN zx_tb_classinfo info ON  cls.id = info.cid WHERE cls.short_name='zx_hotwords' AND cls.isdel=0 AND info.isdel=0 and info.isdisplay=1 AND info.itime<=NOW() AND info.offtime>NOW()  order by  info.sign desc,info.orderid desc,info.utime desc,id DESC  limit 0,100  [ RunTime:0.000595s ]
INFO: [ view_template ] --START--
INFO: Run LocationTemplate Behavior [ RunTime:0.000569s ]
INFO: [ view_template ] --END-- [ RunTime:0.000639s ]
INFO: [ view_parse ] --START--
NOTIC: [8] Undefined index: m_banner D:\wnmp1\wwwroot\v1\branches\v1\DataSource\Runtime\Temp\9f529053051950a069732b98964695a605c1670d.file.banner.html.php 第 52 行.
NOTIC: [8] Trying to get property of non-object D:\wnmp1\wwwroot\v1\branches\v1\DataSource\Runtime\Temp\9f529053051950a069732b98964695a605c1670d.file.banner.html.php 第 52 行.
INFO: Run ParseTemplate Behavior [ RunTime:0.015504s ]
INFO: [ view_parse ] --END-- [ RunTime:0.015568s ]
INFO: [ view_filter ] --START--
INFO: Run ContentReplace Behavior [ RunTime:0.000716s ]
INFO: Run TokenBuild Behavior [ RunTime:0.000502s ]
INFO: Run WriteHtmlCache Behavior [ RunTime:0.000421s ]
INFO: Run ShowRuntime Behavior [ RunTime:0.000908s ]
INFO: [ view_filter ] --END-- [ RunTime:0.002713s ]
INFO: [ view_end ] --START--
INFO: Run ShowPageTrace Behavior [ RunTime:0.001075s ]
INFO: [ view_end ] --END-- [ RunTime:0.001160s ]

[ 2016-07-05T15:41:40+08:00 ] /ajax/hotlist?page=2
INFO: [ route_check ] --START--
INFO: Run CheckRoute Behavior [ RunTime:0.001274s ]
INFO: [ route_check ] --END-- [ RunTime:0.001346s ]
INFO: [ app_begin ] --START--
INFO: Run ReadHtmlCache Behavior [ RunTime:0.001030s ]
INFO: [ app_begin ] --END-- [ RunTime:0.001089s ]
NOTIC: [8] Undefined index: length D:\wnmp1\wwwroot\v1\branches\v1\DataSource\Lib\Action\AjaxAction.class.php 第 37 行.
NOTIC: [8] Undefined index: db_dsn D:\wnmp1\wwwroot\v1\branches\v1\lib\ThinkPHP\Lib\Core\Db.class.php 第 129 行.
NOTIC: [8] Undefined index: db_params D:\wnmp1\wwwroot\v1\branches\v1\lib\ThinkPHP\Lib\Core\Db.class.php 第 130 行.
SQL: SHOW COLUMNS FROM `zx_tb_matchs` [ RunTime:0.002684s ]
SQL:  select * from zx_tb_matchs where  m_sign = 1  and m_state = 0 and m_releaseTime < NOW() and m_offineTime > NOW()  order by m_order desc,id desc limit 5,5  [ RunTime:0.000772s ]

