[ 2016-06-24T10:19:57+08:00 ] /PayResult/gotopay
INFO: [ route_check ] --START--
INFO: Run CheckRoute Behavior [ RunTime:0.001196s ]
INFO: [ route_check ] --END-- [ RunTime:0.002231s ]
INFO: [ app_begin ] --START--
INFO: Run ReadHtmlCache Behavior [ RunTime:0.000592s ]
INFO: [ app_begin ] --END-- [ RunTime:0.000693s ]
NOTIC: [8] Undefined variable: accessToken D:\wnmp1\wwwroot\v1\branches\v1\lib\ThinkPHP\Extend\Vendor\alipayv2\f2fpay\gotopay.php 第 113 行.
NOTIC: [2] openssl_verify() [<a href='function.openssl-verify'>function.openssl-verify</a>]: supplied key param cannot be coerced into a public key D:\wnmp1\wwwroot\v1\branches\v1\lib\ThinkPHP\Extend\Vendor\alipayv2\aop\AopClient.php 第 414 行.
NOTIC: [2] openssl_free_key() expects parameter 1 to be resource, boolean given D:\wnmp1\wwwroot\v1\branches\v1\lib\ThinkPHP\Extend\Vendor\alipayv2\aop\AopClient.php 第 417 行.
ERR: check sign Fail1! [sign=RLQqBp8HVrQSdDRLKTsrWa58ycOdcl4RLJDe+rEkoIPRA2xmUyekf619KbTFLoubdKFW52pXPfIBb6uAfhKo+AjZx+Bvhz2cLa2NqdvfZjRRoMSck6CLvXSwG0LmwBTK7cyeOdT4oey8Oh6c5HAfjKbjj4kpy6gH+8Up9yOXx7U=, signSourceData={"code":"20001","msg":"Insufficient Token Permissions","sub_code":"aop.invalid-auth-token","sub_msg":"无效的访问令牌"}]

[ 2016-06-24T10:51:17+08:00 ] /PayResult/gotopay
INFO: [ route_check ] --START--
INFO: Run CheckRoute Behavior [ RunTime:0.000832s ]
INFO: [ route_check ] --END-- [ RunTime:0.000928s ]
INFO: [ app_begin ] --START--
INFO: Run ReadHtmlCache Behavior [ RunTime:0.000675s ]
INFO: [ app_begin ] --END-- [ RunTime:0.000746s ]
NOTIC: [8] Undefined variable: accessToken D:\wnmp1\wwwroot\v1\branches\v1\lib\ThinkPHP\Extend\Vendor\alipayv2\f2fpay\gotopay.php 第 113 行.
NOTIC: [2] openssl_verify() [<a href='function.openssl-verify'>function.openssl-verify</a>]: supplied key param cannot be coerced into a public key D:\wnmp1\wwwroot\v1\branches\v1\lib\ThinkPHP\Extend\Vendor\alipayv2\aop\AopClient.php 第 414 行.
NOTIC: [2] openssl_free_key() expects parameter 1 to be resource, boolean given D:\wnmp1\wwwroot\v1\branches\v1\lib\ThinkPHP\Extend\Vendor\alipayv2\aop\AopClient.php 第 417 行.
ERR: check sign Fail1! [sign=RLQqBp8HVrQSdDRLKTsrWa58ycOdcl4RLJDe+rEkoIPRA2xmUyekf619KbTFLoubdKFW52pXPfIBb6uAfhKo+AjZx+Bvhz2cLa2NqdvfZjRRoMSck6CLvXSwG0LmwBTK7cyeOdT4oey8Oh6c5HAfjKbjj4kpy6gH+8Up9yOXx7U=, signSourceData={"code":"20001","msg":"Insufficient Token Permissions","sub_code":"aop.invalid-auth-token","sub_msg":"无效的访问令牌"}]

[ 2016-06-24T10:52:28+08:00 ] /PayResult/gotopay
INFO: [ route_check ] --START--
INFO: Run CheckRoute Behavior [ RunTime:0.000715s ]
INFO: [ route_check ] --END-- [ RunTime:0.000792s ]
INFO: [ app_begin ] --START--
INFO: Run ReadHtmlCache Behavior [ RunTime:0.000506s ]
INFO: [ app_begin ] --END-- [ RunTime:0.000559s ]
NOTIC: [8] Undefined variable: accessToken D:\wnmp1\wwwroot\v1\branches\v1\lib\ThinkPHP\Extend\Vendor\alipayv2\f2fpay\gotopay.php 第 113 行.
NOTIC: [2] openssl_verify() [<a href='function.openssl-verify'>function.openssl-verify</a>]: supplied key param cannot be coerced into a public key D:\wnmp1\wwwroot\v1\branches\v1\lib\ThinkPHP\Extend\Vendor\alipayv2\aop\AopClient.php 第 414 行.
NOTIC: [2] openssl_free_key() expects parameter 1 to be resource, boolean given D:\wnmp1\wwwroot\v1\branches\v1\lib\ThinkPHP\Extend\Vendor\alipayv2\aop\AopClient.php 第 417 行.
ERR: check sign Fail1! [sign=RLQqBp8HVrQSdDRLKTsrWa58ycOdcl4RLJDe+rEkoIPRA2xmUyekf619KbTFLoubdKFW52pXPfIBb6uAfhKo+AjZx+Bvhz2cLa2NqdvfZjRRoMSck6CLvXSwG0LmwBTK7cyeOdT4oey8Oh6c5HAfjKbjj4kpy6gH+8Up9yOXx7U=, signSourceData={"code":"20001","msg":"Insufficient Token Permissions","sub_code":"aop.invalid-auth-token","sub_msg":"无效的访问令牌"}]

[ 2016-06-24T14:38:32+08:00 ] /PayResult/gotopay
INFO: [ route_check ] --START--
INFO: Run CheckRoute Behavior [ RunTime:0.001687s ]
INFO: [ route_check ] --END-- [ RunTime:0.003143s ]
INFO: [ app_begin ] --START--
INFO: Run ReadHtmlCache Behavior [ RunTime:0.000682s ]
INFO: [ app_begin ] --END-- [ RunTime:0.000768s ]
NOTIC: [8] Undefined variable: accessToken D:\wnmp1\wwwroot\v1\branches\v1\lib\ThinkPHP\Extend\Vendor\alipayv2\f2fpay\gotopay.php 第 113 行.
NOTIC: [2] openssl_verify() [<a href='function.openssl-verify'>function.openssl-verify</a>]: supplied key param cannot be coerced into a public key D:\wnmp1\wwwroot\v1\branches\v1\lib\ThinkPHP\Extend\Vendor\alipayv2\aop\AopClient.php 第 414 行.
NOTIC: [2] openssl_free_key() expects parameter 1 to be resource, boolean given D:\wnmp1\wwwroot\v1\branches\v1\lib\ThinkPHP\Extend\Vendor\alipayv2\aop\AopClient.php 第 417 行.
ERR: check sign Fail1! [sign=RLQqBp8HVrQSdDRLKTsrWa58ycOdcl4RLJDe+rEkoIPRA2xmUyekf619KbTFLoubdKFW52pXPfIBb6uAfhKo+AjZx+Bvhz2cLa2NqdvfZjRRoMSck6CLvXSwG0LmwBTK7cyeOdT4oey8Oh6c5HAfjKbjj4kpy6gH+8Up9yOXx7U=, signSourceData={"code":"20001","msg":"Insufficient Token Permissions","sub_code":"aop.invalid-auth-token","sub_msg":"无效的访问令牌"}]

[ 2016-06-24T14:43:51+08:00 ] /PayResult/payali
INFO: [ route_check ] --START--
INFO: Run CheckRoute Behavior [ RunTime:0.000628s ]
INFO: [ route_check ] --END-- [ RunTime:0.000721s ]
INFO: [ app_begin ] --START--
INFO: Run ReadHtmlCache Behavior [ RunTime:0.000418s ]
INFO: [ app_begin ] --END-- [ RunTime:0.000464s ]
NOTIC: [8] Undefined index: HTTP_REFERER D:\wnmp1\wwwroot\v1\branches\v1\DataSource\Lib\Action\PayResultAction.class.php 第 37 行.

[ 2016-06-24T14:43:54+08:00 ] /PayResult/payali
INFO: [ route_check ] --START--
INFO: Run CheckRoute Behavior [ RunTime:0.000765s ]
INFO: [ route_check ] --END-- [ RunTime:0.000866s ]
INFO: [ app_begin ] --START--
INFO: Run ReadHtmlCache Behavior [ RunTime:0.000534s ]
INFO: [ app_begin ] --END-- [ RunTime:0.000592s ]
NOTIC: [8] Undefined index: HTTP_REFERER D:\wnmp1\wwwroot\v1\branches\v1\DataSource\Lib\Action\PayResultAction.class.php 第 37 行.

[ 2016-06-24T14:43:55+08:00 ] /PayResult/payali
INFO: [ route_check ] --START--
INFO: Run CheckRoute Behavior [ RunTime:0.000754s ]
INFO: [ route_check ] --END-- [ RunTime:0.000833s ]
INFO: [ app_begin ] --START--
INFO: Run ReadHtmlCache Behavior [ RunTime:0.000535s ]
INFO: [ app_begin ] --END-- [ RunTime:0.000595s ]
NOTIC: [8] Undefined index: HTTP_REFERER D:\wnmp1\wwwroot\v1\branches\v1\DataSource\Lib\Action\PayResultAction.class.php 第 37 行.

[ 2016-06-24T14:43:55+08:00 ] /PayResult/payali
INFO: [ route_check ] --START--
INFO: Run CheckRoute Behavior [ RunTime:0.000854s ]
INFO: [ route_check ] --END-- [ RunTime:0.000943s ]
INFO: [ app_begin ] --START--
INFO: Run ReadHtmlCache Behavior [ RunTime:0.000617s ]
INFO: [ app_begin ] --END-- [ RunTime:0.000685s ]
NOTIC: [8] Undefined index: HTTP_REFERER D:\wnmp1\wwwroot\v1\branches\v1\DataSource\Lib\Action\PayResultAction.class.php 第 37 行.

[ 2016-06-24T14:43:55+08:00 ] /PayResult/payali
INFO: [ route_check ] --START--
INFO: Run CheckRoute Behavior [ RunTime:0.000841s ]
INFO: [ route_check ] --END-- [ RunTime:0.000929s ]
INFO: [ app_begin ] --START--
INFO: Run ReadHtmlCache Behavior [ RunTime:0.000609s ]
INFO: [ app_begin ] --END-- [ RunTime:0.000677s ]
NOTIC: [8] Undefined index: HTTP_REFERER D:\wnmp1\wwwroot\v1\branches\v1\DataSource\Lib\Action\PayResultAction.class.php 第 37 行.

[ 2016-06-24T14:44:06+08:00 ] /PayResult/payali
INFO: [ route_check ] --START--
INFO: Run CheckRoute Behavior [ RunTime:0.000650s ]
INFO: [ route_check ] --END-- [ RunTime:0.000718s ]
INFO: [ app_begin ] --START--
INFO: Run ReadHtmlCache Behavior [ RunTime:0.000497s ]
INFO: [ app_begin ] --END-- [ RunTime:0.000550s ]
NOTIC: [8] Undefined index: HTTP_REFERER D:\wnmp1\wwwroot\v1\branches\v1\DataSource\Lib\Action\PayResultAction.class.php 第 37 行.

[ 2016-06-24T14:44:17+08:00 ] /PayResult/payali
INFO: [ route_check ] --START--
INFO: Run CheckRoute Behavior [ RunTime:0.000713s ]
INFO: [ route_check ] --END-- [ RunTime:0.000793s ]
INFO: [ app_begin ] --START--
INFO: Run ReadHtmlCache Behavior [ RunTime:0.000515s ]
INFO: [ app_begin ] --END-- [ RunTime:0.000572s ]
NOTIC: [8] Undefined index: HTTP_REFERER D:\wnmp1\wwwroot\v1\branches\v1\DataSource\Lib\Action\PayResultAction.class.php 第 37 行.

[ 2016-06-24T14:44:18+08:00 ] /PayResult/payali
INFO: [ route_check ] --START--
INFO: Run CheckRoute Behavior [ RunTime:0.000752s ]
INFO: [ route_check ] --END-- [ RunTime:0.000840s ]
INFO: [ app_begin ] --START--
INFO: Run ReadHtmlCache Behavior [ RunTime:0.000526s ]
INFO: [ app_begin ] --END-- [ RunTime:0.000593s ]
NOTIC: [8] Undefined index: HTTP_REFERER D:\wnmp1\wwwroot\v1\branches\v1\DataSource\Lib\Action\PayResultAction.class.php 第 37 行.

[ 2016-06-24T14:46:34+08:00 ] /PayResult/payali
INFO: [ route_check ] --START--
INFO: Run CheckRoute Behavior [ RunTime:0.001313s ]
INFO: [ route_check ] --END-- [ RunTime:0.001530s ]
INFO: [ app_begin ] --START--
INFO: Run ReadHtmlCache Behavior [ RunTime:0.000728s ]
INFO: [ app_begin ] --END-- [ RunTime:0.000806s ]
NOTIC: [8] Undefined index: HTTP_REFERER D:\wnmp1\wwwroot\v1\branches\v1\DataSource\Lib\Action\PayResultAction.class.php 第 37 行.

[ 2016-06-24T14:52:28+08:00 ] /PayResult/payali
INFO: [ route_check ] --START--
INFO: Run CheckRoute Behavior [ RunTime:0.000977s ]
INFO: [ route_check ] --END-- [ RunTime:0.001088s ]
INFO: [ app_begin ] --START--
INFO: Run ReadHtmlCache Behavior [ RunTime:0.000656s ]
INFO: [ app_begin ] --END-- [ RunTime:0.000735s ]
NOTIC: [8] Undefined index: auth_code D:\wnmp1\wwwroot\v1\branches\v1\DataSource\Lib\Action\PayResultAction.class.php 第 38 行.

[ 2016-06-24T14:52:41+08:00 ] /PayResult/payali
INFO: [ route_check ] --START--
INFO: Run CheckRoute Behavior [ RunTime:0.000565s ]
INFO: [ route_check ] --END-- [ RunTime:0.000624s ]
INFO: [ app_begin ] --START--
INFO: Run ReadHtmlCache Behavior [ RunTime:0.000404s ]
INFO: [ app_begin ] --END-- [ RunTime:0.000450s ]
NOTIC: [8] Undefined index: auth_code D:\wnmp1\wwwroot\v1\branches\v1\DataSource\Lib\Action\PayResultAction.class.php 第 38 行.

[ 2016-06-24T14:54:38+08:00 ] /PayResult/payali
INFO: [ route_check ] --START--
INFO: Run CheckRoute Behavior [ RunTime:0.000591s ]
INFO: [ route_check ] --END-- [ RunTime:0.000655s ]
INFO: [ app_begin ] --START--
INFO: Run ReadHtmlCache Behavior [ RunTime:0.000424s ]
INFO: [ app_begin ] --END-- [ RunTime:0.000475s ]
NOTIC: [8] Undefined index: auth_code D:\wnmp1\wwwroot\v1\branches\v1\DataSource\Lib\Action\PayResultAction.class.php 第 38 行.

[ 2016-06-24T14:54:44+08:00 ] /PayResult/payali?app_id=2015082800238591&source=alipay_wallet&scope=auth_base&enctraceid=ivOgIDibqRH7fOuqfw_jJG6HYt3wXncyNrKOHhu12Fw,&auth_code=1e7fb796144c4c2cbd9e7a4daefeSE98
INFO: [ route_check ] --START--
INFO: Run CheckRoute Behavior [ RunTime:0.000741s ]
INFO: [ route_check ] --END-- [ RunTime:0.000818s ]
INFO: [ app_begin ] --START--
INFO: Run ReadHtmlCache Behavior [ RunTime:0.000536s ]
INFO: [ app_begin ] --END-- [ RunTime:0.000614s ]

[ 2016-06-24T14:58:44+08:00 ] /PayResult/gotopay
INFO: [ route_check ] --START--
INFO: Run CheckRoute Behavior [ RunTime:0.000985s ]
INFO: [ route_check ] --END-- [ RunTime:0.001095s ]
INFO: [ app_begin ] --START--
INFO: Run ReadHtmlCache Behavior [ RunTime:0.000685s ]
INFO: [ app_begin ] --END-- [ RunTime:0.000756s ]
NOTIC: [8] Undefined variable: accessToken D:\wnmp1\wwwroot\v1\branches\v1\lib\ThinkPHP\Extend\Vendor\alipayv2\f2fpay\gotopay.php 第 113 行.
NOTIC: [2] openssl_verify() [<a href='function.openssl-verify'>function.openssl-verify</a>]: supplied key param cannot be coerced into a public key D:\wnmp1\wwwroot\v1\branches\v1\lib\ThinkPHP\Extend\Vendor\alipayv2\aop\AopClient.php 第 414 行.
NOTIC: [2] openssl_free_key() expects parameter 1 to be resource, boolean given D:\wnmp1\wwwroot\v1\branches\v1\lib\ThinkPHP\Extend\Vendor\alipayv2\aop\AopClient.php 第 417 行.
ERR: check sign Fail1! [sign=RLQqBp8HVrQSdDRLKTsrWa58ycOdcl4RLJDe+rEkoIPRA2xmUyekf619KbTFLoubdKFW52pXPfIBb6uAfhKo+AjZx+Bvhz2cLa2NqdvfZjRRoMSck6CLvXSwG0LmwBTK7cyeOdT4oey8Oh6c5HAfjKbjj4kpy6gH+8Up9yOXx7U=, signSourceData={"code":"20001","msg":"Insufficient Token Permissions","sub_code":"aop.invalid-auth-token","sub_msg":"无效的访问令牌"}]

[ 2016-06-24T15:06:20+08:00 ] /PayResult/gotopay
INFO: [ route_check ] --START--
INFO: Run CheckRoute Behavior [ RunTime:0.000995s ]
INFO: [ route_check ] --END-- [ RunTime:0.001111s ]
INFO: [ app_begin ] --START--
INFO: Run ReadHtmlCache Behavior [ RunTime:0.000792s ]
INFO: [ app_begin ] --END-- [ RunTime:0.000874s ]
NOTIC: [8] Undefined variable: accessToken D:\wnmp1\wwwroot\v1\branches\v1\lib\ThinkPHP\Extend\Vendor\alipayv2\f2fpay\gotopay.php 第 113 行.
NOTIC: [2] openssl_verify() [<a href='function.openssl-verify'>function.openssl-verify</a>]: supplied key param cannot be coerced into a public key D:\wnmp1\wwwroot\v1\branches\v1\lib\ThinkPHP\Extend\Vendor\alipayv2\aop\AopClient.php 第 414 行.
NOTIC: [2] openssl_free_key() expects parameter 1 to be resource, boolean given D:\wnmp1\wwwroot\v1\branches\v1\lib\ThinkPHP\Extend\Vendor\alipayv2\aop\AopClient.php 第 417 行.
ERR: check sign Fail1! [sign=RLQqBp8HVrQSdDRLKTsrWa58ycOdcl4RLJDe+rEkoIPRA2xmUyekf619KbTFLoubdKFW52pXPfIBb6uAfhKo+AjZx+Bvhz2cLa2NqdvfZjRRoMSck6CLvXSwG0LmwBTK7cyeOdT4oey8Oh6c5HAfjKbjj4kpy6gH+8Up9yOXx7U=, signSourceData={"code":"20001","msg":"Insufficient Token Permissions","sub_code":"aop.invalid-auth-token","sub_msg":"无效的访问令牌"}]

[ 2016-06-24T15:06:38+08:00 ] /PayResult/payali?app_id=2015082800238591&source=alipay_wallet&scope=auth_base&enctraceid=ivOgIDibqRH7fOuqfw_jJG6HYt3wXncyNrKOHhu12Fw,&auth_code=1e7fb796144c4c2cbd9e7a4daefeSE98
INFO: [ route_check ] --START--
INFO: Run CheckRoute Behavior [ RunTime:0.000914s ]
INFO: [ route_check ] --END-- [ RunTime:0.001018s ]
INFO: [ app_begin ] --START--
INFO: Run ReadHtmlCache Behavior [ RunTime:0.000675s ]
INFO: [ app_begin ] --END-- [ RunTime:0.000752s ]

[ 2016-06-24T15:07:09+08:00 ] /PayResult/gotopay
INFO: [ route_check ] --START--
INFO: Run CheckRoute Behavior [ RunTime:0.000614s ]
INFO: [ route_check ] --END-- [ RunTime:0.000675s ]
INFO: [ app_begin ] --START--
INFO: Run ReadHtmlCache Behavior [ RunTime:0.000408s ]
INFO: [ app_begin ] --END-- [ RunTime:0.000454s ]
NOTIC: [2] openssl_verify() [<a href='function.openssl-verify'>function.openssl-verify</a>]: supplied key param cannot be coerced into a public key D:\wnmp1\wwwroot\v1\branches\v1\lib\ThinkPHP\Extend\Vendor\alipayv2\aop\AopClient.php 第 414 行.
NOTIC: [2] openssl_free_key() expects parameter 1 to be resource, boolean given D:\wnmp1\wwwroot\v1\branches\v1\lib\ThinkPHP\Extend\Vendor\alipayv2\aop\AopClient.php 第 417 行.
ERR: check sign Fail1! [sign=RLQqBp8HVrQSdDRLKTsrWa58ycOdcl4RLJDe+rEkoIPRA2xmUyekf619KbTFLoubdKFW52pXPfIBb6uAfhKo+AjZx+Bvhz2cLa2NqdvfZjRRoMSck6CLvXSwG0LmwBTK7cyeOdT4oey8Oh6c5HAfjKbjj4kpy6gH+8Up9yOXx7U=, signSourceData={"code":"20001","msg":"Insufficient Token Permissions","sub_code":"aop.invalid-auth-token","sub_msg":"无效的访问令牌"}]

[ 2016-06-24T15:08:22+08:00 ] /PayResult/gotopay
INFO: [ route_check ] --START--
INFO: Run CheckRoute Behavior [ RunTime:0.000897s ]
INFO: [ route_check ] --END-- [ RunTime:0.001000s ]
INFO: [ app_begin ] --START--
INFO: Run ReadHtmlCache Behavior [ RunTime:0.000677s ]
INFO: [ app_begin ] --END-- [ RunTime:0.000752s ]
NOTIC: [2] openssl_verify() [<a href='function.openssl-verify'>function.openssl-verify</a>]: supplied key param cannot be coerced into a public key D:\wnmp1\wwwroot\v1\branches\v1\lib\ThinkPHP\Extend\Vendor\alipayv2\aop\AopClient.php 第 415 行.
NOTIC: [2] openssl_free_key() expects parameter 1 to be resource, boolean given D:\wnmp1\wwwroot\v1\branches\v1\lib\ThinkPHP\Extend\Vendor\alipayv2\aop\AopClient.php 第 418 行.
ERR: check sign Fail1! [sign=RLQqBp8HVrQSdDRLKTsrWa58ycOdcl4RLJDe+rEkoIPRA2xmUyekf619KbTFLoubdKFW52pXPfIBb6uAfhKo+AjZx+Bvhz2cLa2NqdvfZjRRoMSck6CLvXSwG0LmwBTK7cyeOdT4oey8Oh6c5HAfjKbjj4kpy6gH+8Up9yOXx7U=, signSourceData={"code":"20001","msg":"Insufficient Token Permissions","sub_code":"aop.invalid-auth-token","sub_msg":"无效的访问令牌"}]

[ 2016-06-24T15:15:06+08:00 ] /PayResult/gotopay
INFO: [ route_check ] --START--
INFO: Run CheckRoute Behavior [ RunTime:0.000589s ]
INFO: [ route_check ] --END-- [ RunTime:0.000664s ]
INFO: [ app_begin ] --START--
INFO: Run ReadHtmlCache Behavior [ RunTime:0.000418s ]
INFO: [ app_begin ] --END-- [ RunTime:0.000465s ]
NOTIC: [2] openssl_verify() [<a href='function.openssl-verify'>function.openssl-verify</a>]: supplied key param cannot be coerced into a public key D:\wnmp1\wwwroot\v1\branches\v1\lib\ThinkPHP\Extend\Vendor\alipayv2\aop\AopClient.php 第 415 行.
NOTIC: [2] openssl_free_key() expects parameter 1 to be resource, boolean given D:\wnmp1\wwwroot\v1\branches\v1\lib\ThinkPHP\Extend\Vendor\alipayv2\aop\AopClient.php 第 418 行.
ERR: check sign Fail1! [sign=RLQqBp8HVrQSdDRLKTsrWa58ycOdcl4RLJDe+rEkoIPRA2xmUyekf619KbTFLoubdKFW52pXPfIBb6uAfhKo+AjZx+Bvhz2cLa2NqdvfZjRRoMSck6CLvXSwG0LmwBTK7cyeOdT4oey8Oh6c5HAfjKbjj4kpy6gH+8Up9yOXx7U=, signSourceData={"code":"20001","msg":"Insufficient Token Permissions","sub_code":"aop.invalid-auth-token","sub_msg":"无效的访问令牌"}]

[ 2016-06-24T15:23:17+08:00 ] /PayResult/gotopay
INFO: [ route_check ] --START--
INFO: Run CheckRoute Behavior [ RunTime:0.000635s ]
INFO: [ route_check ] --END-- [ RunTime:0.000709s ]
INFO: [ app_begin ] --START--
INFO: Run ReadHtmlCache Behavior [ RunTime:0.000455s ]
INFO: [ app_begin ] --END-- [ RunTime:0.000506s ]

[ 2016-06-24T15:23:36+08:00 ] /PayResult/gotopay
INFO: [ route_check ] --START--
INFO: Run CheckRoute Behavior [ RunTime:0.001139s ]
INFO: [ route_check ] --END-- [ RunTime:0.001258s ]
INFO: [ app_begin ] --START--
INFO: Run ReadHtmlCache Behavior [ RunTime:0.000925s ]
INFO: [ app_begin ] --END-- [ RunTime:0.001045s ]
NOTIC: [2] openssl_verify() [<a href='function.openssl-verify'>function.openssl-verify</a>]: supplied key param cannot be coerced into a public key D:\wnmp1\wwwroot\v1\branches\v1\lib\ThinkPHP\Extend\Vendor\alipayv2\aop\AopClient.php 第 415 行.
NOTIC: [2] openssl_free_key() expects parameter 1 to be resource, boolean given D:\wnmp1\wwwroot\v1\branches\v1\lib\ThinkPHP\Extend\Vendor\alipayv2\aop\AopClient.php 第 418 行.
ERR: check sign Fail1! [sign=gMKLgSVi0YvZnZ2PNG8YT4W66Wvfe2cKk2egxNskCW8M5eW0gSZ9Z8KDrfyd/DZlCxI3FoFV7OLhU+3MTKzv/V6kACwTm1Q3DyQMLz703VubsxkLAbzGr7FMMd09ns0GyEZpCAKJfuSNEr/PS7jpu1VKA3y+CHVM6ajI3W78TpE=, signSourceData={"access_token":"authbseBbc5effb1116444979e069f44800e8X98","alipay_user_id":"20880002337478471363207340219898","expires_in":1296000,"re_expires_in":31536000,"refresh_token":"authbseB758d927eefc8414a87d4fcbd05242X98","user_id":"2088711454371984"}]

[ 2016-06-24T15:42:18+08:00 ] /PayResult/gotopay
INFO: [ route_check ] --START--
INFO: Run CheckRoute Behavior [ RunTime:0.000571s ]
INFO: [ route_check ] --END-- [ RunTime:0.000640s ]
INFO: [ app_begin ] --START--
INFO: Run ReadHtmlCache Behavior [ RunTime:0.000425s ]
INFO: [ app_begin ] --END-- [ RunTime:0.000480s ]
NOTIC: [2] openssl_verify() [<a href='function.openssl-verify'>function.openssl-verify</a>]: supplied key param cannot be coerced into a public key D:\wnmp1\wwwroot\v1\branches\v1\lib\ThinkPHP\Extend\Vendor\alipayv2\aop\AopClient.php 第 415 行.
NOTIC: [2] openssl_free_key() expects parameter 1 to be resource, boolean given D:\wnmp1\wwwroot\v1\branches\v1\lib\ThinkPHP\Extend\Vendor\alipayv2\aop\AopClient.php 第 418 行.
ERR: check sign Fail1! [sign=gMKLgSVi0YvZnZ2PNG8YT4W66Wvfe2cKk2egxNskCW8M5eW0gSZ9Z8KDrfyd/DZlCxI3FoFV7OLhU+3MTKzv/V6kACwTm1Q3DyQMLz703VubsxkLAbzGr7FMMd09ns0GyEZpCAKJfuSNEr/PS7jpu1VKA3y+CHVM6ajI3W78TpE=, signSourceData={"access_token":"authbseBbc5effb1116444979e069f44800e8X98","alipay_user_id":"20880002337478471363207340219898","expires_in":1296000,"re_expires_in":31536000,"refresh_token":"authbseB758d927eefc8414a87d4fcbd05242X98","user_id":"2088711454371984"}]

[ 2016-06-24T15:42:30+08:00 ] /PayResult/gotopay
INFO: [ route_check ] --START--
INFO: Run CheckRoute Behavior [ RunTime:0.000512s ]
INFO: [ route_check ] --END-- [ RunTime:0.000577s ]
INFO: [ app_begin ] --START--
INFO: Run ReadHtmlCache Behavior [ RunTime:0.000433s ]
INFO: [ app_begin ] --END-- [ RunTime:0.000480s ]
NOTIC: [2] openssl_verify() [<a href='function.openssl-verify'>function.openssl-verify</a>]: supplied key param cannot be coerced into a public key D:\wnmp1\wwwroot\v1\branches\v1\lib\ThinkPHP\Extend\Vendor\alipayv2\aop\AopClient.php 第 415 行.
NOTIC: [2] openssl_free_key() expects parameter 1 to be resource, boolean given D:\wnmp1\wwwroot\v1\branches\v1\lib\ThinkPHP\Extend\Vendor\alipayv2\aop\AopClient.php 第 418 行.
ERR: check sign Fail1! [sign=gMKLgSVi0YvZnZ2PNG8YT4W66Wvfe2cKk2egxNskCW8M5eW0gSZ9Z8KDrfyd/DZlCxI3FoFV7OLhU+3MTKzv/V6kACwTm1Q3DyQMLz703VubsxkLAbzGr7FMMd09ns0GyEZpCAKJfuSNEr/PS7jpu1VKA3y+CHVM6ajI3W78TpE=, signSourceData={"access_token":"authbseBbc5effb1116444979e069f44800e8X98","alipay_user_id":"20880002337478471363207340219898","expires_in":1296000,"re_expires_in":31536000,"refresh_token":"authbseB758d927eefc8414a87d4fcbd05242X98","user_id":"2088711454371984"}]

[ 2016-06-24T15:42:49+08:00 ] /PayResult/gotopay
INFO: [ route_check ] --START--
INFO: Run CheckRoute Behavior [ RunTime:0.000632s ]
INFO: [ route_check ] --END-- [ RunTime:0.000715s ]
INFO: [ app_begin ] --START--
INFO: Run ReadHtmlCache Behavior [ RunTime:0.000521s ]
INFO: [ app_begin ] --END-- [ RunTime:0.000582s ]
NOTIC: [2] openssl_verify() [<a href='function.openssl-verify'>function.openssl-verify</a>]: supplied key param cannot be coerced into a public key D:\wnmp1\wwwroot\v1\branches\v1\lib\ThinkPHP\Extend\Vendor\alipayv2\aop\AopClient.php 第 415 行.
NOTIC: [2] openssl_free_key() expects parameter 1 to be resource, boolean given D:\wnmp1\wwwroot\v1\branches\v1\lib\ThinkPHP\Extend\Vendor\alipayv2\aop\AopClient.php 第 418 行.
ERR: check sign Fail1! [sign=gMKLgSVi0YvZnZ2PNG8YT4W66Wvfe2cKk2egxNskCW8M5eW0gSZ9Z8KDrfyd/DZlCxI3FoFV7OLhU+3MTKzv/V6kACwTm1Q3DyQMLz703VubsxkLAbzGr7FMMd09ns0GyEZpCAKJfuSNEr/PS7jpu1VKA3y+CHVM6ajI3W78TpE=, signSourceData={"access_token":"authbseBbc5effb1116444979e069f44800e8X98","alipay_user_id":"20880002337478471363207340219898","expires_in":1296000,"re_expires_in":31536000,"refresh_token":"authbseB758d927eefc8414a87d4fcbd05242X98","user_id":"2088711454371984"}]

[ 2016-06-24T15:43:26+08:00 ] /PayResult/gotopay
INFO: [ route_check ] --START--
INFO: Run CheckRoute Behavior [ RunTime:0.000630s ]
INFO: [ route_check ] --END-- [ RunTime:0.000704s ]
INFO: [ app_begin ] --START--
INFO: Run ReadHtmlCache Behavior [ RunTime:0.000601s ]
INFO: [ app_begin ] --END-- [ RunTime:0.000662s ]
NOTIC: [2] openssl_verify() [<a href='function.openssl-verify'>function.openssl-verify</a>]: supplied key param cannot be coerced into a public key D:\wnmp1\wwwroot\v1\branches\v1\lib\ThinkPHP\Extend\Vendor\alipayv2\aop\AopClient.php 第 415 行.
NOTIC: [2] openssl_free_key() expects parameter 1 to be resource, boolean given D:\wnmp1\wwwroot\v1\branches\v1\lib\ThinkPHP\Extend\Vendor\alipayv2\aop\AopClient.php 第 418 行.
ERR: check sign Fail1! [sign=JSW7zYShT+eSvdWsYzqP7d8muEbHseKqEDjgdzb+Dqdqn1+x1/r+JqLkjny+quvK+5bN3DTfwhjrxeFs7+039WjKH2YJoTSJn+d0jZYE/WdTCNqw3qI9jYS/FeL9FLWFUy6RGfUDYYuJtu9/sWQmnfE1oC50zAb/MyWo4UQYX1E=, signSourceData={"code":"40004","msg":"Business Failed","sub_code":"ACQ.TRADE_HAS_CLOSE","sub_msg":"交易已经关闭"}]

[ 2016-06-24T15:43:44+08:00 ] /PayResult/gotopay
INFO: [ route_check ] --START--
INFO: Run CheckRoute Behavior [ RunTime:0.001228s ]
INFO: [ route_check ] --END-- [ RunTime:0.001357s ]
INFO: [ app_begin ] --START--
INFO: Run ReadHtmlCache Behavior [ RunTime:0.000886s ]
INFO: [ app_begin ] --END-- [ RunTime:0.000982s ]
NOTIC: [2] openssl_verify() [<a href='function.openssl-verify'>function.openssl-verify</a>]: supplied key param cannot be coerced into a public key D:\wnmp1\wwwroot\v1\branches\v1\lib\ThinkPHP\Extend\Vendor\alipayv2\aop\AopClient.php 第 415 行.
NOTIC: [2] openssl_free_key() expects parameter 1 to be resource, boolean given D:\wnmp1\wwwroot\v1\branches\v1\lib\ThinkPHP\Extend\Vendor\alipayv2\aop\AopClient.php 第 418 行.
ERR: check sign Fail1! [sign=qaC00+Wu+p6EYbg5PWm97sl/ZzrY+Jov0aVDROUvZEJDIX22EYj0hVgodgbtNITOb8wUARAzqX/ds0daJc+OKtBi/4xyD1C6G2HZmxdC1QmkC4CFQ8w6lx4wom1E1F6XhGbyi1TqlNt1CkUSd+Pra6jrfnD1qkIExvVspaGwO6Q=, signSourceData={"code":"10000","msg":"Success","out_trade_no":"2032001033100122","trade_no":"2016062421001004150283793929"}]

[ 2016-06-24T15:45:07+08:00 ] /PayResult/
INFO: [ route_check ] --START--
INFO: Run CheckRoute Behavior [ RunTime:0.000636s ]
INFO: [ route_check ] --END-- [ RunTime:0.000712s ]
INFO: [ app_begin ] --START--
INFO: Run ReadHtmlCache Behavior [ RunTime:0.000420s ]
INFO: [ app_begin ] --END-- [ RunTime:0.000469s ]

[ 2016-06-24T15:45:08+08:00 ] /
INFO: [ app_begin ] --START--
INFO: Run ReadHtmlCache Behavior [ RunTime:0.000443s ]
INFO: [ app_begin ] --END-- [ RunTime:0.000503s ]
NOTIC: [8] Undefined index: match D:\wnmp1\wwwroot\v1\branches\v1\DataSource\Lib\Action\IndexAction.class.php 第 21 行.
NOTIC: [8] Undefined index: platform D:\wnmp1\wwwroot\v1\branches\v1\DataSource\Lib\Action\IndexAction.class.php 第 22 行.
NOTIC: [8] Undefined index: db_dsn D:\wnmp1\wwwroot\v1\branches\v1\lib\ThinkPHP\Lib\Core\Db.class.php 第 129 行.
NOTIC: [8] Undefined index: db_params D:\wnmp1\wwwroot\v1\branches\v1\lib\ThinkPHP\Lib\Core\Db.class.php 第 130 行.
SQL: SHOW COLUMNS FROM `zx_tb_matchs` [ RunTime:0.029337s ]
SQL:  select * from zx_tb_matchs where  m_sign = 1  and m_state = 0 and m_releaseTime < NOW() and m_offineTime > NOW()  order by m_order desc,id desc limit 0,5  [ RunTime:0.004132s ]
SQL: SHOW COLUMNS FROM `zx_tb_classinfo` [ RunTime:0.010583s ]
NOTIC: [2] Missing argument 6 for ClassInfoModel::getContent(), called in D:\wnmp1\wwwroot\v1\branches\v1\DataSource\Lib\Action\IndexAction.class.php on line 38 and defined D:\wnmp1\wwwroot\v1\branches\v1\DataSource\Lib\Model\ClassInfoModel.class.php 第 22 行.
NOTIC: [8] Undefined variable: order D:\wnmp1\wwwroot\v1\branches\v1\DataSource\Lib\Model\ClassInfoModel.class.php 第 33 行.
SQL: SELECT info.id,info.cid,cls.classname,info.n_title,info.n_img,info.n_url,info.sign,info.orderid  FROM `zx_tb_class` cls LEFT JOIN zx_tb_classinfo info ON  cls.id = info.cid WHERE cls.short_name='zx_banner' AND cls.isdel=0 AND info.isdel=0 and info.isdisplay=1 AND info.itime<=NOW() AND info.offtime>NOW()  order by  info.sign desc,info.orderid desc,info.utime desc,id DESC  limit 0,10  [ RunTime:0.007818s ]
NOTIC: [2] Missing argument 6 for ClassInfoModel::getContent(), called in D:\wnmp1\wwwroot\v1\branches\v1\DataSource\Lib\Action\IndexAction.class.php on line 42 and defined D:\wnmp1\wwwroot\v1\branches\v1\DataSource\Lib\Model\ClassInfoModel.class.php 第 22 行.
NOTIC: [8] Undefined variable: order D:\wnmp1\wwwroot\v1\branches\v1\DataSource\Lib\Model\ClassInfoModel.class.php 第 33 行.
SQL: SELECT info.id,info.cid,cls.classname,info.n_title,info.n_img,info.n_url,info.sign,info.orderid  FROM `zx_tb_class` cls LEFT JOIN zx_tb_classinfo info ON  cls.id = info.cid WHERE cls.short_name='zx_hotwords' AND cls.isdel=0 AND info.isdel=0 and info.isdisplay=1 AND info.itime<=NOW() AND info.offtime>NOW()  order by  info.sign desc,info.orderid desc,info.utime desc,id DESC  limit 0,100  [ RunTime:0.000888s ]
INFO: [ view_template ] --START--
INFO: Run LocationTemplate Behavior [ RunTime:0.000732s ]
INFO: [ view_template ] --END-- [ RunTime:0.000809s ]
INFO: [ view_parse ] --START--
NOTIC: [8] Undefined index: m_banner D:\wnmp1\wwwroot\v1\branches\v1\DataSource\Runtime\Temp\9f529053051950a069732b98964695a605c1670d.file.banner.html.php 第 52 行.
NOTIC: [8] Trying to get property of non-object D:\wnmp1\wwwroot\v1\branches\v1\DataSource\Runtime\Temp\9f529053051950a069732b98964695a605c1670d.file.banner.html.php 第 52 行.
INFO: Run ParseTemplate Behavior [ RunTime:0.075657s ]
INFO: [ view_parse ] --END-- [ RunTime:0.075732s ]
INFO: [ view_filter ] --START--
INFO: Run ContentReplace Behavior [ RunTime:0.000851s ]
INFO: Run TokenBuild Behavior [ RunTime:0.000524s ]
INFO: Run WriteHtmlCache Behavior [ RunTime:0.000708s ]
INFO: Run ShowRuntime Behavior [ RunTime:0.000797s ]
INFO: [ view_filter ] --END-- [ RunTime:0.003152s ]
INFO: [ view_end ] --START--
INFO: Run ShowPageTrace Behavior [ RunTime:0.000888s ]
INFO: [ view_end ] --END-- [ RunTime:0.000975s ]

[ 2016-06-24T15:45:09+08:00 ] /weixin/getJsTk?url=http%3A%2F%2F127.0.0.1%3A8089%2F
INFO: [ route_check ] --START--
INFO: Run CheckRoute Behavior [ RunTime:0.000513s ]
INFO: [ route_check ] --END-- [ RunTime:0.000577s ]
INFO: [ app_begin ] --START--
INFO: Run ReadHtmlCache Behavior [ RunTime:0.000446s ]
INFO: [ app_begin ] --END-- [ RunTime:0.000488s ]
NOTIC: [2] Missing argument 2 for WeixinAcessTokenModel::Jstoken(), called in D:\wnmp1\wwwroot\v1\branches\v1\DataSource\Lib\Action\WeixinAction.class.php on line 112 and defined D:\wnmp1\wwwroot\v1\branches\v1\DataSource\Lib\Model\WeixinAcessTokenModel.class.php 第 24 行.
ERR: Redis server went away

[ 2016-06-24T15:48:12+08:00 ] /PayResult/
INFO: [ route_check ] --START--
INFO: Run CheckRoute Behavior [ RunTime:0.001691s ]
INFO: [ route_check ] --END-- [ RunTime:0.003009s ]
INFO: [ app_begin ] --START--
INFO: Run ReadHtmlCache Behavior [ RunTime:0.000469s ]
INFO: [ app_begin ] --END-- [ RunTime:0.000530s ]

[ 2016-06-24T15:49:37+08:00 ] /PayResult/
INFO: [ route_check ] --START--
INFO: Run CheckRoute Behavior [ RunTime:0.000794s ]
INFO: [ route_check ] --END-- [ RunTime:0.001193s ]
INFO: [ app_begin ] --START--
INFO: Run ReadHtmlCache Behavior [ RunTime:0.000545s ]
INFO: [ app_begin ] --END-- [ RunTime:0.000598s ]

[ 2016-06-24T15:49:41+08:00 ] /PayResult/
INFO: [ route_check ] --START--
INFO: Run CheckRoute Behavior [ RunTime:0.000554s ]
INFO: [ route_check ] --END-- [ RunTime:0.000619s ]
INFO: [ app_begin ] --START--
INFO: Run ReadHtmlCache Behavior [ RunTime:0.000451s ]
INFO: [ app_begin ] --END-- [ RunTime:0.000499s ]

[ 2016-06-24T15:50:17+08:00 ] /PayResult/
INFO: [ route_check ] --START--
INFO: Run CheckRoute Behavior [ RunTime:0.000821s ]
INFO: [ route_check ] --END-- [ RunTime:0.000915s ]
INFO: [ app_begin ] --START--
INFO: Run ReadHtmlCache Behavior [ RunTime:0.000469s ]
INFO: [ app_begin ] --END-- [ RunTime:0.000525s ]

[ 2016-06-24T15:50:19+08:00 ] /PayResult/
INFO: [ route_check ] --START--
INFO: Run CheckRoute Behavior [ RunTime:0.000595s ]
INFO: [ route_check ] --END-- [ RunTime:0.000669s ]
INFO: [ app_begin ] --START--
INFO: Run ReadHtmlCache Behavior [ RunTime:0.000524s ]
INFO: [ app_begin ] --END-- [ RunTime:0.000576s ]

[ 2016-06-24T15:50:38+08:00 ] /PayResult/
INFO: [ route_check ] --START--
INFO: Run CheckRoute Behavior [ RunTime:0.001277s ]
INFO: [ route_check ] --END-- [ RunTime:0.001432s ]
INFO: [ app_begin ] --START--
INFO: Run ReadHtmlCache Behavior [ RunTime:0.001291s ]
INFO: [ app_begin ] --END-- [ RunTime:0.001509s ]

[ 2016-06-24T15:50:39+08:00 ] /PayResult/
INFO: [ route_check ] --START--
INFO: Run CheckRoute Behavior [ RunTime:0.000816s ]
INFO: [ route_check ] --END-- [ RunTime:0.000962s ]
INFO: [ app_begin ] --START--
INFO: Run ReadHtmlCache Behavior [ RunTime:0.000478s ]
INFO: [ app_begin ] --END-- [ RunTime:0.000527s ]

[ 2016-06-24T15:51:02+08:00 ] /PayResult/
INFO: [ route_check ] --START--
INFO: Run CheckRoute Behavior [ RunTime:0.000599s ]
INFO: [ route_check ] --END-- [ RunTime:0.000673s ]
INFO: [ app_begin ] --START--
INFO: Run ReadHtmlCache Behavior [ RunTime:0.000520s ]
INFO: [ app_begin ] --END-- [ RunTime:0.000570s ]

[ 2016-06-24T15:51:03+08:00 ] /PayResult/
INFO: [ route_check ] --START--
INFO: Run CheckRoute Behavior [ RunTime:0.000678s ]
INFO: [ route_check ] --END-- [ RunTime:0.000756s ]
INFO: [ app_begin ] --START--
INFO: Run ReadHtmlCache Behavior [ RunTime:0.000667s ]
INFO: [ app_begin ] --END-- [ RunTime:0.000728s ]

[ 2016-06-24T15:51:03+08:00 ] /PayResult/
INFO: [ route_check ] --START--
INFO: Run CheckRoute Behavior [ RunTime:0.001404s ]
INFO: [ route_check ] --END-- [ RunTime:0.001562s ]
INFO: [ app_begin ] --START--
INFO: Run ReadHtmlCache Behavior [ RunTime:0.001250s ]
INFO: [ app_begin ] --END-- [ RunTime:0.001371s ]

[ 2016-06-24T15:51:03+08:00 ] /PayResult/
INFO: [ route_check ] --START--
INFO: Run CheckRoute Behavior [ RunTime:0.000651s ]
INFO: [ route_check ] --END-- [ RunTime:0.000783s ]
INFO: [ app_begin ] --START--
INFO: Run ReadHtmlCache Behavior [ RunTime:0.000429s ]
INFO: [ app_begin ] --END-- [ RunTime:0.000473s ]

[ 2016-06-24T15:51:07+08:00 ] /PayResult/
INFO: [ route_check ] --START--
INFO: Run CheckRoute Behavior [ RunTime:0.000536s ]
INFO: [ route_check ] --END-- [ RunTime:0.000602s ]
INFO: [ app_begin ] --START--
INFO: Run ReadHtmlCache Behavior [ RunTime:0.000452s ]
INFO: [ app_begin ] --END-- [ RunTime:0.000504s ]

[ 2016-06-24T15:51:12+08:00 ] /PayResult/
INFO: [ route_check ] --START--
INFO: Run CheckRoute Behavior [ RunTime:0.000598s ]
INFO: [ route_check ] --END-- [ RunTime:0.000673s ]
INFO: [ app_begin ] --START--
INFO: Run ReadHtmlCache Behavior [ RunTime:0.000486s ]
INFO: [ app_begin ] --END-- [ RunTime:0.000539s ]

[ 2016-06-24T15:51:13+08:00 ] /PayResult/
INFO: [ route_check ] --START--
INFO: Run CheckRoute Behavior [ RunTime:0.001762s ]
INFO: [ route_check ] --END-- [ RunTime:0.001954s ]
INFO: [ app_begin ] --START--
INFO: Run ReadHtmlCache Behavior [ RunTime:0.001391s ]
INFO: [ app_begin ] --END-- [ RunTime:0.001530s ]

[ 2016-06-24T15:51:14+08:00 ] /PayResult/
INFO: [ route_check ] --START--
INFO: Run CheckRoute Behavior [ RunTime:0.001349s ]
INFO: [ route_check ] --END-- [ RunTime:0.001512s ]
INFO: [ app_begin ] --START--
INFO: Run ReadHtmlCache Behavior [ RunTime:0.001423s ]
INFO: [ app_begin ] --END-- [ RunTime:0.001549s ]

[ 2016-06-24T15:51:14+08:00 ] /PayResult/
INFO: [ route_check ] --START--
INFO: Run CheckRoute Behavior [ RunTime:0.000555s ]
INFO: [ route_check ] --END-- [ RunTime:0.000621s ]
INFO: [ app_begin ] --START--
INFO: Run ReadHtmlCache Behavior [ RunTime:0.000462s ]
INFO: [ app_begin ] --END-- [ RunTime:0.000516s ]

[ 2016-06-24T15:51:14+08:00 ] /PayResult/
INFO: [ route_check ] --START--
INFO: Run CheckRoute Behavior [ RunTime:0.000657s ]
INFO: [ route_check ] --END-- [ RunTime:0.000736s ]
INFO: [ app_begin ] --START--
INFO: Run ReadHtmlCache Behavior [ RunTime:0.000555s ]
INFO: [ app_begin ] --END-- [ RunTime:0.000614s ]

[ 2016-06-24T15:51:28+08:00 ] /PayResult/
INFO: [ route_check ] --START--
INFO: Run CheckRoute Behavior [ RunTime:0.000534s ]
INFO: [ route_check ] --END-- [ RunTime:0.000604s ]
INFO: [ app_begin ] --START--
INFO: Run ReadHtmlCache Behavior [ RunTime:0.000494s ]
INFO: [ app_begin ] --END-- [ RunTime:0.000561s ]
INFO: [ view_template ] --START--
INFO: Run LocationTemplate Behavior [ RunTime:0.000804s ]
INFO: [ view_template ] --END-- [ RunTime:0.000913s ]
INFO: [ view_parse ] --START--
NOTIC: [2] filemtime() [<a href='function.filemtime'>function.filemtime</a>]: stat failed for ../DataSource/Runtime/Temp\bc508b321ce992226b3ce6322228242f9112cc18.file.index.html.php D:\wnmp1\wwwroot\v1\branches\v1\lib\ThinkPHP\Extend\Vendor\Smarty\sysplugins\smarty_resource.php 第 683 行.
NOTIC: [2] unlink(../DataSource/Runtime/Temp\bc508b321ce992226b3ce6322228242f9112cc18.file.index.html.php) [<a href='function.unlink'>function.unlink</a>]: No such file or directory D:\wnmp1\wwwroot\v1\branches\v1\lib\ThinkPHP\Extend\Vendor\Smarty\sysplugins\smarty_internal_write_file.php 第 49 行.
INFO: Run ParseTemplate Behavior [ RunTime:0.048466s ]
INFO: [ view_parse ] --END-- [ RunTime:0.048539s ]
INFO: [ view_filter ] --START--
INFO: Run ContentReplace Behavior [ RunTime:0.000445s ]
INFO: Run TokenBuild Behavior [ RunTime:0.000335s ]
INFO: Run WriteHtmlCache Behavior [ RunTime:0.000363s ]
INFO: Run ShowRuntime Behavior [ RunTime:0.000589s ]
INFO: [ view_filter ] --END-- [ RunTime:0.001904s ]
INFO: [ view_end ] --START--
INFO: Run ShowPageTrace Behavior [ RunTime:0.000738s ]
INFO: [ view_end ] --END-- [ RunTime:0.000810s ]

[ 2016-06-24T15:51:32+08:00 ] /PayResult/
INFO: [ route_check ] --START--
INFO: Run CheckRoute Behavior [ RunTime:0.000753s ]
INFO: [ route_check ] --END-- [ RunTime:0.000838s ]
INFO: [ app_begin ] --START--
INFO: Run ReadHtmlCache Behavior [ RunTime:0.000548s ]
INFO: [ app_begin ] --END-- [ RunTime:0.000616s ]
INFO: [ view_template ] --START--
INFO: Run LocationTemplate Behavior [ RunTime:0.000851s ]
INFO: [ view_template ] --END-- [ RunTime:0.000968s ]
INFO: [ view_parse ] --START--
INFO: Run ParseTemplate Behavior [ RunTime:0.013547s ]
INFO: [ view_parse ] --END-- [ RunTime:0.013628s ]
INFO: [ view_filter ] --START--
INFO: Run ContentReplace Behavior [ RunTime:0.000357s ]
INFO: Run TokenBuild Behavior [ RunTime:0.000359s ]
INFO: Run WriteHtmlCache Behavior [ RunTime:0.000250s ]
INFO: Run ShowRuntime Behavior [ RunTime:0.000405s ]
INFO: [ view_filter ] --END-- [ RunTime:0.001549s ]
INFO: [ view_end ] --START--
INFO: Run ShowPageTrace Behavior [ RunTime:0.000398s ]
INFO: [ view_end ] --END-- [ RunTime:0.000439s ]

[ 2016-06-24T15:51:32+08:00 ] /PayResult/
INFO: [ route_check ] --START--
INFO: Run CheckRoute Behavior [ RunTime:0.002825s ]
INFO: [ route_check ] --END-- [ RunTime:0.002946s ]
INFO: [ app_begin ] --START--
INFO: Run ReadHtmlCache Behavior [ RunTime:0.000619s ]
INFO: [ app_begin ] --END-- [ RunTime:0.000789s ]
INFO: [ view_template ] --START--
INFO: Run LocationTemplate Behavior [ RunTime:0.000386s ]
INFO: [ view_template ] --END-- [ RunTime:0.000473s ]
INFO: [ view_parse ] --START--
INFO: Run ParseTemplate Behavior [ RunTime:0.010598s ]
INFO: [ view_parse ] --END-- [ RunTime:0.010698s ]
INFO: [ view_filter ] --START--
INFO: Run ContentReplace Behavior [ RunTime:0.000360s ]
INFO: Run TokenBuild Behavior [ RunTime:0.000531s ]
INFO: Run WriteHtmlCache Behavior [ RunTime:0.000445s ]
INFO: Run ShowRuntime Behavior [ RunTime:0.000519s ]
INFO: [ view_filter ] --END-- [ RunTime:0.002170s ]
INFO: [ view_end ] --START--
INFO: Run ShowPageTrace Behavior [ RunTime:0.000414s ]
INFO: [ view_end ] --END-- [ RunTime:0.000457s ]

[ 2016-06-24T15:51:37+08:00 ] /PayResult/
INFO: [ route_check ] --START--
INFO: Run CheckRoute Behavior [ RunTime:0.000544s ]
INFO: [ route_check ] --END-- [ RunTime:0.000611s ]
INFO: [ app_begin ] --START--
INFO: Run ReadHtmlCache Behavior [ RunTime:0.000373s ]
INFO: [ app_begin ] --END-- [ RunTime:0.000420s ]
INFO: [ view_template ] --START--
INFO: Run LocationTemplate Behavior [ RunTime:0.000283s ]
INFO: [ view_template ] --END-- [ RunTime:0.000343s ]
INFO: [ view_parse ] --START--
INFO: Run ParseTemplate Behavior [ RunTime:0.008188s ]
INFO: [ view_parse ] --END-- [ RunTime:0.008247s ]
INFO: [ view_filter ] --START--
INFO: Run ContentReplace Behavior [ RunTime:0.000283s ]
INFO: Run TokenBuild Behavior [ RunTime:0.000270s ]
INFO: Run WriteHtmlCache Behavior [ RunTime:0.000195s ]
INFO: Run ShowRuntime Behavior [ RunTime:0.000309s ]
INFO: [ view_filter ] --END-- [ RunTime:0.001198s ]
INFO: [ view_end ] --START--
INFO: Run ShowPageTrace Behavior [ RunTime:0.000422s ]
INFO: [ view_end ] --END-- [ RunTime:0.000490s ]

[ 2016-06-24T15:51:38+08:00 ] /PayResult/
INFO: [ route_check ] --START--
INFO: Run CheckRoute Behavior [ RunTime:0.000785s ]
INFO: [ route_check ] --END-- [ RunTime:0.000872s ]
INFO: [ app_begin ] --START--
INFO: Run ReadHtmlCache Behavior [ RunTime:0.000534s ]
INFO: [ app_begin ] --END-- [ RunTime:0.000598s ]
INFO: [ view_template ] --START--
INFO: Run LocationTemplate Behavior [ RunTime:0.000396s ]
INFO: [ view_template ] --END-- [ RunTime:0.000481s ]
INFO: [ view_parse ] --START--
INFO: Run ParseTemplate Behavior [ RunTime:0.011592s ]
INFO: [ view_parse ] --END-- [ RunTime:0.011657s ]
INFO: [ view_filter ] --START--
INFO: Run ContentReplace Behavior [ RunTime:0.000272s ]
INFO: Run TokenBuild Behavior [ RunTime:0.000304s ]
INFO: Run WriteHtmlCache Behavior [ RunTime:0.000287s ]
INFO: Run ShowRuntime Behavior [ RunTime:0.000453s ]
INFO: [ view_filter ] --END-- [ RunTime:0.001498s ]
INFO: [ view_end ] --START--
INFO: Run ShowPageTrace Behavior [ RunTime:0.000608s ]
INFO: [ view_end ] --END-- [ RunTime:0.000671s ]

[ 2016-06-24T15:51:39+08:00 ] /PayResult/
INFO: [ route_check ] --START--
INFO: Run CheckRoute Behavior [ RunTime:0.001177s ]
INFO: [ route_check ] --END-- [ RunTime:0.001334s ]
INFO: [ app_begin ] --START--
INFO: Run ReadHtmlCache Behavior [ RunTime:0.000807s ]
INFO: [ app_begin ] --END-- [ RunTime:0.000900s ]
INFO: [ view_template ] --START--
INFO: Run LocationTemplate Behavior [ RunTime:0.000600s ]
INFO: [ view_template ] --END-- [ RunTime:0.000725s ]
INFO: [ view_parse ] --START--
INFO: Run ParseTemplate Behavior [ RunTime:0.011217s ]
INFO: [ view_parse ] --END-- [ RunTime:0.011289s ]
INFO: [ view_filter ] --START--
INFO: Run ContentReplace Behavior [ RunTime:0.000264s ]
INFO: Run TokenBuild Behavior [ RunTime:0.000253s ]
INFO: Run WriteHtmlCache Behavior [ RunTime:0.000182s ]
INFO: Run ShowRuntime Behavior [ RunTime:0.000293s ]
INFO: [ view_filter ] --END-- [ RunTime:0.001126s ]
INFO: [ view_end ] --START--
INFO: Run ShowPageTrace Behavior [ RunTime:0.000400s ]
INFO: [ view_end ] --END-- [ RunTime:0.000441s ]

[ 2016-06-24T15:52:12+08:00 ] /PayResult/
INFO: [ route_check ] --START--
INFO: Run CheckRoute Behavior [ RunTime:0.000883s ]
INFO: [ route_check ] --END-- [ RunTime:0.000971s ]
INFO: [ app_begin ] --START--
INFO: Run ReadHtmlCache Behavior [ RunTime:0.002329s ]
INFO: [ app_begin ] --END-- [ RunTime:0.002781s ]
INFO: [ view_template ] --START--
INFO: Run LocationTemplate Behavior [ RunTime:0.000600s ]
INFO: [ view_template ] --END-- [ RunTime:0.000686s ]
INFO: [ view_parse ] --START--
INFO: Run ParseTemplate Behavior [ RunTime:0.028797s ]
INFO: [ view_parse ] --END-- [ RunTime:0.028877s ]
INFO: [ view_filter ] --START--
INFO: Run ContentReplace Behavior [ RunTime:0.000596s ]
INFO: Run TokenBuild Behavior [ RunTime:0.000351s ]
INFO: Run WriteHtmlCache Behavior [ RunTime:0.000253s ]
INFO: Run ShowRuntime Behavior [ RunTime:0.000349s ]
INFO: [ view_filter ] --END-- [ RunTime:0.001697s ]
INFO: [ view_end ] --START--
INFO: Run ShowPageTrace Behavior [ RunTime:0.000436s ]
INFO: [ view_end ] --END-- [ RunTime:0.000477s ]

[ 2016-06-24T15:52:43+08:00 ] /PayResult/
INFO: [ route_check ] --START--
INFO: Run CheckRoute Behavior [ RunTime:0.000809s ]
INFO: [ route_check ] --END-- [ RunTime:0.000899s ]
INFO: [ app_begin ] --START--
INFO: Run ReadHtmlCache Behavior [ RunTime:0.000576s ]
INFO: [ app_begin ] --END-- [ RunTime:0.000645s ]
INFO: [ view_template ] --START--
INFO: Run LocationTemplate Behavior [ RunTime:0.000634s ]
INFO: [ view_template ] --END-- [ RunTime:0.000733s ]
INFO: [ view_parse ] --START--
INFO: Run ParseTemplate Behavior [ RunTime:0.011769s ]
INFO: [ view_parse ] --END-- [ RunTime:0.011845s ]
INFO: [ view_filter ] --START--
INFO: Run ContentReplace Behavior [ RunTime:0.000404s ]
INFO: Run TokenBuild Behavior [ RunTime:0.000382s ]
INFO: Run WriteHtmlCache Behavior [ RunTime:0.000274s ]
INFO: Run ShowRuntime Behavior [ RunTime:0.000440s ]
INFO: [ view_filter ] --END-- [ RunTime:0.001697s ]
INFO: [ view_end ] --START--
INFO: Run ShowPageTrace Behavior [ RunTime:0.000613s ]
INFO: [ view_end ] --END-- [ RunTime:0.000677s ]

[ 2016-06-24T15:53:01+08:00 ] /PayResult/
INFO: [ route_check ] --START--
INFO: Run CheckRoute Behavior [ RunTime:0.000758s ]
INFO: [ route_check ] --END-- [ RunTime:0.000846s ]
INFO: [ app_begin ] --START--
INFO: Run ReadHtmlCache Behavior [ RunTime:0.000536s ]
INFO: [ app_begin ] --END-- [ RunTime:0.000601s ]
INFO: [ view_template ] --START--
INFO: Run LocationTemplate Behavior [ RunTime:0.000400s ]
INFO: [ view_template ] --END-- [ RunTime:0.000487s ]
INFO: [ view_parse ] --START--
INFO: Run ParseTemplate Behavior [ RunTime:0.010628s ]
INFO: [ view_parse ] --END-- [ RunTime:0.010699s ]
INFO: [ view_filter ] --START--
INFO: Run ContentReplace Behavior [ RunTime:0.000376s ]
INFO: Run TokenBuild Behavior [ RunTime:0.000378s ]
INFO: Run WriteHtmlCache Behavior [ RunTime:0.000266s ]
INFO: Run ShowRuntime Behavior [ RunTime:0.000430s ]
INFO: [ view_filter ] --END-- [ RunTime:0.001639s ]
INFO: [ view_end ] --START--
INFO: Run ShowPageTrace Behavior [ RunTime:0.000603s ]
INFO: [ view_end ] --END-- [ RunTime:0.000667s ]

[ 2016-06-24T15:53:31+08:00 ] /PayResult/
INFO: [ route_check ] --START--
INFO: Run CheckRoute Behavior [ RunTime:0.000816s ]
INFO: [ route_check ] --END-- [ RunTime:0.000909s ]
INFO: [ app_begin ] --START--
INFO: Run ReadHtmlCache Behavior [ RunTime:0.000650s ]
INFO: [ app_begin ] --END-- [ RunTime:0.000727s ]
INFO: [ view_template ] --START--
INFO: Run LocationTemplate Behavior [ RunTime:0.000485s ]
INFO: [ view_template ] --END-- [ RunTime:0.000585s ]
INFO: [ view_parse ] --START--
INFO: Run ParseTemplate Behavior [ RunTime:0.011392s ]
INFO: [ view_parse ] --END-- [ RunTime:0.011470s ]
INFO: [ view_filter ] --START--
INFO: Run ContentReplace Behavior [ RunTime:0.000410s ]
INFO: Run TokenBuild Behavior [ RunTime:0.000400s ]
INFO: Run WriteHtmlCache Behavior [ RunTime:0.000288s ]
INFO: Run ShowRuntime Behavior [ RunTime:0.000464s ]
INFO: [ view_filter ] --END-- [ RunTime:0.001771s ]
INFO: [ view_end ] --START--
INFO: Run ShowPageTrace Behavior [ RunTime:0.000655s ]
INFO: [ view_end ] --END-- [ RunTime:0.000722s ]

[ 2016-06-24T15:53:40+08:00 ] /PayResult/
INFO: [ route_check ] --START--
INFO: Run CheckRoute Behavior [ RunTime:0.000710s ]
INFO: [ route_check ] --END-- [ RunTime:0.000793s ]
INFO: [ app_begin ] --START--
INFO: Run ReadHtmlCache Behavior [ RunTime:0.000498s ]
INFO: [ app_begin ] --END-- [ RunTime:0.000558s ]
INFO: [ view_template ] --START--
INFO: Run LocationTemplate Behavior [ RunTime:0.000389s ]
INFO: [ view_template ] --END-- [ RunTime:0.000475s ]
INFO: [ view_parse ] --START--
INFO: Run ParseTemplate Behavior [ RunTime:0.010291s ]
INFO: [ view_parse ] --END-- [ RunTime:0.010363s ]
INFO: [ view_filter ] --START--
INFO: Run ContentReplace Behavior [ RunTime:0.000360s ]
INFO: Run TokenBuild Behavior [ RunTime:0.000381s ]
INFO: Run WriteHtmlCache Behavior [ RunTime:0.000251s ]
INFO: Run ShowRuntime Behavior [ RunTime:0.000421s ]
INFO: [ view_filter ] --END-- [ RunTime:0.001596s ]
INFO: [ view_end ] --START--
INFO: Run ShowPageTrace Behavior [ RunTime:0.000599s ]
INFO: [ view_end ] --END-- [ RunTime:0.000657s ]

[ 2016-06-24T15:53:58+08:00 ] /PayResult/
INFO: [ route_check ] --START--
INFO: Run CheckRoute Behavior [ RunTime:0.001316s ]
INFO: [ route_check ] --END-- [ RunTime:0.001470s ]
INFO: [ app_begin ] --START--
INFO: Run ReadHtmlCache Behavior [ RunTime:0.000930s ]
INFO: [ app_begin ] --END-- [ RunTime:0.001043s ]
INFO: [ view_template ] --START--
INFO: Run LocationTemplate Behavior [ RunTime:0.000712s ]
INFO: [ view_template ] --END-- [ RunTime:0.000861s ]
INFO: [ view_parse ] --START--
INFO: Run ParseTemplate Behavior [ RunTime:0.031255s ]
INFO: [ view_parse ] --END-- [ RunTime:0.031341s ]
INFO: [ view_filter ] --START--
INFO: Run ContentReplace Behavior [ RunTime:0.000483s ]
INFO: Run TokenBuild Behavior [ RunTime:0.000334s ]
INFO: Run WriteHtmlCache Behavior [ RunTime:0.000248s ]
INFO: Run ShowRuntime Behavior [ RunTime:0.000362s ]
INFO: [ view_filter ] --END-- [ RunTime:0.001582s ]
INFO: [ view_end ] --START--
INFO: Run ShowPageTrace Behavior [ RunTime:0.000508s ]
INFO: [ view_end ] --END-- [ RunTime:0.000555s ]

[ 2016-06-24T15:54:09+08:00 ] /PayResult/
INFO: [ route_check ] --START--
INFO: Run CheckRoute Behavior [ RunTime:0.000709s ]
INFO: [ route_check ] --END-- [ RunTime:0.000786s ]
INFO: [ app_begin ] --START--
INFO: Run ReadHtmlCache Behavior [ RunTime:0.000503s ]
INFO: [ app_begin ] --END-- [ RunTime:0.000564s ]
INFO: [ view_template ] --START--
INFO: Run LocationTemplate Behavior [ RunTime:0.000523s ]
INFO: [ view_template ] --END-- [ RunTime:0.000602s ]
INFO: [ view_parse ] --START--
INFO: Run ParseTemplate Behavior [ RunTime:0.010482s ]
INFO: [ view_parse ] --END-- [ RunTime:0.010548s ]
INFO: [ view_filter ] --START--
INFO: Run ContentReplace Behavior [ RunTime:0.000337s ]
INFO: Run TokenBuild Behavior [ RunTime:0.000325s ]
INFO: Run WriteHtmlCache Behavior [ RunTime:0.000235s ]
INFO: Run ShowRuntime Behavior [ RunTime:0.000377s ]
INFO: [ view_filter ] --END-- [ RunTime:0.001442s ]
INFO: [ view_end ] --START--
INFO: Run ShowPageTrace Behavior [ RunTime:0.000544s ]
INFO: [ view_end ] --END-- [ RunTime:0.000598s ]

[ 2016-06-24T15:54:21+08:00 ] /PayResult/
INFO: [ route_check ] --START--
INFO: Run CheckRoute Behavior [ RunTime:0.001061s ]
INFO: [ route_check ] --END-- [ RunTime:0.001196s ]
INFO: [ app_begin ] --START--
INFO: Run ReadHtmlCache Behavior [ RunTime:0.000745s ]
INFO: [ app_begin ] --END-- [ RunTime:0.000836s ]
INFO: [ view_template ] --START--
INFO: Run LocationTemplate Behavior [ RunTime:0.000614s ]
INFO: [ view_template ] --END-- [ RunTime:0.000736s ]
INFO: [ view_parse ] --START--
INFO: Run ParseTemplate Behavior [ RunTime:0.015024s ]
INFO: [ view_parse ] --END-- [ RunTime:0.015128s ]
INFO: [ view_filter ] --START--
INFO: Run ContentReplace Behavior [ RunTime:0.000529s ]
INFO: Run TokenBuild Behavior [ RunTime:0.000519s ]
INFO: Run WriteHtmlCache Behavior [ RunTime:0.000385s ]
INFO: Run ShowRuntime Behavior [ RunTime:0.000605s ]
INFO: [ view_filter ] --END-- [ RunTime:0.002308s ]
INFO: [ view_end ] --START--
INFO: Run ShowPageTrace Behavior [ RunTime:0.000839s ]
INFO: [ view_end ] --END-- [ RunTime:0.000969s ]

[ 2016-06-24T15:55:28+08:00 ] /PayResult/
INFO: [ route_check ] --START--
INFO: Run CheckRoute Behavior [ RunTime:0.000710s ]
INFO: [ route_check ] --END-- [ RunTime:0.000792s ]
INFO: [ app_begin ] --START--
INFO: Run ReadHtmlCache Behavior [ RunTime:0.000491s ]
INFO: [ app_begin ] --END-- [ RunTime:0.000550s ]
INFO: [ view_template ] --START--
INFO: Run LocationTemplate Behavior [ RunTime:0.000705s ]
INFO: [ view_template ] --END-- [ RunTime:0.000794s ]
INFO: [ view_parse ] --START--
INFO: Run ParseTemplate Behavior [ RunTime:0.033156s ]
INFO: [ view_parse ] --END-- [ RunTime:0.033251s ]
INFO: [ view_filter ] --START--
INFO: Run ContentReplace Behavior [ RunTime:0.000391s ]
INFO: Run TokenBuild Behavior [ RunTime:0.000288s ]
INFO: Run WriteHtmlCache Behavior [ RunTime:0.000241s ]
INFO: Run ShowRuntime Behavior [ RunTime:0.000328s ]
INFO: [ view_filter ] --END-- [ RunTime:0.001367s ]
INFO: [ view_end ] --START--
INFO: Run ShowPageTrace Behavior [ RunTime:0.000444s ]
INFO: [ view_end ] --END-- [ RunTime:0.000486s ]

[ 2016-06-24T15:55:44+08:00 ] /PayResult/
INFO: [ route_check ] --START--
INFO: Run CheckRoute Behavior [ RunTime:0.001408s ]
INFO: [ route_check ] --END-- [ RunTime:0.001558s ]
INFO: [ app_begin ] --START--
INFO: Run ReadHtmlCache Behavior [ RunTime:0.000654s ]
INFO: [ app_begin ] --END-- [ RunTime:0.000743s ]
INFO: [ view_template ] --START--
INFO: Run LocationTemplate Behavior [ RunTime:0.000556s ]
INFO: [ view_template ] --END-- [ RunTime:0.000641s ]
INFO: [ view_parse ] --START--
INFO: Run ParseTemplate Behavior [ RunTime:0.011110s ]
INFO: [ view_parse ] --END-- [ RunTime:0.011184s ]
INFO: [ view_filter ] --START--
INFO: Run ContentReplace Behavior [ RunTime:0.000367s ]
INFO: Run TokenBuild Behavior [ RunTime:0.000356s ]
INFO: Run WriteHtmlCache Behavior [ RunTime:0.000254s ]
INFO: Run ShowRuntime Behavior [ RunTime:0.000448s ]
INFO: [ view_filter ] --END-- [ RunTime:0.001608s ]
INFO: [ view_end ] --START--
INFO: Run ShowPageTrace Behavior [ RunTime:0.000568s ]
INFO: [ view_end ] --END-- [ RunTime:0.000623s ]

[ 2016-06-24T15:56:13+08:00 ] /PayResult/gotopay
INFO: [ route_check ] --START--
INFO: Run CheckRoute Behavior [ RunTime:0.000535s ]
INFO: [ route_check ] --END-- [ RunTime:0.000601s ]
INFO: [ app_begin ] --START--
INFO: Run ReadHtmlCache Behavior [ RunTime:0.000380s ]
INFO: [ app_begin ] --END-- [ RunTime:0.000437s ]
NOTIC: [2] openssl_verify() [<a href='function.openssl-verify'>function.openssl-verify</a>]: supplied key param cannot be coerced into a public key D:\wnmp1\wwwroot\v1\branches\v1\lib\ThinkPHP\Extend\Vendor\alipayv2\aop\AopClient.php 第 415 行.
NOTIC: [2] openssl_free_key() expects parameter 1 to be resource, boolean given D:\wnmp1\wwwroot\v1\branches\v1\lib\ThinkPHP\Extend\Vendor\alipayv2\aop\AopClient.php 第 418 行.
ERR: check sign Fail1! [sign=HnIp5j6hLcrRGwksW9SX/emsnYUKkFgqOPASHruqJ45d0oGPCnzecQVQ3ZL73Z+i8s0IuRJH4YaS6eHMIQCgJkgFdM4h5hxKgxhuccNs5fApC7jAT65Zww5vBPpGpWkH3i3V66lfC9ItaGQIpoTGvvSo/4rSz2HsEAiYPVtg9sg=, signSourceData={"code":"10000","msg":"Success","out_trade_no":"2032001020122","trade_no":"2016062421001004150276750073"}]

[ 2016-06-24T15:56:27+08:00 ] /PayResult/
INFO: [ route_check ] --START--
INFO: Run CheckRoute Behavior [ RunTime:0.000760s ]
INFO: [ route_check ] --END-- [ RunTime:0.000850s ]
INFO: [ app_begin ] --START--
INFO: Run ReadHtmlCache Behavior [ RunTime:0.000592s ]
INFO: [ app_begin ] --END-- [ RunTime:0.000659s ]
INFO: [ view_template ] --START--
INFO: Run LocationTemplate Behavior [ RunTime:0.000430s ]
INFO: [ view_template ] --END-- [ RunTime:0.000524s ]
INFO: [ view_parse ] --START--
INFO: Run ParseTemplate Behavior [ RunTime:0.029418s ]
INFO: [ view_parse ] --END-- [ RunTime:0.029484s ]
INFO: [ view_filter ] --START--
INFO: Run ContentReplace Behavior [ RunTime:0.000467s ]
INFO: Run TokenBuild Behavior [ RunTime:0.000296s ]
INFO: Run WriteHtmlCache Behavior [ RunTime:0.000218s ]
INFO: Run ShowRuntime Behavior [ RunTime:0.000585s ]
INFO: [ view_filter ] --END-- [ RunTime:0.001732s ]
INFO: [ view_end ] --START--
INFO: Run ShowPageTrace Behavior [ RunTime:0.000522s ]
INFO: [ view_end ] --END-- [ RunTime:0.000569s ]

[ 2016-06-24T15:57:09+08:00 ] /PayResult/
INFO: [ route_check ] --START--
INFO: Run CheckRoute Behavior [ RunTime:0.000667s ]
INFO: [ route_check ] --END-- [ RunTime:0.000739s ]
INFO: [ app_begin ] --START--
INFO: Run ReadHtmlCache Behavior [ RunTime:0.000465s ]
INFO: [ app_begin ] --END-- [ RunTime:0.000523s ]
INFO: [ view_template ] --START--
INFO: Run LocationTemplate Behavior [ RunTime:0.000512s ]
INFO: [ view_template ] --END-- [ RunTime:0.000585s ]
INFO: [ view_parse ] --START--
INFO: Run ParseTemplate Behavior [ RunTime:0.009279s ]
INFO: [ view_parse ] --END-- [ RunTime:0.009341s ]
INFO: [ view_filter ] --START--
INFO: Run ContentReplace Behavior [ RunTime:0.000303s ]
INFO: Run TokenBuild Behavior [ RunTime:0.000292s ]
INFO: Run WriteHtmlCache Behavior [ RunTime:0.000209s ]
INFO: Run ShowRuntime Behavior [ RunTime:0.000341s ]
INFO: [ view_filter ] --END-- [ RunTime:0.001293s ]
INFO: [ view_end ] --START--
INFO: Run ShowPageTrace Behavior [ RunTime:0.000462s ]
INFO: [ view_end ] --END-- [ RunTime:0.000509s ]

[ 2016-06-24T15:57:28+08:00 ] /PayResult/
INFO: [ route_check ] --START--
INFO: Run CheckRoute Behavior [ RunTime:0.001426s ]
INFO: [ route_check ] --END-- [ RunTime:0.001708s ]
INFO: [ app_begin ] --START--
INFO: Run ReadHtmlCache Behavior [ RunTime:0.000929s ]
INFO: [ app_begin ] --END-- [ RunTime:0.001041s ]
INFO: [ view_template ] --START--
INFO: Run LocationTemplate Behavior [ RunTime:0.000832s ]
INFO: [ view_template ] --END-- [ RunTime:0.000994s ]
INFO: [ view_parse ] --START--
INFO: Run ParseTemplate Behavior [ RunTime:0.029534s ]
INFO: [ view_parse ] --END-- [ RunTime:0.029606s ]
INFO: [ view_filter ] --START--
INFO: Run ContentReplace Behavior [ RunTime:0.000497s ]
INFO: Run TokenBuild Behavior [ RunTime:0.000296s ]
INFO: Run WriteHtmlCache Behavior [ RunTime:0.000221s ]
INFO: Run ShowRuntime Behavior [ RunTime:0.000342s ]
INFO: [ view_filter ] --END-- [ RunTime:0.001480s ]
INFO: [ view_end ] --START--
INFO: Run ShowPageTrace Behavior [ RunTime:0.000449s ]
INFO: [ view_end ] --END-- [ RunTime:0.000491s ]

[ 2016-06-24T16:07:16+08:00 ] /PayResult/gotopay
INFO: [ route_check ] --START--
INFO: Run CheckRoute Behavior [ RunTime:0.001617s ]
INFO: [ route_check ] --END-- [ RunTime:0.001726s ]
INFO: [ app_begin ] --START--
INFO: Run ReadHtmlCache Behavior [ RunTime:0.000614s ]
INFO: [ app_begin ] --END-- [ RunTime:0.000696s ]
NOTIC: [2] openssl_verify() [<a href='function.openssl-verify'>function.openssl-verify</a>]: supplied key param cannot be coerced into a public key D:\wnmp1\wwwroot\v1\branches\v1\lib\ThinkPHP\Extend\Vendor\alipayv2\aop\AopClient.php 第 415 行.
NOTIC: [2] openssl_free_key() expects parameter 1 to be resource, boolean given D:\wnmp1\wwwroot\v1\branches\v1\lib\ThinkPHP\Extend\Vendor\alipayv2\aop\AopClient.php 第 418 行.
ERR: check sign Fail1! [sign=HnIp5j6hLcrRGwksW9SX/emsnYUKkFgqOPASHruqJ45d0oGPCnzecQVQ3ZL73Z+i8s0IuRJH4YaS6eHMIQCgJkgFdM4h5hxKgxhuccNs5fApC7jAT65Zww5vBPpGpWkH3i3V66lfC9ItaGQIpoTGvvSo/4rSz2HsEAiYPVtg9sg=, signSourceData={"code":"10000","msg":"Success","out_trade_no":"2032001020122","trade_no":"2016062421001004150276750073"}]

[ 2016-06-24T16:07:18+08:00 ] /PayResult/gotopay
INFO: [ route_check ] --START--
INFO: Run CheckRoute Behavior [ RunTime:0.000750s ]
INFO: [ route_check ] --END-- [ RunTime:0.000840s ]
INFO: [ app_begin ] --START--
INFO: Run ReadHtmlCache Behavior [ RunTime:0.000687s ]
INFO: [ app_begin ] --END-- [ RunTime:0.000761s ]
NOTIC: [2] openssl_verify() [<a href='function.openssl-verify'>function.openssl-verify</a>]: supplied key param cannot be coerced into a public key D:\wnmp1\wwwroot\v1\branches\v1\lib\ThinkPHP\Extend\Vendor\alipayv2\aop\AopClient.php 第 415 行.
NOTIC: [2] openssl_free_key() expects parameter 1 to be resource, boolean given D:\wnmp1\wwwroot\v1\branches\v1\lib\ThinkPHP\Extend\Vendor\alipayv2\aop\AopClient.php 第 418 行.
ERR: check sign Fail1! [sign=HnIp5j6hLcrRGwksW9SX/emsnYUKkFgqOPASHruqJ45d0oGPCnzecQVQ3ZL73Z+i8s0IuRJH4YaS6eHMIQCgJkgFdM4h5hxKgxhuccNs5fApC7jAT65Zww5vBPpGpWkH3i3V66lfC9ItaGQIpoTGvvSo/4rSz2HsEAiYPVtg9sg=, signSourceData={"code":"10000","msg":"Success","out_trade_no":"2032001020122","trade_no":"2016062421001004150276750073"}]

[ 2016-06-24T16:07:24+08:00 ] /PayResult/gotopay
INFO: [ route_check ] --START--
INFO: Run CheckRoute Behavior [ RunTime:0.000914s ]
INFO: [ route_check ] --END-- [ RunTime:0.001010s ]
INFO: [ app_begin ] --START--
INFO: Run ReadHtmlCache Behavior [ RunTime:0.000729s ]
INFO: [ app_begin ] --END-- [ RunTime:0.000809s ]
NOTIC: [2] openssl_verify() [<a href='function.openssl-verify'>function.openssl-verify</a>]: supplied key param cannot be coerced into a public key D:\wnmp1\wwwroot\v1\branches\v1\lib\ThinkPHP\Extend\Vendor\alipayv2\aop\AopClient.php 第 415 行.
NOTIC: [2] openssl_free_key() expects parameter 1 to be resource, boolean given D:\wnmp1\wwwroot\v1\branches\v1\lib\ThinkPHP\Extend\Vendor\alipayv2\aop\AopClient.php 第 418 行.
ERR: check sign Fail1! [sign=jChRIJsVwGCI+VnMywvPe+QTZsy0dXG1tGagNgf4OGZ3EK89MBfWl2DB6ta5VEBXh0FxFYWtI2IFoMfTUwm8vg7bwoehb5/p/oeHcfTr67cd7bg6PnbFRGnuUuuviKdazAA/+cEYXrwIiWizFntyyhHdga7qO5U6+Xr8y0Vm22k=, signSourceData={"code":"10000","msg":"Success","out_trade_no":"203332001020122","trade_no":"2016062421001004150283951733"}]

[ 2016-06-24T16:07:58+08:00 ] /PayResult/
INFO: [ route_check ] --START--
INFO: Run CheckRoute Behavior [ RunTime:0.001329s ]
INFO: [ route_check ] --END-- [ RunTime:0.001488s ]
INFO: [ app_begin ] --START--
INFO: Run ReadHtmlCache Behavior [ RunTime:0.000936s ]
INFO: [ app_begin ] --END-- [ RunTime:0.001049s ]
INFO: [ view_template ] --START--
INFO: Run LocationTemplate Behavior [ RunTime:0.001114s ]
INFO: [ view_template ] --END-- [ RunTime:0.001323s ]
INFO: [ view_parse ] --START--
INFO: Run ParseTemplate Behavior [ RunTime:0.037200s ]
INFO: [ view_parse ] --END-- [ RunTime:0.037291s ]
INFO: [ view_filter ] --START--
INFO: Run ContentReplace Behavior [ RunTime:0.000390s ]
INFO: Run TokenBuild Behavior [ RunTime:0.000286s ]
INFO: Run WriteHtmlCache Behavior [ RunTime:0.000237s ]
INFO: Run ShowRuntime Behavior [ RunTime:0.000341s ]
INFO: [ view_filter ] --END-- [ RunTime:0.001374s ]
INFO: [ view_end ] --START--
INFO: Run ShowPageTrace Behavior [ RunTime:0.000425s ]
INFO: [ view_end ] --END-- [ RunTime:0.000465s ]

[ 2016-06-24T16:09:04+08:00 ] /PayResult/gotopay
INFO: [ route_check ] --START--
INFO: Run CheckRoute Behavior [ RunTime:0.000602s ]
INFO: [ route_check ] --END-- [ RunTime:0.000670s ]
INFO: [ app_begin ] --START--
INFO: Run ReadHtmlCache Behavior [ RunTime:0.000403s ]
INFO: [ app_begin ] --END-- [ RunTime:0.000452s ]
NOTIC: [2] openssl_verify() [<a href='function.openssl-verify'>function.openssl-verify</a>]: supplied key param cannot be coerced into a public key D:\wnmp1\wwwroot\v1\branches\v1\lib\ThinkPHP\Extend\Vendor\alipayv2\aop\AopClient.php 第 415 行.
NOTIC: [2] openssl_free_key() expects parameter 1 to be resource, boolean given D:\wnmp1\wwwroot\v1\branches\v1\lib\ThinkPHP\Extend\Vendor\alipayv2\aop\AopClient.php 第 418 行.
ERR: check sign Fail1! [sign=YDrnprBAynLe0pnlL+Cn8uXATETeY8nm3/K3076DHfRAzibbFShae+FeIyyxK23tLttsgHUUjT7Um4Zd8Kvp32Pl2feDt6eXMAGPUDGbvIpJ3561s/DHvsBWJXahtzTMFA3qx4ZyLNKGlpONOVnPZtf4XgYDVyAzgcFGIaWeHrE=, signSourceData={"code":"10000","msg":"Success","out_trade_no":"33203332001020122","trade_no":"2016062421001004150288051125"}]

[ 2016-06-24T16:09:23+08:00 ] /PayResult/
INFO: [ route_check ] --START--
INFO: Run CheckRoute Behavior [ RunTime:0.001339s ]
INFO: [ route_check ] --END-- [ RunTime:0.001489s ]
INFO: [ app_begin ] --START--
INFO: Run ReadHtmlCache Behavior [ RunTime:0.000941s ]
INFO: [ app_begin ] --END-- [ RunTime:0.001057s ]
INFO: [ view_template ] --START--
INFO: Run LocationTemplate Behavior [ RunTime:0.001136s ]
INFO: [ view_template ] --END-- [ RunTime:0.001296s ]
INFO: [ view_parse ] --START--
INFO: Run ParseTemplate Behavior [ RunTime:0.050153s ]
INFO: [ view_parse ] --END-- [ RunTime:0.050244s ]
INFO: [ view_filter ] --START--
INFO: Run ContentReplace Behavior [ RunTime:0.000483s ]
INFO: Run TokenBuild Behavior [ RunTime:0.000337s ]
INFO: Run WriteHtmlCache Behavior [ RunTime:0.000289s ]
INFO: Run ShowRuntime Behavior [ RunTime:0.000391s ]
INFO: [ view_filter ] --END-- [ RunTime:0.001641s ]
INFO: [ view_end ] --START--
INFO: Run ShowPageTrace Behavior [ RunTime:0.000520s ]
INFO: [ view_end ] --END-- [ RunTime:0.000570s ]

[ 2016-06-24T16:17:37+08:00 ] /PayResult/
INFO: [ route_check ] --START--
INFO: Run CheckRoute Behavior [ RunTime:0.001704s ]
INFO: [ route_check ] --END-- [ RunTime:0.002594s ]
INFO: [ app_begin ] --START--
INFO: Run ReadHtmlCache Behavior [ RunTime:0.000435s ]
INFO: [ app_begin ] --END-- [ RunTime:0.000493s ]
INFO: [ view_template ] --START--
INFO: Run LocationTemplate Behavior [ RunTime:0.000484s ]
INFO: [ view_template ] --END-- [ RunTime:0.000555s ]
INFO: [ view_parse ] --START--
INFO: Run ParseTemplate Behavior [ RunTime:0.008746s ]
INFO: [ view_parse ] --END-- [ RunTime:0.008803s ]
INFO: [ view_filter ] --START--
INFO: Run ContentReplace Behavior [ RunTime:0.000361s ]
INFO: Run TokenBuild Behavior [ RunTime:0.000312s ]
INFO: Run WriteHtmlCache Behavior [ RunTime:0.000227s ]
INFO: Run ShowRuntime Behavior [ RunTime:0.000361s ]
INFO: [ view_filter ] --END-- [ RunTime:0.001399s ]
INFO: [ view_end ] --START--
INFO: Run ShowPageTrace Behavior [ RunTime:0.000449s ]
INFO: [ view_end ] --END-- [ RunTime:0.000491s ]

[ 2016-06-24T16:22:37+08:00 ] /PayResult/
INFO: [ route_check ] --START--
INFO: Run CheckRoute Behavior [ RunTime:0.000848s ]
INFO: [ route_check ] --END-- [ RunTime:0.000959s ]
INFO: [ app_begin ] --START--
INFO: Run ReadHtmlCache Behavior [ RunTime:0.000593s ]
INFO: [ app_begin ] --END-- [ RunTime:0.000664s ]
INFO: [ view_template ] --START--
INFO: Run LocationTemplate Behavior [ RunTime:0.000731s ]
INFO: [ view_template ] --END-- [ RunTime:0.000832s ]
INFO: [ view_parse ] --START--
INFO: Run ParseTemplate Behavior [ RunTime:0.012742s ]
INFO: [ view_parse ] --END-- [ RunTime:0.012824s ]
INFO: [ view_filter ] --START--
INFO: Run ContentReplace Behavior [ RunTime:0.000483s ]
INFO: Run TokenBuild Behavior [ RunTime:0.000445s ]
INFO: Run WriteHtmlCache Behavior [ RunTime:0.000327s ]
INFO: Run ShowRuntime Behavior [ RunTime:0.000500s ]
INFO: [ view_filter ] --END-- [ RunTime:0.001953s ]
INFO: [ view_end ] --START--
INFO: Run ShowPageTrace Behavior [ RunTime:0.000653s ]
INFO: [ view_end ] --END-- [ RunTime:0.000716s ]

[ 2016-06-24T16:22:44+08:00 ] /PayResult/
INFO: [ route_check ] --START--
INFO: Run CheckRoute Behavior [ RunTime:0.000731s ]
INFO: [ route_check ] --END-- [ RunTime:0.000817s ]
INFO: [ app_begin ] --START--
INFO: Run ReadHtmlCache Behavior [ RunTime:0.000505s ]
INFO: [ app_begin ] --END-- [ RunTime:0.000568s ]
INFO: [ view_template ] --START--
INFO: Run LocationTemplate Behavior [ RunTime:0.000385s ]
INFO: [ view_template ] --END-- [ RunTime:0.000473s ]
INFO: [ view_parse ] --START--
INFO: Run ParseTemplate Behavior [ RunTime:0.007601s ]
INFO: [ view_parse ] --END-- [ RunTime:0.007661s ]
INFO: [ view_filter ] --START--
INFO: Run ContentReplace Behavior [ RunTime:0.001756s ]
INFO: Run TokenBuild Behavior [ RunTime:0.000335s ]
INFO: Run WriteHtmlCache Behavior [ RunTime:0.000201s ]
INFO: Run ShowRuntime Behavior [ RunTime:0.000310s ]
INFO: [ view_filter ] --END-- [ RunTime:0.002773s ]
INFO: [ view_end ] --START--
INFO: Run ShowPageTrace Behavior [ RunTime:0.001147s ]
INFO: [ view_end ] --END-- [ RunTime:0.001209s ]

[ 2016-06-24T16:23:50+08:00 ] /PayResult/
INFO: [ route_check ] --START--
INFO: Run CheckRoute Behavior [ RunTime:0.000838s ]
INFO: [ route_check ] --END-- [ RunTime:0.000912s ]
INFO: [ app_begin ] --START--
INFO: Run ReadHtmlCache Behavior [ RunTime:0.001417s ]
INFO: [ app_begin ] --END-- [ RunTime:0.001637s ]
INFO: [ view_template ] --START--
INFO: Run LocationTemplate Behavior [ RunTime:0.000311s ]
INFO: [ view_template ] --END-- [ RunTime:0.000368s ]
INFO: [ view_parse ] --START--
INFO: Run ParseTemplate Behavior [ RunTime:0.091035s ]
INFO: [ view_parse ] --END-- [ RunTime:0.091105s ]
INFO: [ view_filter ] --START--
INFO: Run ContentReplace Behavior [ RunTime:0.000391s ]
INFO: Run TokenBuild Behavior [ RunTime:0.000315s ]
INFO: Run WriteHtmlCache Behavior [ RunTime:0.000216s ]
INFO: Run ShowRuntime Behavior [ RunTime:0.000324s ]
INFO: [ view_filter ] --END-- [ RunTime:0.001365s ]
INFO: [ view_end ] --START--
INFO: Run ShowPageTrace Behavior [ RunTime:0.000636s ]
INFO: [ view_end ] --END-- [ RunTime:0.000706s ]

[ 2016-06-24T16:24:03+08:00 ] /PayResult/
INFO: [ route_check ] --START--
INFO: Run CheckRoute Behavior [ RunTime:0.000697s ]
INFO: [ route_check ] --END-- [ RunTime:0.000774s ]
INFO: [ app_begin ] --START--
INFO: Run ReadHtmlCache Behavior [ RunTime:0.000772s ]
INFO: [ app_begin ] --END-- [ RunTime:0.000833s ]
INFO: [ view_template ] --START--
INFO: Run LocationTemplate Behavior [ RunTime:0.001325s ]
INFO: [ view_template ] --END-- [ RunTime:0.001435s ]
INFO: [ view_parse ] --START--
INFO: Run ParseTemplate Behavior [ RunTime:0.015695s ]
INFO: [ view_parse ] --END-- [ RunTime:0.015779s ]
INFO: [ view_filter ] --START--
INFO: Run ContentReplace Behavior [ RunTime:0.000400s ]
INFO: Run TokenBuild Behavior [ RunTime:0.000325s ]
INFO: Run WriteHtmlCache Behavior [ RunTime:0.000224s ]
INFO: Run ShowRuntime Behavior [ RunTime:0.000364s ]
INFO: [ view_filter ] --END-- [ RunTime:0.001482s ]
INFO: [ view_end ] --START--
INFO: Run ShowPageTrace Behavior [ RunTime:0.000503s ]
INFO: [ view_end ] --END-- [ RunTime:0.000556s ]

[ 2016-06-24T17:10:13+08:00 ] /PayResult/payali?app_id=2015082800238591&source=alipay_wallet&scope=auth_base&enctraceid=ivOgIDibqRH7fOuqfw_jJG6HYt3wXncyNrKOHhu12Fw,&auth_code=1e7fb796144c4c2cbd9e7a4daefeSE98
INFO: [ route_check ] --START--
INFO: Run CheckRoute Behavior [ RunTime:0.001733s ]
INFO: [ route_check ] --END-- [ RunTime:0.003825s ]
INFO: [ app_begin ] --START--
INFO: Run ReadHtmlCache Behavior [ RunTime:0.001226s ]
INFO: [ app_begin ] --END-- [ RunTime:0.001333s ]

[ 2016-06-24T17:18:00+08:00 ] /PayResult/gotopay
INFO: [ route_check ] --START--
INFO: Run CheckRoute Behavior [ RunTime:0.000640s ]
INFO: [ route_check ] --END-- [ RunTime:0.000713s ]
INFO: [ app_begin ] --START--
INFO: Run ReadHtmlCache Behavior [ RunTime:0.000402s ]
INFO: [ app_begin ] --END-- [ RunTime:0.000451s ]
NOTIC: [2] openssl_verify() [<a href='function.openssl-verify'>function.openssl-verify</a>]: supplied key param cannot be coerced into a public key D:\wnmp1\wwwroot\v1\branches\v1\lib\ThinkPHP\Extend\Vendor\alipayv2\aop\AopClient.php 第 415 行.
NOTIC: [2] openssl_free_key() expects parameter 1 to be resource, boolean given D:\wnmp1\wwwroot\v1\branches\v1\lib\ThinkPHP\Extend\Vendor\alipayv2\aop\AopClient.php 第 418 行.
ERR: check sign Fail1! [sign=M2B6FqaIevcM/sFhoKKMlP/kk9YpG+NVu0iLiaQ/1Qq06aJEOKdBzHznA9qPwyfsQZzPN2d145W2haxnN3JtnoGxgEStPhcqfwZZWsB8g1W530YkQaVwtKXRWrjlrR11jDQO21c6GxzksERmd6WxAdSfrIgmDaxs/u0QvSSX4CU=, signSourceData={"code":"40004","msg":"Business Failed","sub_code":"ACQ.TRADE_HAS_SUCCESS","sub_msg":"交易已经支付"}]

