[ 2016-07-06T15:00:49+08:00 ] /
INFO: [ app_begin ] --START--
INFO: Run ReadHtmlCache Behavior [ RunTime:0.001213s ]
INFO: [ app_begin ] --END-- [ RunTime:0.001313s ]
NOTIC: [8] Undefined index: match D:\wnmp1\wwwroot\v1\branches\v1\DataSource\Lib\Action\IndexAction.class.php 第 21 行.
NOTIC: [8] Undefined index: platform D:\wnmp1\wwwroot\v1\branches\v1\DataSource\Lib\Action\IndexAction.class.php 第 22 行.
NOTIC: [8] Undefined index: db_dsn D:\wnmp1\wwwroot\v1\branches\v1\lib\ThinkPHP\Lib\Core\Db.class.php 第 129 行.
NOTIC: [8] Undefined index: db_params D:\wnmp1\wwwroot\v1\branches\v1\lib\ThinkPHP\Lib\Core\Db.class.php 第 130 行.
SQL: SHOW COLUMNS FROM `zx_tb_matchs` [ RunTime:0.004557s ]
SQL:  select * from zx_tb_matchs where  m_sign = 1  and m_state = 0 and m_releaseTime < NOW() and m_offineTime > NOW()  order by m_order desc,id desc limit 0,5  [ RunTime:0.001566s ]
SQL: SHOW COLUMNS FROM `zx_tb_classinfo` [ RunTime:0.002544s ]
NOTIC: [2] Missing argument 6 for ClassInfoModel::getContent(), called in D:\wnmp1\wwwroot\v1\branches\v1\DataSource\Lib\Action\IndexAction.class.php on line 38 and defined D:\wnmp1\wwwroot\v1\branches\v1\DataSource\Lib\Model\ClassInfoModel.class.php 第 22 行.
NOTIC: [8] Undefined variable: order D:\wnmp1\wwwroot\v1\branches\v1\DataSource\Lib\Model\ClassInfoModel.class.php 第 33 行.
SQL: SELECT info.id,info.cid,cls.classname,info.n_title,info.n_img,info.n_url,info.sign,info.orderid  FROM `zx_tb_class` cls LEFT JOIN zx_tb_classinfo info ON  cls.id = info.cid WHERE cls.short_name='zx_banner' AND cls.isdel=0 AND info.isdel=0 and info.isdisplay=1 AND info.itime<=NOW() AND info.offtime>NOW()  order by  info.sign desc,info.orderid desc,info.utime desc,id DESC  limit 0,10  [ RunTime:0.000961s ]
NOTIC: [2] Missing argument 6 for ClassInfoModel::getContent(), called in D:\wnmp1\wwwroot\v1\branches\v1\DataSource\Lib\Action\IndexAction.class.php on line 42 and defined D:\wnmp1\wwwroot\v1\branches\v1\DataSource\Lib\Model\ClassInfoModel.class.php 第 22 行.
NOTIC: [8] Undefined variable: order D:\wnmp1\wwwroot\v1\branches\v1\DataSource\Lib\Model\ClassInfoModel.class.php 第 33 行.
SQL: SELECT info.id,info.cid,cls.classname,info.n_title,info.n_img,info.n_url,info.sign,info.orderid  FROM `zx_tb_class` cls LEFT JOIN zx_tb_classinfo info ON  cls.id = info.cid WHERE cls.short_name='zx_hotwords' AND cls.isdel=0 AND info.isdel=0 and info.isdisplay=1 AND info.itime<=NOW() AND info.offtime>NOW()  order by  info.sign desc,info.orderid desc,info.utime desc,id DESC  limit 0,100  [ RunTime:0.000964s ]
INFO: [ view_template ] --START--
INFO: Run LocationTemplate Behavior [ RunTime:0.001698s ]
INFO: [ view_template ] --END-- [ RunTime:0.001777s ]
INFO: [ view_parse ] --START--
NOTIC: [8] Undefined index: m_banner D:\wnmp1\wwwroot\v1\branches\v1\DataSource\Runtime\Temp\9f529053051950a069732b98964695a605c1670d.file.banner.html.php 第 52 行.
NOTIC: [8] Trying to get property of non-object D:\wnmp1\wwwroot\v1\branches\v1\DataSource\Runtime\Temp\9f529053051950a069732b98964695a605c1670d.file.banner.html.php 第 52 行.
INFO: Run ParseTemplate Behavior [ RunTime:0.025479s ]
INFO: [ view_parse ] --END-- [ RunTime:0.025538s ]
INFO: [ view_filter ] --START--
INFO: Run ContentReplace Behavior [ RunTime:0.001150s ]
INFO: Run TokenBuild Behavior [ RunTime:0.000898s ]
INFO: Run WriteHtmlCache Behavior [ RunTime:0.000828s ]
INFO: Run ShowRuntime Behavior [ RunTime:0.001705s ]
INFO: [ view_filter ] --END-- [ RunTime:0.004848s ]
INFO: [ view_end ] --START--
INFO: Run ShowPageTrace Behavior [ RunTime:0.001246s ]
INFO: [ view_end ] --END-- [ RunTime:0.001314s ]

[ 2016-07-06T15:00:50+08:00 ] /User/order
INFO: [ route_check ] --START--
INFO: Run CheckRoute Behavior [ RunTime:0.003964s ]
INFO: [ route_check ] --END-- [ RunTime:0.004032s ]
INFO: [ app_begin ] --START--
INFO: Run ReadHtmlCache Behavior [ RunTime:0.000830s ]
INFO: [ app_begin ] --END-- [ RunTime:0.000892s ]

[ 2016-07-06T15:00:50+08:00 ] /Account/login
INFO: [ route_check ] --START--
INFO: Run CheckRoute Behavior [ RunTime:0.000885s ]
INFO: [ route_check ] --END-- [ RunTime:0.000950s ]
INFO: [ app_begin ] --START--
INFO: Run ReadHtmlCache Behavior [ RunTime:0.000674s ]
INFO: [ app_begin ] --END-- [ RunTime:0.000722s ]
NOTIC: [8] Undefined index: type D:\wnmp1\wwwroot\v1\branches\v1\DataSource\Lib\Action\AccountAction.class.php 第 76 行.
INFO: [ view_template ] --START--
INFO: Run LocationTemplate Behavior [ RunTime:0.000932s ]
INFO: [ view_template ] --END-- [ RunTime:0.000986s ]
INFO: [ view_parse ] --START--
NOTIC: [8] Undefined index: phone_error D:\wnmp1\wwwroot\v1\branches\v1\DataSource\Runtime\Temp\22487da300e9d88f77e7c31805b0b0b672038c3d.file.login.html.php 第 95 行.
NOTIC: [8] Trying to get property of non-object D:\wnmp1\wwwroot\v1\branches\v1\DataSource\Runtime\Temp\22487da300e9d88f77e7c31805b0b0b672038c3d.file.login.html.php 第 95 行.
NOTIC: [8] Undefined index: phone D:\wnmp1\wwwroot\v1\branches\v1\DataSource\Runtime\Temp\22487da300e9d88f77e7c31805b0b0b672038c3d.file.login.html.php 第 98 行.
NOTIC: [8] Trying to get property of non-object D:\wnmp1\wwwroot\v1\branches\v1\DataSource\Runtime\Temp\22487da300e9d88f77e7c31805b0b0b672038c3d.file.login.html.php 第 98 行.
NOTIC: [8] Undefined index: code_error D:\wnmp1\wwwroot\v1\branches\v1\DataSource\Runtime\Temp\22487da300e9d88f77e7c31805b0b0b672038c3d.file.login.html.php 第 103 行.
NOTIC: [8] Trying to get property of non-object D:\wnmp1\wwwroot\v1\branches\v1\DataSource\Runtime\Temp\22487da300e9d88f77e7c31805b0b0b672038c3d.file.login.html.php 第 103 行.
NOTIC: [8] Undefined index: error D:\wnmp1\wwwroot\v1\branches\v1\DataSource\Runtime\Temp\22487da300e9d88f77e7c31805b0b0b672038c3d.file.login.html.php 第 115 行.
NOTIC: [8] Trying to get property of non-object D:\wnmp1\wwwroot\v1\branches\v1\DataSource\Runtime\Temp\22487da300e9d88f77e7c31805b0b0b672038c3d.file.login.html.php 第 115 行.
INFO: Run ParseTemplate Behavior [ RunTime:0.014206s ]
INFO: [ view_parse ] --END-- [ RunTime:0.014266s ]
INFO: [ view_filter ] --START--
INFO: Run ContentReplace Behavior [ RunTime:0.000643s ]
INFO: Run TokenBuild Behavior [ RunTime:0.000651s ]
INFO: Run WriteHtmlCache Behavior [ RunTime:0.000514s ]
INFO: Run ShowRuntime Behavior [ RunTime:0.000662s ]
INFO: [ view_filter ] --END-- [ RunTime:0.002657s ]
INFO: [ view_end ] --START--
INFO: Run ShowPageTrace Behavior [ RunTime:0.000745s ]
INFO: [ view_end ] --END-- [ RunTime:0.000789s ]

[ 2016-07-06T15:00:55+08:00 ] /Account/verify?phone=13522354197
INFO: [ route_check ] --START--
INFO: Run CheckRoute Behavior [ RunTime:0.001301s ]
INFO: [ route_check ] --END-- [ RunTime:0.001396s ]
INFO: [ app_begin ] --START--
INFO: Run ReadHtmlCache Behavior [ RunTime:0.001076s ]
INFO: [ app_begin ] --END-- [ RunTime:0.001154s ]

[ 2016-07-06T15:01:14+08:00 ] /Account/login?type=
INFO: [ route_check ] --START--
INFO: Run CheckRoute Behavior [ RunTime:0.000860s ]
INFO: [ route_check ] --END-- [ RunTime:0.000923s ]
INFO: [ app_begin ] --START--
INFO: Run ReadHtmlCache Behavior [ RunTime:0.001197s ]
INFO: [ app_begin ] --END-- [ RunTime:0.001350s ]
NOTIC: [8] Undefined index: db_dsn D:\wnmp1\wwwroot\v1\branches\v1\lib\ThinkPHP\Lib\Core\Db.class.php 第 129 行.
NOTIC: [8] Undefined index: db_params D:\wnmp1\wwwroot\v1\branches\v1\lib\ThinkPHP\Lib\Core\Db.class.php 第 130 行.
SQL: SHOW COLUMNS FROM `zx_tb_user` [ RunTime:0.003214s ]
SQL: SELECT * FROM `zx_tb_user` WHERE ( phone = '13522354197' ) LIMIT 1   [ RunTime:0.001124s ]

[ 2016-07-06T15:01:15+08:00 ] /User/order
INFO: [ route_check ] --START--
INFO: Run CheckRoute Behavior [ RunTime:0.001026s ]
INFO: [ route_check ] --END-- [ RunTime:0.001142s ]
INFO: [ app_begin ] --START--
INFO: Run ReadHtmlCache Behavior [ RunTime:0.000657s ]
INFO: [ app_begin ] --END-- [ RunTime:0.000706s ]
INFO: Run AuthCheck Behavior [ RunTime:0.000631s ]
NOTIC: [8] Undefined index: db_dsn D:\wnmp1\wwwroot\v1\branches\v1\lib\ThinkPHP\Lib\Core\Db.class.php 第 129 行.
NOTIC: [8] Undefined index: db_params D:\wnmp1\wwwroot\v1\branches\v1\lib\ThinkPHP\Lib\Core\Db.class.php 第 130 行.
SQL: SHOW COLUMNS FROM `zx_tb_orders` [ RunTime:0.003268s ]
SQL: SELECT o.orderid,o.pay_deadline,m.m_untilTime,m.m_offineTime,m.m_state,m.m_placesleft,m.m_icon,m.m_name,m.m_img,o.payprice,o.paystats,m.m_GameTime FROM `zx_tb_orders` o LEFT JOIN `zx_tb_matchs` m ON o.matchid= m.id WHERE o.uid = 21 and o.paystats>=0 order by o.ctime desc [ RunTime:0.001975s ]
INFO: [ view_template ] --START--
INFO: Run LocationTemplate Behavior [ RunTime:0.002184s ]
INFO: [ view_template ] --END-- [ RunTime:0.002311s ]
INFO: [ view_parse ] --START--
NOTIC: [8] Undefined index: orderHTML D:\wnmp1\wwwroot\v1\branches\v1\DataSource\Runtime\Temp\4792bea77855678aab75f1a3e1ec626c53894885.file.order.html.php 第 66 行.
NOTIC: [8] Trying to get property of non-object D:\wnmp1\wwwroot\v1\branches\v1\DataSource\Runtime\Temp\4792bea77855678aab75f1a3e1ec626c53894885.file.order.html.php 第 66 行.
INFO: Run ParseTemplate Behavior [ RunTime:0.024961s ]
INFO: [ view_parse ] --END-- [ RunTime:0.025082s ]
INFO: [ view_filter ] --START--
INFO: Run ContentReplace Behavior [ RunTime:0.001026s ]
INFO: Run TokenBuild Behavior [ RunTime:0.000772s ]
INFO: Run WriteHtmlCache Behavior [ RunTime:0.000642s ]
INFO: Run ShowRuntime Behavior [ RunTime:0.000797s ]
INFO: [ view_filter ] --END-- [ RunTime:0.003414s ]
INFO: [ view_end ] --START--
INFO: Run ShowPageTrace Behavior [ RunTime:0.000922s ]
INFO: [ view_end ] --END-- [ RunTime:0.000979s ]

[ 2016-07-06T15:01:30+08:00 ] /User
INFO: [ route_check ] --START--
INFO: Run CheckRoute Behavior [ RunTime:0.000847s ]
INFO: [ route_check ] --END-- [ RunTime:0.000911s ]
INFO: [ app_begin ] --START--
INFO: Run ReadHtmlCache Behavior [ RunTime:0.001318s ]
INFO: [ app_begin ] --END-- [ RunTime:0.001389s ]
INFO: Run AuthCheck Behavior [ RunTime:0.000660s ]
NOTIC: [8] Undefined index: db_dsn D:\wnmp1\wwwroot\v1\branches\v1\lib\ThinkPHP\Lib\Core\Db.class.php 第 129 行.
NOTIC: [8] Undefined index: db_params D:\wnmp1\wwwroot\v1\branches\v1\lib\ThinkPHP\Lib\Core\Db.class.php 第 130 行.
SQL: SHOW COLUMNS FROM `zx_tb_user` [ RunTime:0.003274s ]
SQL: SELECT * FROM `zx_tb_user` WHERE ( id=21 ) LIMIT 1   [ RunTime:0.000583s ]
SQL: SHOW COLUMNS FROM `zx_tb_orders` [ RunTime:0.004711s ]
SQL: SELECT COUNT(*) AS tp_count FROM `zx_tb_orders` WHERE ( `uid` = 21 ) AND ( `paystats` = 5 ) AND ( `pay_deadline` > '2016-07-06 15:01:30' ) LIMIT 1   [ RunTime:0.004201s ]
INFO: [ view_template ] --START--
INFO: Run LocationTemplate Behavior [ RunTime:0.002176s ]
INFO: [ view_template ] --END-- [ RunTime:0.002310s ]
INFO: [ view_parse ] --START--
INFO: Run ParseTemplate Behavior [ RunTime:0.030420s ]
INFO: [ view_parse ] --END-- [ RunTime:0.030507s ]
INFO: [ view_filter ] --START--
INFO: Run ContentReplace Behavior [ RunTime:0.000588s ]
INFO: Run TokenBuild Behavior [ RunTime:0.000493s ]
INFO: Run WriteHtmlCache Behavior [ RunTime:0.000381s ]
INFO: Run ShowRuntime Behavior [ RunTime:0.000507s ]
INFO: [ view_filter ] --END-- [ RunTime:0.002109s ]
INFO: [ view_end ] --START--
INFO: Run ShowPageTrace Behavior [ RunTime:0.000607s ]
INFO: [ view_end ] --END-- [ RunTime:0.000654s ]

[ 2016-07-06T15:01:32+08:00 ] /User/userinfo
INFO: [ route_check ] --START--
INFO: Run CheckRoute Behavior [ RunTime:0.001274s ]
INFO: [ route_check ] --END-- [ RunTime:0.001386s ]
INFO: [ app_begin ] --START--
INFO: Run ReadHtmlCache Behavior [ RunTime:0.002343s ]
INFO: [ app_begin ] --END-- [ RunTime:0.002517s ]
INFO: Run AuthCheck Behavior [ RunTime:0.000768s ]
NOTIC: [8] Undefined index: db_dsn D:\wnmp1\wwwroot\v1\branches\v1\lib\ThinkPHP\Lib\Core\Db.class.php 第 129 行.
NOTIC: [8] Undefined index: db_params D:\wnmp1\wwwroot\v1\branches\v1\lib\ThinkPHP\Lib\Core\Db.class.php 第 130 行.
SQL: SHOW COLUMNS FROM `zx_tb_userinfo` [ RunTime:0.004411s ]
SQL: SELECT * FROM `zx_tb_userinfo` WHERE ( uid = 21 ) LIMIT 1   [ RunTime:0.000829s ]
INFO: [ view_template ] --START--
INFO: Run LocationTemplate Behavior [ RunTime:0.002838s ]
INFO: [ view_template ] --END-- [ RunTime:0.003029s ]
INFO: [ view_parse ] --START--
INFO: Run ParseTemplate Behavior [ RunTime:0.029859s ]
INFO: [ view_parse ] --END-- [ RunTime:0.029959s ]
INFO: [ view_filter ] --START--
INFO: Run ContentReplace Behavior [ RunTime:0.000798s ]
INFO: Run TokenBuild Behavior [ RunTime:0.000608s ]
INFO: Run WriteHtmlCache Behavior [ RunTime:0.000497s ]
INFO: Run ShowRuntime Behavior [ RunTime:0.000655s ]
INFO: [ view_filter ] --END-- [ RunTime:0.002735s ]
INFO: [ view_end ] --START--
INFO: Run ShowPageTrace Behavior [ RunTime:0.000794s ]
INFO: [ view_end ] --END-- [ RunTime:0.000856s ]

[ 2016-07-06T15:27:02+08:00 ] /User/userinfo
INFO: [ route_check ] --START--
INFO: Run CheckRoute Behavior [ RunTime:0.001086s ]
INFO: [ route_check ] --END-- [ RunTime:0.001178s ]
INFO: [ app_begin ] --START--
INFO: Run ReadHtmlCache Behavior [ RunTime:0.000805s ]
INFO: [ app_begin ] --END-- [ RunTime:0.000885s ]
INFO: Run AuthCheck Behavior [ RunTime:0.000710s ]
NOTIC: [8] Undefined index: db_dsn D:\wnmp1\wwwroot\v1\branches\v1\lib\ThinkPHP\Lib\Core\Db.class.php 第 129 行.
NOTIC: [8] Undefined index: db_params D:\wnmp1\wwwroot\v1\branches\v1\lib\ThinkPHP\Lib\Core\Db.class.php 第 130 行.
SQL: SHOW COLUMNS FROM `zx_tb_userinfo` [ RunTime:0.004338s ]
SQL: SELECT * FROM `zx_tb_userinfo` WHERE ( uid = 21 ) LIMIT 1   [ RunTime:0.000732s ]
INFO: [ view_template ] --START--
INFO: Run LocationTemplate Behavior [ RunTime:0.001665s ]
INFO: [ view_template ] --END-- [ RunTime:0.001802s ]
INFO: [ view_parse ] --START--
INFO: Run ParseTemplate Behavior [ RunTime:0.021292s ]
INFO: [ view_parse ] --END-- [ RunTime:0.021386s ]
INFO: [ view_filter ] --START--
INFO: Run ContentReplace Behavior [ RunTime:0.000762s ]
INFO: Run TokenBuild Behavior [ RunTime:0.000572s ]
INFO: Run WriteHtmlCache Behavior [ RunTime:0.000453s ]
INFO: Run ShowRuntime Behavior [ RunTime:0.000688s ]
INFO: [ view_filter ] --END-- [ RunTime:0.002653s ]
INFO: [ view_end ] --START--
INFO: Run ShowPageTrace Behavior [ RunTime:0.000768s ]
INFO: [ view_end ] --END-- [ RunTime:0.000829s ]

[ 2016-07-06T16:02:10+08:00 ] /User/userinfo
INFO: [ route_check ] --START--
INFO: Run CheckRoute Behavior [ RunTime:0.001152s ]
INFO: [ route_check ] --END-- [ RunTime:0.001250s ]
INFO: [ app_begin ] --START--
INFO: Run ReadHtmlCache Behavior [ RunTime:0.000765s ]
INFO: [ app_begin ] --END-- [ RunTime:0.000835s ]
INFO: Run AuthCheck Behavior [ RunTime:0.000520s ]
NOTIC: [8] Undefined index: db_dsn D:\wnmp1\wwwroot\v1\branches\v1\lib\ThinkPHP\Lib\Core\Db.class.php 第 129 行.
NOTIC: [8] Undefined index: db_params D:\wnmp1\wwwroot\v1\branches\v1\lib\ThinkPHP\Lib\Core\Db.class.php 第 130 行.
SQL: SHOW COLUMNS FROM `zx_tb_userinfo` [ RunTime:0.005813s ]
SQL: SELECT * FROM `zx_tb_userinfo` WHERE ( uid = 21 ) LIMIT 1   [ RunTime:0.000807s ]
INFO: [ view_template ] --START--
INFO: Run LocationTemplate Behavior [ RunTime:0.001470s ]
INFO: [ view_template ] --END-- [ RunTime:0.001601s ]
INFO: [ view_parse ] --START--
INFO: Run ParseTemplate Behavior [ RunTime:0.027268s ]
INFO: [ view_parse ] --END-- [ RunTime:0.027374s ]
INFO: [ view_filter ] --START--
INFO: Run ContentReplace Behavior [ RunTime:0.001188s ]
INFO: Run TokenBuild Behavior [ RunTime:0.000601s ]
INFO: Run WriteHtmlCache Behavior [ RunTime:0.000416s ]
INFO: Run ShowRuntime Behavior [ RunTime:0.000579s ]
INFO: [ view_filter ] --END-- [ RunTime:0.002976s ]
INFO: [ view_end ] --START--
INFO: Run ShowPageTrace Behavior [ RunTime:0.000803s ]
INFO: [ view_end ] --END-- [ RunTime:0.000867s ]

[ 2016-07-06T16:13:58+08:00 ] /User/userinfo
INFO: [ route_check ] --START--
INFO: Run CheckRoute Behavior [ RunTime:0.001726s ]
INFO: [ route_check ] --END-- [ RunTime:0.002010s ]
INFO: [ app_begin ] --START--
INFO: Run ReadHtmlCache Behavior [ RunTime:0.001088s ]
INFO: [ app_begin ] --END-- [ RunTime:0.001197s ]
INFO: Run AuthCheck Behavior [ RunTime:0.000997s ]
NOTIC: [8] Undefined index: db_dsn D:\wnmp1\wwwroot\v1\branches\v1\lib\ThinkPHP\Lib\Core\Db.class.php 第 129 行.
NOTIC: [8] Undefined index: db_params D:\wnmp1\wwwroot\v1\branches\v1\lib\ThinkPHP\Lib\Core\Db.class.php 第 130 行.
SQL: SHOW COLUMNS FROM `zx_tb_userinfo` [ RunTime:0.002793s ]
SQL: SELECT * FROM `zx_tb_userinfo` WHERE ( uid = 21 ) LIMIT 1   [ RunTime:0.000552s ]
INFO: [ view_template ] --START--
INFO: Run LocationTemplate Behavior [ RunTime:0.001000s ]
INFO: [ view_template ] --END-- [ RunTime:0.001092s ]
INFO: [ view_parse ] --START--
INFO: Run ParseTemplate Behavior [ RunTime:0.017102s ]
INFO: [ view_parse ] --END-- [ RunTime:0.017178s ]
INFO: [ view_filter ] --START--
INFO: Run ContentReplace Behavior [ RunTime:0.000542s ]
INFO: Run TokenBuild Behavior [ RunTime:0.000404s ]
INFO: Run WriteHtmlCache Behavior [ RunTime:0.000316s ]
INFO: Run ShowRuntime Behavior [ RunTime:0.000441s ]
INFO: [ view_filter ] --END-- [ RunTime:0.001830s ]
INFO: [ view_end ] --START--
INFO: Run ShowPageTrace Behavior [ RunTime:0.000534s ]
INFO: [ view_end ] --END-- [ RunTime:0.000577s ]

[ 2016-07-06T16:15:03+08:00 ] /User/userinfo
INFO: [ route_check ] --START--
INFO: Run CheckRoute Behavior [ RunTime:0.000772s ]
INFO: [ route_check ] --END-- [ RunTime:0.000846s ]
INFO: [ app_begin ] --START--
INFO: Run ReadHtmlCache Behavior [ RunTime:0.000591s ]
INFO: [ app_begin ] --END-- [ RunTime:0.000652s ]
INFO: Run AuthCheck Behavior [ RunTime:0.001005s ]
NOTIC: [8] Undefined index: db_dsn D:\wnmp1\wwwroot\v1\branches\v1\lib\ThinkPHP\Lib\Core\Db.class.php 第 129 行.
NOTIC: [8] Undefined index: db_params D:\wnmp1\wwwroot\v1\branches\v1\lib\ThinkPHP\Lib\Core\Db.class.php 第 130 行.
SQL: SHOW COLUMNS FROM `zx_tb_userinfo` [ RunTime:0.001591s ]
SQL: SELECT * FROM `zx_tb_userinfo` WHERE ( uid = 21 ) LIMIT 1   [ RunTime:0.000340s ]
INFO: [ view_template ] --START--
INFO: Run LocationTemplate Behavior [ RunTime:0.000535s ]
INFO: [ view_template ] --END-- [ RunTime:0.000585s ]
INFO: [ view_parse ] --START--
INFO: Run ParseTemplate Behavior [ RunTime:0.010920s ]
INFO: [ view_parse ] --END-- [ RunTime:0.010976s ]
INFO: [ view_filter ] --START--
INFO: Run ContentReplace Behavior [ RunTime:0.000573s ]
INFO: Run TokenBuild Behavior [ RunTime:0.000427s ]
INFO: Run WriteHtmlCache Behavior [ RunTime:0.000322s ]
INFO: Run ShowRuntime Behavior [ RunTime:0.000456s ]
INFO: [ view_filter ] --END-- [ RunTime:0.001927s ]
INFO: [ view_end ] --START--
INFO: Run ShowPageTrace Behavior [ RunTime:0.000621s ]
INFO: [ view_end ] --END-- [ RunTime:0.000675s ]

[ 2016-07-06T16:15:32+08:00 ] /User/userinfo
INFO: [ route_check ] --START--
INFO: Run CheckRoute Behavior [ RunTime:0.000674s ]
INFO: [ route_check ] --END-- [ RunTime:0.000738s ]
INFO: [ app_begin ] --START--
INFO: Run ReadHtmlCache Behavior [ RunTime:0.000492s ]
INFO: [ app_begin ] --END-- [ RunTime:0.000545s ]

[ 2016-07-06T16:15:32+08:00 ] /Account/login
INFO: [ route_check ] --START--
INFO: Run CheckRoute Behavior [ RunTime:0.000695s ]
INFO: [ route_check ] --END-- [ RunTime:0.000757s ]
INFO: [ app_begin ] --START--
INFO: Run ReadHtmlCache Behavior [ RunTime:0.000669s ]
INFO: [ app_begin ] --END-- [ RunTime:0.000726s ]
NOTIC: [8] Undefined index: type D:\wnmp1\wwwroot\v1\branches\v1\DataSource\Lib\Action\AccountAction.class.php 第 76 行.
INFO: [ view_template ] --START--
INFO: Run LocationTemplate Behavior [ RunTime:0.000624s ]
INFO: [ view_template ] --END-- [ RunTime:0.000690s ]
INFO: [ view_parse ] --START--
NOTIC: [8] Undefined index: phone_error D:\wnmp1\wwwroot\v1\branches\v1\DataSource\Runtime\Temp\22487da300e9d88f77e7c31805b0b0b672038c3d.file.login.html.php 第 95 行.
NOTIC: [8] Trying to get property of non-object D:\wnmp1\wwwroot\v1\branches\v1\DataSource\Runtime\Temp\22487da300e9d88f77e7c31805b0b0b672038c3d.file.login.html.php 第 95 行.
NOTIC: [8] Undefined index: phone D:\wnmp1\wwwroot\v1\branches\v1\DataSource\Runtime\Temp\22487da300e9d88f77e7c31805b0b0b672038c3d.file.login.html.php 第 98 行.
NOTIC: [8] Trying to get property of non-object D:\wnmp1\wwwroot\v1\branches\v1\DataSource\Runtime\Temp\22487da300e9d88f77e7c31805b0b0b672038c3d.file.login.html.php 第 98 行.
NOTIC: [8] Undefined index: code_error D:\wnmp1\wwwroot\v1\branches\v1\DataSource\Runtime\Temp\22487da300e9d88f77e7c31805b0b0b672038c3d.file.login.html.php 第 103 行.
NOTIC: [8] Trying to get property of non-object D:\wnmp1\wwwroot\v1\branches\v1\DataSource\Runtime\Temp\22487da300e9d88f77e7c31805b0b0b672038c3d.file.login.html.php 第 103 行.
NOTIC: [8] Undefined index: error D:\wnmp1\wwwroot\v1\branches\v1\DataSource\Runtime\Temp\22487da300e9d88f77e7c31805b0b0b672038c3d.file.login.html.php 第 115 行.
NOTIC: [8] Trying to get property of non-object D:\wnmp1\wwwroot\v1\branches\v1\DataSource\Runtime\Temp\22487da300e9d88f77e7c31805b0b0b672038c3d.file.login.html.php 第 115 行.
INFO: Run ParseTemplate Behavior [ RunTime:0.011185s ]
INFO: [ view_parse ] --END-- [ RunTime:0.011256s ]
INFO: [ view_filter ] --START--
INFO: Run ContentReplace Behavior [ RunTime:0.000491s ]
INFO: Run TokenBuild Behavior [ RunTime:0.000402s ]
INFO: Run WriteHtmlCache Behavior [ RunTime:0.000305s ]
INFO: Run ShowRuntime Behavior [ RunTime:0.000475s ]
INFO: [ view_filter ] --END-- [ RunTime:0.001813s ]
INFO: [ view_end ] --START--
INFO: Run ShowPageTrace Behavior [ RunTime:0.000532s ]
INFO: [ view_end ] --END-- [ RunTime:0.000575s ]

[ 2016-07-06T16:15:35+08:00 ] /Account/verify?phone=13522354197
INFO: [ route_check ] --START--
INFO: Run CheckRoute Behavior [ RunTime:0.000757s ]
INFO: [ route_check ] --END-- [ RunTime:0.000826s ]
INFO: [ app_begin ] --START--
INFO: Run ReadHtmlCache Behavior [ RunTime:0.000559s ]
INFO: [ app_begin ] --END-- [ RunTime:0.000610s ]

[ 2016-07-06T16:16:03+08:00 ] /Account/login?type=
INFO: [ route_check ] --START--
INFO: Run CheckRoute Behavior [ RunTime:0.000669s ]
INFO: [ route_check ] --END-- [ RunTime:0.000732s ]
INFO: [ app_begin ] --START--
INFO: Run ReadHtmlCache Behavior [ RunTime:0.000501s ]
INFO: [ app_begin ] --END-- [ RunTime:0.000550s ]
NOTIC: [8] Undefined index: db_dsn D:\wnmp1\wwwroot\v1\branches\v1\lib\ThinkPHP\Lib\Core\Db.class.php 第 129 行.
NOTIC: [8] Undefined index: db_params D:\wnmp1\wwwroot\v1\branches\v1\lib\ThinkPHP\Lib\Core\Db.class.php 第 130 行.
SQL: SHOW COLUMNS FROM `zx_tb_user` [ RunTime:0.003585s ]
SQL: SELECT * FROM `zx_tb_user` WHERE ( phone = '13522354197' ) LIMIT 1   [ RunTime:0.002196s ]

[ 2016-07-06T16:16:04+08:00 ] /User/userinfo
INFO: [ route_check ] --START--
INFO: Run CheckRoute Behavior [ RunTime:0.000743s ]
INFO: [ route_check ] --END-- [ RunTime:0.000824s ]
INFO: [ app_begin ] --START--
INFO: Run ReadHtmlCache Behavior [ RunTime:0.000511s ]
INFO: [ app_begin ] --END-- [ RunTime:0.000582s ]
INFO: Run AuthCheck Behavior [ RunTime:0.000695s ]
NOTIC: [8] Undefined index: db_dsn D:\wnmp1\wwwroot\v1\branches\v1\lib\ThinkPHP\Lib\Core\Db.class.php 第 129 行.
NOTIC: [8] Undefined index: db_params D:\wnmp1\wwwroot\v1\branches\v1\lib\ThinkPHP\Lib\Core\Db.class.php 第 130 行.
SQL: SHOW COLUMNS FROM `zx_tb_userinfo` [ RunTime:0.003005s ]
SQL: SELECT * FROM `zx_tb_userinfo` WHERE ( uid = 21 ) LIMIT 1   [ RunTime:0.000652s ]
INFO: [ view_template ] --START--
INFO: Run LocationTemplate Behavior [ RunTime:0.001057s ]
INFO: [ view_template ] --END-- [ RunTime:0.001150s ]
INFO: [ view_parse ] --START--
INFO: Run ParseTemplate Behavior [ RunTime:0.022575s ]
INFO: [ view_parse ] --END-- [ RunTime:0.022671s ]
INFO: [ view_filter ] --START--
INFO: Run ContentReplace Behavior [ RunTime:0.000894s ]
INFO: Run TokenBuild Behavior [ RunTime:0.000402s ]
INFO: Run WriteHtmlCache Behavior [ RunTime:0.000312s ]
INFO: Run ShowRuntime Behavior [ RunTime:0.000436s ]
INFO: [ view_filter ] --END-- [ RunTime:0.002185s ]
INFO: [ view_end ] --START--
INFO: Run ShowPageTrace Behavior [ RunTime:0.000529s ]
INFO: [ view_end ] --END-- [ RunTime:0.000573s ]

[ 2016-07-06T16:16:29+08:00 ] /User/userinfo
INFO: [ route_check ] --START--
INFO: Run CheckRoute Behavior [ RunTime:0.001708s ]
INFO: [ route_check ] --END-- [ RunTime:0.001864s ]
INFO: [ app_begin ] --START--
INFO: Run ReadHtmlCache Behavior [ RunTime:0.001299s ]
INFO: [ app_begin ] --END-- [ RunTime:0.001430s ]

[ 2016-07-06T16:16:29+08:00 ] /weixin/touserauth?login=1&xm=zxyjbm
INFO: [ route_check ] --START--
INFO: Run CheckRoute Behavior [ RunTime:0.000828s ]
INFO: [ route_check ] --END-- [ RunTime:0.000905s ]
INFO: [ app_begin ] --START--
INFO: Run ReadHtmlCache Behavior [ RunTime:0.000640s ]
INFO: [ app_begin ] --END-- [ RunTime:0.000702s ]
NOTIC: [8] Undefined index: secondurl D:\wnmp1\wwwroot\v1\branches\v1\DataSource\Lib\Action\WeixinAction.class.php 第 33 行.
NOTIC: [8] Undefined index: HTTP_REFERER D:\wnmp1\wwwroot\v1\branches\v1\DataSource\Lib\Action\WeixinAction.class.php 第 34 行.

[ 2016-07-06T16:16:37+08:00 ] /weixin/touserauth?login=1&xm=zxyjbm
INFO: [ route_check ] --START--
INFO: Run CheckRoute Behavior [ RunTime:0.000829s ]
INFO: [ route_check ] --END-- [ RunTime:0.000904s ]
INFO: [ app_begin ] --START--
INFO: Run ReadHtmlCache Behavior [ RunTime:0.000630s ]
INFO: [ app_begin ] --END-- [ RunTime:0.000694s ]
NOTIC: [8] Undefined index: secondurl D:\wnmp1\wwwroot\v1\branches\v1\DataSource\Lib\Action\WeixinAction.class.php 第 33 行.
NOTIC: [8] Undefined index: HTTP_REFERER D:\wnmp1\wwwroot\v1\branches\v1\DataSource\Lib\Action\WeixinAction.class.php 第 34 行.

[ 2016-07-06T16:16:55+08:00 ] /User/userinfo
INFO: [ route_check ] --START--
INFO: Run CheckRoute Behavior [ RunTime:0.000812s ]
INFO: [ route_check ] --END-- [ RunTime:0.000884s ]
INFO: [ app_begin ] --START--
INFO: Run ReadHtmlCache Behavior [ RunTime:0.000675s ]
INFO: [ app_begin ] --END-- [ RunTime:0.000739s ]
INFO: Run AuthCheck Behavior [ RunTime:0.000459s ]
NOTIC: [8] Undefined index: db_dsn D:\wnmp1\wwwroot\v1\branches\v1\lib\ThinkPHP\Lib\Core\Db.class.php 第 129 行.
NOTIC: [8] Undefined index: db_params D:\wnmp1\wwwroot\v1\branches\v1\lib\ThinkPHP\Lib\Core\Db.class.php 第 130 行.
SQL: SHOW COLUMNS FROM `zx_tb_userinfo` [ RunTime:0.002666s ]
SQL: SELECT * FROM `zx_tb_userinfo` WHERE ( uid = 21 ) LIMIT 1   [ RunTime:0.000987s ]
INFO: [ view_template ] --START--
INFO: Run LocationTemplate Behavior [ RunTime:0.001099s ]
INFO: [ view_template ] --END-- [ RunTime:0.001186s ]
INFO: [ view_parse ] --START--
INFO: Run ParseTemplate Behavior [ RunTime:0.016699s ]
INFO: [ view_parse ] --END-- [ RunTime:0.016784s ]
INFO: [ view_filter ] --START--
INFO: Run ContentReplace Behavior [ RunTime:0.000845s ]
INFO: Run TokenBuild Behavior [ RunTime:0.000634s ]
INFO: Run WriteHtmlCache Behavior [ RunTime:0.000544s ]
INFO: Run ShowRuntime Behavior [ RunTime:0.000710s ]
INFO: [ view_filter ] --END-- [ RunTime:0.002951s ]
INFO: [ view_end ] --START--
INFO: Run ShowPageTrace Behavior [ RunTime:0.000855s ]
INFO: [ view_end ] --END-- [ RunTime:0.000926s ]

[ 2016-07-06T16:17:31+08:00 ] /User/userinfo
INFO: [ route_check ] --START--
INFO: Run CheckRoute Behavior [ RunTime:0.001462s ]
INFO: [ route_check ] --END-- [ RunTime:0.001592s ]
INFO: [ app_begin ] --START--
INFO: Run ReadHtmlCache Behavior [ RunTime:0.000822s ]
INFO: [ app_begin ] --END-- [ RunTime:0.000902s ]

[ 2016-07-06T16:17:31+08:00 ] /Account/login
INFO: [ route_check ] --START--
INFO: Run CheckRoute Behavior [ RunTime:0.001738s ]
INFO: [ route_check ] --END-- [ RunTime:0.001889s ]
INFO: [ app_begin ] --START--
INFO: Run ReadHtmlCache Behavior [ RunTime:0.001253s ]
INFO: [ app_begin ] --END-- [ RunTime:0.001333s ]
NOTIC: [8] Undefined index: type D:\wnmp1\wwwroot\v1\branches\v1\DataSource\Lib\Action\AccountAction.class.php 第 76 行.
INFO: [ view_template ] --START--
INFO: Run LocationTemplate Behavior [ RunTime:0.000517s ]
INFO: [ view_template ] --END-- [ RunTime:0.000567s ]
INFO: [ view_parse ] --START--
NOTIC: [8] Undefined index: phone_error D:\wnmp1\wwwroot\v1\branches\v1\DataSource\Runtime\Temp\22487da300e9d88f77e7c31805b0b0b672038c3d.file.login.html.php 第 95 行.
NOTIC: [8] Trying to get property of non-object D:\wnmp1\wwwroot\v1\branches\v1\DataSource\Runtime\Temp\22487da300e9d88f77e7c31805b0b0b672038c3d.file.login.html.php 第 95 行.
NOTIC: [8] Undefined index: phone D:\wnmp1\wwwroot\v1\branches\v1\DataSource\Runtime\Temp\22487da300e9d88f77e7c31805b0b0b672038c3d.file.login.html.php 第 98 行.
NOTIC: [8] Trying to get property of non-object D:\wnmp1\wwwroot\v1\branches\v1\DataSource\Runtime\Temp\22487da300e9d88f77e7c31805b0b0b672038c3d.file.login.html.php 第 98 行.
NOTIC: [8] Undefined index: code_error D:\wnmp1\wwwroot\v1\branches\v1\DataSource\Runtime\Temp\22487da300e9d88f77e7c31805b0b0b672038c3d.file.login.html.php 第 103 行.
NOTIC: [8] Trying to get property of non-object D:\wnmp1\wwwroot\v1\branches\v1\DataSource\Runtime\Temp\22487da300e9d88f77e7c31805b0b0b672038c3d.file.login.html.php 第 103 行.
NOTIC: [8] Undefined index: error D:\wnmp1\wwwroot\v1\branches\v1\DataSource\Runtime\Temp\22487da300e9d88f77e7c31805b0b0b672038c3d.file.login.html.php 第 115 行.
NOTIC: [8] Trying to get property of non-object D:\wnmp1\wwwroot\v1\branches\v1\DataSource\Runtime\Temp\22487da300e9d88f77e7c31805b0b0b672038c3d.file.login.html.php 第 115 行.
INFO: Run ParseTemplate Behavior [ RunTime:0.011563s ]
INFO: [ view_parse ] --END-- [ RunTime:0.011621s ]
INFO: [ view_filter ] --START--
INFO: Run ContentReplace Behavior [ RunTime:0.000519s ]
INFO: Run TokenBuild Behavior [ RunTime:0.000414s ]
INFO: Run WriteHtmlCache Behavior [ RunTime:0.000317s ]
INFO: Run ShowRuntime Behavior [ RunTime:0.000475s ]
INFO: [ view_filter ] --END-- [ RunTime:0.001859s ]
INFO: [ view_end ] --START--
INFO: Run ShowPageTrace Behavior [ RunTime:0.000585s ]
INFO: [ view_end ] --END-- [ RunTime:0.000631s ]

[ 2016-07-06T16:17:38+08:00 ] /Account/verify?phone=13522354197
INFO: [ route_check ] --START--
INFO: Run CheckRoute Behavior [ RunTime:0.000755s ]
INFO: [ route_check ] --END-- [ RunTime:0.000826s ]
INFO: [ app_begin ] --START--
INFO: Run ReadHtmlCache Behavior [ RunTime:0.000554s ]
INFO: [ app_begin ] --END-- [ RunTime:0.000604s ]

[ 2016-07-06T16:17:50+08:00 ] /Account/login?type=
INFO: [ route_check ] --START--
INFO: Run CheckRoute Behavior [ RunTime:0.001868s ]
INFO: [ route_check ] --END-- [ RunTime:0.002020s ]
INFO: [ app_begin ] --START--
INFO: Run ReadHtmlCache Behavior [ RunTime:0.001305s ]
INFO: [ app_begin ] --END-- [ RunTime:0.001444s ]
NOTIC: [8] Undefined index: db_dsn D:\wnmp1\wwwroot\v1\branches\v1\lib\ThinkPHP\Lib\Core\Db.class.php 第 129 行.
NOTIC: [8] Undefined index: db_params D:\wnmp1\wwwroot\v1\branches\v1\lib\ThinkPHP\Lib\Core\Db.class.php 第 130 行.
SQL: SHOW COLUMNS FROM `zx_tb_user` [ RunTime:0.003346s ]
SQL: SELECT * FROM `zx_tb_user` WHERE ( phone = '13522354197' ) LIMIT 1   [ RunTime:0.000743s ]

[ 2016-07-06T16:17:52+08:00 ] /User/userinfo
INFO: [ route_check ] --START--
INFO: Run CheckRoute Behavior [ RunTime:0.000860s ]
INFO: [ route_check ] --END-- [ RunTime:0.000943s ]
INFO: [ app_begin ] --START--
INFO: Run ReadHtmlCache Behavior [ RunTime:0.000639s ]
INFO: [ app_begin ] --END-- [ RunTime:0.000700s ]
INFO: Run AuthCheck Behavior [ RunTime:0.000537s ]
NOTIC: [8] Undefined index: db_dsn D:\wnmp1\wwwroot\v1\branches\v1\lib\ThinkPHP\Lib\Core\Db.class.php 第 129 行.
NOTIC: [8] Undefined index: db_params D:\wnmp1\wwwroot\v1\branches\v1\lib\ThinkPHP\Lib\Core\Db.class.php 第 130 行.
SQL: SHOW COLUMNS FROM `zx_tb_userinfo` [ RunTime:0.005427s ]
SQL: SELECT * FROM `zx_tb_userinfo` WHERE ( uid = 21 ) LIMIT 1   [ RunTime:0.000879s ]
INFO: [ view_template ] --START--
INFO: Run LocationTemplate Behavior [ RunTime:0.001314s ]
INFO: [ view_template ] --END-- [ RunTime:0.001440s ]
INFO: [ view_parse ] --START--
INFO: Run ParseTemplate Behavior [ RunTime:0.025724s ]
INFO: [ view_parse ] --END-- [ RunTime:0.025851s ]
INFO: [ view_filter ] --START--
INFO: Run ContentReplace Behavior [ RunTime:0.001375s ]
INFO: Run TokenBuild Behavior [ RunTime:0.000905s ]
INFO: Run WriteHtmlCache Behavior [ RunTime:0.000353s ]
INFO: Run ShowRuntime Behavior [ RunTime:0.000465s ]
INFO: [ view_filter ] --END-- [ RunTime:0.003304s ]
INFO: [ view_end ] --START--
INFO: Run ShowPageTrace Behavior [ RunTime:0.000573s ]
INFO: [ view_end ] --END-- [ RunTime:0.000620s ]

[ 2016-07-06T16:18:18+08:00 ] /User/userinfo
INFO: [ route_check ] --START--
INFO: Run CheckRoute Behavior [ RunTime:0.000947s ]
INFO: [ route_check ] --END-- [ RunTime:0.001046s ]
INFO: [ app_begin ] --START--
INFO: Run ReadHtmlCache Behavior [ RunTime:0.000649s ]
INFO: [ app_begin ] --END-- [ RunTime:0.000726s ]
INFO: Run AuthCheck Behavior [ RunTime:0.000547s ]
NOTIC: [8] Undefined index: db_dsn D:\wnmp1\wwwroot\v1\branches\v1\lib\ThinkPHP\Lib\Core\Db.class.php 第 129 行.
NOTIC: [8] Undefined index: db_params D:\wnmp1\wwwroot\v1\branches\v1\lib\ThinkPHP\Lib\Core\Db.class.php 第 130 行.
SQL: SHOW COLUMNS FROM `zx_tb_userinfo` [ RunTime:0.003989s ]
SQL: SELECT * FROM `zx_tb_userinfo` WHERE ( uid = 21 ) LIMIT 1   [ RunTime:0.000780s ]
INFO: [ view_template ] --START--
INFO: Run LocationTemplate Behavior [ RunTime:0.001438s ]
INFO: [ view_template ] --END-- [ RunTime:0.001569s ]
INFO: [ view_parse ] --START--
INFO: Run ParseTemplate Behavior [ RunTime:0.022637s ]
INFO: [ view_parse ] --END-- [ RunTime:0.022729s ]
INFO: [ view_filter ] --START--
INFO: Run ContentReplace Behavior [ RunTime:0.000725s ]
INFO: Run TokenBuild Behavior [ RunTime:0.000538s ]
INFO: Run WriteHtmlCache Behavior [ RunTime:0.000404s ]
INFO: Run ShowRuntime Behavior [ RunTime:0.000593s ]
INFO: [ view_filter ] --END-- [ RunTime:0.002439s ]
INFO: [ view_end ] --START--
INFO: Run ShowPageTrace Behavior [ RunTime:0.000764s ]
INFO: [ view_end ] --END-- [ RunTime:0.000837s ]

[ 2016-07-06T16:18:59+08:00 ] /User/userinfo
INFO: [ route_check ] --START--
INFO: Run CheckRoute Behavior [ RunTime:0.001010s ]
INFO: [ route_check ] --END-- [ RunTime:0.001109s ]
INFO: [ app_begin ] --START--
INFO: Run ReadHtmlCache Behavior [ RunTime:0.000734s ]
INFO: [ app_begin ] --END-- [ RunTime:0.000806s ]
INFO: Run AuthCheck Behavior [ RunTime:0.000608s ]
NOTIC: [8] Undefined index: db_dsn D:\wnmp1\wwwroot\v1\branches\v1\lib\ThinkPHP\Lib\Core\Db.class.php 第 129 行.
NOTIC: [8] Undefined index: db_params D:\wnmp1\wwwroot\v1\branches\v1\lib\ThinkPHP\Lib\Core\Db.class.php 第 130 行.
SQL: SHOW COLUMNS FROM `zx_tb_userinfo` [ RunTime:0.004853s ]
SQL: SELECT * FROM `zx_tb_userinfo` WHERE ( uid = 21 ) LIMIT 1   [ RunTime:0.001027s ]
INFO: [ view_template ] --START--
INFO: Run LocationTemplate Behavior [ RunTime:0.001498s ]
INFO: [ view_template ] --END-- [ RunTime:0.001632s ]
INFO: [ view_parse ] --START--
INFO: Run ParseTemplate Behavior [ RunTime:0.018966s ]
INFO: [ view_parse ] --END-- [ RunTime:0.019057s ]
INFO: [ view_filter ] --START--
INFO: Run ContentReplace Behavior [ RunTime:0.000755s ]
INFO: Run TokenBuild Behavior [ RunTime:0.000552s ]
INFO: Run WriteHtmlCache Behavior [ RunTime:0.000454s ]
INFO: Run ShowRuntime Behavior [ RunTime:0.000618s ]
INFO: [ view_filter ] --END-- [ RunTime:0.002562s ]
INFO: [ view_end ] --START--
INFO: Run ShowPageTrace Behavior [ RunTime:0.000748s ]
INFO: [ view_end ] --END-- [ RunTime:0.000809s ]

[ 2016-07-06T17:12:28+08:00 ] /Matchinfo?m_id=13
INFO: [ route_check ] --START--
INFO: Run CheckRoute Behavior [ RunTime:0.001342s ]
INFO: [ route_check ] --END-- [ RunTime:0.001414s ]
INFO: [ app_begin ] --START--
INFO: Run ReadHtmlCache Behavior [ RunTime:0.000712s ]
INFO: [ app_begin ] --END-- [ RunTime:0.000769s ]
NOTIC: [8] Undefined index: db_dsn D:\wnmp1\wwwroot\v1\branches\v1\lib\ThinkPHP\Lib\Core\Db.class.php 第 129 行.
NOTIC: [8] Undefined index: db_params D:\wnmp1\wwwroot\v1\branches\v1\lib\ThinkPHP\Lib\Core\Db.class.php 第 130 行.
SQL: SHOW COLUMNS FROM `zx_tb_matchs` [ RunTime:0.002308s ]
SQL: select * from zx_tb_matchs where id = 13 [ RunTime:0.001113s ]
NOTIC: [8] Undefined index: platform D:\wnmp1\wwwroot\v1\branches\v1\DataSource\Lib\Action\MatchinfoAction.class.php 第 21 行.
SQL: SHOW COLUMNS FROM `zx_tb_goods` [ RunTime:0.002207s ]
SQL: SELECT `id`,`g_mid`,`g_name`,`g_type`,`g_des`,`g_currprice`,`g_price`,`g_priceinfo`,`g_priceinfowithout`,`g_singleprice`,`g_tips`,`g_order` FROM `zx_tb_goods` WHERE ( g_type = 2 and g_mid = 13 and g_pid =0 and g_state = 0 and g_stockleft > 0 and g_releaseTime <= NOW() and g_offineTime > NOW()  ) ORDER BY g_type asc,g_order desc  [ RunTime:0.002288s ]
SQL: SELECT `id`,`g_mid`,`g_name`,`g_type`,`g_des`,`g_currprice`,`g_price`,`g_priceinfo`,`g_priceinfowithout`,`g_singleprice`,`g_tips`,`g_order` FROM `zx_tb_goods` WHERE ( g_type = 2 and g_mid = 13 and g_pid =52 and g_state = 0 and g_stockleft > 0 and g_releaseTime <= NOW() and g_offineTime > NOW()  ) ORDER BY g_type asc,g_order desc  [ RunTime:0.000655s ]
SQL: SELECT `id`,`g_mid`,`g_name`,`g_type`,`g_des`,`g_currprice`,`g_price`,`g_priceinfo`,`g_priceinfowithout`,`g_singleprice`,`g_tips`,`g_order` FROM `zx_tb_goods` WHERE ( g_type = 2 and g_mid = 13 and g_pid =86 and g_state = 0 and g_stockleft > 0 and g_releaseTime <= NOW() and g_offineTime > NOW()  ) ORDER BY g_type asc,g_order desc  [ RunTime:0.001075s ]
SQL: SELECT `id`,`g_mid`,`g_name`,`g_type`,`g_des`,`g_currprice`,`g_price`,`g_priceinfo`,`g_priceinfowithout`,`g_singleprice`,`g_tips`,`g_order` FROM `zx_tb_goods` WHERE ( g_type = 2 and g_mid = 13 and g_pid =525 and g_state = 0 and g_stockleft > 0 and g_releaseTime <= NOW() and g_offineTime > NOW()  ) ORDER BY g_type asc,g_order desc  [ RunTime:0.000395s ]
SQL: SELECT `id`,`g_mid`,`g_name`,`g_type`,`g_des`,`g_currprice`,`g_price`,`g_priceinfo`,`g_priceinfowithout`,`g_singleprice`,`g_tips`,`g_order` FROM `zx_tb_goods` WHERE ( g_type = 2 and g_mid = 13 and g_pid =526 and g_state = 0 and g_stockleft > 0 and g_releaseTime <= NOW() and g_offineTime > NOW()  ) ORDER BY g_type asc,g_order desc  [ RunTime:0.000386s ]
SQL: SELECT `id`,`g_mid`,`g_name`,`g_type`,`g_des`,`g_currprice`,`g_price`,`g_priceinfo`,`g_priceinfowithout`,`g_singleprice`,`g_tips`,`g_order` FROM `zx_tb_goods` WHERE ( g_type = 2 and g_mid = 13 and g_pid =527 and g_state = 0 and g_stockleft > 0 and g_releaseTime <= NOW() and g_offineTime > NOW()  ) ORDER BY g_type asc,g_order desc  [ RunTime:0.000374s ]
SQL: SELECT `id`,`g_mid`,`g_name`,`g_type`,`g_des`,`g_currprice`,`g_price`,`g_priceinfo`,`g_priceinfowithout`,`g_singleprice`,`g_tips`,`g_order` FROM `zx_tb_goods` WHERE ( g_type = 2 and g_mid = 13 and g_pid =450 and g_state = 0 and g_stockleft > 0 and g_releaseTime <= NOW() and g_offineTime > NOW()  ) ORDER BY g_type asc,g_order desc  [ RunTime:0.000422s ]
SQL: SELECT `id`,`g_mid`,`g_name`,`g_type`,`g_des`,`g_currprice`,`g_price`,`g_priceinfo`,`g_priceinfowithout`,`g_singleprice`,`g_tips`,`g_order` FROM `zx_tb_goods` WHERE ( g_type = 2 and g_mid = 13 and g_pid =455 and g_state = 0 and g_stockleft > 0 and g_releaseTime <= NOW() and g_offineTime > NOW()  ) ORDER BY g_type asc,g_order desc  [ RunTime:0.000404s ]
SQL: SELECT `id`,`g_mid`,`g_name`,`g_type`,`g_des`,`g_currprice`,`g_price`,`g_priceinfo`,`g_priceinfowithout`,`g_singleprice`,`g_tips`,`g_order` FROM `zx_tb_goods` WHERE ( g_type = 2 and g_mid = 13 and g_pid =457 and g_state = 0 and g_stockleft > 0 and g_releaseTime <= NOW() and g_offineTime > NOW()  ) ORDER BY g_type asc,g_order desc  [ RunTime:0.001308s ]
SQL: SELECT `id`,`g_mid`,`g_name`,`g_type`,`g_des`,`g_currprice`,`g_price`,`g_priceinfo`,`g_priceinfowithout`,`g_singleprice`,`g_tips`,`g_order` FROM `zx_tb_goods` WHERE ( g_type = 2 and g_mid = 13 and g_pid =454 and g_state = 0 and g_stockleft > 0 and g_releaseTime <= NOW() and g_offineTime > NOW()  ) ORDER BY g_type asc,g_order desc  [ RunTime:0.001728s ]
SQL: SELECT `id`,`g_mid`,`g_name`,`g_type`,`g_des`,`g_currprice`,`g_price`,`g_priceinfo`,`g_priceinfowithout`,`g_singleprice`,`g_tips`,`g_order` FROM `zx_tb_goods` WHERE ( g_type = 2 and g_mid = 13 and g_pid =456 and g_state = 0 and g_stockleft > 0 and g_releaseTime <= NOW() and g_offineTime > NOW()  ) ORDER BY g_type asc,g_order desc  [ RunTime:0.000676s ]
SQL: SELECT `id`,`g_mid`,`g_name`,`g_type`,`g_des`,`g_currprice`,`g_price`,`g_priceinfo`,`g_priceinfowithout`,`g_singleprice`,`g_tips`,`g_order` FROM `zx_tb_goods` WHERE ( g_type = 2 and g_mid = 13 and g_pid =458 and g_state = 0 and g_stockleft > 0 and g_releaseTime <= NOW() and g_offineTime > NOW()  ) ORDER BY g_type asc,g_order desc  [ RunTime:0.000415s ]
SQL: SHOW COLUMNS FROM `zx_tb_scenicarea` [ RunTime:0.002006s ]
SQL: SELECT * FROM `zx_tb_scenicarea` WHERE ( mid=13 )  [ RunTime:0.000565s ]
SQL: SHOW COLUMNS FROM `zx_tb_matchs` [ RunTime:0.002183s ]
SQL:  select * from zx_tb_matchs where  m_sign = 1  and m_state = 0 and m_releaseTime < NOW() and m_offineTime > NOW()  order by m_order desc,id desc limit 0,3  [ RunTime:0.000712s ]
SQL: SHOW COLUMNS FROM `zx_tb_collect` [ RunTime:0.001950s ]
SQL: SELECT * FROM `zx_tb_collect` WHERE ( `uid`=21 and `match_id` = 13  ) LIMIT 1   [ RunTime:0.000274s ]
SQL: SHOW COLUMNS FROM `zx_tb_orders` [ RunTime:0.002654s ]
SQL: SELECT * FROM `zx_tb_orders` WHERE ( uid = 21 and matchid=13 ) LIMIT 1   [ RunTime:0.000317s ]
INFO: [ view_template ] --START--
INFO: Run LocationTemplate Behavior [ RunTime:0.000919s ]
INFO: [ view_template ] --END-- [ RunTime:0.000987s ]
INFO: [ view_parse ] --START--
NOTIC: [8] Undefined index: banner D:\wnmp1\wwwroot\v1\branches\v1\DataSource\Runtime\Temp\9f529053051950a069732b98964695a605c1670d.file.banner.html.php 第 36 行.
NOTIC: [8] Trying to get property of non-object D:\wnmp1\wwwroot\v1\branches\v1\DataSource\Runtime\Temp\9f529053051950a069732b98964695a605c1670d.file.banner.html.php 第 36 行.
NOTIC: [8] Undefined index: type D:\wnmp1\wwwroot\v1\branches\v1\DataSource\Runtime\Temp\0b2dbb8ed51c6bda68f53595692a7c8463148ef3.file.hotList.html.php 第 63 行.
NOTIC: [8] Trying to get property of non-object D:\wnmp1\wwwroot\v1\branches\v1\DataSource\Runtime\Temp\0b2dbb8ed51c6bda68f53595692a7c8463148ef3.file.hotList.html.php 第 63 行.
INFO: Run ParseTemplate Behavior [ RunTime:0.331490s ]
INFO: [ view_parse ] --END-- [ RunTime:0.331539s ]
INFO: [ view_filter ] --START--
INFO: Run ContentReplace Behavior [ RunTime:0.001206s ]
INFO: Run TokenBuild Behavior [ RunTime:0.000610s ]
INFO: Run WriteHtmlCache Behavior [ RunTime:0.000505s ]
INFO: Run ShowRuntime Behavior [ RunTime:0.001002s ]
INFO: [ view_filter ] --END-- [ RunTime:0.003506s ]
INFO: [ view_end ] --START--
INFO: Run ShowPageTrace Behavior [ RunTime:0.000735s ]
INFO: [ view_end ] --END-- [ RunTime:0.000801s ]

[ 2016-07-06T17:12:29+08:00 ] /Matchinfo/getTrip?m_id=450
INFO: [ route_check ] --START--
INFO: Run CheckRoute Behavior [ RunTime:0.000888s ]
INFO: [ route_check ] --END-- [ RunTime:0.000991s ]
INFO: [ app_begin ] --START--
INFO: Run ReadHtmlCache Behavior [ RunTime:0.000645s ]
INFO: [ app_begin ] --END-- [ RunTime:0.000711s ]
NOTIC: [8] Undefined index: db_dsn D:\wnmp1\wwwroot\v1\branches\v1\lib\ThinkPHP\Lib\Core\Db.class.php 第 129 行.
NOTIC: [8] Undefined index: db_params D:\wnmp1\wwwroot\v1\branches\v1\lib\ThinkPHP\Lib\Core\Db.class.php 第 130 行.
SQL: SHOW COLUMNS FROM `zx_tb_trip` [ RunTime:0.002281s ]
SQL: SELECT * FROM `zx_tb_trip` WHERE ( `meal_id` = 450  ) ORDER BY trip_date asc  [ RunTime:0.000545s ]

[ 2016-07-06T17:12:30+08:00 ] /ajax/hotlist?length=200
INFO: [ route_check ] --START--
INFO: Run CheckRoute Behavior [ RunTime:0.000904s ]
INFO: [ route_check ] --END-- [ RunTime:0.001009s ]
INFO: [ app_begin ] --START--
INFO: Run ReadHtmlCache Behavior [ RunTime:0.000608s ]
INFO: [ app_begin ] --END-- [ RunTime:0.000674s ]
NOTIC: [8] Undefined index: page D:\wnmp1\wwwroot\v1\branches\v1\DataSource\Lib\Action\AjaxAction.class.php 第 36 行.
NOTIC: [8] Undefined index: db_dsn D:\wnmp1\wwwroot\v1\branches\v1\lib\ThinkPHP\Lib\Core\Db.class.php 第 129 行.
NOTIC: [8] Undefined index: db_params D:\wnmp1\wwwroot\v1\branches\v1\lib\ThinkPHP\Lib\Core\Db.class.php 第 130 行.
SQL: SHOW COLUMNS FROM `zx_tb_matchs` [ RunTime:0.002027s ]
SQL:  select * from zx_tb_matchs where  m_sign = 1  and m_state = 0 and m_releaseTime < NOW() and m_offineTime > NOW()  order by m_order desc,id desc limit 0,200  [ RunTime:0.001050s ]

[ 2016-07-06T17:35:10+08:00 ] /Matchinfo/getTrip?m_id=450
INFO: [ route_check ] --START--
INFO: Run CheckRoute Behavior [ RunTime:0.001086s ]
INFO: [ route_check ] --END-- [ RunTime:0.001202s ]
INFO: [ app_begin ] --START--
INFO: Run ReadHtmlCache Behavior [ RunTime:0.000840s ]
INFO: [ app_begin ] --END-- [ RunTime:0.000927s ]
NOTIC: [8] Undefined index: db_dsn D:\wnmp1\wwwroot\v1\branches\v1\lib\ThinkPHP\Lib\Core\Db.class.php 第 129 行.
NOTIC: [8] Undefined index: db_params D:\wnmp1\wwwroot\v1\branches\v1\lib\ThinkPHP\Lib\Core\Db.class.php 第 130 行.
SQL: SHOW COLUMNS FROM `zx_tb_trip` [ RunTime:0.001405s ]

[ 2016-07-06T17:35:11+08:00 ] /ajax/hotlist?length=200
INFO: [ route_check ] --START--
INFO: Run CheckRoute Behavior [ RunTime:0.000608s ]
INFO: [ route_check ] --END-- [ RunTime:0.000670s ]
INFO: [ app_begin ] --START--
INFO: Run ReadHtmlCache Behavior [ RunTime:0.000661s ]
INFO: [ app_begin ] --END-- [ RunTime:0.000711s ]
NOTIC: [8] Undefined index: page D:\wnmp1\wwwroot\v1\branches\v1\DataSource\Lib\Action\AjaxAction.class.php 第 36 行.
NOTIC: [8] Undefined index: db_dsn D:\wnmp1\wwwroot\v1\branches\v1\lib\ThinkPHP\Lib\Core\Db.class.php 第 129 行.
NOTIC: [8] Undefined index: db_params D:\wnmp1\wwwroot\v1\branches\v1\lib\ThinkPHP\Lib\Core\Db.class.php 第 130 行.
SQL: SHOW COLUMNS FROM `zx_tb_matchs` [ RunTime:0.002929s ]
SQL:  select * from zx_tb_matchs where  m_sign = 1  and m_state = 0 and m_releaseTime < NOW() and m_offineTime > NOW()  order by m_order desc,id desc limit 0,200  [ RunTime:0.001691s ]

