[ 2016-07-12T19:09:21+08:00 ] /
INFO: [ app_begin ] --START--
INFO: Run ReadHtmlCache Behavior [ RunTime:0.001723s ]
INFO: [ app_begin ] --END-- [ RunTime:0.002921s ]
NOTIC: [8] Undefined index: match D:\wnmp1\wwwroot\v1\branches\v1\DataSource\Lib\Action\IndexAction.class.php 第 21 行.
NOTIC: [8] Undefined index: platform D:\wnmp1\wwwroot\v1\branches\v1\DataSource\Lib\Action\IndexAction.class.php 第 22 行.
NOTIC: [8] Undefined index: db_dsn D:\wnmp1\wwwroot\v1\branches\v1\lib\ThinkPHP\Lib\Core\Db.class.php 第 129 行.
NOTIC: [8] Undefined index: db_params D:\wnmp1\wwwroot\v1\branches\v1\lib\ThinkPHP\Lib\Core\Db.class.php 第 130 行.
SQL: SHOW COLUMNS FROM `zx_tb_matchs` [ RunTime:0.003277s ]
SQL:  select * from zx_tb_matchs where  m_sign = 1  and m_state = 0 and m_releaseTime < NOW() and m_offineTime > NOW()  order by m_order desc,id desc limit 0,5  [ RunTime:0.002642s ]
SQL: SHOW COLUMNS FROM `zx_tb_classinfo` [ RunTime:0.001603s ]
NOTIC: [2] Missing argument 6 for ClassInfoModel::getContent(), called in D:\wnmp1\wwwroot\v1\branches\v1\DataSource\Lib\Action\IndexAction.class.php on line 38 and defined D:\wnmp1\wwwroot\v1\branches\v1\DataSource\Lib\Model\ClassInfoModel.class.php 第 22 行.
NOTIC: [8] Undefined variable: order D:\wnmp1\wwwroot\v1\branches\v1\DataSource\Lib\Model\ClassInfoModel.class.php 第 33 行.
SQL: SELECT info.id,info.cid,cls.classname,info.n_title,info.n_img,info.n_url,info.sign,info.orderid  FROM `zx_tb_class` cls LEFT JOIN zx_tb_classinfo info ON  cls.id = info.cid WHERE cls.short_name='zx_banner' AND cls.isdel=0 AND info.isdel=0 and info.isdisplay=1 AND info.itime<=NOW() AND info.offtime>NOW()  order by  info.sign desc,info.orderid desc,info.utime desc,id DESC  limit 0,10  [ RunTime:0.000822s ]
NOTIC: [2] Missing argument 6 for ClassInfoModel::getContent(), called in D:\wnmp1\wwwroot\v1\branches\v1\DataSource\Lib\Action\IndexAction.class.php on line 42 and defined D:\wnmp1\wwwroot\v1\branches\v1\DataSource\Lib\Model\ClassInfoModel.class.php 第 22 行.
NOTIC: [8] Undefined variable: order D:\wnmp1\wwwroot\v1\branches\v1\DataSource\Lib\Model\ClassInfoModel.class.php 第 33 行.
SQL: SELECT info.id,info.cid,cls.classname,info.n_title,info.n_img,info.n_url,info.sign,info.orderid  FROM `zx_tb_class` cls LEFT JOIN zx_tb_classinfo info ON  cls.id = info.cid WHERE cls.short_name='zx_hotwords' AND cls.isdel=0 AND info.isdel=0 and info.isdisplay=1 AND info.itime<=NOW() AND info.offtime>NOW()  order by  info.sign desc,info.orderid desc,info.utime desc,id DESC  limit 0,100  [ RunTime:0.000788s ]
INFO: [ view_template ] --START--
INFO: Run LocationTemplate Behavior [ RunTime:0.001961s ]
INFO: [ view_template ] --END-- [ RunTime:0.002042s ]
INFO: [ view_parse ] --START--
NOTIC: [8] Undefined index: m_banner D:\wnmp1\wwwroot\v1\branches\v1\DataSource\Runtime\Temp\9f529053051950a069732b98964695a605c1670d.file.banner.html.php 第 52 行.
NOTIC: [8] Trying to get property of non-object D:\wnmp1\wwwroot\v1\branches\v1\DataSource\Runtime\Temp\9f529053051950a069732b98964695a605c1670d.file.banner.html.php 第 52 行.
INFO: Run ParseTemplate Behavior [ RunTime:0.029067s ]
INFO: [ view_parse ] --END-- [ RunTime:0.029129s ]
INFO: [ view_filter ] --START--
INFO: Run ContentReplace Behavior [ RunTime:0.002164s ]
INFO: Run TokenBuild Behavior [ RunTime:0.001006s ]
INFO: Run WriteHtmlCache Behavior [ RunTime:0.000641s ]
INFO: Run ShowRuntime Behavior [ RunTime:0.001242s ]
INFO: [ view_filter ] --END-- [ RunTime:0.005237s ]
INFO: [ view_end ] --START--
INFO: Run ShowPageTrace Behavior [ RunTime:0.001109s ]
INFO: [ view_end ] --END-- [ RunTime:0.001180s ]

[ 2016-07-12T19:09:26+08:00 ] /
INFO: [ app_begin ] --START--
INFO: Run ReadHtmlCache Behavior [ RunTime:0.000729s ]
INFO: [ app_begin ] --END-- [ RunTime:0.000877s ]
NOTIC: [8] Undefined index: match D:\wnmp1\wwwroot\v1\branches\v1\DataSource\Lib\Action\IndexAction.class.php 第 21 行.
NOTIC: [8] Undefined index: platform D:\wnmp1\wwwroot\v1\branches\v1\DataSource\Lib\Action\IndexAction.class.php 第 22 行.
NOTIC: [8] Undefined index: db_dsn D:\wnmp1\wwwroot\v1\branches\v1\lib\ThinkPHP\Lib\Core\Db.class.php 第 129 行.
NOTIC: [8] Undefined index: db_params D:\wnmp1\wwwroot\v1\branches\v1\lib\ThinkPHP\Lib\Core\Db.class.php 第 130 行.
SQL: SHOW COLUMNS FROM `zx_tb_matchs` [ RunTime:0.001816s ]
SQL:  select * from zx_tb_matchs where  m_sign = 1  and m_state = 0 and m_releaseTime < NOW() and m_offineTime > NOW()  order by m_order desc,id desc limit 0,5  [ RunTime:0.001177s ]
SQL: SHOW COLUMNS FROM `zx_tb_classinfo` [ RunTime:0.001553s ]
NOTIC: [2] Missing argument 6 for ClassInfoModel::getContent(), called in D:\wnmp1\wwwroot\v1\branches\v1\DataSource\Lib\Action\IndexAction.class.php on line 38 and defined D:\wnmp1\wwwroot\v1\branches\v1\DataSource\Lib\Model\ClassInfoModel.class.php 第 22 行.
NOTIC: [8] Undefined variable: order D:\wnmp1\wwwroot\v1\branches\v1\DataSource\Lib\Model\ClassInfoModel.class.php 第 33 行.
SQL: SELECT info.id,info.cid,cls.classname,info.n_title,info.n_img,info.n_url,info.sign,info.orderid  FROM `zx_tb_class` cls LEFT JOIN zx_tb_classinfo info ON  cls.id = info.cid WHERE cls.short_name='zx_banner' AND cls.isdel=0 AND info.isdel=0 and info.isdisplay=1 AND info.itime<=NOW() AND info.offtime>NOW()  order by  info.sign desc,info.orderid desc,info.utime desc,id DESC  limit 0,10  [ RunTime:0.000599s ]
NOTIC: [2] Missing argument 6 for ClassInfoModel::getContent(), called in D:\wnmp1\wwwroot\v1\branches\v1\DataSource\Lib\Action\IndexAction.class.php on line 42 and defined D:\wnmp1\wwwroot\v1\branches\v1\DataSource\Lib\Model\ClassInfoModel.class.php 第 22 行.
NOTIC: [8] Undefined variable: order D:\wnmp1\wwwroot\v1\branches\v1\DataSource\Lib\Model\ClassInfoModel.class.php 第 33 行.
SQL: SELECT info.id,info.cid,cls.classname,info.n_title,info.n_img,info.n_url,info.sign,info.orderid  FROM `zx_tb_class` cls LEFT JOIN zx_tb_classinfo info ON  cls.id = info.cid WHERE cls.short_name='zx_hotwords' AND cls.isdel=0 AND info.isdel=0 and info.isdisplay=1 AND info.itime<=NOW() AND info.offtime>NOW()  order by  info.sign desc,info.orderid desc,info.utime desc,id DESC  limit 0,100  [ RunTime:0.000658s ]
INFO: [ view_template ] --START--
INFO: Run LocationTemplate Behavior [ RunTime:0.000812s ]
INFO: [ view_template ] --END-- [ RunTime:0.000877s ]
INFO: [ view_parse ] --START--
NOTIC: [8] Undefined index: m_banner D:\wnmp1\wwwroot\v1\branches\v1\DataSource\Runtime\Temp\9f529053051950a069732b98964695a605c1670d.file.banner.html.php 第 52 行.
NOTIC: [8] Trying to get property of non-object D:\wnmp1\wwwroot\v1\branches\v1\DataSource\Runtime\Temp\9f529053051950a069732b98964695a605c1670d.file.banner.html.php 第 52 行.
INFO: Run ParseTemplate Behavior [ RunTime:0.016530s ]
INFO: [ view_parse ] --END-- [ RunTime:0.016589s ]
INFO: [ view_filter ] --START--
INFO: Run ContentReplace Behavior [ RunTime:0.001004s ]
INFO: Run TokenBuild Behavior [ RunTime:0.000957s ]
INFO: Run WriteHtmlCache Behavior [ RunTime:0.000583s ]
INFO: Run ShowRuntime Behavior [ RunTime:0.000999s ]
INFO: [ view_filter ] --END-- [ RunTime:0.003759s ]
INFO: [ view_end ] --START--
INFO: Run ShowPageTrace Behavior [ RunTime:0.000892s ]
INFO: [ view_end ] --END-- [ RunTime:0.000951s ]

[ 2016-07-12T19:09:30+08:00 ] /ajax/hotlist?page=2
INFO: [ route_check ] --START--
INFO: Run CheckRoute Behavior [ RunTime:0.003524s ]
INFO: [ route_check ] --END-- [ RunTime:0.005144s ]
INFO: [ app_begin ] --START--
INFO: Run ReadHtmlCache Behavior [ RunTime:0.000819s ]
INFO: [ app_begin ] --END-- [ RunTime:0.000872s ]
NOTIC: [8] Undefined index: length D:\wnmp1\wwwroot\v1\branches\v1\DataSource\Lib\Action\AjaxAction.class.php 第 37 行.
NOTIC: [8] Undefined index: db_dsn D:\wnmp1\wwwroot\v1\branches\v1\lib\ThinkPHP\Lib\Core\Db.class.php 第 129 行.
NOTIC: [8] Undefined index: db_params D:\wnmp1\wwwroot\v1\branches\v1\lib\ThinkPHP\Lib\Core\Db.class.php 第 130 行.
SQL: SHOW COLUMNS FROM `zx_tb_matchs` [ RunTime:0.002759s ]
SQL:  select * from zx_tb_matchs where  m_sign = 1  and m_state = 0 and m_releaseTime < NOW() and m_offineTime > NOW()  order by m_order desc,id desc limit 5,5  [ RunTime:0.001404s ]

[ 2016-07-12T19:09:33+08:00 ] /ajax/hotlist?page=3
INFO: [ route_check ] --START--
INFO: Run CheckRoute Behavior [ RunTime:0.000690s ]
INFO: [ route_check ] --END-- [ RunTime:0.000753s ]
INFO: [ app_begin ] --START--
INFO: Run ReadHtmlCache Behavior [ RunTime:0.000488s ]
INFO: [ app_begin ] --END-- [ RunTime:0.000531s ]
NOTIC: [8] Undefined index: length D:\wnmp1\wwwroot\v1\branches\v1\DataSource\Lib\Action\AjaxAction.class.php 第 37 行.
NOTIC: [8] Undefined index: db_dsn D:\wnmp1\wwwroot\v1\branches\v1\lib\ThinkPHP\Lib\Core\Db.class.php 第 129 行.
NOTIC: [8] Undefined index: db_params D:\wnmp1\wwwroot\v1\branches\v1\lib\ThinkPHP\Lib\Core\Db.class.php 第 130 行.
SQL: SHOW COLUMNS FROM `zx_tb_matchs` [ RunTime:0.004562s ]
SQL:  select * from zx_tb_matchs where  m_sign = 1  and m_state = 0 and m_releaseTime < NOW() and m_offineTime > NOW()  order by m_order desc,id desc limit 10,5  [ RunTime:0.002788s ]

