[ 2016-11-08T11:34:24+08:00 ] /
INFO: [ app_begin ] --START--
INFO: Run ReadHtmlCache Behavior [ RunTime:0.001700s ]
INFO: [ app_begin ] --END-- [ RunTime:0.001782s ]

[ 2016-11-08T11:34:24+08:00 ] /login
INFO: [ route_check ] --START--
INFO: Run CheckRoute Behavior [ RunTime:0.001829s ]
INFO: [ route_check ] --END-- [ RunTime:0.001902s ]
INFO: [ app_begin ] --START--
INFO: Run ReadHtmlCache Behavior [ RunTime:0.000611s ]
INFO: [ app_begin ] --END-- [ RunTime:0.000659s ]
INFO: [ view_template ] --START--
INFO: Run LocationTemplate Behavior [ RunTime:0.001570s ]
INFO: [ view_template ] --END-- [ RunTime:0.001638s ]
INFO: [ view_parse ] --START--
NOTIC: [8] Undefined index: error C:\wnmp\wwwroot\houtai\uducy_admin\Runtime\Temp\8d4f5e13bd3eda234fa91e36665717b486cd4564.file.login.html.php 第 135 行.
NOTIC: [8] Trying to get property of non-object C:\wnmp\wwwroot\houtai\uducy_admin\Runtime\Temp\8d4f5e13bd3eda234fa91e36665717b486cd4564.file.login.html.php 第 135 行.
INFO: Run ParseTemplate Behavior [ RunTime:0.024941s ]
INFO: [ view_parse ] --END-- [ RunTime:0.024986s ]
INFO: [ view_filter ] --START--
INFO: Run ContentReplace Behavior [ RunTime:0.000862s ]
INFO: Run TokenBuild Behavior [ RunTime:0.000818s ]
INFO: Run WriteHtmlCache Behavior [ RunTime:0.000731s ]
INFO: Run ShowRuntime Behavior [ RunTime:0.001047s ]
INFO: [ view_filter ] --END-- [ RunTime:0.003593s ]
INFO: [ view_end ] --START--
INFO: Run ShowPageTrace Behavior [ RunTime:0.001073s ]
INFO: [ view_end ] --END-- [ RunTime:0.001138s ]

[ 2016-11-08T14:07:23+08:00 ] /
INFO: [ app_begin ] --START--
INFO: Run ReadHtmlCache Behavior [ RunTime:0.002306s ]
INFO: [ app_begin ] --END-- [ RunTime:0.004211s ]

[ 2016-11-08T14:07:24+08:00 ] /login
INFO: [ route_check ] --START--
INFO: Run CheckRoute Behavior [ RunTime:0.005483s ]
INFO: [ route_check ] --END-- [ RunTime:0.005565s ]
INFO: [ app_begin ] --START--
INFO: Run ReadHtmlCache Behavior [ RunTime:0.000766s ]
INFO: [ app_begin ] --END-- [ RunTime:0.000820s ]
INFO: [ view_template ] --START--
INFO: Run LocationTemplate Behavior [ RunTime:0.002086s ]
INFO: [ view_template ] --END-- [ RunTime:0.002171s ]
INFO: [ view_parse ] --START--
NOTIC: [8] Undefined index: error C:\wnmp\wwwroot\houtai\uducy_admin\Runtime\Temp\8d4f5e13bd3eda234fa91e36665717b486cd4564.file.login.html.php 第 135 行.
NOTIC: [8] Trying to get property of non-object C:\wnmp\wwwroot\houtai\uducy_admin\Runtime\Temp\8d4f5e13bd3eda234fa91e36665717b486cd4564.file.login.html.php 第 135 行.
INFO: Run ParseTemplate Behavior [ RunTime:0.071504s ]
INFO: [ view_parse ] --END-- [ RunTime:0.071554s ]
INFO: [ view_filter ] --START--
INFO: Run ContentReplace Behavior [ RunTime:0.000932s ]
INFO: Run TokenBuild Behavior [ RunTime:0.001054s ]
INFO: Run WriteHtmlCache Behavior [ RunTime:0.000805s ]
INFO: Run ShowRuntime Behavior [ RunTime:0.000986s ]
INFO: [ view_filter ] --END-- [ RunTime:0.003956s ]
INFO: [ view_end ] --START--
INFO: Run ShowPageTrace Behavior [ RunTime:0.001267s ]
INFO: [ view_end ] --END-- [ RunTime:0.001333s ]

[ 2016-11-08T14:32:36+08:00 ] /
INFO: [ app_begin ] --START--
INFO: Run ReadHtmlCache Behavior [ RunTime:0.001647s ]
INFO: [ app_begin ] --END-- [ RunTime:0.002614s ]

[ 2016-11-08T14:32:36+08:00 ] /login
INFO: [ route_check ] --START--
INFO: Run CheckRoute Behavior [ RunTime:0.049192s ]
INFO: [ route_check ] --END-- [ RunTime:0.049279s ]
INFO: [ app_begin ] --START--
INFO: Run ReadHtmlCache Behavior [ RunTime:0.000637s ]
INFO: [ app_begin ] --END-- [ RunTime:0.000686s ]
INFO: [ view_template ] --START--
INFO: Run LocationTemplate Behavior [ RunTime:0.002246s ]
INFO: [ view_template ] --END-- [ RunTime:0.002369s ]
INFO: [ view_parse ] --START--
NOTIC: [8] Undefined index: error C:\wnmp\wwwroot\houtai\uducy_admin\Runtime\Temp\8d4f5e13bd3eda234fa91e36665717b486cd4564.file.login.html.php 第 135 行.
NOTIC: [8] Trying to get property of non-object C:\wnmp\wwwroot\houtai\uducy_admin\Runtime\Temp\8d4f5e13bd3eda234fa91e36665717b486cd4564.file.login.html.php 第 135 行.
INFO: Run ParseTemplate Behavior [ RunTime:0.045359s ]
INFO: [ view_parse ] --END-- [ RunTime:0.045422s ]
INFO: [ view_filter ] --START--
INFO: Run ContentReplace Behavior [ RunTime:0.000885s ]
INFO: Run TokenBuild Behavior [ RunTime:0.000879s ]
INFO: Run WriteHtmlCache Behavior [ RunTime:0.000800s ]
INFO: Run ShowRuntime Behavior [ RunTime:0.001178s ]
INFO: [ view_filter ] --END-- [ RunTime:0.003912s ]
INFO: [ view_end ] --START--
INFO: Run ShowPageTrace Behavior [ RunTime:0.013167s ]
INFO: [ view_end ] --END-- [ RunTime:0.013274s ]

[ 2016-11-08T14:33:18+08:00 ] /DataSource/Tpi/Index
INFO: [ route_check ] --START--
INFO: Run CheckRoute Behavior [ RunTime:0.001731s ]
INFO: [ route_check ] --END-- [ RunTime:0.001818s ]
INFO: [ app_begin ] --START--
INFO: Run ReadHtmlCache Behavior [ RunTime:0.001130s ]
INFO: [ app_begin ] --END-- [ RunTime:0.001179s ]
ERR: 无法加载模块:DataSource

[ 2016-11-08T14:33:25+08:00 ] /DataSource/Tpi/Index/index
INFO: [ route_check ] --START--
INFO: Run CheckRoute Behavior [ RunTime:0.000670s ]
INFO: [ route_check ] --END-- [ RunTime:0.000735s ]
INFO: [ app_begin ] --START--
INFO: Run ReadHtmlCache Behavior [ RunTime:0.000544s ]
INFO: [ app_begin ] --END-- [ RunTime:0.000589s ]
ERR: 无法加载模块:DataSource

[ 2016-11-08T14:33:32+08:00 ] /Index/index
INFO: [ route_check ] --START--
INFO: Run CheckRoute Behavior [ RunTime:0.000671s ]
INFO: [ route_check ] --END-- [ RunTime:0.000737s ]
INFO: [ app_begin ] --START--
INFO: Run ReadHtmlCache Behavior [ RunTime:0.000498s ]
INFO: [ app_begin ] --END-- [ RunTime:0.000541s ]

[ 2016-11-08T14:33:32+08:00 ] /login
INFO: [ route_check ] --START--
INFO: Run CheckRoute Behavior [ RunTime:0.000683s ]
INFO: [ route_check ] --END-- [ RunTime:0.000752s ]
INFO: [ app_begin ] --START--
INFO: Run ReadHtmlCache Behavior [ RunTime:0.000686s ]
INFO: [ app_begin ] --END-- [ RunTime:0.000744s ]
INFO: [ view_template ] --START--
INFO: Run LocationTemplate Behavior [ RunTime:0.001390s ]
INFO: [ view_template ] --END-- [ RunTime:0.001465s ]
INFO: [ view_parse ] --START--
NOTIC: [8] Undefined index: error C:\wnmp\wwwroot\houtai\uducy_admin\Runtime\Temp\8d4f5e13bd3eda234fa91e36665717b486cd4564.file.login.html.php 第 135 行.
NOTIC: [8] Trying to get property of non-object C:\wnmp\wwwroot\houtai\uducy_admin\Runtime\Temp\8d4f5e13bd3eda234fa91e36665717b486cd4564.file.login.html.php 第 135 行.
INFO: Run ParseTemplate Behavior [ RunTime:0.017262s ]
INFO: [ view_parse ] --END-- [ RunTime:0.017306s ]
INFO: [ view_filter ] --START--
INFO: Run ContentReplace Behavior [ RunTime:0.000778s ]
INFO: Run TokenBuild Behavior [ RunTime:0.000677s ]
INFO: Run WriteHtmlCache Behavior [ RunTime:0.000659s ]
INFO: Run ShowRuntime Behavior [ RunTime:0.000873s ]
INFO: [ view_filter ] --END-- [ RunTime:0.003121s ]
INFO: [ view_end ] --START--
INFO: Run ShowPageTrace Behavior [ RunTime:0.001124s ]
INFO: [ view_end ] --END-- [ RunTime:0.001174s ]

[ 2016-11-08T16:48:10+08:00 ] /
INFO: [ app_begin ] --START--
INFO: Run ReadHtmlCache Behavior [ RunTime:0.000417s ]
INFO: [ app_begin ] --END-- [ RunTime:0.000473s ]

[ 2016-11-08T16:48:10+08:00 ] /login
INFO: [ route_check ] --START--
INFO: Run CheckRoute Behavior [ RunTime:0.001540s ]
INFO: [ route_check ] --END-- [ RunTime:0.001651s ]
INFO: [ app_begin ] --START--
INFO: Run ReadHtmlCache Behavior [ RunTime:0.000702s ]
INFO: [ app_begin ] --END-- [ RunTime:0.000785s ]
INFO: [ view_template ] --START--
INFO: Run LocationTemplate Behavior [ RunTime:0.000753s ]
INFO: [ view_template ] --END-- [ RunTime:0.000814s ]
INFO: [ view_parse ] --START--
NOTIC: [8] Undefined index: error C:\wnmp\wwwroot\houtai\uducy_admin\Runtime\Temp\8d4f5e13bd3eda234fa91e36665717b486cd4564.file.login.html.php 第 135 行.
NOTIC: [8] Trying to get property of non-object C:\wnmp\wwwroot\houtai\uducy_admin\Runtime\Temp\8d4f5e13bd3eda234fa91e36665717b486cd4564.file.login.html.php 第 135 行.
INFO: Run ParseTemplate Behavior [ RunTime:0.011527s ]
INFO: [ view_parse ] --END-- [ RunTime:0.011575s ]
INFO: [ view_filter ] --START--
INFO: Run ContentReplace Behavior [ RunTime:0.000375s ]
INFO: Run TokenBuild Behavior [ RunTime:0.000330s ]
INFO: Run WriteHtmlCache Behavior [ RunTime:0.000334s ]
INFO: Run ShowRuntime Behavior [ RunTime:0.000389s ]
INFO: [ view_filter ] --END-- [ RunTime:0.001561s ]
INFO: [ view_end ] --START--
INFO: Run ShowPageTrace Behavior [ RunTime:0.000502s ]
INFO: [ view_end ] --END-- [ RunTime:0.000545s ]

