[ 2016-11-10T13:55:35+08:00 ] /
INFO: [ app_begin ] --START--
INFO: Run ReadHtmlCache Behavior [ RunTime:0.002247s ]
INFO: [ app_begin ] --END-- [ RunTime:0.002321s ]

[ 2016-11-10T13:55:35+08:00 ] /login
INFO: [ route_check ] --START--
INFO: Run CheckRoute Behavior [ RunTime:0.002626s ]
INFO: [ route_check ] --END-- [ RunTime:0.002700s ]
INFO: [ app_begin ] --START--
INFO: Run ReadHtmlCache Behavior [ RunTime:0.001084s ]
INFO: [ app_begin ] --END-- [ RunTime:0.001152s ]
INFO: [ view_template ] --START--
INFO: Run LocationTemplate Behavior [ RunTime:0.003443s ]
INFO: [ view_template ] --END-- [ RunTime:0.003516s ]
INFO: [ view_parse ] --START--
NOTIC: [8] Undefined index: error C:\wnmp\wwwroot\houtai\uducy_admin\Runtime\Temp\8d4f5e13bd3eda234fa91e36665717b486cd4564.file.login.html.php 第 135 行.
NOTIC: [8] Trying to get property of non-object C:\wnmp\wwwroot\houtai\uducy_admin\Runtime\Temp\8d4f5e13bd3eda234fa91e36665717b486cd4564.file.login.html.php 第 135 行.
INFO: Run ParseTemplate Behavior [ RunTime:0.029209s ]
INFO: [ view_parse ] --END-- [ RunTime:0.029257s ]
INFO: [ view_filter ] --START--
INFO: Run ContentReplace Behavior [ RunTime:0.001317s ]
INFO: Run TokenBuild Behavior [ RunTime:0.001241s ]
INFO: Run WriteHtmlCache Behavior [ RunTime:0.001029s ]
INFO: Run ShowRuntime Behavior [ RunTime:0.001143s ]
INFO: [ view_filter ] --END-- [ RunTime:0.004866s ]
INFO: [ view_end ] --START--
INFO: Run ShowPageTrace Behavior [ RunTime:0.001647s ]
INFO: [ view_end ] --END-- [ RunTime:0.001699s ]

