[ 2016-08-05T18:34:10+08:00 ] /
INFO: [ app_begin ] --START--
INFO: Run ReadHtmlCache Behavior [ RunTime:0.000857s ]
INFO: [ app_begin ] --END-- [ RunTime:0.000950s ]
NOTIC: [8] Undefined index: match D:\wnmp1\wwwroot\zx_nuomi\branches\branche01\DataSource\Lib\Action\IndexAction.class.php 第 21 行.
NOTIC: [8] Undefined index: platform D:\wnmp1\wwwroot\zx_nuomi\branches\branche01\DataSource\Lib\Action\IndexAction.class.php 第 22 行.
NOTIC: [8] Undefined index: db_dsn D:\wnmp1\wwwroot\zx_nuomi\branches\branche01\lib\ThinkPHP\Lib\Core\Db.class.php 第 129 行.
NOTIC: [8] Undefined index: db_params D:\wnmp1\wwwroot\zx_nuomi\branches\branche01\lib\ThinkPHP\Lib\Core\Db.class.php 第 130 行.
SQL: SHOW COLUMNS FROM `zx_tb_matchs` [ RunTime:0.004293s ]
SQL:  select * from zx_tb_matchs where  m_sign = 1  and m_state = 0 and m_releaseTime < NOW() and m_offineTime > NOW()  order by m_order desc,id desc limit 0,5  [ RunTime:0.001740s ]
SQL: SHOW COLUMNS FROM `zx_tb_classinfo` [ RunTime:0.003987s ]
NOTIC: [2] Missing argument 6 for ClassInfoModel::getContent(), called in D:\wnmp1\wwwroot\zx_nuomi\branches\branche01\DataSource\Lib\Action\IndexAction.class.php on line 38 and defined D:\wnmp1\wwwroot\zx_nuomi\branches\branche01\DataSource\Lib\Model\ClassInfoModel.class.php 第 22 行.
NOTIC: [8] Undefined variable: order D:\wnmp1\wwwroot\zx_nuomi\branches\branche01\DataSource\Lib\Model\ClassInfoModel.class.php 第 33 行.
SQL: SELECT info.id,info.cid,cls.classname,info.n_title,info.n_img,info.n_url,info.sign,info.orderid  FROM `zx_tb_class` cls LEFT JOIN zx_tb_classinfo info ON  cls.id = info.cid WHERE cls.short_name='zx_banner' AND cls.isdel=0 AND info.isdel=0 and info.isdisplay=1 AND info.itime<=NOW() AND info.offtime>NOW()  order by  info.sign desc,info.orderid desc,info.utime desc,id DESC  limit 0,10  [ RunTime:0.001368s ]
NOTIC: [2] Missing argument 6 for ClassInfoModel::getContent(), called in D:\wnmp1\wwwroot\zx_nuomi\branches\branche01\DataSource\Lib\Action\IndexAction.class.php on line 42 and defined D:\wnmp1\wwwroot\zx_nuomi\branches\branche01\DataSource\Lib\Model\ClassInfoModel.class.php 第 22 行.
NOTIC: [8] Undefined variable: order D:\wnmp1\wwwroot\zx_nuomi\branches\branche01\DataSource\Lib\Model\ClassInfoModel.class.php 第 33 行.
SQL: SELECT info.id,info.cid,cls.classname,info.n_title,info.n_img,info.n_url,info.sign,info.orderid  FROM `zx_tb_class` cls LEFT JOIN zx_tb_classinfo info ON  cls.id = info.cid WHERE cls.short_name='zx_hotwords' AND cls.isdel=0 AND info.isdel=0 and info.isdisplay=1 AND info.itime<=NOW() AND info.offtime>NOW()  order by  info.sign desc,info.orderid desc,info.utime desc,id DESC  limit 0,100  [ RunTime:0.001230s ]
INFO: [ view_template ] --START--
INFO: Run LocationTemplate Behavior [ RunTime:0.001170s ]
INFO: [ view_template ] --END-- [ RunTime:0.001280s ]
INFO: [ view_parse ] --START--
NOTIC: [2] filemtime() [<a href='function.filemtime'>function.filemtime</a>]: stat failed for ../DataSource/Runtime/Temp\43ada865f8bc71aef17a87e0ed7c58499c1019cf.file.index.html.php D:\wnmp1\wwwroot\zx_nuomi\branches\branche01\lib\ThinkPHP\Extend\Vendor\Smarty\sysplugins\smarty_resource.php 第 683 行.
NOTIC: [2] unlink(../DataSource/Runtime/Temp\43ada865f8bc71aef17a87e0ed7c58499c1019cf.file.index.html.php) [<a href='function.unlink'>function.unlink</a>]: No such file or directory D:\wnmp1\wwwroot\zx_nuomi\branches\branche01\lib\ThinkPHP\Extend\Vendor\Smarty\sysplugins\smarty_internal_write_file.php 第 49 行.
NOTIC: [2] filemtime() [<a href='function.filemtime'>function.filemtime</a>]: stat failed for ../DataSource/Runtime/Temp\b98fc940e393e12c0163e8b483a2b21226c917df.file.header.html.php D:\wnmp1\wwwroot\zx_nuomi\branches\branche01\lib\ThinkPHP\Extend\Vendor\Smarty\sysplugins\smarty_resource.php 第 683 行.
NOTIC: [2] unlink(../DataSource/Runtime/Temp\b98fc940e393e12c0163e8b483a2b21226c917df.file.header.html.php) [<a href='function.unlink'>function.unlink</a>]: No such file or directory D:\wnmp1\wwwroot\zx_nuomi\branches\branche01\lib\ThinkPHP\Extend\Vendor\Smarty\sysplugins\smarty_internal_write_file.php 第 49 行.
NOTIC: [2] filemtime() [<a href='function.filemtime'>function.filemtime</a>]: stat failed for ../DataSource/Runtime/Temp\9f529053051950a069732b98964695a605c1670d.file.banner.html.php D:\wnmp1\wwwroot\zx_nuomi\branches\branche01\lib\ThinkPHP\Extend\Vendor\Smarty\sysplugins\smarty_resource.php 第 683 行.
NOTIC: [2] unlink(../DataSource/Runtime/Temp\9f529053051950a069732b98964695a605c1670d.file.banner.html.php) [<a href='function.unlink'>function.unlink</a>]: No such file or directory D:\wnmp1\wwwroot\zx_nuomi\branches\branche01\lib\ThinkPHP\Extend\Vendor\Smarty\sysplugins\smarty_internal_write_file.php 第 49 行.
NOTIC: [8] Undefined index: m_banner D:\wnmp1\wwwroot\zx_nuomi\branches\branche01\DataSource\Runtime\Temp\9f529053051950a069732b98964695a605c1670d.file.banner.html.php 第 62 行.
NOTIC: [8] Trying to get property of non-object D:\wnmp1\wwwroot\zx_nuomi\branches\branche01\DataSource\Runtime\Temp\9f529053051950a069732b98964695a605c1670d.file.banner.html.php 第 62 行.
NOTIC: [2] filemtime() [<a href='function.filemtime'>function.filemtime</a>]: stat failed for ../DataSource/Runtime/Temp\0b2dbb8ed51c6bda68f53595692a7c8463148ef3.file.hotList.html.php D:\wnmp1\wwwroot\zx_nuomi\branches\branche01\lib\ThinkPHP\Extend\Vendor\Smarty\sysplugins\smarty_resource.php 第 683 行.
NOTIC: [2] unlink(../DataSource/Runtime/Temp\0b2dbb8ed51c6bda68f53595692a7c8463148ef3.file.hotList.html.php) [<a href='function.unlink'>function.unlink</a>]: No such file or directory D:\wnmp1\wwwroot\zx_nuomi\branches\branche01\lib\ThinkPHP\Extend\Vendor\Smarty\sysplugins\smarty_internal_write_file.php 第 49 行.
INFO: Run ParseTemplate Behavior [ RunTime:0.195647s ]
INFO: [ view_parse ] --END-- [ RunTime:0.195727s ]
INFO: [ view_filter ] --START--
INFO: Run ContentReplace Behavior [ RunTime:0.000714s ]
INFO: Run TokenBuild Behavior [ RunTime:0.000335s ]
INFO: Run WriteHtmlCache Behavior [ RunTime:0.000229s ]
INFO: Run ShowRuntime Behavior [ RunTime:0.000386s ]
INFO: [ view_filter ] --END-- [ RunTime:0.001787s ]
INFO: [ view_end ] --START--
INFO: Run ShowPageTrace Behavior [ RunTime:0.000452s ]
INFO: [ view_end ] --END-- [ RunTime:0.000499s ]

[ 2016-08-05T18:34:11+08:00 ] /weixin/getJsTk?url=http%3A%2F%2F127.0.0.1%3A8099%2F
INFO: [ route_check ] --START--
INFO: Run CheckRoute Behavior [ RunTime:0.000724s ]
INFO: [ route_check ] --END-- [ RunTime:0.000823s ]
INFO: [ app_begin ] --START--
INFO: Run ReadHtmlCache Behavior [ RunTime:0.000516s ]
INFO: [ app_begin ] --END-- [ RunTime:0.000585s ]
NOTIC: [2] Missing argument 2 for WeixinAcessTokenModel::Jstoken(), called in D:\wnmp1\wwwroot\zx_nuomi\branches\branche01\DataSource\Lib\Action\WeixinAction.class.php on line 112 and defined D:\wnmp1\wwwroot\zx_nuomi\branches\branche01\DataSource\Lib\Model\WeixinAcessTokenModel.class.php 第 24 行.
ERR: Redis server went away

[ 2016-08-05T18:34:14+08:00 ] /
INFO: [ app_begin ] --START--
INFO: Run ReadHtmlCache Behavior [ RunTime:0.000644s ]
INFO: [ app_begin ] --END-- [ RunTime:0.000734s ]
NOTIC: [8] Undefined index: match D:\wnmp1\wwwroot\zx_nuomi\branches\branche01\DataSource\Lib\Action\IndexAction.class.php 第 21 行.
NOTIC: [8] Undefined index: platform D:\wnmp1\wwwroot\zx_nuomi\branches\branche01\DataSource\Lib\Action\IndexAction.class.php 第 22 行.
NOTIC: [8] Undefined index: db_dsn D:\wnmp1\wwwroot\zx_nuomi\branches\branche01\lib\ThinkPHP\Lib\Core\Db.class.php 第 129 行.
NOTIC: [8] Undefined index: db_params D:\wnmp1\wwwroot\zx_nuomi\branches\branche01\lib\ThinkPHP\Lib\Core\Db.class.php 第 130 行.
SQL: SHOW COLUMNS FROM `zx_tb_matchs` [ RunTime:0.002306s ]
SQL:  select * from zx_tb_matchs where  m_sign = 1  and m_state = 0 and m_releaseTime < NOW() and m_offineTime > NOW()  order by m_order desc,id desc limit 0,5  [ RunTime:0.001041s ]
SQL: SHOW COLUMNS FROM `zx_tb_classinfo` [ RunTime:0.001454s ]
NOTIC: [2] Missing argument 6 for ClassInfoModel::getContent(), called in D:\wnmp1\wwwroot\zx_nuomi\branches\branche01\DataSource\Lib\Action\IndexAction.class.php on line 38 and defined D:\wnmp1\wwwroot\zx_nuomi\branches\branche01\DataSource\Lib\Model\ClassInfoModel.class.php 第 22 行.
NOTIC: [8] Undefined variable: order D:\wnmp1\wwwroot\zx_nuomi\branches\branche01\DataSource\Lib\Model\ClassInfoModel.class.php 第 33 行.
SQL: SELECT info.id,info.cid,cls.classname,info.n_title,info.n_img,info.n_url,info.sign,info.orderid  FROM `zx_tb_class` cls LEFT JOIN zx_tb_classinfo info ON  cls.id = info.cid WHERE cls.short_name='zx_banner' AND cls.isdel=0 AND info.isdel=0 and info.isdisplay=1 AND info.itime<=NOW() AND info.offtime>NOW()  order by  info.sign desc,info.orderid desc,info.utime desc,id DESC  limit 0,10  [ RunTime:0.000699s ]
NOTIC: [2] Missing argument 6 for ClassInfoModel::getContent(), called in D:\wnmp1\wwwroot\zx_nuomi\branches\branche01\DataSource\Lib\Action\IndexAction.class.php on line 42 and defined D:\wnmp1\wwwroot\zx_nuomi\branches\branche01\DataSource\Lib\Model\ClassInfoModel.class.php 第 22 行.
NOTIC: [8] Undefined variable: order D:\wnmp1\wwwroot\zx_nuomi\branches\branche01\DataSource\Lib\Model\ClassInfoModel.class.php 第 33 行.
SQL: SELECT info.id,info.cid,cls.classname,info.n_title,info.n_img,info.n_url,info.sign,info.orderid  FROM `zx_tb_class` cls LEFT JOIN zx_tb_classinfo info ON  cls.id = info.cid WHERE cls.short_name='zx_hotwords' AND cls.isdel=0 AND info.isdel=0 and info.isdisplay=1 AND info.itime<=NOW() AND info.offtime>NOW()  order by  info.sign desc,info.orderid desc,info.utime desc,id DESC  limit 0,100  [ RunTime:0.000645s ]
INFO: [ view_template ] --START--
INFO: Run LocationTemplate Behavior [ RunTime:0.000858s ]
INFO: [ view_template ] --END-- [ RunTime:0.001027s ]
INFO: [ view_parse ] --START--
NOTIC: [8] Undefined index: m_banner D:\wnmp1\wwwroot\zx_nuomi\branches\branche01\DataSource\Runtime\Temp\9f529053051950a069732b98964695a605c1670d.file.banner.html.php 第 62 行.
NOTIC: [8] Trying to get property of non-object D:\wnmp1\wwwroot\zx_nuomi\branches\branche01\DataSource\Runtime\Temp\9f529053051950a069732b98964695a605c1670d.file.banner.html.php 第 62 行.
INFO: Run ParseTemplate Behavior [ RunTime:0.011361s ]
INFO: [ view_parse ] --END-- [ RunTime:0.011423s ]
INFO: [ view_filter ] --START--
INFO: Run ContentReplace Behavior [ RunTime:0.000633s ]
INFO: Run TokenBuild Behavior [ RunTime:0.000309s ]
INFO: Run WriteHtmlCache Behavior [ RunTime:0.000210s ]
INFO: Run ShowRuntime Behavior [ RunTime:0.000573s ]
INFO: [ view_filter ] --END-- [ RunTime:0.001865s ]
INFO: [ view_end ] --START--
INFO: Run ShowPageTrace Behavior [ RunTime:0.000692s ]
INFO: [ view_end ] --END-- [ RunTime:0.000751s ]

[ 2016-08-05T18:34:15+08:00 ] /weixin/getJsTk?url=http%3A%2F%2F127.0.0.1%3A8099%2F
INFO: [ route_check ] --START--
INFO: Run CheckRoute Behavior [ RunTime:0.001970s ]
INFO: [ route_check ] --END-- [ RunTime:0.002110s ]
INFO: [ app_begin ] --START--
INFO: Run ReadHtmlCache Behavior [ RunTime:0.000665s ]
INFO: [ app_begin ] --END-- [ RunTime:0.000741s ]
NOTIC: [2] Missing argument 2 for WeixinAcessTokenModel::Jstoken(), called in D:\wnmp1\wwwroot\zx_nuomi\branches\branche01\DataSource\Lib\Action\WeixinAction.class.php on line 112 and defined D:\wnmp1\wwwroot\zx_nuomi\branches\branche01\DataSource\Lib\Model\WeixinAcessTokenModel.class.php 第 24 行.
ERR: Redis server went away

[ 2016-08-05T18:34:17+08:00 ] /ajax/hotlist?page=2
INFO: [ route_check ] --START--
INFO: Run CheckRoute Behavior [ RunTime:0.000652s ]
INFO: [ route_check ] --END-- [ RunTime:0.000722s ]
INFO: [ app_begin ] --START--
INFO: Run ReadHtmlCache Behavior [ RunTime:0.000404s ]
INFO: [ app_begin ] --END-- [ RunTime:0.000446s ]
NOTIC: [8] Undefined index: length D:\wnmp1\wwwroot\zx_nuomi\branches\branche01\DataSource\Lib\Action\AjaxAction.class.php 第 37 行.
NOTIC: [8] Undefined index: db_dsn D:\wnmp1\wwwroot\zx_nuomi\branches\branche01\lib\ThinkPHP\Lib\Core\Db.class.php 第 129 行.
NOTIC: [8] Undefined index: db_params D:\wnmp1\wwwroot\zx_nuomi\branches\branche01\lib\ThinkPHP\Lib\Core\Db.class.php 第 130 行.
SQL: SHOW COLUMNS FROM `zx_tb_matchs` [ RunTime:0.004837s ]
SQL:  select * from zx_tb_matchs where  m_sign = 1  and m_state = 0 and m_releaseTime < NOW() and m_offineTime > NOW()  order by m_order desc,id desc limit 5,5  [ RunTime:0.004306s ]

[ 2016-08-05T18:34:20+08:00 ] /ajax/hotlist?page=3
INFO: [ route_check ] --START--
INFO: Run CheckRoute Behavior [ RunTime:0.000873s ]
INFO: [ route_check ] --END-- [ RunTime:0.000984s ]
INFO: [ app_begin ] --START--
INFO: Run ReadHtmlCache Behavior [ RunTime:0.001777s ]
INFO: [ app_begin ] --END-- [ RunTime:0.001921s ]
NOTIC: [8] Undefined index: length D:\wnmp1\wwwroot\zx_nuomi\branches\branche01\DataSource\Lib\Action\AjaxAction.class.php 第 37 行.
NOTIC: [8] Undefined index: db_dsn D:\wnmp1\wwwroot\zx_nuomi\branches\branche01\lib\ThinkPHP\Lib\Core\Db.class.php 第 129 行.
NOTIC: [8] Undefined index: db_params D:\wnmp1\wwwroot\zx_nuomi\branches\branche01\lib\ThinkPHP\Lib\Core\Db.class.php 第 130 行.
SQL: SHOW COLUMNS FROM `zx_tb_matchs` [ RunTime:0.001913s ]
SQL:  select * from zx_tb_matchs where  m_sign = 1  and m_state = 0 and m_releaseTime < NOW() and m_offineTime > NOW()  order by m_order desc,id desc limit 10,5  [ RunTime:0.000899s ]

[ 2016-08-05T18:34:22+08:00 ] /Matchinfo?m_id=17&platform=zx-tour
INFO: [ route_check ] --START--
INFO: Run CheckRoute Behavior [ RunTime:0.000536s ]
INFO: [ route_check ] --END-- [ RunTime:0.000604s ]
INFO: [ app_begin ] --START--
INFO: Run ReadHtmlCache Behavior [ RunTime:0.000442s ]
INFO: [ app_begin ] --END-- [ RunTime:0.000493s ]
NOTIC: [8] Undefined index: db_dsn D:\wnmp1\wwwroot\zx_nuomi\branches\branche01\lib\ThinkPHP\Lib\Core\Db.class.php 第 129 行.
NOTIC: [8] Undefined index: db_params D:\wnmp1\wwwroot\zx_nuomi\branches\branche01\lib\ThinkPHP\Lib\Core\Db.class.php 第 130 行.
SQL: SHOW COLUMNS FROM `zx_tb_matchs` [ RunTime:0.003410s ]
SQL: select * from zx_tb_matchs where id = 17 [ RunTime:0.000557s ]
NOTIC: [8] Undefined offset: 1 D:\wnmp1\wwwroot\zx_nuomi\branches\branche01\DataSource\Lib\Action\MatchinfoAction.class.php 第 146 行.
SQL: SHOW COLUMNS FROM `zx_tb_goods` [ RunTime:0.001819s ]
SQL: SELECT `id`,`g_mid`,`g_name`,`g_type`,`g_des`,`g_currprice`,`g_price`,`g_priceinfo`,`g_priceinfowithout`,`g_singleprice`,`g_tips`,`g_order` FROM `zx_tb_goods` WHERE ( g_type = 2 and g_mid = 17 and g_pid =0 and g_state = 0 and g_stockleft > 0 and g_releaseTime <= NOW() and g_offineTime > NOW()  ) ORDER BY g_type asc,g_order desc  [ RunTime:0.000510s ]
SQL: SELECT `id`,`g_mid`,`g_name`,`g_type`,`g_des`,`g_currprice`,`g_price`,`g_priceinfo`,`g_priceinfowithout`,`g_singleprice`,`g_tips`,`g_order` FROM `zx_tb_goods` WHERE ( g_type = 2 and g_mid = 17 and g_pid =79 and g_state = 0 and g_stockleft > 0 and g_releaseTime <= NOW() and g_offineTime > NOW()  ) ORDER BY g_type asc,g_order desc  [ RunTime:0.000469s ]
SQL: SELECT `id`,`g_mid`,`g_name`,`g_type`,`g_des`,`g_currprice`,`g_price`,`g_priceinfo`,`g_priceinfowithout`,`g_singleprice`,`g_tips`,`g_order` FROM `zx_tb_goods` WHERE ( g_type = 2 and g_mid = 17 and g_pid =85 and g_state = 0 and g_stockleft > 0 and g_releaseTime <= NOW() and g_offineTime > NOW()  ) ORDER BY g_type asc,g_order desc  [ RunTime:0.002016s ]
SQL: SELECT `id`,`g_mid`,`g_name`,`g_type`,`g_des`,`g_currprice`,`g_price`,`g_priceinfo`,`g_priceinfowithout`,`g_singleprice`,`g_tips`,`g_order` FROM `zx_tb_goods` WHERE ( g_type = 2 and g_mid = 17 and g_pid =96 and g_state = 0 and g_stockleft > 0 and g_releaseTime <= NOW() and g_offineTime > NOW()  ) ORDER BY g_type asc,g_order desc  [ RunTime:0.000558s ]
SQL: SHOW COLUMNS FROM `zx_tb_scenicarea` [ RunTime:0.001546s ]
SQL: SELECT * FROM `zx_tb_scenicarea` WHERE ( mid=17 )  [ RunTime:0.000791s ]
SQL: SHOW COLUMNS FROM `zx_tb_matchs` [ RunTime:0.002151s ]
SQL:  select * from zx_tb_matchs where  m_sign = 1  and m_state = 0 and m_releaseTime < NOW() and m_offineTime > NOW()  order by m_order desc,id desc limit 0,3  [ RunTime:0.000911s ]
SQL: SHOW COLUMNS FROM `zx_tb_collect` [ RunTime:0.001728s ]
SQL: SELECT * FROM `zx_tb_collect` WHERE ( `uid`=44 and `match_id` = 17  ) LIMIT 1   [ RunTime:0.000345s ]
SQL: SHOW COLUMNS FROM `zx_tb_orders` [ RunTime:0.002570s ]
SQL: SELECT * FROM `zx_tb_orders` WHERE ( uid = 44 and matchid=17 ) LIMIT 1   [ RunTime:0.000750s ]
INFO: [ view_template ] --START--
INFO: Run LocationTemplate Behavior [ RunTime:0.000763s ]
INFO: [ view_template ] --END-- [ RunTime:0.000909s ]
INFO: [ view_parse ] --START--
NOTIC: [2] filemtime() [<a href='function.filemtime'>function.filemtime</a>]: stat failed for ../DataSource/Runtime/Temp\531e96a4ffd6b502f4ebab295e5b7fb88970efae.file.index.html.php D:\wnmp1\wwwroot\zx_nuomi\branches\branche01\lib\ThinkPHP\Extend\Vendor\Smarty\sysplugins\smarty_resource.php 第 683 行.
NOTIC: [2] unlink(../DataSource/Runtime/Temp\531e96a4ffd6b502f4ebab295e5b7fb88970efae.file.index.html.php) [<a href='function.unlink'>function.unlink</a>]: No such file or directory D:\wnmp1\wwwroot\zx_nuomi\branches\branche01\lib\ThinkPHP\Extend\Vendor\Smarty\sysplugins\smarty_internal_write_file.php 第 49 行.
NOTIC: [8] Undefined index: banner D:\wnmp1\wwwroot\zx_nuomi\branches\branche01\DataSource\Runtime\Temp\9f529053051950a069732b98964695a605c1670d.file.banner.html.php 第 37 行.
NOTIC: [8] Trying to get property of non-object D:\wnmp1\wwwroot\zx_nuomi\branches\branche01\DataSource\Runtime\Temp\9f529053051950a069732b98964695a605c1670d.file.banner.html.php 第 37 行.
NOTIC: [8] Undefined index: type D:\wnmp1\wwwroot\zx_nuomi\branches\branche01\DataSource\Runtime\Temp\0b2dbb8ed51c6bda68f53595692a7c8463148ef3.file.hotList.html.php 第 62 行.
NOTIC: [8] Trying to get property of non-object D:\wnmp1\wwwroot\zx_nuomi\branches\branche01\DataSource\Runtime\Temp\0b2dbb8ed51c6bda68f53595692a7c8463148ef3.file.hotList.html.php 第 62 行.
NOTIC: [8] Undefined index: order D:\wnmp1\wwwroot\zx_nuomi\branches\branche01\DataSource\Runtime\Temp\531e96a4ffd6b502f4ebab295e5b7fb88970efae.file.index.html.php 第 381 行.
NOTIC: [8] Trying to get property of non-object D:\wnmp1\wwwroot\zx_nuomi\branches\branche01\DataSource\Runtime\Temp\531e96a4ffd6b502f4ebab295e5b7fb88970efae.file.index.html.php 第 381 行.
NOTIC: [8] Undefined index: order D:\wnmp1\wwwroot\zx_nuomi\branches\branche01\DataSource\Runtime\Temp\531e96a4ffd6b502f4ebab295e5b7fb88970efae.file.index.html.php 第 384 行.
NOTIC: [8] Trying to get property of non-object D:\wnmp1\wwwroot\zx_nuomi\branches\branche01\DataSource\Runtime\Temp\531e96a4ffd6b502f4ebab295e5b7fb88970efae.file.index.html.php 第 384 行.
INFO: Run ParseTemplate Behavior [ RunTime:0.531012s ]
INFO: [ view_parse ] --END-- [ RunTime:0.531103s ]
INFO: [ view_filter ] --START--
INFO: Run ContentReplace Behavior [ RunTime:0.002579s ]
INFO: Run TokenBuild Behavior [ RunTime:0.000641s ]
INFO: Run WriteHtmlCache Behavior [ RunTime:0.000327s ]
INFO: Run ShowRuntime Behavior [ RunTime:0.000491s ]
INFO: [ view_filter ] --END-- [ RunTime:0.004227s ]
INFO: [ view_end ] --START--
INFO: Run ShowPageTrace Behavior [ RunTime:0.000541s ]
INFO: [ view_end ] --END-- [ RunTime:0.000587s ]

[ 2016-08-05T18:34:23+08:00 ] /weixin/getJsTk?url=http%3A%2F%2F127.0.0.1%3A8099%2FMatchinfo%3Fm_id%3D17%26platform%3Dzx-tour
INFO: [ route_check ] --START--
INFO: Run CheckRoute Behavior [ RunTime:0.000964s ]
INFO: [ route_check ] --END-- [ RunTime:0.001061s ]
INFO: [ app_begin ] --START--
INFO: Run ReadHtmlCache Behavior [ RunTime:0.000934s ]
INFO: [ app_begin ] --END-- [ RunTime:0.001015s ]
NOTIC: [2] Missing argument 2 for WeixinAcessTokenModel::Jstoken(), called in D:\wnmp1\wwwroot\zx_nuomi\branches\branche01\DataSource\Lib\Action\WeixinAction.class.php on line 112 and defined D:\wnmp1\wwwroot\zx_nuomi\branches\branche01\DataSource\Lib\Model\WeixinAcessTokenModel.class.php 第 24 行.
ERR: Redis server went away

[ 2016-08-05T18:34:24+08:00 ] /Matchinfo/getTrip?m_id=96
INFO: [ route_check ] --START--
INFO: Run CheckRoute Behavior [ RunTime:0.000912s ]
INFO: [ route_check ] --END-- [ RunTime:0.001015s ]
INFO: [ app_begin ] --START--
INFO: Run ReadHtmlCache Behavior [ RunTime:0.000664s ]
INFO: [ app_begin ] --END-- [ RunTime:0.000739s ]
NOTIC: [8] Undefined index: db_dsn D:\wnmp1\wwwroot\zx_nuomi\branches\branche01\lib\ThinkPHP\Lib\Core\Db.class.php 第 129 行.
NOTIC: [8] Undefined index: db_params D:\wnmp1\wwwroot\zx_nuomi\branches\branche01\lib\ThinkPHP\Lib\Core\Db.class.php 第 130 行.
SQL: SHOW COLUMNS FROM `zx_tb_trip` [ RunTime:0.001438s ]
SQL: SELECT * FROM `zx_tb_trip` WHERE ( `meal_id` = 96  ) ORDER BY trip_date asc  [ RunTime:0.000504s ]

[ 2016-08-05T18:34:25+08:00 ] /Enroll?m_id=17
INFO: [ route_check ] --START--
INFO: Run CheckRoute Behavior [ RunTime:0.000560s ]
INFO: [ route_check ] --END-- [ RunTime:0.000623s ]
INFO: [ app_begin ] --START--
INFO: Run ReadHtmlCache Behavior [ RunTime:0.000373s ]
INFO: [ app_begin ] --END-- [ RunTime:0.000418s ]
NOTIC: [8] Undefined index: db_dsn D:\wnmp1\wwwroot\zx_nuomi\branches\branche01\lib\ThinkPHP\Lib\Core\Db.class.php 第 129 行.
NOTIC: [8] Undefined index: db_params D:\wnmp1\wwwroot\zx_nuomi\branches\branche01\lib\ThinkPHP\Lib\Core\Db.class.php 第 130 行.
SQL: SHOW COLUMNS FROM `zx_tb_matchs` [ RunTime:0.002317s ]
SQL: select * from zx_tb_matchs where id = 17 and m_untilTime > NOW() and m_releaseTime <= NOW() and m_offineTime >NOW() and m_state=0 and m_placesleft >0  [ RunTime:0.000471s ]
SQL: SHOW COLUMNS FROM `zx_tb_goods` [ RunTime:0.008000s ]
SQL: SELECT `id`,`g_name`,`g_type`,`g_des`,`g_currprice`,`g_price`,`g_tips` FROM `zx_tb_goods` WHERE ( g_type = 1 and g_mid = 17 and g_pid <>0 and g_state = 0 and g_stockleft > 0 and g_releaseTime <= NOW() and g_offineTime > NOW()  ) ORDER BY g_type asc ,`g_order` desc  [ RunTime:0.000991s ]
SQL: SELECT `id`,`g_mid`,`g_name`,`g_type`,`g_des`,`g_currprice`,`g_price`,`g_priceinfo`,`g_priceinfowithout`,`g_singleprice`,`g_tips`,`g_order` FROM `zx_tb_goods` WHERE ( g_type = 2 and g_mid = 17 and g_pid =0 and g_state = 0 and g_stockleft > 0 and g_releaseTime <= NOW() and g_offineTime > NOW()  ) ORDER BY g_type asc,g_order desc  [ RunTime:0.000947s ]
SQL: SELECT `id`,`g_mid`,`g_name`,`g_type`,`g_des`,`g_currprice`,`g_price`,`g_priceinfo`,`g_priceinfowithout`,`g_singleprice`,`g_tips`,`g_order` FROM `zx_tb_goods` WHERE ( g_type = 2 and g_mid = 17 and g_pid =79 and g_state = 0 and g_stockleft > 0 and g_releaseTime <= NOW() and g_offineTime > NOW()  ) ORDER BY g_type asc,g_order desc  [ RunTime:0.000829s ]
SQL: SELECT `id`,`g_mid`,`g_name`,`g_type`,`g_des`,`g_currprice`,`g_price`,`g_priceinfo`,`g_priceinfowithout`,`g_singleprice`,`g_tips`,`g_order` FROM `zx_tb_goods` WHERE ( g_type = 2 and g_mid = 17 and g_pid =85 and g_state = 0 and g_stockleft > 0 and g_releaseTime <= NOW() and g_offineTime > NOW()  ) ORDER BY g_type asc,g_order desc  [ RunTime:0.000847s ]
SQL: SELECT `id`,`g_mid`,`g_name`,`g_type`,`g_des`,`g_currprice`,`g_price`,`g_priceinfo`,`g_priceinfowithout`,`g_singleprice`,`g_tips`,`g_order` FROM `zx_tb_goods` WHERE ( g_type = 2 and g_mid = 17 and g_pid =96 and g_state = 0 and g_stockleft > 0 and g_releaseTime <= NOW() and g_offineTime > NOW()  ) ORDER BY g_type asc,g_order desc  [ RunTime:0.000450s ]
SQL: SELECT `id`,`g_name`,`g_type`,`g_des`,`g_currprice`,`g_price`,`g_tips` FROM `zx_tb_goods` WHERE ( g_type = 3 and g_mid = 17 and g_pid <>0 and g_state = 0 and g_stockleft > 0 and g_releaseTime <= NOW() and g_offineTime > NOW()  ) ORDER BY g_type asc ,`g_order` desc  [ RunTime:0.000567s ]
SQL: SELECT `id`,`g_name`,`g_type`,`g_des`,`g_currprice`,`g_price`,`g_tips` FROM `zx_tb_goods` WHERE ( g_type = 4 and g_mid = 17 and g_pid <>0 and g_state = 0 and g_stockleft > 0 and g_releaseTime <= NOW() and g_offineTime > NOW()  ) ORDER BY g_type asc ,`g_order` desc  [ RunTime:0.000600s ]
INFO: [ view_template ] --START--
INFO: Run LocationTemplate Behavior [ RunTime:0.001153s ]
INFO: [ view_template ] --END-- [ RunTime:0.001243s ]
INFO: [ view_parse ] --START--
NOTIC: [2] filemtime() [<a href='function.filemtime'>function.filemtime</a>]: stat failed for ../DataSource/Runtime/Temp\53b2950ee527dcb4db31ef1e06a62ab3e62a8b79.file.index.html.php D:\wnmp1\wwwroot\zx_nuomi\branches\branche01\lib\ThinkPHP\Extend\Vendor\Smarty\sysplugins\smarty_resource.php 第 683 行.
NOTIC: [2] unlink(../DataSource/Runtime/Temp\53b2950ee527dcb4db31ef1e06a62ab3e62a8b79.file.index.html.php) [<a href='function.unlink'>function.unlink</a>]: No such file or directory D:\wnmp1\wwwroot\zx_nuomi\branches\branche01\lib\ThinkPHP\Extend\Vendor\Smarty\sysplugins\smarty_internal_write_file.php 第 49 行.
INFO: Run ParseTemplate Behavior [ RunTime:0.204010s ]
INFO: [ view_parse ] --END-- [ RunTime:0.204101s ]
INFO: [ view_filter ] --START--
INFO: Run ContentReplace Behavior [ RunTime:0.000772s ]
INFO: Run TokenBuild Behavior [ RunTime:0.000835s ]
INFO: Run WriteHtmlCache Behavior [ RunTime:0.000371s ]
INFO: Run ShowRuntime Behavior [ RunTime:0.000467s ]
INFO: [ view_filter ] --END-- [ RunTime:0.002619s ]
INFO: [ view_end ] --START--
INFO: Run ShowPageTrace Behavior [ RunTime:0.000616s ]
INFO: [ view_end ] --END-- [ RunTime:0.000675s ]

[ 2016-08-05T18:34:26+08:00 ] /weixin/getJsTk?url=http%3A%2F%2F127.0.0.1%3A8099%2FEnroll%3Fm_id%3D17
INFO: [ route_check ] --START--
INFO: Run CheckRoute Behavior [ RunTime:0.000958s ]
INFO: [ route_check ] --END-- [ RunTime:0.001056s ]
INFO: [ app_begin ] --START--
INFO: Run ReadHtmlCache Behavior [ RunTime:0.000744s ]
INFO: [ app_begin ] --END-- [ RunTime:0.000826s ]
NOTIC: [2] Missing argument 2 for WeixinAcessTokenModel::Jstoken(), called in D:\wnmp1\wwwroot\zx_nuomi\branches\branche01\DataSource\Lib\Action\WeixinAction.class.php on line 112 and defined D:\wnmp1\wwwroot\zx_nuomi\branches\branche01\DataSource\Lib\Model\WeixinAcessTokenModel.class.php 第 24 行.
ERR: Redis server went away

[ 2016-08-05T18:34:28+08:00 ] /Enroll/step2
INFO: [ route_check ] --START--
INFO: Run CheckRoute Behavior [ RunTime:0.000746s ]
INFO: [ route_check ] --END-- [ RunTime:0.000844s ]
INFO: [ app_begin ] --START--
INFO: Run ReadHtmlCache Behavior [ RunTime:0.000394s ]
INFO: [ app_begin ] --END-- [ RunTime:0.000436s ]
NOTIC: [8] Undefined index: db_dsn D:\wnmp1\wwwroot\zx_nuomi\branches\branche01\lib\ThinkPHP\Lib\Core\Db.class.php 第 129 行.
NOTIC: [8] Undefined index: db_params D:\wnmp1\wwwroot\zx_nuomi\branches\branche01\lib\ThinkPHP\Lib\Core\Db.class.php 第 130 行.
SQL: SHOW COLUMNS FROM `zx_tb_matchs` [ RunTime:0.005846s ]
SQL: select * from zx_tb_matchs where id = 17 and m_untilTime > NOW() and m_releaseTime <= NOW() and m_offineTime >NOW() and m_state=0 and m_placesleft >0  [ RunTime:0.001126s ]

[ 2016-08-05T18:34:30+08:00 ] /Enroll/createorder
INFO: [ route_check ] --START--
INFO: Run CheckRoute Behavior [ RunTime:0.000888s ]
INFO: [ route_check ] --END-- [ RunTime:0.001001s ]
INFO: [ app_begin ] --START--
INFO: Run ReadHtmlCache Behavior [ RunTime:0.000674s ]
INFO: [ app_begin ] --END-- [ RunTime:0.000751s ]
INFO: Run AuthCheck Behavior [ RunTime:0.001573s ]
NOTIC: [8] Undefined index: db_dsn D:\wnmp1\wwwroot\zx_nuomi\branches\branche01\lib\ThinkPHP\Lib\Core\Db.class.php 第 129 行.
NOTIC: [8] Undefined index: db_params D:\wnmp1\wwwroot\zx_nuomi\branches\branche01\lib\ThinkPHP\Lib\Core\Db.class.php 第 130 行.
SQL: SHOW COLUMNS FROM `zx_tb_orders` [ RunTime:0.003664s ]
SQL: SELECT * FROM `zx_tb_orders` WHERE ( uid = '44' and matchid='17' and ( paystats=5 ) ) LIMIT 1   [ RunTime:0.000659s ]
SQL: INSERT INTO `zx_tb_orders` (`uid`,`matchid`,`orderid`,`platform`,`user_remarks`,`utime`,`ctime`,`pay_deadline`) VALUES (44,17,'017160805183428044143','zx-tour','','2016-08-05 18:34:28','2016-08-05 18:34:28','2016-08-05 21:34:28') [ RunTime:0.000430s ]
SQL: SHOW COLUMNS FROM `zx_tb_matchs` [ RunTime:0.003287s ]
SQL: UPDATE `zx_tb_matchs` SET `m_placesleft`=m_placesleft-1 WHERE ( id=17 ) [ RunTime:0.001692s ]
SQL: SHOW COLUMNS FROM `zx_tb_orderinfo` [ RunTime:0.001493s ]
SQL: DELETE FROM `zx_tb_orderinfo` WHERE ( orderid='017160805183428044143' ) [ RunTime:0.000407s ]
NOTIC: [8] Use of undefined constant MODE_NAME - assumed 'MODE_NAME' D:\wnmp1\wwwroot\zx_nuomi\branches\branche01\DataSource\Common\common.php 第 61 行.
SQL: SHOW COLUMNS FROM `zx_tb_goods` [ RunTime:0.001625s ]
SQL: SELECT * FROM `zx_tb_goods` WHERE ( id=83 and g_state = 0 and g_stockleft > 0 and g_releaseTime <= NOW() and g_offineTime > NOW() ) LIMIT 1   [ RunTime:0.000363s ]
SQL: INSERT INTO `zx_tb_orderinfo` (`uid`,`orderid`,`goodsid`,`goodsprice`,`goods_pay_sprice`,`count`,`utime`,`ctime`,`type`) VALUES (44,'017160805183428044143',83,1000,1000,1,'2016-08-05 18:34:28','2016-08-05 18:34:28','赛程') [ RunTime:0.000222s ]
SQL: SELECT * FROM `zx_tb_goods` WHERE ( id=96 and g_state = 0 and g_stockleft > 0 and g_releaseTime <= NOW() and g_offineTime > NOW() ) LIMIT 1   [ RunTime:0.000353s ]
SQL: INSERT INTO `zx_tb_orderinfo` (`uid`,`orderid`,`goodsid`,`goodsprice`,`goods_pay_sprice`,`count`,`utime`,`ctime`,`type`) VALUES (44,'017160805183428044143',96,8690,8690,1,'2016-08-05 18:34:28','2016-08-05 18:34:28','套餐') [ RunTime:0.000185s ]
NOTIC: [8] Undefined index: attach D:\wnmp1\wwwroot\zx_nuomi\branches\branche01\DataSource\Lib\Action\EnrollAction.class.php 第 93 行.
SQL: UPDATE `zx_tb_orders` SET `payprice`=9690,`orderprice`=9690,`paystats`=5,`utime`='2016-08-05 18:34:29' WHERE ( uid=44 and orderid='017160805183428044143' ) [ RunTime:0.000267s ]
ERR: Redis server went away

[ 2016-08-05T18:34:51+08:00 ] /Enroll/createorder
INFO: [ route_check ] --START--
INFO: Run CheckRoute Behavior [ RunTime:0.001103s ]
INFO: [ route_check ] --END-- [ RunTime:0.001179s ]
INFO: [ app_begin ] --START--
INFO: Run ReadHtmlCache Behavior [ RunTime:0.000425s ]
INFO: [ app_begin ] --END-- [ RunTime:0.000475s ]
INFO: Run AuthCheck Behavior [ RunTime:0.000517s ]
NOTIC: [8] Undefined index: db_dsn D:\wnmp1\wwwroot\zx_nuomi\branches\branche01\lib\ThinkPHP\Lib\Core\Db.class.php 第 129 行.
NOTIC: [8] Undefined index: db_params D:\wnmp1\wwwroot\zx_nuomi\branches\branche01\lib\ThinkPHP\Lib\Core\Db.class.php 第 130 行.
SQL: SHOW COLUMNS FROM `zx_tb_orders` [ RunTime:0.002417s ]
SQL: SELECT * FROM `zx_tb_orders` WHERE ( uid = '44' and matchid='17' and ( paystats=5 ) ) LIMIT 1   [ RunTime:0.002784s ]
SQL: UPDATE `zx_tb_orders` SET `platform`='zx-tour',`user_remarks`='',`utime`='2016-08-05 18:34:50',`pay_deadline`='2016-08-05 21:34:50' WHERE ( orderid='017160805183428044143' ) [ RunTime:0.000343s ]
SQL: SHOW COLUMNS FROM `zx_tb_orderinfo` [ RunTime:0.001920s ]
SQL: DELETE FROM `zx_tb_orderinfo` WHERE ( orderid='017160805183428044143' ) [ RunTime:0.000717s ]
SQL: SHOW COLUMNS FROM `zx_tb_goods` [ RunTime:0.002977s ]
SQL: SELECT * FROM `zx_tb_goods` WHERE ( id=83 and g_state = 0 and g_stockleft > 0 and g_releaseTime <= NOW() and g_offineTime > NOW() ) LIMIT 1   [ RunTime:0.000543s ]
SQL: INSERT INTO `zx_tb_orderinfo` (`uid`,`orderid`,`goodsid`,`goodsprice`,`goods_pay_sprice`,`count`,`utime`,`ctime`,`type`) VALUES (44,'017160805183428044143',83,1000,1000,1,'2016-08-05 18:34:50','2016-08-05 18:34:50','赛程') [ RunTime:0.000380s ]
SQL: SELECT * FROM `zx_tb_goods` WHERE ( id=96 and g_state = 0 and g_stockleft > 0 and g_releaseTime <= NOW() and g_offineTime > NOW() ) LIMIT 1   [ RunTime:0.000471s ]
SQL: INSERT INTO `zx_tb_orderinfo` (`uid`,`orderid`,`goodsid`,`goodsprice`,`goods_pay_sprice`,`count`,`utime`,`ctime`,`type`) VALUES (44,'017160805183428044143',96,8690,8690,1,'2016-08-05 18:34:50','2016-08-05 18:34:50','套餐') [ RunTime:0.000268s ]
NOTIC: [8] Undefined index: attach D:\wnmp1\wwwroot\zx_nuomi\branches\branche01\DataSource\Lib\Action\EnrollAction.class.php 第 93 行.
SQL: UPDATE `zx_tb_orders` SET `payprice`=9690,`orderprice`=9690,`paystats`=5,`utime`='2016-08-05 18:34:51' WHERE ( uid=44 and orderid='017160805183428044143' ) [ RunTime:0.000329s ]

[ 2016-08-05T18:34:52+08:00 ] /Enroll/userdata?orderid=017160805183428044143
INFO: [ route_check ] --START--
INFO: Run CheckRoute Behavior [ RunTime:0.000569s ]
INFO: [ route_check ] --END-- [ RunTime:0.000632s ]
INFO: [ app_begin ] --START--
INFO: Run ReadHtmlCache Behavior [ RunTime:0.000499s ]
INFO: [ app_begin ] --END-- [ RunTime:0.000686s ]
INFO: Run AuthCheck Behavior [ RunTime:0.000337s ]
NOTIC: [8] Undefined index: db_dsn D:\wnmp1\wwwroot\zx_nuomi\branches\branche01\lib\ThinkPHP\Lib\Core\Db.class.php 第 129 行.
NOTIC: [8] Undefined index: db_params D:\wnmp1\wwwroot\zx_nuomi\branches\branche01\lib\ThinkPHP\Lib\Core\Db.class.php 第 130 行.
SQL: SHOW COLUMNS FROM `zx_tb_orders` [ RunTime:0.001535s ]
SQL: SELECT o.orderid,o.payprice,o.pay_deadline,o.paystats,o.matchid,m.m_name,o.matchid,o.couponid FROM zx_tb_orders o LEFT JOIN zx_tb_matchs  m ON o.matchid = m.id WHERE o.orderid= '017160805183428044143' [ RunTime:0.002134s ]

[ 2016-08-05T18:34:53+08:00 ] /PayResult/payorder?orderid=017160805183428044143
INFO: [ route_check ] --START--
INFO: Run CheckRoute Behavior [ RunTime:0.000512s ]
INFO: [ route_check ] --END-- [ RunTime:0.000575s ]
INFO: [ app_begin ] --START--
INFO: Run ReadHtmlCache Behavior [ RunTime:0.000406s ]
INFO: [ app_begin ] --END-- [ RunTime:0.000464s ]
NOTIC: [8] Undefined index: couponid D:\wnmp1\wwwroot\zx_nuomi\branches\branche01\DataSource\Lib\Action\PayResultAction.class.php 第 18 行.
NOTIC: [8] Undefined index: db_dsn D:\wnmp1\wwwroot\zx_nuomi\branches\branche01\lib\ThinkPHP\Lib\Core\Db.class.php 第 129 行.
NOTIC: [8] Undefined index: db_params D:\wnmp1\wwwroot\zx_nuomi\branches\branche01\lib\ThinkPHP\Lib\Core\Db.class.php 第 130 行.
SQL: SHOW COLUMNS FROM `zx_tb_orders` [ RunTime:0.005107s ]
SQL: SELECT o.orderid,o.payprice,o.pay_deadline,o.paystats,o.matchid,m.m_name,o.matchid,o.couponid FROM zx_tb_orders o LEFT JOIN zx_tb_matchs  m ON o.matchid = m.id WHERE o.orderid= '017160805183428044143' [ RunTime:0.000695s ]
SQL: SHOW COLUMNS FROM `zx_tb_orderinfo` [ RunTime:0.002655s ]
SQL: SELECT a.id,a.orderid,a.type,g.g_name FROM zx_tb_orderinfo a  LEFT JOIN zx_tb_goods g ON a.goodsid = g.id WHERE a.orderid = '017160805183428044143' [ RunTime:0.000686s ]
SQL: UPDATE `zx_tb_orders` SET `orderid`='017160805183428044143',`payprice`=9690,`pay_deadline`='2016-08-05 21:34:50',`paystats`=5,`matchid`=17 WHERE ( orderid='017160805183428044143' ) [ RunTime:0.007900s ]
NOTIC: [8] Undefined variable: coupon D:\wnmp1\wwwroot\zx_nuomi\branches\branche01\DataSource\Lib\Action\PayResultAction.class.php 第 88 行.
INFO: [ view_template ] --START--
INFO: Run LocationTemplate Behavior [ RunTime:0.000929s ]
INFO: [ view_template ] --END-- [ RunTime:0.001022s ]
INFO: [ view_parse ] --START--
NOTIC: [2] filemtime() [<a href='function.filemtime'>function.filemtime</a>]: stat failed for ../DataSource/Runtime/Temp\a7a11a18324a94d43b860104df3222194878ff1f.file.payorder.html.php D:\wnmp1\wwwroot\zx_nuomi\branches\branche01\lib\ThinkPHP\Extend\Vendor\Smarty\sysplugins\smarty_resource.php 第 683 行.
NOTIC: [2] unlink(../DataSource/Runtime/Temp\a7a11a18324a94d43b860104df3222194878ff1f.file.payorder.html.php) [<a href='function.unlink'>function.unlink</a>]: No such file or directory D:\wnmp1\wwwroot\zx_nuomi\branches\branche01\lib\ThinkPHP\Extend\Vendor\Smarty\sysplugins\smarty_internal_write_file.php 第 49 行.
NOTIC: [8] Undefined index: jsApiParameters D:\wnmp1\wwwroot\zx_nuomi\branches\branche01\DataSource\Runtime\Temp\a7a11a18324a94d43b860104df3222194878ff1f.file.payorder.html.php 第 319 行.
NOTIC: [8] Trying to get property of non-object D:\wnmp1\wwwroot\zx_nuomi\branches\branche01\DataSource\Runtime\Temp\a7a11a18324a94d43b860104df3222194878ff1f.file.payorder.html.php 第 319 行.
INFO: Run ParseTemplate Behavior [ RunTime:0.143918s ]
INFO: [ view_parse ] --END-- [ RunTime:0.143990s ]
INFO: [ view_filter ] --START--
INFO: Run ContentReplace Behavior [ RunTime:0.000709s ]
INFO: Run TokenBuild Behavior [ RunTime:0.000327s ]
INFO: Run WriteHtmlCache Behavior [ RunTime:0.000229s ]
INFO: Run ShowRuntime Behavior [ RunTime:0.000371s ]
INFO: [ view_filter ] --END-- [ RunTime:0.001777s ]
INFO: [ view_end ] --START--
INFO: Run ShowPageTrace Behavior [ RunTime:0.000488s ]
INFO: [ view_end ] --END-- [ RunTime:0.000549s ]

[ 2016-08-05T18:34:54+08:00 ] /weixin/getJsTk?url=http%3A%2F%2F127.0.0.1%3A8099%2FPayResult%2Fpayorder%3Forderid%3D017160805183428044143
INFO: [ route_check ] --START--
INFO: Run CheckRoute Behavior [ RunTime:0.001047s ]
INFO: [ route_check ] --END-- [ RunTime:0.001182s ]
INFO: [ app_begin ] --START--
INFO: Run ReadHtmlCache Behavior [ RunTime:0.000724s ]
INFO: [ app_begin ] --END-- [ RunTime:0.000812s ]
NOTIC: [2] Missing argument 2 for WeixinAcessTokenModel::Jstoken(), called in D:\wnmp1\wwwroot\zx_nuomi\branches\branche01\DataSource\Lib\Action\WeixinAction.class.php on line 112 and defined D:\wnmp1\wwwroot\zx_nuomi\branches\branche01\DataSource\Lib\Model\WeixinAcessTokenModel.class.php 第 24 行.

[ 2016-08-05T18:47:03+08:00 ] /PayResult/payorder?orderid=017160805183428044143
INFO: [ route_check ] --START--
INFO: Run CheckRoute Behavior [ RunTime:0.002513s ]
INFO: [ route_check ] --END-- [ RunTime:0.002590s ]
INFO: [ app_begin ] --START--
INFO: Run ReadHtmlCache Behavior [ RunTime:0.000708s ]
INFO: [ app_begin ] --END-- [ RunTime:0.000785s ]
NOTIC: [8] Undefined index: couponid D:\wnmp1\wwwroot\zx_nuomi\branches\branche01\DataSource\Lib\Action\PayResultAction.class.php 第 18 行.
NOTIC: [8] Undefined index: db_dsn D:\wnmp1\wwwroot\zx_nuomi\branches\branche01\lib\ThinkPHP\Lib\Core\Db.class.php 第 129 行.
NOTIC: [8] Undefined index: db_params D:\wnmp1\wwwroot\zx_nuomi\branches\branche01\lib\ThinkPHP\Lib\Core\Db.class.php 第 130 行.
SQL: SHOW COLUMNS FROM `zx_tb_orders` [ RunTime:0.002115s ]
SQL: SELECT o.orderid,o.payprice,o.pay_deadline,o.paystats,o.matchid,m.m_name,o.matchid,o.couponid FROM zx_tb_orders o LEFT JOIN zx_tb_matchs  m ON o.matchid = m.id WHERE o.orderid= '017160805183428044143' [ RunTime:0.000445s ]
SQL: SHOW COLUMNS FROM `zx_tb_orderinfo` [ RunTime:0.001865s ]
SQL: SELECT a.id,a.orderid,a.type,g.g_name FROM zx_tb_orderinfo a  LEFT JOIN zx_tb_goods g ON a.goodsid = g.id WHERE a.orderid = '017160805183428044143' [ RunTime:0.001021s ]
SQL: UPDATE `zx_tb_orders` SET `orderid`='017160805183428044143',`payprice`=9690,`pay_deadline`='2016-08-05 21:34:50',`paystats`=5,`matchid`=17 WHERE ( orderid='017160805183428044143' ) [ RunTime:0.009079s ]
NOTIC: [8] Undefined variable: coupon D:\wnmp1\wwwroot\zx_nuomi\branches\branche01\DataSource\Lib\Action\PayResultAction.class.php 第 88 行.
INFO: [ view_template ] --START--
INFO: Run LocationTemplate Behavior [ RunTime:0.000700s ]
INFO: [ view_template ] --END-- [ RunTime:0.000769s ]
INFO: [ view_parse ] --START--
NOTIC: [8] Undefined index: jsApiParameters D:\wnmp1\wwwroot\zx_nuomi\branches\branche01\DataSource\Runtime\Temp\a7a11a18324a94d43b860104df3222194878ff1f.file.payorder.html.php 第 320 行.
NOTIC: [8] Trying to get property of non-object D:\wnmp1\wwwroot\zx_nuomi\branches\branche01\DataSource\Runtime\Temp\a7a11a18324a94d43b860104df3222194878ff1f.file.payorder.html.php 第 320 行.
INFO: Run ParseTemplate Behavior [ RunTime:0.128110s ]
INFO: [ view_parse ] --END-- [ RunTime:0.128163s ]
INFO: [ view_filter ] --START--
INFO: Run ContentReplace Behavior [ RunTime:0.000625s ]
INFO: Run TokenBuild Behavior [ RunTime:0.000429s ]
INFO: Run WriteHtmlCache Behavior [ RunTime:0.000245s ]
INFO: Run ShowRuntime Behavior [ RunTime:0.000435s ]
INFO: [ view_filter ] --END-- [ RunTime:0.001870s ]
INFO: [ view_end ] --START--
INFO: Run ShowPageTrace Behavior [ RunTime:0.000510s ]
INFO: [ view_end ] --END-- [ RunTime:0.000570s ]

[ 2016-08-05T18:47:03+08:00 ] /weixin/getJsTk?url=http%3A%2F%2F127.0.0.1%3A8099%2FPayResult%2Fpayorder%3Forderid%3D017160805183428044143
INFO: [ route_check ] --START--
INFO: Run CheckRoute Behavior [ RunTime:0.000865s ]
INFO: [ route_check ] --END-- [ RunTime:0.000946s ]
INFO: [ app_begin ] --START--
INFO: Run ReadHtmlCache Behavior [ RunTime:0.000547s ]
INFO: [ app_begin ] --END-- [ RunTime:0.000607s ]
NOTIC: [2] Missing argument 2 for WeixinAcessTokenModel::Jstoken(), called in D:\wnmp1\wwwroot\zx_nuomi\branches\branche01\DataSource\Lib\Action\WeixinAction.class.php on line 112 and defined D:\wnmp1\wwwroot\zx_nuomi\branches\branche01\DataSource\Lib\Model\WeixinAcessTokenModel.class.php 第 24 行.

[ 2016-08-05T18:51:56+08:00 ] /PayResult/payorder?orderid=017160805183428044143
INFO: [ route_check ] --START--
INFO: Run CheckRoute Behavior [ RunTime:0.000630s ]
INFO: [ route_check ] --END-- [ RunTime:0.000702s ]
INFO: [ app_begin ] --START--
INFO: Run ReadHtmlCache Behavior [ RunTime:0.000421s ]
INFO: [ app_begin ] --END-- [ RunTime:0.000481s ]
NOTIC: [8] Undefined index: couponid D:\wnmp1\wwwroot\zx_nuomi\branches\branche01\DataSource\Lib\Action\PayResultAction.class.php 第 18 行.
NOTIC: [8] Undefined index: db_dsn D:\wnmp1\wwwroot\zx_nuomi\branches\branche01\lib\ThinkPHP\Lib\Core\Db.class.php 第 129 行.
NOTIC: [8] Undefined index: db_params D:\wnmp1\wwwroot\zx_nuomi\branches\branche01\lib\ThinkPHP\Lib\Core\Db.class.php 第 130 行.
SQL: SHOW COLUMNS FROM `zx_tb_orders` [ RunTime:0.001555s ]
SQL: SELECT o.orderid,o.payprice,o.pay_deadline,o.paystats,o.matchid,m.m_name,o.matchid,o.couponid FROM zx_tb_orders o LEFT JOIN zx_tb_matchs  m ON o.matchid = m.id WHERE o.orderid= '017160805183428044143' [ RunTime:0.000403s ]
SQL: SHOW COLUMNS FROM `zx_tb_orderinfo` [ RunTime:0.001436s ]
SQL: SELECT a.id,a.orderid,a.type,g.g_name FROM zx_tb_orderinfo a  LEFT JOIN zx_tb_goods g ON a.goodsid = g.id WHERE a.orderid = '017160805183428044143' [ RunTime:0.000517s ]
SQL: UPDATE `zx_tb_orders` SET `orderid`='017160805183428044143',`payprice`=9690,`pay_deadline`='2016-08-05 21:34:50',`paystats`=5,`matchid`=17 WHERE ( orderid='017160805183428044143' ) [ RunTime:0.006376s ]
NOTIC: [8] Undefined variable: coupon D:\wnmp1\wwwroot\zx_nuomi\branches\branche01\DataSource\Lib\Action\PayResultAction.class.php 第 88 行.
INFO: [ view_template ] --START--
INFO: Run LocationTemplate Behavior [ RunTime:0.000514s ]
INFO: [ view_template ] --END-- [ RunTime:0.000564s ]
INFO: [ view_parse ] --START--
NOTIC: [8] Undefined index: jsApiParameters D:\wnmp1\wwwroot\zx_nuomi\branches\branche01\DataSource\Runtime\Temp\a7a11a18324a94d43b860104df3222194878ff1f.file.payorder.html.php 第 320 行.
NOTIC: [8] Trying to get property of non-object D:\wnmp1\wwwroot\zx_nuomi\branches\branche01\DataSource\Runtime\Temp\a7a11a18324a94d43b860104df3222194878ff1f.file.payorder.html.php 第 320 行.
INFO: Run ParseTemplate Behavior [ RunTime:0.147502s ]
INFO: [ view_parse ] --END-- [ RunTime:0.147550s ]
INFO: [ view_filter ] --START--
INFO: Run ContentReplace Behavior [ RunTime:0.000683s ]
INFO: Run TokenBuild Behavior [ RunTime:0.000449s ]
INFO: Run WriteHtmlCache Behavior [ RunTime:0.000339s ]
INFO: Run ShowRuntime Behavior [ RunTime:0.000393s ]
INFO: [ view_filter ] --END-- [ RunTime:0.002014s ]
INFO: [ view_end ] --START--
INFO: Run ShowPageTrace Behavior [ RunTime:0.000455s ]
INFO: [ view_end ] --END-- [ RunTime:0.000501s ]

[ 2016-08-05T18:51:56+08:00 ] /weixin/getJsTk?url=http%3A%2F%2F127.0.0.1%3A8099%2FPayResult%2Fpayorder%3Forderid%3D017160805183428044143
INFO: [ route_check ] --START--
INFO: Run CheckRoute Behavior [ RunTime:0.001004s ]
INFO: [ route_check ] --END-- [ RunTime:0.001109s ]
INFO: [ app_begin ] --START--
INFO: Run ReadHtmlCache Behavior [ RunTime:0.000744s ]
INFO: [ app_begin ] --END-- [ RunTime:0.000823s ]
NOTIC: [2] Missing argument 2 for WeixinAcessTokenModel::Jstoken(), called in D:\wnmp1\wwwroot\zx_nuomi\branches\branche01\DataSource\Lib\Action\WeixinAction.class.php on line 112 and defined D:\wnmp1\wwwroot\zx_nuomi\branches\branche01\DataSource\Lib\Model\WeixinAcessTokenModel.class.php 第 24 行.

[ 2016-08-05T18:52:52+08:00 ] /PayResult/payorder?orderid=017160805183428044143
INFO: [ route_check ] --START--
INFO: Run CheckRoute Behavior [ RunTime:0.000624s ]
INFO: [ route_check ] --END-- [ RunTime:0.000697s ]
INFO: [ app_begin ] --START--
INFO: Run ReadHtmlCache Behavior [ RunTime:0.000367s ]
INFO: [ app_begin ] --END-- [ RunTime:0.000418s ]
NOTIC: [8] Undefined index: couponid D:\wnmp1\wwwroot\zx_nuomi\branches\branche01\DataSource\Lib\Action\PayResultAction.class.php 第 18 行.
NOTIC: [8] Undefined index: db_dsn D:\wnmp1\wwwroot\zx_nuomi\branches\branche01\lib\ThinkPHP\Lib\Core\Db.class.php 第 129 行.
NOTIC: [8] Undefined index: db_params D:\wnmp1\wwwroot\zx_nuomi\branches\branche01\lib\ThinkPHP\Lib\Core\Db.class.php 第 130 行.
SQL: SHOW COLUMNS FROM `zx_tb_orders` [ RunTime:0.002261s ]
SQL: SELECT o.orderid,o.payprice,o.pay_deadline,o.paystats,o.matchid,m.m_name,o.matchid,o.couponid FROM zx_tb_orders o LEFT JOIN zx_tb_matchs  m ON o.matchid = m.id WHERE o.orderid= '017160805183428044143' [ RunTime:0.000668s ]
SQL: SHOW COLUMNS FROM `zx_tb_orderinfo` [ RunTime:0.006167s ]
SQL: SELECT a.id,a.orderid,a.type,g.g_name FROM zx_tb_orderinfo a  LEFT JOIN zx_tb_goods g ON a.goodsid = g.id WHERE a.orderid = '017160805183428044143' [ RunTime:0.000426s ]
SQL: UPDATE `zx_tb_orders` SET `orderid`='017160805183428044143',`payprice`=9690,`pay_deadline`='2016-08-05 21:34:50',`paystats`=5,`matchid`=17 WHERE ( orderid='017160805183428044143' ) [ RunTime:0.006746s ]
NOTIC: [8] Undefined variable: coupon D:\wnmp1\wwwroot\zx_nuomi\branches\branche01\DataSource\Lib\Action\PayResultAction.class.php 第 88 行.
INFO: [ view_template ] --START--
INFO: Run LocationTemplate Behavior [ RunTime:0.000593s ]
INFO: [ view_template ] --END-- [ RunTime:0.000651s ]
INFO: [ view_parse ] --START--
NOTIC: [8] Undefined index: jsApiParameters D:\wnmp1\wwwroot\zx_nuomi\branches\branche01\DataSource\Runtime\Temp\a7a11a18324a94d43b860104df3222194878ff1f.file.payorder.html.php 第 320 行.
NOTIC: [8] Trying to get property of non-object D:\wnmp1\wwwroot\zx_nuomi\branches\branche01\DataSource\Runtime\Temp\a7a11a18324a94d43b860104df3222194878ff1f.file.payorder.html.php 第 320 行.
INFO: Run ParseTemplate Behavior [ RunTime:0.127214s ]
INFO: [ view_parse ] --END-- [ RunTime:0.127264s ]
INFO: [ view_filter ] --START--
INFO: Run ContentReplace Behavior [ RunTime:0.000590s ]
INFO: Run TokenBuild Behavior [ RunTime:0.000322s ]
INFO: Run WriteHtmlCache Behavior [ RunTime:0.000228s ]
INFO: Run ShowRuntime Behavior [ RunTime:0.000362s ]
INFO: [ view_filter ] --END-- [ RunTime:0.001628s ]
INFO: [ view_end ] --START--
INFO: Run ShowPageTrace Behavior [ RunTime:0.000442s ]
INFO: [ view_end ] --END-- [ RunTime:0.000488s ]

[ 2016-08-05T18:52:52+08:00 ] /weixin/getJsTk?url=http%3A%2F%2F127.0.0.1%3A8099%2FPayResult%2Fpayorder%3Forderid%3D017160805183428044143
INFO: [ route_check ] --START--
INFO: Run CheckRoute Behavior [ RunTime:0.000992s ]
INFO: [ route_check ] --END-- [ RunTime:0.001091s ]
INFO: [ app_begin ] --START--
INFO: Run ReadHtmlCache Behavior [ RunTime:0.000718s ]
INFO: [ app_begin ] --END-- [ RunTime:0.000794s ]
NOTIC: [2] Missing argument 2 for WeixinAcessTokenModel::Jstoken(), called in D:\wnmp1\wwwroot\zx_nuomi\branches\branche01\DataSource\Lib\Action\WeixinAction.class.php on line 112 and defined D:\wnmp1\wwwroot\zx_nuomi\branches\branche01\DataSource\Lib\Model\WeixinAcessTokenModel.class.php 第 24 行.

[ 2016-08-05T18:53:27+08:00 ] /PayResult/payorder?orderid=017160805183428044143
INFO: [ route_check ] --START--
INFO: Run CheckRoute Behavior [ RunTime:0.000628s ]
INFO: [ route_check ] --END-- [ RunTime:0.000697s ]
INFO: [ app_begin ] --START--
INFO: Run ReadHtmlCache Behavior [ RunTime:0.000491s ]
INFO: [ app_begin ] --END-- [ RunTime:0.000557s ]
NOTIC: [8] Undefined index: couponid D:\wnmp1\wwwroot\zx_nuomi\branches\branche01\DataSource\Lib\Action\PayResultAction.class.php 第 18 行.
NOTIC: [8] Undefined index: db_dsn D:\wnmp1\wwwroot\zx_nuomi\branches\branche01\lib\ThinkPHP\Lib\Core\Db.class.php 第 129 行.
NOTIC: [8] Undefined index: db_params D:\wnmp1\wwwroot\zx_nuomi\branches\branche01\lib\ThinkPHP\Lib\Core\Db.class.php 第 130 行.
SQL: SHOW COLUMNS FROM `zx_tb_orders` [ RunTime:0.002166s ]
SQL: SELECT o.orderid,o.payprice,o.pay_deadline,o.paystats,o.matchid,m.m_name,o.matchid,o.couponid FROM zx_tb_orders o LEFT JOIN zx_tb_matchs  m ON o.matchid = m.id WHERE o.orderid= '017160805183428044143' [ RunTime:0.000467s ]
SQL: SHOW COLUMNS FROM `zx_tb_orderinfo` [ RunTime:0.002076s ]
SQL: SELECT a.id,a.orderid,a.type,g.g_name FROM zx_tb_orderinfo a  LEFT JOIN zx_tb_goods g ON a.goodsid = g.id WHERE a.orderid = '017160805183428044143' [ RunTime:0.000818s ]
SQL: UPDATE `zx_tb_orders` SET `orderid`='017160805183428044143',`payprice`=9690,`pay_deadline`='2016-08-05 21:34:50',`paystats`=5,`matchid`=17 WHERE ( orderid='017160805183428044143' ) [ RunTime:0.009765s ]
NOTIC: [8] Undefined variable: coupon D:\wnmp1\wwwroot\zx_nuomi\branches\branche01\DataSource\Lib\Action\PayResultAction.class.php 第 88 行.
INFO: [ view_template ] --START--
INFO: Run LocationTemplate Behavior [ RunTime:0.000841s ]
INFO: [ view_template ] --END-- [ RunTime:0.000918s ]
INFO: [ view_parse ] --START--
NOTIC: [8] Undefined index: jsApiParameters D:\wnmp1\wwwroot\zx_nuomi\branches\branche01\DataSource\Runtime\Temp\a7a11a18324a94d43b860104df3222194878ff1f.file.payorder.html.php 第 320 行.
NOTIC: [8] Trying to get property of non-object D:\wnmp1\wwwroot\zx_nuomi\branches\branche01\DataSource\Runtime\Temp\a7a11a18324a94d43b860104df3222194878ff1f.file.payorder.html.php 第 320 行.
INFO: Run ParseTemplate Behavior [ RunTime:0.128268s ]
INFO: [ view_parse ] --END-- [ RunTime:0.128323s ]
INFO: [ view_filter ] --START--
INFO: Run ContentReplace Behavior [ RunTime:0.000655s ]
INFO: Run TokenBuild Behavior [ RunTime:0.000371s ]
INFO: Run WriteHtmlCache Behavior [ RunTime:0.000261s ]
INFO: Run ShowRuntime Behavior [ RunTime:0.000392s ]
INFO: [ view_filter ] --END-- [ RunTime:0.001815s ]
INFO: [ view_end ] --START--
INFO: Run ShowPageTrace Behavior [ RunTime:0.000460s ]
INFO: [ view_end ] --END-- [ RunTime:0.000505s ]

[ 2016-08-05T18:53:27+08:00 ] /weixin/getJsTk?url=http%3A%2F%2F127.0.0.1%3A8099%2FPayResult%2Fpayorder%3Forderid%3D017160805183428044143
INFO: [ route_check ] --START--
INFO: Run CheckRoute Behavior [ RunTime:0.000765s ]
INFO: [ route_check ] --END-- [ RunTime:0.000836s ]
INFO: [ app_begin ] --START--
INFO: Run ReadHtmlCache Behavior [ RunTime:0.000636s ]
INFO: [ app_begin ] --END-- [ RunTime:0.000705s ]
NOTIC: [2] Missing argument 2 for WeixinAcessTokenModel::Jstoken(), called in D:\wnmp1\wwwroot\zx_nuomi\branches\branche01\DataSource\Lib\Action\WeixinAction.class.php on line 112 and defined D:\wnmp1\wwwroot\zx_nuomi\branches\branche01\DataSource\Lib\Model\WeixinAcessTokenModel.class.php 第 24 行.

[ 2016-08-05T18:53:51+08:00 ] /PayResult/payorder?orderid=017160805183428044143
INFO: [ route_check ] --START--
INFO: Run CheckRoute Behavior [ RunTime:0.001044s ]
INFO: [ route_check ] --END-- [ RunTime:0.001124s ]
INFO: [ app_begin ] --START--
INFO: Run ReadHtmlCache Behavior [ RunTime:0.000654s ]
INFO: [ app_begin ] --END-- [ RunTime:0.000722s ]
NOTIC: [8] Undefined index: couponid D:\wnmp1\wwwroot\zx_nuomi\branches\branche01\DataSource\Lib\Action\PayResultAction.class.php 第 18 行.
NOTIC: [8] Undefined index: db_dsn D:\wnmp1\wwwroot\zx_nuomi\branches\branche01\lib\ThinkPHP\Lib\Core\Db.class.php 第 129 行.
NOTIC: [8] Undefined index: db_params D:\wnmp1\wwwroot\zx_nuomi\branches\branche01\lib\ThinkPHP\Lib\Core\Db.class.php 第 130 行.
SQL: SHOW COLUMNS FROM `zx_tb_orders` [ RunTime:0.002059s ]
SQL: SELECT o.orderid,o.payprice,o.pay_deadline,o.paystats,o.matchid,m.m_name,o.matchid,o.couponid FROM zx_tb_orders o LEFT JOIN zx_tb_matchs  m ON o.matchid = m.id WHERE o.orderid= '017160805183428044143' [ RunTime:0.000502s ]
SQL: SHOW COLUMNS FROM `zx_tb_orderinfo` [ RunTime:0.001944s ]
SQL: SELECT a.id,a.orderid,a.type,g.g_name FROM zx_tb_orderinfo a  LEFT JOIN zx_tb_goods g ON a.goodsid = g.id WHERE a.orderid = '017160805183428044143' [ RunTime:0.000517s ]
SQL: UPDATE `zx_tb_orders` SET `orderid`='017160805183428044143',`payprice`=9690,`pay_deadline`='2016-08-05 21:34:50',`paystats`=5,`matchid`=17 WHERE ( orderid='017160805183428044143' ) [ RunTime:0.010346s ]
NOTIC: [8] Undefined variable: coupon D:\wnmp1\wwwroot\zx_nuomi\branches\branche01\DataSource\Lib\Action\PayResultAction.class.php 第 88 行.
INFO: [ view_template ] --START--
INFO: Run LocationTemplate Behavior [ RunTime:0.000714s ]
INFO: [ view_template ] --END-- [ RunTime:0.000794s ]
INFO: [ view_parse ] --START--
NOTIC: [8] Undefined index: jsApiParameters D:\wnmp1\wwwroot\zx_nuomi\branches\branche01\DataSource\Runtime\Temp\a7a11a18324a94d43b860104df3222194878ff1f.file.payorder.html.php 第 320 行.
NOTIC: [8] Trying to get property of non-object D:\wnmp1\wwwroot\zx_nuomi\branches\branche01\DataSource\Runtime\Temp\a7a11a18324a94d43b860104df3222194878ff1f.file.payorder.html.php 第 320 行.
INFO: Run ParseTemplate Behavior [ RunTime:0.129897s ]
INFO: [ view_parse ] --END-- [ RunTime:0.129952s ]
INFO: [ view_filter ] --START--
INFO: Run ContentReplace Behavior [ RunTime:0.000631s ]
INFO: Run TokenBuild Behavior [ RunTime:0.000329s ]
INFO: Run WriteHtmlCache Behavior [ RunTime:0.000226s ]
INFO: Run ShowRuntime Behavior [ RunTime:0.000368s ]
INFO: [ view_filter ] --END-- [ RunTime:0.001683s ]
INFO: [ view_end ] --START--
INFO: Run ShowPageTrace Behavior [ RunTime:0.000476s ]
INFO: [ view_end ] --END-- [ RunTime:0.000528s ]

[ 2016-08-05T18:53:51+08:00 ] /weixin/getJsTk?url=http%3A%2F%2F127.0.0.1%3A8099%2FPayResult%2Fpayorder%3Forderid%3D017160805183428044143
INFO: [ route_check ] --START--
INFO: Run CheckRoute Behavior [ RunTime:0.000934s ]
INFO: [ route_check ] --END-- [ RunTime:0.001028s ]
INFO: [ app_begin ] --START--
INFO: Run ReadHtmlCache Behavior [ RunTime:0.000639s ]
INFO: [ app_begin ] --END-- [ RunTime:0.000708s ]
NOTIC: [2] Missing argument 2 for WeixinAcessTokenModel::Jstoken(), called in D:\wnmp1\wwwroot\zx_nuomi\branches\branche01\DataSource\Lib\Action\WeixinAction.class.php on line 112 and defined D:\wnmp1\wwwroot\zx_nuomi\branches\branche01\DataSource\Lib\Model\WeixinAcessTokenModel.class.php 第 24 行.

[ 2016-08-05T18:54:12+08:00 ] /PayResult/payorder?orderid=017160805183428044143
INFO: [ route_check ] --START--
INFO: Run CheckRoute Behavior [ RunTime:0.001013s ]
INFO: [ route_check ] --END-- [ RunTime:0.001127s ]
INFO: [ app_begin ] --START--
INFO: Run ReadHtmlCache Behavior [ RunTime:0.000674s ]
INFO: [ app_begin ] --END-- [ RunTime:0.000768s ]
NOTIC: [8] Undefined index: couponid D:\wnmp1\wwwroot\zx_nuomi\branches\branche01\DataSource\Lib\Action\PayResultAction.class.php 第 18 行.
NOTIC: [8] Undefined index: db_dsn D:\wnmp1\wwwroot\zx_nuomi\branches\branche01\lib\ThinkPHP\Lib\Core\Db.class.php 第 129 行.
NOTIC: [8] Undefined index: db_params D:\wnmp1\wwwroot\zx_nuomi\branches\branche01\lib\ThinkPHP\Lib\Core\Db.class.php 第 130 行.
SQL: SHOW COLUMNS FROM `zx_tb_orders` [ RunTime:0.002396s ]
SQL: SELECT o.orderid,o.payprice,o.pay_deadline,o.paystats,o.matchid,m.m_name,o.matchid,o.couponid FROM zx_tb_orders o LEFT JOIN zx_tb_matchs  m ON o.matchid = m.id WHERE o.orderid= '017160805183428044143' [ RunTime:0.000607s ]
SQL: SHOW COLUMNS FROM `zx_tb_orderinfo` [ RunTime:0.002150s ]
SQL: SELECT a.id,a.orderid,a.type,g.g_name FROM zx_tb_orderinfo a  LEFT JOIN zx_tb_goods g ON a.goodsid = g.id WHERE a.orderid = '017160805183428044143' [ RunTime:0.000642s ]
SQL: UPDATE `zx_tb_orders` SET `orderid`='017160805183428044143',`payprice`=9690,`pay_deadline`='2016-08-05 21:34:50',`paystats`=5,`matchid`=17 WHERE ( orderid='017160805183428044143' ) [ RunTime:0.007492s ]
NOTIC: [8] Undefined variable: coupon D:\wnmp1\wwwroot\zx_nuomi\branches\branche01\DataSource\Lib\Action\PayResultAction.class.php 第 88 行.
INFO: [ view_template ] --START--
INFO: Run LocationTemplate Behavior [ RunTime:0.000857s ]
INFO: [ view_template ] --END-- [ RunTime:0.000933s ]
INFO: [ view_parse ] --START--
NOTIC: [8] Undefined index: jsApiParameters D:\wnmp1\wwwroot\zx_nuomi\branches\branche01\DataSource\Runtime\Temp\a7a11a18324a94d43b860104df3222194878ff1f.file.payorder.html.php 第 320 行.
NOTIC: [8] Trying to get property of non-object D:\wnmp1\wwwroot\zx_nuomi\branches\branche01\DataSource\Runtime\Temp\a7a11a18324a94d43b860104df3222194878ff1f.file.payorder.html.php 第 320 行.
INFO: Run ParseTemplate Behavior [ RunTime:0.130767s ]
INFO: [ view_parse ] --END-- [ RunTime:0.130827s ]
INFO: [ view_filter ] --START--
INFO: Run ContentReplace Behavior [ RunTime:0.001249s ]
INFO: Run TokenBuild Behavior [ RunTime:0.000399s ]
INFO: Run WriteHtmlCache Behavior [ RunTime:0.000252s ]
INFO: Run ShowRuntime Behavior [ RunTime:0.000565s ]
INFO: [ view_filter ] --END-- [ RunTime:0.002624s ]
INFO: [ view_end ] --START--
INFO: Run ShowPageTrace Behavior [ RunTime:0.000602s ]
INFO: [ view_end ] --END-- [ RunTime:0.000661s ]

[ 2016-08-05T18:54:12+08:00 ] /weixin/getJsTk?url=http%3A%2F%2F127.0.0.1%3A8099%2FPayResult%2Fpayorder%3Forderid%3D017160805183428044143
INFO: [ route_check ] --START--
INFO: Run CheckRoute Behavior [ RunTime:0.001779s ]
INFO: [ route_check ] --END-- [ RunTime:0.001879s ]
INFO: [ app_begin ] --START--
INFO: Run ReadHtmlCache Behavior [ RunTime:0.000687s ]
INFO: [ app_begin ] --END-- [ RunTime:0.000761s ]
NOTIC: [2] Missing argument 2 for WeixinAcessTokenModel::Jstoken(), called in D:\wnmp1\wwwroot\zx_nuomi\branches\branche01\DataSource\Lib\Action\WeixinAction.class.php on line 112 and defined D:\wnmp1\wwwroot\zx_nuomi\branches\branche01\DataSource\Lib\Model\WeixinAcessTokenModel.class.php 第 24 行.

