[ 2016-11-08T16:48:14+08:00 ] /
INFO: [ app_begin ] --START--
INFO: Run ReadHtmlCache Behavior [ RunTime:0.001519s ]
INFO: [ app_begin ] --END-- [ RunTime:0.001586s ]
NOTIC: [8] Undefined index: match C:\wnmp\wwwroot\zhifubao\DataSource\Lib\Action\IndexAction.class.php 第 21 行.
NOTIC: [8] Undefined index: platform C:\wnmp\wwwroot\zhifubao\DataSource\Lib\Action\IndexAction.class.php 第 22 行.
NOTIC: [8] Undefined index: db_dsn C:\wnmp\wwwroot\zhifubao\lib\ThinkPHP\Lib\Core\Db.class.php 第 129 行.
NOTIC: [8] Undefined index: db_params C:\wnmp\wwwroot\zhifubao\lib\ThinkPHP\Lib\Core\Db.class.php 第 130 行.
SQL: SHOW COLUMNS FROM `zx_tb_matchs` [ RunTime:0.188045s ]
SQL:  select * from zx_tb_matchs where  m_sign = 1  and m_state = 0 and m_isshow=1 and m_releaseTime < NOW() and m_offineTime > NOW()  order by m_order desc,id desc limit 0,5  [ RunTime:0.111457s ]
SQL: SHOW COLUMNS FROM `zx_tb_classinfo` [ RunTime:0.019433s ]
NOTIC: [2] Missing argument 6 for ClassInfoModel::getContent(), called in C:\wnmp\wwwroot\zhifubao\DataSource\Lib\Action\IndexAction.class.php on line 38 and defined C:\wnmp\wwwroot\zhifubao\DataSource\Lib\Model\ClassInfoModel.class.php 第 22 行.
NOTIC: [8] Undefined variable: order C:\wnmp\wwwroot\zhifubao\DataSource\Lib\Model\ClassInfoModel.class.php 第 33 行.
SQL: SELECT info.id,info.cid,cls.classname,info.n_title,info.n_img,info.n_url,info.sign,info.orderid  FROM `zx_tb_class` cls LEFT JOIN zx_tb_classinfo info ON  cls.id = info.cid WHERE cls.short_name='zx_banner' AND cls.isdel=0 AND info.isdel=0 and info.isdisplay=1 AND info.itime<=NOW() AND info.offtime>NOW()  order by  info.sign desc,info.orderid desc,info.utime desc,id DESC  limit 0,10  [ RunTime:0.043334s ]
NOTIC: [2] Missing argument 6 for ClassInfoModel::getContent(), called in C:\wnmp\wwwroot\zhifubao\DataSource\Lib\Action\IndexAction.class.php on line 42 and defined C:\wnmp\wwwroot\zhifubao\DataSource\Lib\Model\ClassInfoModel.class.php 第 22 行.
NOTIC: [8] Undefined variable: order C:\wnmp\wwwroot\zhifubao\DataSource\Lib\Model\ClassInfoModel.class.php 第 33 行.
SQL: SELECT info.id,info.cid,cls.classname,info.n_title,info.n_img,info.n_url,info.sign,info.orderid  FROM `zx_tb_class` cls LEFT JOIN zx_tb_classinfo info ON  cls.id = info.cid WHERE cls.short_name='zx_hotwords' AND cls.isdel=0 AND info.isdel=0 and info.isdisplay=1 AND info.itime<=NOW() AND info.offtime>NOW()  order by  info.sign desc,info.orderid desc,info.utime desc,id DESC  limit 0,100  [ RunTime:0.001591s ]
INFO: [ view_template ] --START--
INFO: Run LocationTemplate Behavior [ RunTime:0.014467s ]
INFO: [ view_template ] --END-- [ RunTime:0.014563s ]
INFO: [ view_parse ] --START--
NOTIC: [8] Undefined index: m_banner C:\wnmp\wwwroot\zhifubao\DataSource\Runtime\Temp\9f529053051950a069732b98964695a605c1670d.file.banner.html.php 第 53 行.
NOTIC: [8] Trying to get property of non-object C:\wnmp\wwwroot\zhifubao\DataSource\Runtime\Temp\9f529053051950a069732b98964695a605c1670d.file.banner.html.php 第 53 行.
NOTIC: [8] Undefined index: name C:\wnmp\wwwroot\zhifubao\DataSource\Runtime\Temp\43ada865f8bc71aef17a87e0ed7c58499c1019cf.file.index.html.php 第 197 行.
NOTIC: [8] Undefined index: name C:\wnmp\wwwroot\zhifubao\DataSource\Runtime\Temp\43ada865f8bc71aef17a87e0ed7c58499c1019cf.file.index.html.php 第 197 行.
NOTIC: [8] Undefined index: name C:\wnmp\wwwroot\zhifubao\DataSource\Runtime\Temp\43ada865f8bc71aef17a87e0ed7c58499c1019cf.file.index.html.php 第 197 行.
INFO: Run ParseTemplate Behavior [ RunTime:0.032982s ]
INFO: [ view_parse ] --END-- [ RunTime:0.033036s ]
INFO: [ view_filter ] --START--
INFO: Run ContentReplace Behavior [ RunTime:0.001641s ]
INFO: Run TokenBuild Behavior [ RunTime:0.000988s ]
INFO: Run WriteHtmlCache Behavior [ RunTime:0.000851s ]
INFO: Run ShowRuntime Behavior [ RunTime:0.001406s ]
INFO: [ view_filter ] --END-- [ RunTime:0.005033s ]
INFO: [ view_end ] --START--
INFO: Run ShowPageTrace Behavior [ RunTime:0.001222s ]
INFO: [ view_end ] --END-- [ RunTime:0.001274s ]

