[ 2016-10-19T12:13:36+08:00 ] /
INFO: [ app_begin ] --START--
INFO: Run ReadHtmlCache Behavior [ RunTime:0.000751s ]
INFO: [ app_begin ] --END-- [ RunTime:0.001918s ]
NOTIC: [8] Undefined index: match D:\wnmp1\wwwroot\zx_nuomi\branches\branche01\DataSource\Lib\Action\IndexAction.class.php 第 25 行.
NOTIC: [8] Undefined index: platform D:\wnmp1\wwwroot\zx_nuomi\branches\branche01\DataSource\Lib\Action\IndexAction.class.php 第 26 行.
NOTIC: [8] Undefined index: db_dsn D:\wnmp1\wwwroot\zx_nuomi\branches\branche01\lib\ThinkPHP\Lib\Core\Db.class.php 第 129 行.
NOTIC: [8] Undefined index: db_params D:\wnmp1\wwwroot\zx_nuomi\branches\branche01\lib\ThinkPHP\Lib\Core\Db.class.php 第 130 行.
SQL: SHOW COLUMNS FROM `zx_tb_matchs` [ RunTime:0.081144s ]
SQL:  select id,m_name,m_GameTime,m_untilTime,m_releaseTime,m_offineTime,m_city,m_Mtypes,m_ptype,m_sign,m_enterMode,m_placesleft,m_places,m_enterurl,m_state,m_img,m_order,m_country,m_area,m_signuptime,m_mtypes_class,m_des from zx_tb_matchs where  m_sign = 1  and m_ptype='国内' and m_state = 0 and m_isshow=1 and m_releaseTime < NOW() and m_offineTime > NOW()  order by m_order desc,id desc limit 0,5  [ RunTime:0.007243s ]
SQL: SHOW COLUMNS FROM `zx_tb_classinfo` [ RunTime:0.037083s ]
NOTIC: [2] Missing argument 6 for ClassInfoModel::getContent(), called in D:\wnmp1\wwwroot\zx_nuomi\branches\branche01\DataSource\Lib\Action\IndexAction.class.php on line 42 and defined D:\wnmp1\wwwroot\zx_nuomi\branches\branche01\DataSource\Lib\Model\ClassInfoModel.class.php 第 22 行.
NOTIC: [8] Undefined variable: order D:\wnmp1\wwwroot\zx_nuomi\branches\branche01\DataSource\Lib\Model\ClassInfoModel.class.php 第 33 行.
SQL: SELECT info.id,info.cid,cls.classname,info.n_title,info.n_img,info.n_url,info.sign,info.orderid  FROM `zx_tb_class` cls LEFT JOIN zx_tb_classinfo info ON  cls.id = info.cid WHERE cls.short_name='zx_banner_nuomi' AND cls.isdel=0 AND info.isdel=0 and info.isdisplay=1 AND info.itime<=NOW() AND info.offtime>NOW()  order by  info.sign desc,info.orderid desc,info.utime desc,id DESC  limit 0,10  [ RunTime:0.006213s ]
NOTIC: [2] Missing argument 6 for ClassInfoModel::getContent(), called in D:\wnmp1\wwwroot\zx_nuomi\branches\branche01\DataSource\Lib\Action\IndexAction.class.php on line 46 and defined D:\wnmp1\wwwroot\zx_nuomi\branches\branche01\DataSource\Lib\Model\ClassInfoModel.class.php 第 22 行.
NOTIC: [8] Undefined variable: order D:\wnmp1\wwwroot\zx_nuomi\branches\branche01\DataSource\Lib\Model\ClassInfoModel.class.php 第 33 行.
SQL: SELECT info.id,info.cid,cls.classname,info.n_title,info.n_img,info.n_url,info.sign,info.orderid  FROM `zx_tb_class` cls LEFT JOIN zx_tb_classinfo info ON  cls.id = info.cid WHERE cls.short_name='zx_hotwords_nuomi' AND cls.isdel=0 AND info.isdel=0 and info.isdisplay=1 AND info.itime<=NOW() AND info.offtime>NOW()  order by  info.sign desc,info.orderid desc,info.utime desc,id DESC  limit 0,100  [ RunTime:0.000505s ]
INFO: [ view_template ] --START--
INFO: Run LocationTemplate Behavior [ RunTime:0.000791s ]
INFO: [ view_template ] --END-- [ RunTime:0.000851s ]
INFO: [ view_parse ] --START--
NOTIC: [8] Undefined index: m_banner D:\wnmp1\wwwroot\zx_nuomi\branches\branche01\DataSource\Runtime\Temp\9f529053051950a069732b98964695a605c1670d.file.banner.html.php 第 63 行.
NOTIC: [8] Trying to get property of non-object D:\wnmp1\wwwroot\zx_nuomi\branches\branche01\DataSource\Runtime\Temp\9f529053051950a069732b98964695a605c1670d.file.banner.html.php 第 63 行.
INFO: Run ParseTemplate Behavior [ RunTime:0.019494s ]
INFO: [ view_parse ] --END-- [ RunTime:0.019590s ]
INFO: [ view_filter ] --START--
INFO: Run ContentReplace Behavior [ RunTime:0.001105s ]
INFO: Run TokenBuild Behavior [ RunTime:0.000686s ]
INFO: Run WriteHtmlCache Behavior [ RunTime:0.000564s ]
INFO: Run ShowRuntime Behavior [ RunTime:0.000643s ]
INFO: [ view_filter ] --END-- [ RunTime:0.003251s ]
INFO: [ view_end ] --START--
INFO: Run ShowPageTrace Behavior [ RunTime:0.000787s ]
INFO: [ view_end ] --END-- [ RunTime:0.000837s ]

[ 2016-10-19T12:13:39+08:00 ] /Matchinfo?m_id=143&platform=zx-tour
INFO: [ route_check ] --START--
INFO: Run CheckRoute Behavior [ RunTime:0.002409s ]
INFO: [ route_check ] --END-- [ RunTime:0.002507s ]
INFO: [ app_begin ] --START--
INFO: Run ReadHtmlCache Behavior [ RunTime:0.000580s ]
INFO: [ app_begin ] --END-- [ RunTime:0.000647s ]
NOTIC: [8] Undefined index: db_dsn D:\wnmp1\wwwroot\zx_nuomi\branches\branche01\lib\ThinkPHP\Lib\Core\Db.class.php 第 129 行.
NOTIC: [8] Undefined index: db_params D:\wnmp1\wwwroot\zx_nuomi\branches\branche01\lib\ThinkPHP\Lib\Core\Db.class.php 第 130 行.
SQL: SHOW COLUMNS FROM `zx_tb_matchs` [ RunTime:0.004578s ]
SQL: select * from zx_tb_matchs where id = 143 [ RunTime:0.001048s ]
NOTIC: [8] Undefined offset: 1 D:\wnmp1\wwwroot\zx_nuomi\branches\branche01\DataSource\Lib\Action\MatchinfoAction.class.php 第 286 行.
SQL: SHOW COLUMNS FROM `zx_tb_goods` [ RunTime:0.019000s ]
SQL: SELECT `id`,`g_mid`,`g_name`,`g_type`,`g_des`,`g_currprice`,`g_price`,`g_priceinfo`,`g_priceinfowithout`,`g_singleprice`,`g_tips`,`g_order` FROM `zx_tb_goods` WHERE ( g_type = 2 and g_mid = 143 and g_pid =0 and g_state = 0 and g_stockleft > 0 and g_releaseTime <= NOW() and g_offineTime > NOW()  ) ORDER BY g_type asc,g_order desc  [ RunTime:0.004872s ]
SQL: SELECT `id`,`g_mid`,`g_name`,`g_type`,`g_des`,`g_currprice`,`g_price`,`g_priceinfo`,`g_priceinfowithout`,`g_singleprice`,`g_tips`,`g_order` FROM `zx_tb_goods` WHERE ( g_type = 2 and g_mid = 143 and g_pid =1583 and g_state = 0 and g_stockleft > 0 and g_releaseTime <= NOW() and g_offineTime > NOW()  ) ORDER BY g_type asc,g_order desc  [ RunTime:0.000460s ]
SQL: SELECT `id`,`g_mid`,`g_name`,`g_type`,`g_des`,`g_currprice`,`g_price`,`g_priceinfo`,`g_priceinfowithout`,`g_singleprice`,`g_tips`,`g_order` FROM `zx_tb_goods` WHERE ( g_type = 2 and g_mid = 143 and g_pid =1589 and g_state = 0 and g_stockleft > 0 and g_releaseTime <= NOW() and g_offineTime > NOW()  ) ORDER BY g_type asc,g_order desc  [ RunTime:0.002714s ]
SQL: SELECT `id`,`g_mid`,`g_name`,`g_type`,`g_des`,`g_currprice`,`g_price`,`g_priceinfo`,`g_priceinfowithout`,`g_singleprice`,`g_tips`,`g_order` FROM `zx_tb_goods` WHERE ( g_type = 2 and g_mid = 143 and g_pid =1592 and g_state = 0 and g_stockleft > 0 and g_releaseTime <= NOW() and g_offineTime > NOW()  ) ORDER BY g_type asc,g_order desc  [ RunTime:0.000390s ]
SQL: SELECT `id`,`g_mid`,`g_name`,`g_type`,`g_des`,`g_currprice`,`g_price`,`g_priceinfo`,`g_priceinfowithout`,`g_singleprice`,`g_tips`,`g_order` FROM `zx_tb_goods` WHERE ( g_type = 2 and g_mid = 143 and g_pid =2963 and g_state = 0 and g_stockleft > 0 and g_releaseTime <= NOW() and g_offineTime > NOW()  ) ORDER BY g_type asc,g_order desc  [ RunTime:0.000894s ]
SQL: SELECT `id`,`g_mid`,`g_name`,`g_type`,`g_des`,`g_currprice`,`g_price`,`g_priceinfo`,`g_priceinfowithout`,`g_singleprice`,`g_tips`,`g_order` FROM `zx_tb_goods` WHERE ( g_type = 2 and g_mid = 143 and g_pid =2199 and g_state = 0 and g_stockleft > 0 and g_releaseTime <= NOW() and g_offineTime > NOW()  ) ORDER BY g_type asc,g_order desc  [ RunTime:0.000360s ]
SQL: SELECT `id`,`g_mid`,`g_name`,`g_type`,`g_des`,`g_currprice`,`g_price`,`g_priceinfo`,`g_priceinfowithout`,`g_singleprice`,`g_tips`,`g_order` FROM `zx_tb_goods` WHERE ( g_type = 2 and g_mid = 143 and g_pid =2965 and g_state = 0 and g_stockleft > 0 and g_releaseTime <= NOW() and g_offineTime > NOW()  ) ORDER BY g_type asc,g_order desc  [ RunTime:0.000345s ]
SQL: SELECT `id`,`g_mid`,`g_name`,`g_type`,`g_des`,`g_currprice`,`g_price`,`g_priceinfo`,`g_priceinfowithout`,`g_singleprice`,`g_tips`,`g_order` FROM `zx_tb_goods` WHERE ( g_type = 2 and g_mid = 143 and g_pid =2966 and g_state = 0 and g_stockleft > 0 and g_releaseTime <= NOW() and g_offineTime > NOW()  ) ORDER BY g_type asc,g_order desc  [ RunTime:0.000377s ]
SQL: SELECT `id`,`g_mid`,`g_name`,`g_type`,`g_des`,`g_currprice`,`g_price`,`g_priceinfo`,`g_priceinfowithout`,`g_singleprice`,`g_tips`,`g_order` FROM `zx_tb_goods` WHERE ( g_type = 2 and g_mid = 143 and g_pid =2322 and g_state = 0 and g_stockleft > 0 and g_releaseTime <= NOW() and g_offineTime > NOW()  ) ORDER BY g_type asc,g_order desc  [ RunTime:0.000376s ]
SQL: SHOW COLUMNS FROM `zx_tb_scenicarea` [ RunTime:0.006722s ]
SQL: SELECT * FROM `zx_tb_scenicarea` WHERE ( mid=143 )  [ RunTime:0.005550s ]
NOTIC: [2] Invalid argument supplied for foreach() D:\wnmp1\wwwroot\zx_nuomi\branches\branche01\DataSource\Lib\Action\MatchinfoAction.class.php 第 143 行.
SQL: SHOW COLUMNS FROM `zx_tb_matchs` [ RunTime:0.002543s ]
SQL:  select id,m_name,m_GameTime,m_untilTime,m_releaseTime,m_offineTime,m_city,m_Mtypes,m_ptype,m_sign,m_enterMode,m_placesleft,m_places,m_enterurl,m_state,m_img,m_order,m_country,m_area,m_signuptime,m_mtypes_class,m_des from zx_tb_matchs where  m_sign = 1  and m_state = 0 and m_isshow=1 and m_releaseTime < NOW() and m_offineTime > NOW()  order by m_order desc,id desc limit 0,3  [ RunTime:0.007485s ]
SQL: SHOW COLUMNS FROM `zx_tb_collect` [ RunTime:0.004002s ]
INFO: [ view_template ] --START--
INFO: Run LocationTemplate Behavior [ RunTime:0.000434s ]
INFO: [ view_template ] --END-- [ RunTime:0.000484s ]
INFO: [ view_parse ] --START--
NOTIC: [8] Undefined index: banner D:\wnmp1\wwwroot\zx_nuomi\branches\branche01\DataSource\Runtime\Temp\9f529053051950a069732b98964695a605c1670d.file.banner.html.php 第 38 行.
NOTIC: [8] Trying to get property of non-object D:\wnmp1\wwwroot\zx_nuomi\branches\branche01\DataSource\Runtime\Temp\9f529053051950a069732b98964695a605c1670d.file.banner.html.php 第 38 行.
NOTIC: [8] Undefined index: remind D:\wnmp1\wwwroot\zx_nuomi\branches\branche01\DataSource\Runtime\Temp\531e96a4ffd6b502f4ebab295e5b7fb88970efae.file.index.html.php 第 506 行.
NOTIC: [8] Trying to get property of non-object D:\wnmp1\wwwroot\zx_nuomi\branches\branche01\DataSource\Runtime\Temp\531e96a4ffd6b502f4ebab295e5b7fb88970efae.file.index.html.php 第 506 行.
NOTIC: [8] Undefined index: order D:\wnmp1\wwwroot\zx_nuomi\branches\branche01\DataSource\Runtime\Temp\531e96a4ffd6b502f4ebab295e5b7fb88970efae.file.index.html.php 第 519 行.
NOTIC: [8] Trying to get property of non-object D:\wnmp1\wwwroot\zx_nuomi\branches\branche01\DataSource\Runtime\Temp\531e96a4ffd6b502f4ebab295e5b7fb88970efae.file.index.html.php 第 519 行.
NOTIC: [8] Undefined index: order D:\wnmp1\wwwroot\zx_nuomi\branches\branche01\DataSource\Runtime\Temp\531e96a4ffd6b502f4ebab295e5b7fb88970efae.file.index.html.php 第 526 行.
NOTIC: [8] Trying to get property of non-object D:\wnmp1\wwwroot\zx_nuomi\branches\branche01\DataSource\Runtime\Temp\531e96a4ffd6b502f4ebab295e5b7fb88970efae.file.index.html.php 第 526 行.
INFO: Run ParseTemplate Behavior [ RunTime:0.431861s ]
INFO: [ view_parse ] --END-- [ RunTime:0.431907s ]
INFO: [ view_filter ] --START--
INFO: Run ContentReplace Behavior [ RunTime:0.001271s ]
INFO: Run TokenBuild Behavior [ RunTime:0.000416s ]
INFO: Run WriteHtmlCache Behavior [ RunTime:0.000235s ]
INFO: Run ShowRuntime Behavior [ RunTime:0.000487s ]
INFO: [ view_filter ] --END-- [ RunTime:0.002543s ]
INFO: [ view_end ] --START--
INFO: Run ShowPageTrace Behavior [ RunTime:0.000608s ]
INFO: [ view_end ] --END-- [ RunTime:0.000659s ]

[ 2016-10-19T12:13:39+08:00 ] /Account/imgverify?width=150&height=45
INFO: [ route_check ] --START--
INFO: Run CheckRoute Behavior [ RunTime:0.000871s ]
INFO: [ route_check ] --END-- [ RunTime:0.000955s ]
INFO: [ app_begin ] --START--
INFO: Run ReadHtmlCache Behavior [ RunTime:0.000443s ]
INFO: [ app_begin ] --END-- [ RunTime:0.000494s ]

[ 2016-10-19T12:13:40+08:00 ] /Matchinfo/getTrip?m_id=1592
INFO: [ route_check ] --START--
INFO: Run CheckRoute Behavior [ RunTime:0.001077s ]
INFO: [ route_check ] --END-- [ RunTime:0.001343s ]
INFO: [ app_begin ] --START--
INFO: Run ReadHtmlCache Behavior [ RunTime:0.000554s ]
INFO: [ app_begin ] --END-- [ RunTime:0.000628s ]
NOTIC: [8] Undefined index: db_dsn D:\wnmp1\wwwroot\zx_nuomi\branches\branche01\lib\ThinkPHP\Lib\Core\Db.class.php 第 129 行.
NOTIC: [8] Undefined index: db_params D:\wnmp1\wwwroot\zx_nuomi\branches\branche01\lib\ThinkPHP\Lib\Core\Db.class.php 第 130 行.
SQL: SHOW COLUMNS FROM `zx_tb_trip` [ RunTime:0.026116s ]
SQL: SELECT * FROM `zx_tb_trip` WHERE ( `meal_id` = 1592  ) ORDER BY trip_date asc  [ RunTime:0.001063s ]

[ 2016-10-19T12:16:58+08:00 ] /Matchinfo?m_id=143&platform=zx-tour
INFO: [ route_check ] --START--
INFO: Run CheckRoute Behavior [ RunTime:0.000930s ]
INFO: [ route_check ] --END-- [ RunTime:0.001031s ]
INFO: [ app_begin ] --START--
INFO: Run ReadHtmlCache Behavior [ RunTime:0.000504s ]
INFO: [ app_begin ] --END-- [ RunTime:0.000566s ]
NOTIC: [8] Undefined index: db_dsn D:\wnmp1\wwwroot\zx_nuomi\branches\branche01\lib\ThinkPHP\Lib\Core\Db.class.php 第 129 行.
NOTIC: [8] Undefined index: db_params D:\wnmp1\wwwroot\zx_nuomi\branches\branche01\lib\ThinkPHP\Lib\Core\Db.class.php 第 130 行.
SQL: SHOW COLUMNS FROM `zx_tb_matchs` [ RunTime:0.004739s ]
SQL: select * from zx_tb_matchs where id = 143 [ RunTime:0.001150s ]
NOTIC: [8] Undefined offset: 1 D:\wnmp1\wwwroot\zx_nuomi\branches\branche01\DataSource\Lib\Action\MatchinfoAction.class.php 第 286 行.
SQL: SHOW COLUMNS FROM `zx_tb_goods` [ RunTime:0.003902s ]
SQL: SELECT `id`,`g_mid`,`g_name`,`g_type`,`g_des`,`g_currprice`,`g_price`,`g_priceinfo`,`g_priceinfowithout`,`g_singleprice`,`g_tips`,`g_order` FROM `zx_tb_goods` WHERE ( g_type = 2 and g_mid = 143 and g_pid =0 and g_state = 0 and g_stockleft > 0 and g_releaseTime <= NOW() and g_offineTime > NOW()  ) ORDER BY g_type asc,g_order desc  [ RunTime:0.002728s ]
SQL: SELECT `id`,`g_mid`,`g_name`,`g_type`,`g_des`,`g_currprice`,`g_price`,`g_priceinfo`,`g_priceinfowithout`,`g_singleprice`,`g_tips`,`g_order` FROM `zx_tb_goods` WHERE ( g_type = 2 and g_mid = 143 and g_pid =1583 and g_state = 0 and g_stockleft > 0 and g_releaseTime <= NOW() and g_offineTime > NOW()  ) ORDER BY g_type asc,g_order desc  [ RunTime:0.000931s ]
SQL: SELECT `id`,`g_mid`,`g_name`,`g_type`,`g_des`,`g_currprice`,`g_price`,`g_priceinfo`,`g_priceinfowithout`,`g_singleprice`,`g_tips`,`g_order` FROM `zx_tb_goods` WHERE ( g_type = 2 and g_mid = 143 and g_pid =1589 and g_state = 0 and g_stockleft > 0 and g_releaseTime <= NOW() and g_offineTime > NOW()  ) ORDER BY g_type asc,g_order desc  [ RunTime:0.002204s ]
SQL: SELECT `id`,`g_mid`,`g_name`,`g_type`,`g_des`,`g_currprice`,`g_price`,`g_priceinfo`,`g_priceinfowithout`,`g_singleprice`,`g_tips`,`g_order` FROM `zx_tb_goods` WHERE ( g_type = 2 and g_mid = 143 and g_pid =1592 and g_state = 0 and g_stockleft > 0 and g_releaseTime <= NOW() and g_offineTime > NOW()  ) ORDER BY g_type asc,g_order desc  [ RunTime:0.000846s ]
SQL: SELECT `id`,`g_mid`,`g_name`,`g_type`,`g_des`,`g_currprice`,`g_price`,`g_priceinfo`,`g_priceinfowithout`,`g_singleprice`,`g_tips`,`g_order` FROM `zx_tb_goods` WHERE ( g_type = 2 and g_mid = 143 and g_pid =2963 and g_state = 0 and g_stockleft > 0 and g_releaseTime <= NOW() and g_offineTime > NOW()  ) ORDER BY g_type asc,g_order desc  [ RunTime:0.000784s ]
SQL: SELECT `id`,`g_mid`,`g_name`,`g_type`,`g_des`,`g_currprice`,`g_price`,`g_priceinfo`,`g_priceinfowithout`,`g_singleprice`,`g_tips`,`g_order` FROM `zx_tb_goods` WHERE ( g_type = 2 and g_mid = 143 and g_pid =2199 and g_state = 0 and g_stockleft > 0 and g_releaseTime <= NOW() and g_offineTime > NOW()  ) ORDER BY g_type asc,g_order desc  [ RunTime:0.000759s ]
SQL: SELECT `id`,`g_mid`,`g_name`,`g_type`,`g_des`,`g_currprice`,`g_price`,`g_priceinfo`,`g_priceinfowithout`,`g_singleprice`,`g_tips`,`g_order` FROM `zx_tb_goods` WHERE ( g_type = 2 and g_mid = 143 and g_pid =2965 and g_state = 0 and g_stockleft > 0 and g_releaseTime <= NOW() and g_offineTime > NOW()  ) ORDER BY g_type asc,g_order desc  [ RunTime:0.000299s ]
SQL: SELECT `id`,`g_mid`,`g_name`,`g_type`,`g_des`,`g_currprice`,`g_price`,`g_priceinfo`,`g_priceinfowithout`,`g_singleprice`,`g_tips`,`g_order` FROM `zx_tb_goods` WHERE ( g_type = 2 and g_mid = 143 and g_pid =2966 and g_state = 0 and g_stockleft > 0 and g_releaseTime <= NOW() and g_offineTime > NOW()  ) ORDER BY g_type asc,g_order desc  [ RunTime:0.000304s ]
SQL: SELECT `id`,`g_mid`,`g_name`,`g_type`,`g_des`,`g_currprice`,`g_price`,`g_priceinfo`,`g_priceinfowithout`,`g_singleprice`,`g_tips`,`g_order` FROM `zx_tb_goods` WHERE ( g_type = 2 and g_mid = 143 and g_pid =2322 and g_state = 0 and g_stockleft > 0 and g_releaseTime <= NOW() and g_offineTime > NOW()  ) ORDER BY g_type asc,g_order desc  [ RunTime:0.000294s ]
SQL: SHOW COLUMNS FROM `zx_tb_scenicarea` [ RunTime:0.001846s ]
SQL: SELECT * FROM `zx_tb_scenicarea` WHERE ( mid=143 )  [ RunTime:0.000624s ]
NOTIC: [2] Invalid argument supplied for foreach() D:\wnmp1\wwwroot\zx_nuomi\branches\branche01\DataSource\Lib\Action\MatchinfoAction.class.php 第 143 行.
SQL: SHOW COLUMNS FROM `zx_tb_matchs` [ RunTime:0.001695s ]
SQL:  select id,m_name,m_GameTime,m_untilTime,m_releaseTime,m_offineTime,m_city,m_Mtypes,m_ptype,m_sign,m_enterMode,m_placesleft,m_places,m_enterurl,m_state,m_img,m_order,m_country,m_area,m_signuptime,m_mtypes_class,m_des from zx_tb_matchs where  m_sign = 1  and m_state = 0 and m_isshow=1 and m_releaseTime < NOW() and m_offineTime > NOW()  order by m_order desc,id desc limit 0,3  [ RunTime:0.001371s ]
SQL: SHOW COLUMNS FROM `zx_tb_collect` [ RunTime:0.001219s ]
INFO: [ view_template ] --START--
INFO: Run LocationTemplate Behavior [ RunTime:0.000471s ]
INFO: [ view_template ] --END-- [ RunTime:0.000520s ]
INFO: [ view_parse ] --START--
NOTIC: [8] Undefined index: banner D:\wnmp1\wwwroot\zx_nuomi\branches\branche01\DataSource\Runtime\Temp\9f529053051950a069732b98964695a605c1670d.file.banner.html.php 第 38 行.
NOTIC: [8] Trying to get property of non-object D:\wnmp1\wwwroot\zx_nuomi\branches\branche01\DataSource\Runtime\Temp\9f529053051950a069732b98964695a605c1670d.file.banner.html.php 第 38 行.
NOTIC: [8] Undefined index: remind D:\wnmp1\wwwroot\zx_nuomi\branches\branche01\DataSource\Runtime\Temp\531e96a4ffd6b502f4ebab295e5b7fb88970efae.file.index.html.php 第 510 行.
NOTIC: [8] Trying to get property of non-object D:\wnmp1\wwwroot\zx_nuomi\branches\branche01\DataSource\Runtime\Temp\531e96a4ffd6b502f4ebab295e5b7fb88970efae.file.index.html.php 第 510 行.
NOTIC: [8] Undefined index: order D:\wnmp1\wwwroot\zx_nuomi\branches\branche01\DataSource\Runtime\Temp\531e96a4ffd6b502f4ebab295e5b7fb88970efae.file.index.html.php 第 523 行.
NOTIC: [8] Trying to get property of non-object D:\wnmp1\wwwroot\zx_nuomi\branches\branche01\DataSource\Runtime\Temp\531e96a4ffd6b502f4ebab295e5b7fb88970efae.file.index.html.php 第 523 行.
NOTIC: [8] Undefined index: order D:\wnmp1\wwwroot\zx_nuomi\branches\branche01\DataSource\Runtime\Temp\531e96a4ffd6b502f4ebab295e5b7fb88970efae.file.index.html.php 第 530 行.
NOTIC: [8] Trying to get property of non-object D:\wnmp1\wwwroot\zx_nuomi\branches\branche01\DataSource\Runtime\Temp\531e96a4ffd6b502f4ebab295e5b7fb88970efae.file.index.html.php 第 530 行.
INFO: Run ParseTemplate Behavior [ RunTime:0.416708s ]
INFO: [ view_parse ] --END-- [ RunTime:0.416754s ]
INFO: [ view_filter ] --START--
INFO: Run ContentReplace Behavior [ RunTime:0.001186s ]
INFO: Run TokenBuild Behavior [ RunTime:0.000397s ]
INFO: Run WriteHtmlCache Behavior [ RunTime:0.000231s ]
INFO: Run ShowRuntime Behavior [ RunTime:0.000476s ]
INFO: [ view_filter ] --END-- [ RunTime:0.002415s ]
INFO: [ view_end ] --START--
INFO: Run ShowPageTrace Behavior [ RunTime:0.000480s ]
INFO: [ view_end ] --END-- [ RunTime:0.000533s ]

[ 2016-10-19T12:16:58+08:00 ] /Account/imgverify?width=150&height=45
INFO: [ route_check ] --START--
INFO: Run CheckRoute Behavior [ RunTime:0.001055s ]
INFO: [ route_check ] --END-- [ RunTime:0.001174s ]
INFO: [ app_begin ] --START--
INFO: Run ReadHtmlCache Behavior [ RunTime:0.000802s ]
INFO: [ app_begin ] --END-- [ RunTime:0.000914s ]

[ 2016-10-19T12:16:59+08:00 ] /Matchinfo/getTrip?m_id=1592
INFO: [ route_check ] --START--
INFO: Run CheckRoute Behavior [ RunTime:0.000885s ]
INFO: [ route_check ] --END-- [ RunTime:0.000995s ]
INFO: [ app_begin ] --START--
INFO: Run ReadHtmlCache Behavior [ RunTime:0.000670s ]
INFO: [ app_begin ] --END-- [ RunTime:0.000746s ]
NOTIC: [8] Undefined index: db_dsn D:\wnmp1\wwwroot\zx_nuomi\branches\branche01\lib\ThinkPHP\Lib\Core\Db.class.php 第 129 行.
NOTIC: [8] Undefined index: db_params D:\wnmp1\wwwroot\zx_nuomi\branches\branche01\lib\ThinkPHP\Lib\Core\Db.class.php 第 130 行.
SQL: SHOW COLUMNS FROM `zx_tb_trip` [ RunTime:0.002446s ]

[ 2016-10-19T12:17:47+08:00 ] /Matchinfo?m_id=143&platform=zx-tour
INFO: [ route_check ] --START--
INFO: Run CheckRoute Behavior [ RunTime:0.000794s ]
INFO: [ route_check ] --END-- [ RunTime:0.000888s ]
INFO: [ app_begin ] --START--
INFO: Run ReadHtmlCache Behavior [ RunTime:0.000539s ]
INFO: [ app_begin ] --END-- [ RunTime:0.000608s ]
NOTIC: [8] Undefined index: db_dsn D:\wnmp1\wwwroot\zx_nuomi\branches\branche01\lib\ThinkPHP\Lib\Core\Db.class.php 第 129 行.
NOTIC: [8] Undefined index: db_params D:\wnmp1\wwwroot\zx_nuomi\branches\branche01\lib\ThinkPHP\Lib\Core\Db.class.php 第 130 行.
SQL: SHOW COLUMNS FROM `zx_tb_matchs` [ RunTime:0.004527s ]
SQL: select * from zx_tb_matchs where id = 143 [ RunTime:0.001161s ]
NOTIC: [8] Undefined offset: 1 D:\wnmp1\wwwroot\zx_nuomi\branches\branche01\DataSource\Lib\Action\MatchinfoAction.class.php 第 286 行.
SQL: SHOW COLUMNS FROM `zx_tb_goods` [ RunTime:0.003965s ]
SQL: SELECT `id`,`g_mid`,`g_name`,`g_type`,`g_des`,`g_currprice`,`g_price`,`g_priceinfo`,`g_priceinfowithout`,`g_singleprice`,`g_tips`,`g_order` FROM `zx_tb_goods` WHERE ( g_type = 2 and g_mid = 143 and g_pid =0 and g_state = 0 and g_stockleft > 0 and g_releaseTime <= NOW() and g_offineTime > NOW()  ) ORDER BY g_type asc,g_order desc  [ RunTime:0.002561s ]
SQL: SELECT `id`,`g_mid`,`g_name`,`g_type`,`g_des`,`g_currprice`,`g_price`,`g_priceinfo`,`g_priceinfowithout`,`g_singleprice`,`g_tips`,`g_order` FROM `zx_tb_goods` WHERE ( g_type = 2 and g_mid = 143 and g_pid =1583 and g_state = 0 and g_stockleft > 0 and g_releaseTime <= NOW() and g_offineTime > NOW()  ) ORDER BY g_type asc,g_order desc  [ RunTime:0.000936s ]
SQL: SELECT `id`,`g_mid`,`g_name`,`g_type`,`g_des`,`g_currprice`,`g_price`,`g_priceinfo`,`g_priceinfowithout`,`g_singleprice`,`g_tips`,`g_order` FROM `zx_tb_goods` WHERE ( g_type = 2 and g_mid = 143 and g_pid =1589 and g_state = 0 and g_stockleft > 0 and g_releaseTime <= NOW() and g_offineTime > NOW()  ) ORDER BY g_type asc,g_order desc  [ RunTime:0.001665s ]
SQL: SELECT `id`,`g_mid`,`g_name`,`g_type`,`g_des`,`g_currprice`,`g_price`,`g_priceinfo`,`g_priceinfowithout`,`g_singleprice`,`g_tips`,`g_order` FROM `zx_tb_goods` WHERE ( g_type = 2 and g_mid = 143 and g_pid =1592 and g_state = 0 and g_stockleft > 0 and g_releaseTime <= NOW() and g_offineTime > NOW()  ) ORDER BY g_type asc,g_order desc  [ RunTime:0.002939s ]
SQL: SELECT `id`,`g_mid`,`g_name`,`g_type`,`g_des`,`g_currprice`,`g_price`,`g_priceinfo`,`g_priceinfowithout`,`g_singleprice`,`g_tips`,`g_order` FROM `zx_tb_goods` WHERE ( g_type = 2 and g_mid = 143 and g_pid =2963 and g_state = 0 and g_stockleft > 0 and g_releaseTime <= NOW() and g_offineTime > NOW()  ) ORDER BY g_type asc,g_order desc  [ RunTime:0.000523s ]
SQL: SELECT `id`,`g_mid`,`g_name`,`g_type`,`g_des`,`g_currprice`,`g_price`,`g_priceinfo`,`g_priceinfowithout`,`g_singleprice`,`g_tips`,`g_order` FROM `zx_tb_goods` WHERE ( g_type = 2 and g_mid = 143 and g_pid =2199 and g_state = 0 and g_stockleft > 0 and g_releaseTime <= NOW() and g_offineTime > NOW()  ) ORDER BY g_type asc,g_order desc  [ RunTime:0.000376s ]
SQL: SELECT `id`,`g_mid`,`g_name`,`g_type`,`g_des`,`g_currprice`,`g_price`,`g_priceinfo`,`g_priceinfowithout`,`g_singleprice`,`g_tips`,`g_order` FROM `zx_tb_goods` WHERE ( g_type = 2 and g_mid = 143 and g_pid =2965 and g_state = 0 and g_stockleft > 0 and g_releaseTime <= NOW() and g_offineTime > NOW()  ) ORDER BY g_type asc,g_order desc  [ RunTime:0.000450s ]
SQL: SELECT `id`,`g_mid`,`g_name`,`g_type`,`g_des`,`g_currprice`,`g_price`,`g_priceinfo`,`g_priceinfowithout`,`g_singleprice`,`g_tips`,`g_order` FROM `zx_tb_goods` WHERE ( g_type = 2 and g_mid = 143 and g_pid =2966 and g_state = 0 and g_stockleft > 0 and g_releaseTime <= NOW() and g_offineTime > NOW()  ) ORDER BY g_type asc,g_order desc  [ RunTime:0.000428s ]
SQL: SELECT `id`,`g_mid`,`g_name`,`g_type`,`g_des`,`g_currprice`,`g_price`,`g_priceinfo`,`g_priceinfowithout`,`g_singleprice`,`g_tips`,`g_order` FROM `zx_tb_goods` WHERE ( g_type = 2 and g_mid = 143 and g_pid =2322 and g_state = 0 and g_stockleft > 0 and g_releaseTime <= NOW() and g_offineTime > NOW()  ) ORDER BY g_type asc,g_order desc  [ RunTime:0.000383s ]
SQL: SHOW COLUMNS FROM `zx_tb_scenicarea` [ RunTime:0.001591s ]
SQL: SELECT * FROM `zx_tb_scenicarea` WHERE ( mid=143 )  [ RunTime:0.000627s ]
NOTIC: [2] Invalid argument supplied for foreach() D:\wnmp1\wwwroot\zx_nuomi\branches\branche01\DataSource\Lib\Action\MatchinfoAction.class.php 第 143 行.
SQL: SHOW COLUMNS FROM `zx_tb_matchs` [ RunTime:0.002990s ]
SQL:  select id,m_name,m_GameTime,m_untilTime,m_releaseTime,m_offineTime,m_city,m_Mtypes,m_ptype,m_sign,m_enterMode,m_placesleft,m_places,m_enterurl,m_state,m_img,m_order,m_country,m_area,m_signuptime,m_mtypes_class,m_des from zx_tb_matchs where  m_sign = 1  and m_state = 0 and m_isshow=1 and m_releaseTime < NOW() and m_offineTime > NOW()  order by m_order desc,id desc limit 0,3  [ RunTime:0.001822s ]
SQL: SHOW COLUMNS FROM `zx_tb_collect` [ RunTime:0.002139s ]
INFO: [ view_template ] --START--
INFO: Run LocationTemplate Behavior [ RunTime:0.000658s ]
INFO: [ view_template ] --END-- [ RunTime:0.000733s ]
INFO: [ view_parse ] --START--
NOTIC: [8] Undefined index: banner D:\wnmp1\wwwroot\zx_nuomi\branches\branche01\DataSource\Runtime\Temp\9f529053051950a069732b98964695a605c1670d.file.banner.html.php 第 38 行.
NOTIC: [8] Trying to get property of non-object D:\wnmp1\wwwroot\zx_nuomi\branches\branche01\DataSource\Runtime\Temp\9f529053051950a069732b98964695a605c1670d.file.banner.html.php 第 38 行.
NOTIC: [8] Undefined index: remind D:\wnmp1\wwwroot\zx_nuomi\branches\branche01\DataSource\Runtime\Temp\531e96a4ffd6b502f4ebab295e5b7fb88970efae.file.index.html.php 第 512 行.
NOTIC: [8] Trying to get property of non-object D:\wnmp1\wwwroot\zx_nuomi\branches\branche01\DataSource\Runtime\Temp\531e96a4ffd6b502f4ebab295e5b7fb88970efae.file.index.html.php 第 512 行.
NOTIC: [8] Undefined index: order D:\wnmp1\wwwroot\zx_nuomi\branches\branche01\DataSource\Runtime\Temp\531e96a4ffd6b502f4ebab295e5b7fb88970efae.file.index.html.php 第 525 行.
NOTIC: [8] Trying to get property of non-object D:\wnmp1\wwwroot\zx_nuomi\branches\branche01\DataSource\Runtime\Temp\531e96a4ffd6b502f4ebab295e5b7fb88970efae.file.index.html.php 第 525 行.
NOTIC: [8] Undefined index: order D:\wnmp1\wwwroot\zx_nuomi\branches\branche01\DataSource\Runtime\Temp\531e96a4ffd6b502f4ebab295e5b7fb88970efae.file.index.html.php 第 532 行.
NOTIC: [8] Trying to get property of non-object D:\wnmp1\wwwroot\zx_nuomi\branches\branche01\DataSource\Runtime\Temp\531e96a4ffd6b502f4ebab295e5b7fb88970efae.file.index.html.php 第 532 行.
INFO: Run ParseTemplate Behavior [ RunTime:0.420278s ]
INFO: [ view_parse ] --END-- [ RunTime:0.420329s ]
INFO: [ view_filter ] --START--
INFO: Run ContentReplace Behavior [ RunTime:0.001163s ]
INFO: Run TokenBuild Behavior [ RunTime:0.000434s ]
INFO: Run WriteHtmlCache Behavior [ RunTime:0.000236s ]
INFO: Run ShowRuntime Behavior [ RunTime:0.000478s ]
INFO: [ view_filter ] --END-- [ RunTime:0.002446s ]
INFO: [ view_end ] --START--
INFO: Run ShowPageTrace Behavior [ RunTime:0.000568s ]
INFO: [ view_end ] --END-- [ RunTime:0.000628s ]

[ 2016-10-19T12:17:48+08:00 ] /Account/imgverify?width=150&height=45
INFO: [ route_check ] --START--
INFO: Run CheckRoute Behavior [ RunTime:0.001654s ]
INFO: [ route_check ] --END-- [ RunTime:0.001841s ]
INFO: [ app_begin ] --START--
INFO: Run ReadHtmlCache Behavior [ RunTime:0.001344s ]
INFO: [ app_begin ] --END-- [ RunTime:0.001558s ]

[ 2016-10-19T12:17:49+08:00 ] /Matchinfo/getTrip?m_id=1592
INFO: [ route_check ] --START--
INFO: Run CheckRoute Behavior [ RunTime:0.000968s ]
INFO: [ route_check ] --END-- [ RunTime:0.001084s ]
INFO: [ app_begin ] --START--
INFO: Run ReadHtmlCache Behavior [ RunTime:0.000720s ]
INFO: [ app_begin ] --END-- [ RunTime:0.000809s ]
NOTIC: [8] Undefined index: db_dsn D:\wnmp1\wwwroot\zx_nuomi\branches\branche01\lib\ThinkPHP\Lib\Core\Db.class.php 第 129 行.
NOTIC: [8] Undefined index: db_params D:\wnmp1\wwwroot\zx_nuomi\branches\branche01\lib\ThinkPHP\Lib\Core\Db.class.php 第 130 行.
SQL: SHOW COLUMNS FROM `zx_tb_trip` [ RunTime:0.003410s ]

[ 2016-10-19T12:18:18+08:00 ] /Matchinfo?m_id=143&platform=zx-tour
INFO: [ route_check ] --START--
INFO: Run CheckRoute Behavior [ RunTime:0.000516s ]
INFO: [ route_check ] --END-- [ RunTime:0.000581s ]
INFO: [ app_begin ] --START--
INFO: Run ReadHtmlCache Behavior [ RunTime:0.000377s ]
INFO: [ app_begin ] --END-- [ RunTime:0.000420s ]
NOTIC: [8] Undefined index: db_dsn D:\wnmp1\wwwroot\zx_nuomi\branches\branche01\lib\ThinkPHP\Lib\Core\Db.class.php 第 129 行.
NOTIC: [8] Undefined index: db_params D:\wnmp1\wwwroot\zx_nuomi\branches\branche01\lib\ThinkPHP\Lib\Core\Db.class.php 第 130 行.
SQL: SHOW COLUMNS FROM `zx_tb_matchs` [ RunTime:0.005790s ]
SQL: select * from zx_tb_matchs where id = 143 [ RunTime:0.000995s ]
NOTIC: [8] Undefined offset: 1 D:\wnmp1\wwwroot\zx_nuomi\branches\branche01\DataSource\Lib\Action\MatchinfoAction.class.php 第 286 行.
SQL: SHOW COLUMNS FROM `zx_tb_goods` [ RunTime:0.004896s ]
SQL: SELECT `id`,`g_mid`,`g_name`,`g_type`,`g_des`,`g_currprice`,`g_price`,`g_priceinfo`,`g_priceinfowithout`,`g_singleprice`,`g_tips`,`g_order` FROM `zx_tb_goods` WHERE ( g_type = 2 and g_mid = 143 and g_pid =0 and g_state = 0 and g_stockleft > 0 and g_releaseTime <= NOW() and g_offineTime > NOW()  ) ORDER BY g_type asc,g_order desc  [ RunTime:0.002556s ]
SQL: SELECT `id`,`g_mid`,`g_name`,`g_type`,`g_des`,`g_currprice`,`g_price`,`g_priceinfo`,`g_priceinfowithout`,`g_singleprice`,`g_tips`,`g_order` FROM `zx_tb_goods` WHERE ( g_type = 2 and g_mid = 143 and g_pid =1583 and g_state = 0 and g_stockleft > 0 and g_releaseTime <= NOW() and g_offineTime > NOW()  ) ORDER BY g_type asc,g_order desc  [ RunTime:0.000899s ]
SQL: SELECT `id`,`g_mid`,`g_name`,`g_type`,`g_des`,`g_currprice`,`g_price`,`g_priceinfo`,`g_priceinfowithout`,`g_singleprice`,`g_tips`,`g_order` FROM `zx_tb_goods` WHERE ( g_type = 2 and g_mid = 143 and g_pid =1589 and g_state = 0 and g_stockleft > 0 and g_releaseTime <= NOW() and g_offineTime > NOW()  ) ORDER BY g_type asc,g_order desc  [ RunTime:0.001562s ]
SQL: SELECT `id`,`g_mid`,`g_name`,`g_type`,`g_des`,`g_currprice`,`g_price`,`g_priceinfo`,`g_priceinfowithout`,`g_singleprice`,`g_tips`,`g_order` FROM `zx_tb_goods` WHERE ( g_type = 2 and g_mid = 143 and g_pid =1592 and g_state = 0 and g_stockleft > 0 and g_releaseTime <= NOW() and g_offineTime > NOW()  ) ORDER BY g_type asc,g_order desc  [ RunTime:0.000798s ]
SQL: SELECT `id`,`g_mid`,`g_name`,`g_type`,`g_des`,`g_currprice`,`g_price`,`g_priceinfo`,`g_priceinfowithout`,`g_singleprice`,`g_tips`,`g_order` FROM `zx_tb_goods` WHERE ( g_type = 2 and g_mid = 143 and g_pid =2963 and g_state = 0 and g_stockleft > 0 and g_releaseTime <= NOW() and g_offineTime > NOW()  ) ORDER BY g_type asc,g_order desc  [ RunTime:0.000772s ]
SQL: SELECT `id`,`g_mid`,`g_name`,`g_type`,`g_des`,`g_currprice`,`g_price`,`g_priceinfo`,`g_priceinfowithout`,`g_singleprice`,`g_tips`,`g_order` FROM `zx_tb_goods` WHERE ( g_type = 2 and g_mid = 143 and g_pid =2199 and g_state = 0 and g_stockleft > 0 and g_releaseTime <= NOW() and g_offineTime > NOW()  ) ORDER BY g_type asc,g_order desc  [ RunTime:0.000906s ]
SQL: SELECT `id`,`g_mid`,`g_name`,`g_type`,`g_des`,`g_currprice`,`g_price`,`g_priceinfo`,`g_priceinfowithout`,`g_singleprice`,`g_tips`,`g_order` FROM `zx_tb_goods` WHERE ( g_type = 2 and g_mid = 143 and g_pid =2965 and g_state = 0 and g_stockleft > 0 and g_releaseTime <= NOW() and g_offineTime > NOW()  ) ORDER BY g_type asc,g_order desc  [ RunTime:0.000350s ]
SQL: SELECT `id`,`g_mid`,`g_name`,`g_type`,`g_des`,`g_currprice`,`g_price`,`g_priceinfo`,`g_priceinfowithout`,`g_singleprice`,`g_tips`,`g_order` FROM `zx_tb_goods` WHERE ( g_type = 2 and g_mid = 143 and g_pid =2966 and g_state = 0 and g_stockleft > 0 and g_releaseTime <= NOW() and g_offineTime > NOW()  ) ORDER BY g_type asc,g_order desc  [ RunTime:0.000457s ]
SQL: SELECT `id`,`g_mid`,`g_name`,`g_type`,`g_des`,`g_currprice`,`g_price`,`g_priceinfo`,`g_priceinfowithout`,`g_singleprice`,`g_tips`,`g_order` FROM `zx_tb_goods` WHERE ( g_type = 2 and g_mid = 143 and g_pid =2322 and g_state = 0 and g_stockleft > 0 and g_releaseTime <= NOW() and g_offineTime > NOW()  ) ORDER BY g_type asc,g_order desc  [ RunTime:0.000483s ]
SQL: SHOW COLUMNS FROM `zx_tb_scenicarea` [ RunTime:0.001506s ]
SQL: SELECT * FROM `zx_tb_scenicarea` WHERE ( mid=143 )  [ RunTime:0.000533s ]
NOTIC: [2] Invalid argument supplied for foreach() D:\wnmp1\wwwroot\zx_nuomi\branches\branche01\DataSource\Lib\Action\MatchinfoAction.class.php 第 143 行.
SQL: SHOW COLUMNS FROM `zx_tb_matchs` [ RunTime:0.001992s ]
SQL:  select id,m_name,m_GameTime,m_untilTime,m_releaseTime,m_offineTime,m_city,m_Mtypes,m_ptype,m_sign,m_enterMode,m_placesleft,m_places,m_enterurl,m_state,m_img,m_order,m_country,m_area,m_signuptime,m_mtypes_class,m_des from zx_tb_matchs where  m_sign = 1  and m_state = 0 and m_isshow=1 and m_releaseTime < NOW() and m_offineTime > NOW()  order by m_order desc,id desc limit 0,3  [ RunTime:0.001370s ]
SQL: SHOW COLUMNS FROM `zx_tb_collect` [ RunTime:0.001465s ]
INFO: [ view_template ] --START--
INFO: Run LocationTemplate Behavior [ RunTime:0.000577s ]
INFO: [ view_template ] --END-- [ RunTime:0.000634s ]
INFO: [ view_parse ] --START--
NOTIC: [8] Undefined index: banner D:\wnmp1\wwwroot\zx_nuomi\branches\branche01\DataSource\Runtime\Temp\9f529053051950a069732b98964695a605c1670d.file.banner.html.php 第 38 行.
NOTIC: [8] Trying to get property of non-object D:\wnmp1\wwwroot\zx_nuomi\branches\branche01\DataSource\Runtime\Temp\9f529053051950a069732b98964695a605c1670d.file.banner.html.php 第 38 行.
NOTIC: [8] Undefined index: remind D:\wnmp1\wwwroot\zx_nuomi\branches\branche01\DataSource\Runtime\Temp\531e96a4ffd6b502f4ebab295e5b7fb88970efae.file.index.html.php 第 512 行.
NOTIC: [8] Trying to get property of non-object D:\wnmp1\wwwroot\zx_nuomi\branches\branche01\DataSource\Runtime\Temp\531e96a4ffd6b502f4ebab295e5b7fb88970efae.file.index.html.php 第 512 行.
NOTIC: [8] Undefined index: order D:\wnmp1\wwwroot\zx_nuomi\branches\branche01\DataSource\Runtime\Temp\531e96a4ffd6b502f4ebab295e5b7fb88970efae.file.index.html.php 第 525 行.
NOTIC: [8] Trying to get property of non-object D:\wnmp1\wwwroot\zx_nuomi\branches\branche01\DataSource\Runtime\Temp\531e96a4ffd6b502f4ebab295e5b7fb88970efae.file.index.html.php 第 525 行.
NOTIC: [8] Undefined index: order D:\wnmp1\wwwroot\zx_nuomi\branches\branche01\DataSource\Runtime\Temp\531e96a4ffd6b502f4ebab295e5b7fb88970efae.file.index.html.php 第 532 行.
NOTIC: [8] Trying to get property of non-object D:\wnmp1\wwwroot\zx_nuomi\branches\branche01\DataSource\Runtime\Temp\531e96a4ffd6b502f4ebab295e5b7fb88970efae.file.index.html.php 第 532 行.
INFO: Run ParseTemplate Behavior [ RunTime:0.447667s ]
INFO: [ view_parse ] --END-- [ RunTime:0.447715s ]
INFO: [ view_filter ] --START--
INFO: Run ContentReplace Behavior [ RunTime:0.001227s ]
INFO: Run TokenBuild Behavior [ RunTime:0.000432s ]
INFO: Run WriteHtmlCache Behavior [ RunTime:0.000234s ]
INFO: Run ShowRuntime Behavior [ RunTime:0.000480s ]
INFO: [ view_filter ] --END-- [ RunTime:0.002517s ]
INFO: [ view_end ] --START--
INFO: Run ShowPageTrace Behavior [ RunTime:0.001075s ]
INFO: [ view_end ] --END-- [ RunTime:0.001338s ]

[ 2016-10-19T12:18:18+08:00 ] /Account/imgverify?width=150&height=45
INFO: [ route_check ] --START--
INFO: Run CheckRoute Behavior [ RunTime:0.000981s ]
INFO: [ route_check ] --END-- [ RunTime:0.001111s ]
INFO: [ app_begin ] --START--
INFO: Run ReadHtmlCache Behavior [ RunTime:0.000735s ]
INFO: [ app_begin ] --END-- [ RunTime:0.000826s ]

[ 2016-10-19T12:18:19+08:00 ] /Matchinfo/getTrip?m_id=1592
INFO: [ route_check ] --START--
INFO: Run CheckRoute Behavior [ RunTime:0.001011s ]
INFO: [ route_check ] --END-- [ RunTime:0.001160s ]
INFO: [ app_begin ] --START--
INFO: Run ReadHtmlCache Behavior [ RunTime:0.000832s ]
INFO: [ app_begin ] --END-- [ RunTime:0.000924s ]
NOTIC: [8] Undefined index: db_dsn D:\wnmp1\wwwroot\zx_nuomi\branches\branche01\lib\ThinkPHP\Lib\Core\Db.class.php 第 129 行.
NOTIC: [8] Undefined index: db_params D:\wnmp1\wwwroot\zx_nuomi\branches\branche01\lib\ThinkPHP\Lib\Core\Db.class.php 第 130 行.
SQL: SHOW COLUMNS FROM `zx_tb_trip` [ RunTime:0.003373s ]

[ 2016-10-19T15:28:07+08:00 ] /Account/imgverify?width=150&height=45
INFO: [ route_check ] --START--
INFO: Run CheckRoute Behavior [ RunTime:0.001086s ]
INFO: [ route_check ] --END-- [ RunTime:0.001173s ]
INFO: [ app_begin ] --START--
INFO: Run ReadHtmlCache Behavior [ RunTime:0.000626s ]
INFO: [ app_begin ] --END-- [ RunTime:0.000684s ]

[ 2016-10-19T15:28:08+08:00 ] /Matchinfo/getTrip?m_id=1592
INFO: [ route_check ] --START--
INFO: Run CheckRoute Behavior [ RunTime:0.000802s ]
INFO: [ route_check ] --END-- [ RunTime:0.000888s ]
INFO: [ app_begin ] --START--
INFO: Run ReadHtmlCache Behavior [ RunTime:0.000573s ]
INFO: [ app_begin ] --END-- [ RunTime:0.000632s ]
NOTIC: [8] Undefined index: db_dsn D:\wnmp1\wwwroot\zx_nuomi\branches\branche01\lib\ThinkPHP\Lib\Core\Db.class.php 第 129 行.
NOTIC: [8] Undefined index: db_params D:\wnmp1\wwwroot\zx_nuomi\branches\branche01\lib\ThinkPHP\Lib\Core\Db.class.php 第 130 行.
SQL: SHOW COLUMNS FROM `zx_tb_trip` [ RunTime:0.003832s ]
SQL: SELECT * FROM `zx_tb_trip` WHERE ( `meal_id` = 1592  ) ORDER BY trip_date asc  [ RunTime:0.001033s ]

