[ 2016-11-03T16:45:23+08:00 ] /
INFO: [ app_begin ] --START--
INFO: Run ReadHtmlCache Behavior [ RunTime:0.001569s ]
INFO: [ app_begin ] --END-- [ RunTime:0.001660s ]
NOTIC: [8] Undefined index: match C:\wnmp\wwwroot\zhifubao\DataSource\Lib\Action\IndexAction.class.php 第 21 行.
NOTIC: [8] Undefined index: platform C:\wnmp\wwwroot\zhifubao\DataSource\Lib\Action\IndexAction.class.php 第 22 行.
NOTIC: [8] Undefined index: db_dsn C:\wnmp\wwwroot\zhifubao\lib\ThinkPHP\Lib\Core\Db.class.php 第 129 行.
NOTIC: [8] Undefined index: db_params C:\wnmp\wwwroot\zhifubao\lib\ThinkPHP\Lib\Core\Db.class.php 第 130 行.
SQL: SHOW COLUMNS FROM `zx_tb_matchs` [ RunTime:0.008921s ]
SQL:  select * from zx_tb_matchs where  m_sign = 1  and m_state = 0 and m_isshow=1 and m_releaseTime < NOW() and m_offineTime > NOW()  order by m_order desc,id desc limit 0,5  [ RunTime:0.012191s ]
SQL: SHOW COLUMNS FROM `zx_tb_classinfo` [ RunTime:0.004921s ]
NOTIC: [2] Missing argument 6 for ClassInfoModel::getContent(), called in C:\wnmp\wwwroot\zhifubao\DataSource\Lib\Action\IndexAction.class.php on line 38 and defined C:\wnmp\wwwroot\zhifubao\DataSource\Lib\Model\ClassInfoModel.class.php 第 22 行.
NOTIC: [8] Undefined variable: order C:\wnmp\wwwroot\zhifubao\DataSource\Lib\Model\ClassInfoModel.class.php 第 33 行.
SQL: SELECT info.id,info.cid,cls.classname,info.n_title,info.n_img,info.n_url,info.sign,info.orderid  FROM `zx_tb_class` cls LEFT JOIN zx_tb_classinfo info ON  cls.id = info.cid WHERE cls.short_name='zx_banner' AND cls.isdel=0 AND info.isdel=0 and info.isdisplay=1 AND info.itime<=NOW() AND info.offtime>NOW()  order by  info.sign desc,info.orderid desc,info.utime desc,id DESC  limit 0,10  [ RunTime:0.005734s ]
NOTIC: [2] Missing argument 6 for ClassInfoModel::getContent(), called in C:\wnmp\wwwroot\zhifubao\DataSource\Lib\Action\IndexAction.class.php on line 42 and defined C:\wnmp\wwwroot\zhifubao\DataSource\Lib\Model\ClassInfoModel.class.php 第 22 行.
NOTIC: [8] Undefined variable: order C:\wnmp\wwwroot\zhifubao\DataSource\Lib\Model\ClassInfoModel.class.php 第 33 行.
SQL: SELECT info.id,info.cid,cls.classname,info.n_title,info.n_img,info.n_url,info.sign,info.orderid  FROM `zx_tb_class` cls LEFT JOIN zx_tb_classinfo info ON  cls.id = info.cid WHERE cls.short_name='zx_hotwords' AND cls.isdel=0 AND info.isdel=0 and info.isdisplay=1 AND info.itime<=NOW() AND info.offtime>NOW()  order by  info.sign desc,info.orderid desc,info.utime desc,id DESC  limit 0,100  [ RunTime:0.001839s ]
INFO: [ view_template ] --START--
INFO: Run LocationTemplate Behavior [ RunTime:0.001687s ]
INFO: [ view_template ] --END-- [ RunTime:0.001760s ]
INFO: [ view_parse ] --START--
NOTIC: [8] Undefined index: m_banner C:\wnmp\wwwroot\zhifubao\DataSource\Runtime\Temp\9f529053051950a069732b98964695a605c1670d.file.banner.html.php 第 53 行.
NOTIC: [8] Trying to get property of non-object C:\wnmp\wwwroot\zhifubao\DataSource\Runtime\Temp\9f529053051950a069732b98964695a605c1670d.file.banner.html.php 第 53 行.
NOTIC: [8] Undefined index: name C:\wnmp\wwwroot\zhifubao\DataSource\Runtime\Temp\43ada865f8bc71aef17a87e0ed7c58499c1019cf.file.index.html.php 第 197 行.
NOTIC: [8] Undefined index: name C:\wnmp\wwwroot\zhifubao\DataSource\Runtime\Temp\43ada865f8bc71aef17a87e0ed7c58499c1019cf.file.index.html.php 第 197 行.
NOTIC: [8] Undefined index: name C:\wnmp\wwwroot\zhifubao\DataSource\Runtime\Temp\43ada865f8bc71aef17a87e0ed7c58499c1019cf.file.index.html.php 第 197 行.
INFO: Run ParseTemplate Behavior [ RunTime:0.029432s ]
INFO: [ view_parse ] --END-- [ RunTime:0.029500s ]
INFO: [ view_filter ] --START--
INFO: Run ContentReplace Behavior [ RunTime:0.002213s ]
INFO: Run TokenBuild Behavior [ RunTime:0.000919s ]
INFO: Run WriteHtmlCache Behavior [ RunTime:0.000756s ]
INFO: Run ShowRuntime Behavior [ RunTime:0.001042s ]
INFO: [ view_filter ] --END-- [ RunTime:0.005084s ]
INFO: [ view_end ] --START--
INFO: Run ShowPageTrace Behavior [ RunTime:0.001315s ]
INFO: [ view_end ] --END-- [ RunTime:0.001367s ]

[ 2016-11-03T16:45:30+08:00 ] /User/order
INFO: [ route_check ] --START--
INFO: Run CheckRoute Behavior [ RunTime:0.001211s ]
INFO: [ route_check ] --END-- [ RunTime:0.001278s ]
INFO: [ app_begin ] --START--
INFO: Run ReadHtmlCache Behavior [ RunTime:0.000597s ]
INFO: [ app_begin ] --END-- [ RunTime:0.000640s ]
INFO: Run AuthCheck Behavior [ RunTime:0.002012s ]
NOTIC: [8] Undefined index: db_dsn C:\wnmp\wwwroot\zhifubao\lib\ThinkPHP\Lib\Core\Db.class.php 第 129 行.
NOTIC: [8] Undefined index: db_params C:\wnmp\wwwroot\zhifubao\lib\ThinkPHP\Lib\Core\Db.class.php 第 130 行.
SQL: SHOW COLUMNS FROM `zx_tb_orders` [ RunTime:0.006897s ]
SQL: SELECT o.orderid,o.pay_deadline,m.m_untilTime,m.m_offineTime,m.m_state,m.m_placesleft,m.m_icon,m.m_name,m.m_img,o.payprice,o.paystats,m.m_GameTime FROM `zx_tb_orders` o LEFT JOIN `zx_tb_matchs` m ON o.matchid= m.id WHERE o.uid = 44 and o.paystats>=0 order by o.ctime desc [ RunTime:0.006179s ]
SQL: SHOW COLUMNS FROM `zx_tb_orderinfo` [ RunTime:0.006648s ]
SQL: SELECT a.id,a.goods_pay_sprice,a.orderid,a.type,g.g_name FROM zx_tb_orderinfo a  LEFT JOIN zx_tb_goods g ON a.goodsid = g.id WHERE a.orderid = '085161102185129044372' [ RunTime:0.001721s ]
SQL: SELECT a.id,a.goods_pay_sprice,a.orderid,a.type,g.g_name FROM zx_tb_orderinfo a  LEFT JOIN zx_tb_goods g ON a.goodsid = g.id WHERE a.orderid = '143161102170524044358' [ RunTime:0.000778s ]
SQL: SELECT a.id,a.goods_pay_sprice,a.orderid,a.type,g.g_name FROM zx_tb_orderinfo a  LEFT JOIN zx_tb_goods g ON a.goodsid = g.id WHERE a.orderid = '225161102155246044222' [ RunTime:0.000691s ]
SQL: SELECT a.id,a.goods_pay_sprice,a.orderid,a.type,g.g_name FROM zx_tb_orderinfo a  LEFT JOIN zx_tb_goods g ON a.goodsid = g.id WHERE a.orderid = '343161102111121044824' [ RunTime:0.000417s ]
SQL: SELECT a.id,a.goods_pay_sprice,a.orderid,a.type,g.g_name FROM zx_tb_orderinfo a  LEFT JOIN zx_tb_goods g ON a.goodsid = g.id WHERE a.orderid = '315161021120916044448' [ RunTime:0.000636s ]
SQL: SELECT a.id,a.goods_pay_sprice,a.orderid,a.type,g.g_name FROM zx_tb_orderinfo a  LEFT JOIN zx_tb_goods g ON a.goodsid = g.id WHERE a.orderid = '315161021113106044452' [ RunTime:0.000330s ]
SQL: SELECT a.id,a.goods_pay_sprice,a.orderid,a.type,g.g_name FROM zx_tb_orderinfo a  LEFT JOIN zx_tb_goods g ON a.goodsid = g.id WHERE a.orderid = '315161020105220044961' [ RunTime:0.000292s ]
SQL: SELECT a.id,a.goods_pay_sprice,a.orderid,a.type,g.g_name FROM zx_tb_orderinfo a  LEFT JOIN zx_tb_goods g ON a.goodsid = g.id WHERE a.orderid = '315161019152912044537' [ RunTime:0.000289s ]
SQL: SELECT a.id,a.goods_pay_sprice,a.orderid,a.type,g.g_name FROM zx_tb_orderinfo a  LEFT JOIN zx_tb_goods g ON a.goodsid = g.id WHERE a.orderid = '235161019144819044990' [ RunTime:0.000326s ]
SQL: SELECT a.id,a.goods_pay_sprice,a.orderid,a.type,g.g_name FROM zx_tb_orderinfo a  LEFT JOIN zx_tb_goods g ON a.goodsid = g.id WHERE a.orderid = '315161019105438044225' [ RunTime:0.000212s ]
SQL: SELECT a.id,a.goods_pay_sprice,a.orderid,a.type,g.g_name FROM zx_tb_orderinfo a  LEFT JOIN zx_tb_goods g ON a.goodsid = g.id WHERE a.orderid = '071161011171025044633' [ RunTime:0.000202s ]
SQL: SELECT a.id,a.goods_pay_sprice,a.orderid,a.type,g.g_name FROM zx_tb_orderinfo a  LEFT JOIN zx_tb_goods g ON a.goodsid = g.id WHERE a.orderid = '235161010065450044592' [ RunTime:0.000227s ]
SQL: SELECT a.id,a.goods_pay_sprice,a.orderid,a.type,g.g_name FROM zx_tb_orderinfo a  LEFT JOIN zx_tb_goods g ON a.goodsid = g.id WHERE a.orderid = '301161010065312044177' [ RunTime:0.000229s ]
SQL: SELECT a.id,a.goods_pay_sprice,a.orderid,a.type,g.g_name FROM zx_tb_orderinfo a  LEFT JOIN zx_tb_goods g ON a.goodsid = g.id WHERE a.orderid = '301161010065001044573' [ RunTime:0.000188s ]
SQL: SELECT a.id,a.goods_pay_sprice,a.orderid,a.type,g.g_name FROM zx_tb_orderinfo a  LEFT JOIN zx_tb_goods g ON a.goodsid = g.id WHERE a.orderid = '301161010064544044721' [ RunTime:0.000185s ]
SQL: SELECT a.id,a.goods_pay_sprice,a.orderid,a.type,g.g_name FROM zx_tb_orderinfo a  LEFT JOIN zx_tb_goods g ON a.goodsid = g.id WHERE a.orderid = '301161010063840044594' [ RunTime:0.000185s ]
SQL: SELECT a.id,a.goods_pay_sprice,a.orderid,a.type,g.g_name FROM zx_tb_orderinfo a  LEFT JOIN zx_tb_goods g ON a.goodsid = g.id WHERE a.orderid = '287160928191658044679' [ RunTime:0.000358s ]
SQL: SELECT a.id,a.goods_pay_sprice,a.orderid,a.type,g.g_name FROM zx_tb_orderinfo a  LEFT JOIN zx_tb_goods g ON a.goodsid = g.id WHERE a.orderid = '237160915001953044605' [ RunTime:0.000417s ]
SQL: SELECT a.id,a.goods_pay_sprice,a.orderid,a.type,g.g_name FROM zx_tb_orderinfo a  LEFT JOIN zx_tb_goods g ON a.goodsid = g.id WHERE a.orderid = '235160913153328044529' [ RunTime:0.000328s ]
SQL: SELECT a.id,a.goods_pay_sprice,a.orderid,a.type,g.g_name FROM zx_tb_orderinfo a  LEFT JOIN zx_tb_goods g ON a.goodsid = g.id WHERE a.orderid = '071160907094416044864' [ RunTime:0.000310s ]
SQL: SELECT a.id,a.goods_pay_sprice,a.orderid,a.type,g.g_name FROM zx_tb_orderinfo a  LEFT JOIN zx_tb_goods g ON a.goodsid = g.id WHERE a.orderid = '069160824152958044866' [ RunTime:0.000630s ]
SQL: SELECT a.id,a.goods_pay_sprice,a.orderid,a.type,g.g_name FROM zx_tb_orderinfo a  LEFT JOIN zx_tb_goods g ON a.goodsid = g.id WHERE a.orderid = '143160824140914044182' [ RunTime:0.000403s ]
SQL: SELECT a.id,a.goods_pay_sprice,a.orderid,a.type,g.g_name FROM zx_tb_orderinfo a  LEFT JOIN zx_tb_goods g ON a.goodsid = g.id WHERE a.orderid = '156160819164514044989' [ RunTime:0.000352s ]
SQL: SELECT a.id,a.goods_pay_sprice,a.orderid,a.type,g.g_name FROM zx_tb_orderinfo a  LEFT JOIN zx_tb_goods g ON a.goodsid = g.id WHERE a.orderid = '161160802131247044194' [ RunTime:0.000399s ]
SQL: SELECT a.id,a.goods_pay_sprice,a.orderid,a.type,g.g_name FROM zx_tb_orderinfo a  LEFT JOIN zx_tb_goods g ON a.goodsid = g.id WHERE a.orderid = '117160725203917044543' [ RunTime:0.000471s ]
SQL: SELECT a.id,a.goods_pay_sprice,a.orderid,a.type,g.g_name FROM zx_tb_orderinfo a  LEFT JOIN zx_tb_goods g ON a.goodsid = g.id WHERE a.orderid = '013160628191802044284' [ RunTime:0.000642s ]
SQL: SELECT a.id,a.goods_pay_sprice,a.orderid,a.type,g.g_name FROM zx_tb_orderinfo a  LEFT JOIN zx_tb_goods g ON a.goodsid = g.id WHERE a.orderid = '012160628183820044439' [ RunTime:0.000481s ]
INFO: [ view_template ] --START--
INFO: Run LocationTemplate Behavior [ RunTime:0.001314s ]
INFO: [ view_template ] --END-- [ RunTime:0.001406s ]
INFO: [ view_parse ] --START--
NOTIC: [2] filemtime() [<a href='function.filemtime'>function.filemtime</a>]: stat failed for ../DataSource/Runtime/Temp\4792bea77855678aab75f1a3e1ec626c53894885.file.order.html.php C:\wnmp\wwwroot\zhifubao\lib\ThinkPHP\Extend\Vendor\Smarty\sysplugins\smarty_resource.php 第 683 行.
NOTIC: [2] unlink(../DataSource/Runtime/Temp\4792bea77855678aab75f1a3e1ec626c53894885.file.order.html.php) [<a href='function.unlink'>function.unlink</a>]: No such file or directory C:\wnmp\wwwroot\zhifubao\lib\ThinkPHP\Extend\Vendor\Smarty\sysplugins\smarty_internal_write_file.php 第 49 行.
INFO: Run ParseTemplate Behavior [ RunTime:0.073538s ]
INFO: [ view_parse ] --END-- [ RunTime:0.073658s ]
INFO: [ view_filter ] --START--
INFO: Run ContentReplace Behavior [ RunTime:0.001048s ]
INFO: Run TokenBuild Behavior [ RunTime:0.000455s ]
INFO: Run WriteHtmlCache Behavior [ RunTime:0.000315s ]
INFO: Run ShowRuntime Behavior [ RunTime:0.000494s ]
INFO: [ view_filter ] --END-- [ RunTime:0.002491s ]
INFO: [ view_end ] --START--
INFO: Run ShowPageTrace Behavior [ RunTime:0.000650s ]
INFO: [ view_end ] --END-- [ RunTime:0.000732s ]

[ 2016-11-03T16:45:35+08:00 ] /User/order
INFO: [ route_check ] --START--
INFO: Run CheckRoute Behavior [ RunTime:0.001233s ]
INFO: [ route_check ] --END-- [ RunTime:0.001339s ]
INFO: [ app_begin ] --START--
INFO: Run ReadHtmlCache Behavior [ RunTime:0.000841s ]
INFO: [ app_begin ] --END-- [ RunTime:0.000922s ]
INFO: Run AuthCheck Behavior [ RunTime:0.001050s ]
NOTIC: [8] Undefined index: db_dsn C:\wnmp\wwwroot\zhifubao\lib\ThinkPHP\Lib\Core\Db.class.php 第 129 行.
NOTIC: [8] Undefined index: db_params C:\wnmp\wwwroot\zhifubao\lib\ThinkPHP\Lib\Core\Db.class.php 第 130 行.
SQL: SHOW COLUMNS FROM `zx_tb_orders` [ RunTime:0.005164s ]
SQL: SELECT o.orderid,o.pay_deadline,m.m_untilTime,m.m_offineTime,m.m_state,m.m_placesleft,m.m_icon,m.m_name,m.m_img,o.payprice,o.paystats,m.m_GameTime FROM `zx_tb_orders` o LEFT JOIN `zx_tb_matchs` m ON o.matchid= m.id WHERE o.uid = 44 and o.paystats>=0 order by o.ctime desc [ RunTime:0.001353s ]
SQL: SHOW COLUMNS FROM `zx_tb_orderinfo` [ RunTime:0.005361s ]
SQL: SELECT a.id,a.goods_pay_sprice,a.orderid,a.type,g.g_name FROM zx_tb_orderinfo a  LEFT JOIN zx_tb_goods g ON a.goodsid = g.id WHERE a.orderid = '085161102185129044372' [ RunTime:0.000365s ]
SQL: SELECT a.id,a.goods_pay_sprice,a.orderid,a.type,g.g_name FROM zx_tb_orderinfo a  LEFT JOIN zx_tb_goods g ON a.goodsid = g.id WHERE a.orderid = '143161102170524044358' [ RunTime:0.000405s ]
SQL: SELECT a.id,a.goods_pay_sprice,a.orderid,a.type,g.g_name FROM zx_tb_orderinfo a  LEFT JOIN zx_tb_goods g ON a.goodsid = g.id WHERE a.orderid = '225161102155246044222' [ RunTime:0.000336s ]
SQL: SELECT a.id,a.goods_pay_sprice,a.orderid,a.type,g.g_name FROM zx_tb_orderinfo a  LEFT JOIN zx_tb_goods g ON a.goodsid = g.id WHERE a.orderid = '343161102111121044824' [ RunTime:0.000370s ]
SQL: SELECT a.id,a.goods_pay_sprice,a.orderid,a.type,g.g_name FROM zx_tb_orderinfo a  LEFT JOIN zx_tb_goods g ON a.goodsid = g.id WHERE a.orderid = '315161021120916044448' [ RunTime:0.000296s ]
SQL: SELECT a.id,a.goods_pay_sprice,a.orderid,a.type,g.g_name FROM zx_tb_orderinfo a  LEFT JOIN zx_tb_goods g ON a.goodsid = g.id WHERE a.orderid = '315161021113106044452' [ RunTime:0.000286s ]
SQL: SELECT a.id,a.goods_pay_sprice,a.orderid,a.type,g.g_name FROM zx_tb_orderinfo a  LEFT JOIN zx_tb_goods g ON a.goodsid = g.id WHERE a.orderid = '315161020105220044961' [ RunTime:0.000314s ]
SQL: SELECT a.id,a.goods_pay_sprice,a.orderid,a.type,g.g_name FROM zx_tb_orderinfo a  LEFT JOIN zx_tb_goods g ON a.goodsid = g.id WHERE a.orderid = '315161019152912044537' [ RunTime:0.000258s ]
SQL: SELECT a.id,a.goods_pay_sprice,a.orderid,a.type,g.g_name FROM zx_tb_orderinfo a  LEFT JOIN zx_tb_goods g ON a.goodsid = g.id WHERE a.orderid = '235161019144819044990' [ RunTime:0.000211s ]
SQL: SELECT a.id,a.goods_pay_sprice,a.orderid,a.type,g.g_name FROM zx_tb_orderinfo a  LEFT JOIN zx_tb_goods g ON a.goodsid = g.id WHERE a.orderid = '315161019105438044225' [ RunTime:0.000222s ]
SQL: SELECT a.id,a.goods_pay_sprice,a.orderid,a.type,g.g_name FROM zx_tb_orderinfo a  LEFT JOIN zx_tb_goods g ON a.goodsid = g.id WHERE a.orderid = '071161011171025044633' [ RunTime:0.000224s ]
SQL: SELECT a.id,a.goods_pay_sprice,a.orderid,a.type,g.g_name FROM zx_tb_orderinfo a  LEFT JOIN zx_tb_goods g ON a.goodsid = g.id WHERE a.orderid = '235161010065450044592' [ RunTime:0.000185s ]
SQL: SELECT a.id,a.goods_pay_sprice,a.orderid,a.type,g.g_name FROM zx_tb_orderinfo a  LEFT JOIN zx_tb_goods g ON a.goodsid = g.id WHERE a.orderid = '301161010065312044177' [ RunTime:0.000313s ]
SQL: SELECT a.id,a.goods_pay_sprice,a.orderid,a.type,g.g_name FROM zx_tb_orderinfo a  LEFT JOIN zx_tb_goods g ON a.goodsid = g.id WHERE a.orderid = '301161010065001044573' [ RunTime:0.000323s ]
SQL: SELECT a.id,a.goods_pay_sprice,a.orderid,a.type,g.g_name FROM zx_tb_orderinfo a  LEFT JOIN zx_tb_goods g ON a.goodsid = g.id WHERE a.orderid = '301161010064544044721' [ RunTime:0.000232s ]
SQL: SELECT a.id,a.goods_pay_sprice,a.orderid,a.type,g.g_name FROM zx_tb_orderinfo a  LEFT JOIN zx_tb_goods g ON a.goodsid = g.id WHERE a.orderid = '301161010063840044594' [ RunTime:0.000201s ]
SQL: SELECT a.id,a.goods_pay_sprice,a.orderid,a.type,g.g_name FROM zx_tb_orderinfo a  LEFT JOIN zx_tb_goods g ON a.goodsid = g.id WHERE a.orderid = '287160928191658044679' [ RunTime:0.000279s ]
SQL: SELECT a.id,a.goods_pay_sprice,a.orderid,a.type,g.g_name FROM zx_tb_orderinfo a  LEFT JOIN zx_tb_goods g ON a.goodsid = g.id WHERE a.orderid = '237160915001953044605' [ RunTime:0.000373s ]
SQL: SELECT a.id,a.goods_pay_sprice,a.orderid,a.type,g.g_name FROM zx_tb_orderinfo a  LEFT JOIN zx_tb_goods g ON a.goodsid = g.id WHERE a.orderid = '235160913153328044529' [ RunTime:0.000638s ]
SQL: SELECT a.id,a.goods_pay_sprice,a.orderid,a.type,g.g_name FROM zx_tb_orderinfo a  LEFT JOIN zx_tb_goods g ON a.goodsid = g.id WHERE a.orderid = '071160907094416044864' [ RunTime:0.000867s ]
SQL: SELECT a.id,a.goods_pay_sprice,a.orderid,a.type,g.g_name FROM zx_tb_orderinfo a  LEFT JOIN zx_tb_goods g ON a.goodsid = g.id WHERE a.orderid = '069160824152958044866' [ RunTime:0.000468s ]
SQL: SELECT a.id,a.goods_pay_sprice,a.orderid,a.type,g.g_name FROM zx_tb_orderinfo a  LEFT JOIN zx_tb_goods g ON a.goodsid = g.id WHERE a.orderid = '143160824140914044182' [ RunTime:0.000339s ]
SQL: SELECT a.id,a.goods_pay_sprice,a.orderid,a.type,g.g_name FROM zx_tb_orderinfo a  LEFT JOIN zx_tb_goods g ON a.goodsid = g.id WHERE a.orderid = '156160819164514044989' [ RunTime:0.000539s ]
SQL: SELECT a.id,a.goods_pay_sprice,a.orderid,a.type,g.g_name FROM zx_tb_orderinfo a  LEFT JOIN zx_tb_goods g ON a.goodsid = g.id WHERE a.orderid = '161160802131247044194' [ RunTime:0.000424s ]
SQL: SELECT a.id,a.goods_pay_sprice,a.orderid,a.type,g.g_name FROM zx_tb_orderinfo a  LEFT JOIN zx_tb_goods g ON a.goodsid = g.id WHERE a.orderid = '117160725203917044543' [ RunTime:0.000359s ]
SQL: SELECT a.id,a.goods_pay_sprice,a.orderid,a.type,g.g_name FROM zx_tb_orderinfo a  LEFT JOIN zx_tb_goods g ON a.goodsid = g.id WHERE a.orderid = '013160628191802044284' [ RunTime:0.000264s ]
SQL: SELECT a.id,a.goods_pay_sprice,a.orderid,a.type,g.g_name FROM zx_tb_orderinfo a  LEFT JOIN zx_tb_goods g ON a.goodsid = g.id WHERE a.orderid = '012160628183820044439' [ RunTime:0.000231s ]
INFO: [ view_template ] --START--
INFO: Run LocationTemplate Behavior [ RunTime:0.001027s ]
INFO: [ view_template ] --END-- [ RunTime:0.001087s ]
INFO: [ view_parse ] --START--
INFO: Run ParseTemplate Behavior [ RunTime:0.014077s ]
INFO: [ view_parse ] --END-- [ RunTime:0.014157s ]
INFO: [ view_filter ] --START--
INFO: Run ContentReplace Behavior [ RunTime:0.001142s ]
INFO: Run TokenBuild Behavior [ RunTime:0.000480s ]
INFO: Run WriteHtmlCache Behavior [ RunTime:0.000403s ]
INFO: Run ShowRuntime Behavior [ RunTime:0.000605s ]
INFO: [ view_filter ] --END-- [ RunTime:0.002790s ]
INFO: [ view_end ] --START--
INFO: Run ShowPageTrace Behavior [ RunTime:0.000671s ]
INFO: [ view_end ] --END-- [ RunTime:0.000726s ]

[ 2016-11-03T17:12:46+08:00 ] /
INFO: [ app_begin ] --START--
INFO: Run ReadHtmlCache Behavior [ RunTime:0.001725s ]
INFO: [ app_begin ] --END-- [ RunTime:0.001811s ]
NOTIC: [8] Undefined index: match C:\wnmp\wwwroot\zhifubao\DataSource\Lib\Action\IndexAction.class.php 第 21 行.
NOTIC: [8] Undefined index: platform C:\wnmp\wwwroot\zhifubao\DataSource\Lib\Action\IndexAction.class.php 第 22 行.
NOTIC: [8] Undefined index: db_dsn C:\wnmp\wwwroot\zhifubao\lib\ThinkPHP\Lib\Core\Db.class.php 第 129 行.
NOTIC: [8] Undefined index: db_params C:\wnmp\wwwroot\zhifubao\lib\ThinkPHP\Lib\Core\Db.class.php 第 130 行.
SQL: SHOW COLUMNS FROM `zx_tb_matchs` [ RunTime:0.008449s ]
SQL:  select * from zx_tb_matchs where  m_sign = 1  and m_state = 0 and m_isshow=1 and m_releaseTime < NOW() and m_offineTime > NOW()  order by m_order desc,id desc limit 0,5  [ RunTime:0.005902s ]
SQL: SHOW COLUMNS FROM `zx_tb_classinfo` [ RunTime:0.006112s ]
NOTIC: [2] Missing argument 6 for ClassInfoModel::getContent(), called in C:\wnmp\wwwroot\zhifubao\DataSource\Lib\Action\IndexAction.class.php on line 38 and defined C:\wnmp\wwwroot\zhifubao\DataSource\Lib\Model\ClassInfoModel.class.php 第 22 行.
NOTIC: [8] Undefined variable: order C:\wnmp\wwwroot\zhifubao\DataSource\Lib\Model\ClassInfoModel.class.php 第 33 行.
SQL: SELECT info.id,info.cid,cls.classname,info.n_title,info.n_img,info.n_url,info.sign,info.orderid  FROM `zx_tb_class` cls LEFT JOIN zx_tb_classinfo info ON  cls.id = info.cid WHERE cls.short_name='zx_banner' AND cls.isdel=0 AND info.isdel=0 and info.isdisplay=1 AND info.itime<=NOW() AND info.offtime>NOW()  order by  info.sign desc,info.orderid desc,info.utime desc,id DESC  limit 0,10  [ RunTime:0.002250s ]
NOTIC: [2] Missing argument 6 for ClassInfoModel::getContent(), called in C:\wnmp\wwwroot\zhifubao\DataSource\Lib\Action\IndexAction.class.php on line 42 and defined C:\wnmp\wwwroot\zhifubao\DataSource\Lib\Model\ClassInfoModel.class.php 第 22 行.
NOTIC: [8] Undefined variable: order C:\wnmp\wwwroot\zhifubao\DataSource\Lib\Model\ClassInfoModel.class.php 第 33 行.
SQL: SELECT info.id,info.cid,cls.classname,info.n_title,info.n_img,info.n_url,info.sign,info.orderid  FROM `zx_tb_class` cls LEFT JOIN zx_tb_classinfo info ON  cls.id = info.cid WHERE cls.short_name='zx_hotwords' AND cls.isdel=0 AND info.isdel=0 and info.isdisplay=1 AND info.itime<=NOW() AND info.offtime>NOW()  order by  info.sign desc,info.orderid desc,info.utime desc,id DESC  limit 0,100  [ RunTime:0.001236s ]
INFO: [ view_template ] --START--
INFO: Run LocationTemplate Behavior [ RunTime:0.001611s ]
INFO: [ view_template ] --END-- [ RunTime:0.001679s ]
INFO: [ view_parse ] --START--
NOTIC: [8] Undefined index: m_banner C:\wnmp\wwwroot\zhifubao\DataSource\Runtime\Temp\9f529053051950a069732b98964695a605c1670d.file.banner.html.php 第 53 行.
NOTIC: [8] Trying to get property of non-object C:\wnmp\wwwroot\zhifubao\DataSource\Runtime\Temp\9f529053051950a069732b98964695a605c1670d.file.banner.html.php 第 53 行.
NOTIC: [8] Undefined index: name C:\wnmp\wwwroot\zhifubao\DataSource\Runtime\Temp\43ada865f8bc71aef17a87e0ed7c58499c1019cf.file.index.html.php 第 197 行.
NOTIC: [8] Undefined index: name C:\wnmp\wwwroot\zhifubao\DataSource\Runtime\Temp\43ada865f8bc71aef17a87e0ed7c58499c1019cf.file.index.html.php 第 197 行.
NOTIC: [8] Undefined index: name C:\wnmp\wwwroot\zhifubao\DataSource\Runtime\Temp\43ada865f8bc71aef17a87e0ed7c58499c1019cf.file.index.html.php 第 197 行.
INFO: Run ParseTemplate Behavior [ RunTime:0.025507s ]
INFO: [ view_parse ] --END-- [ RunTime:0.025552s ]
INFO: [ view_filter ] --START--
INFO: Run ContentReplace Behavior [ RunTime:0.001822s ]
INFO: Run TokenBuild Behavior [ RunTime:0.001094s ]
INFO: Run WriteHtmlCache Behavior [ RunTime:0.000899s ]
INFO: Run ShowRuntime Behavior [ RunTime:0.001045s ]
INFO: [ view_filter ] --END-- [ RunTime:0.005042s ]
INFO: [ view_end ] --START--
INFO: Run ShowPageTrace Behavior [ RunTime:0.001142s ]
INFO: [ view_end ] --END-- [ RunTime:0.001198s ]

