[ 2016-11-08T14:36:07+08:00 ] /
INFO: [ app_begin ] --START--
INFO: Run ReadHtmlCache Behavior [ RunTime:0.000817s ]
INFO: [ app_begin ] --END-- [ RunTime:0.000916s ]
INFO: [ view_template ] --START--
INFO: Run LocationTemplate Behavior [ RunTime:0.000728s ]
INFO: [ view_template ] --END-- [ RunTime:0.000792s ]
INFO: [ view_parse ] --START--
NOTIC: [2] filemtime() [<a href='function.filemtime'>function.filemtime</a>]: stat failed for ../DataSource/Runtime/Temp\43ada865f8bc71aef17a87e0ed7c58499c1019cf.file.index.html.php C:\wnmp\wwwroot\houtai\lib\ThinkPHP\Extend\Vendor\Smarty\sysplugins\smarty_resource.php 第 683 行.
NOTIC: [2] unlink(../DataSource/Runtime/Temp\43ada865f8bc71aef17a87e0ed7c58499c1019cf.file.index.html.php) [<a href='function.unlink'>function.unlink</a>]: No such file or directory C:\wnmp\wwwroot\houtai\lib\ThinkPHP\Extend\Vendor\Smarty\sysplugins\smarty_internal_write_file.php 第 49 行.
NOTIC: [8] Undefined index: tilte C:\wnmp\wwwroot\houtai\DataSource\Runtime\Temp\43ada865f8bc71aef17a87e0ed7c58499c1019cf.file.index.html.php 第 36 行.
NOTIC: [8] Trying to get property of non-object C:\wnmp\wwwroot\houtai\DataSource\Runtime\Temp\43ada865f8bc71aef17a87e0ed7c58499c1019cf.file.index.html.php 第 36 行.
NOTIC: [8] Undefined index: news C:\wnmp\wwwroot\houtai\DataSource\Runtime\Temp\43ada865f8bc71aef17a87e0ed7c58499c1019cf.file.index.html.php 第 163 行.
NOTIC: [8] Trying to get property of non-object C:\wnmp\wwwroot\houtai\DataSource\Runtime\Temp\43ada865f8bc71aef17a87e0ed7c58499c1019cf.file.index.html.php 第 163 行.
NOTIC: [2] filemtime() [<a href='function.filemtime'>function.filemtime</a>]: stat failed for ../DataSource/Runtime/Temp\100fbcd79de0b623234a63ad38f7fb4fec5c945e.file.footer.html.php C:\wnmp\wwwroot\houtai\lib\ThinkPHP\Extend\Vendor\Smarty\sysplugins\smarty_resource.php 第 683 行.
NOTIC: [2] unlink(../DataSource/Runtime/Temp\100fbcd79de0b623234a63ad38f7fb4fec5c945e.file.footer.html.php) [<a href='function.unlink'>function.unlink</a>]: No such file or directory C:\wnmp\wwwroot\houtai\lib\ThinkPHP\Extend\Vendor\Smarty\sysplugins\smarty_internal_write_file.php 第 49 行.
INFO: Run ParseTemplate Behavior [ RunTime:0.202699s ]
INFO: [ view_parse ] --END-- [ RunTime:0.202756s ]
INFO: [ view_filter ] --START--
INFO: Run ContentReplace Behavior [ RunTime:0.000618s ]
INFO: Run TokenBuild Behavior [ RunTime:0.000420s ]
INFO: Run WriteHtmlCache Behavior [ RunTime:0.000275s ]
INFO: Run ShowRuntime Behavior [ RunTime:0.000388s ]
INFO: [ view_filter ] --END-- [ RunTime:0.001844s ]
INFO: [ view_end ] --START--
INFO: Run ShowPageTrace Behavior [ RunTime:0.000516s ]
INFO: [ view_end ] --END-- [ RunTime:0.000561s ]

[ 2016-11-08T14:39:54+08:00 ] /
INFO: [ app_begin ] --START--
INFO: Run ReadHtmlCache Behavior [ RunTime:0.002140s ]
INFO: [ app_begin ] --END-- [ RunTime:0.002952s ]
INFO: [ view_template ] --START--
INFO: Run LocationTemplate Behavior [ RunTime:0.001362s ]
INFO: [ view_template ] --END-- [ RunTime:0.001440s ]
INFO: [ view_parse ] --START--
NOTIC: [8] Undefined index: tilte C:\wnmp\wwwroot\houtai\DataSource\Runtime\Temp\43ada865f8bc71aef17a87e0ed7c58499c1019cf.file.index.html.php 第 36 行.
NOTIC: [8] Trying to get property of non-object C:\wnmp\wwwroot\houtai\DataSource\Runtime\Temp\43ada865f8bc71aef17a87e0ed7c58499c1019cf.file.index.html.php 第 36 行.
NOTIC: [8] Undefined index: news C:\wnmp\wwwroot\houtai\DataSource\Runtime\Temp\43ada865f8bc71aef17a87e0ed7c58499c1019cf.file.index.html.php 第 163 行.
NOTIC: [8] Trying to get property of non-object C:\wnmp\wwwroot\houtai\DataSource\Runtime\Temp\43ada865f8bc71aef17a87e0ed7c58499c1019cf.file.index.html.php 第 163 行.
INFO: Run ParseTemplate Behavior [ RunTime:0.029552s ]
INFO: [ view_parse ] --END-- [ RunTime:0.029613s ]
INFO: [ view_filter ] --START--
INFO: Run ContentReplace Behavior [ RunTime:0.000976s ]
INFO: Run TokenBuild Behavior [ RunTime:0.000890s ]
INFO: Run WriteHtmlCache Behavior [ RunTime:0.000797s ]
INFO: Run ShowRuntime Behavior [ RunTime:0.001207s ]
INFO: [ view_filter ] --END-- [ RunTime:0.004101s ]
INFO: [ view_end ] --START--
INFO: Run ShowPageTrace Behavior [ RunTime:0.001530s ]
INFO: [ view_end ] --END-- [ RunTime:0.001668s ]

[ 2016-11-08T14:47:06+08:00 ] /
INFO: [ app_begin ] --START--
INFO: Run ReadHtmlCache Behavior [ RunTime:0.000595s ]
INFO: [ app_begin ] --END-- [ RunTime:0.000697s ]
INFO: [ view_template ] --START--
INFO: Run LocationTemplate Behavior [ RunTime:0.000573s ]
INFO: [ view_template ] --END-- [ RunTime:0.000626s ]
INFO: [ view_parse ] --START--
NOTIC: [8] Undefined index: tilte C:\wnmp\wwwroot\houtai\DataSource\Runtime\Temp\43ada865f8bc71aef17a87e0ed7c58499c1019cf.file.index.html.php 第 36 行.
NOTIC: [8] Trying to get property of non-object C:\wnmp\wwwroot\houtai\DataSource\Runtime\Temp\43ada865f8bc71aef17a87e0ed7c58499c1019cf.file.index.html.php 第 36 行.
NOTIC: [8] Undefined index: news C:\wnmp\wwwroot\houtai\DataSource\Runtime\Temp\43ada865f8bc71aef17a87e0ed7c58499c1019cf.file.index.html.php 第 163 行.
NOTIC: [8] Trying to get property of non-object C:\wnmp\wwwroot\houtai\DataSource\Runtime\Temp\43ada865f8bc71aef17a87e0ed7c58499c1019cf.file.index.html.php 第 163 行.
INFO: Run ParseTemplate Behavior [ RunTime:0.054646s ]
INFO: [ view_parse ] --END-- [ RunTime:0.054704s ]
INFO: [ view_filter ] --START--
INFO: Run ContentReplace Behavior [ RunTime:0.000653s ]
INFO: Run TokenBuild Behavior [ RunTime:0.000394s ]
INFO: Run WriteHtmlCache Behavior [ RunTime:0.000277s ]
INFO: Run ShowRuntime Behavior [ RunTime:0.000439s ]
INFO: [ view_filter ] --END-- [ RunTime:0.001880s ]
INFO: [ view_end ] --START--
INFO: Run ShowPageTrace Behavior [ RunTime:0.000608s ]
INFO: [ view_end ] --END-- [ RunTime:0.000658s ]

[ 2016-11-08T14:59:05+08:00 ] /
INFO: [ app_begin ] --START--
INFO: Run ReadHtmlCache Behavior [ RunTime:0.000709s ]
INFO: [ app_begin ] --END-- [ RunTime:0.000873s ]
INFO: [ view_template ] --START--
INFO: Run LocationTemplate Behavior [ RunTime:0.000741s ]
INFO: [ view_template ] --END-- [ RunTime:0.000804s ]
INFO: [ view_parse ] --START--
NOTIC: [8] Undefined index: tilte C:\wnmp\wwwroot\houtai\DataSource\Runtime\Temp\43ada865f8bc71aef17a87e0ed7c58499c1019cf.file.index.html.php 第 36 行.
NOTIC: [8] Trying to get property of non-object C:\wnmp\wwwroot\houtai\DataSource\Runtime\Temp\43ada865f8bc71aef17a87e0ed7c58499c1019cf.file.index.html.php 第 36 行.
NOTIC: [8] Undefined index: news C:\wnmp\wwwroot\houtai\DataSource\Runtime\Temp\43ada865f8bc71aef17a87e0ed7c58499c1019cf.file.index.html.php 第 163 行.
NOTIC: [8] Trying to get property of non-object C:\wnmp\wwwroot\houtai\DataSource\Runtime\Temp\43ada865f8bc71aef17a87e0ed7c58499c1019cf.file.index.html.php 第 163 行.
INFO: Run ParseTemplate Behavior [ RunTime:0.064149s ]
INFO: [ view_parse ] --END-- [ RunTime:0.064214s ]
INFO: [ view_filter ] --START--
INFO: Run ContentReplace Behavior [ RunTime:0.000890s ]
INFO: Run TokenBuild Behavior [ RunTime:0.000602s ]
INFO: Run WriteHtmlCache Behavior [ RunTime:0.000404s ]
INFO: Run ShowRuntime Behavior [ RunTime:0.000645s ]
INFO: [ view_filter ] --END-- [ RunTime:0.002695s ]
INFO: [ view_end ] --START--
INFO: Run ShowPageTrace Behavior [ RunTime:0.000930s ]
INFO: [ view_end ] --END-- [ RunTime:0.001035s ]

[ 2016-11-08T15:01:33+08:00 ] /
INFO: [ app_begin ] --START--
INFO: Run ReadHtmlCache Behavior [ RunTime:0.001666s ]
INFO: [ app_begin ] --END-- [ RunTime:0.002090s ]
INFO: [ view_template ] --START--
INFO: Run LocationTemplate Behavior [ RunTime:0.002075s ]
INFO: [ view_template ] --END-- [ RunTime:0.002177s ]
INFO: [ view_parse ] --START--
NOTIC: [8] Undefined index: tilte C:\wnmp\wwwroot\houtai\DataSource\Runtime\Temp\43ada865f8bc71aef17a87e0ed7c58499c1019cf.file.index.html.php 第 36 行.
NOTIC: [8] Trying to get property of non-object C:\wnmp\wwwroot\houtai\DataSource\Runtime\Temp\43ada865f8bc71aef17a87e0ed7c58499c1019cf.file.index.html.php 第 36 行.
NOTIC: [8] Undefined index: news C:\wnmp\wwwroot\houtai\DataSource\Runtime\Temp\43ada865f8bc71aef17a87e0ed7c58499c1019cf.file.index.html.php 第 163 行.
NOTIC: [8] Trying to get property of non-object C:\wnmp\wwwroot\houtai\DataSource\Runtime\Temp\43ada865f8bc71aef17a87e0ed7c58499c1019cf.file.index.html.php 第 163 行.
INFO: Run ParseTemplate Behavior [ RunTime:0.065081s ]
INFO: [ view_parse ] --END-- [ RunTime:0.065157s ]
INFO: [ view_filter ] --START--
INFO: Run ContentReplace Behavior [ RunTime:0.001284s ]
INFO: Run TokenBuild Behavior [ RunTime:0.001127s ]
INFO: Run WriteHtmlCache Behavior [ RunTime:0.000782s ]
INFO: Run ShowRuntime Behavior [ RunTime:0.000842s ]
INFO: [ view_filter ] --END-- [ RunTime:0.004186s ]
INFO: [ view_end ] --START--
INFO: Run ShowPageTrace Behavior [ RunTime:0.001001s ]
INFO: [ view_end ] --END-- [ RunTime:0.001063s ]

[ 2016-11-08T15:01:46+08:00 ] /
INFO: [ app_begin ] --START--
INFO: Run ReadHtmlCache Behavior [ RunTime:0.001229s ]
INFO: [ app_begin ] --END-- [ RunTime:0.001374s ]
INFO: [ view_template ] --START--
INFO: Run LocationTemplate Behavior [ RunTime:0.000889s ]
INFO: [ view_template ] --END-- [ RunTime:0.000941s ]
INFO: [ view_parse ] --START--
NOTIC: [8] Undefined index: tilte C:\wnmp\wwwroot\houtai\DataSource\Runtime\Temp\43ada865f8bc71aef17a87e0ed7c58499c1019cf.file.index.html.php 第 36 行.
NOTIC: [8] Trying to get property of non-object C:\wnmp\wwwroot\houtai\DataSource\Runtime\Temp\43ada865f8bc71aef17a87e0ed7c58499c1019cf.file.index.html.php 第 36 行.
NOTIC: [8] Undefined index: news C:\wnmp\wwwroot\houtai\DataSource\Runtime\Temp\43ada865f8bc71aef17a87e0ed7c58499c1019cf.file.index.html.php 第 163 行.
NOTIC: [8] Trying to get property of non-object C:\wnmp\wwwroot\houtai\DataSource\Runtime\Temp\43ada865f8bc71aef17a87e0ed7c58499c1019cf.file.index.html.php 第 163 行.
INFO: Run ParseTemplate Behavior [ RunTime:0.057262s ]
INFO: [ view_parse ] --END-- [ RunTime:0.057320s ]
INFO: [ view_filter ] --START--
INFO: Run ContentReplace Behavior [ RunTime:0.001278s ]
INFO: Run TokenBuild Behavior [ RunTime:0.000969s ]
INFO: Run WriteHtmlCache Behavior [ RunTime:0.000752s ]
INFO: Run ShowRuntime Behavior [ RunTime:0.000873s ]
INFO: [ view_filter ] --END-- [ RunTime:0.004102s ]
INFO: [ view_end ] --START--
INFO: Run ShowPageTrace Behavior [ RunTime:0.000964s ]
INFO: [ view_end ] --END-- [ RunTime:0.001111s ]

[ 2016-11-08T15:02:01+08:00 ] /
INFO: [ app_begin ] --START--
INFO: Run ReadHtmlCache Behavior [ RunTime:0.000452s ]
INFO: [ app_begin ] --END-- [ RunTime:0.000540s ]
INFO: [ view_template ] --START--
INFO: Run LocationTemplate Behavior [ RunTime:0.000519s ]
INFO: [ view_template ] --END-- [ RunTime:0.000568s ]
INFO: [ view_parse ] --START--
NOTIC: [8] Undefined index: tilte C:\wnmp\wwwroot\houtai\DataSource\Runtime\Temp\43ada865f8bc71aef17a87e0ed7c58499c1019cf.file.index.html.php 第 36 行.
NOTIC: [8] Trying to get property of non-object C:\wnmp\wwwroot\houtai\DataSource\Runtime\Temp\43ada865f8bc71aef17a87e0ed7c58499c1019cf.file.index.html.php 第 36 行.
NOTIC: [8] Undefined index: news C:\wnmp\wwwroot\houtai\DataSource\Runtime\Temp\43ada865f8bc71aef17a87e0ed7c58499c1019cf.file.index.html.php 第 163 行.
NOTIC: [8] Trying to get property of non-object C:\wnmp\wwwroot\houtai\DataSource\Runtime\Temp\43ada865f8bc71aef17a87e0ed7c58499c1019cf.file.index.html.php 第 163 行.
INFO: Run ParseTemplate Behavior [ RunTime:0.045753s ]
INFO: [ view_parse ] --END-- [ RunTime:0.045830s ]
INFO: [ view_filter ] --START--
INFO: Run ContentReplace Behavior [ RunTime:0.000670s ]
INFO: Run TokenBuild Behavior [ RunTime:0.000355s ]
INFO: Run WriteHtmlCache Behavior [ RunTime:0.000401s ]
INFO: Run ShowRuntime Behavior [ RunTime:0.000436s ]
INFO: [ view_filter ] --END-- [ RunTime:0.001987s ]
INFO: [ view_end ] --START--
INFO: Run ShowPageTrace Behavior [ RunTime:0.000661s ]
INFO: [ view_end ] --END-- [ RunTime:0.000709s ]

[ 2016-11-08T15:04:54+08:00 ] /
INFO: [ app_begin ] --START--
INFO: Run ReadHtmlCache Behavior [ RunTime:0.000543s ]
INFO: [ app_begin ] --END-- [ RunTime:0.000618s ]
INFO: [ view_template ] --START--
INFO: Run LocationTemplate Behavior [ RunTime:0.000583s ]
INFO: [ view_template ] --END-- [ RunTime:0.000637s ]
INFO: [ view_parse ] --START--
NOTIC: [8] Undefined index: tilte C:\wnmp\wwwroot\houtai\DataSource\Runtime\Temp\43ada865f8bc71aef17a87e0ed7c58499c1019cf.file.index.html.php 第 36 行.
NOTIC: [8] Trying to get property of non-object C:\wnmp\wwwroot\houtai\DataSource\Runtime\Temp\43ada865f8bc71aef17a87e0ed7c58499c1019cf.file.index.html.php 第 36 行.
NOTIC: [8] Undefined index: news C:\wnmp\wwwroot\houtai\DataSource\Runtime\Temp\43ada865f8bc71aef17a87e0ed7c58499c1019cf.file.index.html.php 第 163 行.
NOTIC: [8] Trying to get property of non-object C:\wnmp\wwwroot\houtai\DataSource\Runtime\Temp\43ada865f8bc71aef17a87e0ed7c58499c1019cf.file.index.html.php 第 163 行.
INFO: Run ParseTemplate Behavior [ RunTime:0.047508s ]
INFO: [ view_parse ] --END-- [ RunTime:0.047582s ]
INFO: [ view_filter ] --START--
INFO: Run ContentReplace Behavior [ RunTime:0.000687s ]
INFO: Run TokenBuild Behavior [ RunTime:0.000360s ]
INFO: Run WriteHtmlCache Behavior [ RunTime:0.000276s ]
INFO: Run ShowRuntime Behavior [ RunTime:0.000446s ]
INFO: [ view_filter ] --END-- [ RunTime:0.001886s ]
INFO: [ view_end ] --START--
INFO: Run ShowPageTrace Behavior [ RunTime:0.000595s ]
INFO: [ view_end ] --END-- [ RunTime:0.000640s ]

[ 2016-11-08T15:05:28+08:00 ] /
INFO: [ app_begin ] --START--
INFO: Run ReadHtmlCache Behavior [ RunTime:0.000459s ]
INFO: [ app_begin ] --END-- [ RunTime:0.000529s ]
INFO: [ view_template ] --START--
INFO: Run LocationTemplate Behavior [ RunTime:0.000564s ]
INFO: [ view_template ] --END-- [ RunTime:0.000614s ]
INFO: [ view_parse ] --START--
NOTIC: [8] Undefined index: tilte C:\wnmp\wwwroot\houtai\DataSource\Runtime\Temp\43ada865f8bc71aef17a87e0ed7c58499c1019cf.file.index.html.php 第 36 行.
NOTIC: [8] Trying to get property of non-object C:\wnmp\wwwroot\houtai\DataSource\Runtime\Temp\43ada865f8bc71aef17a87e0ed7c58499c1019cf.file.index.html.php 第 36 行.
NOTIC: [8] Undefined index: news C:\wnmp\wwwroot\houtai\DataSource\Runtime\Temp\43ada865f8bc71aef17a87e0ed7c58499c1019cf.file.index.html.php 第 163 行.
NOTIC: [8] Trying to get property of non-object C:\wnmp\wwwroot\houtai\DataSource\Runtime\Temp\43ada865f8bc71aef17a87e0ed7c58499c1019cf.file.index.html.php 第 163 行.
INFO: Run ParseTemplate Behavior [ RunTime:0.010812s ]
INFO: [ view_parse ] --END-- [ RunTime:0.010859s ]
INFO: [ view_filter ] --START--
INFO: Run ContentReplace Behavior [ RunTime:0.000390s ]
INFO: Run TokenBuild Behavior [ RunTime:0.000301s ]
INFO: Run WriteHtmlCache Behavior [ RunTime:0.000273s ]
INFO: Run ShowRuntime Behavior [ RunTime:0.000340s ]
INFO: [ view_filter ] --END-- [ RunTime:0.001414s ]
INFO: [ view_end ] --START--
INFO: Run ShowPageTrace Behavior [ RunTime:0.000508s ]
INFO: [ view_end ] --END-- [ RunTime:0.000554s ]

[ 2016-11-08T15:05:29+08:00 ] /
INFO: [ app_begin ] --START--
INFO: Run ReadHtmlCache Behavior [ RunTime:0.000468s ]
INFO: [ app_begin ] --END-- [ RunTime:0.000595s ]
INFO: [ view_template ] --START--
INFO: Run LocationTemplate Behavior [ RunTime:0.000393s ]
INFO: [ view_template ] --END-- [ RunTime:0.000460s ]
INFO: [ view_parse ] --START--
NOTIC: [8] Undefined index: tilte C:\wnmp\wwwroot\houtai\DataSource\Runtime\Temp\43ada865f8bc71aef17a87e0ed7c58499c1019cf.file.index.html.php 第 36 行.
NOTIC: [8] Trying to get property of non-object C:\wnmp\wwwroot\houtai\DataSource\Runtime\Temp\43ada865f8bc71aef17a87e0ed7c58499c1019cf.file.index.html.php 第 36 行.
NOTIC: [8] Undefined index: news C:\wnmp\wwwroot\houtai\DataSource\Runtime\Temp\43ada865f8bc71aef17a87e0ed7c58499c1019cf.file.index.html.php 第 163 行.
NOTIC: [8] Trying to get property of non-object C:\wnmp\wwwroot\houtai\DataSource\Runtime\Temp\43ada865f8bc71aef17a87e0ed7c58499c1019cf.file.index.html.php 第 163 行.
INFO: Run ParseTemplate Behavior [ RunTime:0.008658s ]
INFO: [ view_parse ] --END-- [ RunTime:0.008715s ]
INFO: [ view_filter ] --START--
INFO: Run ContentReplace Behavior [ RunTime:0.000383s ]
INFO: Run TokenBuild Behavior [ RunTime:0.000362s ]
INFO: Run WriteHtmlCache Behavior [ RunTime:0.000221s ]
INFO: Run ShowRuntime Behavior [ RunTime:0.000336s ]
INFO: [ view_filter ] --END-- [ RunTime:0.001412s ]
INFO: [ view_end ] --START--
INFO: Run ShowPageTrace Behavior [ RunTime:0.000561s ]
INFO: [ view_end ] --END-- [ RunTime:0.000681s ]

[ 2016-11-08T15:05:30+08:00 ] /
INFO: [ app_begin ] --START--
INFO: Run ReadHtmlCache Behavior [ RunTime:0.000740s ]
INFO: [ app_begin ] --END-- [ RunTime:0.000851s ]
INFO: [ view_template ] --START--
INFO: Run LocationTemplate Behavior [ RunTime:0.000577s ]
INFO: [ view_template ] --END-- [ RunTime:0.000659s ]
INFO: [ view_parse ] --START--
NOTIC: [8] Undefined index: tilte C:\wnmp\wwwroot\houtai\DataSource\Runtime\Temp\43ada865f8bc71aef17a87e0ed7c58499c1019cf.file.index.html.php 第 36 行.
NOTIC: [8] Trying to get property of non-object C:\wnmp\wwwroot\houtai\DataSource\Runtime\Temp\43ada865f8bc71aef17a87e0ed7c58499c1019cf.file.index.html.php 第 36 行.
NOTIC: [8] Undefined index: news C:\wnmp\wwwroot\houtai\DataSource\Runtime\Temp\43ada865f8bc71aef17a87e0ed7c58499c1019cf.file.index.html.php 第 163 行.
NOTIC: [8] Trying to get property of non-object C:\wnmp\wwwroot\houtai\DataSource\Runtime\Temp\43ada865f8bc71aef17a87e0ed7c58499c1019cf.file.index.html.php 第 163 行.
INFO: Run ParseTemplate Behavior [ RunTime:0.008522s ]
INFO: [ view_parse ] --END-- [ RunTime:0.008570s ]
INFO: [ view_filter ] --START--
INFO: Run ContentReplace Behavior [ RunTime:0.000382s ]
INFO: Run TokenBuild Behavior [ RunTime:0.000413s ]
INFO: Run WriteHtmlCache Behavior [ RunTime:0.000256s ]
INFO: Run ShowRuntime Behavior [ RunTime:0.000391s ]
INFO: [ view_filter ] --END-- [ RunTime:0.001564s ]
INFO: [ view_end ] --START--
INFO: Run ShowPageTrace Behavior [ RunTime:0.000458s ]
INFO: [ view_end ] --END-- [ RunTime:0.000519s ]

[ 2016-11-08T15:05:37+08:00 ] /
INFO: [ app_begin ] --START--
INFO: Run ReadHtmlCache Behavior [ RunTime:0.000403s ]
INFO: [ app_begin ] --END-- [ RunTime:0.000466s ]
INFO: [ view_template ] --START--
INFO: Run LocationTemplate Behavior [ RunTime:0.000333s ]
INFO: [ view_template ] --END-- [ RunTime:0.000380s ]
INFO: [ view_parse ] --START--
NOTIC: [8] Undefined index: tilte C:\wnmp\wwwroot\houtai\DataSource\Runtime\Temp\43ada865f8bc71aef17a87e0ed7c58499c1019cf.file.index.html.php 第 36 行.
NOTIC: [8] Trying to get property of non-object C:\wnmp\wwwroot\houtai\DataSource\Runtime\Temp\43ada865f8bc71aef17a87e0ed7c58499c1019cf.file.index.html.php 第 36 行.
NOTIC: [8] Undefined index: news C:\wnmp\wwwroot\houtai\DataSource\Runtime\Temp\43ada865f8bc71aef17a87e0ed7c58499c1019cf.file.index.html.php 第 163 行.
NOTIC: [8] Trying to get property of non-object C:\wnmp\wwwroot\houtai\DataSource\Runtime\Temp\43ada865f8bc71aef17a87e0ed7c58499c1019cf.file.index.html.php 第 163 行.
INFO: Run ParseTemplate Behavior [ RunTime:0.044594s ]
INFO: [ view_parse ] --END-- [ RunTime:0.044650s ]
INFO: [ view_filter ] --START--
INFO: Run ContentReplace Behavior [ RunTime:0.000682s ]
INFO: Run TokenBuild Behavior [ RunTime:0.000354s ]
INFO: Run WriteHtmlCache Behavior [ RunTime:0.000273s ]
INFO: Run ShowRuntime Behavior [ RunTime:0.000490s ]
INFO: [ view_filter ] --END-- [ RunTime:0.001919s ]
INFO: [ view_end ] --START--
INFO: Run ShowPageTrace Behavior [ RunTime:0.000567s ]
INFO: [ view_end ] --END-- [ RunTime:0.000626s ]

[ 2016-11-08T15:07:46+08:00 ] /
INFO: [ app_begin ] --START--
INFO: Run ReadHtmlCache Behavior [ RunTime:0.001665s ]
INFO: [ app_begin ] --END-- [ RunTime:0.002088s ]
INFO: [ view_template ] --START--
INFO: Run LocationTemplate Behavior [ RunTime:0.001761s ]
INFO: [ view_template ] --END-- [ RunTime:0.001876s ]
INFO: [ view_parse ] --START--
NOTIC: [8] Undefined index: tilte C:\wnmp\wwwroot\houtai\DataSource\Runtime\Temp\43ada865f8bc71aef17a87e0ed7c58499c1019cf.file.index.html.php 第 36 行.
NOTIC: [8] Trying to get property of non-object C:\wnmp\wwwroot\houtai\DataSource\Runtime\Temp\43ada865f8bc71aef17a87e0ed7c58499c1019cf.file.index.html.php 第 36 行.
NOTIC: [8] Undefined index: news C:\wnmp\wwwroot\houtai\DataSource\Runtime\Temp\43ada865f8bc71aef17a87e0ed7c58499c1019cf.file.index.html.php 第 163 行.
NOTIC: [8] Trying to get property of non-object C:\wnmp\wwwroot\houtai\DataSource\Runtime\Temp\43ada865f8bc71aef17a87e0ed7c58499c1019cf.file.index.html.php 第 163 行.
INFO: Run ParseTemplate Behavior [ RunTime:0.076788s ]
INFO: [ view_parse ] --END-- [ RunTime:0.076896s ]
INFO: [ view_filter ] --START--
INFO: Run ContentReplace Behavior [ RunTime:0.024787s ]
INFO: Run TokenBuild Behavior [ RunTime:0.001323s ]
INFO: Run WriteHtmlCache Behavior [ RunTime:0.001131s ]
INFO: Run ShowRuntime Behavior [ RunTime:0.001223s ]
INFO: [ view_filter ] --END-- [ RunTime:0.028835s ]
INFO: [ view_end ] --START--
INFO: Run ShowPageTrace Behavior [ RunTime:0.001320s ]
INFO: [ view_end ] --END-- [ RunTime:0.001398s ]

[ 2016-11-08T15:08:08+08:00 ] /
INFO: [ app_begin ] --START--
INFO: Run ReadHtmlCache Behavior [ RunTime:0.001143s ]
INFO: [ app_begin ] --END-- [ RunTime:0.001294s ]
INFO: [ view_template ] --START--
INFO: Run LocationTemplate Behavior [ RunTime:0.000969s ]
INFO: [ view_template ] --END-- [ RunTime:0.001027s ]
INFO: [ view_parse ] --START--
NOTIC: [8] Undefined index: tilte C:\wnmp\wwwroot\houtai\DataSource\Runtime\Temp\43ada865f8bc71aef17a87e0ed7c58499c1019cf.file.index.html.php 第 36 行.
NOTIC: [8] Trying to get property of non-object C:\wnmp\wwwroot\houtai\DataSource\Runtime\Temp\43ada865f8bc71aef17a87e0ed7c58499c1019cf.file.index.html.php 第 36 行.
NOTIC: [8] Undefined index: news C:\wnmp\wwwroot\houtai\DataSource\Runtime\Temp\43ada865f8bc71aef17a87e0ed7c58499c1019cf.file.index.html.php 第 163 行.
NOTIC: [8] Trying to get property of non-object C:\wnmp\wwwroot\houtai\DataSource\Runtime\Temp\43ada865f8bc71aef17a87e0ed7c58499c1019cf.file.index.html.php 第 163 行.
INFO: Run ParseTemplate Behavior [ RunTime:0.055181s ]
INFO: [ view_parse ] --END-- [ RunTime:0.055250s ]
INFO: [ view_filter ] --START--
INFO: Run ContentReplace Behavior [ RunTime:0.001015s ]
INFO: Run TokenBuild Behavior [ RunTime:0.000773s ]
INFO: Run WriteHtmlCache Behavior [ RunTime:0.000558s ]
INFO: Run ShowRuntime Behavior [ RunTime:0.000755s ]
INFO: [ view_filter ] --END-- [ RunTime:0.003232s ]
INFO: [ view_end ] --START--
INFO: Run ShowPageTrace Behavior [ RunTime:0.000988s ]
INFO: [ view_end ] --END-- [ RunTime:0.001038s ]

[ 2016-11-08T15:08:33+08:00 ] /
INFO: [ app_begin ] --START--
INFO: Run ReadHtmlCache Behavior [ RunTime:0.000526s ]
INFO: [ app_begin ] --END-- [ RunTime:0.000600s ]
INFO: [ view_template ] --START--
INFO: Run LocationTemplate Behavior [ RunTime:0.000696s ]
INFO: [ view_template ] --END-- [ RunTime:0.000746s ]
INFO: [ view_parse ] --START--
NOTIC: [8] Undefined index: tilte C:\wnmp\wwwroot\houtai\DataSource\Runtime\Temp\43ada865f8bc71aef17a87e0ed7c58499c1019cf.file.index.html.php 第 36 行.
NOTIC: [8] Trying to get property of non-object C:\wnmp\wwwroot\houtai\DataSource\Runtime\Temp\43ada865f8bc71aef17a87e0ed7c58499c1019cf.file.index.html.php 第 36 行.
NOTIC: [8] Undefined index: news C:\wnmp\wwwroot\houtai\DataSource\Runtime\Temp\43ada865f8bc71aef17a87e0ed7c58499c1019cf.file.index.html.php 第 163 行.
NOTIC: [8] Trying to get property of non-object C:\wnmp\wwwroot\houtai\DataSource\Runtime\Temp\43ada865f8bc71aef17a87e0ed7c58499c1019cf.file.index.html.php 第 163 行.
INFO: Run ParseTemplate Behavior [ RunTime:0.049547s ]
INFO: [ view_parse ] --END-- [ RunTime:0.049612s ]
INFO: [ view_filter ] --START--
INFO: Run ContentReplace Behavior [ RunTime:0.000701s ]
INFO: Run TokenBuild Behavior [ RunTime:0.000504s ]
INFO: Run WriteHtmlCache Behavior [ RunTime:0.000349s ]
INFO: Run ShowRuntime Behavior [ RunTime:0.000465s ]
INFO: [ view_filter ] --END-- [ RunTime:0.002154s ]
INFO: [ view_end ] --START--
INFO: Run ShowPageTrace Behavior [ RunTime:0.000781s ]
INFO: [ view_end ] --END-- [ RunTime:0.000833s ]

[ 2016-11-08T15:08:44+08:00 ] /
INFO: [ app_begin ] --START--
INFO: Run ReadHtmlCache Behavior [ RunTime:0.000615s ]
INFO: [ app_begin ] --END-- [ RunTime:0.000697s ]
INFO: [ view_template ] --START--
INFO: Run LocationTemplate Behavior [ RunTime:0.000950s ]
INFO: [ view_template ] --END-- [ RunTime:0.001022s ]
INFO: [ view_parse ] --START--
NOTIC: [8] Undefined index: tilte C:\wnmp\wwwroot\houtai\DataSource\Runtime\Temp\43ada865f8bc71aef17a87e0ed7c58499c1019cf.file.index.html.php 第 36 行.
NOTIC: [8] Trying to get property of non-object C:\wnmp\wwwroot\houtai\DataSource\Runtime\Temp\43ada865f8bc71aef17a87e0ed7c58499c1019cf.file.index.html.php 第 36 行.
NOTIC: [8] Undefined index: news C:\wnmp\wwwroot\houtai\DataSource\Runtime\Temp\43ada865f8bc71aef17a87e0ed7c58499c1019cf.file.index.html.php 第 163 行.
NOTIC: [8] Trying to get property of non-object C:\wnmp\wwwroot\houtai\DataSource\Runtime\Temp\43ada865f8bc71aef17a87e0ed7c58499c1019cf.file.index.html.php 第 163 行.
INFO: Run ParseTemplate Behavior [ RunTime:0.054779s ]
INFO: [ view_parse ] --END-- [ RunTime:0.054862s ]
INFO: [ view_filter ] --START--
INFO: Run ContentReplace Behavior [ RunTime:0.000964s ]
INFO: Run TokenBuild Behavior [ RunTime:0.000518s ]
INFO: Run WriteHtmlCache Behavior [ RunTime:0.000608s ]
INFO: Run ShowRuntime Behavior [ RunTime:0.000491s ]
INFO: [ view_filter ] --END-- [ RunTime:0.002751s ]
INFO: [ view_end ] --START--
INFO: Run ShowPageTrace Behavior [ RunTime:0.000565s ]
INFO: [ view_end ] --END-- [ RunTime:0.000619s ]

[ 2016-11-08T15:08:57+08:00 ] /
INFO: [ app_begin ] --START--
INFO: Run ReadHtmlCache Behavior [ RunTime:0.000608s ]
INFO: [ app_begin ] --END-- [ RunTime:0.000682s ]
INFO: [ view_template ] --START--
INFO: Run LocationTemplate Behavior [ RunTime:0.000849s ]
INFO: [ view_template ] --END-- [ RunTime:0.000920s ]
INFO: [ view_parse ] --START--
NOTIC: [8] Undefined index: tilte C:\wnmp\wwwroot\houtai\DataSource\Runtime\Temp\43ada865f8bc71aef17a87e0ed7c58499c1019cf.file.index.html.php 第 36 行.
NOTIC: [8] Trying to get property of non-object C:\wnmp\wwwroot\houtai\DataSource\Runtime\Temp\43ada865f8bc71aef17a87e0ed7c58499c1019cf.file.index.html.php 第 36 行.
NOTIC: [8] Undefined index: news C:\wnmp\wwwroot\houtai\DataSource\Runtime\Temp\43ada865f8bc71aef17a87e0ed7c58499c1019cf.file.index.html.php 第 163 行.
NOTIC: [8] Trying to get property of non-object C:\wnmp\wwwroot\houtai\DataSource\Runtime\Temp\43ada865f8bc71aef17a87e0ed7c58499c1019cf.file.index.html.php 第 163 行.
INFO: Run ParseTemplate Behavior [ RunTime:0.058540s ]
INFO: [ view_parse ] --END-- [ RunTime:0.058625s ]
INFO: [ view_filter ] --START--
INFO: Run ContentReplace Behavior [ RunTime:0.000911s ]
INFO: Run TokenBuild Behavior [ RunTime:0.000470s ]
INFO: Run WriteHtmlCache Behavior [ RunTime:0.000352s ]
INFO: Run ShowRuntime Behavior [ RunTime:0.000577s ]
INFO: [ view_filter ] --END-- [ RunTime:0.002486s ]
INFO: [ view_end ] --START--
INFO: Run ShowPageTrace Behavior [ RunTime:0.000699s ]
INFO: [ view_end ] --END-- [ RunTime:0.000784s ]

[ 2016-11-08T15:09:09+08:00 ] /
INFO: [ app_begin ] --START--
INFO: Run ReadHtmlCache Behavior [ RunTime:0.000539s ]
INFO: [ app_begin ] --END-- [ RunTime:0.000620s ]
INFO: [ view_template ] --START--
INFO: Run LocationTemplate Behavior [ RunTime:0.000741s ]
INFO: [ view_template ] --END-- [ RunTime:0.000812s ]
INFO: [ view_parse ] --START--
NOTIC: [8] Undefined index: tilte C:\wnmp\wwwroot\houtai\DataSource\Runtime\Temp\43ada865f8bc71aef17a87e0ed7c58499c1019cf.file.index.html.php 第 36 行.
NOTIC: [8] Trying to get property of non-object C:\wnmp\wwwroot\houtai\DataSource\Runtime\Temp\43ada865f8bc71aef17a87e0ed7c58499c1019cf.file.index.html.php 第 36 行.
NOTIC: [8] Undefined index: news C:\wnmp\wwwroot\houtai\DataSource\Runtime\Temp\43ada865f8bc71aef17a87e0ed7c58499c1019cf.file.index.html.php 第 163 行.
NOTIC: [8] Trying to get property of non-object C:\wnmp\wwwroot\houtai\DataSource\Runtime\Temp\43ada865f8bc71aef17a87e0ed7c58499c1019cf.file.index.html.php 第 163 行.
INFO: Run ParseTemplate Behavior [ RunTime:0.049281s ]
INFO: [ view_parse ] --END-- [ RunTime:0.049342s ]
INFO: [ view_filter ] --START--
INFO: Run ContentReplace Behavior [ RunTime:0.000714s ]
INFO: Run TokenBuild Behavior [ RunTime:0.000428s ]
INFO: Run WriteHtmlCache Behavior [ RunTime:0.000400s ]
INFO: Run ShowRuntime Behavior [ RunTime:0.000495s ]
INFO: [ view_filter ] --END-- [ RunTime:0.002182s ]
INFO: [ view_end ] --START--
INFO: Run ShowPageTrace Behavior [ RunTime:0.000586s ]
INFO: [ view_end ] --END-- [ RunTime:0.000642s ]

[ 2016-11-08T15:11:27+08:00 ] /
INFO: [ app_begin ] --START--
INFO: Run ReadHtmlCache Behavior [ RunTime:0.001376s ]
INFO: [ app_begin ] --END-- [ RunTime:0.001513s ]
INFO: [ view_template ] --START--
INFO: Run LocationTemplate Behavior [ RunTime:0.001399s ]
INFO: [ view_template ] --END-- [ RunTime:0.001498s ]
INFO: [ view_parse ] --START--
NOTIC: [8] Undefined index: tilte C:\wnmp\wwwroot\houtai\DataSource\Runtime\Temp\43ada865f8bc71aef17a87e0ed7c58499c1019cf.file.index.html.php 第 36 行.
NOTIC: [8] Trying to get property of non-object C:\wnmp\wwwroot\houtai\DataSource\Runtime\Temp\43ada865f8bc71aef17a87e0ed7c58499c1019cf.file.index.html.php 第 36 行.
NOTIC: [8] Undefined index: news C:\wnmp\wwwroot\houtai\DataSource\Runtime\Temp\43ada865f8bc71aef17a87e0ed7c58499c1019cf.file.index.html.php 第 163 行.
NOTIC: [8] Trying to get property of non-object C:\wnmp\wwwroot\houtai\DataSource\Runtime\Temp\43ada865f8bc71aef17a87e0ed7c58499c1019cf.file.index.html.php 第 163 行.
INFO: Run ParseTemplate Behavior [ RunTime:0.066771s ]
INFO: [ view_parse ] --END-- [ RunTime:0.066858s ]
INFO: [ view_filter ] --START--
INFO: Run ContentReplace Behavior [ RunTime:0.000937s ]
INFO: Run TokenBuild Behavior [ RunTime:0.000420s ]
INFO: Run WriteHtmlCache Behavior [ RunTime:0.000341s ]
INFO: Run ShowRuntime Behavior [ RunTime:0.000552s ]
INFO: [ view_filter ] --END-- [ RunTime:0.002390s ]
INFO: [ view_end ] --START--
INFO: Run ShowPageTrace Behavior [ RunTime:0.000643s ]
INFO: [ view_end ] --END-- [ RunTime:0.000693s ]

[ 2016-11-08T15:11:28+08:00 ] /static/images/2017/airanshao.jpg
INFO: [ route_check ] --START--
INFO: Run CheckRoute Behavior [ RunTime:0.001103s ]
INFO: [ route_check ] --END-- [ RunTime:0.001171s ]
INFO: [ app_begin ] --START--
INFO: Run ReadHtmlCache Behavior [ RunTime:0.000715s ]
INFO: [ app_begin ] --END-- [ RunTime:0.000779s ]
ERR: 无法加载模块:Static

[ 2016-11-08T15:11:31+08:00 ] /
INFO: [ app_begin ] --START--
INFO: Run ReadHtmlCache Behavior [ RunTime:0.003219s ]
INFO: [ app_begin ] --END-- [ RunTime:0.004293s ]
INFO: [ view_template ] --START--
INFO: Run LocationTemplate Behavior [ RunTime:0.001519s ]
INFO: [ view_template ] --END-- [ RunTime:0.001605s ]
INFO: [ view_parse ] --START--
NOTIC: [8] Undefined index: tilte C:\wnmp\wwwroot\houtai\DataSource\Runtime\Temp\43ada865f8bc71aef17a87e0ed7c58499c1019cf.file.index.html.php 第 36 行.
NOTIC: [8] Trying to get property of non-object C:\wnmp\wwwroot\houtai\DataSource\Runtime\Temp\43ada865f8bc71aef17a87e0ed7c58499c1019cf.file.index.html.php 第 36 行.
NOTIC: [8] Undefined index: news C:\wnmp\wwwroot\houtai\DataSource\Runtime\Temp\43ada865f8bc71aef17a87e0ed7c58499c1019cf.file.index.html.php 第 163 行.
NOTIC: [8] Trying to get property of non-object C:\wnmp\wwwroot\houtai\DataSource\Runtime\Temp\43ada865f8bc71aef17a87e0ed7c58499c1019cf.file.index.html.php 第 163 行.
INFO: Run ParseTemplate Behavior [ RunTime:0.023531s ]
INFO: [ view_parse ] --END-- [ RunTime:0.023602s ]
INFO: [ view_filter ] --START--
INFO: Run ContentReplace Behavior [ RunTime:0.001114s ]
INFO: Run TokenBuild Behavior [ RunTime:0.001420s ]
INFO: Run WriteHtmlCache Behavior [ RunTime:0.000697s ]
INFO: Run ShowRuntime Behavior [ RunTime:0.000983s ]
INFO: [ view_filter ] --END-- [ RunTime:0.004547s ]
INFO: [ view_end ] --START--
INFO: Run ShowPageTrace Behavior [ RunTime:0.001170s ]
INFO: [ view_end ] --END-- [ RunTime:0.001245s ]

[ 2016-11-08T15:11:31+08:00 ] /static/images/2017/airanshao.jpg
INFO: [ route_check ] --START--
INFO: Run CheckRoute Behavior [ RunTime:0.001545s ]
INFO: [ route_check ] --END-- [ RunTime:0.001696s ]
INFO: [ app_begin ] --START--
INFO: Run ReadHtmlCache Behavior [ RunTime:0.001830s ]
INFO: [ app_begin ] --END-- [ RunTime:0.001926s ]
ERR: 无法加载模块:Static

[ 2016-11-08T15:11:49+08:00 ] /
INFO: [ app_begin ] --START--
INFO: Run ReadHtmlCache Behavior [ RunTime:0.000449s ]
INFO: [ app_begin ] --END-- [ RunTime:0.000521s ]
INFO: [ view_template ] --START--
INFO: Run LocationTemplate Behavior [ RunTime:0.000460s ]
INFO: [ view_template ] --END-- [ RunTime:0.000514s ]
INFO: [ view_parse ] --START--
NOTIC: [8] Undefined index: tilte C:\wnmp\wwwroot\houtai\DataSource\Runtime\Temp\43ada865f8bc71aef17a87e0ed7c58499c1019cf.file.index.html.php 第 36 行.
NOTIC: [8] Trying to get property of non-object C:\wnmp\wwwroot\houtai\DataSource\Runtime\Temp\43ada865f8bc71aef17a87e0ed7c58499c1019cf.file.index.html.php 第 36 行.
NOTIC: [8] Undefined index: news C:\wnmp\wwwroot\houtai\DataSource\Runtime\Temp\43ada865f8bc71aef17a87e0ed7c58499c1019cf.file.index.html.php 第 163 行.
NOTIC: [8] Trying to get property of non-object C:\wnmp\wwwroot\houtai\DataSource\Runtime\Temp\43ada865f8bc71aef17a87e0ed7c58499c1019cf.file.index.html.php 第 163 行.
INFO: Run ParseTemplate Behavior [ RunTime:0.062543s ]
INFO: [ view_parse ] --END-- [ RunTime:0.062620s ]
INFO: [ view_filter ] --START--
INFO: Run ContentReplace Behavior [ RunTime:0.000739s ]
INFO: Run TokenBuild Behavior [ RunTime:0.000396s ]
INFO: Run WriteHtmlCache Behavior [ RunTime:0.000304s ]
INFO: Run ShowRuntime Behavior [ RunTime:0.000461s ]
INFO: [ view_filter ] --END-- [ RunTime:0.002038s ]
INFO: [ view_end ] --START--
INFO: Run ShowPageTrace Behavior [ RunTime:0.000566s ]
INFO: [ view_end ] --END-- [ RunTime:0.000622s ]

[ 2016-11-08T15:11:50+08:00 ] /static/images/2017/airanshao_logo.jpg
INFO: [ route_check ] --START--
INFO: Run CheckRoute Behavior [ RunTime:0.001233s ]
INFO: [ route_check ] --END-- [ RunTime:0.001383s ]
INFO: [ app_begin ] --START--
INFO: Run ReadHtmlCache Behavior [ RunTime:0.001184s ]
INFO: [ app_begin ] --END-- [ RunTime:0.001279s ]
ERR: 无法加载模块:Static

[ 2016-11-08T15:12:41+08:00 ] /
INFO: [ app_begin ] --START--
INFO: Run ReadHtmlCache Behavior [ RunTime:0.000611s ]
INFO: [ app_begin ] --END-- [ RunTime:0.000702s ]
INFO: [ view_template ] --START--
INFO: Run LocationTemplate Behavior [ RunTime:0.000967s ]
INFO: [ view_template ] --END-- [ RunTime:0.001042s ]
INFO: [ view_parse ] --START--
NOTIC: [8] Undefined index: tilte C:\wnmp\wwwroot\houtai\DataSource\Runtime\Temp\43ada865f8bc71aef17a87e0ed7c58499c1019cf.file.index.html.php 第 36 行.
NOTIC: [8] Trying to get property of non-object C:\wnmp\wwwroot\houtai\DataSource\Runtime\Temp\43ada865f8bc71aef17a87e0ed7c58499c1019cf.file.index.html.php 第 36 行.
NOTIC: [8] Undefined index: news C:\wnmp\wwwroot\houtai\DataSource\Runtime\Temp\43ada865f8bc71aef17a87e0ed7c58499c1019cf.file.index.html.php 第 163 行.
NOTIC: [8] Trying to get property of non-object C:\wnmp\wwwroot\houtai\DataSource\Runtime\Temp\43ada865f8bc71aef17a87e0ed7c58499c1019cf.file.index.html.php 第 163 行.
INFO: Run ParseTemplate Behavior [ RunTime:0.069010s ]
INFO: [ view_parse ] --END-- [ RunTime:0.069112s ]
INFO: [ view_filter ] --START--
INFO: Run ContentReplace Behavior [ RunTime:0.001423s ]
INFO: Run TokenBuild Behavior [ RunTime:0.001184s ]
INFO: Run WriteHtmlCache Behavior [ RunTime:0.000670s ]
INFO: Run ShowRuntime Behavior [ RunTime:0.000914s ]
INFO: [ view_filter ] --END-- [ RunTime:0.004608s ]
INFO: [ view_end ] --START--
INFO: Run ShowPageTrace Behavior [ RunTime:0.003019s ]
INFO: [ view_end ] --END-- [ RunTime:0.003240s ]

[ 2016-11-08T15:12:41+08:00 ] /static/images/2017airanshao_logo.png
INFO: [ route_check ] --START--
INFO: Run CheckRoute Behavior [ RunTime:0.000997s ]
INFO: [ route_check ] --END-- [ RunTime:0.001096s ]
INFO: [ app_begin ] --START--
INFO: Run ReadHtmlCache Behavior [ RunTime:0.000937s ]
INFO: [ app_begin ] --END-- [ RunTime:0.001024s ]
ERR: 无法加载模块:Static

[ 2016-11-08T15:12:51+08:00 ] /
INFO: [ app_begin ] --START--
INFO: Run ReadHtmlCache Behavior [ RunTime:0.000971s ]
INFO: [ app_begin ] --END-- [ RunTime:0.001083s ]
INFO: [ view_template ] --START--
INFO: Run LocationTemplate Behavior [ RunTime:0.001164s ]
INFO: [ view_template ] --END-- [ RunTime:0.001276s ]
INFO: [ view_parse ] --START--
NOTIC: [8] Undefined index: tilte C:\wnmp\wwwroot\houtai\DataSource\Runtime\Temp\43ada865f8bc71aef17a87e0ed7c58499c1019cf.file.index.html.php 第 36 行.
NOTIC: [8] Trying to get property of non-object C:\wnmp\wwwroot\houtai\DataSource\Runtime\Temp\43ada865f8bc71aef17a87e0ed7c58499c1019cf.file.index.html.php 第 36 行.
NOTIC: [8] Undefined index: news C:\wnmp\wwwroot\houtai\DataSource\Runtime\Temp\43ada865f8bc71aef17a87e0ed7c58499c1019cf.file.index.html.php 第 163 行.
NOTIC: [8] Trying to get property of non-object C:\wnmp\wwwroot\houtai\DataSource\Runtime\Temp\43ada865f8bc71aef17a87e0ed7c58499c1019cf.file.index.html.php 第 163 行.
INFO: Run ParseTemplate Behavior [ RunTime:0.053802s ]
INFO: [ view_parse ] --END-- [ RunTime:0.053895s ]
INFO: [ view_filter ] --START--
INFO: Run ContentReplace Behavior [ RunTime:0.000701s ]
INFO: Run TokenBuild Behavior [ RunTime:0.000411s ]
INFO: Run WriteHtmlCache Behavior [ RunTime:0.000311s ]
INFO: Run ShowRuntime Behavior [ RunTime:0.000482s ]
INFO: [ view_filter ] --END-- [ RunTime:0.002039s ]
INFO: [ view_end ] --START--
INFO: Run ShowPageTrace Behavior [ RunTime:0.000581s ]
INFO: [ view_end ] --END-- [ RunTime:0.000644s ]

[ 2016-11-08T15:13:14+08:00 ] /
INFO: [ app_begin ] --START--
INFO: Run ReadHtmlCache Behavior [ RunTime:0.000513s ]
INFO: [ app_begin ] --END-- [ RunTime:0.000577s ]
INFO: [ view_template ] --START--
INFO: Run LocationTemplate Behavior [ RunTime:0.001014s ]
INFO: [ view_template ] --END-- [ RunTime:0.001104s ]
INFO: [ view_parse ] --START--
NOTIC: [8] Undefined index: tilte C:\wnmp\wwwroot\houtai\DataSource\Runtime\Temp\43ada865f8bc71aef17a87e0ed7c58499c1019cf.file.index.html.php 第 36 行.
NOTIC: [8] Trying to get property of non-object C:\wnmp\wwwroot\houtai\DataSource\Runtime\Temp\43ada865f8bc71aef17a87e0ed7c58499c1019cf.file.index.html.php 第 36 行.
NOTIC: [8] Undefined index: news C:\wnmp\wwwroot\houtai\DataSource\Runtime\Temp\43ada865f8bc71aef17a87e0ed7c58499c1019cf.file.index.html.php 第 163 行.
NOTIC: [8] Trying to get property of non-object C:\wnmp\wwwroot\houtai\DataSource\Runtime\Temp\43ada865f8bc71aef17a87e0ed7c58499c1019cf.file.index.html.php 第 163 行.
INFO: Run ParseTemplate Behavior [ RunTime:0.047639s ]
INFO: [ view_parse ] --END-- [ RunTime:0.047702s ]
INFO: [ view_filter ] --START--
INFO: Run ContentReplace Behavior [ RunTime:0.000825s ]
INFO: Run TokenBuild Behavior [ RunTime:0.000759s ]
INFO: Run WriteHtmlCache Behavior [ RunTime:0.000610s ]
INFO: Run ShowRuntime Behavior [ RunTime:0.000577s ]
INFO: [ view_filter ] --END-- [ RunTime:0.003029s ]
INFO: [ view_end ] --START--
INFO: Run ShowPageTrace Behavior [ RunTime:0.000895s ]
INFO: [ view_end ] --END-- [ RunTime:0.000964s ]

[ 2016-11-08T15:13:37+08:00 ] /
INFO: [ app_begin ] --START--
INFO: Run ReadHtmlCache Behavior [ RunTime:0.000529s ]
INFO: [ app_begin ] --END-- [ RunTime:0.000593s ]
INFO: [ view_template ] --START--
INFO: Run LocationTemplate Behavior [ RunTime:0.000712s ]
INFO: [ view_template ] --END-- [ RunTime:0.000789s ]
INFO: [ view_parse ] --START--
NOTIC: [8] Undefined index: tilte C:\wnmp\wwwroot\houtai\DataSource\Runtime\Temp\43ada865f8bc71aef17a87e0ed7c58499c1019cf.file.index.html.php 第 36 行.
NOTIC: [8] Trying to get property of non-object C:\wnmp\wwwroot\houtai\DataSource\Runtime\Temp\43ada865f8bc71aef17a87e0ed7c58499c1019cf.file.index.html.php 第 36 行.
NOTIC: [8] Undefined index: news C:\wnmp\wwwroot\houtai\DataSource\Runtime\Temp\43ada865f8bc71aef17a87e0ed7c58499c1019cf.file.index.html.php 第 163 行.
NOTIC: [8] Trying to get property of non-object C:\wnmp\wwwroot\houtai\DataSource\Runtime\Temp\43ada865f8bc71aef17a87e0ed7c58499c1019cf.file.index.html.php 第 163 行.
INFO: Run ParseTemplate Behavior [ RunTime:0.046637s ]
INFO: [ view_parse ] --END-- [ RunTime:0.046694s ]
INFO: [ view_filter ] --START--
INFO: Run ContentReplace Behavior [ RunTime:0.000680s ]
INFO: Run TokenBuild Behavior [ RunTime:0.000357s ]
INFO: Run WriteHtmlCache Behavior [ RunTime:0.000278s ]
INFO: Run ShowRuntime Behavior [ RunTime:0.000469s ]
INFO: [ view_filter ] --END-- [ RunTime:0.001900s ]
INFO: [ view_end ] --START--
INFO: Run ShowPageTrace Behavior [ RunTime:0.000545s ]
INFO: [ view_end ] --END-- [ RunTime:0.000590s ]

[ 2016-11-08T15:15:55+08:00 ] /
INFO: [ app_begin ] --START--
INFO: Run ReadHtmlCache Behavior [ RunTime:0.001075s ]
INFO: [ app_begin ] --END-- [ RunTime:0.001181s ]
INFO: [ view_template ] --START--
INFO: Run LocationTemplate Behavior [ RunTime:0.000836s ]
INFO: [ view_template ] --END-- [ RunTime:0.000911s ]
INFO: [ view_parse ] --START--
NOTIC: [8] Undefined index: tilte C:\wnmp\wwwroot\houtai\DataSource\Runtime\Temp\43ada865f8bc71aef17a87e0ed7c58499c1019cf.file.index.html.php 第 36 行.
NOTIC: [8] Trying to get property of non-object C:\wnmp\wwwroot\houtai\DataSource\Runtime\Temp\43ada865f8bc71aef17a87e0ed7c58499c1019cf.file.index.html.php 第 36 行.
NOTIC: [8] Undefined index: news C:\wnmp\wwwroot\houtai\DataSource\Runtime\Temp\43ada865f8bc71aef17a87e0ed7c58499c1019cf.file.index.html.php 第 163 行.
NOTIC: [8] Trying to get property of non-object C:\wnmp\wwwroot\houtai\DataSource\Runtime\Temp\43ada865f8bc71aef17a87e0ed7c58499c1019cf.file.index.html.php 第 163 行.
INFO: Run ParseTemplate Behavior [ RunTime:0.052898s ]
INFO: [ view_parse ] --END-- [ RunTime:0.052969s ]
INFO: [ view_filter ] --START--
INFO: Run ContentReplace Behavior [ RunTime:0.000754s ]
INFO: Run TokenBuild Behavior [ RunTime:0.000463s ]
INFO: Run WriteHtmlCache Behavior [ RunTime:0.000456s ]
INFO: Run ShowRuntime Behavior [ RunTime:0.000493s ]
INFO: [ view_filter ] --END-- [ RunTime:0.002361s ]
INFO: [ view_end ] --START--
INFO: Run ShowPageTrace Behavior [ RunTime:0.000763s ]
INFO: [ view_end ] --END-- [ RunTime:0.000894s ]

[ 2016-11-08T15:15:55+08:00 ] /static/images/2017/paomabang_logo.png
INFO: [ route_check ] --START--
INFO: Run CheckRoute Behavior [ RunTime:0.001270s ]
INFO: [ route_check ] --END-- [ RunTime:0.001484s ]
INFO: [ app_begin ] --START--
INFO: Run ReadHtmlCache Behavior [ RunTime:0.001370s ]
INFO: [ app_begin ] --END-- [ RunTime:0.001489s ]
ERR: 无法加载模块:Static

[ 2016-11-08T15:16:19+08:00 ] /
INFO: [ app_begin ] --START--
INFO: Run ReadHtmlCache Behavior [ RunTime:0.000416s ]
INFO: [ app_begin ] --END-- [ RunTime:0.000492s ]
INFO: [ view_template ] --START--
INFO: Run LocationTemplate Behavior [ RunTime:0.000708s ]
INFO: [ view_template ] --END-- [ RunTime:0.000761s ]
INFO: [ view_parse ] --START--
NOTIC: [8] Undefined index: tilte C:\wnmp\wwwroot\houtai\DataSource\Runtime\Temp\43ada865f8bc71aef17a87e0ed7c58499c1019cf.file.index.html.php 第 36 行.
NOTIC: [8] Trying to get property of non-object C:\wnmp\wwwroot\houtai\DataSource\Runtime\Temp\43ada865f8bc71aef17a87e0ed7c58499c1019cf.file.index.html.php 第 36 行.
NOTIC: [8] Undefined index: news C:\wnmp\wwwroot\houtai\DataSource\Runtime\Temp\43ada865f8bc71aef17a87e0ed7c58499c1019cf.file.index.html.php 第 163 行.
NOTIC: [8] Trying to get property of non-object C:\wnmp\wwwroot\houtai\DataSource\Runtime\Temp\43ada865f8bc71aef17a87e0ed7c58499c1019cf.file.index.html.php 第 163 行.
INFO: Run ParseTemplate Behavior [ RunTime:0.049174s ]
INFO: [ view_parse ] --END-- [ RunTime:0.049231s ]
INFO: [ view_filter ] --START--
INFO: Run ContentReplace Behavior [ RunTime:0.000806s ]
INFO: Run TokenBuild Behavior [ RunTime:0.000456s ]
INFO: Run WriteHtmlCache Behavior [ RunTime:0.000279s ]
INFO: Run ShowRuntime Behavior [ RunTime:0.000397s ]
INFO: [ view_filter ] --END-- [ RunTime:0.002056s ]
INFO: [ view_end ] --START--
INFO: Run ShowPageTrace Behavior [ RunTime:0.000647s ]
INFO: [ view_end ] --END-- [ RunTime:0.000710s ]

[ 2016-11-08T15:21:42+08:00 ] /
INFO: [ app_begin ] --START--
INFO: Run ReadHtmlCache Behavior [ RunTime:0.001993s ]
INFO: [ app_begin ] --END-- [ RunTime:0.002807s ]
INFO: [ view_template ] --START--
INFO: Run LocationTemplate Behavior [ RunTime:0.001349s ]
INFO: [ view_template ] --END-- [ RunTime:0.001414s ]
INFO: [ view_parse ] --START--
NOTIC: [8] Undefined index: tilte C:\wnmp\wwwroot\houtai\DataSource\Runtime\Temp\43ada865f8bc71aef17a87e0ed7c58499c1019cf.file.index.html.php 第 36 行.
NOTIC: [8] Trying to get property of non-object C:\wnmp\wwwroot\houtai\DataSource\Runtime\Temp\43ada865f8bc71aef17a87e0ed7c58499c1019cf.file.index.html.php 第 36 行.
NOTIC: [8] Undefined index: news C:\wnmp\wwwroot\houtai\DataSource\Runtime\Temp\43ada865f8bc71aef17a87e0ed7c58499c1019cf.file.index.html.php 第 163 行.
NOTIC: [8] Trying to get property of non-object C:\wnmp\wwwroot\houtai\DataSource\Runtime\Temp\43ada865f8bc71aef17a87e0ed7c58499c1019cf.file.index.html.php 第 163 行.
INFO: Run ParseTemplate Behavior [ RunTime:0.093125s ]
INFO: [ view_parse ] --END-- [ RunTime:0.093203s ]
INFO: [ view_filter ] --START--
INFO: Run ContentReplace Behavior [ RunTime:0.001038s ]
INFO: Run TokenBuild Behavior [ RunTime:0.000793s ]
INFO: Run WriteHtmlCache Behavior [ RunTime:0.000764s ]
INFO: Run ShowRuntime Behavior [ RunTime:0.000849s ]
INFO: [ view_filter ] --END-- [ RunTime:0.003644s ]
INFO: [ view_end ] --START--
INFO: Run ShowPageTrace Behavior [ RunTime:0.000971s ]
INFO: [ view_end ] --END-- [ RunTime:0.001044s ]

[ 2016-11-08T15:45:58+08:00 ] /
INFO: [ app_begin ] --START--
INFO: Run ReadHtmlCache Behavior [ RunTime:0.002155s ]
INFO: [ app_begin ] --END-- [ RunTime:0.002883s ]
INFO: [ view_template ] --START--
INFO: Run LocationTemplate Behavior [ RunTime:0.002480s ]
INFO: [ view_template ] --END-- [ RunTime:0.002594s ]
INFO: [ view_parse ] --START--
NOTIC: [8] Undefined index: tilte C:\wnmp\wwwroot\houtai\DataSource\Runtime\Temp\43ada865f8bc71aef17a87e0ed7c58499c1019cf.file.index.html.php 第 36 行.
NOTIC: [8] Trying to get property of non-object C:\wnmp\wwwroot\houtai\DataSource\Runtime\Temp\43ada865f8bc71aef17a87e0ed7c58499c1019cf.file.index.html.php 第 36 行.
NOTIC: [8] Undefined index: news C:\wnmp\wwwroot\houtai\DataSource\Runtime\Temp\43ada865f8bc71aef17a87e0ed7c58499c1019cf.file.index.html.php 第 163 行.
NOTIC: [8] Trying to get property of non-object C:\wnmp\wwwroot\houtai\DataSource\Runtime\Temp\43ada865f8bc71aef17a87e0ed7c58499c1019cf.file.index.html.php 第 163 行.
INFO: Run ParseTemplate Behavior [ RunTime:0.086694s ]
INFO: [ view_parse ] --END-- [ RunTime:0.086789s ]
INFO: [ view_filter ] --START--
INFO: Run ContentReplace Behavior [ RunTime:0.001041s ]
INFO: Run TokenBuild Behavior [ RunTime:0.000714s ]
INFO: Run WriteHtmlCache Behavior [ RunTime:0.000637s ]
INFO: Run ShowRuntime Behavior [ RunTime:0.000800s ]
INFO: [ view_filter ] --END-- [ RunTime:0.003338s ]
INFO: [ view_end ] --START--
INFO: Run ShowPageTrace Behavior [ RunTime:0.000925s ]
INFO: [ view_end ] --END-- [ RunTime:0.000998s ]

[ 2016-11-08T15:45:58+08:00 ] /static/images/2017/woyaosai_logo.png
INFO: [ route_check ] --START--
INFO: Run CheckRoute Behavior [ RunTime:0.004608s ]
INFO: [ route_check ] --END-- [ RunTime:0.004751s ]
INFO: [ app_begin ] --START--
INFO: Run ReadHtmlCache Behavior [ RunTime:0.000829s ]
INFO: [ app_begin ] --END-- [ RunTime:0.000916s ]
ERR: 无法加载模块:Static

[ 2016-11-08T15:46:18+08:00 ] /
INFO: [ app_begin ] --START--
INFO: Run ReadHtmlCache Behavior [ RunTime:0.000408s ]
INFO: [ app_begin ] --END-- [ RunTime:0.000475s ]
INFO: [ view_template ] --START--
INFO: Run LocationTemplate Behavior [ RunTime:0.000700s ]
INFO: [ view_template ] --END-- [ RunTime:0.000751s ]
INFO: [ view_parse ] --START--
NOTIC: [8] Undefined index: tilte C:\wnmp\wwwroot\houtai\DataSource\Runtime\Temp\43ada865f8bc71aef17a87e0ed7c58499c1019cf.file.index.html.php 第 36 行.
NOTIC: [8] Trying to get property of non-object C:\wnmp\wwwroot\houtai\DataSource\Runtime\Temp\43ada865f8bc71aef17a87e0ed7c58499c1019cf.file.index.html.php 第 36 行.
NOTIC: [8] Undefined index: news C:\wnmp\wwwroot\houtai\DataSource\Runtime\Temp\43ada865f8bc71aef17a87e0ed7c58499c1019cf.file.index.html.php 第 163 行.
NOTIC: [8] Trying to get property of non-object C:\wnmp\wwwroot\houtai\DataSource\Runtime\Temp\43ada865f8bc71aef17a87e0ed7c58499c1019cf.file.index.html.php 第 163 行.
INFO: Run ParseTemplate Behavior [ RunTime:0.048588s ]
INFO: [ view_parse ] --END-- [ RunTime:0.048644s ]
INFO: [ view_filter ] --START--
INFO: Run ContentReplace Behavior [ RunTime:0.000950s ]
INFO: Run TokenBuild Behavior [ RunTime:0.000618s ]
INFO: Run WriteHtmlCache Behavior [ RunTime:0.000367s ]
INFO: Run ShowRuntime Behavior [ RunTime:0.000599s ]
INFO: [ view_filter ] --END-- [ RunTime:0.002694s ]
INFO: [ view_end ] --START--
INFO: Run ShowPageTrace Behavior [ RunTime:0.000776s ]
INFO: [ view_end ] --END-- [ RunTime:0.000852s ]

[ 2016-11-08T15:50:41+08:00 ] /
INFO: [ app_begin ] --START--
INFO: Run ReadHtmlCache Behavior [ RunTime:0.001117s ]
INFO: [ app_begin ] --END-- [ RunTime:0.001248s ]
INFO: [ view_template ] --START--
INFO: Run LocationTemplate Behavior [ RunTime:0.001327s ]
INFO: [ view_template ] --END-- [ RunTime:0.001413s ]
INFO: [ view_parse ] --START--
NOTIC: [8] Undefined index: tilte C:\wnmp\wwwroot\houtai\DataSource\Runtime\Temp\43ada865f8bc71aef17a87e0ed7c58499c1019cf.file.index.html.php 第 36 行.
NOTIC: [8] Trying to get property of non-object C:\wnmp\wwwroot\houtai\DataSource\Runtime\Temp\43ada865f8bc71aef17a87e0ed7c58499c1019cf.file.index.html.php 第 36 行.
NOTIC: [8] Undefined index: news C:\wnmp\wwwroot\houtai\DataSource\Runtime\Temp\43ada865f8bc71aef17a87e0ed7c58499c1019cf.file.index.html.php 第 163 行.
NOTIC: [8] Trying to get property of non-object C:\wnmp\wwwroot\houtai\DataSource\Runtime\Temp\43ada865f8bc71aef17a87e0ed7c58499c1019cf.file.index.html.php 第 163 行.
INFO: Run ParseTemplate Behavior [ RunTime:0.089121s ]
INFO: [ view_parse ] --END-- [ RunTime:0.089199s ]
INFO: [ view_filter ] --START--
INFO: Run ContentReplace Behavior [ RunTime:0.013625s ]
INFO: Run TokenBuild Behavior [ RunTime:0.001264s ]
INFO: Run WriteHtmlCache Behavior [ RunTime:0.000841s ]
INFO: Run ShowRuntime Behavior [ RunTime:0.001673s ]
INFO: [ view_filter ] --END-- [ RunTime:0.017625s ]
INFO: [ view_end ] --START--
INFO: Run ShowPageTrace Behavior [ RunTime:0.001300s ]
INFO: [ view_end ] --END-- [ RunTime:0.001382s ]

[ 2016-11-08T16:03:05+08:00 ] /
INFO: [ app_begin ] --START--
INFO: Run ReadHtmlCache Behavior [ RunTime:0.002088s ]
INFO: [ app_begin ] --END-- [ RunTime:0.003323s ]
INFO: [ view_template ] --START--
INFO: Run LocationTemplate Behavior [ RunTime:0.001690s ]
INFO: [ view_template ] --END-- [ RunTime:0.001803s ]
INFO: [ view_parse ] --START--
NOTIC: [8] Undefined index: tilte C:\wnmp\wwwroot\houtai\DataSource\Runtime\Temp\43ada865f8bc71aef17a87e0ed7c58499c1019cf.file.index.html.php 第 36 行.
NOTIC: [8] Trying to get property of non-object C:\wnmp\wwwroot\houtai\DataSource\Runtime\Temp\43ada865f8bc71aef17a87e0ed7c58499c1019cf.file.index.html.php 第 36 行.
NOTIC: [8] Undefined index: news C:\wnmp\wwwroot\houtai\DataSource\Runtime\Temp\43ada865f8bc71aef17a87e0ed7c58499c1019cf.file.index.html.php 第 163 行.
NOTIC: [8] Trying to get property of non-object C:\wnmp\wwwroot\houtai\DataSource\Runtime\Temp\43ada865f8bc71aef17a87e0ed7c58499c1019cf.file.index.html.php 第 163 行.
INFO: Run ParseTemplate Behavior [ RunTime:0.083580s ]
INFO: [ view_parse ] --END-- [ RunTime:0.083643s ]
INFO: [ view_filter ] --START--
INFO: Run ContentReplace Behavior [ RunTime:0.001042s ]
INFO: Run TokenBuild Behavior [ RunTime:0.000783s ]
INFO: Run WriteHtmlCache Behavior [ RunTime:0.000690s ]
INFO: Run ShowRuntime Behavior [ RunTime:0.000877s ]
INFO: [ view_filter ] --END-- [ RunTime:0.003558s ]
INFO: [ view_end ] --START--
INFO: Run ShowPageTrace Behavior [ RunTime:0.001470s ]
INFO: [ view_end ] --END-- [ RunTime:0.001570s ]

[ 2016-11-08T16:07:48+08:00 ] /
INFO: [ app_begin ] --START--
INFO: Run ReadHtmlCache Behavior [ RunTime:0.000785s ]
INFO: [ app_begin ] --END-- [ RunTime:0.000888s ]
INFO: [ view_template ] --START--
INFO: Run LocationTemplate Behavior [ RunTime:0.001048s ]
INFO: [ view_template ] --END-- [ RunTime:0.001122s ]
INFO: [ view_parse ] --START--
NOTIC: [8] Undefined index: tilte C:\wnmp\wwwroot\houtai\DataSource\Runtime\Temp\43ada865f8bc71aef17a87e0ed7c58499c1019cf.file.index.html.php 第 36 行.
NOTIC: [8] Trying to get property of non-object C:\wnmp\wwwroot\houtai\DataSource\Runtime\Temp\43ada865f8bc71aef17a87e0ed7c58499c1019cf.file.index.html.php 第 36 行.
NOTIC: [8] Undefined index: news C:\wnmp\wwwroot\houtai\DataSource\Runtime\Temp\43ada865f8bc71aef17a87e0ed7c58499c1019cf.file.index.html.php 第 163 行.
NOTIC: [8] Trying to get property of non-object C:\wnmp\wwwroot\houtai\DataSource\Runtime\Temp\43ada865f8bc71aef17a87e0ed7c58499c1019cf.file.index.html.php 第 163 行.
INFO: Run ParseTemplate Behavior [ RunTime:0.013032s ]
INFO: [ view_parse ] --END-- [ RunTime:0.013085s ]
INFO: [ view_filter ] --START--
INFO: Run ContentReplace Behavior [ RunTime:0.000545s ]
INFO: Run TokenBuild Behavior [ RunTime:0.000369s ]
INFO: Run WriteHtmlCache Behavior [ RunTime:0.000276s ]
INFO: Run ShowRuntime Behavior [ RunTime:0.000445s ]
INFO: [ view_filter ] --END-- [ RunTime:0.001749s ]
INFO: [ view_end ] --START--
INFO: Run ShowPageTrace Behavior [ RunTime:0.000576s ]
INFO: [ view_end ] --END-- [ RunTime:0.000622s ]

[ 2016-11-08T16:08:18+08:00 ] /
INFO: [ app_begin ] --START--
INFO: Run ReadHtmlCache Behavior [ RunTime:0.000430s ]
INFO: [ app_begin ] --END-- [ RunTime:0.000527s ]
INFO: [ view_template ] --START--
INFO: Run LocationTemplate Behavior [ RunTime:0.000478s ]
INFO: [ view_template ] --END-- [ RunTime:0.000527s ]
INFO: [ view_parse ] --START--
NOTIC: [8] Undefined index: tilte C:\wnmp\wwwroot\houtai\DataSource\Runtime\Temp\43ada865f8bc71aef17a87e0ed7c58499c1019cf.file.index.html.php 第 36 行.
NOTIC: [8] Trying to get property of non-object C:\wnmp\wwwroot\houtai\DataSource\Runtime\Temp\43ada865f8bc71aef17a87e0ed7c58499c1019cf.file.index.html.php 第 36 行.
NOTIC: [8] Undefined index: news C:\wnmp\wwwroot\houtai\DataSource\Runtime\Temp\43ada865f8bc71aef17a87e0ed7c58499c1019cf.file.index.html.php 第 163 行.
NOTIC: [8] Trying to get property of non-object C:\wnmp\wwwroot\houtai\DataSource\Runtime\Temp\43ada865f8bc71aef17a87e0ed7c58499c1019cf.file.index.html.php 第 163 行.
INFO: Run ParseTemplate Behavior [ RunTime:0.046800s ]
INFO: [ view_parse ] --END-- [ RunTime:0.046938s ]
INFO: [ view_filter ] --START--
INFO: Run ContentReplace Behavior [ RunTime:0.000718s ]
INFO: Run TokenBuild Behavior [ RunTime:0.000505s ]
INFO: Run WriteHtmlCache Behavior [ RunTime:0.000295s ]
INFO: Run ShowRuntime Behavior [ RunTime:0.000463s ]
INFO: [ view_filter ] --END-- [ RunTime:0.002119s ]
INFO: [ view_end ] --START--
INFO: Run ShowPageTrace Behavior [ RunTime:0.000521s ]
INFO: [ view_end ] --END-- [ RunTime:0.000568s ]

[ 2016-11-08T16:10:03+08:00 ] /
INFO: [ app_begin ] --START--
INFO: Run ReadHtmlCache Behavior [ RunTime:0.000677s ]
INFO: [ app_begin ] --END-- [ RunTime:0.000785s ]
INFO: [ view_template ] --START--
INFO: Run LocationTemplate Behavior [ RunTime:0.000737s ]
INFO: [ view_template ] --END-- [ RunTime:0.000798s ]
INFO: [ view_parse ] --START--
NOTIC: [8] Undefined index: tilte C:\wnmp\wwwroot\houtai\DataSource\Runtime\Temp\43ada865f8bc71aef17a87e0ed7c58499c1019cf.file.index.html.php 第 36 行.
NOTIC: [8] Trying to get property of non-object C:\wnmp\wwwroot\houtai\DataSource\Runtime\Temp\43ada865f8bc71aef17a87e0ed7c58499c1019cf.file.index.html.php 第 36 行.
NOTIC: [8] Undefined index: news C:\wnmp\wwwroot\houtai\DataSource\Runtime\Temp\43ada865f8bc71aef17a87e0ed7c58499c1019cf.file.index.html.php 第 163 行.
NOTIC: [8] Trying to get property of non-object C:\wnmp\wwwroot\houtai\DataSource\Runtime\Temp\43ada865f8bc71aef17a87e0ed7c58499c1019cf.file.index.html.php 第 163 行.
INFO: Run ParseTemplate Behavior [ RunTime:0.065637s ]
INFO: [ view_parse ] --END-- [ RunTime:0.065705s ]
INFO: [ view_filter ] --START--
INFO: Run ContentReplace Behavior [ RunTime:0.000947s ]
INFO: Run TokenBuild Behavior [ RunTime:0.000657s ]
INFO: Run WriteHtmlCache Behavior [ RunTime:0.000376s ]
INFO: Run ShowRuntime Behavior [ RunTime:0.000617s ]
INFO: [ view_filter ] --END-- [ RunTime:0.002770s ]
INFO: [ view_end ] --START--
INFO: Run ShowPageTrace Behavior [ RunTime:0.000676s ]
INFO: [ view_end ] --END-- [ RunTime:0.000750s ]

[ 2016-11-08T16:12:23+08:00 ] /
INFO: [ app_begin ] --START--
INFO: Run ReadHtmlCache Behavior [ RunTime:0.000557s ]
INFO: [ app_begin ] --END-- [ RunTime:0.000650s ]
INFO: [ view_template ] --START--
INFO: Run LocationTemplate Behavior [ RunTime:0.000702s ]
INFO: [ view_template ] --END-- [ RunTime:0.000753s ]
INFO: [ view_parse ] --START--
NOTIC: [8] Undefined index: tilte C:\wnmp\wwwroot\houtai\DataSource\Runtime\Temp\43ada865f8bc71aef17a87e0ed7c58499c1019cf.file.index.html.php 第 36 行.
NOTIC: [8] Trying to get property of non-object C:\wnmp\wwwroot\houtai\DataSource\Runtime\Temp\43ada865f8bc71aef17a87e0ed7c58499c1019cf.file.index.html.php 第 36 行.
NOTIC: [8] Undefined index: news C:\wnmp\wwwroot\houtai\DataSource\Runtime\Temp\43ada865f8bc71aef17a87e0ed7c58499c1019cf.file.index.html.php 第 163 行.
NOTIC: [8] Trying to get property of non-object C:\wnmp\wwwroot\houtai\DataSource\Runtime\Temp\43ada865f8bc71aef17a87e0ed7c58499c1019cf.file.index.html.php 第 163 行.
INFO: Run ParseTemplate Behavior [ RunTime:0.056629s ]
INFO: [ view_parse ] --END-- [ RunTime:0.056687s ]
INFO: [ view_filter ] --START--
INFO: Run ContentReplace Behavior [ RunTime:0.000868s ]
INFO: Run TokenBuild Behavior [ RunTime:0.000486s ]
INFO: Run WriteHtmlCache Behavior [ RunTime:0.000283s ]
INFO: Run ShowRuntime Behavior [ RunTime:0.000526s ]
INFO: [ view_filter ] --END-- [ RunTime:0.002294s ]
INFO: [ view_end ] --START--
INFO: Run ShowPageTrace Behavior [ RunTime:0.000598s ]
INFO: [ view_end ] --END-- [ RunTime:0.000649s ]

[ 2016-11-08T16:12:44+08:00 ] /
INFO: [ app_begin ] --START--
INFO: Run ReadHtmlCache Behavior [ RunTime:0.000513s ]
INFO: [ app_begin ] --END-- [ RunTime:0.000589s ]
INFO: [ view_template ] --START--
INFO: Run LocationTemplate Behavior [ RunTime:0.000768s ]
INFO: [ view_template ] --END-- [ RunTime:0.000830s ]
INFO: [ view_parse ] --START--
NOTIC: [8] Undefined index: tilte C:\wnmp\wwwroot\houtai\DataSource\Runtime\Temp\43ada865f8bc71aef17a87e0ed7c58499c1019cf.file.index.html.php 第 36 行.
NOTIC: [8] Trying to get property of non-object C:\wnmp\wwwroot\houtai\DataSource\Runtime\Temp\43ada865f8bc71aef17a87e0ed7c58499c1019cf.file.index.html.php 第 36 行.
NOTIC: [8] Undefined index: news C:\wnmp\wwwroot\houtai\DataSource\Runtime\Temp\43ada865f8bc71aef17a87e0ed7c58499c1019cf.file.index.html.php 第 163 行.
NOTIC: [8] Trying to get property of non-object C:\wnmp\wwwroot\houtai\DataSource\Runtime\Temp\43ada865f8bc71aef17a87e0ed7c58499c1019cf.file.index.html.php 第 163 行.
INFO: Run ParseTemplate Behavior [ RunTime:0.051136s ]
INFO: [ view_parse ] --END-- [ RunTime:0.051196s ]
INFO: [ view_filter ] --START--
INFO: Run ContentReplace Behavior [ RunTime:0.000661s ]
INFO: Run TokenBuild Behavior [ RunTime:0.000356s ]
INFO: Run WriteHtmlCache Behavior [ RunTime:0.000337s ]
INFO: Run ShowRuntime Behavior [ RunTime:0.000426s ]
INFO: [ view_filter ] --END-- [ RunTime:0.001910s ]
INFO: [ view_end ] --START--
INFO: Run ShowPageTrace Behavior [ RunTime:0.000556s ]
INFO: [ view_end ] --END-- [ RunTime:0.000603s ]

[ 2016-11-08T16:12:54+08:00 ] /
INFO: [ app_begin ] --START--
INFO: Run ReadHtmlCache Behavior [ RunTime:0.000763s ]
INFO: [ app_begin ] --END-- [ RunTime:0.000841s ]
INFO: [ view_template ] --START--
INFO: Run LocationTemplate Behavior [ RunTime:0.000878s ]
INFO: [ view_template ] --END-- [ RunTime:0.000959s ]
INFO: [ view_parse ] --START--
NOTIC: [8] Undefined index: tilte C:\wnmp\wwwroot\houtai\DataSource\Runtime\Temp\43ada865f8bc71aef17a87e0ed7c58499c1019cf.file.index.html.php 第 36 行.
NOTIC: [8] Trying to get property of non-object C:\wnmp\wwwroot\houtai\DataSource\Runtime\Temp\43ada865f8bc71aef17a87e0ed7c58499c1019cf.file.index.html.php 第 36 行.
NOTIC: [8] Undefined index: news C:\wnmp\wwwroot\houtai\DataSource\Runtime\Temp\43ada865f8bc71aef17a87e0ed7c58499c1019cf.file.index.html.php 第 163 行.
NOTIC: [8] Trying to get property of non-object C:\wnmp\wwwroot\houtai\DataSource\Runtime\Temp\43ada865f8bc71aef17a87e0ed7c58499c1019cf.file.index.html.php 第 163 行.
INFO: Run ParseTemplate Behavior [ RunTime:0.055685s ]
INFO: [ view_parse ] --END-- [ RunTime:0.055760s ]
INFO: [ view_filter ] --START--
INFO: Run ContentReplace Behavior [ RunTime:0.000627s ]
INFO: Run TokenBuild Behavior [ RunTime:0.000841s ]
INFO: Run WriteHtmlCache Behavior [ RunTime:0.000376s ]
INFO: Run ShowRuntime Behavior [ RunTime:0.000728s ]
INFO: [ view_filter ] --END-- [ RunTime:0.002752s ]
INFO: [ view_end ] --START--
INFO: Run ShowPageTrace Behavior [ RunTime:0.000726s ]
INFO: [ view_end ] --END-- [ RunTime:0.000846s ]

[ 2016-11-08T16:16:00+08:00 ] /
INFO: [ app_begin ] --START--
INFO: Run ReadHtmlCache Behavior [ RunTime:0.001817s ]
INFO: [ app_begin ] --END-- [ RunTime:0.002416s ]
INFO: [ view_template ] --START--
INFO: Run LocationTemplate Behavior [ RunTime:0.001585s ]
INFO: [ view_template ] --END-- [ RunTime:0.001663s ]
INFO: [ view_parse ] --START--
NOTIC: [8] Undefined index: tilte C:\wnmp\wwwroot\houtai\DataSource\Runtime\Temp\43ada865f8bc71aef17a87e0ed7c58499c1019cf.file.index.html.php 第 36 行.
NOTIC: [8] Trying to get property of non-object C:\wnmp\wwwroot\houtai\DataSource\Runtime\Temp\43ada865f8bc71aef17a87e0ed7c58499c1019cf.file.index.html.php 第 36 行.
NOTIC: [8] Undefined index: news C:\wnmp\wwwroot\houtai\DataSource\Runtime\Temp\43ada865f8bc71aef17a87e0ed7c58499c1019cf.file.index.html.php 第 163 行.
NOTIC: [8] Trying to get property of non-object C:\wnmp\wwwroot\houtai\DataSource\Runtime\Temp\43ada865f8bc71aef17a87e0ed7c58499c1019cf.file.index.html.php 第 163 行.
INFO: Run ParseTemplate Behavior [ RunTime:0.026334s ]
INFO: [ view_parse ] --END-- [ RunTime:0.026409s ]
INFO: [ view_filter ] --START--
INFO: Run ContentReplace Behavior [ RunTime:0.001366s ]
INFO: Run TokenBuild Behavior [ RunTime:0.000937s ]
INFO: Run WriteHtmlCache Behavior [ RunTime:0.000995s ]
INFO: Run ShowRuntime Behavior [ RunTime:0.001587s ]
INFO: [ view_filter ] --END-- [ RunTime:0.005175s ]
INFO: [ view_end ] --START--
INFO: Run ShowPageTrace Behavior [ RunTime:0.001206s ]
INFO: [ view_end ] --END-- [ RunTime:0.001281s ]

[ 2016-11-08T16:18:38+08:00 ] /
INFO: [ app_begin ] --START--
INFO: Run ReadHtmlCache Behavior [ RunTime:0.001086s ]
INFO: [ app_begin ] --END-- [ RunTime:0.001189s ]
INFO: [ view_template ] --START--
INFO: Run LocationTemplate Behavior [ RunTime:0.000728s ]
INFO: [ view_template ] --END-- [ RunTime:0.000800s ]
INFO: [ view_parse ] --START--
NOTIC: [8] Undefined index: tilte C:\wnmp\wwwroot\houtai\DataSource\Runtime\Temp\43ada865f8bc71aef17a87e0ed7c58499c1019cf.file.index.html.php 第 36 行.
NOTIC: [8] Trying to get property of non-object C:\wnmp\wwwroot\houtai\DataSource\Runtime\Temp\43ada865f8bc71aef17a87e0ed7c58499c1019cf.file.index.html.php 第 36 行.
NOTIC: [8] Undefined index: news C:\wnmp\wwwroot\houtai\DataSource\Runtime\Temp\43ada865f8bc71aef17a87e0ed7c58499c1019cf.file.index.html.php 第 163 行.
NOTIC: [8] Trying to get property of non-object C:\wnmp\wwwroot\houtai\DataSource\Runtime\Temp\43ada865f8bc71aef17a87e0ed7c58499c1019cf.file.index.html.php 第 163 行.
INFO: Run ParseTemplate Behavior [ RunTime:0.081703s ]
INFO: [ view_parse ] --END-- [ RunTime:0.081796s ]
INFO: [ view_filter ] --START--
INFO: Run ContentReplace Behavior [ RunTime:0.000647s ]
INFO: Run TokenBuild Behavior [ RunTime:0.000428s ]
INFO: Run WriteHtmlCache Behavior [ RunTime:0.000281s ]
INFO: Run ShowRuntime Behavior [ RunTime:0.000431s ]
INFO: [ view_filter ] --END-- [ RunTime:0.001908s ]
INFO: [ view_end ] --START--
INFO: Run ShowPageTrace Behavior [ RunTime:0.000512s ]
INFO: [ view_end ] --END-- [ RunTime:0.000556s ]

[ 2016-11-08T16:18:56+08:00 ] /
INFO: [ app_begin ] --START--
INFO: Run ReadHtmlCache Behavior [ RunTime:0.000515s ]
INFO: [ app_begin ] --END-- [ RunTime:0.000601s ]
INFO: [ view_template ] --START--
INFO: Run LocationTemplate Behavior [ RunTime:0.000992s ]
INFO: [ view_template ] --END-- [ RunTime:0.001096s ]
INFO: [ view_parse ] --START--
NOTIC: [8] Undefined index: tilte C:\wnmp\wwwroot\houtai\DataSource\Runtime\Temp\43ada865f8bc71aef17a87e0ed7c58499c1019cf.file.index.html.php 第 36 行.
NOTIC: [8] Trying to get property of non-object C:\wnmp\wwwroot\houtai\DataSource\Runtime\Temp\43ada865f8bc71aef17a87e0ed7c58499c1019cf.file.index.html.php 第 36 行.
NOTIC: [8] Undefined index: news C:\wnmp\wwwroot\houtai\DataSource\Runtime\Temp\43ada865f8bc71aef17a87e0ed7c58499c1019cf.file.index.html.php 第 163 行.
NOTIC: [8] Trying to get property of non-object C:\wnmp\wwwroot\houtai\DataSource\Runtime\Temp\43ada865f8bc71aef17a87e0ed7c58499c1019cf.file.index.html.php 第 163 行.
INFO: Run ParseTemplate Behavior [ RunTime:0.056393s ]
INFO: [ view_parse ] --END-- [ RunTime:0.056461s ]
INFO: [ view_filter ] --START--
INFO: Run ContentReplace Behavior [ RunTime:0.000700s ]
INFO: Run TokenBuild Behavior [ RunTime:0.000360s ]
INFO: Run WriteHtmlCache Behavior [ RunTime:0.000277s ]
INFO: Run ShowRuntime Behavior [ RunTime:0.000448s ]
INFO: [ view_filter ] --END-- [ RunTime:0.001904s ]
INFO: [ view_end ] --START--
INFO: Run ShowPageTrace Behavior [ RunTime:0.000561s ]
INFO: [ view_end ] --END-- [ RunTime:0.000609s ]

[ 2016-11-08T16:19:06+08:00 ] /
INFO: [ app_begin ] --START--
INFO: Run ReadHtmlCache Behavior [ RunTime:0.000468s ]
INFO: [ app_begin ] --END-- [ RunTime:0.000536s ]
INFO: [ view_template ] --START--
INFO: Run LocationTemplate Behavior [ RunTime:0.000694s ]
INFO: [ view_template ] --END-- [ RunTime:0.000821s ]
INFO: [ view_parse ] --START--
NOTIC: [8] Undefined index: tilte C:\wnmp\wwwroot\houtai\DataSource\Runtime\Temp\43ada865f8bc71aef17a87e0ed7c58499c1019cf.file.index.html.php 第 36 行.
NOTIC: [8] Trying to get property of non-object C:\wnmp\wwwroot\houtai\DataSource\Runtime\Temp\43ada865f8bc71aef17a87e0ed7c58499c1019cf.file.index.html.php 第 36 行.
NOTIC: [8] Undefined index: news C:\wnmp\wwwroot\houtai\DataSource\Runtime\Temp\43ada865f8bc71aef17a87e0ed7c58499c1019cf.file.index.html.php 第 163 行.
NOTIC: [8] Trying to get property of non-object C:\wnmp\wwwroot\houtai\DataSource\Runtime\Temp\43ada865f8bc71aef17a87e0ed7c58499c1019cf.file.index.html.php 第 163 行.
INFO: Run ParseTemplate Behavior [ RunTime:0.052182s ]
INFO: [ view_parse ] --END-- [ RunTime:0.052246s ]
INFO: [ view_filter ] --START--
INFO: Run ContentReplace Behavior [ RunTime:0.000825s ]
INFO: Run TokenBuild Behavior [ RunTime:0.000418s ]
INFO: Run WriteHtmlCache Behavior [ RunTime:0.000366s ]
INFO: Run ShowRuntime Behavior [ RunTime:0.000454s ]
INFO: [ view_filter ] --END-- [ RunTime:0.002188s ]
INFO: [ view_end ] --START--
INFO: Run ShowPageTrace Behavior [ RunTime:0.000732s ]
INFO: [ view_end ] --END-- [ RunTime:0.000778s ]

[ 2016-11-08T16:19:21+08:00 ] /
INFO: [ app_begin ] --START--
INFO: Run ReadHtmlCache Behavior [ RunTime:0.000538s ]
INFO: [ app_begin ] --END-- [ RunTime:0.000623s ]
INFO: [ view_template ] --START--
INFO: Run LocationTemplate Behavior [ RunTime:0.000732s ]
INFO: [ view_template ] --END-- [ RunTime:0.000790s ]
INFO: [ view_parse ] --START--
NOTIC: [8] Undefined index: tilte C:\wnmp\wwwroot\houtai\DataSource\Runtime\Temp\43ada865f8bc71aef17a87e0ed7c58499c1019cf.file.index.html.php 第 36 行.
NOTIC: [8] Trying to get property of non-object C:\wnmp\wwwroot\houtai\DataSource\Runtime\Temp\43ada865f8bc71aef17a87e0ed7c58499c1019cf.file.index.html.php 第 36 行.
NOTIC: [8] Undefined index: news C:\wnmp\wwwroot\houtai\DataSource\Runtime\Temp\43ada865f8bc71aef17a87e0ed7c58499c1019cf.file.index.html.php 第 163 行.
NOTIC: [8] Trying to get property of non-object C:\wnmp\wwwroot\houtai\DataSource\Runtime\Temp\43ada865f8bc71aef17a87e0ed7c58499c1019cf.file.index.html.php 第 163 行.
INFO: Run ParseTemplate Behavior [ RunTime:0.058008s ]
INFO: [ view_parse ] --END-- [ RunTime:0.058067s ]
INFO: [ view_filter ] --START--
INFO: Run ContentReplace Behavior [ RunTime:0.000758s ]
INFO: Run TokenBuild Behavior [ RunTime:0.000355s ]
INFO: Run WriteHtmlCache Behavior [ RunTime:0.000275s ]
INFO: Run ShowRuntime Behavior [ RunTime:0.000487s ]
INFO: [ view_filter ] --END-- [ RunTime:0.001995s ]
INFO: [ view_end ] --START--
INFO: Run ShowPageTrace Behavior [ RunTime:0.000619s ]
INFO: [ view_end ] --END-- [ RunTime:0.000665s ]

[ 2016-11-08T16:19:44+08:00 ] /
INFO: [ app_begin ] --START--
INFO: Run ReadHtmlCache Behavior [ RunTime:0.000466s ]
INFO: [ app_begin ] --END-- [ RunTime:0.000551s ]
INFO: [ view_template ] --START--
INFO: Run LocationTemplate Behavior [ RunTime:0.000670s ]
INFO: [ view_template ] --END-- [ RunTime:0.000720s ]
INFO: [ view_parse ] --START--
NOTIC: [8] Undefined index: tilte C:\wnmp\wwwroot\houtai\DataSource\Runtime\Temp\43ada865f8bc71aef17a87e0ed7c58499c1019cf.file.index.html.php 第 36 行.
NOTIC: [8] Trying to get property of non-object C:\wnmp\wwwroot\houtai\DataSource\Runtime\Temp\43ada865f8bc71aef17a87e0ed7c58499c1019cf.file.index.html.php 第 36 行.
NOTIC: [8] Undefined index: news C:\wnmp\wwwroot\houtai\DataSource\Runtime\Temp\43ada865f8bc71aef17a87e0ed7c58499c1019cf.file.index.html.php 第 163 行.
NOTIC: [8] Trying to get property of non-object C:\wnmp\wwwroot\houtai\DataSource\Runtime\Temp\43ada865f8bc71aef17a87e0ed7c58499c1019cf.file.index.html.php 第 163 行.
INFO: Run ParseTemplate Behavior [ RunTime:0.048681s ]
INFO: [ view_parse ] --END-- [ RunTime:0.048737s ]
INFO: [ view_filter ] --START--
INFO: Run ContentReplace Behavior [ RunTime:0.000764s ]
INFO: Run TokenBuild Behavior [ RunTime:0.000399s ]
INFO: Run WriteHtmlCache Behavior [ RunTime:0.000277s ]
INFO: Run ShowRuntime Behavior [ RunTime:0.000401s ]
INFO: [ view_filter ] --END-- [ RunTime:0.001964s ]
INFO: [ view_end ] --START--
INFO: Run ShowPageTrace Behavior [ RunTime:0.000519s ]
INFO: [ view_end ] --END-- [ RunTime:0.000565s ]

[ 2016-11-08T16:23:25+08:00 ] /
INFO: [ app_begin ] --START--
INFO: Run ReadHtmlCache Behavior [ RunTime:0.000675s ]
INFO: [ app_begin ] --END-- [ RunTime:0.000795s ]
INFO: [ view_template ] --START--
INFO: Run LocationTemplate Behavior [ RunTime:0.000735s ]
INFO: [ view_template ] --END-- [ RunTime:0.000795s ]
INFO: [ view_parse ] --START--
NOTIC: [8] Undefined index: tilte C:\wnmp\wwwroot\houtai\DataSource\Runtime\Temp\43ada865f8bc71aef17a87e0ed7c58499c1019cf.file.index.html.php 第 36 行.
NOTIC: [8] Trying to get property of non-object C:\wnmp\wwwroot\houtai\DataSource\Runtime\Temp\43ada865f8bc71aef17a87e0ed7c58499c1019cf.file.index.html.php 第 36 行.
NOTIC: [8] Undefined index: news C:\wnmp\wwwroot\houtai\DataSource\Runtime\Temp\43ada865f8bc71aef17a87e0ed7c58499c1019cf.file.index.html.php 第 163 行.
NOTIC: [8] Trying to get property of non-object C:\wnmp\wwwroot\houtai\DataSource\Runtime\Temp\43ada865f8bc71aef17a87e0ed7c58499c1019cf.file.index.html.php 第 163 行.
INFO: Run ParseTemplate Behavior [ RunTime:0.065129s ]
INFO: [ view_parse ] --END-- [ RunTime:0.065316s ]
INFO: [ view_filter ] --START--
INFO: Run ContentReplace Behavior [ RunTime:0.001407s ]
INFO: Run TokenBuild Behavior [ RunTime:0.000515s ]
INFO: Run WriteHtmlCache Behavior [ RunTime:0.000514s ]
INFO: Run ShowRuntime Behavior [ RunTime:0.000622s ]
INFO: [ view_filter ] --END-- [ RunTime:0.003293s ]
INFO: [ view_end ] --START--
INFO: Run ShowPageTrace Behavior [ RunTime:0.000732s ]
INFO: [ view_end ] --END-- [ RunTime:0.000796s ]

[ 2016-11-08T16:26:47+08:00 ] /
INFO: [ app_begin ] --START--
INFO: Run ReadHtmlCache Behavior [ RunTime:0.000494s ]
INFO: [ app_begin ] --END-- [ RunTime:0.000627s ]
INFO: [ view_template ] --START--
INFO: Run LocationTemplate Behavior [ RunTime:0.000711s ]
INFO: [ view_template ] --END-- [ RunTime:0.000763s ]
INFO: [ view_parse ] --START--
NOTIC: [8] Undefined index: tilte C:\wnmp\wwwroot\houtai\DataSource\Runtime\Temp\43ada865f8bc71aef17a87e0ed7c58499c1019cf.file.index.html.php 第 36 行.
NOTIC: [8] Trying to get property of non-object C:\wnmp\wwwroot\houtai\DataSource\Runtime\Temp\43ada865f8bc71aef17a87e0ed7c58499c1019cf.file.index.html.php 第 36 行.
NOTIC: [8] Undefined index: news C:\wnmp\wwwroot\houtai\DataSource\Runtime\Temp\43ada865f8bc71aef17a87e0ed7c58499c1019cf.file.index.html.php 第 163 行.
NOTIC: [8] Trying to get property of non-object C:\wnmp\wwwroot\houtai\DataSource\Runtime\Temp\43ada865f8bc71aef17a87e0ed7c58499c1019cf.file.index.html.php 第 163 行.
INFO: Run ParseTemplate Behavior [ RunTime:0.050988s ]
INFO: [ view_parse ] --END-- [ RunTime:0.051048s ]
INFO: [ view_filter ] --START--
INFO: Run ContentReplace Behavior [ RunTime:0.000932s ]
INFO: Run TokenBuild Behavior [ RunTime:0.000616s ]
INFO: Run WriteHtmlCache Behavior [ RunTime:0.000509s ]
INFO: Run ShowRuntime Behavior [ RunTime:0.001118s ]
INFO: [ view_filter ] --END-- [ RunTime:0.003569s ]
INFO: [ view_end ] --START--
INFO: Run ShowPageTrace Behavior [ RunTime:0.000929s ]
INFO: [ view_end ] --END-- [ RunTime:0.001013s ]

[ 2016-11-08T16:29:48+08:00 ] /
INFO: [ app_begin ] --START--
INFO: Run ReadHtmlCache Behavior [ RunTime:0.002269s ]
INFO: [ app_begin ] --END-- [ RunTime:0.002937s ]
INFO: [ view_template ] --START--
INFO: Run LocationTemplate Behavior [ RunTime:0.001973s ]
INFO: [ view_template ] --END-- [ RunTime:0.002053s ]
INFO: [ view_parse ] --START--
NOTIC: [8] Undefined index: tilte C:\wnmp\wwwroot\houtai\DataSource\Runtime\Temp\43ada865f8bc71aef17a87e0ed7c58499c1019cf.file.index.html.php 第 36 行.
NOTIC: [8] Trying to get property of non-object C:\wnmp\wwwroot\houtai\DataSource\Runtime\Temp\43ada865f8bc71aef17a87e0ed7c58499c1019cf.file.index.html.php 第 36 行.
NOTIC: [8] Undefined index: news C:\wnmp\wwwroot\houtai\DataSource\Runtime\Temp\43ada865f8bc71aef17a87e0ed7c58499c1019cf.file.index.html.php 第 163 行.
NOTIC: [8] Trying to get property of non-object C:\wnmp\wwwroot\houtai\DataSource\Runtime\Temp\43ada865f8bc71aef17a87e0ed7c58499c1019cf.file.index.html.php 第 163 行.
INFO: Run ParseTemplate Behavior [ RunTime:0.107462s ]
INFO: [ view_parse ] --END-- [ RunTime:0.107526s ]
INFO: [ view_filter ] --START--
INFO: Run ContentReplace Behavior [ RunTime:0.001178s ]
INFO: Run TokenBuild Behavior [ RunTime:0.000719s ]
INFO: Run WriteHtmlCache Behavior [ RunTime:0.000743s ]
INFO: Run ShowRuntime Behavior [ RunTime:0.000852s ]
INFO: [ view_filter ] --END-- [ RunTime:0.003649s ]
INFO: [ view_end ] --START--
INFO: Run ShowPageTrace Behavior [ RunTime:0.001056s ]
INFO: [ view_end ] --END-- [ RunTime:0.001108s ]

[ 2016-11-08T16:31:34+08:00 ] /
INFO: [ app_begin ] --START--
INFO: Run ReadHtmlCache Behavior [ RunTime:0.001503s ]
INFO: [ app_begin ] --END-- [ RunTime:0.001637s ]
INFO: [ view_template ] --START--
INFO: Run LocationTemplate Behavior [ RunTime:0.001155s ]
INFO: [ view_template ] --END-- [ RunTime:0.001273s ]
INFO: [ view_parse ] --START--
NOTIC: [8] Undefined index: tilte C:\wnmp\wwwroot\houtai\DataSource\Runtime\Temp\43ada865f8bc71aef17a87e0ed7c58499c1019cf.file.index.html.php 第 36 行.
NOTIC: [8] Trying to get property of non-object C:\wnmp\wwwroot\houtai\DataSource\Runtime\Temp\43ada865f8bc71aef17a87e0ed7c58499c1019cf.file.index.html.php 第 36 行.
NOTIC: [8] Undefined index: news C:\wnmp\wwwroot\houtai\DataSource\Runtime\Temp\43ada865f8bc71aef17a87e0ed7c58499c1019cf.file.index.html.php 第 163 行.
NOTIC: [8] Trying to get property of non-object C:\wnmp\wwwroot\houtai\DataSource\Runtime\Temp\43ada865f8bc71aef17a87e0ed7c58499c1019cf.file.index.html.php 第 163 行.
INFO: Run ParseTemplate Behavior [ RunTime:0.088041s ]
INFO: [ view_parse ] --END-- [ RunTime:0.088116s ]
INFO: [ view_filter ] --START--
INFO: Run ContentReplace Behavior [ RunTime:0.001219s ]
INFO: Run TokenBuild Behavior [ RunTime:0.000807s ]
INFO: Run WriteHtmlCache Behavior [ RunTime:0.000657s ]
INFO: Run ShowRuntime Behavior [ RunTime:0.000764s ]
INFO: [ view_filter ] --END-- [ RunTime:0.003647s ]
INFO: [ view_end ] --START--
INFO: Run ShowPageTrace Behavior [ RunTime:0.000975s ]
INFO: [ view_end ] --END-- [ RunTime:0.001032s ]

[ 2016-11-08T16:41:26+08:00 ] /
INFO: [ app_begin ] --START--
INFO: Run ReadHtmlCache Behavior [ RunTime:0.002765s ]
INFO: [ app_begin ] --END-- [ RunTime:0.003563s ]
INFO: [ view_template ] --START--
INFO: Run LocationTemplate Behavior [ RunTime:0.001822s ]
INFO: [ view_template ] --END-- [ RunTime:0.001892s ]
INFO: [ view_parse ] --START--
NOTIC: [8] Undefined index: tilte C:\wnmp\wwwroot\houtai\DataSource\Runtime\Temp\43ada865f8bc71aef17a87e0ed7c58499c1019cf.file.index.html.php 第 36 行.
NOTIC: [8] Trying to get property of non-object C:\wnmp\wwwroot\houtai\DataSource\Runtime\Temp\43ada865f8bc71aef17a87e0ed7c58499c1019cf.file.index.html.php 第 36 行.
NOTIC: [8] Undefined index: news C:\wnmp\wwwroot\houtai\DataSource\Runtime\Temp\43ada865f8bc71aef17a87e0ed7c58499c1019cf.file.index.html.php 第 163 行.
NOTIC: [8] Trying to get property of non-object C:\wnmp\wwwroot\houtai\DataSource\Runtime\Temp\43ada865f8bc71aef17a87e0ed7c58499c1019cf.file.index.html.php 第 163 行.
INFO: Run ParseTemplate Behavior [ RunTime:0.074295s ]
INFO: [ view_parse ] --END-- [ RunTime:0.074356s ]
INFO: [ view_filter ] --START--
INFO: Run ContentReplace Behavior [ RunTime:0.001170s ]
INFO: Run TokenBuild Behavior [ RunTime:0.000788s ]
INFO: Run WriteHtmlCache Behavior [ RunTime:0.000663s ]
INFO: Run ShowRuntime Behavior [ RunTime:0.001174s ]
INFO: [ view_filter ] --END-- [ RunTime:0.003992s ]
INFO: [ view_end ] --START--
INFO: Run ShowPageTrace Behavior [ RunTime:0.001337s ]
INFO: [ view_end ] --END-- [ RunTime:0.001406s ]

[ 2016-11-08T16:41:43+08:00 ] /
INFO: [ app_begin ] --START--
INFO: Run ReadHtmlCache Behavior [ RunTime:0.000590s ]
INFO: [ app_begin ] --END-- [ RunTime:0.000698s ]
INFO: [ view_template ] --START--
INFO: Run LocationTemplate Behavior [ RunTime:0.000820s ]
INFO: [ view_template ] --END-- [ RunTime:0.000898s ]
INFO: [ view_parse ] --START--
NOTIC: [8] Undefined index: tilte C:\wnmp\wwwroot\houtai\DataSource\Runtime\Temp\43ada865f8bc71aef17a87e0ed7c58499c1019cf.file.index.html.php 第 36 行.
NOTIC: [8] Trying to get property of non-object C:\wnmp\wwwroot\houtai\DataSource\Runtime\Temp\43ada865f8bc71aef17a87e0ed7c58499c1019cf.file.index.html.php 第 36 行.
NOTIC: [8] Undefined index: news C:\wnmp\wwwroot\houtai\DataSource\Runtime\Temp\43ada865f8bc71aef17a87e0ed7c58499c1019cf.file.index.html.php 第 163 行.
NOTIC: [8] Trying to get property of non-object C:\wnmp\wwwroot\houtai\DataSource\Runtime\Temp\43ada865f8bc71aef17a87e0ed7c58499c1019cf.file.index.html.php 第 163 行.
INFO: Run ParseTemplate Behavior [ RunTime:0.066223s ]
INFO: [ view_parse ] --END-- [ RunTime:0.066307s ]
INFO: [ view_filter ] --START--
INFO: Run ContentReplace Behavior [ RunTime:0.001182s ]
INFO: Run TokenBuild Behavior [ RunTime:0.000566s ]
INFO: Run WriteHtmlCache Behavior [ RunTime:0.000606s ]
INFO: Run ShowRuntime Behavior [ RunTime:0.000881s ]
INFO: [ view_filter ] --END-- [ RunTime:0.003511s ]
INFO: [ view_end ] --START--
INFO: Run ShowPageTrace Behavior [ RunTime:0.000920s ]
INFO: [ view_end ] --END-- [ RunTime:0.000997s ]

[ 2016-11-08T16:48:04+08:00 ] /
INFO: [ app_begin ] --START--
INFO: Run ReadHtmlCache Behavior [ RunTime:0.000544s ]
INFO: [ app_begin ] --END-- [ RunTime:0.000625s ]
INFO: [ view_template ] --START--
INFO: Run LocationTemplate Behavior [ RunTime:0.000803s ]
INFO: [ view_template ] --END-- [ RunTime:0.000878s ]
INFO: [ view_parse ] --START--
NOTIC: [8] Undefined index: tilte C:\wnmp\wwwroot\houtai\DataSource\Runtime\Temp\43ada865f8bc71aef17a87e0ed7c58499c1019cf.file.index.html.php 第 36 行.
NOTIC: [8] Trying to get property of non-object C:\wnmp\wwwroot\houtai\DataSource\Runtime\Temp\43ada865f8bc71aef17a87e0ed7c58499c1019cf.file.index.html.php 第 36 行.
NOTIC: [8] Undefined index: news C:\wnmp\wwwroot\houtai\DataSource\Runtime\Temp\43ada865f8bc71aef17a87e0ed7c58499c1019cf.file.index.html.php 第 163 行.
NOTIC: [8] Trying to get property of non-object C:\wnmp\wwwroot\houtai\DataSource\Runtime\Temp\43ada865f8bc71aef17a87e0ed7c58499c1019cf.file.index.html.php 第 163 行.
INFO: Run ParseTemplate Behavior [ RunTime:0.011520s ]
INFO: [ view_parse ] --END-- [ RunTime:0.011569s ]
INFO: [ view_filter ] --START--
INFO: Run ContentReplace Behavior [ RunTime:0.000525s ]
INFO: Run TokenBuild Behavior [ RunTime:0.000395s ]
INFO: Run WriteHtmlCache Behavior [ RunTime:0.000279s ]
INFO: Run ShowRuntime Behavior [ RunTime:0.000421s ]
INFO: [ view_filter ] --END-- [ RunTime:0.001761s ]
INFO: [ view_end ] --START--
INFO: Run ShowPageTrace Behavior [ RunTime:0.000568s ]
INFO: [ view_end ] --END-- [ RunTime:0.000618s ]

