[ 2015-10-15T19:44:17+08:00 ] /uducy.php
INFO: [ app_begin ] --START--
INFO: Run ReadHtmlCache Behavior [ RunTime:0.018657s ]
INFO: [ app_begin ] --END-- [ RunTime:0.029137s ]

[ 2015-10-15T19:46:30+08:00 ] /uducy.php
INFO: [ app_begin ] --START--
INFO: Run ReadHtmlCache Behavior [ RunTime:0.000648s ]
INFO: [ app_begin ] --END-- [ RunTime:0.000735s ]
INFO: [ view_template ] --START--
INFO: Run LocationTemplate Behavior [ RunTime:0.014643s ]
INFO: [ view_template ] --END-- [ RunTime:0.014723s ]
INFO: [ view_parse ] --START--
NOTIC: [2] filemtime(): stat failed for ../DataSource/Runtime/Temp\43ada865f8bc71aef17a87e0ed7c58499c1019cf.file.index.html.php D:\wnmp\www\malasong\lib\ThinkPHP\Extend\Vendor\Smarty\sysplugins\smarty_resource.php 第 683 行.
NOTIC: [2] unlink(../DataSource/Runtime/Temp\43ada865f8bc71aef17a87e0ed7c58499c1019cf.file.index.html.php): No such file or directory D:\wnmp\www\malasong\lib\ThinkPHP\Extend\Vendor\Smarty\sysplugins\smarty_internal_write_file.php 第 49 行.
NOTIC: [2] filemtime(): stat failed for ../DataSource/Runtime/Temp\b98fc940e393e12c0163e8b483a2b21226c917df.file.header.html.php D:\wnmp\www\malasong\lib\ThinkPHP\Extend\Vendor\Smarty\sysplugins\smarty_resource.php 第 683 行.
NOTIC: [2] unlink(../DataSource/Runtime/Temp\b98fc940e393e12c0163e8b483a2b21226c917df.file.header.html.php): No such file or directory D:\wnmp\www\malasong\lib\ThinkPHP\Extend\Vendor\Smarty\sysplugins\smarty_internal_write_file.php 第 49 行.
INFO: Run ParseTemplate Behavior [ RunTime:0.348676s ]
INFO: [ view_parse ] --END-- [ RunTime:0.348777s ]
INFO: [ view_filter ] --START--
INFO: Run ContentReplace Behavior [ RunTime:0.000869s ]
INFO: Run TokenBuild Behavior [ RunTime:0.000666s ]
INFO: Run WriteHtmlCache Behavior [ RunTime:0.000514s ]
INFO: Run ShowRuntime Behavior [ RunTime:0.000716s ]
INFO: [ view_filter ] --END-- [ RunTime:0.002935s ]
INFO: [ view_end ] --START--
INFO: Run ShowPageTrace Behavior [ RunTime:0.000940s ]
INFO: [ view_end ] --END-- [ RunTime:0.000995s ]

[ 2015-10-15T19:49:50+08:00 ] /uducy.php
INFO: [ app_begin ] --START--
INFO: Run ReadHtmlCache Behavior [ RunTime:0.000837s ]
INFO: [ app_begin ] --END-- [ RunTime:0.000946s ]
INFO: [ view_template ] --START--
INFO: Run LocationTemplate Behavior [ RunTime:0.000755s ]
INFO: [ view_template ] --END-- [ RunTime:0.001209s ]
INFO: [ view_parse ] --START--
INFO: Run ParseTemplate Behavior [ RunTime:0.085026s ]
INFO: [ view_parse ] --END-- [ RunTime:0.085097s ]
INFO: [ view_filter ] --START--
INFO: Run ContentReplace Behavior [ RunTime:0.000466s ]
INFO: Run TokenBuild Behavior [ RunTime:0.000331s ]
INFO: Run WriteHtmlCache Behavior [ RunTime:0.000241s ]
INFO: Run ShowRuntime Behavior [ RunTime:0.000379s ]
INFO: [ view_filter ] --END-- [ RunTime:0.001530s ]
INFO: [ view_end ] --START--
INFO: Run ShowPageTrace Behavior [ RunTime:0.000496s ]
INFO: [ view_end ] --END-- [ RunTime:0.000534s ]

