[ 2015-12-28T10:22:14+08:00 ] /
INFO: [ app_begin ] --START--
INFO: Run ReadHtmlCache Behavior [ RunTime:0.009340s ]
INFO: [ app_begin ] --END-- [ RunTime:0.009411s ]
NOTIC: [8] Undefined index: db_dsn D:\wnmp\www\malasong\lib\ThinkPHP\Lib\Core\Db.class.php 第 129 行.
NOTIC: [8] Undefined index: db_params D:\wnmp\www\malasong\lib\ThinkPHP\Lib\Core\Db.class.php 第 130 行.
SQL: SHOW COLUMNS FROM `mls_news` [ RunTime:0.040434s ]
SQL: SELECT `id`,`news_title`,`des`,`img`,`url`,`url_type` FROM `mls_news` ORDER BY orderid asc,id desc LIMIT 0,6   [ RunTime:0.008105s ]
INFO: [ view_template ] --START--
INFO: Run LocationTemplate Behavior [ RunTime:0.045389s ]
INFO: [ view_template ] --END-- [ RunTime:0.045494s ]
INFO: [ view_parse ] --START--
NOTIC: [8] Undefined index: tilte D:\wnmp\www\malasong\DataSource\Runtime\Temp\b98fc940e393e12c0163e8b483a2b21226c917df.file.header.html.php 第 33 行.
NOTIC: [8] Trying to get property of non-object D:\wnmp\www\malasong\DataSource\Runtime\Temp\b98fc940e393e12c0163e8b483a2b21226c917df.file.header.html.php 第 33 行.
INFO: Run ParseTemplate Behavior [ RunTime:0.743102s ]
INFO: [ view_parse ] --END-- [ RunTime:0.743201s ]
INFO: [ view_filter ] --START--
INFO: Run ContentReplace Behavior [ RunTime:0.055269s ]
INFO: Run TokenBuild Behavior [ RunTime:0.043201s ]
INFO: Run WriteHtmlCache Behavior [ RunTime:0.001333s ]
INFO: Run ShowRuntime Behavior [ RunTime:0.048781s ]
INFO: [ view_filter ] --END-- [ RunTime:0.148961s ]
INFO: [ view_end ] --START--
INFO: Run ShowPageTrace Behavior [ RunTime:0.006419s ]
INFO: [ view_end ] --END-- [ RunTime:0.006475s ]

[ 2015-12-28T10:22:15+08:00 ] /Account/verify
INFO: [ route_check ] --START--
INFO: Run CheckRoute Behavior [ RunTime:0.020793s ]
INFO: [ route_check ] --END-- [ RunTime:0.020868s ]
INFO: [ app_begin ] --START--
INFO: Run ReadHtmlCache Behavior [ RunTime:0.000435s ]
INFO: [ app_begin ] --END-- [ RunTime:0.000467s ]

[ 2015-12-28T10:22:20+08:00 ] /enroll/index
INFO: [ route_check ] --START--
INFO: Run CheckRoute Behavior [ RunTime:0.000779s ]
INFO: [ route_check ] --END-- [ RunTime:0.000854s ]
INFO: [ app_begin ] --START--
INFO: Run ReadHtmlCache Behavior [ RunTime:0.000929s ]
INFO: [ app_begin ] --END-- [ RunTime:0.000982s ]

[ 2015-12-28T10:22:20+08:00 ] /Account/login
INFO: [ route_check ] --START--
INFO: Run CheckRoute Behavior [ RunTime:0.001096s ]
INFO: [ route_check ] --END-- [ RunTime:0.001200s ]
INFO: [ app_begin ] --START--
INFO: Run ReadHtmlCache Behavior [ RunTime:0.000743s ]
INFO: [ app_begin ] --END-- [ RunTime:0.000819s ]
INFO: [ view_template ] --START--
INFO: Run LocationTemplate Behavior [ RunTime:0.001015s ]
INFO: [ view_template ] --END-- [ RunTime:0.001120s ]
INFO: [ view_parse ] --START--
NOTIC: [8] Undefined index: tilte D:\wnmp\www\malasong\DataSource\Runtime\Temp\b98fc940e393e12c0163e8b483a2b21226c917df.file.header.html.php 第 33 行.
NOTIC: [8] Trying to get property of non-object D:\wnmp\www\malasong\DataSource\Runtime\Temp\b98fc940e393e12c0163e8b483a2b21226c917df.file.header.html.php 第 33 行.
NOTIC: [8] Undefined index: news D:\wnmp\www\malasong\DataSource\Runtime\Temp\43ada865f8bc71aef17a87e0ed7c58499c1019cf.file.index.html.php 第 104 行.
NOTIC: [8] Trying to get property of non-object D:\wnmp\www\malasong\DataSource\Runtime\Temp\43ada865f8bc71aef17a87e0ed7c58499c1019cf.file.index.html.php 第 104 行.
INFO: Run ParseTemplate Behavior [ RunTime:0.017051s ]
INFO: [ view_parse ] --END-- [ RunTime:0.017106s ]
INFO: [ view_filter ] --START--
INFO: Run ContentReplace Behavior [ RunTime:0.000290s ]
INFO: Run TokenBuild Behavior [ RunTime:0.000206s ]
INFO: Run WriteHtmlCache Behavior [ RunTime:0.000144s ]
INFO: Run ShowRuntime Behavior [ RunTime:0.000355s ]
INFO: [ view_filter ] --END-- [ RunTime:0.001079s ]
INFO: [ view_end ] --START--
INFO: Run ShowPageTrace Behavior [ RunTime:0.000478s ]
INFO: [ view_end ] --END-- [ RunTime:0.000512s ]

[ 2015-12-28T10:22:20+08:00 ] /Account/verify
INFO: [ route_check ] --START--
INFO: Run CheckRoute Behavior [ RunTime:0.000472s ]
INFO: [ route_check ] --END-- [ RunTime:0.000524s ]
INFO: [ app_begin ] --START--
INFO: Run ReadHtmlCache Behavior [ RunTime:0.005195s ]
INFO: [ app_begin ] --END-- [ RunTime:0.005256s ]

[ 2015-12-28T10:22:27+08:00 ] /Account/dologin?account=13522354197&pwd=aaa11111&code=3047
INFO: [ route_check ] --START--
INFO: Run CheckRoute Behavior [ RunTime:0.000965s ]
INFO: [ route_check ] --END-- [ RunTime:0.001060s ]
INFO: [ app_begin ] --START--
INFO: Run ReadHtmlCache Behavior [ RunTime:0.000729s ]
INFO: [ app_begin ] --END-- [ RunTime:0.000796s ]
NOTIC: [8] Undefined index: db_dsn D:\wnmp\www\malasong\lib\ThinkPHP\Lib\Core\Db.class.php 第 129 行.
NOTIC: [8] Undefined index: db_params D:\wnmp\www\malasong\lib\ThinkPHP\Lib\Core\Db.class.php 第 130 行.
SQL: SHOW COLUMNS FROM `mls_users` [ RunTime:0.105168s ]
SQL: SELECT `id`,`phone`,`email`,`pwd`,`nicname` FROM `mls_users` WHERE ( pwd = 'f35f1c49b927803589efa0d0bd330b8b' and sign =1 and (phone = '13522354197' or email = '13522354197') ) LIMIT 1   [ RunTime:0.003440s ]

[ 2015-12-28T10:22:28+08:00 ] /enroll/index
INFO: [ route_check ] --START--
INFO: Run CheckRoute Behavior [ RunTime:0.000690s ]
INFO: [ route_check ] --END-- [ RunTime:0.000760s ]
INFO: [ app_begin ] --START--
INFO: Run ReadHtmlCache Behavior [ RunTime:0.000468s ]
INFO: [ app_begin ] --END-- [ RunTime:0.000514s ]
INFO: Run AuthCheck Behavior [ RunTime:0.000381s ]
NOTIC: [8] Undefined index: db_dsn D:\wnmp\www\malasong\lib\ThinkPHP\Lib\Core\Db.class.php 第 129 行.
NOTIC: [8] Undefined index: db_params D:\wnmp\www\malasong\lib\ThinkPHP\Lib\Core\Db.class.php 第 130 行.
SQL: SHOW COLUMNS FROM `mls_countries` [ RunTime:0.012602s ]
SQL: SELECT `title` FROM `mls_countries`  [ RunTime:0.001633s ]
INFO: [ view_template ] --START--
INFO: Run LocationTemplate Behavior [ RunTime:0.001076s ]
INFO: [ view_template ] --END-- [ RunTime:0.001184s ]
INFO: [ view_parse ] --START--
NOTIC: [8] Undefined index: tilte D:\wnmp\www\malasong\DataSource\Runtime\Temp\b98fc940e393e12c0163e8b483a2b21226c917df.file.header.html.php 第 33 行.
NOTIC: [8] Trying to get property of non-object D:\wnmp\www\malasong\DataSource\Runtime\Temp\b98fc940e393e12c0163e8b483a2b21226c917df.file.header.html.php 第 33 行.
NOTIC: [8] Undefined index: index D:\wnmp\www\malasong\DataSource\Runtime\Temp\b98fc940e393e12c0163e8b483a2b21226c917df.file.header.html.php 第 37 行.
NOTIC: [8] Trying to get property of non-object D:\wnmp\www\malasong\DataSource\Runtime\Temp\b98fc940e393e12c0163e8b483a2b21226c917df.file.header.html.php 第 37 行.
NOTIC: [8] Undefined index: index D:\wnmp\www\malasong\DataSource\Runtime\Temp\b98fc940e393e12c0163e8b483a2b21226c917df.file.header.html.php 第 47 行.
NOTIC: [8] Trying to get property of non-object D:\wnmp\www\malasong\DataSource\Runtime\Temp\b98fc940e393e12c0163e8b483a2b21226c917df.file.header.html.php 第 47 行.
NOTIC: [8] Undefined index: index D:\wnmp\www\malasong\DataSource\Runtime\Temp\b98fc940e393e12c0163e8b483a2b21226c917df.file.header.html.php 第 62 行.
NOTIC: [8] Trying to get property of non-object D:\wnmp\www\malasong\DataSource\Runtime\Temp\b98fc940e393e12c0163e8b483a2b21226c917df.file.header.html.php 第 62 行.
NOTIC: [8] Undefined index: error D:\wnmp\www\malasong\DataSource\Runtime\Temp\53b2950ee527dcb4db31ef1e06a62ab3e62a8b79.file.index.html.php 第 39 行.
NOTIC: [8] Trying to get property of non-object D:\wnmp\www\malasong\DataSource\Runtime\Temp\53b2950ee527dcb4db31ef1e06a62ab3e62a8b79.file.index.html.php 第 39 行.
INFO: Run ParseTemplate Behavior [ RunTime:0.049822s ]
INFO: [ view_parse ] --END-- [ RunTime:0.049917s ]
INFO: [ view_filter ] --START--
INFO: Run ContentReplace Behavior [ RunTime:0.000877s ]
INFO: Run TokenBuild Behavior [ RunTime:0.000535s ]
INFO: Run WriteHtmlCache Behavior [ RunTime:0.000329s ]
INFO: Run ShowRuntime Behavior [ RunTime:0.004265s ]
INFO: [ view_filter ] --END-- [ RunTime:0.006212s ]
INFO: [ view_end ] --START--
INFO: Run ShowPageTrace Behavior [ RunTime:0.001028s ]
INFO: [ view_end ] --END-- [ RunTime:0.001099s ]

[ 2015-12-28T10:22:28+08:00 ] /Account/verify
INFO: [ route_check ] --START--
INFO: Run CheckRoute Behavior [ RunTime:0.000466s ]
INFO: [ route_check ] --END-- [ RunTime:0.000516s ]
INFO: [ app_begin ] --START--
INFO: Run ReadHtmlCache Behavior [ RunTime:0.000331s ]
INFO: [ app_begin ] --END-- [ RunTime:0.000362s ]

[ 2015-12-28T10:22:29+08:00 ] /Ajax/apply_num
INFO: [ route_check ] --START--
INFO: Run CheckRoute Behavior [ RunTime:0.000764s ]
INFO: [ route_check ] --END-- [ RunTime:0.000847s ]
INFO: [ app_begin ] --START--
INFO: Run ReadHtmlCache Behavior [ RunTime:0.000530s ]
INFO: [ app_begin ] --END-- [ RunTime:0.000574s ]
NOTIC: [8] Undefined index: db_dsn D:\wnmp\www\malasong\lib\ThinkPHP\Lib\Core\Db.class.php 第 129 行.
NOTIC: [8] Undefined index: db_params D:\wnmp\www\malasong\lib\ThinkPHP\Lib\Core\Db.class.php 第 130 行.
SQL: SHOW COLUMNS FROM `mls_userorders` [ RunTime:0.046337s ]
SQL: SELECT COUNT(*) AS tp_count FROM `mls_userorders` WHERE ( isonline = 0 ) LIMIT 1   [ RunTime:0.000976s ]

[ 2015-12-28T10:22:57+08:00 ] /enroll/index
INFO: [ route_check ] --START--
INFO: Run CheckRoute Behavior [ RunTime:0.000493s ]
INFO: [ route_check ] --END-- [ RunTime:0.000553s ]
INFO: [ app_begin ] --START--
INFO: Run ReadHtmlCache Behavior [ RunTime:0.000358s ]
INFO: [ app_begin ] --END-- [ RunTime:0.000392s ]
INFO: Run AuthCheck Behavior [ RunTime:0.000259s ]
NOTIC: [8] Undefined index: db_dsn D:\wnmp\www\malasong\lib\ThinkPHP\Lib\Core\Db.class.php 第 129 行.
NOTIC: [8] Undefined index: db_params D:\wnmp\www\malasong\lib\ThinkPHP\Lib\Core\Db.class.php 第 130 行.
SQL: SHOW COLUMNS FROM `mls_countries` [ RunTime:0.001743s ]
INFO: [ view_template ] --START--
INFO: Run LocationTemplate Behavior [ RunTime:0.000409s ]
INFO: [ view_template ] --END-- [ RunTime:0.000458s ]
INFO: [ view_parse ] --START--
NOTIC: [8] Undefined index: tilte D:\wnmp\www\malasong\DataSource\Runtime\Temp\b98fc940e393e12c0163e8b483a2b21226c917df.file.header.html.php 第 33 行.
NOTIC: [8] Trying to get property of non-object D:\wnmp\www\malasong\DataSource\Runtime\Temp\b98fc940e393e12c0163e8b483a2b21226c917df.file.header.html.php 第 33 行.
NOTIC: [8] Undefined index: index D:\wnmp\www\malasong\DataSource\Runtime\Temp\b98fc940e393e12c0163e8b483a2b21226c917df.file.header.html.php 第 37 行.
NOTIC: [8] Trying to get property of non-object D:\wnmp\www\malasong\DataSource\Runtime\Temp\b98fc940e393e12c0163e8b483a2b21226c917df.file.header.html.php 第 37 行.
NOTIC: [8] Undefined index: index D:\wnmp\www\malasong\DataSource\Runtime\Temp\b98fc940e393e12c0163e8b483a2b21226c917df.file.header.html.php 第 47 行.
NOTIC: [8] Trying to get property of non-object D:\wnmp\www\malasong\DataSource\Runtime\Temp\b98fc940e393e12c0163e8b483a2b21226c917df.file.header.html.php 第 47 行.
NOTIC: [8] Undefined index: index D:\wnmp\www\malasong\DataSource\Runtime\Temp\b98fc940e393e12c0163e8b483a2b21226c917df.file.header.html.php 第 62 行.
NOTIC: [8] Trying to get property of non-object D:\wnmp\www\malasong\DataSource\Runtime\Temp\b98fc940e393e12c0163e8b483a2b21226c917df.file.header.html.php 第 62 行.
NOTIC: [8] Undefined index: error D:\wnmp\www\malasong\DataSource\Runtime\Temp\53b2950ee527dcb4db31ef1e06a62ab3e62a8b79.file.index.html.php 第 39 行.
NOTIC: [8] Trying to get property of non-object D:\wnmp\www\malasong\DataSource\Runtime\Temp\53b2950ee527dcb4db31ef1e06a62ab3e62a8b79.file.index.html.php 第 39 行.
INFO: Run ParseTemplate Behavior [ RunTime:0.008291s ]
INFO: [ view_parse ] --END-- [ RunTime:0.008326s ]
INFO: [ view_filter ] --START--
INFO: Run ContentReplace Behavior [ RunTime:0.000368s ]
INFO: Run TokenBuild Behavior [ RunTime:0.000217s ]
INFO: Run WriteHtmlCache Behavior [ RunTime:0.000144s ]
INFO: Run ShowRuntime Behavior [ RunTime:0.000295s ]
INFO: [ view_filter ] --END-- [ RunTime:0.001102s ]
INFO: [ view_end ] --START--
INFO: Run ShowPageTrace Behavior [ RunTime:0.000593s ]
INFO: [ view_end ] --END-- [ RunTime:0.000631s ]

[ 2015-12-28T10:22:57+08:00 ] /Account/verify
INFO: [ route_check ] --START--
INFO: Run CheckRoute Behavior [ RunTime:0.000467s ]
INFO: [ route_check ] --END-- [ RunTime:0.000521s ]
INFO: [ app_begin ] --START--
INFO: Run ReadHtmlCache Behavior [ RunTime:0.000316s ]
INFO: [ app_begin ] --END-- [ RunTime:0.000347s ]

[ 2015-12-28T10:22:59+08:00 ] /Ajax/apply_num
INFO: [ route_check ] --START--
INFO: Run CheckRoute Behavior [ RunTime:0.000480s ]
INFO: [ route_check ] --END-- [ RunTime:0.000536s ]
INFO: [ app_begin ] --START--
INFO: Run ReadHtmlCache Behavior [ RunTime:0.000334s ]
INFO: [ app_begin ] --END-- [ RunTime:0.000362s ]
NOTIC: [8] Undefined index: db_dsn D:\wnmp\www\malasong\lib\ThinkPHP\Lib\Core\Db.class.php 第 129 行.
NOTIC: [8] Undefined index: db_params D:\wnmp\www\malasong\lib\ThinkPHP\Lib\Core\Db.class.php 第 130 行.
SQL: SHOW COLUMNS FROM `mls_userorders` [ RunTime:0.001923s ]
SQL: SELECT COUNT(*) AS tp_count FROM `mls_userorders` WHERE ( isonline = 0 ) LIMIT 1   [ RunTime:0.000426s ]

[ 2015-12-28T10:23:24+08:00 ] /enroll/index
INFO: [ route_check ] --START--
INFO: Run CheckRoute Behavior [ RunTime:0.000454s ]
INFO: [ route_check ] --END-- [ RunTime:0.000504s ]
INFO: [ app_begin ] --START--
INFO: Run ReadHtmlCache Behavior [ RunTime:0.000307s ]
INFO: [ app_begin ] --END-- [ RunTime:0.000337s ]
INFO: Run AuthCheck Behavior [ RunTime:0.000246s ]
NOTIC: [8] Undefined index: db_dsn D:\wnmp\www\malasong\lib\ThinkPHP\Lib\Core\Db.class.php 第 129 行.
NOTIC: [8] Undefined index: db_params D:\wnmp\www\malasong\lib\ThinkPHP\Lib\Core\Db.class.php 第 130 行.
SQL: SHOW COLUMNS FROM `mls_countries` [ RunTime:0.004934s ]
INFO: [ view_template ] --START--
INFO: Run LocationTemplate Behavior [ RunTime:0.000795s ]
INFO: [ view_template ] --END-- [ RunTime:0.000892s ]
INFO: [ view_parse ] --START--
NOTIC: [8] Undefined index: tilte D:\wnmp\www\malasong\DataSource\Runtime\Temp\b98fc940e393e12c0163e8b483a2b21226c917df.file.header.html.php 第 33 行.
NOTIC: [8] Trying to get property of non-object D:\wnmp\www\malasong\DataSource\Runtime\Temp\b98fc940e393e12c0163e8b483a2b21226c917df.file.header.html.php 第 33 行.
NOTIC: [8] Undefined index: index D:\wnmp\www\malasong\DataSource\Runtime\Temp\b98fc940e393e12c0163e8b483a2b21226c917df.file.header.html.php 第 37 行.
NOTIC: [8] Trying to get property of non-object D:\wnmp\www\malasong\DataSource\Runtime\Temp\b98fc940e393e12c0163e8b483a2b21226c917df.file.header.html.php 第 37 行.
NOTIC: [8] Undefined index: index D:\wnmp\www\malasong\DataSource\Runtime\Temp\b98fc940e393e12c0163e8b483a2b21226c917df.file.header.html.php 第 47 行.
NOTIC: [8] Trying to get property of non-object D:\wnmp\www\malasong\DataSource\Runtime\Temp\b98fc940e393e12c0163e8b483a2b21226c917df.file.header.html.php 第 47 行.
NOTIC: [8] Undefined index: index D:\wnmp\www\malasong\DataSource\Runtime\Temp\b98fc940e393e12c0163e8b483a2b21226c917df.file.header.html.php 第 62 行.
NOTIC: [8] Trying to get property of non-object D:\wnmp\www\malasong\DataSource\Runtime\Temp\b98fc940e393e12c0163e8b483a2b21226c917df.file.header.html.php 第 62 行.
NOTIC: [8] Undefined index: error D:\wnmp\www\malasong\DataSource\Runtime\Temp\53b2950ee527dcb4db31ef1e06a62ab3e62a8b79.file.index.html.php 第 39 行.
NOTIC: [8] Trying to get property of non-object D:\wnmp\www\malasong\DataSource\Runtime\Temp\53b2950ee527dcb4db31ef1e06a62ab3e62a8b79.file.index.html.php 第 39 行.
INFO: Run ParseTemplate Behavior [ RunTime:0.019156s ]
INFO: [ view_parse ] --END-- [ RunTime:0.019233s ]
INFO: [ view_filter ] --START--
INFO: Run ContentReplace Behavior [ RunTime:0.000860s ]
INFO: Run TokenBuild Behavior [ RunTime:0.000511s ]
INFO: Run WriteHtmlCache Behavior [ RunTime:0.000339s ]
INFO: Run ShowRuntime Behavior [ RunTime:0.000648s ]
INFO: [ view_filter ] --END-- [ RunTime:0.002543s ]
INFO: [ view_end ] --START--
INFO: Run ShowPageTrace Behavior [ RunTime:0.000834s ]
INFO: [ view_end ] --END-- [ RunTime:0.000942s ]

[ 2015-12-28T10:23:24+08:00 ] /Account/verify
INFO: [ route_check ] --START--
INFO: Run CheckRoute Behavior [ RunTime:0.000745s ]
INFO: [ route_check ] --END-- [ RunTime:0.000818s ]
INFO: [ app_begin ] --START--
INFO: Run ReadHtmlCache Behavior [ RunTime:0.000514s ]
INFO: [ app_begin ] --END-- [ RunTime:0.000563s ]

[ 2015-12-28T10:23:25+08:00 ] /Ajax/apply_num
INFO: [ route_check ] --START--
INFO: Run CheckRoute Behavior [ RunTime:0.000743s ]
INFO: [ route_check ] --END-- [ RunTime:0.000814s ]
INFO: [ app_begin ] --START--
INFO: Run ReadHtmlCache Behavior [ RunTime:0.000653s ]
INFO: [ app_begin ] --END-- [ RunTime:0.000710s ]
NOTIC: [8] Undefined index: db_dsn D:\wnmp\www\malasong\lib\ThinkPHP\Lib\Core\Db.class.php 第 129 行.
NOTIC: [8] Undefined index: db_params D:\wnmp\www\malasong\lib\ThinkPHP\Lib\Core\Db.class.php 第 130 行.
SQL: SHOW COLUMNS FROM `mls_userorders` [ RunTime:0.001795s ]
SQL: SELECT COUNT(*) AS tp_count FROM `mls_userorders` WHERE ( isonline = 0 ) LIMIT 1   [ RunTime:0.000531s ]

[ 2015-12-28T10:24:42+08:00 ] /enroll/index
INFO: [ route_check ] --START--
INFO: Run CheckRoute Behavior [ RunTime:0.001146s ]
INFO: [ route_check ] --END-- [ RunTime:0.001251s ]
INFO: [ app_begin ] --START--
INFO: Run ReadHtmlCache Behavior [ RunTime:0.000752s ]
INFO: [ app_begin ] --END-- [ RunTime:0.000823s ]
INFO: Run AuthCheck Behavior [ RunTime:0.000719s ]
NOTIC: [8] Undefined index: db_dsn D:\wnmp\www\malasong\lib\ThinkPHP\Lib\Core\Db.class.php 第 129 行.
NOTIC: [8] Undefined index: db_params D:\wnmp\www\malasong\lib\ThinkPHP\Lib\Core\Db.class.php 第 130 行.
SQL: SHOW COLUMNS FROM `mls_countries` [ RunTime:0.003804s ]
INFO: [ view_template ] --START--
INFO: Run LocationTemplate Behavior [ RunTime:0.001153s ]
INFO: [ view_template ] --END-- [ RunTime:0.001262s ]
INFO: [ view_parse ] --START--
NOTIC: [8] Undefined index: tilte D:\wnmp\www\malasong\DataSource\Runtime\Temp\b98fc940e393e12c0163e8b483a2b21226c917df.file.header.html.php 第 33 行.
NOTIC: [8] Trying to get property of non-object D:\wnmp\www\malasong\DataSource\Runtime\Temp\b98fc940e393e12c0163e8b483a2b21226c917df.file.header.html.php 第 33 行.
NOTIC: [8] Undefined index: index D:\wnmp\www\malasong\DataSource\Runtime\Temp\b98fc940e393e12c0163e8b483a2b21226c917df.file.header.html.php 第 37 行.
NOTIC: [8] Trying to get property of non-object D:\wnmp\www\malasong\DataSource\Runtime\Temp\b98fc940e393e12c0163e8b483a2b21226c917df.file.header.html.php 第 37 行.
NOTIC: [8] Undefined index: index D:\wnmp\www\malasong\DataSource\Runtime\Temp\b98fc940e393e12c0163e8b483a2b21226c917df.file.header.html.php 第 47 行.
NOTIC: [8] Trying to get property of non-object D:\wnmp\www\malasong\DataSource\Runtime\Temp\b98fc940e393e12c0163e8b483a2b21226c917df.file.header.html.php 第 47 行.
NOTIC: [8] Undefined index: index D:\wnmp\www\malasong\DataSource\Runtime\Temp\b98fc940e393e12c0163e8b483a2b21226c917df.file.header.html.php 第 62 行.
NOTIC: [8] Trying to get property of non-object D:\wnmp\www\malasong\DataSource\Runtime\Temp\b98fc940e393e12c0163e8b483a2b21226c917df.file.header.html.php 第 62 行.
NOTIC: [8] Undefined index: error D:\wnmp\www\malasong\DataSource\Runtime\Temp\53b2950ee527dcb4db31ef1e06a62ab3e62a8b79.file.index.html.php 第 39 行.
NOTIC: [8] Trying to get property of non-object D:\wnmp\www\malasong\DataSource\Runtime\Temp\53b2950ee527dcb4db31ef1e06a62ab3e62a8b79.file.index.html.php 第 39 行.
INFO: Run ParseTemplate Behavior [ RunTime:0.022348s ]
INFO: [ view_parse ] --END-- [ RunTime:0.022407s ]
INFO: [ view_filter ] --START--
INFO: Run ContentReplace Behavior [ RunTime:0.000500s ]
INFO: Run TokenBuild Behavior [ RunTime:0.000305s ]
INFO: Run WriteHtmlCache Behavior [ RunTime:0.000214s ]
INFO: Run ShowRuntime Behavior [ RunTime:0.000376s ]
INFO: [ view_filter ] --END-- [ RunTime:0.001494s ]
INFO: [ view_end ] --START--
INFO: Run ShowPageTrace Behavior [ RunTime:0.000494s ]
INFO: [ view_end ] --END-- [ RunTime:0.000532s ]

[ 2015-12-28T10:24:42+08:00 ] /Account/verify
INFO: [ route_check ] --START--
INFO: Run CheckRoute Behavior [ RunTime:0.000471s ]
INFO: [ route_check ] --END-- [ RunTime:0.000528s ]
INFO: [ app_begin ] --START--
INFO: Run ReadHtmlCache Behavior [ RunTime:0.000324s ]
INFO: [ app_begin ] --END-- [ RunTime:0.000357s ]

[ 2015-12-28T10:24:43+08:00 ] /Ajax/apply_num
INFO: [ route_check ] --START--
INFO: Run CheckRoute Behavior [ RunTime:0.000707s ]
INFO: [ route_check ] --END-- [ RunTime:0.000785s ]
INFO: [ app_begin ] --START--
INFO: Run ReadHtmlCache Behavior [ RunTime:0.000606s ]
INFO: [ app_begin ] --END-- [ RunTime:0.000677s ]
NOTIC: [8] Undefined index: db_dsn D:\wnmp\www\malasong\lib\ThinkPHP\Lib\Core\Db.class.php 第 129 行.
NOTIC: [8] Undefined index: db_params D:\wnmp\www\malasong\lib\ThinkPHP\Lib\Core\Db.class.php 第 130 行.
SQL: SHOW COLUMNS FROM `mls_userorders` [ RunTime:0.002899s ]
SQL: SELECT COUNT(*) AS tp_count FROM `mls_userorders` WHERE ( isonline = 0 ) LIMIT 1   [ RunTime:0.000636s ]

[ 2015-12-28T10:25:18+08:00 ] /enroll/index
INFO: [ route_check ] --START--
INFO: Run CheckRoute Behavior [ RunTime:0.000455s ]
INFO: [ route_check ] --END-- [ RunTime:0.000503s ]
INFO: [ app_begin ] --START--
INFO: Run ReadHtmlCache Behavior [ RunTime:0.000306s ]
INFO: [ app_begin ] --END-- [ RunTime:0.000343s ]
INFO: Run AuthCheck Behavior [ RunTime:0.000630s ]
NOTIC: [8] Undefined index: db_dsn D:\wnmp\www\malasong\lib\ThinkPHP\Lib\Core\Db.class.php 第 129 行.
NOTIC: [8] Undefined index: db_params D:\wnmp\www\malasong\lib\ThinkPHP\Lib\Core\Db.class.php 第 130 行.
SQL: SHOW COLUMNS FROM `mls_countries` [ RunTime:0.004012s ]
INFO: [ view_template ] --START--
INFO: Run LocationTemplate Behavior [ RunTime:0.000863s ]
INFO: [ view_template ] --END-- [ RunTime:0.000965s ]
INFO: [ view_parse ] --START--
NOTIC: [8] Undefined index: tilte D:\wnmp\www\malasong\DataSource\Runtime\Temp\b98fc940e393e12c0163e8b483a2b21226c917df.file.header.html.php 第 33 行.
NOTIC: [8] Trying to get property of non-object D:\wnmp\www\malasong\DataSource\Runtime\Temp\b98fc940e393e12c0163e8b483a2b21226c917df.file.header.html.php 第 33 行.
NOTIC: [8] Undefined index: index D:\wnmp\www\malasong\DataSource\Runtime\Temp\b98fc940e393e12c0163e8b483a2b21226c917df.file.header.html.php 第 37 行.
NOTIC: [8] Trying to get property of non-object D:\wnmp\www\malasong\DataSource\Runtime\Temp\b98fc940e393e12c0163e8b483a2b21226c917df.file.header.html.php 第 37 行.
NOTIC: [8] Undefined index: index D:\wnmp\www\malasong\DataSource\Runtime\Temp\b98fc940e393e12c0163e8b483a2b21226c917df.file.header.html.php 第 47 行.
NOTIC: [8] Trying to get property of non-object D:\wnmp\www\malasong\DataSource\Runtime\Temp\b98fc940e393e12c0163e8b483a2b21226c917df.file.header.html.php 第 47 行.
NOTIC: [8] Undefined index: index D:\wnmp\www\malasong\DataSource\Runtime\Temp\b98fc940e393e12c0163e8b483a2b21226c917df.file.header.html.php 第 62 行.
NOTIC: [8] Trying to get property of non-object D:\wnmp\www\malasong\DataSource\Runtime\Temp\b98fc940e393e12c0163e8b483a2b21226c917df.file.header.html.php 第 62 行.
NOTIC: [8] Undefined index: error D:\wnmp\www\malasong\DataSource\Runtime\Temp\53b2950ee527dcb4db31ef1e06a62ab3e62a8b79.file.index.html.php 第 39 行.
NOTIC: [8] Trying to get property of non-object D:\wnmp\www\malasong\DataSource\Runtime\Temp\53b2950ee527dcb4db31ef1e06a62ab3e62a8b79.file.index.html.php 第 39 行.
INFO: Run ParseTemplate Behavior [ RunTime:0.017812s ]
INFO: [ view_parse ] --END-- [ RunTime:0.017874s ]
INFO: [ view_filter ] --START--
INFO: Run ContentReplace Behavior [ RunTime:0.000678s ]
INFO: Run TokenBuild Behavior [ RunTime:0.000321s ]
INFO: Run WriteHtmlCache Behavior [ RunTime:0.000209s ]
INFO: Run ShowRuntime Behavior [ RunTime:0.000402s ]
INFO: [ view_filter ] --END-- [ RunTime:0.001728s ]
INFO: [ view_end ] --START--
INFO: Run ShowPageTrace Behavior [ RunTime:0.000584s ]
INFO: [ view_end ] --END-- [ RunTime:0.000673s ]

[ 2015-12-28T10:25:18+08:00 ] /Account/verify
INFO: [ route_check ] --START--
INFO: Run CheckRoute Behavior [ RunTime:0.000725s ]
INFO: [ route_check ] --END-- [ RunTime:0.000796s ]
INFO: [ app_begin ] --START--
INFO: Run ReadHtmlCache Behavior [ RunTime:0.000499s ]
INFO: [ app_begin ] --END-- [ RunTime:0.000546s ]

[ 2015-12-28T10:25:20+08:00 ] /Ajax/apply_num
INFO: [ route_check ] --START--
INFO: Run CheckRoute Behavior [ RunTime:0.000709s ]
INFO: [ route_check ] --END-- [ RunTime:0.000778s ]
INFO: [ app_begin ] --START--
INFO: Run ReadHtmlCache Behavior [ RunTime:0.000465s ]
INFO: [ app_begin ] --END-- [ RunTime:0.000502s ]
NOTIC: [8] Undefined index: db_dsn D:\wnmp\www\malasong\lib\ThinkPHP\Lib\Core\Db.class.php 第 129 行.
NOTIC: [8] Undefined index: db_params D:\wnmp\www\malasong\lib\ThinkPHP\Lib\Core\Db.class.php 第 130 行.
SQL: SHOW COLUMNS FROM `mls_userorders` [ RunTime:0.002612s ]
SQL: SELECT COUNT(*) AS tp_count FROM `mls_userorders` WHERE ( isonline = 0 ) LIMIT 1   [ RunTime:0.000789s ]

[ 2015-12-28T10:25:21+08:00 ] /
INFO: [ app_begin ] --START--
INFO: Run ReadHtmlCache Behavior [ RunTime:0.000768s ]
INFO: [ app_begin ] --END-- [ RunTime:0.000850s ]
NOTIC: [8] Undefined index: db_dsn D:\wnmp\www\malasong\lib\ThinkPHP\Lib\Core\Db.class.php 第 129 行.
NOTIC: [8] Undefined index: db_params D:\wnmp\www\malasong\lib\ThinkPHP\Lib\Core\Db.class.php 第 130 行.
SQL: SHOW COLUMNS FROM `mls_news` [ RunTime:0.004425s ]
SQL: SELECT `id`,`news_title`,`des`,`img`,`url`,`url_type` FROM `mls_news` ORDER BY orderid asc,id desc LIMIT 0,6   [ RunTime:0.001244s ]
INFO: [ view_template ] --START--
INFO: Run LocationTemplate Behavior [ RunTime:0.000877s ]
INFO: [ view_template ] --END-- [ RunTime:0.000958s ]
INFO: [ view_parse ] --START--
NOTIC: [8] Undefined index: tilte D:\wnmp\www\malasong\DataSource\Runtime\Temp\b98fc940e393e12c0163e8b483a2b21226c917df.file.header.html.php 第 33 行.
NOTIC: [8] Trying to get property of non-object D:\wnmp\www\malasong\DataSource\Runtime\Temp\b98fc940e393e12c0163e8b483a2b21226c917df.file.header.html.php 第 33 行.
INFO: Run ParseTemplate Behavior [ RunTime:0.017978s ]
INFO: [ view_parse ] --END-- [ RunTime:0.018042s ]
INFO: [ view_filter ] --START--
INFO: Run ContentReplace Behavior [ RunTime:0.000451s ]
INFO: Run TokenBuild Behavior [ RunTime:0.000322s ]
INFO: Run WriteHtmlCache Behavior [ RunTime:0.000219s ]
INFO: Run ShowRuntime Behavior [ RunTime:0.000420s ]
INFO: [ view_filter ] --END-- [ RunTime:0.001540s ]
INFO: [ view_end ] --START--
INFO: Run ShowPageTrace Behavior [ RunTime:0.000548s ]
INFO: [ view_end ] --END-- [ RunTime:0.000621s ]

[ 2015-12-28T10:25:21+08:00 ] /Account/verify
INFO: [ route_check ] --START--
INFO: Run CheckRoute Behavior [ RunTime:0.000477s ]
INFO: [ route_check ] --END-- [ RunTime:0.000529s ]
INFO: [ app_begin ] --START--
INFO: Run ReadHtmlCache Behavior [ RunTime:0.000329s ]
INFO: [ app_begin ] --END-- [ RunTime:0.000361s ]

[ 2015-12-28T10:25:27+08:00 ] /Matchinfo/online
INFO: [ route_check ] --START--
INFO: Run CheckRoute Behavior [ RunTime:0.001124s ]
INFO: [ route_check ] --END-- [ RunTime:0.001203s ]
INFO: [ app_begin ] --START--
INFO: Run ReadHtmlCache Behavior [ RunTime:0.000713s ]
INFO: [ app_begin ] --END-- [ RunTime:0.000761s ]
INFO: [ view_template ] --START--
INFO: Run LocationTemplate Behavior [ RunTime:0.000481s ]
INFO: [ view_template ] --END-- [ RunTime:0.000536s ]
INFO: [ view_parse ] --START--
NOTIC: [8] Undefined index: tilte D:\wnmp\www\malasong\DataSource\Runtime\Temp\b98fc940e393e12c0163e8b483a2b21226c917df.file.header.html.php 第 33 行.
NOTIC: [8] Trying to get property of non-object D:\wnmp\www\malasong\DataSource\Runtime\Temp\b98fc940e393e12c0163e8b483a2b21226c917df.file.header.html.php 第 33 行.
NOTIC: [8] Undefined index: index D:\wnmp\www\malasong\DataSource\Runtime\Temp\b98fc940e393e12c0163e8b483a2b21226c917df.file.header.html.php 第 37 行.
NOTIC: [8] Trying to get property of non-object D:\wnmp\www\malasong\DataSource\Runtime\Temp\b98fc940e393e12c0163e8b483a2b21226c917df.file.header.html.php 第 37 行.
NOTIC: [8] Undefined index: index D:\wnmp\www\malasong\DataSource\Runtime\Temp\b98fc940e393e12c0163e8b483a2b21226c917df.file.header.html.php 第 47 行.
NOTIC: [8] Trying to get property of non-object D:\wnmp\www\malasong\DataSource\Runtime\Temp\b98fc940e393e12c0163e8b483a2b21226c917df.file.header.html.php 第 47 行.
NOTIC: [8] Undefined index: index D:\wnmp\www\malasong\DataSource\Runtime\Temp\b98fc940e393e12c0163e8b483a2b21226c917df.file.header.html.php 第 62 行.
NOTIC: [8] Trying to get property of non-object D:\wnmp\www\malasong\DataSource\Runtime\Temp\b98fc940e393e12c0163e8b483a2b21226c917df.file.header.html.php 第 62 行.
INFO: Run ParseTemplate Behavior [ RunTime:0.013757s ]
INFO: [ view_parse ] --END-- [ RunTime:0.013804s ]
INFO: [ view_filter ] --START--
INFO: Run ContentReplace Behavior [ RunTime:0.000379s ]
INFO: Run TokenBuild Behavior [ RunTime:0.000301s ]
INFO: Run WriteHtmlCache Behavior [ RunTime:0.000188s ]
INFO: Run ShowRuntime Behavior [ RunTime:0.000323s ]
INFO: [ view_filter ] --END-- [ RunTime:0.001298s ]
INFO: [ view_end ] --START--
INFO: Run ShowPageTrace Behavior [ RunTime:0.000589s ]
INFO: [ view_end ] --END-- [ RunTime:0.000668s ]

[ 2015-12-28T10:25:27+08:00 ] /Account/verify
INFO: [ route_check ] --START--
INFO: Run CheckRoute Behavior [ RunTime:0.000459s ]
INFO: [ route_check ] --END-- [ RunTime:0.000508s ]
INFO: [ app_begin ] --START--
INFO: Run ReadHtmlCache Behavior [ RunTime:0.000314s ]
INFO: [ app_begin ] --END-- [ RunTime:0.000346s ]

[ 2015-12-28T10:25:32+08:00 ] /enroll/index
INFO: [ route_check ] --START--
INFO: Run CheckRoute Behavior [ RunTime:0.001108s ]
INFO: [ route_check ] --END-- [ RunTime:0.001221s ]
INFO: [ app_begin ] --START--
INFO: Run ReadHtmlCache Behavior [ RunTime:0.001367s ]
INFO: [ app_begin ] --END-- [ RunTime:0.001422s ]
INFO: Run AuthCheck Behavior [ RunTime:0.000267s ]
NOTIC: [8] Undefined index: db_dsn D:\wnmp\www\malasong\lib\ThinkPHP\Lib\Core\Db.class.php 第 129 行.
NOTIC: [8] Undefined index: db_params D:\wnmp\www\malasong\lib\ThinkPHP\Lib\Core\Db.class.php 第 130 行.
SQL: SHOW COLUMNS FROM `mls_countries` [ RunTime:0.003654s ]
INFO: [ view_template ] --START--
INFO: Run LocationTemplate Behavior [ RunTime:0.000830s ]
INFO: [ view_template ] --END-- [ RunTime:0.000927s ]
INFO: [ view_parse ] --START--
NOTIC: [8] Undefined index: tilte D:\wnmp\www\malasong\DataSource\Runtime\Temp\b98fc940e393e12c0163e8b483a2b21226c917df.file.header.html.php 第 33 行.
NOTIC: [8] Trying to get property of non-object D:\wnmp\www\malasong\DataSource\Runtime\Temp\b98fc940e393e12c0163e8b483a2b21226c917df.file.header.html.php 第 33 行.
NOTIC: [8] Undefined index: index D:\wnmp\www\malasong\DataSource\Runtime\Temp\b98fc940e393e12c0163e8b483a2b21226c917df.file.header.html.php 第 37 行.
NOTIC: [8] Trying to get property of non-object D:\wnmp\www\malasong\DataSource\Runtime\Temp\b98fc940e393e12c0163e8b483a2b21226c917df.file.header.html.php 第 37 行.
NOTIC: [8] Undefined index: index D:\wnmp\www\malasong\DataSource\Runtime\Temp\b98fc940e393e12c0163e8b483a2b21226c917df.file.header.html.php 第 47 行.
NOTIC: [8] Trying to get property of non-object D:\wnmp\www\malasong\DataSource\Runtime\Temp\b98fc940e393e12c0163e8b483a2b21226c917df.file.header.html.php 第 47 行.
NOTIC: [8] Undefined index: index D:\wnmp\www\malasong\DataSource\Runtime\Temp\b98fc940e393e12c0163e8b483a2b21226c917df.file.header.html.php 第 62 行.
NOTIC: [8] Trying to get property of non-object D:\wnmp\www\malasong\DataSource\Runtime\Temp\b98fc940e393e12c0163e8b483a2b21226c917df.file.header.html.php 第 62 行.
NOTIC: [8] Undefined index: error D:\wnmp\www\malasong\DataSource\Runtime\Temp\53b2950ee527dcb4db31ef1e06a62ab3e62a8b79.file.index.html.php 第 39 行.
NOTIC: [8] Trying to get property of non-object D:\wnmp\www\malasong\DataSource\Runtime\Temp\53b2950ee527dcb4db31ef1e06a62ab3e62a8b79.file.index.html.php 第 39 行.
INFO: Run ParseTemplate Behavior [ RunTime:0.015867s ]
INFO: [ view_parse ] --END-- [ RunTime:0.015924s ]
INFO: [ view_filter ] --START--
INFO: Run ContentReplace Behavior [ RunTime:0.000525s ]
INFO: Run TokenBuild Behavior [ RunTime:0.000312s ]
INFO: Run WriteHtmlCache Behavior [ RunTime:0.000205s ]
INFO: Run ShowRuntime Behavior [ RunTime:0.000387s ]
INFO: [ view_filter ] --END-- [ RunTime:0.001540s ]
INFO: [ view_end ] --START--
INFO: Run ShowPageTrace Behavior [ RunTime:0.000603s ]
INFO: [ view_end ] --END-- [ RunTime:0.000654s ]

[ 2015-12-28T10:25:32+08:00 ] /Account/verify
INFO: [ route_check ] --START--
INFO: Run CheckRoute Behavior [ RunTime:0.000656s ]
INFO: [ route_check ] --END-- [ RunTime:0.000728s ]
INFO: [ app_begin ] --START--
INFO: Run ReadHtmlCache Behavior [ RunTime:0.000449s ]
INFO: [ app_begin ] --END-- [ RunTime:0.000496s ]

[ 2015-12-28T10:25:34+08:00 ] /Ajax/apply_num
INFO: [ route_check ] --START--
INFO: Run CheckRoute Behavior [ RunTime:0.001045s ]
INFO: [ route_check ] --END-- [ RunTime:0.001152s ]
INFO: [ app_begin ] --START--
INFO: Run ReadHtmlCache Behavior [ RunTime:0.000525s ]
INFO: [ app_begin ] --END-- [ RunTime:0.000583s ]
NOTIC: [8] Undefined index: db_dsn D:\wnmp\www\malasong\lib\ThinkPHP\Lib\Core\Db.class.php 第 129 行.
NOTIC: [8] Undefined index: db_params D:\wnmp\www\malasong\lib\ThinkPHP\Lib\Core\Db.class.php 第 130 行.
SQL: SHOW COLUMNS FROM `mls_userorders` [ RunTime:0.002921s ]
SQL: SELECT COUNT(*) AS tp_count FROM `mls_userorders` WHERE ( isonline = 0 ) LIMIT 1   [ RunTime:0.000525s ]

[ 2015-12-28T10:26:21+08:00 ] /enroll/index
INFO: [ route_check ] --START--
INFO: Run CheckRoute Behavior [ RunTime:0.000780s ]
INFO: [ route_check ] --END-- [ RunTime:0.000873s ]
INFO: [ app_begin ] --START--
INFO: Run ReadHtmlCache Behavior [ RunTime:0.000490s ]
INFO: [ app_begin ] --END-- [ RunTime:0.000536s ]
INFO: Run AuthCheck Behavior [ RunTime:0.000368s ]
NOTIC: [8] Undefined index: db_dsn D:\wnmp\www\malasong\lib\ThinkPHP\Lib\Core\Db.class.php 第 129 行.
NOTIC: [8] Undefined index: db_params D:\wnmp\www\malasong\lib\ThinkPHP\Lib\Core\Db.class.php 第 130 行.
SQL: SHOW COLUMNS FROM `mls_countries` [ RunTime:0.003659s ]
INFO: [ view_template ] --START--
INFO: Run LocationTemplate Behavior [ RunTime:0.000807s ]
INFO: [ view_template ] --END-- [ RunTime:0.000906s ]
INFO: [ view_parse ] --START--
NOTIC: [8] Undefined index: tilte D:\wnmp\www\malasong\DataSource\Runtime\Temp\b98fc940e393e12c0163e8b483a2b21226c917df.file.header.html.php 第 33 行.
NOTIC: [8] Trying to get property of non-object D:\wnmp\www\malasong\DataSource\Runtime\Temp\b98fc940e393e12c0163e8b483a2b21226c917df.file.header.html.php 第 33 行.
NOTIC: [8] Undefined index: index D:\wnmp\www\malasong\DataSource\Runtime\Temp\b98fc940e393e12c0163e8b483a2b21226c917df.file.header.html.php 第 37 行.
NOTIC: [8] Trying to get property of non-object D:\wnmp\www\malasong\DataSource\Runtime\Temp\b98fc940e393e12c0163e8b483a2b21226c917df.file.header.html.php 第 37 行.
NOTIC: [8] Undefined index: index D:\wnmp\www\malasong\DataSource\Runtime\Temp\b98fc940e393e12c0163e8b483a2b21226c917df.file.header.html.php 第 47 行.
NOTIC: [8] Trying to get property of non-object D:\wnmp\www\malasong\DataSource\Runtime\Temp\b98fc940e393e12c0163e8b483a2b21226c917df.file.header.html.php 第 47 行.
NOTIC: [8] Undefined index: index D:\wnmp\www\malasong\DataSource\Runtime\Temp\b98fc940e393e12c0163e8b483a2b21226c917df.file.header.html.php 第 62 行.
NOTIC: [8] Trying to get property of non-object D:\wnmp\www\malasong\DataSource\Runtime\Temp\b98fc940e393e12c0163e8b483a2b21226c917df.file.header.html.php 第 62 行.
NOTIC: [8] Undefined index: error D:\wnmp\www\malasong\DataSource\Runtime\Temp\53b2950ee527dcb4db31ef1e06a62ab3e62a8b79.file.index.html.php 第 39 行.
NOTIC: [8] Trying to get property of non-object D:\wnmp\www\malasong\DataSource\Runtime\Temp\53b2950ee527dcb4db31ef1e06a62ab3e62a8b79.file.index.html.php 第 39 行.
INFO: Run ParseTemplate Behavior [ RunTime:0.019416s ]
INFO: [ view_parse ] --END-- [ RunTime:0.019495s ]
INFO: [ view_filter ] --START--
INFO: Run ContentReplace Behavior [ RunTime:0.000872s ]
INFO: Run TokenBuild Behavior [ RunTime:0.000519s ]
INFO: Run WriteHtmlCache Behavior [ RunTime:0.000348s ]
INFO: Run ShowRuntime Behavior [ RunTime:0.000668s ]
INFO: [ view_filter ] --END-- [ RunTime:0.002593s ]
INFO: [ view_end ] --START--
INFO: Run ShowPageTrace Behavior [ RunTime:0.000854s ]
INFO: [ view_end ] --END-- [ RunTime:0.000931s ]

[ 2015-12-28T10:26:21+08:00 ] /Account/verify
INFO: [ route_check ] --START--
INFO: Run CheckRoute Behavior [ RunTime:0.000735s ]
INFO: [ route_check ] --END-- [ RunTime:0.000807s ]
INFO: [ app_begin ] --START--
INFO: Run ReadHtmlCache Behavior [ RunTime:0.000510s ]
INFO: [ app_begin ] --END-- [ RunTime:0.000558s ]

[ 2015-12-28T10:26:22+08:00 ] /Ajax/apply_num
INFO: [ route_check ] --START--
INFO: Run CheckRoute Behavior [ RunTime:0.001354s ]
INFO: [ route_check ] --END-- [ RunTime:0.001432s ]
INFO: [ app_begin ] --START--
INFO: Run ReadHtmlCache Behavior [ RunTime:0.000520s ]
INFO: [ app_begin ] --END-- [ RunTime:0.000562s ]
NOTIC: [8] Undefined index: db_dsn D:\wnmp\www\malasong\lib\ThinkPHP\Lib\Core\Db.class.php 第 129 行.
NOTIC: [8] Undefined index: db_params D:\wnmp\www\malasong\lib\ThinkPHP\Lib\Core\Db.class.php 第 130 行.
SQL: SHOW COLUMNS FROM `mls_userorders` [ RunTime:0.004289s ]
SQL: SELECT COUNT(*) AS tp_count FROM `mls_userorders` WHERE ( isonline = 0 ) LIMIT 1   [ RunTime:0.001055s ]

[ 2015-12-28T10:26:24+08:00 ] /
INFO: [ app_begin ] --START--
INFO: Run ReadHtmlCache Behavior [ RunTime:0.000575s ]
INFO: [ app_begin ] --END-- [ RunTime:0.000657s ]
NOTIC: [8] Undefined index: db_dsn D:\wnmp\www\malasong\lib\ThinkPHP\Lib\Core\Db.class.php 第 129 行.
NOTIC: [8] Undefined index: db_params D:\wnmp\www\malasong\lib\ThinkPHP\Lib\Core\Db.class.php 第 130 行.
SQL: SHOW COLUMNS FROM `mls_news` [ RunTime:0.001800s ]
SQL: SELECT `id`,`news_title`,`des`,`img`,`url`,`url_type` FROM `mls_news` ORDER BY orderid asc,id desc LIMIT 0,6   [ RunTime:0.000479s ]
INFO: [ view_template ] --START--
INFO: Run LocationTemplate Behavior [ RunTime:0.000325s ]
INFO: [ view_template ] --END-- [ RunTime:0.000359s ]
INFO: [ view_parse ] --START--
NOTIC: [8] Undefined index: tilte D:\wnmp\www\malasong\DataSource\Runtime\Temp\b98fc940e393e12c0163e8b483a2b21226c917df.file.header.html.php 第 33 行.
NOTIC: [8] Trying to get property of non-object D:\wnmp\www\malasong\DataSource\Runtime\Temp\b98fc940e393e12c0163e8b483a2b21226c917df.file.header.html.php 第 33 行.
INFO: Run ParseTemplate Behavior [ RunTime:0.007909s ]
INFO: [ view_parse ] --END-- [ RunTime:0.007950s ]
INFO: [ view_filter ] --START--
INFO: Run ContentReplace Behavior [ RunTime:0.000347s ]
INFO: Run TokenBuild Behavior [ RunTime:0.000240s ]
INFO: Run WriteHtmlCache Behavior [ RunTime:0.000158s ]
INFO: Run ShowRuntime Behavior [ RunTime:0.000283s ]
INFO: [ view_filter ] --END-- [ RunTime:0.001116s ]
INFO: [ view_end ] --START--
INFO: Run ShowPageTrace Behavior [ RunTime:0.001061s ]
INFO: [ view_end ] --END-- [ RunTime:0.001152s ]

[ 2015-12-28T10:26:24+08:00 ] /Account/verify
INFO: [ route_check ] --START--
INFO: Run CheckRoute Behavior [ RunTime:0.000474s ]
INFO: [ route_check ] --END-- [ RunTime:0.000526s ]
INFO: [ app_begin ] --START--
INFO: Run ReadHtmlCache Behavior [ RunTime:0.000376s ]
INFO: [ app_begin ] --END-- [ RunTime:0.000408s ]

[ 2015-12-28T10:26:29+08:00 ] /enroll/index
INFO: [ route_check ] --START--
INFO: Run CheckRoute Behavior [ RunTime:0.001078s ]
INFO: [ route_check ] --END-- [ RunTime:0.001187s ]
INFO: [ app_begin ] --START--
INFO: Run ReadHtmlCache Behavior [ RunTime:0.000742s ]
INFO: [ app_begin ] --END-- [ RunTime:0.000818s ]
INFO: Run AuthCheck Behavior [ RunTime:0.000322s ]
NOTIC: [8] Undefined index: db_dsn D:\wnmp\www\malasong\lib\ThinkPHP\Lib\Core\Db.class.php 第 129 行.
NOTIC: [8] Undefined index: db_params D:\wnmp\www\malasong\lib\ThinkPHP\Lib\Core\Db.class.php 第 130 行.
SQL: SHOW COLUMNS FROM `mls_countries` [ RunTime:0.003713s ]
INFO: [ view_template ] --START--
INFO: Run LocationTemplate Behavior [ RunTime:0.000830s ]
INFO: [ view_template ] --END-- [ RunTime:0.000930s ]
INFO: [ view_parse ] --START--
NOTIC: [8] Undefined index: tilte D:\wnmp\www\malasong\DataSource\Runtime\Temp\b98fc940e393e12c0163e8b483a2b21226c917df.file.header.html.php 第 33 行.
NOTIC: [8] Trying to get property of non-object D:\wnmp\www\malasong\DataSource\Runtime\Temp\b98fc940e393e12c0163e8b483a2b21226c917df.file.header.html.php 第 33 行.
NOTIC: [8] Undefined index: index D:\wnmp\www\malasong\DataSource\Runtime\Temp\b98fc940e393e12c0163e8b483a2b21226c917df.file.header.html.php 第 37 行.
NOTIC: [8] Trying to get property of non-object D:\wnmp\www\malasong\DataSource\Runtime\Temp\b98fc940e393e12c0163e8b483a2b21226c917df.file.header.html.php 第 37 行.
NOTIC: [8] Undefined index: index D:\wnmp\www\malasong\DataSource\Runtime\Temp\b98fc940e393e12c0163e8b483a2b21226c917df.file.header.html.php 第 47 行.
NOTIC: [8] Trying to get property of non-object D:\wnmp\www\malasong\DataSource\Runtime\Temp\b98fc940e393e12c0163e8b483a2b21226c917df.file.header.html.php 第 47 行.
NOTIC: [8] Undefined index: index D:\wnmp\www\malasong\DataSource\Runtime\Temp\b98fc940e393e12c0163e8b483a2b21226c917df.file.header.html.php 第 62 行.
NOTIC: [8] Trying to get property of non-object D:\wnmp\www\malasong\DataSource\Runtime\Temp\b98fc940e393e12c0163e8b483a2b21226c917df.file.header.html.php 第 62 行.
NOTIC: [8] Undefined index: error D:\wnmp\www\malasong\DataSource\Runtime\Temp\53b2950ee527dcb4db31ef1e06a62ab3e62a8b79.file.index.html.php 第 39 行.
NOTIC: [8] Trying to get property of non-object D:\wnmp\www\malasong\DataSource\Runtime\Temp\53b2950ee527dcb4db31ef1e06a62ab3e62a8b79.file.index.html.php 第 39 行.
INFO: Run ParseTemplate Behavior [ RunTime:0.018572s ]
INFO: [ view_parse ] --END-- [ RunTime:0.018656s ]
INFO: [ view_filter ] --START--
INFO: Run ContentReplace Behavior [ RunTime:0.000866s ]
INFO: Run TokenBuild Behavior [ RunTime:0.000513s ]
INFO: Run WriteHtmlCache Behavior [ RunTime:0.000338s ]
INFO: Run ShowRuntime Behavior [ RunTime:0.000652s ]
INFO: [ view_filter ] --END-- [ RunTime:0.002561s ]
INFO: [ view_end ] --START--
INFO: Run ShowPageTrace Behavior [ RunTime:0.000421s ]
INFO: [ view_end ] --END-- [ RunTime:0.000473s ]

[ 2015-12-28T10:26:29+08:00 ] /Account/verify
INFO: [ route_check ] --START--
INFO: Run CheckRoute Behavior [ RunTime:0.000482s ]
INFO: [ route_check ] --END-- [ RunTime:0.000536s ]
INFO: [ app_begin ] --START--
INFO: Run ReadHtmlCache Behavior [ RunTime:0.000328s ]
INFO: [ app_begin ] --END-- [ RunTime:0.000361s ]

[ 2015-12-28T10:26:30+08:00 ] /Ajax/apply_num
INFO: [ route_check ] --START--
INFO: Run CheckRoute Behavior [ RunTime:0.000529s ]
INFO: [ route_check ] --END-- [ RunTime:0.000582s ]
INFO: [ app_begin ] --START--
INFO: Run ReadHtmlCache Behavior [ RunTime:0.000404s ]
INFO: [ app_begin ] --END-- [ RunTime:0.000444s ]
NOTIC: [8] Undefined index: db_dsn D:\wnmp\www\malasong\lib\ThinkPHP\Lib\Core\Db.class.php 第 129 行.
NOTIC: [8] Undefined index: db_params D:\wnmp\www\malasong\lib\ThinkPHP\Lib\Core\Db.class.php 第 130 行.
SQL: SHOW COLUMNS FROM `mls_userorders` [ RunTime:0.001893s ]
SQL: SELECT COUNT(*) AS tp_count FROM `mls_userorders` WHERE ( isonline = 0 ) LIMIT 1   [ RunTime:0.001129s ]

[ 2015-12-28T10:26:31+08:00 ] /EnrollInfo/
INFO: [ route_check ] --START--
INFO: Run CheckRoute Behavior [ RunTime:0.000987s ]
INFO: [ route_check ] --END-- [ RunTime:0.001082s ]
INFO: [ app_begin ] --START--
INFO: Run ReadHtmlCache Behavior [ RunTime:0.000907s ]
INFO: [ app_begin ] --END-- [ RunTime:0.001021s ]
INFO: Run AuthCheck Behavior [ RunTime:0.000775s ]
ERR: 非法操作:index.php

[ 2015-12-28T10:26:39+08:00 ] /EnrollInfo/index
INFO: [ route_check ] --START--
INFO: Run CheckRoute Behavior [ RunTime:0.001004s ]
INFO: [ route_check ] --END-- [ RunTime:0.001105s ]
INFO: [ app_begin ] --START--
INFO: Run ReadHtmlCache Behavior [ RunTime:0.000687s ]
INFO: [ app_begin ] --END-- [ RunTime:0.000757s ]
INFO: Run AuthCheck Behavior [ RunTime:0.000546s ]
NOTIC: [8] Undefined index: db_dsn D:\wnmp\www\malasong\lib\ThinkPHP\Lib\Core\Db.class.php 第 129 行.
NOTIC: [8] Undefined index: db_params D:\wnmp\www\malasong\lib\ThinkPHP\Lib\Core\Db.class.php 第 130 行.
SQL: SHOW COLUMNS FROM `mls_orderinfo` [ RunTime:0.030252s ]
SQL: select info.orderid,info.orderprice,info.paystats,info.isonline,info.ctime,info.goodsid,info.number,info.baomingdanid,info.count,info.sign,info.stime,info.etime,g.goodscls,g.goodspid from 
(SELECT o.orderid,o.orderprice,o.paystats,o.sign,o.isonline,o.ctime,i.goodsid,i.number,i.baomingdanid,i.count,i.stime,i.etime FROM `mls_orderinfo` i left join mls_userorders o on o.orderid=i.orderid where o.uid=99) info left join mls_goods g on info.goodsid=g.id [ RunTime:0.016822s ]
SQL: SHOW COLUMNS FROM `mls_baomingdan` [ RunTime:0.024403s ]
SQL: SHOW COLUMNS FROM `mls_goods` [ RunTime:0.004451s ]
NOTIC: [8] Undefined index: 991512190625515 D:\wnmp\www\malasong\DataSource\Lib\Action\EnrollInfoAction.class.php 第 20 行.
SQL: SELECT `xingming` FROM `mls_baomingdan` WHERE ( id=124 ) LIMIT 1   [ RunTime:0.000425s ]
SQL: SELECT * FROM `mls_goods` WHERE ( id=15 ) LIMIT 1   [ RunTime:0.000497s ]
NOTIC: [8] Undefined index: 991512261534014 D:\wnmp\www\malasong\DataSource\Lib\Action\EnrollInfoAction.class.php 第 20 行.
SQL: SELECT `xingming` FROM `mls_baomingdan` WHERE ( id=124 ) LIMIT 1   [ RunTime:0.000399s ]
INFO: [ view_template ] --START--
INFO: Run LocationTemplate Behavior [ RunTime:0.001073s ]
INFO: [ view_template ] --END-- [ RunTime:0.001153s ]
INFO: [ view_parse ] --START--
NOTIC: [8] Undefined index: tilte D:\wnmp\www\malasong\DataSource\Runtime\Temp\b98fc940e393e12c0163e8b483a2b21226c917df.file.header.html.php 第 33 行.
NOTIC: [8] Trying to get property of non-object D:\wnmp\www\malasong\DataSource\Runtime\Temp\b98fc940e393e12c0163e8b483a2b21226c917df.file.header.html.php 第 33 行.
NOTIC: [8] Undefined index: index D:\wnmp\www\malasong\DataSource\Runtime\Temp\b98fc940e393e12c0163e8b483a2b21226c917df.file.header.html.php 第 37 行.
NOTIC: [8] Trying to get property of non-object D:\wnmp\www\malasong\DataSource\Runtime\Temp\b98fc940e393e12c0163e8b483a2b21226c917df.file.header.html.php 第 37 行.
NOTIC: [8] Undefined index: index D:\wnmp\www\malasong\DataSource\Runtime\Temp\b98fc940e393e12c0163e8b483a2b21226c917df.file.header.html.php 第 47 行.
NOTIC: [8] Trying to get property of non-object D:\wnmp\www\malasong\DataSource\Runtime\Temp\b98fc940e393e12c0163e8b483a2b21226c917df.file.header.html.php 第 47 行.
NOTIC: [8] Undefined index: index D:\wnmp\www\malasong\DataSource\Runtime\Temp\b98fc940e393e12c0163e8b483a2b21226c917df.file.header.html.php 第 62 行.
NOTIC: [8] Trying to get property of non-object D:\wnmp\www\malasong\DataSource\Runtime\Temp\b98fc940e393e12c0163e8b483a2b21226c917df.file.header.html.php 第 62 行.
NOTIC: [8] Undefined index: JdInfo D:\wnmp\www\malasong\DataSource\Runtime\Temp\4b1d49e21c10635a5b49fa2386685d08beea0879.file.index.html.php 第 85 行.
NOTIC: [8] Undefined index: pidName D:\wnmp\www\malasong\DataSource\Runtime\Temp\4b1d49e21c10635a5b49fa2386685d08beea0879.file.index.html.php 第 61 行.
NOTIC: [8] Undefined index: JdInfo D:\wnmp\www\malasong\DataSource\Runtime\Temp\4b1d49e21c10635a5b49fa2386685d08beea0879.file.index.html.php 第 85 行.
INFO: Run ParseTemplate Behavior [ RunTime:0.251956s ]
INFO: [ view_parse ] --END-- [ RunTime:0.252015s ]
INFO: [ view_filter ] --START--
INFO: Run ContentReplace Behavior [ RunTime:0.000531s ]
INFO: Run TokenBuild Behavior [ RunTime:0.000314s ]
INFO: Run WriteHtmlCache Behavior [ RunTime:0.000230s ]
INFO: Run ShowRuntime Behavior [ RunTime:0.000384s ]
INFO: [ view_filter ] --END-- [ RunTime:0.001562s ]
INFO: [ view_end ] --START--
INFO: Run ShowPageTrace Behavior [ RunTime:0.000557s ]
INFO: [ view_end ] --END-- [ RunTime:0.000605s ]

[ 2015-12-28T10:26:39+08:00 ] /Account/verify
INFO: [ route_check ] --START--
INFO: Run CheckRoute Behavior [ RunTime:0.000829s ]
INFO: [ route_check ] --END-- [ RunTime:0.000908s ]
INFO: [ app_begin ] --START--
INFO: Run ReadHtmlCache Behavior [ RunTime:0.000544s ]
INFO: [ app_begin ] --END-- [ RunTime:0.000594s ]

[ 2015-12-28T10:26:40+08:00 ] /Ajax/apply_num
INFO: [ route_check ] --START--
INFO: Run CheckRoute Behavior [ RunTime:0.000456s ]
INFO: [ route_check ] --END-- [ RunTime:0.000507s ]
INFO: [ app_begin ] --START--
INFO: Run ReadHtmlCache Behavior [ RunTime:0.000312s ]
INFO: [ app_begin ] --END-- [ RunTime:0.000340s ]
NOTIC: [8] Undefined index: db_dsn D:\wnmp\www\malasong\lib\ThinkPHP\Lib\Core\Db.class.php 第 129 行.
NOTIC: [8] Undefined index: db_params D:\wnmp\www\malasong\lib\ThinkPHP\Lib\Core\Db.class.php 第 130 行.
SQL: SHOW COLUMNS FROM `mls_userorders` [ RunTime:0.001771s ]
SQL: SELECT COUNT(*) AS tp_count FROM `mls_userorders` WHERE ( isonline = 0 ) LIMIT 1   [ RunTime:0.000786s ]

[ 2015-12-28T10:26:53+08:00 ] /EnrollInfo/index
INFO: [ route_check ] --START--
INFO: Run CheckRoute Behavior [ RunTime:0.000627s ]
INFO: [ route_check ] --END-- [ RunTime:0.000701s ]
INFO: [ app_begin ] --START--
INFO: Run ReadHtmlCache Behavior [ RunTime:0.000293s ]
INFO: [ app_begin ] --END-- [ RunTime:0.000321s ]
INFO: Run AuthCheck Behavior [ RunTime:0.000286s ]
NOTIC: [8] Undefined index: db_dsn D:\wnmp\www\malasong\lib\ThinkPHP\Lib\Core\Db.class.php 第 129 行.
NOTIC: [8] Undefined index: db_params D:\wnmp\www\malasong\lib\ThinkPHP\Lib\Core\Db.class.php 第 130 行.
SQL: SHOW COLUMNS FROM `mls_orderinfo` [ RunTime:0.004097s ]
SQL: select info.orderid,info.orderprice,info.paystats,info.isonline,info.ctime,info.goodsid,info.number,info.baomingdanid,info.count,info.sign,info.stime,info.etime,g.goodscls,g.goodspid from 
(SELECT o.orderid,o.orderprice,o.paystats,o.sign,o.isonline,o.ctime,i.goodsid,i.number,i.baomingdanid,i.count,i.stime,i.etime FROM `mls_orderinfo` i left join mls_userorders o on o.orderid=i.orderid where o.uid=99) info left join mls_goods g on info.goodsid=g.id [ RunTime:0.001781s ]
SQL: SHOW COLUMNS FROM `mls_baomingdan` [ RunTime:0.005891s ]
SQL: SHOW COLUMNS FROM `mls_goods` [ RunTime:0.004071s ]
NOTIC: [8] Undefined index: 991512190625515 D:\wnmp\www\malasong\DataSource\Lib\Action\EnrollInfoAction.class.php 第 20 行.
SQL: SELECT `xingming` FROM `mls_baomingdan` WHERE ( id=124 ) LIMIT 1   [ RunTime:0.000956s ]
SQL: SELECT * FROM `mls_goods` WHERE ( id=15 ) LIMIT 1   [ RunTime:0.000496s ]
NOTIC: [8] Undefined index: 991512261534014 D:\wnmp\www\malasong\DataSource\Lib\Action\EnrollInfoAction.class.php 第 20 行.
SQL: SELECT `xingming` FROM `mls_baomingdan` WHERE ( id=124 ) LIMIT 1   [ RunTime:0.000378s ]
INFO: [ view_template ] --START--
INFO: Run LocationTemplate Behavior [ RunTime:0.001042s ]
INFO: [ view_template ] --END-- [ RunTime:0.001124s ]
INFO: [ view_parse ] --START--
NOTIC: [8] Undefined index: tilte D:\wnmp\www\malasong\DataSource\Runtime\Temp\b98fc940e393e12c0163e8b483a2b21226c917df.file.header.html.php 第 33 行.
NOTIC: [8] Trying to get property of non-object D:\wnmp\www\malasong\DataSource\Runtime\Temp\b98fc940e393e12c0163e8b483a2b21226c917df.file.header.html.php 第 33 行.
NOTIC: [8] Undefined index: index D:\wnmp\www\malasong\DataSource\Runtime\Temp\b98fc940e393e12c0163e8b483a2b21226c917df.file.header.html.php 第 37 行.
NOTIC: [8] Trying to get property of non-object D:\wnmp\www\malasong\DataSource\Runtime\Temp\b98fc940e393e12c0163e8b483a2b21226c917df.file.header.html.php 第 37 行.
NOTIC: [8] Undefined index: index D:\wnmp\www\malasong\DataSource\Runtime\Temp\b98fc940e393e12c0163e8b483a2b21226c917df.file.header.html.php 第 47 行.
NOTIC: [8] Trying to get property of non-object D:\wnmp\www\malasong\DataSource\Runtime\Temp\b98fc940e393e12c0163e8b483a2b21226c917df.file.header.html.php 第 47 行.
NOTIC: [8] Undefined index: index D:\wnmp\www\malasong\DataSource\Runtime\Temp\b98fc940e393e12c0163e8b483a2b21226c917df.file.header.html.php 第 62 行.
NOTIC: [8] Trying to get property of non-object D:\wnmp\www\malasong\DataSource\Runtime\Temp\b98fc940e393e12c0163e8b483a2b21226c917df.file.header.html.php 第 62 行.
NOTIC: [8] Undefined index: JdInfo D:\wnmp\www\malasong\DataSource\Runtime\Temp\4b1d49e21c10635a5b49fa2386685d08beea0879.file.index.html.php 第 85 行.
NOTIC: [8] Undefined index: pidName D:\wnmp\www\malasong\DataSource\Runtime\Temp\4b1d49e21c10635a5b49fa2386685d08beea0879.file.index.html.php 第 61 行.
NOTIC: [8] Undefined index: JdInfo D:\wnmp\www\malasong\DataSource\Runtime\Temp\4b1d49e21c10635a5b49fa2386685d08beea0879.file.index.html.php 第 85 行.
INFO: Run ParseTemplate Behavior [ RunTime:0.019311s ]
INFO: [ view_parse ] --END-- [ RunTime:0.019366s ]
INFO: [ view_filter ] --START--
INFO: Run ContentReplace Behavior [ RunTime:0.000291s ]
INFO: Run TokenBuild Behavior [ RunTime:0.000220s ]
INFO: Run WriteHtmlCache Behavior [ RunTime:0.000154s ]
INFO: Run ShowRuntime Behavior [ RunTime:0.000270s ]
INFO: [ view_filter ] --END-- [ RunTime:0.001017s ]
INFO: [ view_end ] --START--
INFO: Run ShowPageTrace Behavior [ RunTime:0.000432s ]
INFO: [ view_end ] --END-- [ RunTime:0.000507s ]

[ 2015-12-28T10:26:53+08:00 ] /Account/verify
INFO: [ route_check ] --START--
INFO: Run CheckRoute Behavior [ RunTime:0.000733s ]
INFO: [ route_check ] --END-- [ RunTime:0.000805s ]
INFO: [ app_begin ] --START--
INFO: Run ReadHtmlCache Behavior [ RunTime:0.000520s ]
INFO: [ app_begin ] --END-- [ RunTime:0.000569s ]

[ 2015-12-28T10:26:54+08:00 ] /Ajax/apply_num
INFO: [ route_check ] --START--
INFO: Run CheckRoute Behavior [ RunTime:0.000729s ]
INFO: [ route_check ] --END-- [ RunTime:0.000800s ]
INFO: [ app_begin ] --START--
INFO: Run ReadHtmlCache Behavior [ RunTime:0.000513s ]
INFO: [ app_begin ] --END-- [ RunTime:0.000557s ]
NOTIC: [8] Undefined index: db_dsn D:\wnmp\www\malasong\lib\ThinkPHP\Lib\Core\Db.class.php 第 129 行.
NOTIC: [8] Undefined index: db_params D:\wnmp\www\malasong\lib\ThinkPHP\Lib\Core\Db.class.php 第 130 行.
SQL: SHOW COLUMNS FROM `mls_userorders` [ RunTime:0.001804s ]
SQL: SELECT COUNT(*) AS tp_count FROM `mls_userorders` WHERE ( isonline = 0 ) LIMIT 1   [ RunTime:0.000882s ]

[ 2015-12-28T10:27:48+08:00 ] /EnrollInfo/index
INFO: [ route_check ] --START--
INFO: Run CheckRoute Behavior [ RunTime:0.001616s ]
INFO: [ route_check ] --END-- [ RunTime:0.001757s ]
INFO: [ app_begin ] --START--
INFO: Run ReadHtmlCache Behavior [ RunTime:0.000819s ]
INFO: [ app_begin ] --END-- [ RunTime:0.000893s ]
INFO: Run AuthCheck Behavior [ RunTime:0.000610s ]
NOTIC: [8] Undefined index: db_dsn D:\wnmp\www\malasong\lib\ThinkPHP\Lib\Core\Db.class.php 第 129 行.
NOTIC: [8] Undefined index: db_params D:\wnmp\www\malasong\lib\ThinkPHP\Lib\Core\Db.class.php 第 130 行.
SQL: SHOW COLUMNS FROM `mls_orderinfo` [ RunTime:0.004259s ]
SQL: select info.orderid,info.orderprice,info.paystats,info.isonline,info.ctime,info.goodsid,info.number,info.baomingdanid,info.count,info.sign,info.stime,info.etime,g.goodscls,g.goodspid from 
(SELECT o.orderid,o.orderprice,o.paystats,o.sign,o.isonline,o.ctime,i.goodsid,i.number,i.baomingdanid,i.count,i.stime,i.etime FROM `mls_orderinfo` i left join mls_userorders o on o.orderid=i.orderid where o.uid=99) info left join mls_goods g on info.goodsid=g.id [ RunTime:0.001724s ]
SQL: SHOW COLUMNS FROM `mls_baomingdan` [ RunTime:0.004396s ]
SQL: SHOW COLUMNS FROM `mls_goods` [ RunTime:0.004396s ]
NOTIC: [8] Undefined index: 991512190625515 D:\wnmp\www\malasong\DataSource\Lib\Action\EnrollInfoAction.class.php 第 20 行.
SQL: SELECT `xingming` FROM `mls_baomingdan` WHERE ( id=124 ) LIMIT 1   [ RunTime:0.000893s ]
SQL: SELECT * FROM `mls_goods` WHERE ( id=15 ) LIMIT 1   [ RunTime:0.000518s ]
NOTIC: [8] Undefined index: 991512261534014 D:\wnmp\www\malasong\DataSource\Lib\Action\EnrollInfoAction.class.php 第 20 行.
SQL: SELECT `xingming` FROM `mls_baomingdan` WHERE ( id=124 ) LIMIT 1   [ RunTime:0.000435s ]
INFO: [ view_template ] --START--
INFO: Run LocationTemplate Behavior [ RunTime:0.000808s ]
INFO: [ view_template ] --END-- [ RunTime:0.000878s ]
INFO: [ view_parse ] --START--
NOTIC: [8] Undefined index: tilte D:\wnmp\www\malasong\DataSource\Runtime\Temp\b98fc940e393e12c0163e8b483a2b21226c917df.file.header.html.php 第 33 行.
NOTIC: [8] Trying to get property of non-object D:\wnmp\www\malasong\DataSource\Runtime\Temp\b98fc940e393e12c0163e8b483a2b21226c917df.file.header.html.php 第 33 行.
NOTIC: [8] Undefined index: index D:\wnmp\www\malasong\DataSource\Runtime\Temp\b98fc940e393e12c0163e8b483a2b21226c917df.file.header.html.php 第 37 行.
NOTIC: [8] Trying to get property of non-object D:\wnmp\www\malasong\DataSource\Runtime\Temp\b98fc940e393e12c0163e8b483a2b21226c917df.file.header.html.php 第 37 行.
NOTIC: [8] Undefined index: index D:\wnmp\www\malasong\DataSource\Runtime\Temp\b98fc940e393e12c0163e8b483a2b21226c917df.file.header.html.php 第 47 行.
NOTIC: [8] Trying to get property of non-object D:\wnmp\www\malasong\DataSource\Runtime\Temp\b98fc940e393e12c0163e8b483a2b21226c917df.file.header.html.php 第 47 行.
NOTIC: [8] Undefined index: index D:\wnmp\www\malasong\DataSource\Runtime\Temp\b98fc940e393e12c0163e8b483a2b21226c917df.file.header.html.php 第 62 行.
NOTIC: [8] Trying to get property of non-object D:\wnmp\www\malasong\DataSource\Runtime\Temp\b98fc940e393e12c0163e8b483a2b21226c917df.file.header.html.php 第 62 行.
NOTIC: [8] Undefined index: JdInfo D:\wnmp\www\malasong\DataSource\Runtime\Temp\4b1d49e21c10635a5b49fa2386685d08beea0879.file.index.html.php 第 85 行.
NOTIC: [8] Undefined index: pidName D:\wnmp\www\malasong\DataSource\Runtime\Temp\4b1d49e21c10635a5b49fa2386685d08beea0879.file.index.html.php 第 61 行.
NOTIC: [8] Undefined index: JdInfo D:\wnmp\www\malasong\DataSource\Runtime\Temp\4b1d49e21c10635a5b49fa2386685d08beea0879.file.index.html.php 第 85 行.
INFO: Run ParseTemplate Behavior [ RunTime:0.018334s ]
INFO: [ view_parse ] --END-- [ RunTime:0.018411s ]
INFO: [ view_filter ] --START--
INFO: Run ContentReplace Behavior [ RunTime:0.000627s ]
INFO: Run TokenBuild Behavior [ RunTime:0.000475s ]
INFO: Run WriteHtmlCache Behavior [ RunTime:0.000331s ]
INFO: Run ShowRuntime Behavior [ RunTime:0.000589s ]
INFO: [ view_filter ] --END-- [ RunTime:0.002206s ]
INFO: [ view_end ] --START--
INFO: Run ShowPageTrace Behavior [ RunTime:0.000585s ]
INFO: [ view_end ] --END-- [ RunTime:0.000634s ]

[ 2015-12-28T10:27:48+08:00 ] /Account/verify
INFO: [ route_check ] --START--
INFO: Run CheckRoute Behavior [ RunTime:0.000685s ]
INFO: [ route_check ] --END-- [ RunTime:0.000755s ]
INFO: [ app_begin ] --START--
INFO: Run ReadHtmlCache Behavior [ RunTime:0.001547s ]
INFO: [ app_begin ] --END-- [ RunTime:0.001610s ]

[ 2015-12-28T10:27:49+08:00 ] /Ajax/apply_num
INFO: [ route_check ] --START--
INFO: Run CheckRoute Behavior [ RunTime:0.000553s ]
INFO: [ route_check ] --END-- [ RunTime:0.000621s ]
INFO: [ app_begin ] --START--
INFO: Run ReadHtmlCache Behavior [ RunTime:0.000749s ]
INFO: [ app_begin ] --END-- [ RunTime:0.000869s ]
NOTIC: [8] Undefined index: db_dsn D:\wnmp\www\malasong\lib\ThinkPHP\Lib\Core\Db.class.php 第 129 行.
NOTIC: [8] Undefined index: db_params D:\wnmp\www\malasong\lib\ThinkPHP\Lib\Core\Db.class.php 第 130 行.
SQL: SHOW COLUMNS FROM `mls_userorders` [ RunTime:0.001977s ]
SQL: SELECT COUNT(*) AS tp_count FROM `mls_userorders` WHERE ( isonline = 0 ) LIMIT 1   [ RunTime:0.001309s ]

[ 2015-12-28T10:27:55+08:00 ] /enroll/index
INFO: [ route_check ] --START--
INFO: Run CheckRoute Behavior [ RunTime:0.000470s ]
INFO: [ route_check ] --END-- [ RunTime:0.000521s ]
INFO: [ app_begin ] --START--
INFO: Run ReadHtmlCache Behavior [ RunTime:0.000553s ]
INFO: [ app_begin ] --END-- [ RunTime:0.000652s ]
INFO: Run AuthCheck Behavior [ RunTime:0.000505s ]
NOTIC: [8] Undefined index: db_dsn D:\wnmp\www\malasong\lib\ThinkPHP\Lib\Core\Db.class.php 第 129 行.
NOTIC: [8] Undefined index: db_params D:\wnmp\www\malasong\lib\ThinkPHP\Lib\Core\Db.class.php 第 130 行.
SQL: SHOW COLUMNS FROM `mls_countries` [ RunTime:0.004203s ]
INFO: [ view_template ] --START--
INFO: Run LocationTemplate Behavior [ RunTime:0.001008s ]
INFO: [ view_template ] --END-- [ RunTime:0.001118s ]
INFO: [ view_parse ] --START--
NOTIC: [8] Undefined index: tilte D:\wnmp\www\malasong\DataSource\Runtime\Temp\b98fc940e393e12c0163e8b483a2b21226c917df.file.header.html.php 第 33 行.
NOTIC: [8] Trying to get property of non-object D:\wnmp\www\malasong\DataSource\Runtime\Temp\b98fc940e393e12c0163e8b483a2b21226c917df.file.header.html.php 第 33 行.
NOTIC: [8] Undefined index: index D:\wnmp\www\malasong\DataSource\Runtime\Temp\b98fc940e393e12c0163e8b483a2b21226c917df.file.header.html.php 第 37 行.
NOTIC: [8] Trying to get property of non-object D:\wnmp\www\malasong\DataSource\Runtime\Temp\b98fc940e393e12c0163e8b483a2b21226c917df.file.header.html.php 第 37 行.
NOTIC: [8] Undefined index: index D:\wnmp\www\malasong\DataSource\Runtime\Temp\b98fc940e393e12c0163e8b483a2b21226c917df.file.header.html.php 第 47 行.
NOTIC: [8] Trying to get property of non-object D:\wnmp\www\malasong\DataSource\Runtime\Temp\b98fc940e393e12c0163e8b483a2b21226c917df.file.header.html.php 第 47 行.
NOTIC: [8] Undefined index: index D:\wnmp\www\malasong\DataSource\Runtime\Temp\b98fc940e393e12c0163e8b483a2b21226c917df.file.header.html.php 第 62 行.
NOTIC: [8] Trying to get property of non-object D:\wnmp\www\malasong\DataSource\Runtime\Temp\b98fc940e393e12c0163e8b483a2b21226c917df.file.header.html.php 第 62 行.
NOTIC: [8] Undefined index: error D:\wnmp\www\malasong\DataSource\Runtime\Temp\53b2950ee527dcb4db31ef1e06a62ab3e62a8b79.file.index.html.php 第 46 行.
NOTIC: [8] Trying to get property of non-object D:\wnmp\www\malasong\DataSource\Runtime\Temp\53b2950ee527dcb4db31ef1e06a62ab3e62a8b79.file.index.html.php 第 46 行.
INFO: Run ParseTemplate Behavior [ RunTime:0.064162s ]
INFO: [ view_parse ] --END-- [ RunTime:0.064217s ]
INFO: [ view_filter ] --START--
INFO: Run ContentReplace Behavior [ RunTime:0.000529s ]
INFO: Run TokenBuild Behavior [ RunTime:0.000269s ]
INFO: Run WriteHtmlCache Behavior [ RunTime:0.000183s ]
INFO: Run ShowRuntime Behavior [ RunTime:0.000329s ]
INFO: [ view_filter ] --END-- [ RunTime:0.001397s ]
INFO: [ view_end ] --START--
INFO: Run ShowPageTrace Behavior [ RunTime:0.000484s ]
INFO: [ view_end ] --END-- [ RunTime:0.000558s ]

[ 2015-12-28T10:27:55+08:00 ] /Account/verify
INFO: [ route_check ] --START--
INFO: Run CheckRoute Behavior [ RunTime:0.000511s ]
INFO: [ route_check ] --END-- [ RunTime:0.000563s ]
INFO: [ app_begin ] --START--
INFO: Run ReadHtmlCache Behavior [ RunTime:0.000346s ]
INFO: [ app_begin ] --END-- [ RunTime:0.000378s ]

[ 2015-12-28T10:27:57+08:00 ] /Ajax/apply_num
INFO: [ route_check ] --START--
INFO: Run CheckRoute Behavior [ RunTime:0.000713s ]
INFO: [ route_check ] --END-- [ RunTime:0.000780s ]
INFO: [ app_begin ] --START--
INFO: Run ReadHtmlCache Behavior [ RunTime:0.000459s ]
INFO: [ app_begin ] --END-- [ RunTime:0.000496s ]
NOTIC: [8] Undefined index: db_dsn D:\wnmp\www\malasong\lib\ThinkPHP\Lib\Core\Db.class.php 第 129 行.
NOTIC: [8] Undefined index: db_params D:\wnmp\www\malasong\lib\ThinkPHP\Lib\Core\Db.class.php 第 130 行.
SQL: SHOW COLUMNS FROM `mls_userorders` [ RunTime:0.002507s ]
SQL: SELECT COUNT(*) AS tp_count FROM `mls_userorders` WHERE ( isonline = 0 ) LIMIT 1   [ RunTime:0.000748s ]

[ 2015-12-28T10:27:58+08:00 ] /EnrollInfo/index
INFO: [ route_check ] --START--
INFO: Run CheckRoute Behavior [ RunTime:0.001110s ]
INFO: [ route_check ] --END-- [ RunTime:0.001214s ]
INFO: [ app_begin ] --START--
INFO: Run ReadHtmlCache Behavior [ RunTime:0.000761s ]
INFO: [ app_begin ] --END-- [ RunTime:0.000835s ]
INFO: Run AuthCheck Behavior [ RunTime:0.000746s ]
NOTIC: [8] Undefined index: db_dsn D:\wnmp\www\malasong\lib\ThinkPHP\Lib\Core\Db.class.php 第 129 行.
NOTIC: [8] Undefined index: db_params D:\wnmp\www\malasong\lib\ThinkPHP\Lib\Core\Db.class.php 第 130 行.
SQL: SHOW COLUMNS FROM `mls_orderinfo` [ RunTime:0.005566s ]
SQL: select info.orderid,info.orderprice,info.paystats,info.isonline,info.ctime,info.goodsid,info.number,info.baomingdanid,info.count,info.sign,info.stime,info.etime,g.goodscls,g.goodspid from 
(SELECT o.orderid,o.orderprice,o.paystats,o.sign,o.isonline,o.ctime,i.goodsid,i.number,i.baomingdanid,i.count,i.stime,i.etime FROM `mls_orderinfo` i left join mls_userorders o on o.orderid=i.orderid where o.uid=99) info left join mls_goods g on info.goodsid=g.id [ RunTime:0.001206s ]
SQL: SHOW COLUMNS FROM `mls_baomingdan` [ RunTime:0.004042s ]
SQL: SHOW COLUMNS FROM `mls_goods` [ RunTime:0.002297s ]
NOTIC: [8] Undefined index: 991512190625515 D:\wnmp\www\malasong\DataSource\Lib\Action\EnrollInfoAction.class.php 第 20 行.
SQL: SELECT `xingming` FROM `mls_baomingdan` WHERE ( id=124 ) LIMIT 1   [ RunTime:0.000564s ]
SQL: SELECT * FROM `mls_goods` WHERE ( id=15 ) LIMIT 1   [ RunTime:0.000302s ]
NOTIC: [8] Undefined index: 991512261534014 D:\wnmp\www\malasong\DataSource\Lib\Action\EnrollInfoAction.class.php 第 20 行.
SQL: SELECT `xingming` FROM `mls_baomingdan` WHERE ( id=124 ) LIMIT 1   [ RunTime:0.000248s ]
INFO: [ view_template ] --START--
INFO: Run LocationTemplate Behavior [ RunTime:0.000644s ]
INFO: [ view_template ] --END-- [ RunTime:0.000689s ]
INFO: [ view_parse ] --START--
NOTIC: [8] Undefined index: tilte D:\wnmp\www\malasong\DataSource\Runtime\Temp\b98fc940e393e12c0163e8b483a2b21226c917df.file.header.html.php 第 33 行.
NOTIC: [8] Trying to get property of non-object D:\wnmp\www\malasong\DataSource\Runtime\Temp\b98fc940e393e12c0163e8b483a2b21226c917df.file.header.html.php 第 33 行.
NOTIC: [8] Undefined index: index D:\wnmp\www\malasong\DataSource\Runtime\Temp\b98fc940e393e12c0163e8b483a2b21226c917df.file.header.html.php 第 37 行.
NOTIC: [8] Trying to get property of non-object D:\wnmp\www\malasong\DataSource\Runtime\Temp\b98fc940e393e12c0163e8b483a2b21226c917df.file.header.html.php 第 37 行.
NOTIC: [8] Undefined index: index D:\wnmp\www\malasong\DataSource\Runtime\Temp\b98fc940e393e12c0163e8b483a2b21226c917df.file.header.html.php 第 47 行.
NOTIC: [8] Trying to get property of non-object D:\wnmp\www\malasong\DataSource\Runtime\Temp\b98fc940e393e12c0163e8b483a2b21226c917df.file.header.html.php 第 47 行.
NOTIC: [8] Undefined index: index D:\wnmp\www\malasong\DataSource\Runtime\Temp\b98fc940e393e12c0163e8b483a2b21226c917df.file.header.html.php 第 62 行.
NOTIC: [8] Trying to get property of non-object D:\wnmp\www\malasong\DataSource\Runtime\Temp\b98fc940e393e12c0163e8b483a2b21226c917df.file.header.html.php 第 62 行.
NOTIC: [8] Undefined index: JdInfo D:\wnmp\www\malasong\DataSource\Runtime\Temp\4b1d49e21c10635a5b49fa2386685d08beea0879.file.index.html.php 第 85 行.
NOTIC: [8] Undefined index: pidName D:\wnmp\www\malasong\DataSource\Runtime\Temp\4b1d49e21c10635a5b49fa2386685d08beea0879.file.index.html.php 第 61 行.
NOTIC: [8] Undefined index: JdInfo D:\wnmp\www\malasong\DataSource\Runtime\Temp\4b1d49e21c10635a5b49fa2386685d08beea0879.file.index.html.php 第 85 行.
INFO: Run ParseTemplate Behavior [ RunTime:0.012294s ]
INFO: [ view_parse ] --END-- [ RunTime:0.012344s ]
INFO: [ view_filter ] --START--
INFO: Run ContentReplace Behavior [ RunTime:0.000472s ]
INFO: Run TokenBuild Behavior [ RunTime:0.000434s ]
INFO: Run WriteHtmlCache Behavior [ RunTime:0.000229s ]
INFO: Run ShowRuntime Behavior [ RunTime:0.000406s ]
INFO: [ view_filter ] --END-- [ RunTime:0.001679s ]
INFO: [ view_end ] --START--
INFO: Run ShowPageTrace Behavior [ RunTime:0.000668s ]
INFO: [ view_end ] --END-- [ RunTime:0.000726s ]

[ 2015-12-28T10:27:58+08:00 ] /Account/verify
INFO: [ route_check ] --START--
INFO: Run CheckRoute Behavior [ RunTime:0.001008s ]
INFO: [ route_check ] --END-- [ RunTime:0.001074s ]
INFO: [ app_begin ] --START--
INFO: Run ReadHtmlCache Behavior [ RunTime:0.000471s ]
INFO: [ app_begin ] --END-- [ RunTime:0.000510s ]

[ 2015-12-28T10:27:59+08:00 ] /Ajax/apply_num
INFO: [ route_check ] --START--
INFO: Run CheckRoute Behavior [ RunTime:0.000606s ]
INFO: [ route_check ] --END-- [ RunTime:0.000679s ]
INFO: [ app_begin ] --START--
INFO: Run ReadHtmlCache Behavior [ RunTime:0.000479s ]
INFO: [ app_begin ] --END-- [ RunTime:0.000521s ]
NOTIC: [8] Undefined index: db_dsn D:\wnmp\www\malasong\lib\ThinkPHP\Lib\Core\Db.class.php 第 129 行.
NOTIC: [8] Undefined index: db_params D:\wnmp\www\malasong\lib\ThinkPHP\Lib\Core\Db.class.php 第 130 行.
SQL: SHOW COLUMNS FROM `mls_userorders` [ RunTime:0.004268s ]
SQL: SELECT COUNT(*) AS tp_count FROM `mls_userorders` WHERE ( isonline = 0 ) LIMIT 1   [ RunTime:0.001123s ]

[ 2015-12-28T10:28:04+08:00 ] /enroll/index
INFO: [ route_check ] --START--
INFO: Run CheckRoute Behavior [ RunTime:0.001102s ]
INFO: [ route_check ] --END-- [ RunTime:0.001203s ]
INFO: [ app_begin ] --START--
INFO: Run ReadHtmlCache Behavior [ RunTime:0.000762s ]
INFO: [ app_begin ] --END-- [ RunTime:0.000841s ]
INFO: Run AuthCheck Behavior [ RunTime:0.000797s ]
NOTIC: [8] Undefined index: db_dsn D:\wnmp\www\malasong\lib\ThinkPHP\Lib\Core\Db.class.php 第 129 行.
NOTIC: [8] Undefined index: db_params D:\wnmp\www\malasong\lib\ThinkPHP\Lib\Core\Db.class.php 第 130 行.
SQL: SHOW COLUMNS FROM `mls_countries` [ RunTime:0.041926s ]
INFO: [ view_template ] --START--
INFO: Run LocationTemplate Behavior [ RunTime:0.001056s ]
INFO: [ view_template ] --END-- [ RunTime:0.001166s ]
INFO: [ view_parse ] --START--
NOTIC: [8] Undefined index: tilte D:\wnmp\www\malasong\DataSource\Runtime\Temp\b98fc940e393e12c0163e8b483a2b21226c917df.file.header.html.php 第 33 行.
NOTIC: [8] Trying to get property of non-object D:\wnmp\www\malasong\DataSource\Runtime\Temp\b98fc940e393e12c0163e8b483a2b21226c917df.file.header.html.php 第 33 行.
NOTIC: [8] Undefined index: index D:\wnmp\www\malasong\DataSource\Runtime\Temp\b98fc940e393e12c0163e8b483a2b21226c917df.file.header.html.php 第 37 行.
NOTIC: [8] Trying to get property of non-object D:\wnmp\www\malasong\DataSource\Runtime\Temp\b98fc940e393e12c0163e8b483a2b21226c917df.file.header.html.php 第 37 行.
NOTIC: [8] Undefined index: index D:\wnmp\www\malasong\DataSource\Runtime\Temp\b98fc940e393e12c0163e8b483a2b21226c917df.file.header.html.php 第 47 行.
NOTIC: [8] Trying to get property of non-object D:\wnmp\www\malasong\DataSource\Runtime\Temp\b98fc940e393e12c0163e8b483a2b21226c917df.file.header.html.php 第 47 行.
NOTIC: [8] Undefined index: index D:\wnmp\www\malasong\DataSource\Runtime\Temp\b98fc940e393e12c0163e8b483a2b21226c917df.file.header.html.php 第 62 行.
NOTIC: [8] Trying to get property of non-object D:\wnmp\www\malasong\DataSource\Runtime\Temp\b98fc940e393e12c0163e8b483a2b21226c917df.file.header.html.php 第 62 行.
NOTIC: [8] Undefined index: error D:\wnmp\www\malasong\DataSource\Runtime\Temp\53b2950ee527dcb4db31ef1e06a62ab3e62a8b79.file.index.html.php 第 46 行.
NOTIC: [8] Trying to get property of non-object D:\wnmp\www\malasong\DataSource\Runtime\Temp\53b2950ee527dcb4db31ef1e06a62ab3e62a8b79.file.index.html.php 第 46 行.
INFO: Run ParseTemplate Behavior [ RunTime:0.018256s ]
INFO: [ view_parse ] --END-- [ RunTime:0.018319s ]
INFO: [ view_filter ] --START--
INFO: Run ContentReplace Behavior [ RunTime:0.000560s ]
INFO: Run TokenBuild Behavior [ RunTime:0.000332s ]
INFO: Run WriteHtmlCache Behavior [ RunTime:0.000221s ]
INFO: Run ShowRuntime Behavior [ RunTime:0.000420s ]
INFO: [ view_filter ] --END-- [ RunTime:0.001654s ]
INFO: [ view_end ] --START--
INFO: Run ShowPageTrace Behavior [ RunTime:0.000656s ]
INFO: [ view_end ] --END-- [ RunTime:0.000715s ]

[ 2015-12-28T10:28:04+08:00 ] /Account/verify
INFO: [ route_check ] --START--
INFO: Run CheckRoute Behavior [ RunTime:0.000744s ]
INFO: [ route_check ] --END-- [ RunTime:0.000819s ]
INFO: [ app_begin ] --START--
INFO: Run ReadHtmlCache Behavior [ RunTime:0.000546s ]
INFO: [ app_begin ] --END-- [ RunTime:0.000597s ]

[ 2015-12-28T10:28:05+08:00 ] /Ajax/apply_num
INFO: [ route_check ] --START--
INFO: Run CheckRoute Behavior [ RunTime:0.000512s ]
INFO: [ route_check ] --END-- [ RunTime:0.000583s ]
INFO: [ app_begin ] --START--
INFO: Run ReadHtmlCache Behavior [ RunTime:0.000361s ]
INFO: [ app_begin ] --END-- [ RunTime:0.000392s ]
NOTIC: [8] Undefined index: db_dsn D:\wnmp\www\malasong\lib\ThinkPHP\Lib\Core\Db.class.php 第 129 行.
NOTIC: [8] Undefined index: db_params D:\wnmp\www\malasong\lib\ThinkPHP\Lib\Core\Db.class.php 第 130 行.
SQL: SHOW COLUMNS FROM `mls_userorders` [ RunTime:0.003971s ]
SQL: SELECT COUNT(*) AS tp_count FROM `mls_userorders` WHERE ( isonline = 0 ) LIMIT 1   [ RunTime:0.001757s ]

[ 2015-12-28T10:28:06+08:00 ] /
INFO: [ app_begin ] --START--
INFO: Run ReadHtmlCache Behavior [ RunTime:0.000347s ]
INFO: [ app_begin ] --END-- [ RunTime:0.000400s ]
NOTIC: [8] Undefined index: db_dsn D:\wnmp\www\malasong\lib\ThinkPHP\Lib\Core\Db.class.php 第 129 行.
NOTIC: [8] Undefined index: db_params D:\wnmp\www\malasong\lib\ThinkPHP\Lib\Core\Db.class.php 第 130 行.
SQL: SHOW COLUMNS FROM `mls_news` [ RunTime:0.003846s ]
SQL: SELECT `id`,`news_title`,`des`,`img`,`url`,`url_type` FROM `mls_news` ORDER BY orderid asc,id desc LIMIT 0,6   [ RunTime:0.001997s ]
INFO: [ view_template ] --START--
INFO: Run LocationTemplate Behavior [ RunTime:0.000761s ]
INFO: [ view_template ] --END-- [ RunTime:0.000836s ]
INFO: [ view_parse ] --START--
NOTIC: [8] Undefined index: tilte D:\wnmp\www\malasong\DataSource\Runtime\Temp\b98fc940e393e12c0163e8b483a2b21226c917df.file.header.html.php 第 33 行.
NOTIC: [8] Trying to get property of non-object D:\wnmp\www\malasong\DataSource\Runtime\Temp\b98fc940e393e12c0163e8b483a2b21226c917df.file.header.html.php 第 33 行.
INFO: Run ParseTemplate Behavior [ RunTime:0.016963s ]
INFO: [ view_parse ] --END-- [ RunTime:0.017036s ]
INFO: [ view_filter ] --START--
INFO: Run ContentReplace Behavior [ RunTime:0.000655s ]
INFO: Run TokenBuild Behavior [ RunTime:0.000477s ]
INFO: Run WriteHtmlCache Behavior [ RunTime:0.000326s ]
INFO: Run ShowRuntime Behavior [ RunTime:0.000563s ]
INFO: [ view_filter ] --END-- [ RunTime:0.002200s ]
INFO: [ view_end ] --START--
INFO: Run ShowPageTrace Behavior [ RunTime:0.000757s ]
INFO: [ view_end ] --END-- [ RunTime:0.000825s ]

[ 2015-12-28T10:28:06+08:00 ] /Account/verify
INFO: [ route_check ] --START--
INFO: Run CheckRoute Behavior [ RunTime:0.000757s ]
INFO: [ route_check ] --END-- [ RunTime:0.000835s ]
INFO: [ app_begin ] --START--
INFO: Run ReadHtmlCache Behavior [ RunTime:0.000519s ]
INFO: [ app_begin ] --END-- [ RunTime:0.000569s ]

[ 2015-12-28T10:28:10+08:00 ] /enroll/index
INFO: [ route_check ] --START--
INFO: Run CheckRoute Behavior [ RunTime:0.001467s ]
INFO: [ route_check ] --END-- [ RunTime:0.001543s ]
INFO: [ app_begin ] --START--
INFO: Run ReadHtmlCache Behavior [ RunTime:0.000499s ]
INFO: [ app_begin ] --END-- [ RunTime:0.000547s ]
INFO: Run AuthCheck Behavior [ RunTime:0.000595s ]
NOTIC: [8] Undefined index: db_dsn D:\wnmp\www\malasong\lib\ThinkPHP\Lib\Core\Db.class.php 第 129 行.
NOTIC: [8] Undefined index: db_params D:\wnmp\www\malasong\lib\ThinkPHP\Lib\Core\Db.class.php 第 130 行.
SQL: SHOW COLUMNS FROM `mls_countries` [ RunTime:0.004346s ]
INFO: [ view_template ] --START--
INFO: Run LocationTemplate Behavior [ RunTime:0.000934s ]
INFO: [ view_template ] --END-- [ RunTime:0.001047s ]
INFO: [ view_parse ] --START--
NOTIC: [8] Undefined index: tilte D:\wnmp\www\malasong\DataSource\Runtime\Temp\b98fc940e393e12c0163e8b483a2b21226c917df.file.header.html.php 第 33 行.
NOTIC: [8] Trying to get property of non-object D:\wnmp\www\malasong\DataSource\Runtime\Temp\b98fc940e393e12c0163e8b483a2b21226c917df.file.header.html.php 第 33 行.
NOTIC: [8] Undefined index: index D:\wnmp\www\malasong\DataSource\Runtime\Temp\b98fc940e393e12c0163e8b483a2b21226c917df.file.header.html.php 第 37 行.
NOTIC: [8] Trying to get property of non-object D:\wnmp\www\malasong\DataSource\Runtime\Temp\b98fc940e393e12c0163e8b483a2b21226c917df.file.header.html.php 第 37 行.
NOTIC: [8] Undefined index: index D:\wnmp\www\malasong\DataSource\Runtime\Temp\b98fc940e393e12c0163e8b483a2b21226c917df.file.header.html.php 第 47 行.
NOTIC: [8] Trying to get property of non-object D:\wnmp\www\malasong\DataSource\Runtime\Temp\b98fc940e393e12c0163e8b483a2b21226c917df.file.header.html.php 第 47 行.
NOTIC: [8] Undefined index: index D:\wnmp\www\malasong\DataSource\Runtime\Temp\b98fc940e393e12c0163e8b483a2b21226c917df.file.header.html.php 第 62 行.
NOTIC: [8] Trying to get property of non-object D:\wnmp\www\malasong\DataSource\Runtime\Temp\b98fc940e393e12c0163e8b483a2b21226c917df.file.header.html.php 第 62 行.
NOTIC: [8] Undefined index: error D:\wnmp\www\malasong\DataSource\Runtime\Temp\53b2950ee527dcb4db31ef1e06a62ab3e62a8b79.file.index.html.php 第 46 行.
NOTIC: [8] Trying to get property of non-object D:\wnmp\www\malasong\DataSource\Runtime\Temp\53b2950ee527dcb4db31ef1e06a62ab3e62a8b79.file.index.html.php 第 46 行.
INFO: Run ParseTemplate Behavior [ RunTime:0.020577s ]
INFO: [ view_parse ] --END-- [ RunTime:0.020669s ]
INFO: [ view_filter ] --START--
INFO: Run ContentReplace Behavior [ RunTime:0.000949s ]
INFO: Run TokenBuild Behavior [ RunTime:0.000558s ]
INFO: Run WriteHtmlCache Behavior [ RunTime:0.000364s ]
INFO: Run ShowRuntime Behavior [ RunTime:0.000702s ]
INFO: [ view_filter ] --END-- [ RunTime:0.002776s ]
INFO: [ view_end ] --START--
INFO: Run ShowPageTrace Behavior [ RunTime:0.001050s ]
INFO: [ view_end ] --END-- [ RunTime:0.001134s ]

[ 2015-12-28T10:28:10+08:00 ] /Account/verify
INFO: [ route_check ] --START--
INFO: Run CheckRoute Behavior [ RunTime:0.000474s ]
INFO: [ route_check ] --END-- [ RunTime:0.000527s ]
INFO: [ app_begin ] --START--
INFO: Run ReadHtmlCache Behavior [ RunTime:0.000321s ]
INFO: [ app_begin ] --END-- [ RunTime:0.000351s ]

[ 2015-12-28T10:28:12+08:00 ] /Ajax/apply_num
INFO: [ route_check ] --START--
INFO: Run CheckRoute Behavior [ RunTime:0.001001s ]
INFO: [ route_check ] --END-- [ RunTime:0.001083s ]
INFO: [ app_begin ] --START--
INFO: Run ReadHtmlCache Behavior [ RunTime:0.000600s ]
INFO: [ app_begin ] --END-- [ RunTime:0.000649s ]
NOTIC: [8] Undefined index: db_dsn D:\wnmp\www\malasong\lib\ThinkPHP\Lib\Core\Db.class.php 第 129 行.
NOTIC: [8] Undefined index: db_params D:\wnmp\www\malasong\lib\ThinkPHP\Lib\Core\Db.class.php 第 130 行.
SQL: SHOW COLUMNS FROM `mls_userorders` [ RunTime:0.003944s ]
SQL: SELECT COUNT(*) AS tp_count FROM `mls_userorders` WHERE ( isonline = 0 ) LIMIT 1   [ RunTime:0.001960s ]

[ 2015-12-28T13:00:30+08:00 ] /wpay
INFO: [ route_check ] --START--
INFO: Run CheckRoute Behavior [ RunTime:0.000528s ]
INFO: [ route_check ] --END-- [ RunTime:0.000585s ]
INFO: [ app_begin ] --START--
INFO: Run ReadHtmlCache Behavior [ RunTime:0.000355s ]
INFO: [ app_begin ] --END-- [ RunTime:0.000389s ]
ERR: 无法加载模块:Wpay

[ 2015-12-28T13:01:06+08:00 ] /
INFO: [ app_begin ] --START--
INFO: Run ReadHtmlCache Behavior [ RunTime:0.000775s ]
INFO: [ app_begin ] --END-- [ RunTime:0.000884s ]
NOTIC: [8] Undefined index: db_dsn D:\wnmp\www\malasong\lib\ThinkPHP\Lib\Core\Db.class.php 第 129 行.
NOTIC: [8] Undefined index: db_params D:\wnmp\www\malasong\lib\ThinkPHP\Lib\Core\Db.class.php 第 130 行.
SQL: SHOW COLUMNS FROM `mls_news` [ RunTime:0.002123s ]
SQL: SELECT `id`,`news_title`,`des`,`img`,`url`,`url_type` FROM `mls_news` ORDER BY orderid asc,id desc LIMIT 0,6   [ RunTime:0.000556s ]
INFO: [ view_template ] --START--
INFO: Run LocationTemplate Behavior [ RunTime:0.000477s ]
INFO: [ view_template ] --END-- [ RunTime:0.000516s ]
INFO: [ view_parse ] --START--
NOTIC: [8] Undefined index: tilte D:\wnmp\www\malasong\DataSource\Runtime\Temp\b98fc940e393e12c0163e8b483a2b21226c917df.file.header.html.php 第 33 行.
NOTIC: [8] Trying to get property of non-object D:\wnmp\www\malasong\DataSource\Runtime\Temp\b98fc940e393e12c0163e8b483a2b21226c917df.file.header.html.php 第 33 行.
INFO: Run ParseTemplate Behavior [ RunTime:0.009441s ]
INFO: [ view_parse ] --END-- [ RunTime:0.009482s ]
INFO: [ view_filter ] --START--
INFO: Run ContentReplace Behavior [ RunTime:0.000375s ]
INFO: Run TokenBuild Behavior [ RunTime:0.000283s ]
INFO: Run WriteHtmlCache Behavior [ RunTime:0.000188s ]
INFO: Run ShowRuntime Behavior [ RunTime:0.000321s ]
INFO: [ view_filter ] --END-- [ RunTime:0.001255s ]
INFO: [ view_end ] --START--
INFO: Run ShowPageTrace Behavior [ RunTime:0.000422s ]
INFO: [ view_end ] --END-- [ RunTime:0.000457s ]

[ 2015-12-28T13:01:06+08:00 ] /Account/verify
INFO: [ route_check ] --START--
INFO: Run CheckRoute Behavior [ RunTime:0.000469s ]
INFO: [ route_check ] --END-- [ RunTime:0.000519s ]
INFO: [ app_begin ] --START--
INFO: Run ReadHtmlCache Behavior [ RunTime:0.000310s ]
INFO: [ app_begin ] --END-- [ RunTime:0.000340s ]

[ 2015-12-28T13:01:40+08:00 ] /OnlineEnroll/xinxi
INFO: [ route_check ] --START--
INFO: Run CheckRoute Behavior [ RunTime:0.000523s ]
INFO: [ route_check ] --END-- [ RunTime:0.000583s ]
INFO: [ app_begin ] --START--
INFO: Run ReadHtmlCache Behavior [ RunTime:0.000550s ]
INFO: [ app_begin ] --END-- [ RunTime:0.000600s ]
INFO: Run AuthCheck Behavior [ RunTime:0.000440s ]
NOTIC: [8] Undefined index: db_dsn D:\wnmp\www\malasong\lib\ThinkPHP\Lib\Core\Db.class.php 第 129 行.
NOTIC: [8] Undefined index: db_params D:\wnmp\www\malasong\lib\ThinkPHP\Lib\Core\Db.class.php 第 130 行.
SQL: SHOW COLUMNS FROM `mls_goods` [ RunTime:0.005108s ]
SQL: SELECT * FROM `mls_goods` WHERE ( goodspid = 15 ) ORDER BY `order` desc  [ RunTime:0.000913s ]
SQL: SHOW COLUMNS FROM `mls_countries` [ RunTime:0.004617s ]
INFO: [ view_template ] --START--
INFO: Run LocationTemplate Behavior [ RunTime:0.000689s ]
INFO: [ view_template ] --END-- [ RunTime:0.000758s ]
INFO: [ view_parse ] --START--
NOTIC: [8] Undefined index: tilte D:\wnmp\www\malasong\DataSource\Runtime\Temp\b98fc940e393e12c0163e8b483a2b21226c917df.file.header.html.php 第 33 行.
NOTIC: [8] Trying to get property of non-object D:\wnmp\www\malasong\DataSource\Runtime\Temp\b98fc940e393e12c0163e8b483a2b21226c917df.file.header.html.php 第 33 行.
NOTIC: [8] Undefined index: index D:\wnmp\www\malasong\DataSource\Runtime\Temp\b98fc940e393e12c0163e8b483a2b21226c917df.file.header.html.php 第 37 行.
NOTIC: [8] Trying to get property of non-object D:\wnmp\www\malasong\DataSource\Runtime\Temp\b98fc940e393e12c0163e8b483a2b21226c917df.file.header.html.php 第 37 行.
NOTIC: [8] Undefined index: index D:\wnmp\www\malasong\DataSource\Runtime\Temp\b98fc940e393e12c0163e8b483a2b21226c917df.file.header.html.php 第 47 行.
NOTIC: [8] Trying to get property of non-object D:\wnmp\www\malasong\DataSource\Runtime\Temp\b98fc940e393e12c0163e8b483a2b21226c917df.file.header.html.php 第 47 行.
NOTIC: [8] Undefined index: index D:\wnmp\www\malasong\DataSource\Runtime\Temp\b98fc940e393e12c0163e8b483a2b21226c917df.file.header.html.php 第 62 行.
NOTIC: [8] Trying to get property of non-object D:\wnmp\www\malasong\DataSource\Runtime\Temp\b98fc940e393e12c0163e8b483a2b21226c917df.file.header.html.php 第 62 行.
INFO: Run ParseTemplate Behavior [ RunTime:0.080352s ]
INFO: [ view_parse ] --END-- [ RunTime:0.080435s ]
INFO: [ view_filter ] --START--
INFO: Run ContentReplace Behavior [ RunTime:0.000945s ]
INFO: Run TokenBuild Behavior [ RunTime:0.000524s ]
INFO: Run WriteHtmlCache Behavior [ RunTime:0.000340s ]
INFO: Run ShowRuntime Behavior [ RunTime:0.000647s ]
INFO: [ view_filter ] --END-- [ RunTime:0.002667s ]
INFO: [ view_end ] --START--
INFO: Run ShowPageTrace Behavior [ RunTime:0.000831s ]
INFO: [ view_end ] --END-- [ RunTime:0.000906s ]

[ 2015-12-28T13:01:40+08:00 ] /Account/verify
INFO: [ route_check ] --START--
INFO: Run CheckRoute Behavior [ RunTime:0.000483s ]
INFO: [ route_check ] --END-- [ RunTime:0.000540s ]
INFO: [ app_begin ] --START--
INFO: Run ReadHtmlCache Behavior [ RunTime:0.000334s ]
INFO: [ app_begin ] --END-- [ RunTime:0.000369s ]

[ 2015-12-28T13:01:41+08:00 ] /Ajax/apply_num
INFO: [ route_check ] --START--
INFO: Run CheckRoute Behavior [ RunTime:0.000518s ]
INFO: [ route_check ] --END-- [ RunTime:0.000583s ]
INFO: [ app_begin ] --START--
INFO: Run ReadHtmlCache Behavior [ RunTime:0.000511s ]
INFO: [ app_begin ] --END-- [ RunTime:0.000556s ]
NOTIC: [8] Undefined index: db_dsn D:\wnmp\www\malasong\lib\ThinkPHP\Lib\Core\Db.class.php 第 129 行.
NOTIC: [8] Undefined index: db_params D:\wnmp\www\malasong\lib\ThinkPHP\Lib\Core\Db.class.php 第 130 行.
SQL: SHOW COLUMNS FROM `mls_userorders` [ RunTime:0.005373s ]
SQL: SELECT COUNT(*) AS tp_count FROM `mls_userorders` WHERE ( isonline = 0 ) LIMIT 1   [ RunTime:0.001389s ]

