[ 2015-12-19T05:40:04+08:00 ] /
INFO: [ app_begin ] --START--
INFO: Run ReadHtmlCache Behavior [ RunTime:0.013963s ]
INFO: [ app_begin ] --END-- [ RunTime:0.015186s ]
NOTIC: [8] Undefined index: db_dsn D:\wnmp\www\malasong\lib\ThinkPHP\Lib\Core\Db.class.php 第 129 行.
NOTIC: [8] Undefined index: db_params D:\wnmp\www\malasong\lib\ThinkPHP\Lib\Core\Db.class.php 第 130 行.
SQL: SHOW COLUMNS FROM `mls_news` [ RunTime:0.231048s ]
SQL: SELECT `id`,`news_title`,`des`,`img`,`url`,`url_type` FROM `mls_news` ORDER BY orderid asc,id desc LIMIT 0,6   [ RunTime:0.086128s ]
INFO: [ view_template ] --START--
INFO: Run LocationTemplate Behavior [ RunTime:0.169002s ]
INFO: [ view_template ] --END-- [ RunTime:0.169087s ]
INFO: [ view_parse ] --START--
NOTIC: [8] Undefined index: tilte D:\wnmp\www\malasong\DataSource\Runtime\Temp\b98fc940e393e12c0163e8b483a2b21226c917df.file.header.html.php 第 33 行.
NOTIC: [8] Trying to get property of non-object D:\wnmp\www\malasong\DataSource\Runtime\Temp\b98fc940e393e12c0163e8b483a2b21226c917df.file.header.html.php 第 33 行.
INFO: Run ParseTemplate Behavior [ RunTime:1.783983s ]
INFO: [ view_parse ] --END-- [ RunTime:1.784073s ]
INFO: [ view_filter ] --START--
INFO: Run ContentReplace Behavior [ RunTime:0.063584s ]
INFO: Run TokenBuild Behavior [ RunTime:0.035741s ]
INFO: Run WriteHtmlCache Behavior [ RunTime:0.028481s ]
INFO: Run ShowRuntime Behavior [ RunTime:0.021382s ]
INFO: [ view_filter ] --END-- [ RunTime:0.149513s ]
INFO: [ view_end ] --START--
INFO: Run ShowPageTrace Behavior [ RunTime:0.022981s ]
INFO: [ view_end ] --END-- [ RunTime:0.023678s ]

[ 2015-12-19T05:40:05+08:00 ] /Account/verify
INFO: [ route_check ] --START--
INFO: Run CheckRoute Behavior [ RunTime:0.027069s ]
INFO: [ route_check ] --END-- [ RunTime:0.027149s ]
INFO: [ app_begin ] --START--
INFO: Run ReadHtmlCache Behavior [ RunTime:0.000507s ]
INFO: [ app_begin ] --END-- [ RunTime:0.000551s ]

[ 2015-12-19T05:41:56+08:00 ] /Account/dologin?account=13522354197&pwd=aaa11111&code=9841
INFO: [ route_check ] --START--
INFO: Run CheckRoute Behavior [ RunTime:0.000903s ]
INFO: [ route_check ] --END-- [ RunTime:0.001001s ]
INFO: [ app_begin ] --START--
INFO: Run ReadHtmlCache Behavior [ RunTime:0.000603s ]
INFO: [ app_begin ] --END-- [ RunTime:0.000657s ]
NOTIC: [8] Undefined index: db_dsn D:\wnmp\www\malasong\lib\ThinkPHP\Lib\Core\Db.class.php 第 129 行.
NOTIC: [8] Undefined index: db_params D:\wnmp\www\malasong\lib\ThinkPHP\Lib\Core\Db.class.php 第 130 行.
SQL: SHOW COLUMNS FROM `mls_users` [ RunTime:0.004497s ]
SQL: SELECT `id`,`phone`,`email`,`pwd`,`nicname` FROM `mls_users` WHERE ( pwd = 'f35f1c49b927803589efa0d0bd330b8b' and sign =1 and (phone = '13522354197' or email = '13522354197') ) LIMIT 1   [ RunTime:0.000782s ]

[ 2015-12-19T05:41:57+08:00 ] /Index
INFO: [ route_check ] --START--
INFO: Run CheckRoute Behavior [ RunTime:0.000603s ]
INFO: [ route_check ] --END-- [ RunTime:0.000663s ]
INFO: [ app_begin ] --START--
INFO: Run ReadHtmlCache Behavior [ RunTime:0.000413s ]
INFO: [ app_begin ] --END-- [ RunTime:0.000454s ]
NOTIC: [8] Undefined index: db_dsn D:\wnmp\www\malasong\lib\ThinkPHP\Lib\Core\Db.class.php 第 129 行.
NOTIC: [8] Undefined index: db_params D:\wnmp\www\malasong\lib\ThinkPHP\Lib\Core\Db.class.php 第 130 行.
SQL: SHOW COLUMNS FROM `mls_news` [ RunTime:0.004198s ]
SQL: SELECT `id`,`news_title`,`des`,`img`,`url`,`url_type` FROM `mls_news` ORDER BY orderid asc,id desc LIMIT 0,6   [ RunTime:0.001317s ]
INFO: [ view_template ] --START--
INFO: Run LocationTemplate Behavior [ RunTime:0.000762s ]
INFO: [ view_template ] --END-- [ RunTime:0.000844s ]
INFO: [ view_parse ] --START--
NOTIC: [8] Undefined index: tilte D:\wnmp\www\malasong\DataSource\Runtime\Temp\b98fc940e393e12c0163e8b483a2b21226c917df.file.header.html.php 第 33 行.
NOTIC: [8] Trying to get property of non-object D:\wnmp\www\malasong\DataSource\Runtime\Temp\b98fc940e393e12c0163e8b483a2b21226c917df.file.header.html.php 第 33 行.
INFO: Run ParseTemplate Behavior [ RunTime:0.021649s ]
INFO: [ view_parse ] --END-- [ RunTime:0.021737s ]
INFO: [ view_filter ] --START--
INFO: Run ContentReplace Behavior [ RunTime:0.000765s ]
INFO: Run TokenBuild Behavior [ RunTime:0.000571s ]
INFO: Run WriteHtmlCache Behavior [ RunTime:0.000376s ]
INFO: Run ShowRuntime Behavior [ RunTime:0.000669s ]
INFO: [ view_filter ] --END-- [ RunTime:0.002581s ]
INFO: [ view_end ] --START--
INFO: Run ShowPageTrace Behavior [ RunTime:0.000985s ]
INFO: [ view_end ] --END-- [ RunTime:0.001117s ]

[ 2015-12-19T05:41:57+08:00 ] /Account/verify
INFO: [ route_check ] --START--
INFO: Run CheckRoute Behavior [ RunTime:0.001519s ]
INFO: [ route_check ] --END-- [ RunTime:0.001597s ]
INFO: [ app_begin ] --START--
INFO: Run ReadHtmlCache Behavior [ RunTime:0.000532s ]
INFO: [ app_begin ] --END-- [ RunTime:0.000582s ]

[ 2015-12-19T05:42:00+08:00 ] /Matchinfo/online
INFO: [ route_check ] --START--
INFO: Run CheckRoute Behavior [ RunTime:0.001109s ]
INFO: [ route_check ] --END-- [ RunTime:0.001226s ]
INFO: [ app_begin ] --START--
INFO: Run ReadHtmlCache Behavior [ RunTime:0.000759s ]
INFO: [ app_begin ] --END-- [ RunTime:0.000835s ]
INFO: [ view_template ] --START--
INFO: Run LocationTemplate Behavior [ RunTime:0.023851s ]
INFO: [ view_template ] --END-- [ RunTime:0.023991s ]
INFO: [ view_parse ] --START--
NOTIC: [8] Undefined index: tilte D:\wnmp\www\malasong\DataSource\Runtime\Temp\b98fc940e393e12c0163e8b483a2b21226c917df.file.header.html.php 第 33 行.
NOTIC: [8] Trying to get property of non-object D:\wnmp\www\malasong\DataSource\Runtime\Temp\b98fc940e393e12c0163e8b483a2b21226c917df.file.header.html.php 第 33 行.
NOTIC: [8] Undefined index: index D:\wnmp\www\malasong\DataSource\Runtime\Temp\b98fc940e393e12c0163e8b483a2b21226c917df.file.header.html.php 第 37 行.
NOTIC: [8] Trying to get property of non-object D:\wnmp\www\malasong\DataSource\Runtime\Temp\b98fc940e393e12c0163e8b483a2b21226c917df.file.header.html.php 第 37 行.
NOTIC: [8] Undefined index: index D:\wnmp\www\malasong\DataSource\Runtime\Temp\b98fc940e393e12c0163e8b483a2b21226c917df.file.header.html.php 第 47 行.
NOTIC: [8] Trying to get property of non-object D:\wnmp\www\malasong\DataSource\Runtime\Temp\b98fc940e393e12c0163e8b483a2b21226c917df.file.header.html.php 第 47 行.
NOTIC: [8] Undefined index: index D:\wnmp\www\malasong\DataSource\Runtime\Temp\b98fc940e393e12c0163e8b483a2b21226c917df.file.header.html.php 第 62 行.
NOTIC: [8] Trying to get property of non-object D:\wnmp\www\malasong\DataSource\Runtime\Temp\b98fc940e393e12c0163e8b483a2b21226c917df.file.header.html.php 第 62 行.
INFO: Run ParseTemplate Behavior [ RunTime:0.041339s ]
INFO: [ view_parse ] --END-- [ RunTime:0.041429s ]
INFO: [ view_filter ] --START--
INFO: Run ContentReplace Behavior [ RunTime:0.000641s ]
INFO: Run TokenBuild Behavior [ RunTime:0.000595s ]
INFO: Run WriteHtmlCache Behavior [ RunTime:0.000402s ]
INFO: Run ShowRuntime Behavior [ RunTime:0.000628s ]
INFO: [ view_filter ] --END-- [ RunTime:0.002466s ]
INFO: [ view_end ] --START--
INFO: Run ShowPageTrace Behavior [ RunTime:0.000975s ]
INFO: [ view_end ] --END-- [ RunTime:0.001053s ]

[ 2015-12-19T05:42:00+08:00 ] /Account/verify
INFO: [ route_check ] --START--
INFO: Run CheckRoute Behavior [ RunTime:0.000957s ]
INFO: [ route_check ] --END-- [ RunTime:0.001040s ]
INFO: [ app_begin ] --START--
INFO: Run ReadHtmlCache Behavior [ RunTime:0.000632s ]
INFO: [ app_begin ] --END-- [ RunTime:0.000690s ]

[ 2015-12-19T05:42:36+08:00 ] /OnlineEnroll/xinxi
INFO: [ route_check ] --START--
INFO: Run CheckRoute Behavior [ RunTime:0.001226s ]
INFO: [ route_check ] --END-- [ RunTime:0.001373s ]
INFO: [ app_begin ] --START--
INFO: Run ReadHtmlCache Behavior [ RunTime:0.001034s ]
INFO: [ app_begin ] --END-- [ RunTime:0.001137s ]
INFO: Run AuthCheck Behavior [ RunTime:0.027761s ]
NOTIC: [8] Undefined index: db_dsn D:\wnmp\www\malasong\lib\ThinkPHP\Lib\Core\Db.class.php 第 129 行.
NOTIC: [8] Undefined index: db_params D:\wnmp\www\malasong\lib\ThinkPHP\Lib\Core\Db.class.php 第 130 行.
SQL: SHOW COLUMNS FROM `mls_goods` [ RunTime:0.004692s ]
SQL: SELECT * FROM `mls_goods` WHERE ( goodspid = 15 ) ORDER BY `order` desc  [ RunTime:0.000842s ]
SQL: SHOW COLUMNS FROM `mls_countries` [ RunTime:0.004237s ]
NOTIC: [8] Memcache::connect():  D:\wnmp\www\malasong\lib\ThinkPHP\Extend\Driver\Cache\CacheMemcache.class.php 第 46 行.
NOTIC: [2] Memcache::connect():  D:\wnmp\www\malasong\lib\ThinkPHP\Extend\Driver\Cache\CacheMemcache.class.php 第 46 行.
NOTIC: [2] Memcache::get(): No servers added to memcache connection D:\wnmp\www\malasong\lib\ThinkPHP\Extend\Driver\Cache\CacheMemcache.class.php 第 58 行.
SQL: SELECT `title` FROM `mls_countries`  [ RunTime:0.001362s ]
NOTIC: [2] Memcache::set(): No servers added to memcache connection D:\wnmp\www\malasong\lib\ThinkPHP\Extend\Driver\Cache\CacheMemcache.class.php 第 75 行.
INFO: [ view_template ] --START--
INFO: Run LocationTemplate Behavior [ RunTime:0.001750s ]
INFO: [ view_template ] --END-- [ RunTime:0.001841s ]
INFO: [ view_parse ] --START--
NOTIC: [8] Undefined index: tilte D:\wnmp\www\malasong\DataSource\Runtime\Temp\b98fc940e393e12c0163e8b483a2b21226c917df.file.header.html.php 第 33 行.
NOTIC: [8] Trying to get property of non-object D:\wnmp\www\malasong\DataSource\Runtime\Temp\b98fc940e393e12c0163e8b483a2b21226c917df.file.header.html.php 第 33 行.
NOTIC: [8] Undefined index: index D:\wnmp\www\malasong\DataSource\Runtime\Temp\b98fc940e393e12c0163e8b483a2b21226c917df.file.header.html.php 第 37 行.
NOTIC: [8] Trying to get property of non-object D:\wnmp\www\malasong\DataSource\Runtime\Temp\b98fc940e393e12c0163e8b483a2b21226c917df.file.header.html.php 第 37 行.
NOTIC: [8] Undefined index: index D:\wnmp\www\malasong\DataSource\Runtime\Temp\b98fc940e393e12c0163e8b483a2b21226c917df.file.header.html.php 第 47 行.
NOTIC: [8] Trying to get property of non-object D:\wnmp\www\malasong\DataSource\Runtime\Temp\b98fc940e393e12c0163e8b483a2b21226c917df.file.header.html.php 第 47 行.
NOTIC: [8] Undefined index: index D:\wnmp\www\malasong\DataSource\Runtime\Temp\b98fc940e393e12c0163e8b483a2b21226c917df.file.header.html.php 第 62 行.
NOTIC: [8] Trying to get property of non-object D:\wnmp\www\malasong\DataSource\Runtime\Temp\b98fc940e393e12c0163e8b483a2b21226c917df.file.header.html.php 第 62 行.
INFO: Run ParseTemplate Behavior [ RunTime:0.126498s ]
INFO: [ view_parse ] --END-- [ RunTime:0.126596s ]
INFO: [ view_filter ] --START--
INFO: Run ContentReplace Behavior [ RunTime:0.000985s ]
INFO: Run TokenBuild Behavior [ RunTime:0.000605s ]
INFO: Run WriteHtmlCache Behavior [ RunTime:0.000545s ]
INFO: Run ShowRuntime Behavior [ RunTime:0.000844s ]
INFO: [ view_filter ] --END-- [ RunTime:0.003189s ]
INFO: [ view_end ] --START--
INFO: Run ShowPageTrace Behavior [ RunTime:0.001099s ]
INFO: [ view_end ] --END-- [ RunTime:0.001265s ]

[ 2015-12-19T05:42:36+08:00 ] /Account/verify
INFO: [ route_check ] --START--
INFO: Run CheckRoute Behavior [ RunTime:0.000730s ]
INFO: [ route_check ] --END-- [ RunTime:0.000798s ]
INFO: [ app_begin ] --START--
INFO: Run ReadHtmlCache Behavior [ RunTime:0.000484s ]
INFO: [ app_begin ] --END-- [ RunTime:0.000530s ]

[ 2015-12-19T05:42:37+08:00 ] /Ajax/apply_num
INFO: [ route_check ] --START--
INFO: Run CheckRoute Behavior [ RunTime:0.000457s ]
INFO: [ route_check ] --END-- [ RunTime:0.000504s ]
INFO: [ app_begin ] --START--
INFO: Run ReadHtmlCache Behavior [ RunTime:0.000316s ]
INFO: [ app_begin ] --END-- [ RunTime:0.000344s ]
NOTIC: [8] Undefined index: db_dsn D:\wnmp\www\malasong\lib\ThinkPHP\Lib\Core\Db.class.php 第 129 行.
NOTIC: [8] Undefined index: db_params D:\wnmp\www\malasong\lib\ThinkPHP\Lib\Core\Db.class.php 第 130 行.
SQL: SHOW COLUMNS FROM `mls_userorders` [ RunTime:0.004392s ]
SQL: SELECT COUNT(*) AS tp_count FROM `mls_userorders` WHERE ( isonline = 0 ) LIMIT 1   [ RunTime:0.022208s ]

[ 2015-12-19T05:42:54+08:00 ] /OnlineEnroll/ziliao
INFO: [ route_check ] --START--
INFO: Run CheckRoute Behavior [ RunTime:0.001013s ]
INFO: [ route_check ] --END-- [ RunTime:0.001114s ]
INFO: [ app_begin ] --START--
INFO: Run ReadHtmlCache Behavior [ RunTime:0.000697s ]
INFO: [ app_begin ] --END-- [ RunTime:0.000767s ]
INFO: Run AuthCheck Behavior [ RunTime:0.000583s ]
NOTIC: [8] Undefined index: shengfen D:\wnmp\www\malasong\DataSource\Lib\Action\OnlineEnrollAction.class.php 第 82 行.
NOTIC: [8] Undefined index: diqu D:\wnmp\www\malasong\DataSource\Lib\Action\OnlineEnrollAction.class.php 第 83 行.
NOTIC: [8] Undefined index: zbpinpai D:\wnmp\www\malasong\DataSource\Lib\Action\OnlineEnrollAction.class.php 第 132 行.
NOTIC: [8] Undefined index: ylpinpai D:\wnmp\www\malasong\DataSource\Lib\Action\OnlineEnrollAction.class.php 第 133 行.
NOTIC: [8] Undefined index: db_dsn D:\wnmp\www\malasong\lib\ThinkPHP\Lib\Core\Db.class.php 第 129 行.
NOTIC: [8] Undefined index: db_params D:\wnmp\www\malasong\lib\ThinkPHP\Lib\Core\Db.class.php 第 130 行.
SQL: SHOW COLUMNS FROM `mls_baomingdan` [ RunTime:0.002107s ]
SQL: SELECT `id` FROM `mls_baomingdan` WHERE ( zjtype = '身份证' and zjcode='362427199109186213' and uid=99 ) LIMIT 1   [ RunTime:0.000240s ]
SQL: INSERT INTO `mls_baomingdan` (`uid`,`xingming`,`guojia`,`zjtype`,`zjcode`,`xingbie`,`shengri`,`shouji`,`youxiang`,`shengfen`,`diqu`,`dizhi`,`xueli`,`xuexing`,`hangye`,`shouru`,`zhiye`,`shenti`,`nianxian`,`qmfirstdate`,`qmbest`,`bmfirstdate`,`bmbest`,`zbpinpai`,`ylpinpai`,`utime`,`ctime`) VALUES (99,'黄海燕','中国','身份证','362427199109186213',1,'1991-09-18','13522354197','375968317@qq.com','','','北京市朝阳区','','A型','','1-5万','',0,'1年及以内','','0:0:0','','0:0:0','null','null','2015-12-19 05:42:52','2015-12-19 05:42:52') [ RunTime:0.000260s ]
SQL: SHOW COLUMNS FROM `mls_userorders` [ RunTime:0.002368s ]
SQL: SELECT * FROM `mls_userorders` WHERE ( uid = 99 and paystats = 0 and isonline=1 ) LIMIT 1   [ RunTime:0.000619s ]
SQL: INSERT INTO `mls_userorders` (`uid`,`orderid`,`isonline`,`ctime`,`utime`) VALUES (99,'991512190542539',1,'2015-12-19 05:42:53','2015-12-19 05:42:53') [ RunTime:0.000407s ]
SQL: SHOW COLUMNS FROM `mls_orderinfo` [ RunTime:0.004409s ]
SQL: SELECT od.paystats FROM    mls_orderinfo i   left join mls_userorders od on od.orderid=i.orderid where  i.baomingdanid=122   [ RunTime:0.001331s ]
SQL: DELETE FROM `mls_orderinfo` WHERE ( uid=99 and orderid='991512190542539' and baomingdanid<>122 ) [ RunTime:0.000448s ]
SQL: SELECT count(*) as c FROM `mls_orderinfo` WHERE ( uid=99 and orderid='991512190542539' and baomingdanid=122 ) LIMIT 1   [ RunTime:0.000444s ]
SQL: SHOW COLUMNS FROM `mls_goods` [ RunTime:0.004512s ]
SQL: SELECT * FROM `mls_goods` WHERE ( id=17 ) LIMIT 1   [ RunTime:0.001112s ]
SQL: INSERT INTO `mls_orderinfo` (`uid`,`orderid`,`baomingdanid`,`goodsid`,`goodsprice`,`utime`,`ctime`) VALUES (99,'991512190542539',122,17,0.01,'2015-12-19 05:42:53','2015-12-19 05:42:53') [ RunTime:0.000487s ]

[ 2015-12-19T05:42:55+08:00 ] /OnlineEnroll/step2
INFO: [ route_check ] --START--
INFO: Run CheckRoute Behavior [ RunTime:0.000496s ]
INFO: [ route_check ] --END-- [ RunTime:0.000555s ]
INFO: [ app_begin ] --START--
INFO: Run ReadHtmlCache Behavior [ RunTime:0.000326s ]
INFO: [ app_begin ] --END-- [ RunTime:0.000357s ]
INFO: Run AuthCheck Behavior [ RunTime:0.000267s ]
NOTIC: [8] Undefined index: db_dsn D:\wnmp\www\malasong\lib\ThinkPHP\Lib\Core\Db.class.php 第 129 行.
NOTIC: [8] Undefined index: db_params D:\wnmp\www\malasong\lib\ThinkPHP\Lib\Core\Db.class.php 第 130 行.
SQL: SHOW COLUMNS FROM `mls_goods` [ RunTime:0.004214s ]
SQL: SHOW COLUMNS FROM `mls_userorders` [ RunTime:0.005707s ]
SQL: SHOW COLUMNS FROM `mls_orderinfo` [ RunTime:0.004589s ]
SQL: SELECT * FROM `mls_userorders` WHERE ( uid = 99 and paystats = 0 and isonline=1 ) LIMIT 1   [ RunTime:0.003686s ]
SQL: SELECT d.xingming,d.youxiang,d.id as baomingdanid FROM mls_baomingdan d left join mls_orderinfo i on i.baomingdanid=d.id where i.orderid='991512190542539' [ RunTime:0.000583s ]
SQL: SELECT * FROM `mls_orderinfo` WHERE ( orderid=991512190542539 )  [ RunTime:0.000383s ]
SQL: SELECT * FROM `mls_goods` WHERE ( goodspid = 15 ) ORDER BY `order` desc  [ RunTime:0.000636s ]
INFO: [ view_template ] --START--
INFO: Run LocationTemplate Behavior [ RunTime:0.000770s ]
INFO: [ view_template ] --END-- [ RunTime:0.000842s ]
INFO: [ view_parse ] --START--
NOTIC: [8] Undefined index: tilte D:\wnmp\www\malasong\DataSource\Runtime\Temp\b98fc940e393e12c0163e8b483a2b21226c917df.file.header.html.php 第 33 行.
NOTIC: [8] Trying to get property of non-object D:\wnmp\www\malasong\DataSource\Runtime\Temp\b98fc940e393e12c0163e8b483a2b21226c917df.file.header.html.php 第 33 行.
NOTIC: [8] Undefined index: index D:\wnmp\www\malasong\DataSource\Runtime\Temp\b98fc940e393e12c0163e8b483a2b21226c917df.file.header.html.php 第 37 行.
NOTIC: [8] Trying to get property of non-object D:\wnmp\www\malasong\DataSource\Runtime\Temp\b98fc940e393e12c0163e8b483a2b21226c917df.file.header.html.php 第 37 行.
NOTIC: [8] Undefined index: index D:\wnmp\www\malasong\DataSource\Runtime\Temp\b98fc940e393e12c0163e8b483a2b21226c917df.file.header.html.php 第 47 行.
NOTIC: [8] Trying to get property of non-object D:\wnmp\www\malasong\DataSource\Runtime\Temp\b98fc940e393e12c0163e8b483a2b21226c917df.file.header.html.php 第 47 行.
NOTIC: [8] Undefined index: index D:\wnmp\www\malasong\DataSource\Runtime\Temp\b98fc940e393e12c0163e8b483a2b21226c917df.file.header.html.php 第 62 行.
NOTIC: [8] Trying to get property of non-object D:\wnmp\www\malasong\DataSource\Runtime\Temp\b98fc940e393e12c0163e8b483a2b21226c917df.file.header.html.php 第 62 行.
INFO: Run ParseTemplate Behavior [ RunTime:0.477412s ]
INFO: [ view_parse ] --END-- [ RunTime:0.477503s ]
INFO: [ view_filter ] --START--
INFO: Run ContentReplace Behavior [ RunTime:0.000996s ]
INFO: Run TokenBuild Behavior [ RunTime:0.000616s ]
INFO: Run WriteHtmlCache Behavior [ RunTime:0.000432s ]
INFO: Run ShowRuntime Behavior [ RunTime:0.000693s ]
INFO: [ view_filter ] --END-- [ RunTime:0.002940s ]
INFO: [ view_end ] --START--
INFO: Run ShowPageTrace Behavior [ RunTime:0.000870s ]
INFO: [ view_end ] --END-- [ RunTime:0.000938s ]

[ 2015-12-19T05:42:55+08:00 ] /Account/verify
INFO: [ route_check ] --START--
INFO: Run CheckRoute Behavior [ RunTime:0.000695s ]
INFO: [ route_check ] --END-- [ RunTime:0.000777s ]
INFO: [ app_begin ] --START--
INFO: Run ReadHtmlCache Behavior [ RunTime:0.000374s ]
INFO: [ app_begin ] --END-- [ RunTime:0.000408s ]

[ 2015-12-19T05:42:56+08:00 ] /Ajax/apply_num
INFO: [ route_check ] --START--
INFO: Run CheckRoute Behavior [ RunTime:0.000997s ]
INFO: [ route_check ] --END-- [ RunTime:0.001161s ]
INFO: [ app_begin ] --START--
INFO: Run ReadHtmlCache Behavior [ RunTime:0.000847s ]
INFO: [ app_begin ] --END-- [ RunTime:0.000932s ]
NOTIC: [8] Undefined index: db_dsn D:\wnmp\www\malasong\lib\ThinkPHP\Lib\Core\Db.class.php 第 129 行.
NOTIC: [8] Undefined index: db_params D:\wnmp\www\malasong\lib\ThinkPHP\Lib\Core\Db.class.php 第 130 行.
SQL: SHOW COLUMNS FROM `mls_userorders` [ RunTime:0.001780s ]
SQL: SELECT COUNT(*) AS tp_count FROM `mls_userorders` WHERE ( isonline = 0 ) LIMIT 1   [ RunTime:0.000917s ]

[ 2015-12-19T05:43:18+08:00 ] /PayResult/gotoPay
INFO: [ route_check ] --START--
INFO: Run CheckRoute Behavior [ RunTime:0.000581s ]
INFO: [ route_check ] --END-- [ RunTime:0.000640s ]
INFO: [ app_begin ] --START--
INFO: Run ReadHtmlCache Behavior [ RunTime:0.000391s ]
INFO: [ app_begin ] --END-- [ RunTime:0.000431s ]

[ 2015-12-19T06:17:49+08:00 ] /Ajax/apply_num
INFO: [ route_check ] --START--
INFO: Run CheckRoute Behavior [ RunTime:0.001245s ]
INFO: [ route_check ] --END-- [ RunTime:0.001368s ]
INFO: [ app_begin ] --START--
INFO: Run ReadHtmlCache Behavior [ RunTime:0.000835s ]
INFO: [ app_begin ] --END-- [ RunTime:0.000908s ]
NOTIC: [8] Undefined index: db_dsn D:\wnmp\www\malasong\lib\ThinkPHP\Lib\Core\Db.class.php 第 129 行.
NOTIC: [8] Undefined index: db_params D:\wnmp\www\malasong\lib\ThinkPHP\Lib\Core\Db.class.php 第 130 行.
SQL: SHOW COLUMNS FROM `mls_userorders` [ RunTime:0.004386s ]
SQL: SELECT COUNT(*) AS tp_count FROM `mls_userorders` WHERE ( isonline = 0 ) LIMIT 1   [ RunTime:0.001130s ]

[ 2015-12-19T06:17:50+08:00 ] /OnlineEnroll/ziliao
INFO: [ route_check ] --START--
INFO: Run CheckRoute Behavior [ RunTime:0.001038s ]
INFO: [ route_check ] --END-- [ RunTime:0.001141s ]
INFO: [ app_begin ] --START--
INFO: Run ReadHtmlCache Behavior [ RunTime:0.000708s ]
INFO: [ app_begin ] --END-- [ RunTime:0.000770s ]
INFO: Run AuthCheck Behavior [ RunTime:0.000721s ]
NOTIC: [8] Undefined index: shengfen D:\wnmp\www\malasong\DataSource\Lib\Action\OnlineEnrollAction.class.php 第 82 行.
NOTIC: [8] Undefined index: diqu D:\wnmp\www\malasong\DataSource\Lib\Action\OnlineEnrollAction.class.php 第 83 行.
NOTIC: [8] Undefined index: zbpinpai D:\wnmp\www\malasong\DataSource\Lib\Action\OnlineEnrollAction.class.php 第 132 行.
NOTIC: [8] Undefined index: ylpinpai D:\wnmp\www\malasong\DataSource\Lib\Action\OnlineEnrollAction.class.php 第 133 行.
NOTIC: [8] Undefined index: db_dsn D:\wnmp\www\malasong\lib\ThinkPHP\Lib\Core\Db.class.php 第 129 行.
NOTIC: [8] Undefined index: db_params D:\wnmp\www\malasong\lib\ThinkPHP\Lib\Core\Db.class.php 第 130 行.
SQL: SHOW COLUMNS FROM `mls_baomingdan` [ RunTime:0.005375s ]
SQL: SELECT `id` FROM `mls_baomingdan` WHERE ( zjtype = '身份证' and zjcode='362427199109186213' and uid=99 ) LIMIT 1   [ RunTime:0.000546s ]
SQL: INSERT INTO `mls_baomingdan` (`uid`,`xingming`,`guojia`,`zjtype`,`zjcode`,`xingbie`,`shengri`,`shouji`,`youxiang`,`shengfen`,`diqu`,`dizhi`,`xueli`,`xuexing`,`hangye`,`shouru`,`zhiye`,`shenti`,`nianxian`,`qmfirstdate`,`qmbest`,`bmfirstdate`,`bmbest`,`zbpinpai`,`ylpinpai`,`utime`,`ctime`) VALUES (99,'黄海燕','中国','身份证','362427199109186213',1,'1991-09-18','13522354197','375968317@qq.com','','','北京市朝阳区','','A型','','1-5万','',0,'1年及以内','','0:0:0','','0:0:0','null','null','2015-12-19 06:17:49','2015-12-19 06:17:49') [ RunTime:0.000561s ]
SQL: SHOW COLUMNS FROM `mls_userorders` [ RunTime:0.004569s ]
SQL: SELECT * FROM `mls_userorders` WHERE ( uid = 99 and paystats = 0 and isonline=1 ) LIMIT 1   [ RunTime:0.001438s ]
SQL: INSERT INTO `mls_userorders` (`uid`,`orderid`,`isonline`,`ctime`,`utime`) VALUES (99,'991512190617507',1,'2015-12-19 06:17:50','2015-12-19 06:17:50') [ RunTime:0.000474s ]
SQL: SHOW COLUMNS FROM `mls_orderinfo` [ RunTime:0.004196s ]
SQL: SELECT od.paystats FROM    mls_orderinfo i   left join mls_userorders od on od.orderid=i.orderid where  i.baomingdanid=123   [ RunTime:0.001420s ]
SQL: DELETE FROM `mls_orderinfo` WHERE ( uid=99 and orderid='991512190617507' and baomingdanid<>123 ) [ RunTime:0.000405s ]
SQL: SELECT count(*) as c FROM `mls_orderinfo` WHERE ( uid=99 and orderid='991512190617507' and baomingdanid=123 ) LIMIT 1   [ RunTime:0.000505s ]
SQL: SHOW COLUMNS FROM `mls_goods` [ RunTime:0.006100s ]
SQL: SELECT * FROM `mls_goods` WHERE ( id=17 ) LIMIT 1   [ RunTime:0.001570s ]
SQL: INSERT INTO `mls_orderinfo` (`uid`,`orderid`,`baomingdanid`,`goodsid`,`goodsprice`,`utime`,`ctime`) VALUES (99,'991512190617507',123,17,0.01,'2015-12-19 06:17:50','2015-12-19 06:17:50') [ RunTime:0.000375s ]

[ 2015-12-19T06:17:51+08:00 ] /OnlineEnroll/step2
INFO: [ route_check ] --START--
INFO: Run CheckRoute Behavior [ RunTime:0.000679s ]
INFO: [ route_check ] --END-- [ RunTime:0.000745s ]
INFO: [ app_begin ] --START--
INFO: Run ReadHtmlCache Behavior [ RunTime:0.000432s ]
INFO: [ app_begin ] --END-- [ RunTime:0.000474s ]
INFO: Run AuthCheck Behavior [ RunTime:0.000358s ]
NOTIC: [8] Undefined index: db_dsn D:\wnmp\www\malasong\lib\ThinkPHP\Lib\Core\Db.class.php 第 129 行.
NOTIC: [8] Undefined index: db_params D:\wnmp\www\malasong\lib\ThinkPHP\Lib\Core\Db.class.php 第 130 行.
SQL: SHOW COLUMNS FROM `mls_goods` [ RunTime:0.004422s ]
SQL: SHOW COLUMNS FROM `mls_userorders` [ RunTime:0.004139s ]
SQL: SHOW COLUMNS FROM `mls_orderinfo` [ RunTime:0.004453s ]
SQL: SELECT * FROM `mls_userorders` WHERE ( uid = 99 and paystats = 0 and isonline=1 ) LIMIT 1   [ RunTime:0.000792s ]
SQL: SELECT d.xingming,d.youxiang,d.id as baomingdanid FROM mls_baomingdan d left join mls_orderinfo i on i.baomingdanid=d.id where i.orderid='991512190617507' [ RunTime:0.000545s ]
SQL: SELECT * FROM `mls_orderinfo` WHERE ( orderid=991512190617507 )  [ RunTime:0.000491s ]
SQL: SELECT * FROM `mls_goods` WHERE ( goodspid = 15 ) ORDER BY `order` desc  [ RunTime:0.000703s ]
SQL: SHOW COLUMNS FROM `mls_userorders` [ RunTime:0.004404s ]
SQL: UPDATE `mls_userorders` SET `orderprice`=0.01,`paystats`=5,`utime`='2015-12-19 06:17:51' WHERE ( uid=99 and orderid='991512190617507' ) [ RunTime:0.064375s ]
INFO: [ view_template ] --START--
INFO: Run LocationTemplate Behavior [ RunTime:0.001140s ]
INFO: [ view_template ] --END-- [ RunTime:0.001217s ]
INFO: [ view_parse ] --START--
NOTIC: [8] Undefined index: tilte D:\wnmp\www\malasong\DataSource\Runtime\Temp\b98fc940e393e12c0163e8b483a2b21226c917df.file.header.html.php 第 33 行.
NOTIC: [8] Trying to get property of non-object D:\wnmp\www\malasong\DataSource\Runtime\Temp\b98fc940e393e12c0163e8b483a2b21226c917df.file.header.html.php 第 33 行.
NOTIC: [8] Undefined index: index D:\wnmp\www\malasong\DataSource\Runtime\Temp\b98fc940e393e12c0163e8b483a2b21226c917df.file.header.html.php 第 37 行.
NOTIC: [8] Trying to get property of non-object D:\wnmp\www\malasong\DataSource\Runtime\Temp\b98fc940e393e12c0163e8b483a2b21226c917df.file.header.html.php 第 37 行.
NOTIC: [8] Undefined index: index D:\wnmp\www\malasong\DataSource\Runtime\Temp\b98fc940e393e12c0163e8b483a2b21226c917df.file.header.html.php 第 47 行.
NOTIC: [8] Trying to get property of non-object D:\wnmp\www\malasong\DataSource\Runtime\Temp\b98fc940e393e12c0163e8b483a2b21226c917df.file.header.html.php 第 47 行.
NOTIC: [8] Undefined index: index D:\wnmp\www\malasong\DataSource\Runtime\Temp\b98fc940e393e12c0163e8b483a2b21226c917df.file.header.html.php 第 62 行.
NOTIC: [8] Trying to get property of non-object D:\wnmp\www\malasong\DataSource\Runtime\Temp\b98fc940e393e12c0163e8b483a2b21226c917df.file.header.html.php 第 62 行.
INFO: Run ParseTemplate Behavior [ RunTime:0.021963s ]
INFO: [ view_parse ] --END-- [ RunTime:0.022043s ]
INFO: [ view_filter ] --START--
INFO: Run ContentReplace Behavior [ RunTime:0.001047s ]
INFO: Run TokenBuild Behavior [ RunTime:0.000625s ]
INFO: Run WriteHtmlCache Behavior [ RunTime:0.000448s ]
INFO: Run ShowRuntime Behavior [ RunTime:0.000671s ]
INFO: [ view_filter ] --END-- [ RunTime:0.002987s ]
INFO: [ view_end ] --START--
INFO: Run ShowPageTrace Behavior [ RunTime:0.000770s ]
INFO: [ view_end ] --END-- [ RunTime:0.000826s ]

[ 2015-12-19T06:17:51+08:00 ] /Account/verify
INFO: [ route_check ] --START--
INFO: Run CheckRoute Behavior [ RunTime:0.000453s ]
INFO: [ route_check ] --END-- [ RunTime:0.000501s ]
INFO: [ app_begin ] --START--
INFO: Run ReadHtmlCache Behavior [ RunTime:0.000310s ]
INFO: [ app_begin ] --END-- [ RunTime:0.000341s ]

[ 2015-12-19T06:17:52+08:00 ] /Ajax/apply_num
INFO: [ route_check ] --START--
INFO: Run CheckRoute Behavior [ RunTime:0.000475s ]
INFO: [ route_check ] --END-- [ RunTime:0.000527s ]
INFO: [ app_begin ] --START--
INFO: Run ReadHtmlCache Behavior [ RunTime:0.000329s ]
INFO: [ app_begin ] --END-- [ RunTime:0.000357s ]
NOTIC: [8] Undefined index: db_dsn D:\wnmp\www\malasong\lib\ThinkPHP\Lib\Core\Db.class.php 第 129 行.
NOTIC: [8] Undefined index: db_params D:\wnmp\www\malasong\lib\ThinkPHP\Lib\Core\Db.class.php 第 130 行.
SQL: SHOW COLUMNS FROM `mls_userorders` [ RunTime:0.004540s ]
SQL: SELECT COUNT(*) AS tp_count FROM `mls_userorders` WHERE ( isonline = 0 ) LIMIT 1   [ RunTime:0.001082s ]

[ 2015-12-19T06:18:12+08:00 ] /PayResult/gotoPay
INFO: [ route_check ] --START--
INFO: Run CheckRoute Behavior [ RunTime:0.000628s ]
INFO: [ route_check ] --END-- [ RunTime:0.000695s ]
INFO: [ app_begin ] --START--
INFO: Run ReadHtmlCache Behavior [ RunTime:0.000440s ]
INFO: [ app_begin ] --END-- [ RunTime:0.000480s ]

[ 2015-12-19T06:25:27+08:00 ] /Ajax/apply_num
INFO: [ route_check ] --START--
INFO: Run CheckRoute Behavior [ RunTime:0.001155s ]
INFO: [ route_check ] --END-- [ RunTime:0.001269s ]
INFO: [ app_begin ] --START--
INFO: Run ReadHtmlCache Behavior [ RunTime:0.000773s ]
INFO: [ app_begin ] --END-- [ RunTime:0.000840s ]
NOTIC: [8] Undefined index: db_dsn D:\wnmp\www\malasong\lib\ThinkPHP\Lib\Core\Db.class.php 第 129 行.
NOTIC: [8] Undefined index: db_params D:\wnmp\www\malasong\lib\ThinkPHP\Lib\Core\Db.class.php 第 130 行.
SQL: SHOW COLUMNS FROM `mls_userorders` [ RunTime:0.006198s ]
SQL: SELECT COUNT(*) AS tp_count FROM `mls_userorders` WHERE ( isonline = 0 ) LIMIT 1   [ RunTime:0.004587s ]

[ 2015-12-19T06:25:52+08:00 ] /OnlineEnroll/ziliao
INFO: [ route_check ] --START--
INFO: Run CheckRoute Behavior [ RunTime:0.000932s ]
INFO: [ route_check ] --END-- [ RunTime:0.001022s ]
INFO: [ app_begin ] --START--
INFO: Run ReadHtmlCache Behavior [ RunTime:0.000475s ]
INFO: [ app_begin ] --END-- [ RunTime:0.000518s ]
INFO: Run AuthCheck Behavior [ RunTime:0.000476s ]
NOTIC: [8] Undefined index: shengfen D:\wnmp\www\malasong\DataSource\Lib\Action\OnlineEnrollAction.class.php 第 82 行.
NOTIC: [8] Undefined index: diqu D:\wnmp\www\malasong\DataSource\Lib\Action\OnlineEnrollAction.class.php 第 83 行.
NOTIC: [8] Undefined index: zbpinpai D:\wnmp\www\malasong\DataSource\Lib\Action\OnlineEnrollAction.class.php 第 132 行.
NOTIC: [8] Undefined index: ylpinpai D:\wnmp\www\malasong\DataSource\Lib\Action\OnlineEnrollAction.class.php 第 133 行.
NOTIC: [8] Undefined index: db_dsn D:\wnmp\www\malasong\lib\ThinkPHP\Lib\Core\Db.class.php 第 129 行.
NOTIC: [8] Undefined index: db_params D:\wnmp\www\malasong\lib\ThinkPHP\Lib\Core\Db.class.php 第 130 行.
SQL: SHOW COLUMNS FROM `mls_baomingdan` [ RunTime:0.005049s ]
SQL: SELECT `id` FROM `mls_baomingdan` WHERE ( zjtype = '身份证' and zjcode='362427199109186213' and uid=99 ) LIMIT 1   [ RunTime:0.000500s ]
SQL: INSERT INTO `mls_baomingdan` (`uid`,`xingming`,`guojia`,`zjtype`,`zjcode`,`xingbie`,`shengri`,`shouji`,`youxiang`,`shengfen`,`diqu`,`dizhi`,`xueli`,`xuexing`,`hangye`,`shouru`,`zhiye`,`shenti`,`nianxian`,`qmfirstdate`,`qmbest`,`bmfirstdate`,`bmbest`,`zbpinpai`,`ylpinpai`,`utime`,`ctime`) VALUES (99,'黄海燕','中国','身份证','362427199109186213',1,'1991-09-18','13522354197','375968317@qq.com','','','北京市朝阳区','','A型','','1-5万','',0,'1年及以内','','0:0:0','','0:0:0','null','null','2015-12-19 06:25:50','2015-12-19 06:25:50') [ RunTime:0.000551s ]
SQL: SHOW COLUMNS FROM `mls_userorders` [ RunTime:0.004203s ]
SQL: SELECT * FROM `mls_userorders` WHERE ( uid = 99 and paystats = 0 and isonline=1 ) LIMIT 1   [ RunTime:0.001200s ]
SQL: INSERT INTO `mls_userorders` (`uid`,`orderid`,`isonline`,`ctime`,`utime`) VALUES (99,'991512190625515',1,'2015-12-19 06:25:51','2015-12-19 06:25:51') [ RunTime:0.000424s ]
SQL: SHOW COLUMNS FROM `mls_orderinfo` [ RunTime:0.004405s ]
SQL: SELECT od.paystats FROM    mls_orderinfo i   left join mls_userorders od on od.orderid=i.orderid where  i.baomingdanid=124   [ RunTime:0.001270s ]
SQL: DELETE FROM `mls_orderinfo` WHERE ( uid=99 and orderid='991512190625515' and baomingdanid<>124 ) [ RunTime:0.000439s ]
SQL: SELECT count(*) as c FROM `mls_orderinfo` WHERE ( uid=99 and orderid='991512190625515' and baomingdanid=124 ) LIMIT 1   [ RunTime:0.000489s ]
SQL: SHOW COLUMNS FROM `mls_goods` [ RunTime:0.004418s ]
SQL: SELECT * FROM `mls_goods` WHERE ( id=17 ) LIMIT 1   [ RunTime:0.001152s ]
SQL: INSERT INTO `mls_orderinfo` (`uid`,`orderid`,`baomingdanid`,`goodsid`,`goodsprice`,`utime`,`ctime`) VALUES (99,'991512190625515',124,17,0.01,'2015-12-19 06:25:51','2015-12-19 06:25:51') [ RunTime:0.000464s ]

[ 2015-12-19T06:25:53+08:00 ] /OnlineEnroll/step2
INFO: [ route_check ] --START--
INFO: Run CheckRoute Behavior [ RunTime:0.001165s ]
INFO: [ route_check ] --END-- [ RunTime:0.001274s ]
INFO: [ app_begin ] --START--
INFO: Run ReadHtmlCache Behavior [ RunTime:0.000820s ]
INFO: [ app_begin ] --END-- [ RunTime:0.000905s ]
INFO: Run AuthCheck Behavior [ RunTime:0.000782s ]
NOTIC: [8] Undefined index: db_dsn D:\wnmp\www\malasong\lib\ThinkPHP\Lib\Core\Db.class.php 第 129 行.
NOTIC: [8] Undefined index: db_params D:\wnmp\www\malasong\lib\ThinkPHP\Lib\Core\Db.class.php 第 130 行.
SQL: SHOW COLUMNS FROM `mls_goods` [ RunTime:0.004599s ]
SQL: SHOW COLUMNS FROM `mls_userorders` [ RunTime:0.004155s ]
SQL: SHOW COLUMNS FROM `mls_orderinfo` [ RunTime:0.004429s ]
SQL: SELECT * FROM `mls_userorders` WHERE ( uid = 99 and paystats = 0 and isonline=1 ) LIMIT 1   [ RunTime:0.001237s ]
SQL: SELECT d.xingming,d.youxiang,d.id as baomingdanid FROM mls_baomingdan d left join mls_orderinfo i on i.baomingdanid=d.id where i.orderid='991512190625515' [ RunTime:0.000577s ]
SQL: SELECT * FROM `mls_orderinfo` WHERE ( orderid=991512190625515 )  [ RunTime:0.000528s ]
SQL: SELECT * FROM `mls_goods` WHERE ( goodspid = 15 ) ORDER BY `order` desc  [ RunTime:0.000739s ]
SQL: SHOW COLUMNS FROM `mls_userorders` [ RunTime:0.004140s ]
SQL: UPDATE `mls_userorders` SET `orderprice`=19.9,`paystats`=5,`utime`='2015-12-19 06:25:53' WHERE ( uid=99 and orderid='991512190625515' ) [ RunTime:0.064701s ]
INFO: [ view_template ] --START--
INFO: Run LocationTemplate Behavior [ RunTime:0.001088s ]
INFO: [ view_template ] --END-- [ RunTime:0.001168s ]
INFO: [ view_parse ] --START--
NOTIC: [8] Undefined index: tilte D:\wnmp\www\malasong\DataSource\Runtime\Temp\b98fc940e393e12c0163e8b483a2b21226c917df.file.header.html.php 第 33 行.
NOTIC: [8] Trying to get property of non-object D:\wnmp\www\malasong\DataSource\Runtime\Temp\b98fc940e393e12c0163e8b483a2b21226c917df.file.header.html.php 第 33 行.
NOTIC: [8] Undefined index: index D:\wnmp\www\malasong\DataSource\Runtime\Temp\b98fc940e393e12c0163e8b483a2b21226c917df.file.header.html.php 第 37 行.
NOTIC: [8] Trying to get property of non-object D:\wnmp\www\malasong\DataSource\Runtime\Temp\b98fc940e393e12c0163e8b483a2b21226c917df.file.header.html.php 第 37 行.
NOTIC: [8] Undefined index: index D:\wnmp\www\malasong\DataSource\Runtime\Temp\b98fc940e393e12c0163e8b483a2b21226c917df.file.header.html.php 第 47 行.
NOTIC: [8] Trying to get property of non-object D:\wnmp\www\malasong\DataSource\Runtime\Temp\b98fc940e393e12c0163e8b483a2b21226c917df.file.header.html.php 第 47 行.
NOTIC: [8] Undefined index: index D:\wnmp\www\malasong\DataSource\Runtime\Temp\b98fc940e393e12c0163e8b483a2b21226c917df.file.header.html.php 第 62 行.
NOTIC: [8] Trying to get property of non-object D:\wnmp\www\malasong\DataSource\Runtime\Temp\b98fc940e393e12c0163e8b483a2b21226c917df.file.header.html.php 第 62 行.
INFO: Run ParseTemplate Behavior [ RunTime:0.059484s ]
INFO: [ view_parse ] --END-- [ RunTime:0.059556s ]
INFO: [ view_filter ] --START--
INFO: Run ContentReplace Behavior [ RunTime:0.000656s ]
INFO: Run TokenBuild Behavior [ RunTime:0.000456s ]
INFO: Run WriteHtmlCache Behavior [ RunTime:0.000272s ]
INFO: Run ShowRuntime Behavior [ RunTime:0.000518s ]
INFO: [ view_filter ] --END-- [ RunTime:0.002029s ]
INFO: [ view_end ] --START--
INFO: Run ShowPageTrace Behavior [ RunTime:0.000592s ]
INFO: [ view_end ] --END-- [ RunTime:0.000628s ]

[ 2015-12-19T06:25:53+08:00 ] /Account/verify
INFO: [ route_check ] --START--
INFO: Run CheckRoute Behavior [ RunTime:0.000823s ]
INFO: [ route_check ] --END-- [ RunTime:0.000900s ]
INFO: [ app_begin ] --START--
INFO: Run ReadHtmlCache Behavior [ RunTime:0.000755s ]
INFO: [ app_begin ] --END-- [ RunTime:0.000826s ]

[ 2015-12-19T06:25:54+08:00 ] /Ajax/apply_num
INFO: [ route_check ] --START--
INFO: Run CheckRoute Behavior [ RunTime:0.001041s ]
INFO: [ route_check ] --END-- [ RunTime:0.001139s ]
INFO: [ app_begin ] --START--
INFO: Run ReadHtmlCache Behavior [ RunTime:0.000756s ]
INFO: [ app_begin ] --END-- [ RunTime:0.000838s ]
NOTIC: [8] Undefined index: db_dsn D:\wnmp\www\malasong\lib\ThinkPHP\Lib\Core\Db.class.php 第 129 行.
NOTIC: [8] Undefined index: db_params D:\wnmp\www\malasong\lib\ThinkPHP\Lib\Core\Db.class.php 第 130 行.
SQL: SHOW COLUMNS FROM `mls_userorders` [ RunTime:0.004838s ]
SQL: SELECT COUNT(*) AS tp_count FROM `mls_userorders` WHERE ( isonline = 0 ) LIMIT 1   [ RunTime:0.002302s ]

[ 2015-12-19T06:26:01+08:00 ] /PayResult/gotoPay
INFO: [ route_check ] --START--
INFO: Run CheckRoute Behavior [ RunTime:0.000706s ]
INFO: [ route_check ] --END-- [ RunTime:0.000778s ]
INFO: [ app_begin ] --START--
INFO: Run ReadHtmlCache Behavior [ RunTime:0.000480s ]
INFO: [ app_begin ] --END-- [ RunTime:0.000528s ]

