[ 2015-11-06T13:41:05+08:00 ] /uducy.php
INFO: [ app_begin ] --START--
INFO: Run ReadHtmlCache Behavior [ RunTime:0.000559s ]
INFO: [ app_begin ] --END-- [ RunTime:0.000644s ]
NOTIC: [8] Undefined index: db_dsn D:\wnmp\www\malasong\lib\ThinkPHP\Lib\Core\Db.class.php 第 129 行.
NOTIC: [8] Undefined index: db_params D:\wnmp\www\malasong\lib\ThinkPHP\Lib\Core\Db.class.php 第 130 行.
SQL: SHOW COLUMNS FROM `mls_news` [ RunTime:0.005928s ]
SQL: SELECT `id`,`news_title`,`des`,`img` FROM `mls_news` LIMIT 0,6   [ RunTime:0.006632s ]
INFO: [ view_template ] --START--
INFO: Run LocationTemplate Behavior [ RunTime:0.007539s ]
INFO: [ view_template ] --END-- [ RunTime:0.007599s ]
INFO: [ view_parse ] --START--
NOTIC: [8] Undefined index: tilte D:\wnmp\www\malasong\DataSource\Runtime\Temp\b98fc940e393e12c0163e8b483a2b21226c917df.file.header.html.php 第 33 行.
NOTIC: [8] Trying to get property of non-object D:\wnmp\www\malasong\DataSource\Runtime\Temp\b98fc940e393e12c0163e8b483a2b21226c917df.file.header.html.php 第 33 行.
INFO: Run ParseTemplate Behavior [ RunTime:0.389914s ]
INFO: [ view_parse ] --END-- [ RunTime:0.389983s ]
INFO: [ view_filter ] --START--
INFO: Run ContentReplace Behavior [ RunTime:0.000842s ]
INFO: Run TokenBuild Behavior [ RunTime:0.000667s ]
INFO: Run WriteHtmlCache Behavior [ RunTime:0.000715s ]
INFO: Run ShowRuntime Behavior [ RunTime:0.008980s ]
INFO: [ view_filter ] --END-- [ RunTime:0.011391s ]
INFO: [ view_end ] --START--
INFO: Run ShowPageTrace Behavior [ RunTime:0.009989s ]
INFO: [ view_end ] --END-- [ RunTime:0.010063s ]

[ 2015-11-06T13:41:05+08:00 ] /uducy.php
INFO: [ app_begin ] --START--
INFO: Run ReadHtmlCache Behavior [ RunTime:0.000454s ]
INFO: [ app_begin ] --END-- [ RunTime:0.000548s ]
NOTIC: [8] Undefined index: db_dsn D:\wnmp\www\malasong\lib\ThinkPHP\Lib\Core\Db.class.php 第 129 行.
NOTIC: [8] Undefined index: db_params D:\wnmp\www\malasong\lib\ThinkPHP\Lib\Core\Db.class.php 第 130 行.
SQL: SHOW COLUMNS FROM `mls_news` [ RunTime:0.006095s ]
SQL: SELECT `id`,`news_title`,`des`,`img` FROM `mls_news` LIMIT 0,6   [ RunTime:0.006863s ]
INFO: [ view_template ] --START--
INFO: Run LocationTemplate Behavior [ RunTime:0.000374s ]
INFO: [ view_template ] --END-- [ RunTime:0.000419s ]
INFO: [ view_parse ] --START--
NOTIC: [8] Undefined index: tilte D:\wnmp\www\malasong\DataSource\Runtime\Temp\b98fc940e393e12c0163e8b483a2b21226c917df.file.header.html.php 第 33 行.
NOTIC: [8] Trying to get property of non-object D:\wnmp\www\malasong\DataSource\Runtime\Temp\b98fc940e393e12c0163e8b483a2b21226c917df.file.header.html.php 第 33 行.
INFO: Run ParseTemplate Behavior [ RunTime:0.011489s ]
INFO: [ view_parse ] --END-- [ RunTime:0.011547s ]
INFO: [ view_filter ] --START--
INFO: Run ContentReplace Behavior [ RunTime:0.000504s ]
INFO: Run TokenBuild Behavior [ RunTime:0.000349s ]
INFO: Run WriteHtmlCache Behavior [ RunTime:0.000224s ]
INFO: Run ShowRuntime Behavior [ RunTime:0.000296s ]
INFO: [ view_filter ] --END-- [ RunTime:0.001486s ]
INFO: [ view_end ] --START--
INFO: Run ShowPageTrace Behavior [ RunTime:0.000458s ]
INFO: [ view_end ] --END-- [ RunTime:0.000506s ]

[ 2015-11-06T13:41:06+08:00 ] /Account/verify
INFO: [ route_check ] --START--
INFO: Run CheckRoute Behavior [ RunTime:0.000544s ]
INFO: [ route_check ] --END-- [ RunTime:0.000601s ]
INFO: [ app_begin ] --START--
INFO: Run ReadHtmlCache Behavior [ RunTime:0.000355s ]
INFO: [ app_begin ] --END-- [ RunTime:0.000394s ]

[ 2015-11-06T13:42:34+08:00 ] /Lottery/luck
INFO: [ route_check ] --START--
INFO: Run CheckRoute Behavior [ RunTime:0.000474s ]
INFO: [ route_check ] --END-- [ RunTime:0.000530s ]
INFO: [ app_begin ] --START--
INFO: Run ReadHtmlCache Behavior [ RunTime:0.000423s ]
INFO: [ app_begin ] --END-- [ RunTime:0.000464s ]
NOTIC: [8] Use of undefined constant MODE_NAME - assumed 'MODE_NAME' D:\wnmp\www\malasong\DataSource\Common\common.php 第 61 行.

[ 2015-11-06T15:13:45+08:00 ] /Lottery/luck
INFO: [ route_check ] --START--
INFO: Run CheckRoute Behavior [ RunTime:0.001087s ]
INFO: [ route_check ] --END-- [ RunTime:0.001213s ]
INFO: [ app_begin ] --START--
INFO: Run ReadHtmlCache Behavior [ RunTime:0.000764s ]
INFO: [ app_begin ] --END-- [ RunTime:0.000838s ]
NOTIC: [8] Use of undefined constant MODE_NAME - assumed 'MODE_NAME' D:\wnmp\www\malasong\DataSource\Common\common.php 第 61 行.

[ 2015-11-06T15:43:06+08:00 ] /Lottery/luck
INFO: [ route_check ] --START--
INFO: Run CheckRoute Behavior [ RunTime:0.000766s ]
INFO: [ route_check ] --END-- [ RunTime:0.000856s ]
INFO: [ app_begin ] --START--
INFO: Run ReadHtmlCache Behavior [ RunTime:0.000575s ]
INFO: [ app_begin ] --END-- [ RunTime:0.000636s ]
NOTIC: [8] Use of undefined constant MODE_NAME - assumed 'MODE_NAME' D:\wnmp\www\malasong\DataSource\Common\common.php 第 61 行.

[ 2015-11-06T15:43:11+08:00 ] /Lottery/luck
INFO: [ route_check ] --START--
INFO: Run CheckRoute Behavior [ RunTime:0.000904s ]
INFO: [ route_check ] --END-- [ RunTime:0.000984s ]
INFO: [ app_begin ] --START--
INFO: Run ReadHtmlCache Behavior [ RunTime:0.000465s ]
INFO: [ app_begin ] --END-- [ RunTime:0.000508s ]
NOTIC: [8] Use of undefined constant MODE_NAME - assumed 'MODE_NAME' D:\wnmp\www\malasong\DataSource\Common\common.php 第 61 行.

[ 2015-11-06T15:43:14+08:00 ] /Lottery/luck
INFO: [ route_check ] --START--
INFO: Run CheckRoute Behavior [ RunTime:0.001350s ]
INFO: [ route_check ] --END-- [ RunTime:0.001462s ]
INFO: [ app_begin ] --START--
INFO: Run ReadHtmlCache Behavior [ RunTime:0.000896s ]
INFO: [ app_begin ] --END-- [ RunTime:0.000977s ]
NOTIC: [8] Use of undefined constant MODE_NAME - assumed 'MODE_NAME' D:\wnmp\www\malasong\DataSource\Common\common.php 第 61 行.

[ 2015-11-06T15:43:17+08:00 ] /Lottery/luck
INFO: [ route_check ] --START--
INFO: Run CheckRoute Behavior [ RunTime:0.000486s ]
INFO: [ route_check ] --END-- [ RunTime:0.000537s ]
INFO: [ app_begin ] --START--
INFO: Run ReadHtmlCache Behavior [ RunTime:0.000297s ]
INFO: [ app_begin ] --END-- [ RunTime:0.000328s ]
NOTIC: [8] Use of undefined constant MODE_NAME - assumed 'MODE_NAME' D:\wnmp\www\malasong\DataSource\Common\common.php 第 61 行.

[ 2015-11-06T15:44:19+08:00 ] /Lottery/luck
INFO: [ route_check ] --START--
INFO: Run CheckRoute Behavior [ RunTime:0.000801s ]
INFO: [ route_check ] --END-- [ RunTime:0.000879s ]
INFO: [ app_begin ] --START--
INFO: Run ReadHtmlCache Behavior [ RunTime:0.000487s ]
INFO: [ app_begin ] --END-- [ RunTime:0.000532s ]
NOTIC: [4096] Object of class LotteryAction could not be converted to string D:\wnmp\www\malasong\DataSource\Lib\Action\LotteryAction.class.php 第 40 行.
NOTIC: [8] Object of class LotteryAction to string conversion D:\wnmp\www\malasong\DataSource\Lib\Action\LotteryAction.class.php 第 40 行.
NOTIC: [8] Undefined variable: Object D:\wnmp\www\malasong\DataSource\Lib\Action\LotteryAction.class.php 第 40 行.
NOTIC: [8] Trying to get property of non-object D:\wnmp\www\malasong\DataSource\Lib\Action\LotteryAction.class.php 第 40 行.
NOTIC: [8] Use of undefined constant MODE_NAME - assumed 'MODE_NAME' D:\wnmp\www\malasong\DataSource\Common\common.php 第 61 行.

[ 2015-11-06T15:44:21+08:00 ] /Lottery/luck
INFO: [ route_check ] --START--
INFO: Run CheckRoute Behavior [ RunTime:0.001107s ]
INFO: [ route_check ] --END-- [ RunTime:0.001218s ]
INFO: [ app_begin ] --START--
INFO: Run ReadHtmlCache Behavior [ RunTime:0.000772s ]
INFO: [ app_begin ] --END-- [ RunTime:0.000850s ]
NOTIC: [4096] Object of class LotteryAction could not be converted to string D:\wnmp\www\malasong\DataSource\Lib\Action\LotteryAction.class.php 第 40 行.
NOTIC: [8] Object of class LotteryAction to string conversion D:\wnmp\www\malasong\DataSource\Lib\Action\LotteryAction.class.php 第 40 行.
NOTIC: [8] Undefined variable: Object D:\wnmp\www\malasong\DataSource\Lib\Action\LotteryAction.class.php 第 40 行.
NOTIC: [8] Trying to get property of non-object D:\wnmp\www\malasong\DataSource\Lib\Action\LotteryAction.class.php 第 40 行.
NOTIC: [8] Use of undefined constant MODE_NAME - assumed 'MODE_NAME' D:\wnmp\www\malasong\DataSource\Common\common.php 第 61 行.

[ 2015-11-06T15:44:31+08:00 ] /Lottery/luck
INFO: [ route_check ] --START--
INFO: Run CheckRoute Behavior [ RunTime:0.000820s ]
INFO: [ route_check ] --END-- [ RunTime:0.000915s ]
INFO: [ app_begin ] --START--
INFO: Run ReadHtmlCache Behavior [ RunTime:0.000682s ]
INFO: [ app_begin ] --END-- [ RunTime:0.000752s ]
NOTIC: [8] Use of undefined constant MODE_NAME - assumed 'MODE_NAME' D:\wnmp\www\malasong\DataSource\Common\common.php 第 61 行.

[ 2015-11-06T15:44:33+08:00 ] /Lottery/luck
INFO: [ route_check ] --START--
INFO: Run CheckRoute Behavior [ RunTime:0.000633s ]
INFO: [ route_check ] --END-- [ RunTime:0.000701s ]
INFO: [ app_begin ] --START--
INFO: Run ReadHtmlCache Behavior [ RunTime:0.000421s ]
INFO: [ app_begin ] --END-- [ RunTime:0.000465s ]
NOTIC: [8] Use of undefined constant MODE_NAME - assumed 'MODE_NAME' D:\wnmp\www\malasong\DataSource\Common\common.php 第 61 行.

[ 2015-11-06T15:44:33+08:00 ] /Lottery/luck
INFO: [ route_check ] --START--
INFO: Run CheckRoute Behavior [ RunTime:0.000702s ]
INFO: [ route_check ] --END-- [ RunTime:0.000773s ]
INFO: [ app_begin ] --START--
INFO: Run ReadHtmlCache Behavior [ RunTime:0.000474s ]
INFO: [ app_begin ] --END-- [ RunTime:0.000522s ]
NOTIC: [8] Use of undefined constant MODE_NAME - assumed 'MODE_NAME' D:\wnmp\www\malasong\DataSource\Common\common.php 第 61 行.

[ 2015-11-06T15:44:33+08:00 ] /Lottery/luck
INFO: [ route_check ] --START--
INFO: Run CheckRoute Behavior [ RunTime:0.000470s ]
INFO: [ route_check ] --END-- [ RunTime:0.000526s ]
INFO: [ app_begin ] --START--
INFO: Run ReadHtmlCache Behavior [ RunTime:0.000312s ]
INFO: [ app_begin ] --END-- [ RunTime:0.000342s ]
NOTIC: [8] Use of undefined constant MODE_NAME - assumed 'MODE_NAME' D:\wnmp\www\malasong\DataSource\Common\common.php 第 61 行.

[ 2015-11-06T15:44:34+08:00 ] /Lottery/luck
INFO: [ route_check ] --START--
INFO: Run CheckRoute Behavior [ RunTime:0.001037s ]
INFO: [ route_check ] --END-- [ RunTime:0.001136s ]
INFO: [ app_begin ] --START--
INFO: Run ReadHtmlCache Behavior [ RunTime:0.000930s ]
INFO: [ app_begin ] --END-- [ RunTime:0.001010s ]
NOTIC: [8] Use of undefined constant MODE_NAME - assumed 'MODE_NAME' D:\wnmp\www\malasong\DataSource\Common\common.php 第 61 行.

[ 2015-11-06T15:44:34+08:00 ] /Lottery/luck
INFO: [ route_check ] --START--
INFO: Run CheckRoute Behavior [ RunTime:0.000547s ]
INFO: [ route_check ] --END-- [ RunTime:0.000606s ]
INFO: [ app_begin ] --START--
INFO: Run ReadHtmlCache Behavior [ RunTime:0.000371s ]
INFO: [ app_begin ] --END-- [ RunTime:0.000407s ]
NOTIC: [8] Use of undefined constant MODE_NAME - assumed 'MODE_NAME' D:\wnmp\www\malasong\DataSource\Common\common.php 第 61 行.

[ 2015-11-06T15:44:34+08:00 ] /Lottery/luck
INFO: [ route_check ] --START--
INFO: Run CheckRoute Behavior [ RunTime:0.000478s ]
INFO: [ route_check ] --END-- [ RunTime:0.000530s ]
INFO: [ app_begin ] --START--
INFO: Run ReadHtmlCache Behavior [ RunTime:0.000326s ]
INFO: [ app_begin ] --END-- [ RunTime:0.000357s ]
NOTIC: [8] Use of undefined constant MODE_NAME - assumed 'MODE_NAME' D:\wnmp\www\malasong\DataSource\Common\common.php 第 61 行.

[ 2015-11-06T15:44:35+08:00 ] /Lottery/luck
INFO: [ route_check ] --START--
INFO: Run CheckRoute Behavior [ RunTime:0.001665s ]
INFO: [ route_check ] --END-- [ RunTime:0.001804s ]
INFO: [ app_begin ] --START--
INFO: Run ReadHtmlCache Behavior [ RunTime:0.000937s ]
INFO: [ app_begin ] --END-- [ RunTime:0.001032s ]
NOTIC: [8] Use of undefined constant MODE_NAME - assumed 'MODE_NAME' D:\wnmp\www\malasong\DataSource\Common\common.php 第 61 行.

[ 2015-11-06T15:44:35+08:00 ] /Lottery/luck
INFO: [ route_check ] --START--
INFO: Run CheckRoute Behavior [ RunTime:0.001308s ]
INFO: [ route_check ] --END-- [ RunTime:0.001431s ]
INFO: [ app_begin ] --START--
INFO: Run ReadHtmlCache Behavior [ RunTime:0.000840s ]
INFO: [ app_begin ] --END-- [ RunTime:0.000918s ]
NOTIC: [8] Use of undefined constant MODE_NAME - assumed 'MODE_NAME' D:\wnmp\www\malasong\DataSource\Common\common.php 第 61 行.

[ 2015-11-06T15:44:35+08:00 ] /Lottery/luck
INFO: [ route_check ] --START--
INFO: Run CheckRoute Behavior [ RunTime:0.000454s ]
INFO: [ route_check ] --END-- [ RunTime:0.000503s ]
INFO: [ app_begin ] --START--
INFO: Run ReadHtmlCache Behavior [ RunTime:0.000296s ]
INFO: [ app_begin ] --END-- [ RunTime:0.000324s ]
NOTIC: [8] Use of undefined constant MODE_NAME - assumed 'MODE_NAME' D:\wnmp\www\malasong\DataSource\Common\common.php 第 61 行.

[ 2015-11-06T15:44:36+08:00 ] /Lottery/luck
INFO: [ route_check ] --START--
INFO: Run CheckRoute Behavior [ RunTime:0.001211s ]
INFO: [ route_check ] --END-- [ RunTime:0.001321s ]
INFO: [ app_begin ] --START--
INFO: Run ReadHtmlCache Behavior [ RunTime:0.000767s ]
INFO: [ app_begin ] --END-- [ RunTime:0.000842s ]
NOTIC: [8] Use of undefined constant MODE_NAME - assumed 'MODE_NAME' D:\wnmp\www\malasong\DataSource\Common\common.php 第 61 行.

[ 2015-11-06T15:44:36+08:00 ] /Lottery/luck
INFO: [ route_check ] --START--
INFO: Run CheckRoute Behavior [ RunTime:0.001033s ]
INFO: [ route_check ] --END-- [ RunTime:0.001138s ]
INFO: [ app_begin ] --START--
INFO: Run ReadHtmlCache Behavior [ RunTime:0.000720s ]
INFO: [ app_begin ] --END-- [ RunTime:0.000789s ]
NOTIC: [8] Use of undefined constant MODE_NAME - assumed 'MODE_NAME' D:\wnmp\www\malasong\DataSource\Common\common.php 第 61 行.

[ 2015-11-06T15:44:37+08:00 ] /Lottery/luck
INFO: [ route_check ] --START--
INFO: Run CheckRoute Behavior [ RunTime:0.001226s ]
INFO: [ route_check ] --END-- [ RunTime:0.001340s ]
INFO: [ app_begin ] --START--
INFO: Run ReadHtmlCache Behavior [ RunTime:0.000490s ]
INFO: [ app_begin ] --END-- [ RunTime:0.000526s ]
NOTIC: [8] Use of undefined constant MODE_NAME - assumed 'MODE_NAME' D:\wnmp\www\malasong\DataSource\Common\common.php 第 61 行.

[ 2015-11-06T15:47:20+08:00 ] /Lottery/luck
INFO: [ route_check ] --START--
INFO: Run CheckRoute Behavior [ RunTime:0.000936s ]
INFO: [ route_check ] --END-- [ RunTime:0.001030s ]
INFO: [ app_begin ] --START--
INFO: Run ReadHtmlCache Behavior [ RunTime:0.000617s ]
INFO: [ app_begin ] --END-- [ RunTime:0.000677s ]
NOTIC: [8] Use of undefined constant MODE_NAME - assumed 'MODE_NAME' D:\wnmp\www\malasong\DataSource\Common\common.php 第 61 行.

[ 2015-11-06T15:47:21+08:00 ] /Lottery/luck
INFO: [ route_check ] --START--
INFO: Run CheckRoute Behavior [ RunTime:0.001198s ]
INFO: [ route_check ] --END-- [ RunTime:0.001310s ]
INFO: [ app_begin ] --START--
INFO: Run ReadHtmlCache Behavior [ RunTime:0.000787s ]
INFO: [ app_begin ] --END-- [ RunTime:0.000861s ]
NOTIC: [8] Use of undefined constant MODE_NAME - assumed 'MODE_NAME' D:\wnmp\www\malasong\DataSource\Common\common.php 第 61 行.

[ 2015-11-06T16:03:32+08:00 ] /Lottery/luck
INFO: [ route_check ] --START--
INFO: Run CheckRoute Behavior [ RunTime:0.000567s ]
INFO: [ route_check ] --END-- [ RunTime:0.000628s ]
INFO: [ app_begin ] --START--
INFO: Run ReadHtmlCache Behavior [ RunTime:0.000378s ]
INFO: [ app_begin ] --END-- [ RunTime:0.000413s ]
NOTIC: [8] Use of undefined constant MODE_NAME - assumed 'MODE_NAME' D:\wnmp\www\malasong\DataSource\Common\common.php 第 61 行.

[ 2015-11-06T16:03:34+08:00 ] /Lottery/luck
INFO: [ route_check ] --START--
INFO: Run CheckRoute Behavior [ RunTime:0.000468s ]
INFO: [ route_check ] --END-- [ RunTime:0.000520s ]
INFO: [ app_begin ] --START--
INFO: Run ReadHtmlCache Behavior [ RunTime:0.000355s ]
INFO: [ app_begin ] --END-- [ RunTime:0.000387s ]
NOTIC: [8] Use of undefined constant MODE_NAME - assumed 'MODE_NAME' D:\wnmp\www\malasong\DataSource\Common\common.php 第 61 行.

[ 2015-11-06T16:03:35+08:00 ] /Lottery/luck
INFO: [ route_check ] --START--
INFO: Run CheckRoute Behavior [ RunTime:0.000587s ]
INFO: [ route_check ] --END-- [ RunTime:0.000641s ]
INFO: [ app_begin ] --START--
INFO: Run ReadHtmlCache Behavior [ RunTime:0.000342s ]
INFO: [ app_begin ] --END-- [ RunTime:0.000374s ]
NOTIC: [8] Use of undefined constant MODE_NAME - assumed 'MODE_NAME' D:\wnmp\www\malasong\DataSource\Common\common.php 第 61 行.

[ 2015-11-06T16:03:41+08:00 ] /Lottery/luck
INFO: [ route_check ] --START--
INFO: Run CheckRoute Behavior [ RunTime:0.000468s ]
INFO: [ route_check ] --END-- [ RunTime:0.000519s ]
INFO: [ app_begin ] --START--
INFO: Run ReadHtmlCache Behavior [ RunTime:0.000327s ]
INFO: [ app_begin ] --END-- [ RunTime:0.000358s ]
NOTIC: [8] Use of undefined constant MODE_NAME - assumed 'MODE_NAME' D:\wnmp\www\malasong\DataSource\Common\common.php 第 61 行.

[ 2015-11-06T16:03:42+08:00 ] /Lottery/luck
INFO: [ route_check ] --START--
INFO: Run CheckRoute Behavior [ RunTime:0.000500s ]
INFO: [ route_check ] --END-- [ RunTime:0.000554s ]
INFO: [ app_begin ] --START--
INFO: Run ReadHtmlCache Behavior [ RunTime:0.000384s ]
INFO: [ app_begin ] --END-- [ RunTime:0.000418s ]
NOTIC: [8] Use of undefined constant MODE_NAME - assumed 'MODE_NAME' D:\wnmp\www\malasong\DataSource\Common\common.php 第 61 行.

[ 2015-11-06T16:03:43+08:00 ] /Lottery/luck
INFO: [ route_check ] --START--
INFO: Run CheckRoute Behavior [ RunTime:0.000672s ]
INFO: [ route_check ] --END-- [ RunTime:0.000743s ]
INFO: [ app_begin ] --START--
INFO: Run ReadHtmlCache Behavior [ RunTime:0.000483s ]
INFO: [ app_begin ] --END-- [ RunTime:0.000528s ]
NOTIC: [8] Use of undefined constant MODE_NAME - assumed 'MODE_NAME' D:\wnmp\www\malasong\DataSource\Common\common.php 第 61 行.

[ 2015-11-06T16:03:43+08:00 ] /Lottery/luck
INFO: [ route_check ] --START--
INFO: Run CheckRoute Behavior [ RunTime:0.000772s ]
INFO: [ route_check ] --END-- [ RunTime:0.000843s ]
INFO: [ app_begin ] --START--
INFO: Run ReadHtmlCache Behavior [ RunTime:0.000463s ]
INFO: [ app_begin ] --END-- [ RunTime:0.000518s ]
NOTIC: [8] Use of undefined constant MODE_NAME - assumed 'MODE_NAME' D:\wnmp\www\malasong\DataSource\Common\common.php 第 61 行.

[ 2015-11-06T16:03:43+08:00 ] /Lottery/luck
INFO: [ route_check ] --START--
INFO: Run CheckRoute Behavior [ RunTime:0.001002s ]
INFO: [ route_check ] --END-- [ RunTime:0.001094s ]
INFO: [ app_begin ] --START--
INFO: Run ReadHtmlCache Behavior [ RunTime:0.000313s ]
INFO: [ app_begin ] --END-- [ RunTime:0.000351s ]
NOTIC: [8] Use of undefined constant MODE_NAME - assumed 'MODE_NAME' D:\wnmp\www\malasong\DataSource\Common\common.php 第 61 行.

[ 2015-11-06T16:03:43+08:00 ] /Lottery/luck
INFO: [ route_check ] --START--
INFO: Run CheckRoute Behavior [ RunTime:0.000728s ]
INFO: [ route_check ] --END-- [ RunTime:0.000796s ]
INFO: [ app_begin ] --START--
INFO: Run ReadHtmlCache Behavior [ RunTime:0.000515s ]
INFO: [ app_begin ] --END-- [ RunTime:0.000562s ]
NOTIC: [8] Use of undefined constant MODE_NAME - assumed 'MODE_NAME' D:\wnmp\www\malasong\DataSource\Common\common.php 第 61 行.

[ 2015-11-06T16:03:44+08:00 ] /Lottery/luck
INFO: [ route_check ] --START--
INFO: Run CheckRoute Behavior [ RunTime:0.000470s ]
INFO: [ route_check ] --END-- [ RunTime:0.000518s ]
INFO: [ app_begin ] --START--
INFO: Run ReadHtmlCache Behavior [ RunTime:0.000320s ]
INFO: [ app_begin ] --END-- [ RunTime:0.000349s ]
NOTIC: [8] Use of undefined constant MODE_NAME - assumed 'MODE_NAME' D:\wnmp\www\malasong\DataSource\Common\common.php 第 61 行.

[ 2015-11-06T16:03:44+08:00 ] /Lottery/luck
INFO: [ route_check ] --START--
INFO: Run CheckRoute Behavior [ RunTime:0.001045s ]
INFO: [ route_check ] --END-- [ RunTime:0.001149s ]
INFO: [ app_begin ] --START--
INFO: Run ReadHtmlCache Behavior [ RunTime:0.000715s ]
INFO: [ app_begin ] --END-- [ RunTime:0.000784s ]
NOTIC: [8] Use of undefined constant MODE_NAME - assumed 'MODE_NAME' D:\wnmp\www\malasong\DataSource\Common\common.php 第 61 行.

[ 2015-11-06T16:03:44+08:00 ] /Lottery/luck
INFO: [ route_check ] --START--
INFO: Run CheckRoute Behavior [ RunTime:0.001198s ]
INFO: [ route_check ] --END-- [ RunTime:0.001314s ]
INFO: [ app_begin ] --START--
INFO: Run ReadHtmlCache Behavior [ RunTime:0.000815s ]
INFO: [ app_begin ] --END-- [ RunTime:0.000892s ]
NOTIC: [8] Use of undefined constant MODE_NAME - assumed 'MODE_NAME' D:\wnmp\www\malasong\DataSource\Common\common.php 第 61 行.

[ 2015-11-06T16:03:45+08:00 ] /Lottery/luck
INFO: [ route_check ] --START--
INFO: Run CheckRoute Behavior [ RunTime:0.000483s ]
INFO: [ route_check ] --END-- [ RunTime:0.000550s ]
INFO: [ app_begin ] --START--
INFO: Run ReadHtmlCache Behavior [ RunTime:0.000322s ]
INFO: [ app_begin ] --END-- [ RunTime:0.000354s ]
NOTIC: [8] Use of undefined constant MODE_NAME - assumed 'MODE_NAME' D:\wnmp\www\malasong\DataSource\Common\common.php 第 61 行.

[ 2015-11-06T16:03:45+08:00 ] /Lottery/luck
INFO: [ route_check ] --START--
INFO: Run CheckRoute Behavior [ RunTime:0.001065s ]
INFO: [ route_check ] --END-- [ RunTime:0.001166s ]
INFO: [ app_begin ] --START--
INFO: Run ReadHtmlCache Behavior [ RunTime:0.000723s ]
INFO: [ app_begin ] --END-- [ RunTime:0.000793s ]
NOTIC: [8] Use of undefined constant MODE_NAME - assumed 'MODE_NAME' D:\wnmp\www\malasong\DataSource\Common\common.php 第 61 行.

[ 2015-11-06T16:03:46+08:00 ] /Lottery/luck
INFO: [ route_check ] --START--
INFO: Run CheckRoute Behavior [ RunTime:0.001229s ]
INFO: [ route_check ] --END-- [ RunTime:0.001348s ]
INFO: [ app_begin ] --START--
INFO: Run ReadHtmlCache Behavior [ RunTime:0.001317s ]
INFO: [ app_begin ] --END-- [ RunTime:0.001498s ]
NOTIC: [8] Use of undefined constant MODE_NAME - assumed 'MODE_NAME' D:\wnmp\www\malasong\DataSource\Common\common.php 第 61 行.

[ 2015-11-06T16:03:47+08:00 ] /Lottery/luck
INFO: [ route_check ] --START--
INFO: Run CheckRoute Behavior [ RunTime:0.000626s ]
INFO: [ route_check ] --END-- [ RunTime:0.000692s ]
INFO: [ app_begin ] --START--
INFO: Run ReadHtmlCache Behavior [ RunTime:0.000437s ]
INFO: [ app_begin ] --END-- [ RunTime:0.000479s ]
NOTIC: [8] Use of undefined constant MODE_NAME - assumed 'MODE_NAME' D:\wnmp\www\malasong\DataSource\Common\common.php 第 61 行.

[ 2015-11-06T16:03:48+08:00 ] /Lottery/luck
INFO: [ route_check ] --START--
INFO: Run CheckRoute Behavior [ RunTime:0.001131s ]
INFO: [ route_check ] --END-- [ RunTime:0.001242s ]
INFO: [ app_begin ] --START--
INFO: Run ReadHtmlCache Behavior [ RunTime:0.000776s ]
INFO: [ app_begin ] --END-- [ RunTime:0.000854s ]
NOTIC: [8] Use of undefined constant MODE_NAME - assumed 'MODE_NAME' D:\wnmp\www\malasong\DataSource\Common\common.php 第 61 行.

[ 2015-11-06T16:03:48+08:00 ] /Lottery/luck
INFO: [ route_check ] --START--
INFO: Run CheckRoute Behavior [ RunTime:0.001087s ]
INFO: [ route_check ] --END-- [ RunTime:0.001206s ]
INFO: [ app_begin ] --START--
INFO: Run ReadHtmlCache Behavior [ RunTime:0.000779s ]
INFO: [ app_begin ] --END-- [ RunTime:0.000847s ]
NOTIC: [8] Use of undefined constant MODE_NAME - assumed 'MODE_NAME' D:\wnmp\www\malasong\DataSource\Common\common.php 第 61 行.

[ 2015-11-06T16:03:49+08:00 ] /Lottery/luck
INFO: [ route_check ] --START--
INFO: Run CheckRoute Behavior [ RunTime:0.000568s ]
INFO: [ route_check ] --END-- [ RunTime:0.000627s ]
INFO: [ app_begin ] --START--
INFO: Run ReadHtmlCache Behavior [ RunTime:0.000406s ]
INFO: [ app_begin ] --END-- [ RunTime:0.000445s ]
NOTIC: [8] Use of undefined constant MODE_NAME - assumed 'MODE_NAME' D:\wnmp\www\malasong\DataSource\Common\common.php 第 61 行.

[ 2015-11-06T16:03:50+08:00 ] /Lottery/luck
INFO: [ route_check ] --START--
INFO: Run CheckRoute Behavior [ RunTime:0.000952s ]
INFO: [ route_check ] --END-- [ RunTime:0.001049s ]
INFO: [ app_begin ] --START--
INFO: Run ReadHtmlCache Behavior [ RunTime:0.000663s ]
INFO: [ app_begin ] --END-- [ RunTime:0.000726s ]
NOTIC: [8] Use of undefined constant MODE_NAME - assumed 'MODE_NAME' D:\wnmp\www\malasong\DataSource\Common\common.php 第 61 行.

[ 2015-11-06T16:03:56+08:00 ] /Lottery/luck
INFO: [ route_check ] --START--
INFO: Run CheckRoute Behavior [ RunTime:0.000814s ]
INFO: [ route_check ] --END-- [ RunTime:0.000896s ]
INFO: [ app_begin ] --START--
INFO: Run ReadHtmlCache Behavior [ RunTime:0.000486s ]
INFO: [ app_begin ] --END-- [ RunTime:0.000535s ]
NOTIC: [8] Use of undefined constant MODE_NAME - assumed 'MODE_NAME' D:\wnmp\www\malasong\DataSource\Common\common.php 第 61 行.

[ 2015-11-06T16:03:57+08:00 ] /Lottery/luck
INFO: [ route_check ] --START--
INFO: Run CheckRoute Behavior [ RunTime:0.000623s ]
INFO: [ route_check ] --END-- [ RunTime:0.000693s ]
INFO: [ app_begin ] --START--
INFO: Run ReadHtmlCache Behavior [ RunTime:0.000479s ]
INFO: [ app_begin ] --END-- [ RunTime:0.000528s ]
NOTIC: [8] Use of undefined constant MODE_NAME - assumed 'MODE_NAME' D:\wnmp\www\malasong\DataSource\Common\common.php 第 61 行.

[ 2015-11-06T16:03:57+08:00 ] /Lottery/luck
INFO: [ route_check ] --START--
INFO: Run CheckRoute Behavior [ RunTime:0.001190s ]
INFO: [ route_check ] --END-- [ RunTime:0.001361s ]
INFO: [ app_begin ] --START--
INFO: Run ReadHtmlCache Behavior [ RunTime:0.000773s ]
INFO: [ app_begin ] --END-- [ RunTime:0.000851s ]
NOTIC: [8] Use of undefined constant MODE_NAME - assumed 'MODE_NAME' D:\wnmp\www\malasong\DataSource\Common\common.php 第 61 行.

[ 2015-11-06T16:04:03+08:00 ] /Lottery/luck
INFO: [ route_check ] --START--
INFO: Run CheckRoute Behavior [ RunTime:0.000912s ]
INFO: [ route_check ] --END-- [ RunTime:0.001021s ]
INFO: [ app_begin ] --START--
INFO: Run ReadHtmlCache Behavior [ RunTime:0.000612s ]
INFO: [ app_begin ] --END-- [ RunTime:0.000677s ]
NOTIC: [8] Use of undefined constant MODE_NAME - assumed 'MODE_NAME' D:\wnmp\www\malasong\DataSource\Common\common.php 第 61 行.

[ 2015-11-06T16:04:04+08:00 ] /Lottery/luck
INFO: [ route_check ] --START--
INFO: Run CheckRoute Behavior [ RunTime:0.000952s ]
INFO: [ route_check ] --END-- [ RunTime:0.001054s ]
INFO: [ app_begin ] --START--
INFO: Run ReadHtmlCache Behavior [ RunTime:0.000520s ]
INFO: [ app_begin ] --END-- [ RunTime:0.000569s ]
NOTIC: [8] Use of undefined constant MODE_NAME - assumed 'MODE_NAME' D:\wnmp\www\malasong\DataSource\Common\common.php 第 61 行.

[ 2015-11-06T16:04:06+08:00 ] /Lottery/luck
INFO: [ route_check ] --START--
INFO: Run CheckRoute Behavior [ RunTime:0.001093s ]
INFO: [ route_check ] --END-- [ RunTime:0.001215s ]
INFO: [ app_begin ] --START--
INFO: Run ReadHtmlCache Behavior [ RunTime:0.000847s ]
INFO: [ app_begin ] --END-- [ RunTime:0.000928s ]
NOTIC: [8] Use of undefined constant MODE_NAME - assumed 'MODE_NAME' D:\wnmp\www\malasong\DataSource\Common\common.php 第 61 行.

[ 2015-11-06T16:04:13+08:00 ] /Lottery/luck
INFO: [ route_check ] --START--
INFO: Run CheckRoute Behavior [ RunTime:0.001208s ]
INFO: [ route_check ] --END-- [ RunTime:0.001330s ]
INFO: [ app_begin ] --START--
INFO: Run ReadHtmlCache Behavior [ RunTime:0.000804s ]
INFO: [ app_begin ] --END-- [ RunTime:0.000904s ]
NOTIC: [8] Use of undefined constant MODE_NAME - assumed 'MODE_NAME' D:\wnmp\www\malasong\DataSource\Common\common.php 第 61 行.

[ 2015-11-06T16:04:14+08:00 ] /Lottery/luck
INFO: [ route_check ] --START--
INFO: Run CheckRoute Behavior [ RunTime:0.001140s ]
INFO: [ route_check ] --END-- [ RunTime:0.001257s ]
INFO: [ app_begin ] --START--
INFO: Run ReadHtmlCache Behavior [ RunTime:0.001486s ]
INFO: [ app_begin ] --END-- [ RunTime:0.001597s ]
NOTIC: [8] Use of undefined constant MODE_NAME - assumed 'MODE_NAME' D:\wnmp\www\malasong\DataSource\Common\common.php 第 61 行.

[ 2015-11-06T16:04:15+08:00 ] /Lottery/luck
INFO: [ route_check ] --START--
INFO: Run CheckRoute Behavior [ RunTime:0.000772s ]
INFO: [ route_check ] --END-- [ RunTime:0.000846s ]
INFO: [ app_begin ] --START--
INFO: Run ReadHtmlCache Behavior [ RunTime:0.000570s ]
INFO: [ app_begin ] --END-- [ RunTime:0.000617s ]
NOTIC: [8] Use of undefined constant MODE_NAME - assumed 'MODE_NAME' D:\wnmp\www\malasong\DataSource\Common\common.php 第 61 行.

[ 2015-11-06T16:06:28+08:00 ] /Lottery/luck
INFO: [ route_check ] --START--
INFO: Run CheckRoute Behavior [ RunTime:0.000669s ]
INFO: [ route_check ] --END-- [ RunTime:0.000737s ]
INFO: [ app_begin ] --START--
INFO: Run ReadHtmlCache Behavior [ RunTime:0.000529s ]
INFO: [ app_begin ] --END-- [ RunTime:0.000575s ]
NOTIC: [8] Use of undefined constant MODE_NAME - assumed 'MODE_NAME' D:\wnmp\www\malasong\DataSource\Common\common.php 第 61 行.

[ 2015-11-06T16:06:30+08:00 ] /Lottery/luck
INFO: [ route_check ] --START--
INFO: Run CheckRoute Behavior [ RunTime:0.000476s ]
INFO: [ route_check ] --END-- [ RunTime:0.000529s ]
INFO: [ app_begin ] --START--
INFO: Run ReadHtmlCache Behavior [ RunTime:0.000364s ]
INFO: [ app_begin ] --END-- [ RunTime:0.000404s ]
NOTIC: [8] Use of undefined constant MODE_NAME - assumed 'MODE_NAME' D:\wnmp\www\malasong\DataSource\Common\common.php 第 61 行.

[ 2015-11-06T16:06:39+08:00 ] /Lottery/luck
INFO: [ route_check ] --START--
INFO: Run CheckRoute Behavior [ RunTime:0.000846s ]
INFO: [ route_check ] --END-- [ RunTime:0.000932s ]
INFO: [ app_begin ] --START--
INFO: Run ReadHtmlCache Behavior [ RunTime:0.000384s ]
INFO: [ app_begin ] --END-- [ RunTime:0.000422s ]
NOTIC: [8] Use of undefined constant MODE_NAME - assumed 'MODE_NAME' D:\wnmp\www\malasong\DataSource\Common\common.php 第 61 行.

[ 2015-11-06T16:06:40+08:00 ] /Lottery/luck
INFO: [ route_check ] --START--
INFO: Run CheckRoute Behavior [ RunTime:0.000794s ]
INFO: [ route_check ] --END-- [ RunTime:0.000881s ]
INFO: [ app_begin ] --START--
INFO: Run ReadHtmlCache Behavior [ RunTime:0.000555s ]
INFO: [ app_begin ] --END-- [ RunTime:0.000603s ]
NOTIC: [8] Use of undefined constant MODE_NAME - assumed 'MODE_NAME' D:\wnmp\www\malasong\DataSource\Common\common.php 第 61 行.

[ 2015-11-06T16:06:41+08:00 ] /Lottery/luck
INFO: [ route_check ] --START--
INFO: Run CheckRoute Behavior [ RunTime:0.001108s ]
INFO: [ route_check ] --END-- [ RunTime:0.001221s ]
INFO: [ app_begin ] --START--
INFO: Run ReadHtmlCache Behavior [ RunTime:0.000777s ]
INFO: [ app_begin ] --END-- [ RunTime:0.000854s ]
NOTIC: [8] Use of undefined constant MODE_NAME - assumed 'MODE_NAME' D:\wnmp\www\malasong\DataSource\Common\common.php 第 61 行.

[ 2015-11-06T16:06:42+08:00 ] /Lottery/luck
INFO: [ route_check ] --START--
INFO: Run CheckRoute Behavior [ RunTime:0.001034s ]
INFO: [ route_check ] --END-- [ RunTime:0.001141s ]
INFO: [ app_begin ] --START--
INFO: Run ReadHtmlCache Behavior [ RunTime:0.000728s ]
INFO: [ app_begin ] --END-- [ RunTime:0.000798s ]
NOTIC: [8] Use of undefined constant MODE_NAME - assumed 'MODE_NAME' D:\wnmp\www\malasong\DataSource\Common\common.php 第 61 行.

[ 2015-11-06T16:06:42+08:00 ] /Lottery/luck
INFO: [ route_check ] --START--
INFO: Run CheckRoute Behavior [ RunTime:0.000767s ]
INFO: [ route_check ] --END-- [ RunTime:0.000846s ]
INFO: [ app_begin ] --START--
INFO: Run ReadHtmlCache Behavior [ RunTime:0.000608s ]
INFO: [ app_begin ] --END-- [ RunTime:0.000660s ]
NOTIC: [8] Use of undefined constant MODE_NAME - assumed 'MODE_NAME' D:\wnmp\www\malasong\DataSource\Common\common.php 第 61 行.

[ 2015-11-06T16:06:43+08:00 ] /Lottery/luck
INFO: [ route_check ] --START--
INFO: Run CheckRoute Behavior [ RunTime:0.000723s ]
INFO: [ route_check ] --END-- [ RunTime:0.000794s ]
INFO: [ app_begin ] --START--
INFO: Run ReadHtmlCache Behavior [ RunTime:0.000479s ]
INFO: [ app_begin ] --END-- [ RunTime:0.000526s ]
NOTIC: [8] Use of undefined constant MODE_NAME - assumed 'MODE_NAME' D:\wnmp\www\malasong\DataSource\Common\common.php 第 61 行.

[ 2015-11-06T16:06:43+08:00 ] /Lottery/luck
INFO: [ route_check ] --START--
INFO: Run CheckRoute Behavior [ RunTime:0.001133s ]
INFO: [ route_check ] --END-- [ RunTime:0.001253s ]
INFO: [ app_begin ] --START--
INFO: Run ReadHtmlCache Behavior [ RunTime:0.000806s ]
INFO: [ app_begin ] --END-- [ RunTime:0.000862s ]
NOTIC: [8] Use of undefined constant MODE_NAME - assumed 'MODE_NAME' D:\wnmp\www\malasong\DataSource\Common\common.php 第 61 行.

[ 2015-11-06T16:06:44+08:00 ] /Lottery/luck
INFO: [ route_check ] --START--
INFO: Run CheckRoute Behavior [ RunTime:0.000974s ]
INFO: [ route_check ] --END-- [ RunTime:0.001068s ]
INFO: [ app_begin ] --START--
INFO: Run ReadHtmlCache Behavior [ RunTime:0.000721s ]
INFO: [ app_begin ] --END-- [ RunTime:0.000803s ]
NOTIC: [8] Use of undefined constant MODE_NAME - assumed 'MODE_NAME' D:\wnmp\www\malasong\DataSource\Common\common.php 第 61 行.

[ 2015-11-06T16:06:44+08:00 ] /Lottery/luck
INFO: [ route_check ] --START--
INFO: Run CheckRoute Behavior [ RunTime:0.000721s ]
INFO: [ route_check ] --END-- [ RunTime:0.000797s ]
INFO: [ app_begin ] --START--
INFO: Run ReadHtmlCache Behavior [ RunTime:0.000468s ]
INFO: [ app_begin ] --END-- [ RunTime:0.000517s ]
NOTIC: [8] Use of undefined constant MODE_NAME - assumed 'MODE_NAME' D:\wnmp\www\malasong\DataSource\Common\common.php 第 61 行.

[ 2015-11-06T16:06:45+08:00 ] /Lottery/luck
INFO: [ route_check ] --START--
INFO: Run CheckRoute Behavior [ RunTime:0.000520s ]
INFO: [ route_check ] --END-- [ RunTime:0.000584s ]
INFO: [ app_begin ] --START--
INFO: Run ReadHtmlCache Behavior [ RunTime:0.000358s ]
INFO: [ app_begin ] --END-- [ RunTime:0.001037s ]
NOTIC: [8] Use of undefined constant MODE_NAME - assumed 'MODE_NAME' D:\wnmp\www\malasong\DataSource\Common\common.php 第 61 行.

[ 2015-11-06T16:06:45+08:00 ] /Lottery/luck
INFO: [ route_check ] --START--
INFO: Run CheckRoute Behavior [ RunTime:0.000813s ]
INFO: [ route_check ] --END-- [ RunTime:0.000896s ]
INFO: [ app_begin ] --START--
INFO: Run ReadHtmlCache Behavior [ RunTime:0.000578s ]
INFO: [ app_begin ] --END-- [ RunTime:0.000638s ]
NOTIC: [8] Use of undefined constant MODE_NAME - assumed 'MODE_NAME' D:\wnmp\www\malasong\DataSource\Common\common.php 第 61 行.

[ 2015-11-06T16:08:51+08:00 ] /Lottery/luck
INFO: [ route_check ] --START--
INFO: Run CheckRoute Behavior [ RunTime:0.001176s ]
INFO: [ route_check ] --END-- [ RunTime:0.001288s ]
INFO: [ app_begin ] --START--
INFO: Run ReadHtmlCache Behavior [ RunTime:0.000785s ]
INFO: [ app_begin ] --END-- [ RunTime:0.000859s ]
NOTIC: [8] Use of undefined constant MODE_NAME - assumed 'MODE_NAME' D:\wnmp\www\malasong\DataSource\Common\common.php 第 61 行.

[ 2015-11-06T16:09:18+08:00 ] /Lottery/luck
INFO: [ route_check ] --START--
INFO: Run CheckRoute Behavior [ RunTime:0.000803s ]
INFO: [ route_check ] --END-- [ RunTime:0.000909s ]
INFO: [ app_begin ] --START--
INFO: Run ReadHtmlCache Behavior [ RunTime:0.000596s ]
INFO: [ app_begin ] --END-- [ RunTime:0.000674s ]
NOTIC: [8] Use of undefined constant MODE_NAME - assumed 'MODE_NAME' D:\wnmp\www\malasong\DataSource\Common\common.php 第 61 行.

[ 2015-11-06T16:09:20+08:00 ] /Lottery/luck
INFO: [ route_check ] --START--
INFO: Run CheckRoute Behavior [ RunTime:0.000468s ]
INFO: [ route_check ] --END-- [ RunTime:0.000519s ]
INFO: [ app_begin ] --START--
INFO: Run ReadHtmlCache Behavior [ RunTime:0.000333s ]
INFO: [ app_begin ] --END-- [ RunTime:0.000364s ]
NOTIC: [8] Use of undefined constant MODE_NAME - assumed 'MODE_NAME' D:\wnmp\www\malasong\DataSource\Common\common.php 第 61 行.

[ 2015-11-06T16:09:21+08:00 ] /Lottery/luck
INFO: [ route_check ] --START--
INFO: Run CheckRoute Behavior [ RunTime:0.001348s ]
INFO: [ route_check ] --END-- [ RunTime:0.001526s ]
INFO: [ app_begin ] --START--
INFO: Run ReadHtmlCache Behavior [ RunTime:0.000796s ]
INFO: [ app_begin ] --END-- [ RunTime:0.000874s ]
NOTIC: [8] Use of undefined constant MODE_NAME - assumed 'MODE_NAME' D:\wnmp\www\malasong\DataSource\Common\common.php 第 61 行.

[ 2015-11-06T16:09:22+08:00 ] /Lottery/luck
INFO: [ route_check ] --START--
INFO: Run CheckRoute Behavior [ RunTime:0.001201s ]
INFO: [ route_check ] --END-- [ RunTime:0.001311s ]
INFO: [ app_begin ] --START--
INFO: Run ReadHtmlCache Behavior [ RunTime:0.000803s ]
INFO: [ app_begin ] --END-- [ RunTime:0.000880s ]
NOTIC: [8] Use of undefined constant MODE_NAME - assumed 'MODE_NAME' D:\wnmp\www\malasong\DataSource\Common\common.php 第 61 行.

[ 2015-11-06T16:09:22+08:00 ] /Lottery/luck
INFO: [ route_check ] --START--
INFO: Run CheckRoute Behavior [ RunTime:0.001085s ]
INFO: [ route_check ] --END-- [ RunTime:0.001194s ]
INFO: [ app_begin ] --START--
INFO: Run ReadHtmlCache Behavior [ RunTime:0.000710s ]
INFO: [ app_begin ] --END-- [ RunTime:0.000780s ]
NOTIC: [8] Use of undefined constant MODE_NAME - assumed 'MODE_NAME' D:\wnmp\www\malasong\DataSource\Common\common.php 第 61 行.

[ 2015-11-06T16:09:23+08:00 ] /Lottery/luck
INFO: [ route_check ] --START--
INFO: Run CheckRoute Behavior [ RunTime:0.000676s ]
INFO: [ route_check ] --END-- [ RunTime:0.000751s ]
INFO: [ app_begin ] --START--
INFO: Run ReadHtmlCache Behavior [ RunTime:0.000474s ]
INFO: [ app_begin ] --END-- [ RunTime:0.000518s ]
NOTIC: [8] Use of undefined constant MODE_NAME - assumed 'MODE_NAME' D:\wnmp\www\malasong\DataSource\Common\common.php 第 61 行.

[ 2015-11-06T16:09:24+08:00 ] /Lottery/luck
INFO: [ route_check ] --START--
INFO: Run CheckRoute Behavior [ RunTime:0.000724s ]
INFO: [ route_check ] --END-- [ RunTime:0.000847s ]
INFO: [ app_begin ] --START--
INFO: Run ReadHtmlCache Behavior [ RunTime:0.000501s ]
INFO: [ app_begin ] --END-- [ RunTime:0.000548s ]
NOTIC: [8] Use of undefined constant MODE_NAME - assumed 'MODE_NAME' D:\wnmp\www\malasong\DataSource\Common\common.php 第 61 行.

[ 2015-11-06T16:09:26+08:00 ] /Lottery/luck
INFO: [ route_check ] --START--
INFO: Run CheckRoute Behavior [ RunTime:0.000654s ]
INFO: [ route_check ] --END-- [ RunTime:0.000743s ]
INFO: [ app_begin ] --START--
INFO: Run ReadHtmlCache Behavior [ RunTime:0.000541s ]
INFO: [ app_begin ] --END-- [ RunTime:0.000612s ]
NOTIC: [8] Use of undefined constant MODE_NAME - assumed 'MODE_NAME' D:\wnmp\www\malasong\DataSource\Common\common.php 第 61 行.

[ 2015-11-06T16:09:27+08:00 ] /Lottery/luck
INFO: [ route_check ] --START--
INFO: Run CheckRoute Behavior [ RunTime:0.000524s ]
INFO: [ route_check ] --END-- [ RunTime:0.000582s ]
INFO: [ app_begin ] --START--
INFO: Run ReadHtmlCache Behavior [ RunTime:0.000364s ]
INFO: [ app_begin ] --END-- [ RunTime:0.000400s ]
NOTIC: [8] Use of undefined constant MODE_NAME - assumed 'MODE_NAME' D:\wnmp\www\malasong\DataSource\Common\common.php 第 61 行.

[ 2015-11-06T16:09:27+08:00 ] /Lottery/luck
INFO: [ route_check ] --START--
INFO: Run CheckRoute Behavior [ RunTime:0.001106s ]
INFO: [ route_check ] --END-- [ RunTime:0.001223s ]
INFO: [ app_begin ] --START--
INFO: Run ReadHtmlCache Behavior [ RunTime:0.000977s ]
INFO: [ app_begin ] --END-- [ RunTime:0.001064s ]
NOTIC: [8] Use of undefined constant MODE_NAME - assumed 'MODE_NAME' D:\wnmp\www\malasong\DataSource\Common\common.php 第 61 行.

[ 2015-11-06T16:09:35+08:00 ] /Lottery/luck
INFO: [ route_check ] --START--
INFO: Run CheckRoute Behavior [ RunTime:0.000435s ]
INFO: [ route_check ] --END-- [ RunTime:0.000483s ]
INFO: [ app_begin ] --START--
INFO: Run ReadHtmlCache Behavior [ RunTime:0.000296s ]
INFO: [ app_begin ] --END-- [ RunTime:0.000325s ]
NOTIC: [8] Use of undefined constant MODE_NAME - assumed 'MODE_NAME' D:\wnmp\www\malasong\DataSource\Common\common.php 第 61 行.

[ 2015-11-06T16:09:36+08:00 ] /Lottery/luck
INFO: [ route_check ] --START--
INFO: Run CheckRoute Behavior [ RunTime:0.000643s ]
INFO: [ route_check ] --END-- [ RunTime:0.000737s ]
INFO: [ app_begin ] --START--
INFO: Run ReadHtmlCache Behavior [ RunTime:0.000337s ]
INFO: [ app_begin ] --END-- [ RunTime:0.000368s ]
NOTIC: [8] Use of undefined constant MODE_NAME - assumed 'MODE_NAME' D:\wnmp\www\malasong\DataSource\Common\common.php 第 61 行.

[ 2015-11-06T16:09:36+08:00 ] /Lottery/luck
INFO: [ route_check ] --START--
INFO: Run CheckRoute Behavior [ RunTime:0.001053s ]
INFO: [ route_check ] --END-- [ RunTime:0.001158s ]
INFO: [ app_begin ] --START--
INFO: Run ReadHtmlCache Behavior [ RunTime:0.000739s ]
INFO: [ app_begin ] --END-- [ RunTime:0.000809s ]
NOTIC: [8] Use of undefined constant MODE_NAME - assumed 'MODE_NAME' D:\wnmp\www\malasong\DataSource\Common\common.php 第 61 行.

[ 2015-11-06T16:09:37+08:00 ] /Lottery/luck
INFO: [ route_check ] --START--
INFO: Run CheckRoute Behavior [ RunTime:0.000867s ]
INFO: [ route_check ] --END-- [ RunTime:0.000957s ]
INFO: [ app_begin ] --START--
INFO: Run ReadHtmlCache Behavior [ RunTime:0.000610s ]
INFO: [ app_begin ] --END-- [ RunTime:0.000669s ]
NOTIC: [8] Use of undefined constant MODE_NAME - assumed 'MODE_NAME' D:\wnmp\www\malasong\DataSource\Common\common.php 第 61 行.

[ 2015-11-06T16:09:37+08:00 ] /Lottery/luck
INFO: [ route_check ] --START--
INFO: Run CheckRoute Behavior [ RunTime:0.000531s ]
INFO: [ route_check ] --END-- [ RunTime:0.000587s ]
INFO: [ app_begin ] --START--
INFO: Run ReadHtmlCache Behavior [ RunTime:0.000382s ]
INFO: [ app_begin ] --END-- [ RunTime:0.000419s ]
NOTIC: [8] Use of undefined constant MODE_NAME - assumed 'MODE_NAME' D:\wnmp\www\malasong\DataSource\Common\common.php 第 61 行.

[ 2015-11-06T16:09:38+08:00 ] /Lottery/luck
INFO: [ route_check ] --START--
INFO: Run CheckRoute Behavior [ RunTime:0.000630s ]
INFO: [ route_check ] --END-- [ RunTime:0.000697s ]
INFO: [ app_begin ] --START--
INFO: Run ReadHtmlCache Behavior [ RunTime:0.000482s ]
INFO: [ app_begin ] --END-- [ RunTime:0.000528s ]
NOTIC: [8] Use of undefined constant MODE_NAME - assumed 'MODE_NAME' D:\wnmp\www\malasong\DataSource\Common\common.php 第 61 行.

[ 2015-11-06T16:09:38+08:00 ] /Lottery/luck
INFO: [ route_check ] --START--
INFO: Run CheckRoute Behavior [ RunTime:0.000466s ]
INFO: [ route_check ] --END-- [ RunTime:0.000517s ]
INFO: [ app_begin ] --START--
INFO: Run ReadHtmlCache Behavior [ RunTime:0.000319s ]
INFO: [ app_begin ] --END-- [ RunTime:0.000351s ]
NOTIC: [8] Use of undefined constant MODE_NAME - assumed 'MODE_NAME' D:\wnmp\www\malasong\DataSource\Common\common.php 第 61 行.

[ 2015-11-06T16:09:39+08:00 ] /Lottery/luck
INFO: [ route_check ] --START--
INFO: Run CheckRoute Behavior [ RunTime:0.000525s ]
INFO: [ route_check ] --END-- [ RunTime:0.000583s ]
INFO: [ app_begin ] --START--
INFO: Run ReadHtmlCache Behavior [ RunTime:0.000374s ]
INFO: [ app_begin ] --END-- [ RunTime:0.000410s ]
NOTIC: [8] Use of undefined constant MODE_NAME - assumed 'MODE_NAME' D:\wnmp\www\malasong\DataSource\Common\common.php 第 61 行.

[ 2015-11-06T16:09:40+08:00 ] /Lottery/luck
INFO: [ route_check ] --START--
INFO: Run CheckRoute Behavior [ RunTime:0.001018s ]
INFO: [ route_check ] --END-- [ RunTime:0.001121s ]
INFO: [ app_begin ] --START--
INFO: Run ReadHtmlCache Behavior [ RunTime:0.000705s ]
INFO: [ app_begin ] --END-- [ RunTime:0.000774s ]
NOTIC: [8] Use of undefined constant MODE_NAME - assumed 'MODE_NAME' D:\wnmp\www\malasong\DataSource\Common\common.php 第 61 行.

[ 2015-11-06T16:09:40+08:00 ] /Lottery/luck
INFO: [ route_check ] --START--
INFO: Run CheckRoute Behavior [ RunTime:0.000529s ]
INFO: [ route_check ] --END-- [ RunTime:0.000581s ]
INFO: [ app_begin ] --START--
INFO: Run ReadHtmlCache Behavior [ RunTime:0.000503s ]
INFO: [ app_begin ] --END-- [ RunTime:0.000544s ]
NOTIC: [8] Use of undefined constant MODE_NAME - assumed 'MODE_NAME' D:\wnmp\www\malasong\DataSource\Common\common.php 第 61 行.

[ 2015-11-06T16:11:27+08:00 ] /Lottery/luck
INFO: [ route_check ] --START--
INFO: Run CheckRoute Behavior [ RunTime:0.002347s ]
INFO: [ route_check ] --END-- [ RunTime:0.002489s ]
INFO: [ app_begin ] --START--
INFO: Run ReadHtmlCache Behavior [ RunTime:0.000542s ]
INFO: [ app_begin ] --END-- [ RunTime:0.000585s ]
NOTIC: [8] Use of undefined constant MODE_NAME - assumed 'MODE_NAME' D:\wnmp\www\malasong\DataSource\Common\common.php 第 61 行.

[ 2015-11-06T16:11:31+08:00 ] /Lottery/luck
INFO: [ route_check ] --START--
INFO: Run CheckRoute Behavior [ RunTime:0.000657s ]
INFO: [ route_check ] --END-- [ RunTime:0.000751s ]
INFO: [ app_begin ] --START--
INFO: Run ReadHtmlCache Behavior [ RunTime:0.000348s ]
INFO: [ app_begin ] --END-- [ RunTime:0.000385s ]
NOTIC: [8] Use of undefined constant MODE_NAME - assumed 'MODE_NAME' D:\wnmp\www\malasong\DataSource\Common\common.php 第 61 行.

[ 2015-11-06T16:11:32+08:00 ] /Lottery/luck
INFO: [ route_check ] --START--
INFO: Run CheckRoute Behavior [ RunTime:0.000743s ]
INFO: [ route_check ] --END-- [ RunTime:0.000818s ]
INFO: [ app_begin ] --START--
INFO: Run ReadHtmlCache Behavior [ RunTime:0.000528s ]
INFO: [ app_begin ] --END-- [ RunTime:0.000575s ]
NOTIC: [8] Use of undefined constant MODE_NAME - assumed 'MODE_NAME' D:\wnmp\www\malasong\DataSource\Common\common.php 第 61 行.

[ 2015-11-06T16:14:47+08:00 ] /Lottery/luck
INFO: [ route_check ] --START--
INFO: Run CheckRoute Behavior [ RunTime:0.000794s ]
INFO: [ route_check ] --END-- [ RunTime:0.000873s ]
INFO: [ app_begin ] --START--
INFO: Run ReadHtmlCache Behavior [ RunTime:0.000564s ]
INFO: [ app_begin ] --END-- [ RunTime:0.000614s ]
NOTIC: [8] Use of undefined constant MODE_NAME - assumed 'MODE_NAME' D:\wnmp\www\malasong\DataSource\Common\common.php 第 61 行.

[ 2015-11-06T16:14:50+08:00 ] /Lottery/luck
INFO: [ route_check ] --START--
INFO: Run CheckRoute Behavior [ RunTime:0.000978s ]
INFO: [ route_check ] --END-- [ RunTime:0.001067s ]
INFO: [ app_begin ] --START--
INFO: Run ReadHtmlCache Behavior [ RunTime:0.000591s ]
INFO: [ app_begin ] --END-- [ RunTime:0.000643s ]
NOTIC: [8] Use of undefined constant MODE_NAME - assumed 'MODE_NAME' D:\wnmp\www\malasong\DataSource\Common\common.php 第 61 行.

[ 2015-11-06T16:14:50+08:00 ] /Lottery/luck
INFO: [ route_check ] --START--
INFO: Run CheckRoute Behavior [ RunTime:0.001019s ]
INFO: [ route_check ] --END-- [ RunTime:0.001120s ]
INFO: [ app_begin ] --START--
INFO: Run ReadHtmlCache Behavior [ RunTime:0.000804s ]
INFO: [ app_begin ] --END-- [ RunTime:0.000882s ]
NOTIC: [8] Use of undefined constant MODE_NAME - assumed 'MODE_NAME' D:\wnmp\www\malasong\DataSource\Common\common.php 第 61 行.

[ 2015-11-06T16:16:05+08:00 ] /Lottery/luck
INFO: [ route_check ] --START--
INFO: Run CheckRoute Behavior [ RunTime:0.000681s ]
INFO: [ route_check ] --END-- [ RunTime:0.000759s ]
INFO: [ app_begin ] --START--
INFO: Run ReadHtmlCache Behavior [ RunTime:0.000490s ]
INFO: [ app_begin ] --END-- [ RunTime:0.000545s ]
NOTIC: [8] Use of undefined constant MODE_NAME - assumed 'MODE_NAME' D:\wnmp\www\malasong\DataSource\Common\common.php 第 61 行.

[ 2015-11-06T16:16:53+08:00 ] /Lottery/luck
INFO: [ route_check ] --START--
INFO: Run CheckRoute Behavior [ RunTime:0.000653s ]
INFO: [ route_check ] --END-- [ RunTime:0.000718s ]
INFO: [ app_begin ] --START--
INFO: Run ReadHtmlCache Behavior [ RunTime:0.000489s ]
INFO: [ app_begin ] --END-- [ RunTime:0.000532s ]
NOTIC: [8] Use of undefined constant MODE_NAME - assumed 'MODE_NAME' D:\wnmp\www\malasong\DataSource\Common\common.php 第 61 行.

[ 2015-11-06T16:17:22+08:00 ] /Lottery/luck
INFO: [ route_check ] --START--
INFO: Run CheckRoute Behavior [ RunTime:0.000747s ]
INFO: [ route_check ] --END-- [ RunTime:0.000827s ]
INFO: [ app_begin ] --START--
INFO: Run ReadHtmlCache Behavior [ RunTime:0.000505s ]
INFO: [ app_begin ] --END-- [ RunTime:0.000554s ]
NOTIC: [8] Use of undefined constant MODE_NAME - assumed 'MODE_NAME' D:\wnmp\www\malasong\DataSource\Common\common.php 第 61 行.

[ 2015-11-06T16:24:52+08:00 ] /Lottery/luck
INFO: [ route_check ] --START--
INFO: Run CheckRoute Behavior [ RunTime:0.000745s ]
INFO: [ route_check ] --END-- [ RunTime:0.000822s ]
INFO: [ app_begin ] --START--
INFO: Run ReadHtmlCache Behavior [ RunTime:0.001003s ]
INFO: [ app_begin ] --END-- [ RunTime:0.001056s ]
NOTIC: [8] Use of undefined constant MODE_NAME - assumed 'MODE_NAME' D:\wnmp\www\malasong\DataSource\Common\common.php 第 61 行.

[ 2015-11-06T16:25:34+08:00 ] /Lottery/luck
INFO: [ route_check ] --START--
INFO: Run CheckRoute Behavior [ RunTime:0.000739s ]
INFO: [ route_check ] --END-- [ RunTime:0.000820s ]
INFO: [ app_begin ] --START--
INFO: Run ReadHtmlCache Behavior [ RunTime:0.000599s ]
INFO: [ app_begin ] --END-- [ RunTime:0.000662s ]
NOTIC: [8] Use of undefined constant MODE_NAME - assumed 'MODE_NAME' D:\wnmp\www\malasong\DataSource\Common\common.php 第 61 行.

[ 2015-11-06T16:25:34+08:00 ] /Lottery/luck
INFO: [ route_check ] --START--
INFO: Run CheckRoute Behavior [ RunTime:0.000569s ]
INFO: [ route_check ] --END-- [ RunTime:0.000627s ]
INFO: [ app_begin ] --START--
INFO: Run ReadHtmlCache Behavior [ RunTime:0.000383s ]
INFO: [ app_begin ] --END-- [ RunTime:0.000420s ]
NOTIC: [8] Use of undefined constant MODE_NAME - assumed 'MODE_NAME' D:\wnmp\www\malasong\DataSource\Common\common.php 第 61 行.

[ 2015-11-06T16:25:35+08:00 ] /Lottery/luck
INFO: [ route_check ] --START--
INFO: Run CheckRoute Behavior [ RunTime:0.000631s ]
INFO: [ route_check ] --END-- [ RunTime:0.000685s ]
INFO: [ app_begin ] --START--
INFO: Run ReadHtmlCache Behavior [ RunTime:0.000347s ]
INFO: [ app_begin ] --END-- [ RunTime:0.000379s ]
NOTIC: [8] Use of undefined constant MODE_NAME - assumed 'MODE_NAME' D:\wnmp\www\malasong\DataSource\Common\common.php 第 61 行.

[ 2015-11-06T16:25:35+08:00 ] /Lottery/luck
INFO: [ route_check ] --START--
INFO: Run CheckRoute Behavior [ RunTime:0.001449s ]
INFO: [ route_check ] --END-- [ RunTime:0.001560s ]
INFO: [ app_begin ] --START--
INFO: Run ReadHtmlCache Behavior [ RunTime:0.000830s ]
INFO: [ app_begin ] --END-- [ RunTime:0.000906s ]
NOTIC: [8] Use of undefined constant MODE_NAME - assumed 'MODE_NAME' D:\wnmp\www\malasong\DataSource\Common\common.php 第 61 行.

[ 2015-11-06T16:25:35+08:00 ] /Lottery/luck
INFO: [ route_check ] --START--
INFO: Run CheckRoute Behavior [ RunTime:0.000975s ]
INFO: [ route_check ] --END-- [ RunTime:0.001070s ]
INFO: [ app_begin ] --START--
INFO: Run ReadHtmlCache Behavior [ RunTime:0.000648s ]
INFO: [ app_begin ] --END-- [ RunTime:0.000714s ]
NOTIC: [8] Use of undefined constant MODE_NAME - assumed 'MODE_NAME' D:\wnmp\www\malasong\DataSource\Common\common.php 第 61 行.

[ 2015-11-06T16:25:36+08:00 ] /Lottery/luck
INFO: [ route_check ] --START--
INFO: Run CheckRoute Behavior [ RunTime:0.000692s ]
INFO: [ route_check ] --END-- [ RunTime:0.000763s ]
INFO: [ app_begin ] --START--
INFO: Run ReadHtmlCache Behavior [ RunTime:0.000462s ]
INFO: [ app_begin ] --END-- [ RunTime:0.000508s ]
NOTIC: [8] Use of undefined constant MODE_NAME - assumed 'MODE_NAME' D:\wnmp\www\malasong\DataSource\Common\common.php 第 61 行.

[ 2015-11-06T16:25:36+08:00 ] /Lottery/luck
INFO: [ route_check ] --START--
INFO: Run CheckRoute Behavior [ RunTime:0.000522s ]
INFO: [ route_check ] --END-- [ RunTime:0.000569s ]
INFO: [ app_begin ] --START--
INFO: Run ReadHtmlCache Behavior [ RunTime:0.000298s ]
INFO: [ app_begin ] --END-- [ RunTime:0.000330s ]
NOTIC: [8] Use of undefined constant MODE_NAME - assumed 'MODE_NAME' D:\wnmp\www\malasong\DataSource\Common\common.php 第 61 行.

[ 2015-11-06T16:25:36+08:00 ] /Lottery/luck
INFO: [ route_check ] --START--
INFO: Run CheckRoute Behavior [ RunTime:0.000620s ]
INFO: [ route_check ] --END-- [ RunTime:0.000686s ]
INFO: [ app_begin ] --START--
INFO: Run ReadHtmlCache Behavior [ RunTime:0.000430s ]
INFO: [ app_begin ] --END-- [ RunTime:0.000473s ]
NOTIC: [8] Use of undefined constant MODE_NAME - assumed 'MODE_NAME' D:\wnmp\www\malasong\DataSource\Common\common.php 第 61 行.

[ 2015-11-06T16:25:37+08:00 ] /Lottery/luck
INFO: [ route_check ] --START--
INFO: Run CheckRoute Behavior [ RunTime:0.001107s ]
INFO: [ route_check ] --END-- [ RunTime:0.001218s ]
INFO: [ app_begin ] --START--
INFO: Run ReadHtmlCache Behavior [ RunTime:0.000759s ]
INFO: [ app_begin ] --END-- [ RunTime:0.000836s ]
NOTIC: [8] Use of undefined constant MODE_NAME - assumed 'MODE_NAME' D:\wnmp\www\malasong\DataSource\Common\common.php 第 61 行.

[ 2015-11-06T16:25:38+08:00 ] /Lottery/luck
INFO: [ route_check ] --START--
INFO: Run CheckRoute Behavior [ RunTime:0.000463s ]
INFO: [ route_check ] --END-- [ RunTime:0.000514s ]
INFO: [ app_begin ] --START--
INFO: Run ReadHtmlCache Behavior [ RunTime:0.000318s ]
INFO: [ app_begin ] --END-- [ RunTime:0.000350s ]
NOTIC: [8] Use of undefined constant MODE_NAME - assumed 'MODE_NAME' D:\wnmp\www\malasong\DataSource\Common\common.php 第 61 行.

[ 2015-11-06T16:25:38+08:00 ] /Lottery/luck
INFO: [ route_check ] --START--
INFO: Run CheckRoute Behavior [ RunTime:0.000576s ]
INFO: [ route_check ] --END-- [ RunTime:0.000643s ]
INFO: [ app_begin ] --START--
INFO: Run ReadHtmlCache Behavior [ RunTime:0.000398s ]
INFO: [ app_begin ] --END-- [ RunTime:0.000438s ]
NOTIC: [8] Use of undefined constant MODE_NAME - assumed 'MODE_NAME' D:\wnmp\www\malasong\DataSource\Common\common.php 第 61 行.

[ 2015-11-06T16:25:39+08:00 ] /Lottery/luck
INFO: [ route_check ] --START--
INFO: Run CheckRoute Behavior [ RunTime:0.001056s ]
INFO: [ route_check ] --END-- [ RunTime:0.001160s ]
INFO: [ app_begin ] --START--
INFO: Run ReadHtmlCache Behavior [ RunTime:0.000700s ]
INFO: [ app_begin ] --END-- [ RunTime:0.000769s ]
NOTIC: [8] Use of undefined constant MODE_NAME - assumed 'MODE_NAME' D:\wnmp\www\malasong\DataSource\Common\common.php 第 61 行.

[ 2015-11-06T16:25:39+08:00 ] /Lottery/luck
INFO: [ route_check ] --START--
INFO: Run CheckRoute Behavior [ RunTime:0.000556s ]
INFO: [ route_check ] --END-- [ RunTime:0.000641s ]
INFO: [ app_begin ] --START--
INFO: Run ReadHtmlCache Behavior [ RunTime:0.000314s ]
INFO: [ app_begin ] --END-- [ RunTime:0.000353s ]
NOTIC: [8] Use of undefined constant MODE_NAME - assumed 'MODE_NAME' D:\wnmp\www\malasong\DataSource\Common\common.php 第 61 行.

[ 2015-11-06T16:25:40+08:00 ] /Lottery/luck
INFO: [ route_check ] --START--
INFO: Run CheckRoute Behavior [ RunTime:0.000479s ]
INFO: [ route_check ] --END-- [ RunTime:0.000539s ]
INFO: [ app_begin ] --START--
INFO: Run ReadHtmlCache Behavior [ RunTime:0.000330s ]
INFO: [ app_begin ] --END-- [ RunTime:0.000360s ]
NOTIC: [8] Use of undefined constant MODE_NAME - assumed 'MODE_NAME' D:\wnmp\www\malasong\DataSource\Common\common.php 第 61 行.

[ 2015-11-06T16:25:40+08:00 ] /Lottery/luck
INFO: [ route_check ] --START--
INFO: Run CheckRoute Behavior [ RunTime:0.000567s ]
INFO: [ route_check ] --END-- [ RunTime:0.000627s ]
INFO: [ app_begin ] --START--
INFO: Run ReadHtmlCache Behavior [ RunTime:0.000393s ]
INFO: [ app_begin ] --END-- [ RunTime:0.000432s ]
NOTIC: [8] Use of undefined constant MODE_NAME - assumed 'MODE_NAME' D:\wnmp\www\malasong\DataSource\Common\common.php 第 61 行.

[ 2015-11-06T16:25:41+08:00 ] /Lottery/luck
INFO: [ route_check ] --START--
INFO: Run CheckRoute Behavior [ RunTime:0.000526s ]
INFO: [ route_check ] --END-- [ RunTime:0.000582s ]
INFO: [ app_begin ] --START--
INFO: Run ReadHtmlCache Behavior [ RunTime:0.000362s ]
INFO: [ app_begin ] --END-- [ RunTime:0.000396s ]
NOTIC: [8] Use of undefined constant MODE_NAME - assumed 'MODE_NAME' D:\wnmp\www\malasong\DataSource\Common\common.php 第 61 行.

[ 2015-11-06T16:25:41+08:00 ] /Lottery/luck
INFO: [ route_check ] --START--
INFO: Run CheckRoute Behavior [ RunTime:0.000562s ]
INFO: [ route_check ] --END-- [ RunTime:0.000623s ]
INFO: [ app_begin ] --START--
INFO: Run ReadHtmlCache Behavior [ RunTime:0.000377s ]
INFO: [ app_begin ] --END-- [ RunTime:0.000415s ]
NOTIC: [8] Use of undefined constant MODE_NAME - assumed 'MODE_NAME' D:\wnmp\www\malasong\DataSource\Common\common.php 第 61 行.

[ 2015-11-06T16:25:41+08:00 ] /Lottery/luck
INFO: [ route_check ] --START--
INFO: Run CheckRoute Behavior [ RunTime:0.000720s ]
INFO: [ route_check ] --END-- [ RunTime:0.000784s ]
INFO: [ app_begin ] --START--
INFO: Run ReadHtmlCache Behavior [ RunTime:0.000454s ]
INFO: [ app_begin ] --END-- [ RunTime:0.000493s ]
NOTIC: [8] Use of undefined constant MODE_NAME - assumed 'MODE_NAME' D:\wnmp\www\malasong\DataSource\Common\common.php 第 61 行.

[ 2015-11-06T16:25:42+08:00 ] /Lottery/luck
INFO: [ route_check ] --START--
INFO: Run CheckRoute Behavior [ RunTime:0.000657s ]
INFO: [ route_check ] --END-- [ RunTime:0.000725s ]
INFO: [ app_begin ] --START--
INFO: Run ReadHtmlCache Behavior [ RunTime:0.000470s ]
INFO: [ app_begin ] --END-- [ RunTime:0.000516s ]
NOTIC: [8] Use of undefined constant MODE_NAME - assumed 'MODE_NAME' D:\wnmp\www\malasong\DataSource\Common\common.php 第 61 行.

[ 2015-11-06T16:25:42+08:00 ] /Lottery/luck
INFO: [ route_check ] --START--
INFO: Run CheckRoute Behavior [ RunTime:0.000719s ]
INFO: [ route_check ] --END-- [ RunTime:0.000792s ]
INFO: [ app_begin ] --START--
INFO: Run ReadHtmlCache Behavior [ RunTime:0.000502s ]
INFO: [ app_begin ] --END-- [ RunTime:0.000552s ]
NOTIC: [8] Use of undefined constant MODE_NAME - assumed 'MODE_NAME' D:\wnmp\www\malasong\DataSource\Common\common.php 第 61 行.

[ 2015-11-06T16:25:43+08:00 ] /Lottery/luck
INFO: [ route_check ] --START--
INFO: Run CheckRoute Behavior [ RunTime:0.000549s ]
INFO: [ route_check ] --END-- [ RunTime:0.000609s ]
INFO: [ app_begin ] --START--
INFO: Run ReadHtmlCache Behavior [ RunTime:0.000379s ]
INFO: [ app_begin ] --END-- [ RunTime:0.000416s ]
NOTIC: [8] Use of undefined constant MODE_NAME - assumed 'MODE_NAME' D:\wnmp\www\malasong\DataSource\Common\common.php 第 61 行.

[ 2015-11-06T16:26:47+08:00 ] /Lottery/luck
INFO: [ route_check ] --START--
INFO: Run CheckRoute Behavior [ RunTime:0.000620s ]
INFO: [ route_check ] --END-- [ RunTime:0.000681s ]
INFO: [ app_begin ] --START--
INFO: Run ReadHtmlCache Behavior [ RunTime:0.000298s ]
INFO: [ app_begin ] --END-- [ RunTime:0.000329s ]
NOTIC: [8] Use of undefined constant MODE_NAME - assumed 'MODE_NAME' D:\wnmp\www\malasong\DataSource\Common\common.php 第 61 行.

[ 2015-11-06T16:27:14+08:00 ] /Lottery/luck
INFO: [ route_check ] --START--
INFO: Run CheckRoute Behavior [ RunTime:0.000676s ]
INFO: [ route_check ] --END-- [ RunTime:0.000738s ]
INFO: [ app_begin ] --START--
INFO: Run ReadHtmlCache Behavior [ RunTime:0.000450s ]
INFO: [ app_begin ] --END-- [ RunTime:0.000493s ]
NOTIC: [8] Use of undefined constant MODE_NAME - assumed 'MODE_NAME' D:\wnmp\www\malasong\DataSource\Common\common.php 第 61 行.

[ 2015-11-06T16:27:51+08:00 ] /Lottery/luck
INFO: [ route_check ] --START--
INFO: Run CheckRoute Behavior [ RunTime:0.001189s ]
INFO: [ route_check ] --END-- [ RunTime:0.001341s ]
INFO: [ app_begin ] --START--
INFO: Run ReadHtmlCache Behavior [ RunTime:0.000813s ]
INFO: [ app_begin ] --END-- [ RunTime:0.000907s ]
NOTIC: [8] Use of undefined constant MODE_NAME - assumed 'MODE_NAME' D:\wnmp\www\malasong\DataSource\Common\common.php 第 61 行.

[ 2015-11-06T16:27:53+08:00 ] /Lottery/luck
INFO: [ route_check ] --START--
INFO: Run CheckRoute Behavior [ RunTime:0.000498s ]
INFO: [ route_check ] --END-- [ RunTime:0.000560s ]
INFO: [ app_begin ] --START--
INFO: Run ReadHtmlCache Behavior [ RunTime:0.000364s ]
INFO: [ app_begin ] --END-- [ RunTime:0.000396s ]
NOTIC: [8] Use of undefined constant MODE_NAME - assumed 'MODE_NAME' D:\wnmp\www\malasong\DataSource\Common\common.php 第 61 行.

[ 2015-11-06T16:27:53+08:00 ] /Lottery/luck
INFO: [ route_check ] --START--
INFO: Run CheckRoute Behavior [ RunTime:0.001044s ]
INFO: [ route_check ] --END-- [ RunTime:0.001147s ]
INFO: [ app_begin ] --START--
INFO: Run ReadHtmlCache Behavior [ RunTime:0.000712s ]
INFO: [ app_begin ] --END-- [ RunTime:0.000784s ]
NOTIC: [8] Use of undefined constant MODE_NAME - assumed 'MODE_NAME' D:\wnmp\www\malasong\DataSource\Common\common.php 第 61 行.

[ 2015-11-06T16:27:54+08:00 ] /Lottery/luck
INFO: [ route_check ] --START--
INFO: Run CheckRoute Behavior [ RunTime:0.000448s ]
INFO: [ route_check ] --END-- [ RunTime:0.000498s ]
INFO: [ app_begin ] --START--
INFO: Run ReadHtmlCache Behavior [ RunTime:0.000365s ]
INFO: [ app_begin ] --END-- [ RunTime:0.000404s ]
NOTIC: [8] Use of undefined constant MODE_NAME - assumed 'MODE_NAME' D:\wnmp\www\malasong\DataSource\Common\common.php 第 61 行.

[ 2015-11-06T16:27:55+08:00 ] /Lottery/luck
INFO: [ route_check ] --START--
INFO: Run CheckRoute Behavior [ RunTime:0.000575s ]
INFO: [ route_check ] --END-- [ RunTime:0.000636s ]
INFO: [ app_begin ] --START--
INFO: Run ReadHtmlCache Behavior [ RunTime:0.000511s ]
INFO: [ app_begin ] --END-- [ RunTime:0.000564s ]
NOTIC: [8] Use of undefined constant MODE_NAME - assumed 'MODE_NAME' D:\wnmp\www\malasong\DataSource\Common\common.php 第 61 行.

[ 2015-11-06T16:29:31+08:00 ] /Lottery/luck
INFO: [ route_check ] --START--
INFO: Run CheckRoute Behavior [ RunTime:0.000556s ]
INFO: [ route_check ] --END-- [ RunTime:0.000615s ]
INFO: [ app_begin ] --START--
INFO: Run ReadHtmlCache Behavior [ RunTime:0.000396s ]
INFO: [ app_begin ] --END-- [ RunTime:0.000433s ]
NOTIC: [8] Use of undefined constant MODE_NAME - assumed 'MODE_NAME' D:\wnmp\www\malasong\DataSource\Common\common.php 第 61 行.

[ 2015-11-06T16:30:09+08:00 ] /Lottery/luck
INFO: [ route_check ] --START--
INFO: Run CheckRoute Behavior [ RunTime:0.000522s ]
INFO: [ route_check ] --END-- [ RunTime:0.000576s ]
INFO: [ app_begin ] --START--
INFO: Run ReadHtmlCache Behavior [ RunTime:0.000337s ]
INFO: [ app_begin ] --END-- [ RunTime:0.000369s ]
NOTIC: [8] Use of undefined constant MODE_NAME - assumed 'MODE_NAME' D:\wnmp\www\malasong\DataSource\Common\common.php 第 61 行.

[ 2015-11-06T16:30:34+08:00 ] /Lottery/luck
INFO: [ route_check ] --START--
INFO: Run CheckRoute Behavior [ RunTime:0.000569s ]
INFO: [ route_check ] --END-- [ RunTime:0.000628s ]
INFO: [ app_begin ] --START--
INFO: Run ReadHtmlCache Behavior [ RunTime:0.000617s ]
INFO: [ app_begin ] --END-- [ RunTime:0.000678s ]
NOTIC: [8] Use of undefined constant MODE_NAME - assumed 'MODE_NAME' D:\wnmp\www\malasong\DataSource\Common\common.php 第 61 行.

