[ 2015-12-04T11:43:34+08:00 ] /uducy.php
INFO: [ app_begin ] --START--
INFO: Run ReadHtmlCache Behavior [ RunTime:0.000386s ]
INFO: [ app_begin ] --END-- [ RunTime:0.000465s ]
NOTIC: [8] Undefined index: db_dsn D:\wnmp\www\malasong\lib\ThinkPHP\Lib\Core\Db.class.php 第 129 行.
NOTIC: [8] Undefined index: db_params D:\wnmp\www\malasong\lib\ThinkPHP\Lib\Core\Db.class.php 第 130 行.
SQL: SHOW COLUMNS FROM `mls_news` [ RunTime:0.030021s ]
SQL: SELECT `id`,`news_title`,`des`,`img`,`url`,`url_type` FROM `mls_news` ORDER BY orderid asc,id desc LIMIT 0,6   [ RunTime:0.002069s ]
INFO: [ view_template ] --START--
INFO: Run LocationTemplate Behavior [ RunTime:0.018497s ]
INFO: [ view_template ] --END-- [ RunTime:0.018605s ]
INFO: [ view_parse ] --START--
NOTIC: [8] Undefined index: tilte D:\wnmp\www\malasong\DataSource\Runtime\Temp\b98fc940e393e12c0163e8b483a2b21226c917df.file.header.html.php 第 33 行.
NOTIC: [8] Trying to get property of non-object D:\wnmp\www\malasong\DataSource\Runtime\Temp\b98fc940e393e12c0163e8b483a2b21226c917df.file.header.html.php 第 33 行.
INFO: Run ParseTemplate Behavior [ RunTime:0.092923s ]
INFO: [ view_parse ] --END-- [ RunTime:0.093022s ]
INFO: [ view_filter ] --START--
INFO: Run ContentReplace Behavior [ RunTime:0.001254s ]
INFO: Run TokenBuild Behavior [ RunTime:0.005342s ]
INFO: Run WriteHtmlCache Behavior [ RunTime:0.004132s ]
INFO: Run ShowRuntime Behavior [ RunTime:0.004607s ]
INFO: [ view_filter ] --END-- [ RunTime:0.015589s ]
INFO: [ view_end ] --START--
INFO: Run ShowPageTrace Behavior [ RunTime:0.010110s ]
INFO: [ view_end ] --END-- [ RunTime:0.012091s ]

[ 2015-12-04T11:43:34+08:00 ] /Account/verify
INFO: [ route_check ] --START--
INFO: Run CheckRoute Behavior [ RunTime:0.000847s ]
INFO: [ route_check ] --END-- [ RunTime:0.000923s ]
INFO: [ app_begin ] --START--
INFO: Run ReadHtmlCache Behavior [ RunTime:0.000553s ]
INFO: [ app_begin ] --END-- [ RunTime:0.000611s ]

[ 2015-12-04T11:43:37+08:00 ] /Account/register
INFO: [ route_check ] --START--
INFO: Run CheckRoute Behavior [ RunTime:0.001230s ]
INFO: [ route_check ] --END-- [ RunTime:0.001344s ]
INFO: [ app_begin ] --START--
INFO: Run ReadHtmlCache Behavior [ RunTime:0.000818s ]
INFO: [ app_begin ] --END-- [ RunTime:0.000890s ]
NOTIC: [8] Undefined index: account D:\wnmp\www\malasong\DataSource\Lib\Action\AccountAction.class.php 第 37 行.
NOTIC: [8] Undefined index: sign D:\wnmp\www\malasong\DataSource\Lib\Action\AccountAction.class.php 第 38 行.
NOTIC: [8] Undefined index: ac D:\wnmp\www\malasong\DataSource\Lib\Action\AccountAction.class.php 第 39 行.
INFO: [ view_template ] --START--
INFO: Run LocationTemplate Behavior [ RunTime:0.000864s ]
INFO: [ view_template ] --END-- [ RunTime:0.000966s ]
INFO: [ view_parse ] --START--
NOTIC: [8] Undefined index: tilte D:\wnmp\www\malasong\DataSource\Runtime\Temp\b98fc940e393e12c0163e8b483a2b21226c917df.file.header.html.php 第 33 行.
NOTIC: [8] Trying to get property of non-object D:\wnmp\www\malasong\DataSource\Runtime\Temp\b98fc940e393e12c0163e8b483a2b21226c917df.file.header.html.php 第 33 行.
NOTIC: [8] Undefined index: index D:\wnmp\www\malasong\DataSource\Runtime\Temp\b98fc940e393e12c0163e8b483a2b21226c917df.file.header.html.php 第 37 行.
NOTIC: [8] Trying to get property of non-object D:\wnmp\www\malasong\DataSource\Runtime\Temp\b98fc940e393e12c0163e8b483a2b21226c917df.file.header.html.php 第 37 行.
NOTIC: [8] Undefined index: index D:\wnmp\www\malasong\DataSource\Runtime\Temp\b98fc940e393e12c0163e8b483a2b21226c917df.file.header.html.php 第 47 行.
NOTIC: [8] Trying to get property of non-object D:\wnmp\www\malasong\DataSource\Runtime\Temp\b98fc940e393e12c0163e8b483a2b21226c917df.file.header.html.php 第 47 行.
NOTIC: [8] Undefined index: index D:\wnmp\www\malasong\DataSource\Runtime\Temp\b98fc940e393e12c0163e8b483a2b21226c917df.file.header.html.php 第 62 行.
NOTIC: [8] Trying to get property of non-object D:\wnmp\www\malasong\DataSource\Runtime\Temp\b98fc940e393e12c0163e8b483a2b21226c917df.file.header.html.php 第 62 行.
NOTIC: [8] Undefined index: ac D:\wnmp\www\malasong\DataSource\Runtime\Temp\884ebaffd5598087d17a5e8914df5d6ac9ec03b4.file.register.html.php 第 33 行.
NOTIC: [8] Trying to get property of non-object D:\wnmp\www\malasong\DataSource\Runtime\Temp\884ebaffd5598087d17a5e8914df5d6ac9ec03b4.file.register.html.php 第 33 行.
NOTIC: [8] Undefined index: ac D:\wnmp\www\malasong\DataSource\Runtime\Temp\884ebaffd5598087d17a5e8914df5d6ac9ec03b4.file.register.html.php 第 42 行.
NOTIC: [8] Trying to get property of non-object D:\wnmp\www\malasong\DataSource\Runtime\Temp\884ebaffd5598087d17a5e8914df5d6ac9ec03b4.file.register.html.php 第 42 行.
NOTIC: [8] Undefined index: error D:\wnmp\www\malasong\DataSource\Runtime\Temp\884ebaffd5598087d17a5e8914df5d6ac9ec03b4.file.register.html.php 第 96 行.
NOTIC: [8] Trying to get property of non-object D:\wnmp\www\malasong\DataSource\Runtime\Temp\884ebaffd5598087d17a5e8914df5d6ac9ec03b4.file.register.html.php 第 96 行.
INFO: Run ParseTemplate Behavior [ RunTime:0.086760s ]
INFO: [ view_parse ] --END-- [ RunTime:0.086822s ]
INFO: [ view_filter ] --START--
INFO: Run ContentReplace Behavior [ RunTime:0.000441s ]
INFO: Run TokenBuild Behavior [ RunTime:0.000249s ]
INFO: Run WriteHtmlCache Behavior [ RunTime:0.000166s ]
INFO: Run ShowRuntime Behavior [ RunTime:0.000303s ]
INFO: [ view_filter ] --END-- [ RunTime:0.001247s ]
INFO: [ view_end ] --START--
INFO: Run ShowPageTrace Behavior [ RunTime:0.000528s ]
INFO: [ view_end ] --END-- [ RunTime:0.000564s ]

[ 2015-12-04T11:43:37+08:00 ] /Account/verify
INFO: [ route_check ] --START--
INFO: Run CheckRoute Behavior [ RunTime:0.000892s ]
INFO: [ route_check ] --END-- [ RunTime:0.001003s ]
INFO: [ app_begin ] --START--
INFO: Run ReadHtmlCache Behavior [ RunTime:0.000606s ]
INFO: [ app_begin ] --END-- [ RunTime:0.000663s ]

[ 2015-12-04T11:43:51+08:00 ] /Account/forget
INFO: [ route_check ] --START--
INFO: Run CheckRoute Behavior [ RunTime:0.000459s ]
INFO: [ route_check ] --END-- [ RunTime:0.000509s ]
INFO: [ app_begin ] --START--
INFO: Run ReadHtmlCache Behavior [ RunTime:0.000302s ]
INFO: [ app_begin ] --END-- [ RunTime:0.000330s ]
NOTIC: [8] Undefined index: ac D:\wnmp\www\malasong\DataSource\Lib\Action\AccountAction.class.php 第 53 行.
NOTIC: [8] Undefined index: account D:\wnmp\www\malasong\DataSource\Lib\Action\AccountAction.class.php 第 54 行.
NOTIC: [8] Undefined index: token D:\wnmp\www\malasong\DataSource\Lib\Action\AccountAction.class.php 第 55 行.
NOTIC: [8] Undefined index: sign D:\wnmp\www\malasong\DataSource\Lib\Action\AccountAction.class.php 第 56 行.
INFO: [ view_template ] --START--
INFO: Run LocationTemplate Behavior [ RunTime:0.000473s ]
INFO: [ view_template ] --END-- [ RunTime:0.000540s ]
INFO: [ view_parse ] --START--
NOTIC: [8] Undefined index: tilte D:\wnmp\www\malasong\DataSource\Runtime\Temp\b98fc940e393e12c0163e8b483a2b21226c917df.file.header.html.php 第 33 行.
NOTIC: [8] Trying to get property of non-object D:\wnmp\www\malasong\DataSource\Runtime\Temp\b98fc940e393e12c0163e8b483a2b21226c917df.file.header.html.php 第 33 行.
NOTIC: [8] Undefined index: index D:\wnmp\www\malasong\DataSource\Runtime\Temp\b98fc940e393e12c0163e8b483a2b21226c917df.file.header.html.php 第 37 行.
NOTIC: [8] Trying to get property of non-object D:\wnmp\www\malasong\DataSource\Runtime\Temp\b98fc940e393e12c0163e8b483a2b21226c917df.file.header.html.php 第 37 行.
NOTIC: [8] Undefined index: index D:\wnmp\www\malasong\DataSource\Runtime\Temp\b98fc940e393e12c0163e8b483a2b21226c917df.file.header.html.php 第 47 行.
NOTIC: [8] Trying to get property of non-object D:\wnmp\www\malasong\DataSource\Runtime\Temp\b98fc940e393e12c0163e8b483a2b21226c917df.file.header.html.php 第 47 行.
NOTIC: [8] Undefined index: index D:\wnmp\www\malasong\DataSource\Runtime\Temp\b98fc940e393e12c0163e8b483a2b21226c917df.file.header.html.php 第 62 行.
NOTIC: [8] Trying to get property of non-object D:\wnmp\www\malasong\DataSource\Runtime\Temp\b98fc940e393e12c0163e8b483a2b21226c917df.file.header.html.php 第 62 行.
NOTIC: [8] Undefined index: reset D:\wnmp\www\malasong\DataSource\Runtime\Temp\25e8e48c270abab0339eaa70cb6919c27a135a1d.file.forget.html.php 第 33 行.
NOTIC: [8] Trying to get property of non-object D:\wnmp\www\malasong\DataSource\Runtime\Temp\25e8e48c270abab0339eaa70cb6919c27a135a1d.file.forget.html.php 第 33 行.
NOTIC: [8] Undefined index: reset D:\wnmp\www\malasong\DataSource\Runtime\Temp\25e8e48c270abab0339eaa70cb6919c27a135a1d.file.forget.html.php 第 40 行.
NOTIC: [8] Trying to get property of non-object D:\wnmp\www\malasong\DataSource\Runtime\Temp\25e8e48c270abab0339eaa70cb6919c27a135a1d.file.forget.html.php 第 40 行.
NOTIC: [8] Undefined index: error D:\wnmp\www\malasong\DataSource\Runtime\Temp\25e8e48c270abab0339eaa70cb6919c27a135a1d.file.forget.html.php 第 71 行.
NOTIC: [8] Trying to get property of non-object D:\wnmp\www\malasong\DataSource\Runtime\Temp\25e8e48c270abab0339eaa70cb6919c27a135a1d.file.forget.html.php 第 71 行.
INFO: Run ParseTemplate Behavior [ RunTime:0.055261s ]
INFO: [ view_parse ] --END-- [ RunTime:0.055332s ]
INFO: [ view_filter ] --START--
INFO: Run ContentReplace Behavior [ RunTime:0.000691s ]
INFO: Run TokenBuild Behavior [ RunTime:0.000586s ]
INFO: Run WriteHtmlCache Behavior [ RunTime:0.000395s ]
INFO: Run ShowRuntime Behavior [ RunTime:0.000661s ]
INFO: [ view_filter ] --END-- [ RunTime:0.002549s ]
INFO: [ view_end ] --START--
INFO: Run ShowPageTrace Behavior [ RunTime:0.001073s ]
INFO: [ view_end ] --END-- [ RunTime:0.001157s ]

[ 2015-12-04T11:43:52+08:00 ] /Account/verify
INFO: [ route_check ] --START--
INFO: Run CheckRoute Behavior [ RunTime:0.000478s ]
INFO: [ route_check ] --END-- [ RunTime:0.000532s ]
INFO: [ app_begin ] --START--
INFO: Run ReadHtmlCache Behavior [ RunTime:0.000333s ]
INFO: [ app_begin ] --END-- [ RunTime:0.000367s ]

[ 2015-12-04T11:44:16+08:00 ] /Account/doforget?pattern=email&account=375968317%40qq.com&code=8954
INFO: [ route_check ] --START--
INFO: Run CheckRoute Behavior [ RunTime:0.001411s ]
INFO: [ route_check ] --END-- [ RunTime:0.001755s ]
INFO: [ app_begin ] --START--
INFO: Run ReadHtmlCache Behavior [ RunTime:0.000520s ]
INFO: [ app_begin ] --END-- [ RunTime:0.000564s ]
NOTIC: [8] Undefined index: db_dsn D:\wnmp\www\malasong\lib\ThinkPHP\Lib\Core\Db.class.php 第 129 行.
NOTIC: [8] Undefined index: db_params D:\wnmp\www\malasong\lib\ThinkPHP\Lib\Core\Db.class.php 第 130 行.
SQL: SHOW COLUMNS FROM `mls_users` [ RunTime:0.063227s ]
SQL: SELECT * FROM `mls_users` WHERE ( email = '375968317@qq.com' )  [ RunTime:0.001688s ]
NOTIC: [8] Undefined variable: str D:\wnmp\www\malasong\DataSource\Lib\Model\AuthTokenModel.class.php 第 54 行.

[ 2015-12-04T11:44:16+08:00 ] /Account/forget?account=375968317@qq.com&sign=6e5679387130fd0aadb021c1e7772f45
INFO: [ route_check ] --START--
INFO: Run CheckRoute Behavior [ RunTime:0.000550s ]
INFO: [ route_check ] --END-- [ RunTime:0.000612s ]
INFO: [ app_begin ] --START--
INFO: Run ReadHtmlCache Behavior [ RunTime:0.000413s ]
INFO: [ app_begin ] --END-- [ RunTime:0.000475s ]
NOTIC: [8] Undefined index: ac D:\wnmp\www\malasong\DataSource\Lib\Action\AccountAction.class.php 第 53 行.
NOTIC: [8] Undefined index: token D:\wnmp\www\malasong\DataSource\Lib\Action\AccountAction.class.php 第 55 行.
INFO: [ view_template ] --START--
INFO: Run LocationTemplate Behavior [ RunTime:0.000885s ]
INFO: [ view_template ] --END-- [ RunTime:0.000941s ]
INFO: [ view_parse ] --START--
NOTIC: [8] Undefined index: tilte D:\wnmp\www\malasong\DataSource\Runtime\Temp\b98fc940e393e12c0163e8b483a2b21226c917df.file.header.html.php 第 33 行.
NOTIC: [8] Trying to get property of non-object D:\wnmp\www\malasong\DataSource\Runtime\Temp\b98fc940e393e12c0163e8b483a2b21226c917df.file.header.html.php 第 33 行.
NOTIC: [8] Undefined index: index D:\wnmp\www\malasong\DataSource\Runtime\Temp\b98fc940e393e12c0163e8b483a2b21226c917df.file.header.html.php 第 37 行.
NOTIC: [8] Trying to get property of non-object D:\wnmp\www\malasong\DataSource\Runtime\Temp\b98fc940e393e12c0163e8b483a2b21226c917df.file.header.html.php 第 37 行.
NOTIC: [8] Undefined index: index D:\wnmp\www\malasong\DataSource\Runtime\Temp\b98fc940e393e12c0163e8b483a2b21226c917df.file.header.html.php 第 47 行.
NOTIC: [8] Trying to get property of non-object D:\wnmp\www\malasong\DataSource\Runtime\Temp\b98fc940e393e12c0163e8b483a2b21226c917df.file.header.html.php 第 47 行.
NOTIC: [8] Undefined index: index D:\wnmp\www\malasong\DataSource\Runtime\Temp\b98fc940e393e12c0163e8b483a2b21226c917df.file.header.html.php 第 62 行.
NOTIC: [8] Trying to get property of non-object D:\wnmp\www\malasong\DataSource\Runtime\Temp\b98fc940e393e12c0163e8b483a2b21226c917df.file.header.html.php 第 62 行.
INFO: Run ParseTemplate Behavior [ RunTime:0.011584s ]
INFO: [ view_parse ] --END-- [ RunTime:0.011636s ]
INFO: [ view_filter ] --START--
INFO: Run ContentReplace Behavior [ RunTime:0.000304s ]
INFO: Run TokenBuild Behavior [ RunTime:0.000352s ]
INFO: Run WriteHtmlCache Behavior [ RunTime:0.000240s ]
INFO: Run ShowRuntime Behavior [ RunTime:0.000356s ]
INFO: [ view_filter ] --END-- [ RunTime:0.001389s ]
INFO: [ view_end ] --START--
INFO: Run ShowPageTrace Behavior [ RunTime:0.000457s ]
INFO: [ view_end ] --END-- [ RunTime:0.000498s ]

[ 2015-12-04T11:44:16+08:00 ] /Account/verify
INFO: [ route_check ] --START--
INFO: Run CheckRoute Behavior [ RunTime:0.001749s ]
INFO: [ route_check ] --END-- [ RunTime:0.001832s ]
INFO: [ app_begin ] --START--
INFO: Run ReadHtmlCache Behavior [ RunTime:0.000589s ]
INFO: [ app_begin ] --END-- [ RunTime:0.000643s ]

[ 2015-12-04T11:44:23+08:00 ] /Account/doforget?pattern=email&account=375968317%40qq.com&code=8954
INFO: [ route_check ] --START--
INFO: Run CheckRoute Behavior [ RunTime:0.000694s ]
INFO: [ route_check ] --END-- [ RunTime:0.000759s ]
INFO: [ app_begin ] --START--
INFO: Run ReadHtmlCache Behavior [ RunTime:0.000374s ]
INFO: [ app_begin ] --END-- [ RunTime:0.000411s ]

[ 2015-12-04T11:50:44+08:00 ] /Account/doforget?pattern=email&account=375968317%40qq.com&code=8954
INFO: [ route_check ] --START--
INFO: Run CheckRoute Behavior [ RunTime:0.000711s ]
INFO: [ route_check ] --END-- [ RunTime:0.000783s ]
INFO: [ app_begin ] --START--
INFO: Run ReadHtmlCache Behavior [ RunTime:0.000476s ]
INFO: [ app_begin ] --END-- [ RunTime:0.000523s ]

[ 2015-12-04T11:50:51+08:00 ] /Account/forget
INFO: [ route_check ] --START--
INFO: Run CheckRoute Behavior [ RunTime:0.000736s ]
INFO: [ route_check ] --END-- [ RunTime:0.000873s ]
INFO: [ app_begin ] --START--
INFO: Run ReadHtmlCache Behavior [ RunTime:0.001064s ]
INFO: [ app_begin ] --END-- [ RunTime:0.001130s ]
NOTIC: [8] Undefined index: ac D:\wnmp\www\malasong\DataSource\Lib\Action\AccountAction.class.php 第 53 行.
NOTIC: [8] Undefined index: account D:\wnmp\www\malasong\DataSource\Lib\Action\AccountAction.class.php 第 54 行.
NOTIC: [8] Undefined index: token D:\wnmp\www\malasong\DataSource\Lib\Action\AccountAction.class.php 第 55 行.
NOTIC: [8] Undefined index: sign D:\wnmp\www\malasong\DataSource\Lib\Action\AccountAction.class.php 第 56 行.
INFO: [ view_template ] --START--
INFO: Run LocationTemplate Behavior [ RunTime:0.000943s ]
INFO: [ view_template ] --END-- [ RunTime:0.001047s ]
INFO: [ view_parse ] --START--
NOTIC: [8] Undefined index: tilte D:\wnmp\www\malasong\DataSource\Runtime\Temp\b98fc940e393e12c0163e8b483a2b21226c917df.file.header.html.php 第 33 行.
NOTIC: [8] Trying to get property of non-object D:\wnmp\www\malasong\DataSource\Runtime\Temp\b98fc940e393e12c0163e8b483a2b21226c917df.file.header.html.php 第 33 行.
NOTIC: [8] Undefined index: index D:\wnmp\www\malasong\DataSource\Runtime\Temp\b98fc940e393e12c0163e8b483a2b21226c917df.file.header.html.php 第 37 行.
NOTIC: [8] Trying to get property of non-object D:\wnmp\www\malasong\DataSource\Runtime\Temp\b98fc940e393e12c0163e8b483a2b21226c917df.file.header.html.php 第 37 行.
NOTIC: [8] Undefined index: index D:\wnmp\www\malasong\DataSource\Runtime\Temp\b98fc940e393e12c0163e8b483a2b21226c917df.file.header.html.php 第 47 行.
NOTIC: [8] Trying to get property of non-object D:\wnmp\www\malasong\DataSource\Runtime\Temp\b98fc940e393e12c0163e8b483a2b21226c917df.file.header.html.php 第 47 行.
NOTIC: [8] Undefined index: index D:\wnmp\www\malasong\DataSource\Runtime\Temp\b98fc940e393e12c0163e8b483a2b21226c917df.file.header.html.php 第 62 行.
NOTIC: [8] Trying to get property of non-object D:\wnmp\www\malasong\DataSource\Runtime\Temp\b98fc940e393e12c0163e8b483a2b21226c917df.file.header.html.php 第 62 行.
NOTIC: [8] Undefined index: reset D:\wnmp\www\malasong\DataSource\Runtime\Temp\25e8e48c270abab0339eaa70cb6919c27a135a1d.file.forget.html.php 第 33 行.
NOTIC: [8] Trying to get property of non-object D:\wnmp\www\malasong\DataSource\Runtime\Temp\25e8e48c270abab0339eaa70cb6919c27a135a1d.file.forget.html.php 第 33 行.
NOTIC: [8] Undefined index: reset D:\wnmp\www\malasong\DataSource\Runtime\Temp\25e8e48c270abab0339eaa70cb6919c27a135a1d.file.forget.html.php 第 40 行.
NOTIC: [8] Trying to get property of non-object D:\wnmp\www\malasong\DataSource\Runtime\Temp\25e8e48c270abab0339eaa70cb6919c27a135a1d.file.forget.html.php 第 40 行.
NOTIC: [8] Undefined index: error D:\wnmp\www\malasong\DataSource\Runtime\Temp\25e8e48c270abab0339eaa70cb6919c27a135a1d.file.forget.html.php 第 71 行.
NOTIC: [8] Trying to get property of non-object D:\wnmp\www\malasong\DataSource\Runtime\Temp\25e8e48c270abab0339eaa70cb6919c27a135a1d.file.forget.html.php 第 71 行.
INFO: Run ParseTemplate Behavior [ RunTime:0.011678s ]
INFO: [ view_parse ] --END-- [ RunTime:0.011733s ]
INFO: [ view_filter ] --START--
INFO: Run ContentReplace Behavior [ RunTime:0.000434s ]
INFO: Run TokenBuild Behavior [ RunTime:0.000273s ]
INFO: Run WriteHtmlCache Behavior [ RunTime:0.000204s ]
INFO: Run ShowRuntime Behavior [ RunTime:0.000308s ]
INFO: [ view_filter ] --END-- [ RunTime:0.001314s ]
INFO: [ view_end ] --START--
INFO: Run ShowPageTrace Behavior [ RunTime:0.000592s ]
INFO: [ view_end ] --END-- [ RunTime:0.000690s ]

[ 2015-12-04T11:50:51+08:00 ] /Account/verify
INFO: [ route_check ] --START--
INFO: Run CheckRoute Behavior [ RunTime:0.000764s ]
INFO: [ route_check ] --END-- [ RunTime:0.000844s ]
INFO: [ app_begin ] --START--
INFO: Run ReadHtmlCache Behavior [ RunTime:0.000540s ]
INFO: [ app_begin ] --END-- [ RunTime:0.000615s ]

[ 2015-12-04T11:50:53+08:00 ] /Account/doforget?pattern=email&account=375968317%40qq.com&code=8954
INFO: [ route_check ] --START--
INFO: Run CheckRoute Behavior [ RunTime:0.000881s ]
INFO: [ route_check ] --END-- [ RunTime:0.000973s ]
INFO: [ app_begin ] --START--
INFO: Run ReadHtmlCache Behavior [ RunTime:0.000646s ]
INFO: [ app_begin ] --END-- [ RunTime:0.000706s ]

[ 2015-12-04T11:51:07+08:00 ] /Account/doforget?pattern=email&account=375968317%40qq.com&code=7702
INFO: [ route_check ] --START--
INFO: Run CheckRoute Behavior [ RunTime:0.000920s ]
INFO: [ route_check ] --END-- [ RunTime:0.001020s ]
INFO: [ app_begin ] --START--
INFO: Run ReadHtmlCache Behavior [ RunTime:0.000628s ]
INFO: [ app_begin ] --END-- [ RunTime:0.000684s ]
NOTIC: [8] Undefined index: db_dsn D:\wnmp\www\malasong\lib\ThinkPHP\Lib\Core\Db.class.php 第 129 行.
NOTIC: [8] Undefined index: db_params D:\wnmp\www\malasong\lib\ThinkPHP\Lib\Core\Db.class.php 第 130 行.
SQL: SHOW COLUMNS FROM `mls_users` [ RunTime:0.002026s ]
SQL: SELECT * FROM `mls_users` WHERE ( email = '375968317@qq.com' )  [ RunTime:0.000538s ]
NOTIC: [8] Undefined variable: str D:\wnmp\www\malasong\DataSource\Lib\Model\AuthTokenModel.class.php 第 54 行.

[ 2015-12-04T11:51:07+08:00 ] /Account/forget?account=375968317@qq.com&sign=6e5679387130fd0aadb021c1e7772f45
INFO: [ route_check ] --START--
INFO: Run CheckRoute Behavior [ RunTime:0.001016s ]
INFO: [ route_check ] --END-- [ RunTime:0.001133s ]
INFO: [ app_begin ] --START--
INFO: Run ReadHtmlCache Behavior [ RunTime:0.000634s ]
INFO: [ app_begin ] --END-- [ RunTime:0.000717s ]
NOTIC: [8] Undefined index: ac D:\wnmp\www\malasong\DataSource\Lib\Action\AccountAction.class.php 第 53 行.
NOTIC: [8] Undefined index: token D:\wnmp\www\malasong\DataSource\Lib\Action\AccountAction.class.php 第 55 行.
INFO: [ view_template ] --START--
INFO: Run LocationTemplate Behavior [ RunTime:0.000362s ]
INFO: [ view_template ] --END-- [ RunTime:0.000419s ]
INFO: [ view_parse ] --START--
NOTIC: [8] Undefined index: tilte D:\wnmp\www\malasong\DataSource\Runtime\Temp\b98fc940e393e12c0163e8b483a2b21226c917df.file.header.html.php 第 33 行.
NOTIC: [8] Trying to get property of non-object D:\wnmp\www\malasong\DataSource\Runtime\Temp\b98fc940e393e12c0163e8b483a2b21226c917df.file.header.html.php 第 33 行.
NOTIC: [8] Undefined index: index D:\wnmp\www\malasong\DataSource\Runtime\Temp\b98fc940e393e12c0163e8b483a2b21226c917df.file.header.html.php 第 37 行.
NOTIC: [8] Trying to get property of non-object D:\wnmp\www\malasong\DataSource\Runtime\Temp\b98fc940e393e12c0163e8b483a2b21226c917df.file.header.html.php 第 37 行.
NOTIC: [8] Undefined index: index D:\wnmp\www\malasong\DataSource\Runtime\Temp\b98fc940e393e12c0163e8b483a2b21226c917df.file.header.html.php 第 47 行.
NOTIC: [8] Trying to get property of non-object D:\wnmp\www\malasong\DataSource\Runtime\Temp\b98fc940e393e12c0163e8b483a2b21226c917df.file.header.html.php 第 47 行.
NOTIC: [8] Undefined index: index D:\wnmp\www\malasong\DataSource\Runtime\Temp\b98fc940e393e12c0163e8b483a2b21226c917df.file.header.html.php 第 62 行.
NOTIC: [8] Trying to get property of non-object D:\wnmp\www\malasong\DataSource\Runtime\Temp\b98fc940e393e12c0163e8b483a2b21226c917df.file.header.html.php 第 62 行.
INFO: Run ParseTemplate Behavior [ RunTime:0.009895s ]
INFO: [ view_parse ] --END-- [ RunTime:0.009941s ]
INFO: [ view_filter ] --START--
INFO: Run ContentReplace Behavior [ RunTime:0.000308s ]
INFO: Run TokenBuild Behavior [ RunTime:0.000273s ]
INFO: Run WriteHtmlCache Behavior [ RunTime:0.000534s ]
INFO: Run ShowRuntime Behavior [ RunTime:0.000543s ]
INFO: [ view_filter ] --END-- [ RunTime:0.001809s ]
INFO: [ view_end ] --START--
INFO: Run ShowPageTrace Behavior [ RunTime:0.000477s ]
INFO: [ view_end ] --END-- [ RunTime:0.000519s ]

[ 2015-12-04T11:51:07+08:00 ] /Account/verify
INFO: [ route_check ] --START--
INFO: Run CheckRoute Behavior [ RunTime:0.000626s ]
INFO: [ route_check ] --END-- [ RunTime:0.000684s ]
INFO: [ app_begin ] --START--
INFO: Run ReadHtmlCache Behavior [ RunTime:0.000443s ]
INFO: [ app_begin ] --END-- [ RunTime:0.000487s ]

[ 2015-12-04T16:52:49+08:00 ] /Account/forget?account=375968317@qq.com&sign=6e5679387130fd0aadb021c1e7772f45
INFO: [ route_check ] --START--
INFO: Run CheckRoute Behavior [ RunTime:0.033069s ]
INFO: [ route_check ] --END-- [ RunTime:0.290000s ]
INFO: [ app_begin ] --START--
INFO: Run ReadHtmlCache Behavior [ RunTime:0.071883s ]
INFO: [ app_begin ] --END-- [ RunTime:0.071946s ]
NOTIC: [8] Undefined index: ac D:\wnmp\www\malasong\DataSource\Lib\Action\AccountAction.class.php 第 53 行.
NOTIC: [8] Undefined index: token D:\wnmp\www\malasong\DataSource\Lib\Action\AccountAction.class.php 第 55 行.
INFO: [ view_template ] --START--
INFO: Run LocationTemplate Behavior [ RunTime:0.018283s ]
INFO: [ view_template ] --END-- [ RunTime:0.018403s ]
INFO: [ view_parse ] --START--
NOTIC: [8] Undefined index: tilte D:\wnmp\www\malasong\DataSource\Runtime\Temp\b98fc940e393e12c0163e8b483a2b21226c917df.file.header.html.php 第 33 行.
NOTIC: [8] Trying to get property of non-object D:\wnmp\www\malasong\DataSource\Runtime\Temp\b98fc940e393e12c0163e8b483a2b21226c917df.file.header.html.php 第 33 行.
NOTIC: [8] Undefined index: index D:\wnmp\www\malasong\DataSource\Runtime\Temp\b98fc940e393e12c0163e8b483a2b21226c917df.file.header.html.php 第 37 行.
NOTIC: [8] Trying to get property of non-object D:\wnmp\www\malasong\DataSource\Runtime\Temp\b98fc940e393e12c0163e8b483a2b21226c917df.file.header.html.php 第 37 行.
NOTIC: [8] Undefined index: index D:\wnmp\www\malasong\DataSource\Runtime\Temp\b98fc940e393e12c0163e8b483a2b21226c917df.file.header.html.php 第 47 行.
NOTIC: [8] Trying to get property of non-object D:\wnmp\www\malasong\DataSource\Runtime\Temp\b98fc940e393e12c0163e8b483a2b21226c917df.file.header.html.php 第 47 行.
NOTIC: [8] Undefined index: index D:\wnmp\www\malasong\DataSource\Runtime\Temp\b98fc940e393e12c0163e8b483a2b21226c917df.file.header.html.php 第 62 行.
NOTIC: [8] Trying to get property of non-object D:\wnmp\www\malasong\DataSource\Runtime\Temp\b98fc940e393e12c0163e8b483a2b21226c917df.file.header.html.php 第 62 行.
INFO: Run ParseTemplate Behavior [ RunTime:1.183476s ]
INFO: [ view_parse ] --END-- [ RunTime:1.183541s ]
INFO: [ view_filter ] --START--
INFO: Run ContentReplace Behavior [ RunTime:0.038359s ]
INFO: Run TokenBuild Behavior [ RunTime:0.052290s ]
INFO: Run WriteHtmlCache Behavior [ RunTime:0.087715s ]
INFO: Run ShowRuntime Behavior [ RunTime:0.046049s ]
INFO: [ view_filter ] --END-- [ RunTime:0.224756s ]
INFO: [ view_end ] --START--
INFO: Run ShowPageTrace Behavior [ RunTime:0.023470s ]
INFO: [ view_end ] --END-- [ RunTime:0.023567s ]

[ 2015-12-04T16:52:50+08:00 ] /Account/verify
INFO: [ route_check ] --START--
INFO: Run CheckRoute Behavior [ RunTime:0.000694s ]
INFO: [ route_check ] --END-- [ RunTime:0.000750s ]
INFO: [ app_begin ] --START--
INFO: Run ReadHtmlCache Behavior [ RunTime:0.000344s ]
INFO: [ app_begin ] --END-- [ RunTime:0.000389s ]

