[ 2015-11-13T10:42:43+08:00 ] /Crontab/sendData
INFO: [ route_check ] --START--
INFO: Run CheckRoute Behavior [ RunTime:0.000629s ]
INFO: [ route_check ] --END-- [ RunTime:0.000708s ]
INFO: [ app_begin ] --START--
INFO: Run ReadHtmlCache Behavior [ RunTime:0.000422s ]
INFO: [ app_begin ] --END-- [ RunTime:0.000462s ]
NOTIC: [8] Use of undefined constant MODE_NAME - assumed 'MODE_NAME' D:\wnmp\www\malasong\DataSource\Lib\Action\CrontabAction.class.php 第 9 行.
NOTIC: [8] Undefined index: type D:\wnmp\www\malasong\DataSource\Lib\Action\CrontabAction.class.php 第 68 行.
NOTIC: [8] Undefined index: db_dsn D:\wnmp\www\malasong\lib\ThinkPHP\Lib\Core\Db.class.php 第 129 行.
NOTIC: [8] Undefined index: db_params D:\wnmp\www\malasong\lib\ThinkPHP\Lib\Core\Db.class.php 第 130 行.
SQL: SHOW COLUMNS FROM `mls_userorders` [ RunTime:0.059232s ]
SQL: select b.goodscls as jdname,g1.goodscls,count(*) as c from
(
SELECT a.orderid,a.orderprice,a.goodsid,a.`count`,a.stime,a.etime,g.goodscls,g.goodspid FROM
(SELECT i.orderid,o.orderprice,i.goodsid,i.stime,i.etime,i.`count` from `mls_orderinfo` i left join `mls_userorders` o on o.`orderid`=i.`orderid` where o.paystats=1)
as a left join mls_goods g on g.id = a.goodsid WHERE g.goodspid = 1 #g.goodspid = 1 #WHERE g.goodspid <> 1
) as b
left join mls_goods g1 on b.goodspid=g1.id GROUP BY jdname,g1.goodscls [ RunTime:0.098226s ]
SQL: select b.goodscls as jdname,g1.goodscls,count(*) as c from
(
SELECT a.orderid,a.orderprice,a.goodsid,a.`count`,a.stime,a.etime,g.goodscls,g.goodspid FROM
(SELECT i.orderid,o.orderprice,i.goodsid,i.stime,i.etime,i.`count` from `mls_orderinfo` i left join `mls_userorders` o on o.`orderid`=i.`orderid` where o.paystats=1)
as a left join mls_goods g on g.id = a.goodsid WHERE g.goodspid <> 1 #g.goodspid = 1 #WHERE g.goodspid <> 1
) as b
left join mls_goods g1 on b.goodspid=g1.id GROUP BY jdname,g1.goodscls [ RunTime:0.001510s ]

[ 2015-11-13T10:42:50+08:00 ] /Crontab/sendData
INFO: [ route_check ] --START--
INFO: Run CheckRoute Behavior [ RunTime:0.000577s ]
INFO: [ route_check ] --END-- [ RunTime:0.000628s ]
INFO: [ app_begin ] --START--
INFO: Run ReadHtmlCache Behavior [ RunTime:0.000370s ]
INFO: [ app_begin ] --END-- [ RunTime:0.000404s ]
NOTIC: [8] Use of undefined constant MODE_NAME - assumed 'MODE_NAME' D:\wnmp\www\malasong\DataSource\Lib\Action\CrontabAction.class.php 第 9 行.
NOTIC: [8] Undefined index: type D:\wnmp\www\malasong\DataSource\Lib\Action\CrontabAction.class.php 第 68 行.
NOTIC: [8] Undefined index: db_dsn D:\wnmp\www\malasong\lib\ThinkPHP\Lib\Core\Db.class.php 第 129 行.
NOTIC: [8] Undefined index: db_params D:\wnmp\www\malasong\lib\ThinkPHP\Lib\Core\Db.class.php 第 130 行.
SQL: SHOW COLUMNS FROM `mls_userorders` [ RunTime:0.004106s ]
SQL: select b.goodscls as jdname,g1.goodscls,count(*) as c from
(
SELECT a.orderid,a.orderprice,a.goodsid,a.`count`,a.stime,a.etime,g.goodscls,g.goodspid FROM
(SELECT i.orderid,o.orderprice,i.goodsid,i.stime,i.etime,i.`count` from `mls_orderinfo` i left join `mls_userorders` o on o.`orderid`=i.`orderid` where o.paystats=1)
as a left join mls_goods g on g.id = a.goodsid WHERE g.goodspid = 1 #g.goodspid = 1 #WHERE g.goodspid <> 1
) as b
left join mls_goods g1 on b.goodspid=g1.id GROUP BY jdname,g1.goodscls [ RunTime:0.002197s ]
SQL: select b.goodscls as jdname,g1.goodscls,count(*) as c from
(
SELECT a.orderid,a.orderprice,a.goodsid,a.`count`,a.stime,a.etime,g.goodscls,g.goodspid FROM
(SELECT i.orderid,o.orderprice,i.goodsid,i.stime,i.etime,i.`count` from `mls_orderinfo` i left join `mls_userorders` o on o.`orderid`=i.`orderid` where o.paystats=1)
as a left join mls_goods g on g.id = a.goodsid WHERE g.goodspid <> 1 #g.goodspid = 1 #WHERE g.goodspid <> 1
) as b
left join mls_goods g1 on b.goodspid=g1.id GROUP BY jdname,g1.goodscls [ RunTime:0.001248s ]

[ 2015-11-13T10:42:59+08:00 ] /Crontab/sendData
INFO: [ route_check ] --START--
INFO: Run CheckRoute Behavior [ RunTime:0.000433s ]
INFO: [ route_check ] --END-- [ RunTime:0.000481s ]
INFO: [ app_begin ] --START--
INFO: Run ReadHtmlCache Behavior [ RunTime:0.000291s ]
INFO: [ app_begin ] --END-- [ RunTime:0.000321s ]
NOTIC: [8] Use of undefined constant MODE_NAME - assumed 'MODE_NAME' D:\wnmp\www\malasong\DataSource\Lib\Action\CrontabAction.class.php 第 9 行.
NOTIC: [8] Undefined index: type D:\wnmp\www\malasong\DataSource\Lib\Action\CrontabAction.class.php 第 68 行.
NOTIC: [8] Undefined index: db_dsn D:\wnmp\www\malasong\lib\ThinkPHP\Lib\Core\Db.class.php 第 129 行.
NOTIC: [8] Undefined index: db_params D:\wnmp\www\malasong\lib\ThinkPHP\Lib\Core\Db.class.php 第 130 行.
SQL: SHOW COLUMNS FROM `mls_userorders` [ RunTime:0.005953s ]
SQL: select b.goodscls as jdname,g1.goodscls,count(*) as c from
(
SELECT a.orderid,a.orderprice,a.goodsid,a.`count`,a.stime,a.etime,g.goodscls,g.goodspid FROM
(SELECT i.orderid,o.orderprice,i.goodsid,i.stime,i.etime,i.`count` from `mls_orderinfo` i left join `mls_userorders` o on o.`orderid`=i.`orderid` where o.paystats=1)
as a left join mls_goods g on g.id = a.goodsid WHERE g.goodspid = 1 #g.goodspid = 1 #WHERE g.goodspid <> 1
) as b
left join mls_goods g1 on b.goodspid=g1.id GROUP BY jdname,g1.goodscls [ RunTime:0.000967s ]
SQL: select b.goodscls as jdname,g1.goodscls,count(*) as c from
(
SELECT a.orderid,a.orderprice,a.goodsid,a.`count`,a.stime,a.etime,g.goodscls,g.goodspid FROM
(SELECT i.orderid,o.orderprice,i.goodsid,i.stime,i.etime,i.`count` from `mls_orderinfo` i left join `mls_userorders` o on o.`orderid`=i.`orderid` where o.paystats=1)
as a left join mls_goods g on g.id = a.goodsid WHERE g.goodspid <> 1 #g.goodspid = 1 #WHERE g.goodspid <> 1
) as b
left join mls_goods g1 on b.goodspid=g1.id GROUP BY jdname,g1.goodscls [ RunTime:0.000758s ]

[ 2015-11-13T10:43:31+08:00 ] /Crontab/sendData
INFO: [ route_check ] --START--
INFO: Run CheckRoute Behavior [ RunTime:0.000557s ]
INFO: [ route_check ] --END-- [ RunTime:0.000618s ]
INFO: [ app_begin ] --START--
INFO: Run ReadHtmlCache Behavior [ RunTime:0.000446s ]
INFO: [ app_begin ] --END-- [ RunTime:0.000491s ]
NOTIC: [8] Use of undefined constant MODE_NAME - assumed 'MODE_NAME' D:\wnmp\www\malasong\DataSource\Lib\Action\CrontabAction.class.php 第 9 行.
NOTIC: [8] Undefined index: type D:\wnmp\www\malasong\DataSource\Lib\Action\CrontabAction.class.php 第 68 行.
NOTIC: [8] Undefined index: db_dsn D:\wnmp\www\malasong\lib\ThinkPHP\Lib\Core\Db.class.php 第 129 行.
NOTIC: [8] Undefined index: db_params D:\wnmp\www\malasong\lib\ThinkPHP\Lib\Core\Db.class.php 第 130 行.
SQL: SHOW COLUMNS FROM `mls_userorders` [ RunTime:0.004618s ]

[ 2015-11-13T10:48:52+08:00 ] /Crontab/sendData
INFO: [ route_check ] --START--
INFO: Run CheckRoute Behavior [ RunTime:0.000528s ]
INFO: [ route_check ] --END-- [ RunTime:0.000577s ]
INFO: [ app_begin ] --START--
INFO: Run ReadHtmlCache Behavior [ RunTime:0.000324s ]
INFO: [ app_begin ] --END-- [ RunTime:0.000355s ]
NOTIC: [8] Use of undefined constant MODE_NAME - assumed 'MODE_NAME' D:\wnmp\www\malasong\DataSource\Lib\Action\CrontabAction.class.php 第 9 行.
NOTIC: [8] Undefined index: type D:\wnmp\www\malasong\DataSource\Lib\Action\CrontabAction.class.php 第 68 行.
NOTIC: [8] Undefined index: db_dsn D:\wnmp\www\malasong\lib\ThinkPHP\Lib\Core\Db.class.php 第 129 行.
NOTIC: [8] Undefined index: db_params D:\wnmp\www\malasong\lib\ThinkPHP\Lib\Core\Db.class.php 第 130 行.
SQL: SHOW COLUMNS FROM `mls_userorders` [ RunTime:0.001918s ]
SQL: select b.goodscls as jdname,g1.goodscls,count(*) as c from
(
SELECT a.orderid,a.orderprice,a.goodsid,a.`count`,a.stime,a.etime,g.goodscls,g.goodspid FROM
(SELECT i.orderid,o.orderprice,i.goodsid,i.stime,i.etime,i.`count` from `mls_orderinfo` i left join `mls_userorders` o on o.`orderid`=i.`orderid` where o.paystats=1)
as a left join mls_goods g on g.id = a.goodsid WHERE g.goodspid = 1 #g.goodspid = 1 #WHERE g.goodspid <> 1
) as b
left join mls_goods g1 on b.goodspid=g1.id GROUP BY jdname,g1.goodscls [ RunTime:0.000986s ]

[ 2015-11-13T10:49:05+08:00 ] /Crontab/sendData
INFO: [ route_check ] --START--
INFO: Run CheckRoute Behavior [ RunTime:0.001308s ]
INFO: [ route_check ] --END-- [ RunTime:0.001448s ]
INFO: [ app_begin ] --START--
INFO: Run ReadHtmlCache Behavior [ RunTime:0.000876s ]
INFO: [ app_begin ] --END-- [ RunTime:0.000964s ]
NOTIC: [8] Use of undefined constant MODE_NAME - assumed 'MODE_NAME' D:\wnmp\www\malasong\DataSource\Lib\Action\CrontabAction.class.php 第 9 行.
NOTIC: [8] Undefined index: type D:\wnmp\www\malasong\DataSource\Lib\Action\CrontabAction.class.php 第 68 行.
NOTIC: [8] Undefined index: db_dsn D:\wnmp\www\malasong\lib\ThinkPHP\Lib\Core\Db.class.php 第 129 行.
NOTIC: [8] Undefined index: db_params D:\wnmp\www\malasong\lib\ThinkPHP\Lib\Core\Db.class.php 第 130 行.
SQL: SHOW COLUMNS FROM `mls_userorders` [ RunTime:0.003067s ]
SQL: select b.goodscls as jdname,g1.goodscls,count(*) as c from
(
SELECT a.orderid,a.orderprice,a.goodsid,a.`count`,a.stime,a.etime,g.goodscls,g.goodspid FROM
(SELECT i.orderid,o.orderprice,i.goodsid,i.stime,i.etime,i.`count` from `mls_orderinfo` i left join `mls_userorders` o on o.`orderid`=i.`orderid` where o.paystats=1)
as a left join mls_goods g on g.id = a.goodsid WHERE g.goodspid = 1 #g.goodspid = 1 #WHERE g.goodspid <> 1
) as b
left join mls_goods g1 on b.goodspid=g1.id GROUP BY jdname,g1.goodscls [ RunTime:0.001757s ]

[ 2015-11-13T10:49:36+08:00 ] /Crontab/sendData
INFO: [ route_check ] --START--
INFO: Run CheckRoute Behavior [ RunTime:0.000858s ]
INFO: [ route_check ] --END-- [ RunTime:0.000966s ]
INFO: [ app_begin ] --START--
INFO: Run ReadHtmlCache Behavior [ RunTime:0.000583s ]
INFO: [ app_begin ] --END-- [ RunTime:0.000667s ]
NOTIC: [8] Use of undefined constant MODE_NAME - assumed 'MODE_NAME' D:\wnmp\www\malasong\DataSource\Lib\Action\CrontabAction.class.php 第 9 行.
NOTIC: [8] Undefined index: type D:\wnmp\www\malasong\DataSource\Lib\Action\CrontabAction.class.php 第 68 行.
NOTIC: [8] Undefined index: db_dsn D:\wnmp\www\malasong\lib\ThinkPHP\Lib\Core\Db.class.php 第 129 行.
NOTIC: [8] Undefined index: db_params D:\wnmp\www\malasong\lib\ThinkPHP\Lib\Core\Db.class.php 第 130 行.
SQL: SHOW COLUMNS FROM `mls_userorders` [ RunTime:0.004136s ]
SQL: select b.goodscls as jdname,g1.goodscls,count(*) as c from
(
SELECT a.orderid,a.orderprice,a.goodsid,a.`count`,a.stime,a.etime,g.goodscls,g.goodspid FROM
(SELECT i.orderid,o.orderprice,i.goodsid,i.stime,i.etime,i.`count` from `mls_orderinfo` i left join `mls_userorders` o on o.`orderid`=i.`orderid` where o.paystats=1)
as a left join mls_goods g on g.id = a.goodsid WHERE g.goodspid = 1 #g.goodspid = 1 #WHERE g.goodspid <> 1
) as b
left join mls_goods g1 on b.goodspid=g1.id GROUP BY jdname,g1.goodscls [ RunTime:0.002109s ]
SQL: select b.goodscls as jdname,g1.goodscls,count(*) as c from
(
SELECT a.orderid,a.orderprice,a.goodsid,a.`count`,a.stime,a.etime,g.goodscls,g.goodspid FROM
(SELECT i.orderid,o.orderprice,i.goodsid,i.stime,i.etime,i.`count` from `mls_orderinfo` i left join `mls_userorders` o on o.`orderid`=i.`orderid` where o.paystats=1)
as a left join mls_goods g on g.id = a.goodsid WHERE g.goodspid <> 1 #g.goodspid = 1 #WHERE g.goodspid <> 1
) as b
left join mls_goods g1 on b.goodspid=g1.id GROUP BY jdname,g1.goodscls [ RunTime:0.001277s ]

[ 2015-11-13T10:50:47+08:00 ] /Crontab/sendData
INFO: [ route_check ] --START--
INFO: Run CheckRoute Behavior [ RunTime:0.000941s ]
INFO: [ route_check ] --END-- [ RunTime:0.001043s ]
INFO: [ app_begin ] --START--
INFO: Run ReadHtmlCache Behavior [ RunTime:0.000648s ]
INFO: [ app_begin ] --END-- [ RunTime:0.000710s ]
NOTIC: [8] Use of undefined constant MODE_NAME - assumed 'MODE_NAME' D:\wnmp\www\malasong\DataSource\Lib\Action\CrontabAction.class.php 第 9 行.
NOTIC: [8] Undefined index: type D:\wnmp\www\malasong\DataSource\Lib\Action\CrontabAction.class.php 第 68 行.
NOTIC: [8] Undefined index: db_dsn D:\wnmp\www\malasong\lib\ThinkPHP\Lib\Core\Db.class.php 第 129 行.
NOTIC: [8] Undefined index: db_params D:\wnmp\www\malasong\lib\ThinkPHP\Lib\Core\Db.class.php 第 130 行.
SQL: SHOW COLUMNS FROM `mls_userorders` [ RunTime:0.004221s ]
SQL: select b.goodscls as jdname,g1.goodscls,count(*) as c from
(
SELECT a.orderid,a.orderprice,a.goodsid,a.`count`,a.stime,a.etime,g.goodscls,g.goodspid FROM
(SELECT i.orderid,o.orderprice,i.goodsid,i.stime,i.etime,i.`count` from `mls_orderinfo` i left join `mls_userorders` o on o.`orderid`=i.`orderid` where o.paystats=1)
as a left join mls_goods g on g.id = a.goodsid WHERE (g.goodspid = 1 or g.goodspid = 15) #g.goodspid = 1 #WHERE g.goodspid <> 1
) as b
left join mls_goods g1 on b.goodspid=g1.id GROUP BY jdname,g1.goodscls [ RunTime:0.002248s ]
SQL: select b.goodscls as jdname,g1.goodscls,count(*) as c from
(
SELECT a.orderid,a.orderprice,a.goodsid,a.`count`,a.stime,a.etime,g.goodscls,g.goodspid FROM
(SELECT i.orderid,o.orderprice,i.goodsid,i.stime,i.etime,i.`count` from `mls_orderinfo` i left join `mls_userorders` o on o.`orderid`=i.`orderid` where o.paystats=1)
as a left join mls_goods g on g.id = a.goodsid WHERE g.goodspid <> 1 #g.goodspid = 1 #WHERE g.goodspid <> 1
) as b
left join mls_goods g1 on b.goodspid=g1.id GROUP BY jdname,g1.goodscls [ RunTime:0.001790s ]

[ 2015-11-13T10:50:51+08:00 ] /Crontab/sendData
INFO: [ route_check ] --START--
INFO: Run CheckRoute Behavior [ RunTime:0.001016s ]
INFO: [ route_check ] --END-- [ RunTime:0.001118s ]
INFO: [ app_begin ] --START--
INFO: Run ReadHtmlCache Behavior [ RunTime:0.000692s ]
INFO: [ app_begin ] --END-- [ RunTime:0.000760s ]
NOTIC: [8] Use of undefined constant MODE_NAME - assumed 'MODE_NAME' D:\wnmp\www\malasong\DataSource\Lib\Action\CrontabAction.class.php 第 9 行.
NOTIC: [8] Undefined index: type D:\wnmp\www\malasong\DataSource\Lib\Action\CrontabAction.class.php 第 68 行.
NOTIC: [8] Undefined index: db_dsn D:\wnmp\www\malasong\lib\ThinkPHP\Lib\Core\Db.class.php 第 129 行.
NOTIC: [8] Undefined index: db_params D:\wnmp\www\malasong\lib\ThinkPHP\Lib\Core\Db.class.php 第 130 行.
SQL: SHOW COLUMNS FROM `mls_userorders` [ RunTime:0.005510s ]
SQL: select b.goodscls as jdname,g1.goodscls,count(*) as c from
(
SELECT a.orderid,a.orderprice,a.goodsid,a.`count`,a.stime,a.etime,g.goodscls,g.goodspid FROM
(SELECT i.orderid,o.orderprice,i.goodsid,i.stime,i.etime,i.`count` from `mls_orderinfo` i left join `mls_userorders` o on o.`orderid`=i.`orderid` where o.paystats=1)
as a left join mls_goods g on g.id = a.goodsid WHERE (g.goodspid = 1 or g.goodspid = 15) #g.goodspid = 1 #WHERE g.goodspid <> 1
) as b
left join mls_goods g1 on b.goodspid=g1.id GROUP BY jdname,g1.goodscls [ RunTime:0.001959s ]
SQL: select b.goodscls as jdname,g1.goodscls,count(*) as c from
(
SELECT a.orderid,a.orderprice,a.goodsid,a.`count`,a.stime,a.etime,g.goodscls,g.goodspid FROM
(SELECT i.orderid,o.orderprice,i.goodsid,i.stime,i.etime,i.`count` from `mls_orderinfo` i left join `mls_userorders` o on o.`orderid`=i.`orderid` where o.paystats=1)
as a left join mls_goods g on g.id = a.goodsid WHERE g.goodspid <> 1 #g.goodspid = 1 #WHERE g.goodspid <> 1
) as b
left join mls_goods g1 on b.goodspid=g1.id GROUP BY jdname,g1.goodscls [ RunTime:0.001510s ]

[ 2015-11-13T10:51:02+08:00 ] /Crontab/sendData
INFO: [ route_check ] --START--
INFO: Run CheckRoute Behavior [ RunTime:0.000636s ]
INFO: [ route_check ] --END-- [ RunTime:0.000690s ]
INFO: [ app_begin ] --START--
INFO: Run ReadHtmlCache Behavior [ RunTime:0.000341s ]
INFO: [ app_begin ] --END-- [ RunTime:0.000383s ]
NOTIC: [8] Use of undefined constant MODE_NAME - assumed 'MODE_NAME' D:\wnmp\www\malasong\DataSource\Lib\Action\CrontabAction.class.php 第 9 行.
NOTIC: [8] Undefined index: type D:\wnmp\www\malasong\DataSource\Lib\Action\CrontabAction.class.php 第 68 行.
NOTIC: [8] Undefined index: db_dsn D:\wnmp\www\malasong\lib\ThinkPHP\Lib\Core\Db.class.php 第 129 行.
NOTIC: [8] Undefined index: db_params D:\wnmp\www\malasong\lib\ThinkPHP\Lib\Core\Db.class.php 第 130 行.
SQL: SHOW COLUMNS FROM `mls_userorders` [ RunTime:0.002819s ]
SQL: select b.goodscls as jdname,g1.goodscls,count(*) as c from
(
SELECT a.orderid,a.orderprice,a.goodsid,a.`count`,a.stime,a.etime,g.goodscls,g.goodspid FROM
(SELECT i.orderid,o.orderprice,i.goodsid,i.stime,i.etime,i.`count` from `mls_orderinfo` i left join `mls_userorders` o on o.`orderid`=i.`orderid` where o.paystats=1)
as a left join mls_goods g on g.id = a.goodsid WHERE ( g.goodspid = 1 or g.goodspid = 15 ) #g.goodspid = 1 #WHERE g.goodspid <> 1
) as b
left join mls_goods g1 on b.goodspid=g1.id GROUP BY jdname,g1.goodscls [ RunTime:0.001389s ]
SQL: select b.goodscls as jdname,g1.goodscls,count(*) as c from
(
SELECT a.orderid,a.orderprice,a.goodsid,a.`count`,a.stime,a.etime,g.goodscls,g.goodspid FROM
(SELECT i.orderid,o.orderprice,i.goodsid,i.stime,i.etime,i.`count` from `mls_orderinfo` i left join `mls_userorders` o on o.`orderid`=i.`orderid` where o.paystats=1)
as a left join mls_goods g on g.id = a.goodsid WHERE g.goodspid <> 1 #g.goodspid = 1 #WHERE g.goodspid <> 1
) as b
left join mls_goods g1 on b.goodspid=g1.id GROUP BY jdname,g1.goodscls [ RunTime:0.000803s ]

[ 2015-11-13T10:51:04+08:00 ] /Crontab/sendData
INFO: [ route_check ] --START--
INFO: Run CheckRoute Behavior [ RunTime:0.000600s ]
INFO: [ route_check ] --END-- [ RunTime:0.000662s ]
INFO: [ app_begin ] --START--
INFO: Run ReadHtmlCache Behavior [ RunTime:0.000408s ]
INFO: [ app_begin ] --END-- [ RunTime:0.000449s ]
NOTIC: [8] Use of undefined constant MODE_NAME - assumed 'MODE_NAME' D:\wnmp\www\malasong\DataSource\Lib\Action\CrontabAction.class.php 第 9 行.
NOTIC: [8] Undefined index: type D:\wnmp\www\malasong\DataSource\Lib\Action\CrontabAction.class.php 第 68 行.
NOTIC: [8] Undefined index: db_dsn D:\wnmp\www\malasong\lib\ThinkPHP\Lib\Core\Db.class.php 第 129 行.
NOTIC: [8] Undefined index: db_params D:\wnmp\www\malasong\lib\ThinkPHP\Lib\Core\Db.class.php 第 130 行.
SQL: SHOW COLUMNS FROM `mls_userorders` [ RunTime:0.002036s ]
SQL: select b.goodscls as jdname,g1.goodscls,count(*) as c from
(
SELECT a.orderid,a.orderprice,a.goodsid,a.`count`,a.stime,a.etime,g.goodscls,g.goodspid FROM
(SELECT i.orderid,o.orderprice,i.goodsid,i.stime,i.etime,i.`count` from `mls_orderinfo` i left join `mls_userorders` o on o.`orderid`=i.`orderid` where o.paystats=1)
as a left join mls_goods g on g.id = a.goodsid WHERE ( g.goodspid = 1 or g.goodspid = 15 ) #g.goodspid = 1 #WHERE g.goodspid <> 1
) as b
left join mls_goods g1 on b.goodspid=g1.id GROUP BY jdname,g1.goodscls [ RunTime:0.001080s ]
SQL: select b.goodscls as jdname,g1.goodscls,count(*) as c from
(
SELECT a.orderid,a.orderprice,a.goodsid,a.`count`,a.stime,a.etime,g.goodscls,g.goodspid FROM
(SELECT i.orderid,o.orderprice,i.goodsid,i.stime,i.etime,i.`count` from `mls_orderinfo` i left join `mls_userorders` o on o.`orderid`=i.`orderid` where o.paystats=1)
as a left join mls_goods g on g.id = a.goodsid WHERE g.goodspid <> 1 #g.goodspid = 1 #WHERE g.goodspid <> 1
) as b
left join mls_goods g1 on b.goodspid=g1.id GROUP BY jdname,g1.goodscls [ RunTime:0.000582s ]

[ 2015-11-13T11:05:29+08:00 ] /Crontab/sendData
INFO: [ route_check ] --START--
INFO: Run CheckRoute Behavior [ RunTime:0.001228s ]
INFO: [ route_check ] --END-- [ RunTime:0.001344s ]
INFO: [ app_begin ] --START--
INFO: Run ReadHtmlCache Behavior [ RunTime:0.000911s ]
INFO: [ app_begin ] --END-- [ RunTime:0.001047s ]
NOTIC: [8] Use of undefined constant MODE_NAME - assumed 'MODE_NAME' D:\wnmp\www\malasong\DataSource\Lib\Action\CrontabAction.class.php 第 9 行.
NOTIC: [8] Undefined index: type D:\wnmp\www\malasong\DataSource\Lib\Action\CrontabAction.class.php 第 68 行.
NOTIC: [8] Undefined index: db_dsn D:\wnmp\www\malasong\lib\ThinkPHP\Lib\Core\Db.class.php 第 129 行.
NOTIC: [8] Undefined index: db_params D:\wnmp\www\malasong\lib\ThinkPHP\Lib\Core\Db.class.php 第 130 行.
SQL: SHOW COLUMNS FROM `mls_userorders` [ RunTime:0.004301s ]
SQL: select b.goodscls as jdname,g1.goodscls,count(*) as c from
(
SELECT a.orderid,a.orderprice,a.goodsid,a.`count`,a.stime,a.etime,g.goodscls,g.goodspid FROM
(SELECT i.orderid,o.orderprice,i.goodsid,i.stime,i.etime,i.`count` from `mls_orderinfo` i left join `mls_userorders` o on o.`orderid`=i.`orderid` where o.paystats=1)
as a left join mls_goods g on g.id = a.goodsid WHERE ( g.goodspid = 1 or g.goodspid = 15 ) #g.goodspid = 1 #WHERE g.goodspid <> 1
) as b
left join mls_goods g1 on b.goodspid=g1.id GROUP BY jdname,g1.goodscls [ RunTime:0.002296s ]
SQL: select b.goodscls as jdname,g1.goodscls,count(*) as c from
(
SELECT a.orderid,a.orderprice,a.goodsid,a.`count`,a.stime,a.etime,g.goodscls,g.goodspid FROM
(SELECT i.orderid,o.orderprice,i.goodsid,i.stime,i.etime,i.`count` from `mls_orderinfo` i left join `mls_userorders` o on o.`orderid`=i.`orderid` where o.paystats=1)
as a left join mls_goods g on g.id = a.goodsid WHERE g.goodspid <> 1 #g.goodspid = 1 #WHERE g.goodspid <> 1
) as b
left join mls_goods g1 on b.goodspid=g1.id GROUP BY jdname,g1.goodscls [ RunTime:0.001371s ]

[ 2015-11-13T11:06:01+08:00 ] /Crontab/sendData
INFO: [ route_check ] --START--
INFO: Run CheckRoute Behavior [ RunTime:0.001430s ]
INFO: [ route_check ] --END-- [ RunTime:0.001587s ]
INFO: [ app_begin ] --START--
INFO: Run ReadHtmlCache Behavior [ RunTime:0.000844s ]
INFO: [ app_begin ] --END-- [ RunTime:0.000928s ]
NOTIC: [8] Use of undefined constant MODE_NAME - assumed 'MODE_NAME' D:\wnmp\www\malasong\DataSource\Lib\Action\CrontabAction.class.php 第 9 行.
NOTIC: [8] Undefined index: type D:\wnmp\www\malasong\DataSource\Lib\Action\CrontabAction.class.php 第 68 行.
NOTIC: [8] Undefined index: db_dsn D:\wnmp\www\malasong\lib\ThinkPHP\Lib\Core\Db.class.php 第 129 行.
NOTIC: [8] Undefined index: db_params D:\wnmp\www\malasong\lib\ThinkPHP\Lib\Core\Db.class.php 第 130 行.
SQL: SHOW COLUMNS FROM `mls_userorders` [ RunTime:0.004206s ]
SQL: select b.goodscls as jdname,g1.goodscls,count(*) as c from
(
SELECT a.orderid,a.orderprice,a.goodsid,a.`count`,a.stime,a.etime,g.goodscls,g.goodspid FROM
(SELECT i.orderid,o.orderprice,i.goodsid,i.stime,i.etime,i.`count` from `mls_orderinfo` i left join `mls_userorders` o on o.`orderid`=i.`orderid` where o.paystats=1 or o.paystats=6 )
as a left join mls_goods g on g.id = a.goodsid WHERE ( g.goodspid = 1 or g.goodspid = 15 ) #g.goodspid = 1 #WHERE g.goodspid <> 1
) as b
left join mls_goods g1 on b.goodspid=g1.id GROUP BY jdname,g1.goodscls [ RunTime:0.002245s ]
SQL: select b.goodscls as jdname,g1.goodscls,count(*) as c from
(
SELECT a.orderid,a.orderprice,a.goodsid,a.`count`,a.stime,a.etime,g.goodscls,g.goodspid FROM
(SELECT i.orderid,o.orderprice,i.goodsid,i.stime,i.etime,i.`count` from `mls_orderinfo` i left join `mls_userorders` o on o.`orderid`=i.`orderid` where o.paystats=1 or o.paystats=6 )
as a left join mls_goods g on g.id = a.goodsid WHERE g.goodspid <> 1 #g.goodspid = 1 #WHERE g.goodspid <> 1
) as b
left join mls_goods g1 on b.goodspid=g1.id GROUP BY jdname,g1.goodscls [ RunTime:0.001185s ]

