[ 2015-10-14T19:51:52+08:00 ] /
INFO: [ route_check ] --START--
INFO: Run CheckRoute Behavior [ RunTime:0.001488s ]
INFO: [ route_check ] --END-- [ RunTime:0.012534s ]
INFO: [ app_begin ] --START--
INFO: Run ReadHtmlCache Behavior [ RunTime:0.000849s ]
INFO: [ app_begin ] --END-- [ RunTime:0.000929s ]
NOTIC: [8] Undefined variable: group D:\wnmp\www\malasong\lib\ThinkPHP\Lib\Core\App.class.php 第 120 行.
ERR: 无法加载模块:Index.php

[ 2015-10-14T19:52:24+08:00 ] /
INFO: [ route_check ] --START--
INFO: Run CheckRoute Behavior [ RunTime:0.000480s ]
INFO: [ route_check ] --END-- [ RunTime:0.000539s ]
INFO: [ app_begin ] --START--
INFO: Run ReadHtmlCache Behavior [ RunTime:0.000378s ]
INFO: [ app_begin ] --END-- [ RunTime:0.000414s ]
NOTIC: [8] Undefined variable: group D:\wnmp\www\malasong\lib\ThinkPHP\Lib\Core\App.class.php 第 120 行.
ERR: 无法加载模块:Index.php

[ 2015-10-14T19:52:25+08:00 ] /
INFO: [ route_check ] --START--
INFO: Run CheckRoute Behavior [ RunTime:0.000470s ]
INFO: [ route_check ] --END-- [ RunTime:0.000520s ]
INFO: [ app_begin ] --START--
INFO: Run ReadHtmlCache Behavior [ RunTime:0.000330s ]
INFO: [ app_begin ] --END-- [ RunTime:0.000360s ]
NOTIC: [8] Undefined variable: group D:\wnmp\www\malasong\lib\ThinkPHP\Lib\Core\App.class.php 第 120 行.
ERR: 无法加载模块:Index.php

[ 2015-10-14T19:53:35+08:00 ] /
INFO: [ route_check ] --START--
INFO: Run CheckRoute Behavior [ RunTime:0.000976s ]
INFO: [ route_check ] --END-- [ RunTime:0.001617s ]
INFO: [ app_begin ] --START--
INFO: Run ReadHtmlCache Behavior [ RunTime:0.000702s ]
INFO: [ app_begin ] --END-- [ RunTime:0.000784s ]
NOTIC: [8] Undefined variable: group D:\wnmp\www\malasong\lib\ThinkPHP\Lib\Core\App.class.php 第 120 行.
ERR: 无法加载模块:Index.php

[ 2015-10-14T19:54:03+08:00 ] /
INFO: [ route_check ] --START--
INFO: Run CheckRoute Behavior [ RunTime:0.000739s ]
INFO: [ route_check ] --END-- [ RunTime:0.000823s ]
INFO: [ app_begin ] --START--
INFO: Run ReadHtmlCache Behavior [ RunTime:0.000531s ]
INFO: [ app_begin ] --END-- [ RunTime:0.000584s ]
NOTIC: [8] Undefined variable: group D:\wnmp\www\malasong\lib\ThinkPHP\Lib\Core\App.class.php 第 120 行.
ERR: 无法加载模块:Index.php

[ 2015-10-14T19:54:05+08:00 ] /
INFO: [ route_check ] --START--
INFO: Run CheckRoute Behavior [ RunTime:0.000647s ]
INFO: [ route_check ] --END-- [ RunTime:0.000713s ]
INFO: [ app_begin ] --START--
INFO: Run ReadHtmlCache Behavior [ RunTime:0.000437s ]
INFO: [ app_begin ] --END-- [ RunTime:0.000480s ]
NOTIC: [8] Undefined variable: group D:\wnmp\www\malasong\lib\ThinkPHP\Lib\Core\App.class.php 第 120 行.
ERR: 无法加载模块:Index.php

[ 2015-10-14T19:54:05+08:00 ] /
INFO: [ route_check ] --START--
INFO: Run CheckRoute Behavior [ RunTime:0.000871s ]
INFO: [ route_check ] --END-- [ RunTime:0.000950s ]
INFO: [ app_begin ] --START--
INFO: Run ReadHtmlCache Behavior [ RunTime:0.000537s ]
INFO: [ app_begin ] --END-- [ RunTime:0.000589s ]
NOTIC: [8] Undefined variable: group D:\wnmp\www\malasong\lib\ThinkPHP\Lib\Core\App.class.php 第 120 行.
ERR: 无法加载模块:Index.php

[ 2015-10-14T19:54:14+08:00 ] /
INFO: [ route_check ] --START--
INFO: Run CheckRoute Behavior [ RunTime:0.001461s ]
INFO: [ route_check ] --END-- [ RunTime:0.001622s ]
INFO: [ app_begin ] --START--
INFO: Run ReadHtmlCache Behavior [ RunTime:0.000965s ]
INFO: [ app_begin ] --END-- [ RunTime:0.001074s ]
NOTIC: [8] Undefined variable: group D:\wnmp\www\malasong\lib\ThinkPHP\Lib\Core\App.class.php 第 120 行.
ERR: 无法加载模块:Index.php

[ 2015-10-14T19:54:28+08:00 ] /
INFO: [ route_check ] --START--
INFO: Run CheckRoute Behavior [ RunTime:0.001260s ]
INFO: [ route_check ] --END-- [ RunTime:0.001406s ]
INFO: [ app_begin ] --START--
INFO: Run ReadHtmlCache Behavior [ RunTime:0.000713s ]
INFO: [ app_begin ] --END-- [ RunTime:0.000789s ]
NOTIC: [8] Undefined variable: group D:\wnmp\www\malasong\lib\ThinkPHP\Lib\Core\App.class.php 第 120 行.
ERR: 无法加载模块:Index.php

[ 2015-10-14T19:55:29+08:00 ] /
INFO: [ route_check ] --START--
INFO: Run CheckRoute Behavior [ RunTime:0.000624s ]
INFO: [ route_check ] --END-- [ RunTime:0.000689s ]
INFO: [ app_begin ] --START--
INFO: Run ReadHtmlCache Behavior [ RunTime:0.000444s ]
INFO: [ app_begin ] --END-- [ RunTime:0.000489s ]
NOTIC: [8] Undefined variable: group D:\wnmp\www\malasong\lib\ThinkPHP\Lib\Core\App.class.php 第 120 行.
ERR: 无法加载模块:Index.php

[ 2015-10-14T19:55:30+08:00 ] /
INFO: [ route_check ] --START--
INFO: Run CheckRoute Behavior [ RunTime:0.000717s ]
INFO: [ route_check ] --END-- [ RunTime:0.000786s ]
INFO: [ app_begin ] --START--
INFO: Run ReadHtmlCache Behavior [ RunTime:0.000467s ]
INFO: [ app_begin ] --END-- [ RunTime:0.000511s ]
NOTIC: [8] Undefined variable: group D:\wnmp\www\malasong\lib\ThinkPHP\Lib\Core\App.class.php 第 120 行.
ERR: 无法加载模块:Index.php

[ 2015-10-14T19:55:31+08:00 ] /
INFO: [ route_check ] --START--
INFO: Run CheckRoute Behavior [ RunTime:0.000980s ]
INFO: [ route_check ] --END-- [ RunTime:0.001073s ]
INFO: [ app_begin ] --START--
INFO: Run ReadHtmlCache Behavior [ RunTime:0.000659s ]
INFO: [ app_begin ] --END-- [ RunTime:0.000726s ]
NOTIC: [8] Undefined variable: group D:\wnmp\www\malasong\lib\ThinkPHP\Lib\Core\App.class.php 第 120 行.
ERR: 无法加载模块:Index.php

[ 2015-10-14T19:55:31+08:00 ] /
INFO: [ route_check ] --START--
INFO: Run CheckRoute Behavior [ RunTime:0.000662s ]
INFO: [ route_check ] --END-- [ RunTime:0.000727s ]
INFO: [ app_begin ] --START--
INFO: Run ReadHtmlCache Behavior [ RunTime:0.000436s ]
INFO: [ app_begin ] --END-- [ RunTime:0.000476s ]
NOTIC: [8] Undefined variable: group D:\wnmp\www\malasong\lib\ThinkPHP\Lib\Core\App.class.php 第 120 行.
ERR: 无法加载模块:Index.php

[ 2015-10-14T19:55:31+08:00 ] /
INFO: [ route_check ] --START--
INFO: Run CheckRoute Behavior [ RunTime:0.000469s ]
INFO: [ route_check ] --END-- [ RunTime:0.000529s ]
INFO: [ app_begin ] --START--
INFO: Run ReadHtmlCache Behavior [ RunTime:0.000379s ]
INFO: [ app_begin ] --END-- [ RunTime:0.000412s ]
NOTIC: [8] Undefined variable: group D:\wnmp\www\malasong\lib\ThinkPHP\Lib\Core\App.class.php 第 120 行.
ERR: 无法加载模块:Index.php

[ 2015-10-14T19:55:31+08:00 ] /
INFO: [ route_check ] --START--
INFO: Run CheckRoute Behavior [ RunTime:0.001171s ]
INFO: [ route_check ] --END-- [ RunTime:0.001286s ]
INFO: [ app_begin ] --START--
INFO: Run ReadHtmlCache Behavior [ RunTime:0.000441s ]
INFO: [ app_begin ] --END-- [ RunTime:0.000489s ]
NOTIC: [8] Undefined variable: group D:\wnmp\www\malasong\lib\ThinkPHP\Lib\Core\App.class.php 第 120 行.
ERR: 无法加载模块:Index.php

[ 2015-10-14T19:55:32+08:00 ] /
INFO: [ route_check ] --START--
INFO: Run CheckRoute Behavior [ RunTime:0.001168s ]
INFO: [ route_check ] --END-- [ RunTime:0.001283s ]
INFO: [ app_begin ] --START--
INFO: Run ReadHtmlCache Behavior [ RunTime:0.000774s ]
INFO: [ app_begin ] --END-- [ RunTime:0.000850s ]
NOTIC: [8] Undefined variable: group D:\wnmp\www\malasong\lib\ThinkPHP\Lib\Core\App.class.php 第 120 行.
ERR: 无法加载模块:Index.php

[ 2015-10-14T19:55:32+08:00 ] /
INFO: [ route_check ] --START--
INFO: Run CheckRoute Behavior [ RunTime:0.000490s ]
INFO: [ route_check ] --END-- [ RunTime:0.000543s ]
INFO: [ app_begin ] --START--
INFO: Run ReadHtmlCache Behavior [ RunTime:0.000330s ]
INFO: [ app_begin ] --END-- [ RunTime:0.000362s ]
NOTIC: [8] Undefined variable: group D:\wnmp\www\malasong\lib\ThinkPHP\Lib\Core\App.class.php 第 120 行.
ERR: 无法加载模块:Index.php

[ 2015-10-14T19:55:32+08:00 ] /
INFO: [ route_check ] --START--
INFO: Run CheckRoute Behavior [ RunTime:0.001184s ]
INFO: [ route_check ] --END-- [ RunTime:0.001302s ]
INFO: [ app_begin ] --START--
INFO: Run ReadHtmlCache Behavior [ RunTime:0.000777s ]
INFO: [ app_begin ] --END-- [ RunTime:0.000830s ]
NOTIC: [8] Undefined variable: group D:\wnmp\www\malasong\lib\ThinkPHP\Lib\Core\App.class.php 第 120 行.
ERR: 无法加载模块:Index.php

[ 2015-10-14T19:55:44+08:00 ] /
INFO: [ route_check ] --START--
INFO: Run CheckRoute Behavior [ RunTime:0.000475s ]
INFO: [ route_check ] --END-- [ RunTime:0.000530s ]
INFO: [ app_begin ] --START--
INFO: Run ReadHtmlCache Behavior [ RunTime:0.000333s ]
INFO: [ app_begin ] --END-- [ RunTime:0.000365s ]
NOTIC: [8] Undefined variable: group D:\wnmp\www\malasong\lib\ThinkPHP\Lib\Core\App.class.php 第 120 行.
ERR: 无法加载模块:Index.php

[ 2015-10-14T19:55:44+08:00 ] /
INFO: [ route_check ] --START--
INFO: Run CheckRoute Behavior [ RunTime:0.001305s ]
INFO: [ route_check ] --END-- [ RunTime:0.001415s ]
INFO: [ app_begin ] --START--
INFO: Run ReadHtmlCache Behavior [ RunTime:0.000729s ]
INFO: [ app_begin ] --END-- [ RunTime:0.000780s ]
NOTIC: [8] Undefined variable: group D:\wnmp\www\malasong\lib\ThinkPHP\Lib\Core\App.class.php 第 120 行.
ERR: 无法加载模块:Index.php

[ 2015-10-14T19:55:44+08:00 ] /
INFO: [ route_check ] --START--
INFO: Run CheckRoute Behavior [ RunTime:0.000477s ]
INFO: [ route_check ] --END-- [ RunTime:0.000534s ]
INFO: [ app_begin ] --START--
INFO: Run ReadHtmlCache Behavior [ RunTime:0.000325s ]
INFO: [ app_begin ] --END-- [ RunTime:0.000356s ]
NOTIC: [8] Undefined variable: group D:\wnmp\www\malasong\lib\ThinkPHP\Lib\Core\App.class.php 第 120 行.
ERR: 无法加载模块:Index.php

[ 2015-10-14T19:55:44+08:00 ] /
INFO: [ route_check ] --START--
INFO: Run CheckRoute Behavior [ RunTime:0.000457s ]
INFO: [ route_check ] --END-- [ RunTime:0.000508s ]
INFO: [ app_begin ] --START--
INFO: Run ReadHtmlCache Behavior [ RunTime:0.000431s ]
INFO: [ app_begin ] --END-- [ RunTime:0.000462s ]
NOTIC: [8] Undefined variable: group D:\wnmp\www\malasong\lib\ThinkPHP\Lib\Core\App.class.php 第 120 行.
ERR: 无法加载模块:Index.php

[ 2015-10-14T19:55:45+08:00 ] /
INFO: [ route_check ] --START--
INFO: Run CheckRoute Behavior [ RunTime:0.000439s ]
INFO: [ route_check ] --END-- [ RunTime:0.000487s ]
INFO: [ app_begin ] --START--
INFO: Run ReadHtmlCache Behavior [ RunTime:0.000393s ]
INFO: [ app_begin ] --END-- [ RunTime:0.000424s ]
NOTIC: [8] Undefined variable: group D:\wnmp\www\malasong\lib\ThinkPHP\Lib\Core\App.class.php 第 120 行.
ERR: 无法加载模块:Index.php

[ 2015-10-14T19:55:45+08:00 ] /
INFO: [ route_check ] --START--
INFO: Run CheckRoute Behavior [ RunTime:0.000526s ]
INFO: [ route_check ] --END-- [ RunTime:0.000578s ]
INFO: [ app_begin ] --START--
INFO: Run ReadHtmlCache Behavior [ RunTime:0.000303s ]
INFO: [ app_begin ] --END-- [ RunTime:0.000332s ]
NOTIC: [8] Undefined variable: group D:\wnmp\www\malasong\lib\ThinkPHP\Lib\Core\App.class.php 第 120 行.
ERR: 无法加载模块:Index.php

[ 2015-10-14T19:55:45+08:00 ] /
INFO: [ route_check ] --START--
INFO: Run CheckRoute Behavior [ RunTime:0.000515s ]
INFO: [ route_check ] --END-- [ RunTime:0.000602s ]
INFO: [ app_begin ] --START--
INFO: Run ReadHtmlCache Behavior [ RunTime:0.000382s ]
INFO: [ app_begin ] --END-- [ RunTime:0.000417s ]
NOTIC: [8] Undefined variable: group D:\wnmp\www\malasong\lib\ThinkPHP\Lib\Core\App.class.php 第 120 行.
ERR: 无法加载模块:Index.php

[ 2015-10-14T19:55:45+08:00 ] /
INFO: [ route_check ] --START--
INFO: Run CheckRoute Behavior [ RunTime:0.000479s ]
INFO: [ route_check ] --END-- [ RunTime:0.000528s ]
INFO: [ app_begin ] --START--
INFO: Run ReadHtmlCache Behavior [ RunTime:0.000370s ]
INFO: [ app_begin ] --END-- [ RunTime:0.000401s ]
NOTIC: [8] Undefined variable: group D:\wnmp\www\malasong\lib\ThinkPHP\Lib\Core\App.class.php 第 120 行.
ERR: 无法加载模块:Index.php

[ 2015-10-14T19:55:45+08:00 ] /
INFO: [ route_check ] --START--
INFO: Run CheckRoute Behavior [ RunTime:0.000564s ]
INFO: [ route_check ] --END-- [ RunTime:0.000624s ]
INFO: [ app_begin ] --START--
INFO: Run ReadHtmlCache Behavior [ RunTime:0.000432s ]
INFO: [ app_begin ] --END-- [ RunTime:0.000473s ]
NOTIC: [8] Undefined variable: group D:\wnmp\www\malasong\lib\ThinkPHP\Lib\Core\App.class.php 第 120 行.
ERR: 无法加载模块:Index.php

[ 2015-10-14T19:55:46+08:00 ] /
INFO: [ route_check ] --START--
INFO: Run CheckRoute Behavior [ RunTime:0.000568s ]
INFO: [ route_check ] --END-- [ RunTime:0.000623s ]
INFO: [ app_begin ] --START--
INFO: Run ReadHtmlCache Behavior [ RunTime:0.000297s ]
INFO: [ app_begin ] --END-- [ RunTime:0.000327s ]
NOTIC: [8] Undefined variable: group D:\wnmp\www\malasong\lib\ThinkPHP\Lib\Core\App.class.php 第 120 行.
ERR: 无法加载模块:Index.php

[ 2015-10-14T19:55:46+08:00 ] /
INFO: [ route_check ] --START--
INFO: Run CheckRoute Behavior [ RunTime:0.000750s ]
INFO: [ route_check ] --END-- [ RunTime:0.000819s ]
INFO: [ app_begin ] --START--
INFO: Run ReadHtmlCache Behavior [ RunTime:0.000440s ]
INFO: [ app_begin ] --END-- [ RunTime:0.000484s ]
NOTIC: [8] Undefined variable: group D:\wnmp\www\malasong\lib\ThinkPHP\Lib\Core\App.class.php 第 120 行.
ERR: 无法加载模块:Index.php

[ 2015-10-14T19:55:46+08:00 ] /
INFO: [ route_check ] --START--
INFO: Run CheckRoute Behavior [ RunTime:0.000799s ]
INFO: [ route_check ] --END-- [ RunTime:0.000882s ]
INFO: [ app_begin ] --START--
INFO: Run ReadHtmlCache Behavior [ RunTime:0.000613s ]
INFO: [ app_begin ] --END-- [ RunTime:0.000671s ]
NOTIC: [8] Undefined variable: group D:\wnmp\www\malasong\lib\ThinkPHP\Lib\Core\App.class.php 第 120 行.
ERR: 无法加载模块:Index.php

[ 2015-10-14T19:55:46+08:00 ] /
INFO: [ route_check ] --START--
INFO: Run CheckRoute Behavior [ RunTime:0.000443s ]
INFO: [ route_check ] --END-- [ RunTime:0.000492s ]
INFO: [ app_begin ] --START--
INFO: Run ReadHtmlCache Behavior [ RunTime:0.000331s ]
INFO: [ app_begin ] --END-- [ RunTime:0.000361s ]
NOTIC: [8] Undefined variable: group D:\wnmp\www\malasong\lib\ThinkPHP\Lib\Core\App.class.php 第 120 行.
ERR: 无法加载模块:Index.php

[ 2015-10-14T19:56:48+08:00 ] /
INFO: [ route_check ] --START--
INFO: Run CheckRoute Behavior [ RunTime:0.000713s ]
INFO: [ route_check ] --END-- [ RunTime:0.000780s ]
INFO: [ app_begin ] --START--
INFO: Run ReadHtmlCache Behavior [ RunTime:0.000452s ]
INFO: [ app_begin ] --END-- [ RunTime:0.000496s ]
NOTIC: [8] Undefined variable: group D:\wnmp\www\malasong\lib\ThinkPHP\Lib\Core\App.class.php 第 120 行.
ERR: 无法加载模块:Index.php

[ 2015-10-14T19:56:48+08:00 ] /
INFO: [ route_check ] --START--
INFO: Run CheckRoute Behavior [ RunTime:0.001155s ]
INFO: [ route_check ] --END-- [ RunTime:0.001265s ]
INFO: [ app_begin ] --START--
INFO: Run ReadHtmlCache Behavior [ RunTime:0.000752s ]
INFO: [ app_begin ] --END-- [ RunTime:0.000827s ]
NOTIC: [8] Undefined variable: group D:\wnmp\www\malasong\lib\ThinkPHP\Lib\Core\App.class.php 第 120 行.
ERR: 无法加载模块:Index.php

[ 2015-10-14T19:58:27+08:00 ] /uducy.php
INFO: [ app_begin ] --START--
INFO: Run ReadHtmlCache Behavior [ RunTime:0.000441s ]
INFO: [ app_begin ] --END-- [ RunTime:0.000517s ]

[ 2015-10-14T19:59:27+08:00 ] /index%E3%80%81
INFO: [ route_check ] --START--
INFO: Run CheckRoute Behavior [ RunTime:0.000799s ]
INFO: [ route_check ] --END-- [ RunTime:0.000875s ]
INFO: [ app_begin ] --START--
INFO: Run ReadHtmlCache Behavior [ RunTime:0.000340s ]
INFO: [ app_begin ] --END-- [ RunTime:0.000370s ]
NOTIC: [8] Undefined variable: group D:\wnmp\www\malasong\lib\ThinkPHP\Lib\Core\App.class.php 第 120 行.
ERR: 无法加载模块:Index%e3%80%81

[ 2015-10-14T19:59:32+08:00 ] /index
INFO: [ route_check ] --START--
INFO: Run CheckRoute Behavior [ RunTime:0.001109s ]
INFO: [ route_check ] --END-- [ RunTime:0.001218s ]
INFO: [ app_begin ] --START--
INFO: Run ReadHtmlCache Behavior [ RunTime:0.000797s ]
INFO: [ app_begin ] --END-- [ RunTime:0.000885s ]

[ 2015-10-14T20:01:51+08:00 ] /uducy.php/Index
INFO: [ route_check ] --START--
INFO: Run CheckRoute Behavior [ RunTime:0.000789s ]
INFO: [ route_check ] --END-- [ RunTime:0.000869s ]
INFO: [ app_begin ] --START--
INFO: Run ReadHtmlCache Behavior [ RunTime:0.000916s ]
INFO: [ app_begin ] --END-- [ RunTime:0.000967s ]

