[ 2016-01-22T10:44:41+08:00 ] /
INFO: [ app_begin ] --START--
INFO: Run ReadHtmlCache Behavior [ RunTime:0.017162s ]
INFO: [ app_begin ] --END-- [ RunTime:0.017430s ]
NOTIC: [8] Undefined index: db_dsn D:\wnmp\www\malasong\lib\ThinkPHP\Lib\Core\Db.class.php 第 129 行.
NOTIC: [8] Undefined index: db_params D:\wnmp\www\malasong\lib\ThinkPHP\Lib\Core\Db.class.php 第 130 行.
SQL: SHOW COLUMNS FROM `mls_news` [ RunTime:0.065932s ]
SQL: SELECT `id`,`news_title`,`des`,`img`,`url`,`url_type` FROM `mls_news` ORDER BY orderid asc,id desc LIMIT 0,6   [ RunTime:0.001776s ]
INFO: [ view_template ] --START--
INFO: Run LocationTemplate Behavior [ RunTime:0.012463s ]
INFO: [ view_template ] --END-- [ RunTime:0.012573s ]
INFO: [ view_parse ] --START--
NOTIC: [8] Undefined index: tilte D:\wnmp\www\malasong\DataSource\Runtime\Temp\b98fc940e393e12c0163e8b483a2b21226c917df.file.header.html.php 第 33 行.
NOTIC: [8] Trying to get property of non-object D:\wnmp\www\malasong\DataSource\Runtime\Temp\b98fc940e393e12c0163e8b483a2b21226c917df.file.header.html.php 第 33 行.
INFO: Run ParseTemplate Behavior [ RunTime:0.233476s ]
INFO: [ view_parse ] --END-- [ RunTime:0.233546s ]
INFO: [ view_filter ] --START--
INFO: Run ContentReplace Behavior [ RunTime:0.000785s ]
INFO: Run TokenBuild Behavior [ RunTime:0.023555s ]
INFO: Run WriteHtmlCache Behavior [ RunTime:0.000759s ]
INFO: Run ShowRuntime Behavior [ RunTime:0.007635s ]
INFO: [ view_filter ] --END-- [ RunTime:0.032899s ]
INFO: [ view_end ] --START--
INFO: Run ShowPageTrace Behavior [ RunTime:0.034217s ]
INFO: [ view_end ] --END-- [ RunTime:0.034286s ]

[ 2016-01-22T10:44:41+08:00 ] /Account/verify
INFO: [ route_check ] --START--
INFO: Run CheckRoute Behavior [ RunTime:0.030491s ]
INFO: [ route_check ] --END-- [ RunTime:0.030563s ]
INFO: [ app_begin ] --START--
INFO: Run ReadHtmlCache Behavior [ RunTime:0.000462s ]
INFO: [ app_begin ] --END-- [ RunTime:0.000497s ]

[ 2016-01-22T10:45:49+08:00 ] /
INFO: [ app_begin ] --START--
INFO: Run ReadHtmlCache Behavior [ RunTime:0.000343s ]
INFO: [ app_begin ] --END-- [ RunTime:0.000394s ]
NOTIC: [8] Undefined index: db_dsn D:\wnmp\www\malasong\lib\ThinkPHP\Lib\Core\Db.class.php 第 129 行.
NOTIC: [8] Undefined index: db_params D:\wnmp\www\malasong\lib\ThinkPHP\Lib\Core\Db.class.php 第 130 行.
SQL: SHOW COLUMNS FROM `mls_news` [ RunTime:0.002457s ]
SQL: SELECT `id`,`news_title`,`des`,`img`,`url`,`url_type` FROM `mls_news` ORDER BY orderid asc,id desc LIMIT 0,6   [ RunTime:0.000750s ]
INFO: [ view_template ] --START--
INFO: Run LocationTemplate Behavior [ RunTime:0.000589s ]
INFO: [ view_template ] --END-- [ RunTime:0.000657s ]
INFO: [ view_parse ] --START--
NOTIC: [8] Undefined index: tilte D:\wnmp\www\malasong\DataSource\Runtime\Temp\b98fc940e393e12c0163e8b483a2b21226c917df.file.header.html.php 第 33 行.
NOTIC: [8] Trying to get property of non-object D:\wnmp\www\malasong\DataSource\Runtime\Temp\b98fc940e393e12c0163e8b483a2b21226c917df.file.header.html.php 第 33 行.
INFO: Run ParseTemplate Behavior [ RunTime:0.012303s ]
INFO: [ view_parse ] --END-- [ RunTime:0.012361s ]
INFO: [ view_filter ] --START--
INFO: Run ContentReplace Behavior [ RunTime:0.000484s ]
INFO: Run TokenBuild Behavior [ RunTime:0.000339s ]
INFO: Run WriteHtmlCache Behavior [ RunTime:0.000226s ]
INFO: Run ShowRuntime Behavior [ RunTime:0.000429s ]
INFO: [ view_filter ] --END-- [ RunTime:0.001605s ]
INFO: [ view_end ] --START--
INFO: Run ShowPageTrace Behavior [ RunTime:0.000620s ]
INFO: [ view_end ] --END-- [ RunTime:0.000668s ]

[ 2016-01-22T10:45:49+08:00 ] /Account/verify
INFO: [ route_check ] --START--
INFO: Run CheckRoute Behavior [ RunTime:0.000773s ]
INFO: [ route_check ] --END-- [ RunTime:0.000851s ]
INFO: [ app_begin ] --START--
INFO: Run ReadHtmlCache Behavior [ RunTime:0.000558s ]
INFO: [ app_begin ] --END-- [ RunTime:0.000613s ]

[ 2016-01-22T10:45:52+08:00 ] /
INFO: [ app_begin ] --START--
INFO: Run ReadHtmlCache Behavior [ RunTime:0.000707s ]
INFO: [ app_begin ] --END-- [ RunTime:0.000805s ]
NOTIC: [8] Undefined index: db_dsn D:\wnmp\www\malasong\lib\ThinkPHP\Lib\Core\Db.class.php 第 129 行.
NOTIC: [8] Undefined index: db_params D:\wnmp\www\malasong\lib\ThinkPHP\Lib\Core\Db.class.php 第 130 行.
SQL: SHOW COLUMNS FROM `mls_news` [ RunTime:0.005587s ]
SQL: SELECT `id`,`news_title`,`des`,`img`,`url`,`url_type` FROM `mls_news` ORDER BY orderid asc,id desc LIMIT 0,6   [ RunTime:0.001370s ]
INFO: [ view_template ] --START--
INFO: Run LocationTemplate Behavior [ RunTime:0.000709s ]
INFO: [ view_template ] --END-- [ RunTime:0.000797s ]
INFO: [ view_parse ] --START--
NOTIC: [8] Undefined index: tilte D:\wnmp\www\malasong\DataSource\Runtime\Temp\b98fc940e393e12c0163e8b483a2b21226c917df.file.header.html.php 第 33 行.
NOTIC: [8] Trying to get property of non-object D:\wnmp\www\malasong\DataSource\Runtime\Temp\b98fc940e393e12c0163e8b483a2b21226c917df.file.header.html.php 第 33 行.
INFO: Run ParseTemplate Behavior [ RunTime:0.016520s ]
INFO: [ view_parse ] --END-- [ RunTime:0.016578s ]
INFO: [ view_filter ] --START--
INFO: Run ContentReplace Behavior [ RunTime:0.000331s ]
INFO: Run TokenBuild Behavior [ RunTime:0.000265s ]
INFO: Run WriteHtmlCache Behavior [ RunTime:0.000179s ]
INFO: Run ShowRuntime Behavior [ RunTime:0.000341s ]
INFO: [ view_filter ] --END-- [ RunTime:0.001429s ]
INFO: [ view_end ] --START--
INFO: Run ShowPageTrace Behavior [ RunTime:0.000553s ]
INFO: [ view_end ] --END-- [ RunTime:0.000602s ]

[ 2016-01-22T10:45:52+08:00 ] /Account/verify
INFO: [ route_check ] --START--
INFO: Run CheckRoute Behavior [ RunTime:0.000729s ]
INFO: [ route_check ] --END-- [ RunTime:0.000800s ]
INFO: [ app_begin ] --START--
INFO: Run ReadHtmlCache Behavior [ RunTime:0.000505s ]
INFO: [ app_begin ] --END-- [ RunTime:0.000553s ]

[ 2016-01-22T10:46:05+08:00 ] /
INFO: [ app_begin ] --START--
INFO: Run ReadHtmlCache Behavior [ RunTime:0.000334s ]
INFO: [ app_begin ] --END-- [ RunTime:0.000387s ]
NOTIC: [8] Undefined index: db_dsn D:\wnmp\www\malasong\lib\ThinkPHP\Lib\Core\Db.class.php 第 129 行.
NOTIC: [8] Undefined index: db_params D:\wnmp\www\malasong\lib\ThinkPHP\Lib\Core\Db.class.php 第 130 行.
SQL: SHOW COLUMNS FROM `mls_news` [ RunTime:0.004147s ]
SQL: SELECT `id`,`news_title`,`des`,`img`,`url`,`url_type` FROM `mls_news` ORDER BY orderid asc,id desc LIMIT 0,6   [ RunTime:0.001288s ]
INFO: [ view_template ] --START--
INFO: Run LocationTemplate Behavior [ RunTime:0.000689s ]
INFO: [ view_template ] --END-- [ RunTime:0.000785s ]
INFO: [ view_parse ] --START--
NOTIC: [8] Undefined index: tilte D:\wnmp\www\malasong\DataSource\Runtime\Temp\b98fc940e393e12c0163e8b483a2b21226c917df.file.header.html.php 第 33 行.
NOTIC: [8] Trying to get property of non-object D:\wnmp\www\malasong\DataSource\Runtime\Temp\b98fc940e393e12c0163e8b483a2b21226c917df.file.header.html.php 第 33 行.
INFO: Run ParseTemplate Behavior [ RunTime:0.360634s ]
INFO: [ view_parse ] --END-- [ RunTime:0.360698s ]
INFO: [ view_filter ] --START--
INFO: Run ContentReplace Behavior [ RunTime:0.000587s ]
INFO: Run TokenBuild Behavior [ RunTime:0.000271s ]
INFO: Run WriteHtmlCache Behavior [ RunTime:0.000187s ]
INFO: Run ShowRuntime Behavior [ RunTime:0.000338s ]
INFO: [ view_filter ] --END-- [ RunTime:0.001477s ]
INFO: [ view_end ] --START--
INFO: Run ShowPageTrace Behavior [ RunTime:0.000502s ]
INFO: [ view_end ] --END-- [ RunTime:0.000537s ]

[ 2016-01-22T10:46:05+08:00 ] /Account/verify
INFO: [ route_check ] --START--
INFO: Run CheckRoute Behavior [ RunTime:0.000863s ]
INFO: [ route_check ] --END-- [ RunTime:0.000952s ]
INFO: [ app_begin ] --START--
INFO: Run ReadHtmlCache Behavior [ RunTime:0.000820s ]
INFO: [ app_begin ] --END-- [ RunTime:0.001024s ]

[ 2016-01-22T12:23:08+08:00 ] /
INFO: [ app_begin ] --START--
INFO: Run ReadHtmlCache Behavior [ RunTime:0.000432s ]
INFO: [ app_begin ] --END-- [ RunTime:0.000493s ]
NOTIC: [8] Undefined index: db_dsn D:\wnmp\www\malasong\lib\ThinkPHP\Lib\Core\Db.class.php 第 129 行.
NOTIC: [8] Undefined index: db_params D:\wnmp\www\malasong\lib\ThinkPHP\Lib\Core\Db.class.php 第 130 行.
SQL: SHOW COLUMNS FROM `mls_news` [ RunTime:0.004197s ]
SQL: SELECT `id`,`news_title`,`des`,`img`,`url`,`url_type` FROM `mls_news` ORDER BY orderid asc,id desc LIMIT 0,6   [ RunTime:0.001469s ]
INFO: [ view_template ] --START--
INFO: Run LocationTemplate Behavior [ RunTime:0.000979s ]
INFO: [ view_template ] --END-- [ RunTime:0.001059s ]
INFO: [ view_parse ] --START--
NOTIC: [8] Undefined index: tilte D:\wnmp\www\malasong\DataSource\Runtime\Temp\b98fc940e393e12c0163e8b483a2b21226c917df.file.header.html.php 第 33 行.
NOTIC: [8] Trying to get property of non-object D:\wnmp\www\malasong\DataSource\Runtime\Temp\b98fc940e393e12c0163e8b483a2b21226c917df.file.header.html.php 第 33 行.
INFO: Run ParseTemplate Behavior [ RunTime:0.045947s ]
INFO: [ view_parse ] --END-- [ RunTime:0.046009s ]
INFO: [ view_filter ] --START--
INFO: Run ContentReplace Behavior [ RunTime:0.000591s ]
INFO: Run TokenBuild Behavior [ RunTime:0.000321s ]
INFO: Run WriteHtmlCache Behavior [ RunTime:0.000219s ]
INFO: Run ShowRuntime Behavior [ RunTime:0.000373s ]
INFO: [ view_filter ] --END-- [ RunTime:0.001610s ]
INFO: [ view_end ] --START--
INFO: Run ShowPageTrace Behavior [ RunTime:0.000663s ]
INFO: [ view_end ] --END-- [ RunTime:0.000711s ]

[ 2016-01-22T12:23:08+08:00 ] /Account/verify
INFO: [ route_check ] --START--
INFO: Run CheckRoute Behavior [ RunTime:0.000518s ]
INFO: [ route_check ] --END-- [ RunTime:0.000572s ]
INFO: [ app_begin ] --START--
INFO: Run ReadHtmlCache Behavior [ RunTime:0.000386s ]
INFO: [ app_begin ] --END-- [ RunTime:0.000421s ]

