[ 2016-11-01T16:27:33+08:00 ] /
INFO: [ app_begin ] --START--
INFO: Run ReadHtmlCache Behavior [ RunTime:0.000457s ]
INFO: [ app_begin ] --END-- [ RunTime:0.000517s ]
NOTIC: [8] Undefined index: db_dsn D:\wnmp1\wwwroot\localhost\malasong\lib\ThinkPHP\Lib\Core\Db.class.php Á¨¨ 129 Ë°å.
NOTIC: [8] Undefined index: db_params D:\wnmp1\wwwroot\localhost\malasong\lib\ThinkPHP\Lib\Core\Db.class.php Á¨¨ 130 Ë°å.
ERR: Unknown database 'mls'

[ 2016-11-01T16:28:06+08:00 ] /
INFO: [ app_begin ] --START--
INFO: Run ReadHtmlCache Behavior [ RunTime:0.000688s ]
INFO: [ app_begin ] --END-- [ RunTime:0.000809s ]
NOTIC: [8] Undefined index: db_dsn D:\wnmp1\wwwroot\localhost\malasong\lib\ThinkPHP\Lib\Core\Db.class.php Á¨¨ 129 Ë°å.
NOTIC: [8] Undefined index: db_params D:\wnmp1\wwwroot\localhost\malasong\lib\ThinkPHP\Lib\Core\Db.class.php Á¨¨ 130 Ë°å.
SQL: SHOW COLUMNS FROM `mls_news` [ RunTime:0.053206s ]
SQL: SELECT `id`,`news_title`,`des`,`img`,`url`,`url_type` FROM `mls_news` ORDER BY orderid asc,id desc LIMIT 0,6   [ RunTime:0.001767s ]
INFO: [ view_template ] --START--
INFO: Run LocationTemplate Behavior [ RunTime:0.001301s ]
INFO: [ view_template ] --END-- [ RunTime:0.001438s ]
INFO: [ view_parse ] --START--
NOTIC: [8] Undefined index: tilte D:\wnmp1\wwwroot\localhost\malasong\DataSource\Runtime\Temp\b98fc940e393e12c0163e8b483a2b21226c917df.file.header.html.php Á¨¨ 33 Ë°å.
NOTIC: [8] Trying to get property of non-object D:\wnmp1\wwwroot\localhost\malasong\DataSource\Runtime\Temp\b98fc940e393e12c0163e8b483a2b21226c917df.file.header.html.php Á¨¨ 33 Ë°å.
INFO: Run ParseTemplate Behavior [ RunTime:0.088714s ]
INFO: [ view_parse ] --END-- [ RunTime:0.088859s ]
INFO: [ view_filter ] --START--
INFO: Run ContentReplace Behavior [ RunTime:0.001080s ]
INFO: Run TokenBuild Behavior [ RunTime:0.000701s ]
INFO: Run WriteHtmlCache Behavior [ RunTime:0.000478s ]
INFO: Run ShowRuntime Behavior [ RunTime:0.000824s ]
INFO: [ view_filter ] --END-- [ RunTime:0.003400s ]
INFO: [ view_end ] --START--
INFO: Run ShowPageTrace Behavior [ RunTime:0.001373s ]
INFO: [ view_end ] --END-- [ RunTime:0.001511s ]

[ 2016-11-01T16:28:06+08:00 ] /Account/verify
INFO: [ route_check ] --START--
INFO: Run CheckRoute Behavior [ RunTime:0.150741s ]
INFO: [ route_check ] --END-- [ RunTime:0.150831s ]
INFO: [ app_begin ] --START--
INFO: Run ReadHtmlCache Behavior [ RunTime:0.000459s ]
INFO: [ app_begin ] --END-- [ RunTime:0.000507s ]

[ 2016-11-01T16:28:22+08:00 ] /
INFO: [ app_begin ] --START--
INFO: Run ReadHtmlCache Behavior [ RunTime:0.000389s ]
INFO: [ app_begin ] --END-- [ RunTime:0.000450s ]
NOTIC: [8] Undefined index: db_dsn D:\wnmp1\wwwroot\localhost\malasong\lib\ThinkPHP\Lib\Core\Db.class.php Á¨¨ 129 Ë°å.
NOTIC: [8] Undefined index: db_params D:\wnmp1\wwwroot\localhost\malasong\lib\ThinkPHP\Lib\Core\Db.class.php Á¨¨ 130 Ë°å.
SQL: SHOW COLUMNS FROM `mls_news` [ RunTime:0.002775s ]
SQL: SELECT `id`,`news_title`,`des`,`img`,`url`,`url_type` FROM `mls_news` ORDER BY orderid asc,id desc LIMIT 0,6   [ RunTime:0.000648s ]
INFO: [ view_template ] --START--
INFO: Run LocationTemplate Behavior [ RunTime:0.000823s ]
INFO: [ view_template ] --END-- [ RunTime:0.000935s ]
INFO: [ view_parse ] --START--
NOTIC: [8] Undefined index: tilte D:\wnmp1\wwwroot\localhost\malasong\DataSource\Runtime\Temp\b98fc940e393e12c0163e8b483a2b21226c917df.file.header.html.php Á¨¨ 33 Ë°å.
NOTIC: [8] Trying to get property of non-object D:\wnmp1\wwwroot\localhost\malasong\DataSource\Runtime\Temp\b98fc940e393e12c0163e8b483a2b21226c917df.file.header.html.php Á¨¨ 33 Ë°å.
INFO: Run ParseTemplate Behavior [ RunTime:0.019699s ]
INFO: [ view_parse ] --END-- [ RunTime:0.019798s ]
INFO: [ view_filter ] --START--
INFO: Run ContentReplace Behavior [ RunTime:0.000823s ]
INFO: Run TokenBuild Behavior [ RunTime:0.000557s ]
INFO: Run WriteHtmlCache Behavior [ RunTime:0.000390s ]
INFO: Run ShowRuntime Behavior [ RunTime:0.000663s ]
INFO: [ view_filter ] --END-- [ RunTime:0.002679s ]
INFO: [ view_end ] --START--
INFO: Run ShowPageTrace Behavior [ RunTime:0.000986s ]
INFO: [ view_end ] --END-- [ RunTime:0.001144s ]

[ 2016-11-01T16:28:22+08:00 ] /Account/verify
INFO: [ route_check ] --START--
INFO: Run CheckRoute Behavior [ RunTime:0.000759s ]
INFO: [ route_check ] --END-- [ RunTime:0.000842s ]
INFO: [ app_begin ] --START--
INFO: Run ReadHtmlCache Behavior [ RunTime:0.000423s ]
INFO: [ app_begin ] --END-- [ RunTime:0.000470s ]

[ 2016-11-01T16:28:36+08:00 ] /
INFO: [ app_begin ] --START--
INFO: Run ReadHtmlCache Behavior [ RunTime:0.001056s ]
INFO: [ app_begin ] --END-- [ RunTime:0.001254s ]
NOTIC: [8] Undefined index: db_dsn D:\wnmp1\wwwroot\localhost\malasong\lib\ThinkPHP\Lib\Core\Db.class.php Á¨¨ 129 Ë°å.
NOTIC: [8] Undefined index: db_params D:\wnmp1\wwwroot\localhost\malasong\lib\ThinkPHP\Lib\Core\Db.class.php Á¨¨ 130 Ë°å.
SQL: SHOW COLUMNS FROM `mls_news` [ RunTime:0.003529s ]
SQL: SELECT `id`,`news_title`,`des`,`img`,`url`,`url_type` FROM `mls_news` ORDER BY orderid asc,id desc LIMIT 0,6   [ RunTime:0.000808s ]
INFO: [ view_template ] --START--
INFO: Run LocationTemplate Behavior [ RunTime:0.000930s ]
INFO: [ view_template ] --END-- [ RunTime:0.001054s ]
INFO: [ view_parse ] --START--
NOTIC: [8] Undefined index: tilte D:\wnmp1\wwwroot\localhost\malasong\DataSource\Runtime\Temp\b98fc940e393e12c0163e8b483a2b21226c917df.file.header.html.php Á¨¨ 33 Ë°å.
NOTIC: [8] Trying to get property of non-object D:\wnmp1\wwwroot\localhost\malasong\DataSource\Runtime\Temp\b98fc940e393e12c0163e8b483a2b21226c917df.file.header.html.php Á¨¨ 33 Ë°å.
INFO: Run ParseTemplate Behavior [ RunTime:0.024757s ]
INFO: [ view_parse ] --END-- [ RunTime:0.024885s ]
INFO: [ view_filter ] --START--
INFO: Run ContentReplace Behavior [ RunTime:0.001066s ]
INFO: Run TokenBuild Behavior [ RunTime:0.000720s ]
INFO: Run WriteHtmlCache Behavior [ RunTime:0.000484s ]
INFO: Run ShowRuntime Behavior [ RunTime:0.000871s ]
INFO: [ view_filter ] --END-- [ RunTime:0.003472s ]
INFO: [ view_end ] --START--
INFO: Run ShowPageTrace Behavior [ RunTime:0.001131s ]
INFO: [ view_end ] --END-- [ RunTime:0.001263s ]

[ 2016-11-01T16:28:36+08:00 ] /Account/verify
INFO: [ route_check ] --START--
INFO: Run CheckRoute Behavior [ RunTime:0.000790s ]
INFO: [ route_check ] --END-- [ RunTime:0.000873s ]
INFO: [ app_begin ] --START--
INFO: Run ReadHtmlCache Behavior [ RunTime:0.000534s ]
INFO: [ app_begin ] --END-- [ RunTime:0.000597s ]

[ 2016-11-01T16:28:54+08:00 ] /enroll/index
INFO: [ route_check ] --START--
INFO: Run CheckRoute Behavior [ RunTime:0.002596s ]
INFO: [ route_check ] --END-- [ RunTime:0.002755s ]
INFO: [ app_begin ] --START--
INFO: Run ReadHtmlCache Behavior [ RunTime:0.000965s ]
INFO: [ app_begin ] --END-- [ RunTime:0.001081s ]

[ 2016-11-01T16:28:54+08:00 ] /Account/login
INFO: [ route_check ] --START--
INFO: Run CheckRoute Behavior [ RunTime:0.001570s ]
INFO: [ route_check ] --END-- [ RunTime:0.001721s ]
INFO: [ app_begin ] --START--
INFO: Run ReadHtmlCache Behavior [ RunTime:0.000958s ]
INFO: [ app_begin ] --END-- [ RunTime:0.001072s ]
INFO: [ view_template ] --START--
INFO: Run LocationTemplate Behavior [ RunTime:0.000859s ]
INFO: [ view_template ] --END-- [ RunTime:0.000990s ]
INFO: [ view_parse ] --START--
NOTIC: [8] Undefined index: tilte D:\wnmp1\wwwroot\localhost\malasong\DataSource\Runtime\Temp\b98fc940e393e12c0163e8b483a2b21226c917df.file.header.html.php Á¨¨ 33 Ë°å.
NOTIC: [8] Trying to get property of non-object D:\wnmp1\wwwroot\localhost\malasong\DataSource\Runtime\Temp\b98fc940e393e12c0163e8b483a2b21226c917df.file.header.html.php Á¨¨ 33 Ë°å.
NOTIC: [8] Undefined index: news D:\wnmp1\wwwroot\localhost\malasong\DataSource\Runtime\Temp\43ada865f8bc71aef17a87e0ed7c58499c1019cf.file.index.html.php Á¨¨ 104 Ë°å.
NOTIC: [8] Trying to get property of non-object D:\wnmp1\wwwroot\localhost\malasong\DataSource\Runtime\Temp\43ada865f8bc71aef17a87e0ed7c58499c1019cf.file.index.html.php Á¨¨ 104 Ë°å.
INFO: Run ParseTemplate Behavior [ RunTime:0.017588s ]
INFO: [ view_parse ] --END-- [ RunTime:0.017672s ]
INFO: [ view_filter ] --START--
INFO: Run ContentReplace Behavior [ RunTime:0.000547s ]
INFO: Run TokenBuild Behavior [ RunTime:0.000421s ]
INFO: Run WriteHtmlCache Behavior [ RunTime:0.000290s ]
INFO: Run ShowRuntime Behavior [ RunTime:0.000451s ]
INFO: [ view_filter ] --END-- [ RunTime:0.001865s ]
INFO: [ view_end ] --START--
INFO: Run ShowPageTrace Behavior [ RunTime:0.000570s ]
INFO: [ view_end ] --END-- [ RunTime:0.000628s ]

[ 2016-11-01T16:28:54+08:00 ] /Account/verify
INFO: [ route_check ] --START--
INFO: Run CheckRoute Behavior [ RunTime:0.000850s ]
INFO: [ route_check ] --END-- [ RunTime:0.000939s ]
INFO: [ app_begin ] --START--
INFO: Run ReadHtmlCache Behavior [ RunTime:0.000531s ]
INFO: [ app_begin ] --END-- [ RunTime:0.000596s ]

[ 2016-11-01T16:28:59+08:00 ] /Matchinfo/plan
INFO: [ route_check ] --START--
INFO: Run CheckRoute Behavior [ RunTime:0.001511s ]
INFO: [ route_check ] --END-- [ RunTime:0.001663s ]
INFO: [ app_begin ] --START--
INFO: Run ReadHtmlCache Behavior [ RunTime:0.000925s ]
INFO: [ app_begin ] --END-- [ RunTime:0.001040s ]
INFO: [ view_template ] --START--
INFO: Run LocationTemplate Behavior [ RunTime:0.001048s ]
INFO: [ view_template ] --END-- [ RunTime:0.001220s ]
INFO: [ view_parse ] --START--
NOTIC: [8] Undefined index: tilte D:\wnmp1\wwwroot\localhost\malasong\DataSource\Runtime\Temp\b98fc940e393e12c0163e8b483a2b21226c917df.file.header.html.php Á¨¨ 33 Ë°å.
NOTIC: [8] Trying to get property of non-object D:\wnmp1\wwwroot\localhost\malasong\DataSource\Runtime\Temp\b98fc940e393e12c0163e8b483a2b21226c917df.file.header.html.php Á¨¨ 33 Ë°å.
NOTIC: [8] Undefined index: index D:\wnmp1\wwwroot\localhost\malasong\DataSource\Runtime\Temp\b98fc940e393e12c0163e8b483a2b21226c917df.file.header.html.php Á¨¨ 37 Ë°å.
NOTIC: [8] Trying to get property of non-object D:\wnmp1\wwwroot\localhost\malasong\DataSource\Runtime\Temp\b98fc940e393e12c0163e8b483a2b21226c917df.file.header.html.php Á¨¨ 37 Ë°å.
NOTIC: [8] Undefined index: index D:\wnmp1\wwwroot\localhost\malasong\DataSource\Runtime\Temp\b98fc940e393e12c0163e8b483a2b21226c917df.file.header.html.php Á¨¨ 47 Ë°å.
NOTIC: [8] Trying to get property of non-object D:\wnmp1\wwwroot\localhost\malasong\DataSource\Runtime\Temp\b98fc940e393e12c0163e8b483a2b21226c917df.file.header.html.php Á¨¨ 47 Ë°å.
NOTIC: [8] Undefined index: index D:\wnmp1\wwwroot\localhost\malasong\DataSource\Runtime\Temp\b98fc940e393e12c0163e8b483a2b21226c917df.file.header.html.php Á¨¨ 62 Ë°å.
NOTIC: [8] Trying to get property of non-object D:\wnmp1\wwwroot\localhost\malasong\DataSource\Runtime\Temp\b98fc940e393e12c0163e8b483a2b21226c917df.file.header.html.php Á¨¨ 62 Ë°å.
INFO: Run ParseTemplate Behavior [ RunTime:0.016010s ]
INFO: [ view_parse ] --END-- [ RunTime:0.016096s ]
INFO: [ view_filter ] --START--
INFO: Run ContentReplace Behavior [ RunTime:0.000556s ]
INFO: Run TokenBuild Behavior [ RunTime:0.000335s ]
INFO: Run WriteHtmlCache Behavior [ RunTime:0.000208s ]
INFO: Run ShowRuntime Behavior [ RunTime:0.000359s ]
INFO: [ view_filter ] --END-- [ RunTime:0.001593s ]
INFO: [ view_end ] --START--
INFO: Run ShowPageTrace Behavior [ RunTime:0.000479s ]
INFO: [ view_end ] --END-- [ RunTime:0.000533s ]

[ 2016-11-01T16:28:59+08:00 ] /Account/verify
INFO: [ route_check ] --START--
INFO: Run CheckRoute Behavior [ RunTime:0.001579s ]
INFO: [ route_check ] --END-- [ RunTime:0.001733s ]
INFO: [ app_begin ] --START--
INFO: Run ReadHtmlCache Behavior [ RunTime:0.000902s ]
INFO: [ app_begin ] --END-- [ RunTime:0.000985s ]

[ 2016-11-01T16:29:01+08:00 ] /Ajax/apply_num
INFO: [ route_check ] --START--
INFO: Run CheckRoute Behavior [ RunTime:0.000734s ]
INFO: [ route_check ] --END-- [ RunTime:0.000809s ]
INFO: [ app_begin ] --START--
INFO: Run ReadHtmlCache Behavior [ RunTime:0.000485s ]
INFO: [ app_begin ] --END-- [ RunTime:0.000548s ]
NOTIC: [8] Undefined index: db_dsn D:\wnmp1\wwwroot\localhost\malasong\lib\ThinkPHP\Lib\Core\Db.class.php Á¨¨ 129 Ë°å.
NOTIC: [8] Undefined index: db_params D:\wnmp1\wwwroot\localhost\malasong\lib\ThinkPHP\Lib\Core\Db.class.php Á¨¨ 130 Ë°å.
SQL: SHOW COLUMNS FROM `mls_userorders` [ RunTime:0.003911s ]
SQL: SELECT COUNT(*) AS tp_count FROM `mls_userorders` WHERE ( isonline = 0 ) LIMIT 1   [ RunTime:0.001231s ]

[ 2016-11-01T16:32:08+08:00 ] /Matchinfo/line
INFO: [ route_check ] --START--
INFO: Run CheckRoute Behavior [ RunTime:0.001323s ]
INFO: [ route_check ] --END-- [ RunTime:0.001427s ]
INFO: [ app_begin ] --START--
INFO: Run ReadHtmlCache Behavior [ RunTime:0.001179s ]
INFO: [ app_begin ] --END-- [ RunTime:0.001248s ]
INFO: [ view_template ] --START--
INFO: Run LocationTemplate Behavior [ RunTime:0.000811s ]
INFO: [ view_template ] --END-- [ RunTime:0.000883s ]
INFO: [ view_parse ] --START--
NOTIC: [8] Undefined index: tilte D:\wnmp1\wwwroot\localhost\malasong\DataSource\Runtime\Temp\b98fc940e393e12c0163e8b483a2b21226c917df.file.header.html.php Á¨¨ 33 Ë°å.
NOTIC: [8] Trying to get property of non-object D:\wnmp1\wwwroot\localhost\malasong\DataSource\Runtime\Temp\b98fc940e393e12c0163e8b483a2b21226c917df.file.header.html.php Á¨¨ 33 Ë°å.
NOTIC: [8] Undefined index: index D:\wnmp1\wwwroot\localhost\malasong\DataSource\Runtime\Temp\b98fc940e393e12c0163e8b483a2b21226c917df.file.header.html.php Á¨¨ 37 Ë°å.
NOTIC: [8] Trying to get property of non-object D:\wnmp1\wwwroot\localhost\malasong\DataSource\Runtime\Temp\b98fc940e393e12c0163e8b483a2b21226c917df.file.header.html.php Á¨¨ 37 Ë°å.
NOTIC: [8] Undefined index: index D:\wnmp1\wwwroot\localhost\malasong\DataSource\Runtime\Temp\b98fc940e393e12c0163e8b483a2b21226c917df.file.header.html.php Á¨¨ 47 Ë°å.
NOTIC: [8] Trying to get property of non-object D:\wnmp1\wwwroot\localhost\malasong\DataSource\Runtime\Temp\b98fc940e393e12c0163e8b483a2b21226c917df.file.header.html.php Á¨¨ 47 Ë°å.
NOTIC: [8] Undefined index: index D:\wnmp1\wwwroot\localhost\malasong\DataSource\Runtime\Temp\b98fc940e393e12c0163e8b483a2b21226c917df.file.header.html.php Á¨¨ 62 Ë°å.
NOTIC: [8] Trying to get property of non-object D:\wnmp1\wwwroot\localhost\malasong\DataSource\Runtime\Temp\b98fc940e393e12c0163e8b483a2b21226c917df.file.header.html.php Á¨¨ 62 Ë°å.
INFO: Run ParseTemplate Behavior [ RunTime:0.061855s ]
INFO: [ view_parse ] --END-- [ RunTime:0.061917s ]
INFO: [ view_filter ] --START--
INFO: Run ContentReplace Behavior [ RunTime:0.001099s ]
INFO: Run TokenBuild Behavior [ RunTime:0.000624s ]
INFO: Run WriteHtmlCache Behavior [ RunTime:0.000742s ]
INFO: Run ShowRuntime Behavior [ RunTime:0.001034s ]
INFO: [ view_filter ] --END-- [ RunTime:0.003710s ]
INFO: [ view_end ] --START--
INFO: Run ShowPageTrace Behavior [ RunTime:0.000773s ]
INFO: [ view_end ] --END-- [ RunTime:0.000829s ]

[ 2016-11-01T16:32:08+08:00 ] /Account/verify
INFO: [ route_check ] --START--
INFO: Run CheckRoute Behavior [ RunTime:0.000569s ]
INFO: [ route_check ] --END-- [ RunTime:0.000638s ]
INFO: [ app_begin ] --START--
INFO: Run ReadHtmlCache Behavior [ RunTime:0.000448s ]
INFO: [ app_begin ] --END-- [ RunTime:0.000503s ]

[ 2016-11-01T16:32:09+08:00 ] /Ajax/apply_num
INFO: [ route_check ] --START--
INFO: Run CheckRoute Behavior [ RunTime:0.004139s ]
INFO: [ route_check ] --END-- [ RunTime:0.004411s ]
INFO: [ app_begin ] --START--
INFO: Run ReadHtmlCache Behavior [ RunTime:0.001005s ]
INFO: [ app_begin ] --END-- [ RunTime:0.001100s ]
NOTIC: [8] Undefined index: db_dsn D:\wnmp1\wwwroot\localhost\malasong\lib\ThinkPHP\Lib\Core\Db.class.php Á¨¨ 129 Ë°å.
NOTIC: [8] Undefined index: db_params D:\wnmp1\wwwroot\localhost\malasong\lib\ThinkPHP\Lib\Core\Db.class.php Á¨¨ 130 Ë°å.
SQL: SHOW COLUMNS FROM `mls_userorders` [ RunTime:0.005086s ]
SQL: SELECT COUNT(*) AS tp_count FROM `mls_userorders` WHERE ( isonline = 0 ) LIMIT 1   [ RunTime:0.003649s ]

[ 2016-11-01T16:32:47+08:00 ] /enroll/index
INFO: [ route_check ] --START--
INFO: Run CheckRoute Behavior [ RunTime:0.000540s ]
INFO: [ route_check ] --END-- [ RunTime:0.000615s ]
INFO: [ app_begin ] --START--
INFO: Run ReadHtmlCache Behavior [ RunTime:0.000489s ]
INFO: [ app_begin ] --END-- [ RunTime:0.000559s ]

[ 2016-11-01T16:32:47+08:00 ] /Account/login
INFO: [ route_check ] --START--
INFO: Run CheckRoute Behavior [ RunTime:0.000947s ]
INFO: [ route_check ] --END-- [ RunTime:0.001098s ]
INFO: [ app_begin ] --START--
INFO: Run ReadHtmlCache Behavior [ RunTime:0.000467s ]
INFO: [ app_begin ] --END-- [ RunTime:0.000528s ]
INFO: [ view_template ] --START--
INFO: Run LocationTemplate Behavior [ RunTime:0.000641s ]
INFO: [ view_template ] --END-- [ RunTime:0.000721s ]
INFO: [ view_parse ] --START--
NOTIC: [8] Undefined index: tilte D:\wnmp1\wwwroot\localhost\malasong\DataSource\Runtime\Temp\b98fc940e393e12c0163e8b483a2b21226c917df.file.header.html.php Á¨¨ 33 Ë°å.
NOTIC: [8] Trying to get property of non-object D:\wnmp1\wwwroot\localhost\malasong\DataSource\Runtime\Temp\b98fc940e393e12c0163e8b483a2b21226c917df.file.header.html.php Á¨¨ 33 Ë°å.
NOTIC: [8] Undefined index: news D:\wnmp1\wwwroot\localhost\malasong\DataSource\Runtime\Temp\43ada865f8bc71aef17a87e0ed7c58499c1019cf.file.index.html.php Á¨¨ 104 Ë°å.
NOTIC: [8] Trying to get property of non-object D:\wnmp1\wwwroot\localhost\malasong\DataSource\Runtime\Temp\43ada865f8bc71aef17a87e0ed7c58499c1019cf.file.index.html.php Á¨¨ 104 Ë°å.
INFO: Run ParseTemplate Behavior [ RunTime:0.011731s ]
INFO: [ view_parse ] --END-- [ RunTime:0.011783s ]
INFO: [ view_filter ] --START--
INFO: Run ContentReplace Behavior [ RunTime:0.000442s ]
INFO: Run TokenBuild Behavior [ RunTime:0.000515s ]
INFO: Run WriteHtmlCache Behavior [ RunTime:0.000280s ]
INFO: Run ShowRuntime Behavior [ RunTime:0.000409s ]
INFO: [ view_filter ] --END-- [ RunTime:0.001815s ]
INFO: [ view_end ] --START--
INFO: Run ShowPageTrace Behavior [ RunTime:0.000408s ]
INFO: [ view_end ] --END-- [ RunTime:0.000456s ]

[ 2016-11-01T16:32:47+08:00 ] /Account/verify
INFO: [ route_check ] --START--
INFO: Run CheckRoute Behavior [ RunTime:0.000574s ]
INFO: [ route_check ] --END-- [ RunTime:0.000647s ]
INFO: [ app_begin ] --START--
INFO: Run ReadHtmlCache Behavior [ RunTime:0.000411s ]
INFO: [ app_begin ] --END-- [ RunTime:0.000464s ]

[ 2016-11-01T16:37:34+08:00 ] /Account/register
INFO: [ route_check ] --START--
INFO: Run CheckRoute Behavior [ RunTime:0.000660s ]
INFO: [ route_check ] --END-- [ RunTime:0.000738s ]
INFO: [ app_begin ] --START--
INFO: Run ReadHtmlCache Behavior [ RunTime:0.000510s ]
INFO: [ app_begin ] --END-- [ RunTime:0.000572s ]
NOTIC: [8] Undefined index: account D:\wnmp1\wwwroot\localhost\malasong\DataSource\Lib\Action\AccountAction.class.php Á¨¨ 37 Ë°å.
NOTIC: [8] Undefined index: sign D:\wnmp1\wwwroot\localhost\malasong\DataSource\Lib\Action\AccountAction.class.php Á¨¨ 38 Ë°å.
NOTIC: [8] Undefined index: ac D:\wnmp1\wwwroot\localhost\malasong\DataSource\Lib\Action\AccountAction.class.php Á¨¨ 39 Ë°å.
INFO: [ view_template ] --START--
INFO: Run LocationTemplate Behavior [ RunTime:0.000639s ]
INFO: [ view_template ] --END-- [ RunTime:0.000693s ]
INFO: [ view_parse ] --START--
NOTIC: [8] Undefined index: tilte D:\wnmp1\wwwroot\localhost\malasong\DataSource\Runtime\Temp\b98fc940e393e12c0163e8b483a2b21226c917df.file.header.html.php Á¨¨ 33 Ë°å.
NOTIC: [8] Trying to get property of non-object D:\wnmp1\wwwroot\localhost\malasong\DataSource\Runtime\Temp\b98fc940e393e12c0163e8b483a2b21226c917df.file.header.html.php Á¨¨ 33 Ë°å.
NOTIC: [8] Undefined index: index D:\wnmp1\wwwroot\localhost\malasong\DataSource\Runtime\Temp\b98fc940e393e12c0163e8b483a2b21226c917df.file.header.html.php Á¨¨ 37 Ë°å.
NOTIC: [8] Trying to get property of non-object D:\wnmp1\wwwroot\localhost\malasong\DataSource\Runtime\Temp\b98fc940e393e12c0163e8b483a2b21226c917df.file.header.html.php Á¨¨ 37 Ë°å.
NOTIC: [8] Undefined index: index D:\wnmp1\wwwroot\localhost\malasong\DataSource\Runtime\Temp\b98fc940e393e12c0163e8b483a2b21226c917df.file.header.html.php Á¨¨ 47 Ë°å.
NOTIC: [8] Trying to get property of non-object D:\wnmp1\wwwroot\localhost\malasong\DataSource\Runtime\Temp\b98fc940e393e12c0163e8b483a2b21226c917df.file.header.html.php Á¨¨ 47 Ë°å.
NOTIC: [8] Undefined index: index D:\wnmp1\wwwroot\localhost\malasong\DataSource\Runtime\Temp\b98fc940e393e12c0163e8b483a2b21226c917df.file.header.html.php Á¨¨ 62 Ë°å.
NOTIC: [8] Trying to get property of non-object D:\wnmp1\wwwroot\localhost\malasong\DataSource\Runtime\Temp\b98fc940e393e12c0163e8b483a2b21226c917df.file.header.html.php Á¨¨ 62 Ë°å.
NOTIC: [8] Undefined index: ac D:\wnmp1\wwwroot\localhost\malasong\DataSource\Runtime\Temp\884ebaffd5598087d17a5e8914df5d6ac9ec03b4.file.register.html.php Á¨¨ 33 Ë°å.
NOTIC: [8] Trying to get property of non-object D:\wnmp1\wwwroot\localhost\malasong\DataSource\Runtime\Temp\884ebaffd5598087d17a5e8914df5d6ac9ec03b4.file.register.html.php Á¨¨ 33 Ë°å.
NOTIC: [8] Undefined index: ac D:\wnmp1\wwwroot\localhost\malasong\DataSource\Runtime\Temp\884ebaffd5598087d17a5e8914df5d6ac9ec03b4.file.register.html.php Á¨¨ 42 Ë°å.
NOTIC: [8] Trying to get property of non-object D:\wnmp1\wwwroot\localhost\malasong\DataSource\Runtime\Temp\884ebaffd5598087d17a5e8914df5d6ac9ec03b4.file.register.html.php Á¨¨ 42 Ë°å.
NOTIC: [8] Undefined index: error D:\wnmp1\wwwroot\localhost\malasong\DataSource\Runtime\Temp\884ebaffd5598087d17a5e8914df5d6ac9ec03b4.file.register.html.php Á¨¨ 96 Ë°å.
NOTIC: [8] Trying to get property of non-object D:\wnmp1\wwwroot\localhost\malasong\DataSource\Runtime\Temp\884ebaffd5598087d17a5e8914df5d6ac9ec03b4.file.register.html.php Á¨¨ 96 Ë°å.
INFO: Run ParseTemplate Behavior [ RunTime:0.012941s ]
INFO: [ view_parse ] --END-- [ RunTime:0.013001s ]
INFO: [ view_filter ] --START--
INFO: Run ContentReplace Behavior [ RunTime:0.001037s ]
INFO: Run TokenBuild Behavior [ RunTime:0.000433s ]
INFO: Run WriteHtmlCache Behavior [ RunTime:0.000262s ]
INFO: Run ShowRuntime Behavior [ RunTime:0.000400s ]
INFO: [ view_filter ] --END-- [ RunTime:0.002282s ]
INFO: [ view_end ] --START--
INFO: Run ShowPageTrace Behavior [ RunTime:0.000491s ]
INFO: [ view_end ] --END-- [ RunTime:0.000543s ]

[ 2016-11-01T16:37:34+08:00 ] /Account/verify
INFO: [ route_check ] --START--
INFO: Run CheckRoute Behavior [ RunTime:0.001925s ]
INFO: [ route_check ] --END-- [ RunTime:0.002069s ]
INFO: [ app_begin ] --START--
INFO: Run ReadHtmlCache Behavior [ RunTime:0.000665s ]
INFO: [ app_begin ] --END-- [ RunTime:0.000750s ]

[ 2016-11-01T16:37:44+08:00 ] /Account/phoneverify?phone=13522354197&ac=send_phone_code_register
INFO: [ route_check ] --START--
INFO: Run CheckRoute Behavior [ RunTime:0.000517s ]
INFO: [ route_check ] --END-- [ RunTime:0.000576s ]
INFO: [ app_begin ] --START--
INFO: Run ReadHtmlCache Behavior [ RunTime:0.000353s ]
INFO: [ app_begin ] --END-- [ RunTime:0.000392s ]
NOTIC: [8] Memcache::pconnect() [<a href='memcache.pconnect'>memcache.pconnect</a>]: Server 192.168.10.200 (tcp 11211) failed with: ”…”⁄¡¨Ω”∑Ω‘⁄“ª∂Œ ±º‰∫Û√ª”–’˝»∑¥∏¥ªÚ¡¨Ω”µƒ÷˜ª˙√ª”–∑¥”¶£¨¡¨Ω”≥¢ ‘ ß∞‹°£
 (10060) D:\wnmp1\wwwroot\localhost\malasong\DataSource\Lib\Action\AccountAction.class.php Á¨¨ 367 Ë°å.
NOTIC: [2] Memcache::pconnect() [<a href='memcache.pconnect'>memcache.pconnect</a>]: Can't connect to 192.168.10.200:11211, ”…”⁄¡¨Ω”∑Ω‘⁄“ª∂Œ ±º‰∫Û√ª”–’˝»∑¥∏¥ªÚ¡¨Ω”µƒ÷˜ª˙√ª”–∑¥”¶£¨¡¨Ω”≥¢ ‘ ß∞‹°£
 (10060) D:\wnmp1\wwwroot\localhost\malasong\DataSource\Lib\Action\AccountAction.class.php Á¨¨ 367 Ë°å.
NOTIC: [2] Memcache::get() [<a href='memcache.get'>memcache.get</a>]: No servers added to memcache connection D:\wnmp1\wwwroot\localhost\malasong\DataSource\Lib\Action\AccountAction.class.php Á¨¨ 372 Ë°å.
NOTIC: [2] Memcache::get() [<a href='memcache.get'>memcache.get</a>]: No servers added to memcache connection D:\wnmp1\wwwroot\localhost\malasong\DataSource\Lib\Action\AccountAction.class.php Á¨¨ 377 Ë°å.
NOTIC: [2] Memcache::set() [<a href='memcache.set'>memcache.set</a>]: No servers added to memcache connection D:\wnmp1\wwwroot\localhost\malasong\DataSource\Lib\Action\AccountAction.class.php Á¨¨ 378 Ë°å.
NOTIC: [2] Memcache::set() [<a href='memcache.set'>memcache.set</a>]: No servers added to memcache connection D:\wnmp1\wwwroot\localhost\malasong\DataSource\Lib\Action\AccountAction.class.php Á¨¨ 382 Ë°å.

[ 2016-11-01T16:37:46+08:00 ] /Account/phoneverify?phone=13522354197&ac=send_phone_code_register
INFO: [ route_check ] --START--
INFO: Run CheckRoute Behavior [ RunTime:0.000754s ]
INFO: [ route_check ] --END-- [ RunTime:0.000832s ]
INFO: [ app_begin ] --START--
INFO: Run ReadHtmlCache Behavior [ RunTime:0.000460s ]
INFO: [ app_begin ] --END-- [ RunTime:0.000521s ]
NOTIC: [2] Memcache::pconnect() [<a href='memcache.pconnect'>memcache.pconnect</a>]: Can't connect to 192.168.10.200:11211, Unknown error (0) D:\wnmp1\wwwroot\localhost\malasong\DataSource\Lib\Action\AccountAction.class.php Á¨¨ 367 Ë°å.
NOTIC: [2] Memcache::get() [<a href='memcache.get'>memcache.get</a>]: No servers added to memcache connection D:\wnmp1\wwwroot\localhost\malasong\DataSource\Lib\Action\AccountAction.class.php Á¨¨ 372 Ë°å.
NOTIC: [2] Memcache::get() [<a href='memcache.get'>memcache.get</a>]: No servers added to memcache connection D:\wnmp1\wwwroot\localhost\malasong\DataSource\Lib\Action\AccountAction.class.php Á¨¨ 377 Ë°å.
NOTIC: [2] Memcache::set() [<a href='memcache.set'>memcache.set</a>]: No servers added to memcache connection D:\wnmp1\wwwroot\localhost\malasong\DataSource\Lib\Action\AccountAction.class.php Á¨¨ 378 Ë°å.
NOTIC: [2] Memcache::set() [<a href='memcache.set'>memcache.set</a>]: No servers added to memcache connection D:\wnmp1\wwwroot\localhost\malasong\DataSource\Lib\Action\AccountAction.class.php Á¨¨ 382 Ë°å.

[ 2016-11-01T16:39:20+08:00 ] /Account/dologin?account=13522354197&pwd=123456&code=6951
INFO: [ route_check ] --START--
INFO: Run CheckRoute Behavior [ RunTime:0.000745s ]
INFO: [ route_check ] --END-- [ RunTime:0.000835s ]
INFO: [ app_begin ] --START--
INFO: Run ReadHtmlCache Behavior [ RunTime:0.000523s ]
INFO: [ app_begin ] --END-- [ RunTime:0.000581s ]
NOTIC: [8] Undefined index: db_dsn D:\wnmp1\wwwroot\localhost\malasong\lib\ThinkPHP\Lib\Core\Db.class.php Á¨¨ 129 Ë°å.
NOTIC: [8] Undefined index: db_params D:\wnmp1\wwwroot\localhost\malasong\lib\ThinkPHP\Lib\Core\Db.class.php Á¨¨ 130 Ë°å.
SQL: SHOW COLUMNS FROM `mls_users` [ RunTime:0.003243s ]
SQL: SELECT `id`,`phone`,`email`,`pwd`,`nicname` FROM `mls_users` WHERE ( pwd = '18b41d509e20380569024d8af0a8b566' and sign =1 and (phone = '13522354197' or email = '13522354197') ) LIMIT 1   [ RunTime:0.003486s ]

[ 2016-11-01T16:39:25+08:00 ] /Account/dologin?account=13522354197&pwd=aaa11111&code=6951
INFO: [ route_check ] --START--
INFO: Run CheckRoute Behavior [ RunTime:0.000583s ]
INFO: [ route_check ] --END-- [ RunTime:0.000651s ]
INFO: [ app_begin ] --START--
INFO: Run ReadHtmlCache Behavior [ RunTime:0.000409s ]
INFO: [ app_begin ] --END-- [ RunTime:0.000454s ]
NOTIC: [8] Undefined index: db_dsn D:\wnmp1\wwwroot\localhost\malasong\lib\ThinkPHP\Lib\Core\Db.class.php Á¨¨ 129 Ë°å.
NOTIC: [8] Undefined index: db_params D:\wnmp1\wwwroot\localhost\malasong\lib\ThinkPHP\Lib\Core\Db.class.php Á¨¨ 130 Ë°å.
SQL: SHOW COLUMNS FROM `mls_users` [ RunTime:0.003216s ]
SQL: SELECT `id`,`phone`,`email`,`pwd`,`nicname` FROM `mls_users` WHERE ( pwd = 'f35f1c49b927803589efa0d0bd330b8b' and sign =1 and (phone = '13522354197' or email = '13522354197') ) LIMIT 1   [ RunTime:0.000859s ]

[ 2016-11-01T16:39:27+08:00 ] /enroll/index
INFO: [ route_check ] --START--
INFO: Run CheckRoute Behavior [ RunTime:0.001029s ]
INFO: [ route_check ] --END-- [ RunTime:0.001120s ]
INFO: [ app_begin ] --START--
INFO: Run ReadHtmlCache Behavior [ RunTime:0.000540s ]
INFO: [ app_begin ] --END-- [ RunTime:0.000606s ]
INFO: Run AuthCheck Behavior [ RunTime:0.000732s ]
NOTIC: [8] Undefined index: db_dsn D:\wnmp1\wwwroot\localhost\malasong\lib\ThinkPHP\Lib\Core\Db.class.php Á¨¨ 129 Ë°å.
NOTIC: [8] Undefined index: db_params D:\wnmp1\wwwroot\localhost\malasong\lib\ThinkPHP\Lib\Core\Db.class.php Á¨¨ 130 Ë°å.
SQL: SHOW COLUMNS FROM `mls_countries` [ RunTime:0.007800s ]
ERR: 1146:Table 'zxtour.mls_countries' doesn't exist
 [ SQLËØ≠Âè• ] : SHOW COLUMNS FROM `mls_countries`
NOTIC: [8] Memcache::connect() [<a href='memcache.connect'>memcache.connect</a>]: Server 192.168.10.200 (tcp 11211) failed with: ”…”⁄¡¨Ω”∑Ω‘⁄“ª∂Œ ±º‰∫Û√ª”–’˝»∑¥∏¥ªÚ¡¨Ω”µƒ÷˜ª˙√ª”–∑¥”¶£¨¡¨Ω”≥¢ ‘ ß∞‹°£
 (10060) D:\wnmp1\wwwroot\localhost\malasong\lib\ThinkPHP\Extend\Driver\Cache\CacheMemcache.class.php Á¨¨ 46 Ë°å.
NOTIC: [2] Memcache::connect() [<a href='memcache.connect'>memcache.connect</a>]: Can't connect to 192.168.10.200:11211, ”…”⁄¡¨Ω”∑Ω‘⁄“ª∂Œ ±º‰∫Û√ª”–’˝»∑¥∏¥ªÚ¡¨Ω”µƒ÷˜ª˙√ª”–∑¥”¶£¨¡¨Ω”≥¢ ‘ ß∞‹°£
 (10060) D:\wnmp1\wwwroot\localhost\malasong\lib\ThinkPHP\Extend\Driver\Cache\CacheMemcache.class.php Á¨¨ 46 Ë°å.
NOTIC: [2] Memcache::get() [<a href='memcache.get'>memcache.get</a>]: No servers added to memcache connection D:\wnmp1\wwwroot\localhost\malasong\lib\ThinkPHP\Extend\Driver\Cache\CacheMemcache.class.php Á¨¨ 58 Ë°å.
SQL: SELECT `title` FROM `mls_countries`  [ RunTime:0.001098s ]
ERR: 1146:Table 'zxtour.mls_countries' doesn't exist
 [ SQLËØ≠Âè• ] : SELECT `title` FROM `mls_countries` 
INFO: [ view_template ] --START--
INFO: Run LocationTemplate Behavior [ RunTime:0.001313s ]
INFO: [ view_template ] --END-- [ RunTime:0.001462s ]
INFO: [ view_parse ] --START--
NOTIC: [8] Undefined index: tilte D:\wnmp1\wwwroot\localhost\malasong\DataSource\Runtime\Temp\b98fc940e393e12c0163e8b483a2b21226c917df.file.header.html.php Á¨¨ 33 Ë°å.
NOTIC: [8] Trying to get property of non-object D:\wnmp1\wwwroot\localhost\malasong\DataSource\Runtime\Temp\b98fc940e393e12c0163e8b483a2b21226c917df.file.header.html.php Á¨¨ 33 Ë°å.
NOTIC: [8] Undefined index: index D:\wnmp1\wwwroot\localhost\malasong\DataSource\Runtime\Temp\b98fc940e393e12c0163e8b483a2b21226c917df.file.header.html.php Á¨¨ 37 Ë°å.
NOTIC: [8] Trying to get property of non-object D:\wnmp1\wwwroot\localhost\malasong\DataSource\Runtime\Temp\b98fc940e393e12c0163e8b483a2b21226c917df.file.header.html.php Á¨¨ 37 Ë°å.
NOTIC: [8] Undefined index: index D:\wnmp1\wwwroot\localhost\malasong\DataSource\Runtime\Temp\b98fc940e393e12c0163e8b483a2b21226c917df.file.header.html.php Á¨¨ 47 Ë°å.
NOTIC: [8] Trying to get property of non-object D:\wnmp1\wwwroot\localhost\malasong\DataSource\Runtime\Temp\b98fc940e393e12c0163e8b483a2b21226c917df.file.header.html.php Á¨¨ 47 Ë°å.
NOTIC: [8] Undefined index: index D:\wnmp1\wwwroot\localhost\malasong\DataSource\Runtime\Temp\b98fc940e393e12c0163e8b483a2b21226c917df.file.header.html.php Á¨¨ 62 Ë°å.
NOTIC: [8] Trying to get property of non-object D:\wnmp1\wwwroot\localhost\malasong\DataSource\Runtime\Temp\b98fc940e393e12c0163e8b483a2b21226c917df.file.header.html.php Á¨¨ 62 Ë°å.
NOTIC: [8] Undefined index: error D:\wnmp1\wwwroot\localhost\malasong\DataSource\Runtime\Temp\53b2950ee527dcb4db31ef1e06a62ab3e62a8b79.file.index.html.php Á¨¨ 46 Ë°å.
NOTIC: [8] Trying to get property of non-object D:\wnmp1\wwwroot\localhost\malasong\DataSource\Runtime\Temp\53b2950ee527dcb4db31ef1e06a62ab3e62a8b79.file.index.html.php Á¨¨ 46 Ë°å.
INFO: Run ParseTemplate Behavior [ RunTime:0.025729s ]
INFO: [ view_parse ] --END-- [ RunTime:0.025818s ]
INFO: [ view_filter ] --START--
INFO: Run ContentReplace Behavior [ RunTime:0.000542s ]
INFO: Run TokenBuild Behavior [ RunTime:0.000351s ]
INFO: Run WriteHtmlCache Behavior [ RunTime:0.000236s ]
INFO: Run ShowRuntime Behavior [ RunTime:0.000416s ]
INFO: [ view_filter ] --END-- [ RunTime:0.001699s ]
INFO: [ view_end ] --START--
INFO: Run ShowPageTrace Behavior [ RunTime:0.000578s ]
INFO: [ view_end ] --END-- [ RunTime:0.000639s ]

[ 2016-11-01T16:39:27+08:00 ] /Account/verify
INFO: [ route_check ] --START--
INFO: Run CheckRoute Behavior [ RunTime:0.000707s ]
INFO: [ route_check ] --END-- [ RunTime:0.000775s ]
INFO: [ app_begin ] --START--
INFO: Run ReadHtmlCache Behavior [ RunTime:0.000389s ]
INFO: [ app_begin ] --END-- [ RunTime:0.000440s ]

[ 2016-11-01T16:39:28+08:00 ] /Ajax/apply_num
INFO: [ route_check ] --START--
INFO: Run CheckRoute Behavior [ RunTime:0.000880s ]
INFO: [ route_check ] --END-- [ RunTime:0.000992s ]
INFO: [ app_begin ] --START--
INFO: Run ReadHtmlCache Behavior [ RunTime:0.000641s ]
INFO: [ app_begin ] --END-- [ RunTime:0.000708s ]
NOTIC: [8] Undefined index: db_dsn D:\wnmp1\wwwroot\localhost\malasong\lib\ThinkPHP\Lib\Core\Db.class.php Á¨¨ 129 Ë°å.
NOTIC: [8] Undefined index: db_params D:\wnmp1\wwwroot\localhost\malasong\lib\ThinkPHP\Lib\Core\Db.class.php Á¨¨ 130 Ë°å.
SQL: SHOW COLUMNS FROM `mls_userorders` [ RunTime:0.003677s ]
SQL: SELECT COUNT(*) AS tp_count FROM `mls_userorders` WHERE ( isonline = 0 ) LIMIT 1   [ RunTime:0.001173s ]

[ 2016-11-01T16:39:36+08:00 ] /
INFO: [ app_begin ] --START--
INFO: Run ReadHtmlCache Behavior [ RunTime:0.000491s ]
INFO: [ app_begin ] --END-- [ RunTime:0.000574s ]
NOTIC: [8] Undefined index: db_dsn D:\wnmp1\wwwroot\localhost\malasong\lib\ThinkPHP\Lib\Core\Db.class.php Á¨¨ 129 Ë°å.
NOTIC: [8] Undefined index: db_params D:\wnmp1\wwwroot\localhost\malasong\lib\ThinkPHP\Lib\Core\Db.class.php Á¨¨ 130 Ë°å.
SQL: SHOW COLUMNS FROM `mls_news` [ RunTime:0.003652s ]
SQL: SELECT `id`,`news_title`,`des`,`img`,`url`,`url_type` FROM `mls_news` ORDER BY orderid asc,id desc LIMIT 0,6   [ RunTime:0.000886s ]
INFO: [ view_template ] --START--
INFO: Run LocationTemplate Behavior [ RunTime:0.001201s ]
INFO: [ view_template ] --END-- [ RunTime:0.001339s ]
INFO: [ view_parse ] --START--
NOTIC: [8] Undefined index: tilte D:\wnmp1\wwwroot\localhost\malasong\DataSource\Runtime\Temp\b98fc940e393e12c0163e8b483a2b21226c917df.file.header.html.php Á¨¨ 33 Ë°å.
NOTIC: [8] Trying to get property of non-object D:\wnmp1\wwwroot\localhost\malasong\DataSource\Runtime\Temp\b98fc940e393e12c0163e8b483a2b21226c917df.file.header.html.php Á¨¨ 33 Ë°å.
INFO: Run ParseTemplate Behavior [ RunTime:0.027973s ]
INFO: [ view_parse ] --END-- [ RunTime:0.028050s ]
INFO: [ view_filter ] --START--
INFO: Run ContentReplace Behavior [ RunTime:0.000430s ]
INFO: Run TokenBuild Behavior [ RunTime:0.000329s ]
INFO: Run WriteHtmlCache Behavior [ RunTime:0.000239s ]
INFO: Run ShowRuntime Behavior [ RunTime:0.000377s ]
INFO: [ view_filter ] --END-- [ RunTime:0.001502s ]
INFO: [ view_end ] --START--
INFO: Run ShowPageTrace Behavior [ RunTime:0.000497s ]
INFO: [ view_end ] --END-- [ RunTime:0.000554s ]

[ 2016-11-01T16:39:36+08:00 ] /Account/verify
INFO: [ route_check ] --START--
INFO: Run CheckRoute Behavior [ RunTime:0.002141s ]
INFO: [ route_check ] --END-- [ RunTime:0.002299s ]
INFO: [ app_begin ] --START--
INFO: Run ReadHtmlCache Behavior [ RunTime:0.001012s ]
INFO: [ app_begin ] --END-- [ RunTime:0.001204s ]

[ 2016-11-01T16:39:43+08:00 ] /enroll/index
INFO: [ route_check ] --START--
INFO: Run CheckRoute Behavior [ RunTime:0.000928s ]
INFO: [ route_check ] --END-- [ RunTime:0.001097s ]
INFO: [ app_begin ] --START--
INFO: Run ReadHtmlCache Behavior [ RunTime:0.001193s ]
INFO: [ app_begin ] --END-- [ RunTime:0.001284s ]
INFO: Run AuthCheck Behavior [ RunTime:0.000487s ]
NOTIC: [8] Undefined index: db_dsn D:\wnmp1\wwwroot\localhost\malasong\lib\ThinkPHP\Lib\Core\Db.class.php Á¨¨ 129 Ë°å.
NOTIC: [8] Undefined index: db_params D:\wnmp1\wwwroot\localhost\malasong\lib\ThinkPHP\Lib\Core\Db.class.php Á¨¨ 130 Ë°å.
SQL: SHOW COLUMNS FROM `mls_countries` [ RunTime:0.003167s ]
ERR: 1146:Table 'zxtour.mls_countries' doesn't exist
 [ SQLËØ≠Âè• ] : SHOW COLUMNS FROM `mls_countries`
NOTIC: [8] Memcache::connect() [<a href='memcache.connect'>memcache.connect</a>]: Server 192.168.10.200 (tcp 11211) failed with: ”…”⁄¡¨Ω”∑Ω‘⁄“ª∂Œ ±º‰∫Û√ª”–’˝»∑¥∏¥ªÚ¡¨Ω”µƒ÷˜ª˙√ª”–∑¥”¶£¨¡¨Ω”≥¢ ‘ ß∞‹°£
 (10060) D:\wnmp1\wwwroot\localhost\malasong\lib\ThinkPHP\Extend\Driver\Cache\CacheMemcache.class.php Á¨¨ 46 Ë°å.
NOTIC: [2] Memcache::connect() [<a href='memcache.connect'>memcache.connect</a>]: Can't connect to 192.168.10.200:11211, ”…”⁄¡¨Ω”∑Ω‘⁄“ª∂Œ ±º‰∫Û√ª”–’˝»∑¥∏¥ªÚ¡¨Ω”µƒ÷˜ª˙√ª”–∑¥”¶£¨¡¨Ω”≥¢ ‘ ß∞‹°£
 (10060) D:\wnmp1\wwwroot\localhost\malasong\lib\ThinkPHP\Extend\Driver\Cache\CacheMemcache.class.php Á¨¨ 46 Ë°å.
NOTIC: [2] Memcache::get() [<a href='memcache.get'>memcache.get</a>]: No servers added to memcache connection D:\wnmp1\wwwroot\localhost\malasong\lib\ThinkPHP\Extend\Driver\Cache\CacheMemcache.class.php Á¨¨ 58 Ë°å.
SQL: SELECT `title` FROM `mls_countries`  [ RunTime:0.000856s ]
ERR: 1146:Table 'zxtour.mls_countries' doesn't exist
 [ SQLËØ≠Âè• ] : SELECT `title` FROM `mls_countries` 
INFO: [ view_template ] --START--
INFO: Run LocationTemplate Behavior [ RunTime:0.001119s ]
INFO: [ view_template ] --END-- [ RunTime:0.001303s ]
INFO: [ view_parse ] --START--
NOTIC: [8] Undefined index: tilte D:\wnmp1\wwwroot\localhost\malasong\DataSource\Runtime\Temp\b98fc940e393e12c0163e8b483a2b21226c917df.file.header.html.php Á¨¨ 33 Ë°å.
NOTIC: [8] Trying to get property of non-object D:\wnmp1\wwwroot\localhost\malasong\DataSource\Runtime\Temp\b98fc940e393e12c0163e8b483a2b21226c917df.file.header.html.php Á¨¨ 33 Ë°å.
NOTIC: [8] Undefined index: index D:\wnmp1\wwwroot\localhost\malasong\DataSource\Runtime\Temp\b98fc940e393e12c0163e8b483a2b21226c917df.file.header.html.php Á¨¨ 37 Ë°å.
NOTIC: [8] Trying to get property of non-object D:\wnmp1\wwwroot\localhost\malasong\DataSource\Runtime\Temp\b98fc940e393e12c0163e8b483a2b21226c917df.file.header.html.php Á¨¨ 37 Ë°å.
NOTIC: [8] Undefined index: index D:\wnmp1\wwwroot\localhost\malasong\DataSource\Runtime\Temp\b98fc940e393e12c0163e8b483a2b21226c917df.file.header.html.php Á¨¨ 47 Ë°å.
NOTIC: [8] Trying to get property of non-object D:\wnmp1\wwwroot\localhost\malasong\DataSource\Runtime\Temp\b98fc940e393e12c0163e8b483a2b21226c917df.file.header.html.php Á¨¨ 47 Ë°å.
NOTIC: [8] Undefined index: index D:\wnmp1\wwwroot\localhost\malasong\DataSource\Runtime\Temp\b98fc940e393e12c0163e8b483a2b21226c917df.file.header.html.php Á¨¨ 62 Ë°å.
NOTIC: [8] Trying to get property of non-object D:\wnmp1\wwwroot\localhost\malasong\DataSource\Runtime\Temp\b98fc940e393e12c0163e8b483a2b21226c917df.file.header.html.php Á¨¨ 62 Ë°å.
NOTIC: [8] Undefined index: error D:\wnmp1\wwwroot\localhost\malasong\DataSource\Runtime\Temp\53b2950ee527dcb4db31ef1e06a62ab3e62a8b79.file.index.html.php Á¨¨ 46 Ë°å.
NOTIC: [8] Trying to get property of non-object D:\wnmp1\wwwroot\localhost\malasong\DataSource\Runtime\Temp\53b2950ee527dcb4db31ef1e06a62ab3e62a8b79.file.index.html.php Á¨¨ 46 Ë°å.
INFO: Run ParseTemplate Behavior [ RunTime:0.024506s ]
INFO: [ view_parse ] --END-- [ RunTime:0.024608s ]
INFO: [ view_filter ] --START--
INFO: Run ContentReplace Behavior [ RunTime:0.000573s ]
INFO: Run TokenBuild Behavior [ RunTime:0.000374s ]
INFO: Run WriteHtmlCache Behavior [ RunTime:0.000260s ]
INFO: Run ShowRuntime Behavior [ RunTime:0.000451s ]
INFO: [ view_filter ] --END-- [ RunTime:0.001825s ]
INFO: [ view_end ] --START--
INFO: Run ShowPageTrace Behavior [ RunTime:0.000560s ]
INFO: [ view_end ] --END-- [ RunTime:0.000620s ]

[ 2016-11-01T16:39:43+08:00 ] /Account/verify
INFO: [ route_check ] --START--
INFO: Run CheckRoute Behavior [ RunTime:0.000603s ]
INFO: [ route_check ] --END-- [ RunTime:0.000668s ]
INFO: [ app_begin ] --START--
INFO: Run ReadHtmlCache Behavior [ RunTime:0.000478s ]
INFO: [ app_begin ] --END-- [ RunTime:0.000544s ]

[ 2016-11-01T16:39:44+08:00 ] /Ajax/apply_num
INFO: [ route_check ] --START--
INFO: Run CheckRoute Behavior [ RunTime:0.001864s ]
INFO: [ route_check ] --END-- [ RunTime:0.001974s ]
INFO: [ app_begin ] --START--
INFO: Run ReadHtmlCache Behavior [ RunTime:0.000629s ]
INFO: [ app_begin ] --END-- [ RunTime:0.000696s ]
NOTIC: [8] Undefined index: db_dsn D:\wnmp1\wwwroot\localhost\malasong\lib\ThinkPHP\Lib\Core\Db.class.php Á¨¨ 129 Ë°å.
NOTIC: [8] Undefined index: db_params D:\wnmp1\wwwroot\localhost\malasong\lib\ThinkPHP\Lib\Core\Db.class.php Á¨¨ 130 Ë°å.
SQL: SHOW COLUMNS FROM `mls_userorders` [ RunTime:0.004128s ]
SQL: SELECT COUNT(*) AS tp_count FROM `mls_userorders` WHERE ( isonline = 0 ) LIMIT 1   [ RunTime:0.001235s ]

[ 2016-11-01T16:39:46+08:00 ] /EnrollInfo/index
INFO: [ route_check ] --START--
INFO: Run CheckRoute Behavior [ RunTime:0.000782s ]
INFO: [ route_check ] --END-- [ RunTime:0.000865s ]
INFO: [ app_begin ] --START--
INFO: Run ReadHtmlCache Behavior [ RunTime:0.000381s ]
INFO: [ app_begin ] --END-- [ RunTime:0.000425s ]
INFO: Run AuthCheck Behavior [ RunTime:0.000358s ]
NOTIC: [8] Undefined index: db_dsn D:\wnmp1\wwwroot\localhost\malasong\lib\ThinkPHP\Lib\Core\Db.class.php Á¨¨ 129 Ë°å.
NOTIC: [8] Undefined index: db_params D:\wnmp1\wwwroot\localhost\malasong\lib\ThinkPHP\Lib\Core\Db.class.php Á¨¨ 130 Ë°å.
SQL: SHOW COLUMNS FROM `mls_orderinfo` [ RunTime:0.005156s ]
SQL: select info.orderid,info.orderprice,info.paystats,info.isonline,info.ctime,info.goodsid,info.number,info.baomingdanid,info.count,info.sign,info.stime,info.etime,g.goodscls,g.goodspid from 
(SELECT o.orderid,o.orderprice,o.paystats,o.sign,o.isonline,o.ctime,i.goodsid,i.number,i.baomingdanid,i.count,i.stime,i.etime FROM `mls_orderinfo` i left join mls_userorders o on o.orderid=i.orderid where o.uid=99) info left join mls_goods g on info.goodsid=g.id [ RunTime:0.004491s ]
SQL: SHOW COLUMNS FROM `mls_baomingdan` [ RunTime:0.008444s ]
SQL: SHOW COLUMNS FROM `mls_goods` [ RunTime:0.005606s ]
INFO: [ view_template ] --START--
INFO: Run LocationTemplate Behavior [ RunTime:0.001032s ]
INFO: [ view_template ] --END-- [ RunTime:0.001122s ]
INFO: [ view_parse ] --START--
NOTIC: [8] Undefined index: tilte D:\wnmp1\wwwroot\localhost\malasong\DataSource\Runtime\Temp\b98fc940e393e12c0163e8b483a2b21226c917df.file.header.html.php Á¨¨ 33 Ë°å.
NOTIC: [8] Trying to get property of non-object D:\wnmp1\wwwroot\localhost\malasong\DataSource\Runtime\Temp\b98fc940e393e12c0163e8b483a2b21226c917df.file.header.html.php Á¨¨ 33 Ë°å.
NOTIC: [8] Undefined index: index D:\wnmp1\wwwroot\localhost\malasong\DataSource\Runtime\Temp\b98fc940e393e12c0163e8b483a2b21226c917df.file.header.html.php Á¨¨ 37 Ë°å.
NOTIC: [8] Trying to get property of non-object D:\wnmp1\wwwroot\localhost\malasong\DataSource\Runtime\Temp\b98fc940e393e12c0163e8b483a2b21226c917df.file.header.html.php Á¨¨ 37 Ë°å.
NOTIC: [8] Undefined index: index D:\wnmp1\wwwroot\localhost\malasong\DataSource\Runtime\Temp\b98fc940e393e12c0163e8b483a2b21226c917df.file.header.html.php Á¨¨ 47 Ë°å.
NOTIC: [8] Trying to get property of non-object D:\wnmp1\wwwroot\localhost\malasong\DataSource\Runtime\Temp\b98fc940e393e12c0163e8b483a2b21226c917df.file.header.html.php Á¨¨ 47 Ë°å.
NOTIC: [8] Undefined index: index D:\wnmp1\wwwroot\localhost\malasong\DataSource\Runtime\Temp\b98fc940e393e12c0163e8b483a2b21226c917df.file.header.html.php Á¨¨ 62 Ë°å.
NOTIC: [8] Trying to get property of non-object D:\wnmp1\wwwroot\localhost\malasong\DataSource\Runtime\Temp\b98fc940e393e12c0163e8b483a2b21226c917df.file.header.html.php Á¨¨ 62 Ë°å.
INFO: Run ParseTemplate Behavior [ RunTime:0.018757s ]
INFO: [ view_parse ] --END-- [ RunTime:0.018830s ]
INFO: [ view_filter ] --START--
INFO: Run ContentReplace Behavior [ RunTime:0.000372s ]
INFO: Run TokenBuild Behavior [ RunTime:0.000276s ]
INFO: Run WriteHtmlCache Behavior [ RunTime:0.000184s ]
INFO: Run ShowRuntime Behavior [ RunTime:0.000312s ]
INFO: [ view_filter ] --END-- [ RunTime:0.001269s ]
INFO: [ view_end ] --START--
INFO: Run ShowPageTrace Behavior [ RunTime:0.000407s ]
INFO: [ view_end ] --END-- [ RunTime:0.000451s ]

[ 2016-11-01T16:39:46+08:00 ] /Account/verify
INFO: [ route_check ] --START--
INFO: Run CheckRoute Behavior [ RunTime:0.000893s ]
INFO: [ route_check ] --END-- [ RunTime:0.000985s ]
INFO: [ app_begin ] --START--
INFO: Run ReadHtmlCache Behavior [ RunTime:0.000801s ]
INFO: [ app_begin ] --END-- [ RunTime:0.000887s ]

[ 2016-11-01T16:39:47+08:00 ] /Ajax/apply_num
INFO: [ route_check ] --START--
INFO: Run CheckRoute Behavior [ RunTime:0.000697s ]
INFO: [ route_check ] --END-- [ RunTime:0.000808s ]
INFO: [ app_begin ] --START--
INFO: Run ReadHtmlCache Behavior [ RunTime:0.001621s ]
INFO: [ app_begin ] --END-- [ RunTime:0.001721s ]
NOTIC: [8] Undefined index: db_dsn D:\wnmp1\wwwroot\localhost\malasong\lib\ThinkPHP\Lib\Core\Db.class.php Á¨¨ 129 Ë°å.
NOTIC: [8] Undefined index: db_params D:\wnmp1\wwwroot\localhost\malasong\lib\ThinkPHP\Lib\Core\Db.class.php Á¨¨ 130 Ë°å.
SQL: SHOW COLUMNS FROM `mls_userorders` [ RunTime:0.001718s ]
SQL: SELECT COUNT(*) AS tp_count FROM `mls_userorders` WHERE ( isonline = 0 ) LIMIT 1   [ RunTime:0.000487s ]

[ 2016-11-01T16:39:58+08:00 ] /Matchinfo/online
INFO: [ route_check ] --START--
INFO: Run CheckRoute Behavior [ RunTime:0.000608s ]
INFO: [ route_check ] --END-- [ RunTime:0.000673s ]
INFO: [ app_begin ] --START--
INFO: Run ReadHtmlCache Behavior [ RunTime:0.000383s ]
INFO: [ app_begin ] --END-- [ RunTime:0.000429s ]
INFO: [ view_template ] --START--
INFO: Run LocationTemplate Behavior [ RunTime:0.000624s ]
INFO: [ view_template ] --END-- [ RunTime:0.000699s ]
INFO: [ view_parse ] --START--
NOTIC: [8] Undefined index: tilte D:\wnmp1\wwwroot\localhost\malasong\DataSource\Runtime\Temp\b98fc940e393e12c0163e8b483a2b21226c917df.file.header.html.php Á¨¨ 33 Ë°å.
NOTIC: [8] Trying to get property of non-object D:\wnmp1\wwwroot\localhost\malasong\DataSource\Runtime\Temp\b98fc940e393e12c0163e8b483a2b21226c917df.file.header.html.php Á¨¨ 33 Ë°å.
NOTIC: [8] Undefined index: index D:\wnmp1\wwwroot\localhost\malasong\DataSource\Runtime\Temp\b98fc940e393e12c0163e8b483a2b21226c917df.file.header.html.php Á¨¨ 37 Ë°å.
NOTIC: [8] Trying to get property of non-object D:\wnmp1\wwwroot\localhost\malasong\DataSource\Runtime\Temp\b98fc940e393e12c0163e8b483a2b21226c917df.file.header.html.php Á¨¨ 37 Ë°å.
NOTIC: [8] Undefined index: index D:\wnmp1\wwwroot\localhost\malasong\DataSource\Runtime\Temp\b98fc940e393e12c0163e8b483a2b21226c917df.file.header.html.php Á¨¨ 47 Ë°å.
NOTIC: [8] Trying to get property of non-object D:\wnmp1\wwwroot\localhost\malasong\DataSource\Runtime\Temp\b98fc940e393e12c0163e8b483a2b21226c917df.file.header.html.php Á¨¨ 47 Ë°å.
NOTIC: [8] Undefined index: index D:\wnmp1\wwwroot\localhost\malasong\DataSource\Runtime\Temp\b98fc940e393e12c0163e8b483a2b21226c917df.file.header.html.php Á¨¨ 62 Ë°å.
NOTIC: [8] Trying to get property of non-object D:\wnmp1\wwwroot\localhost\malasong\DataSource\Runtime\Temp\b98fc940e393e12c0163e8b483a2b21226c917df.file.header.html.php Á¨¨ 62 Ë°å.
INFO: Run ParseTemplate Behavior [ RunTime:0.013946s ]
INFO: [ view_parse ] --END-- [ RunTime:0.014007s ]
INFO: [ view_filter ] --START--
INFO: Run ContentReplace Behavior [ RunTime:0.000345s ]
INFO: Run TokenBuild Behavior [ RunTime:0.000287s ]
INFO: Run WriteHtmlCache Behavior [ RunTime:0.000188s ]
INFO: Run ShowRuntime Behavior [ RunTime:0.000320s ]
INFO: [ view_filter ] --END-- [ RunTime:0.001269s ]
INFO: [ view_end ] --START--
INFO: Run ShowPageTrace Behavior [ RunTime:0.000489s ]
INFO: [ view_end ] --END-- [ RunTime:0.000536s ]

[ 2016-11-01T16:39:58+08:00 ] /Account/verify
INFO: [ route_check ] --START--
INFO: Run CheckRoute Behavior [ RunTime:0.000615s ]
INFO: [ route_check ] --END-- [ RunTime:0.000682s ]
INFO: [ app_begin ] --START--
INFO: Run ReadHtmlCache Behavior [ RunTime:0.000381s ]
INFO: [ app_begin ] --END-- [ RunTime:0.000427s ]

[ 2016-11-01T16:40:17+08:00 ] /OnlineEnroll/xinxi
INFO: [ route_check ] --START--
INFO: Run CheckRoute Behavior [ RunTime:0.001487s ]
INFO: [ route_check ] --END-- [ RunTime:0.001729s ]
INFO: [ app_begin ] --START--
INFO: Run ReadHtmlCache Behavior [ RunTime:0.001734s ]
INFO: [ app_begin ] --END-- [ RunTime:0.001840s ]
INFO: Run AuthCheck Behavior [ RunTime:0.000488s ]
NOTIC: [8] Undefined index: db_dsn D:\wnmp1\wwwroot\localhost\malasong\lib\ThinkPHP\Lib\Core\Db.class.php Á¨¨ 129 Ë°å.
NOTIC: [8] Undefined index: db_params D:\wnmp1\wwwroot\localhost\malasong\lib\ThinkPHP\Lib\Core\Db.class.php Á¨¨ 130 Ë°å.
SQL: SHOW COLUMNS FROM `mls_goods` [ RunTime:0.006102s ]
SQL: SELECT * FROM `mls_goods` WHERE ( goodspid = 15 ) ORDER BY `order` desc  [ RunTime:0.002520s ]
SQL: SHOW COLUMNS FROM `mls_countries` [ RunTime:0.003030s ]
ERR: 1146:Table 'zxtour.mls_countries' doesn't exist
 [ SQLËØ≠Âè• ] : SHOW COLUMNS FROM `mls_countries`
NOTIC: [8] Memcache::connect() [<a href='memcache.connect'>memcache.connect</a>]: Server 192.168.10.200 (tcp 11211) failed with: ”…”⁄¡¨Ω”∑Ω‘⁄“ª∂Œ ±º‰∫Û√ª”–’˝»∑¥∏¥ªÚ¡¨Ω”µƒ÷˜ª˙√ª”–∑¥”¶£¨¡¨Ω”≥¢ ‘ ß∞‹°£
 (10060) D:\wnmp1\wwwroot\localhost\malasong\lib\ThinkPHP\Extend\Driver\Cache\CacheMemcache.class.php Á¨¨ 46 Ë°å.
NOTIC: [2] Memcache::connect() [<a href='memcache.connect'>memcache.connect</a>]: Can't connect to 192.168.10.200:11211, ”…”⁄¡¨Ω”∑Ω‘⁄“ª∂Œ ±º‰∫Û√ª”–’˝»∑¥∏¥ªÚ¡¨Ω”µƒ÷˜ª˙√ª”–∑¥”¶£¨¡¨Ω”≥¢ ‘ ß∞‹°£
 (10060) D:\wnmp1\wwwroot\localhost\malasong\lib\ThinkPHP\Extend\Driver\Cache\CacheMemcache.class.php Á¨¨ 46 Ë°å.
NOTIC: [2] Memcache::get() [<a href='memcache.get'>memcache.get</a>]: No servers added to memcache connection D:\wnmp1\wwwroot\localhost\malasong\lib\ThinkPHP\Extend\Driver\Cache\CacheMemcache.class.php Á¨¨ 58 Ë°å.
SQL: SELECT `title` FROM `mls_countries`  [ RunTime:0.001077s ]
ERR: 1146:Table 'zxtour.mls_countries' doesn't exist
 [ SQLËØ≠Âè• ] : SELECT `title` FROM `mls_countries` 
INFO: [ view_template ] --START--
INFO: Run LocationTemplate Behavior [ RunTime:0.001189s ]
INFO: [ view_template ] --END-- [ RunTime:0.001309s ]
INFO: [ view_parse ] --START--
NOTIC: [8] Undefined index: tilte D:\wnmp1\wwwroot\localhost\malasong\DataSource\Runtime\Temp\b98fc940e393e12c0163e8b483a2b21226c917df.file.header.html.php Á¨¨ 33 Ë°å.
NOTIC: [8] Trying to get property of non-object D:\wnmp1\wwwroot\localhost\malasong\DataSource\Runtime\Temp\b98fc940e393e12c0163e8b483a2b21226c917df.file.header.html.php Á¨¨ 33 Ë°å.
NOTIC: [8] Undefined index: index D:\wnmp1\wwwroot\localhost\malasong\DataSource\Runtime\Temp\b98fc940e393e12c0163e8b483a2b21226c917df.file.header.html.php Á¨¨ 37 Ë°å.
NOTIC: [8] Trying to get property of non-object D:\wnmp1\wwwroot\localhost\malasong\DataSource\Runtime\Temp\b98fc940e393e12c0163e8b483a2b21226c917df.file.header.html.php Á¨¨ 37 Ë°å.
NOTIC: [8] Undefined index: index D:\wnmp1\wwwroot\localhost\malasong\DataSource\Runtime\Temp\b98fc940e393e12c0163e8b483a2b21226c917df.file.header.html.php Á¨¨ 47 Ë°å.
NOTIC: [8] Trying to get property of non-object D:\wnmp1\wwwroot\localhost\malasong\DataSource\Runtime\Temp\b98fc940e393e12c0163e8b483a2b21226c917df.file.header.html.php Á¨¨ 47 Ë°å.
NOTIC: [8] Undefined index: index D:\wnmp1\wwwroot\localhost\malasong\DataSource\Runtime\Temp\b98fc940e393e12c0163e8b483a2b21226c917df.file.header.html.php Á¨¨ 62 Ë°å.
NOTIC: [8] Trying to get property of non-object D:\wnmp1\wwwroot\localhost\malasong\DataSource\Runtime\Temp\b98fc940e393e12c0163e8b483a2b21226c917df.file.header.html.php Á¨¨ 62 Ë°å.
INFO: Run ParseTemplate Behavior [ RunTime:0.030689s ]
INFO: [ view_parse ] --END-- [ RunTime:0.030820s ]
INFO: [ view_filter ] --START--
INFO: Run ContentReplace Behavior [ RunTime:0.001151s ]
INFO: Run TokenBuild Behavior [ RunTime:0.000726s ]
INFO: Run WriteHtmlCache Behavior [ RunTime:0.000480s ]
INFO: Run ShowRuntime Behavior [ RunTime:0.000860s ]
INFO: [ view_filter ] --END-- [ RunTime:0.003558s ]
INFO: [ view_end ] --START--
INFO: Run ShowPageTrace Behavior [ RunTime:0.001114s ]
INFO: [ view_end ] --END-- [ RunTime:0.001229s ]

[ 2016-11-01T16:40:17+08:00 ] /Account/verify
INFO: [ route_check ] --START--
INFO: Run CheckRoute Behavior [ RunTime:0.000661s ]
INFO: [ route_check ] --END-- [ RunTime:0.000731s ]
INFO: [ app_begin ] --START--
INFO: Run ReadHtmlCache Behavior [ RunTime:0.000389s ]
INFO: [ app_begin ] --END-- [ RunTime:0.000437s ]

[ 2016-11-01T16:40:18+08:00 ] /Ajax/apply_num
INFO: [ route_check ] --START--
INFO: Run CheckRoute Behavior [ RunTime:0.000653s ]
INFO: [ route_check ] --END-- [ RunTime:0.000733s ]
INFO: [ app_begin ] --START--
INFO: Run ReadHtmlCache Behavior [ RunTime:0.000396s ]
INFO: [ app_begin ] --END-- [ RunTime:0.000439s ]
NOTIC: [8] Undefined index: db_dsn D:\wnmp1\wwwroot\localhost\malasong\lib\ThinkPHP\Lib\Core\Db.class.php Á¨¨ 129 Ë°å.
NOTIC: [8] Undefined index: db_params D:\wnmp1\wwwroot\localhost\malasong\lib\ThinkPHP\Lib\Core\Db.class.php Á¨¨ 130 Ë°å.
SQL: SHOW COLUMNS FROM `mls_userorders` [ RunTime:0.001498s ]
SQL: SELECT COUNT(*) AS tp_count FROM `mls_userorders` WHERE ( isonline = 0 ) LIMIT 1   [ RunTime:0.000537s ]

[ 2016-11-01T16:40:53+08:00 ] /OnlineEnroll/query
INFO: [ route_check ] --START--
INFO: Run CheckRoute Behavior [ RunTime:0.000803s ]
INFO: [ route_check ] --END-- [ RunTime:0.000891s ]
INFO: [ app_begin ] --START--
INFO: Run ReadHtmlCache Behavior [ RunTime:0.000474s ]
INFO: [ app_begin ] --END-- [ RunTime:0.000532s ]
INFO: Run AuthCheck Behavior [ RunTime:0.000380s ]
NOTIC: [8] Undefined index: db_dsn D:\wnmp1\wwwroot\localhost\malasong\lib\ThinkPHP\Lib\Core\Db.class.php Á¨¨ 129 Ë°å.
NOTIC: [8] Undefined index: db_params D:\wnmp1\wwwroot\localhost\malasong\lib\ThinkPHP\Lib\Core\Db.class.php Á¨¨ 130 Ë°å.
SQL: SHOW COLUMNS FROM `mls_userorders` [ RunTime:0.003630s ]
SQL: SELECT * FROM `mls_userorders` WHERE ( uid = 99 and   (paystats = 1 or paystats = 6 )  and isonline=1 ) LIMIT 1   [ RunTime:0.000798s ]

[ 2016-11-01T16:40:55+08:00 ] /OnlineEnroll/index
INFO: [ route_check ] --START--
INFO: Run CheckRoute Behavior [ RunTime:0.001458s ]
INFO: [ route_check ] --END-- [ RunTime:0.001605s ]
INFO: [ app_begin ] --START--
INFO: Run ReadHtmlCache Behavior [ RunTime:0.000986s ]
INFO: [ app_begin ] --END-- [ RunTime:0.001100s ]
INFO: Run AuthCheck Behavior [ RunTime:0.000636s ]
NOTIC: [8] Undefined index: db_dsn D:\wnmp1\wwwroot\localhost\malasong\lib\ThinkPHP\Lib\Core\Db.class.php Á¨¨ 129 Ë°å.
NOTIC: [8] Undefined index: db_params D:\wnmp1\wwwroot\localhost\malasong\lib\ThinkPHP\Lib\Core\Db.class.php Á¨¨ 130 Ë°å.
SQL: SHOW COLUMNS FROM `mls_goods` [ RunTime:0.003696s ]
SQL: SELECT * FROM `mls_goods` WHERE ( goodspid = 15 ) ORDER BY `order` desc  [ RunTime:0.002388s ]
SQL: SHOW COLUMNS FROM `mls_countries` [ RunTime:0.003458s ]
ERR: 1146:Table 'zxtour.mls_countries' doesn't exist
 [ SQLËØ≠Âè• ] : SHOW COLUMNS FROM `mls_countries`
NOTIC: [8] Memcache::connect() [<a href='memcache.connect'>memcache.connect</a>]: Server 192.168.10.200 (tcp 11211) failed with: ”…”⁄¡¨Ω”∑Ω‘⁄“ª∂Œ ±º‰∫Û√ª”–’˝»∑¥∏¥ªÚ¡¨Ω”µƒ÷˜ª˙√ª”–∑¥”¶£¨¡¨Ω”≥¢ ‘ ß∞‹°£
 (10060) D:\wnmp1\wwwroot\localhost\malasong\lib\ThinkPHP\Extend\Driver\Cache\CacheMemcache.class.php Á¨¨ 46 Ë°å.
NOTIC: [2] Memcache::connect() [<a href='memcache.connect'>memcache.connect</a>]: Can't connect to 192.168.10.200:11211, ”…”⁄¡¨Ω”∑Ω‘⁄“ª∂Œ ±º‰∫Û√ª”–’˝»∑¥∏¥ªÚ¡¨Ω”µƒ÷˜ª˙√ª”–∑¥”¶£¨¡¨Ω”≥¢ ‘ ß∞‹°£
 (10060) D:\wnmp1\wwwroot\localhost\malasong\lib\ThinkPHP\Extend\Driver\Cache\CacheMemcache.class.php Á¨¨ 46 Ë°å.
NOTIC: [2] Memcache::get() [<a href='memcache.get'>memcache.get</a>]: No servers added to memcache connection D:\wnmp1\wwwroot\localhost\malasong\lib\ThinkPHP\Extend\Driver\Cache\CacheMemcache.class.php Á¨¨ 58 Ë°å.
SQL: SELECT `title` FROM `mls_countries`  [ RunTime:0.000836s ]
ERR: 1146:Table 'zxtour.mls_countries' doesn't exist
 [ SQLËØ≠Âè• ] : SELECT `title` FROM `mls_countries` 
INFO: [ view_template ] --START--
INFO: Run LocationTemplate Behavior [ RunTime:0.001153s ]
INFO: [ view_template ] --END-- [ RunTime:0.001306s ]
INFO: [ view_parse ] --START--
NOTIC: [8] Undefined index: tilte D:\wnmp1\wwwroot\localhost\malasong\DataSource\Runtime\Temp\b98fc940e393e12c0163e8b483a2b21226c917df.file.header.html.php Á¨¨ 33 Ë°å.
NOTIC: [8] Trying to get property of non-object D:\wnmp1\wwwroot\localhost\malasong\DataSource\Runtime\Temp\b98fc940e393e12c0163e8b483a2b21226c917df.file.header.html.php Á¨¨ 33 Ë°å.
NOTIC: [8] Undefined index: index D:\wnmp1\wwwroot\localhost\malasong\DataSource\Runtime\Temp\b98fc940e393e12c0163e8b483a2b21226c917df.file.header.html.php Á¨¨ 37 Ë°å.
NOTIC: [8] Trying to get property of non-object D:\wnmp1\wwwroot\localhost\malasong\DataSource\Runtime\Temp\b98fc940e393e12c0163e8b483a2b21226c917df.file.header.html.php Á¨¨ 37 Ë°å.
NOTIC: [8] Undefined index: index D:\wnmp1\wwwroot\localhost\malasong\DataSource\Runtime\Temp\b98fc940e393e12c0163e8b483a2b21226c917df.file.header.html.php Á¨¨ 47 Ë°å.
NOTIC: [8] Trying to get property of non-object D:\wnmp1\wwwroot\localhost\malasong\DataSource\Runtime\Temp\b98fc940e393e12c0163e8b483a2b21226c917df.file.header.html.php Á¨¨ 47 Ë°å.
NOTIC: [8] Undefined index: index D:\wnmp1\wwwroot\localhost\malasong\DataSource\Runtime\Temp\b98fc940e393e12c0163e8b483a2b21226c917df.file.header.html.php Á¨¨ 62 Ë°å.
NOTIC: [8] Trying to get property of non-object D:\wnmp1\wwwroot\localhost\malasong\DataSource\Runtime\Temp\b98fc940e393e12c0163e8b483a2b21226c917df.file.header.html.php Á¨¨ 62 Ë°å.
INFO: Run ParseTemplate Behavior [ RunTime:0.027992s ]
INFO: [ view_parse ] --END-- [ RunTime:0.028118s ]
INFO: [ view_filter ] --START--
INFO: Run ContentReplace Behavior [ RunTime:0.000917s ]
INFO: Run TokenBuild Behavior [ RunTime:0.000754s ]
INFO: Run WriteHtmlCache Behavior [ RunTime:0.000475s ]
INFO: Run ShowRuntime Behavior [ RunTime:0.000532s ]
INFO: [ view_filter ] --END-- [ RunTime:0.002980s ]
INFO: [ view_end ] --START--
INFO: Run ShowPageTrace Behavior [ RunTime:0.000462s ]
INFO: [ view_end ] --END-- [ RunTime:0.000511s ]

[ 2016-11-01T16:40:55+08:00 ] /Account/verify
INFO: [ route_check ] --START--
INFO: Run CheckRoute Behavior [ RunTime:0.000697s ]
INFO: [ route_check ] --END-- [ RunTime:0.000789s ]
INFO: [ app_begin ] --START--
INFO: Run ReadHtmlCache Behavior [ RunTime:0.000392s ]
INFO: [ app_begin ] --END-- [ RunTime:0.000440s ]

[ 2016-11-01T16:41:01+08:00 ] /OnlineEnroll/query
INFO: [ route_check ] --START--
INFO: Run CheckRoute Behavior [ RunTime:0.000926s ]
INFO: [ route_check ] --END-- [ RunTime:0.001024s ]
INFO: [ app_begin ] --START--
INFO: Run ReadHtmlCache Behavior [ RunTime:0.001150s ]
INFO: [ app_begin ] --END-- [ RunTime:0.001365s ]
INFO: Run AuthCheck Behavior [ RunTime:0.000507s ]
NOTIC: [8] Undefined index: db_dsn D:\wnmp1\wwwroot\localhost\malasong\lib\ThinkPHP\Lib\Core\Db.class.php Á¨¨ 129 Ë°å.
NOTIC: [8] Undefined index: db_params D:\wnmp1\wwwroot\localhost\malasong\lib\ThinkPHP\Lib\Core\Db.class.php Á¨¨ 130 Ë°å.
SQL: SHOW COLUMNS FROM `mls_userorders` [ RunTime:0.004565s ]
SQL: SELECT * FROM `mls_userorders` WHERE ( uid = 99 and   (paystats = 1 or paystats = 6 )  and isonline=1 ) LIMIT 1   [ RunTime:0.000840s ]

[ 2016-11-01T16:41:03+08:00 ] /OnlineEnroll/index
INFO: [ route_check ] --START--
INFO: Run CheckRoute Behavior [ RunTime:0.000750s ]
INFO: [ route_check ] --END-- [ RunTime:0.000829s ]
INFO: [ app_begin ] --START--
INFO: Run ReadHtmlCache Behavior [ RunTime:0.000459s ]
INFO: [ app_begin ] --END-- [ RunTime:0.000515s ]
INFO: Run AuthCheck Behavior [ RunTime:0.000392s ]
NOTIC: [8] Undefined index: db_dsn D:\wnmp1\wwwroot\localhost\malasong\lib\ThinkPHP\Lib\Core\Db.class.php Á¨¨ 129 Ë°å.
NOTIC: [8] Undefined index: db_params D:\wnmp1\wwwroot\localhost\malasong\lib\ThinkPHP\Lib\Core\Db.class.php Á¨¨ 130 Ë°å.
SQL: SHOW COLUMNS FROM `mls_goods` [ RunTime:0.004044s ]
SQL: SELECT * FROM `mls_goods` WHERE ( goodspid = 15 ) ORDER BY `order` desc  [ RunTime:0.002500s ]
SQL: SHOW COLUMNS FROM `mls_countries` [ RunTime:0.003691s ]
ERR: 1146:Table 'zxtour.mls_countries' doesn't exist
 [ SQLËØ≠Âè• ] : SHOW COLUMNS FROM `mls_countries`
NOTIC: [8] Memcache::connect() [<a href='memcache.connect'>memcache.connect</a>]: Server 192.168.10.200 (tcp 11211) failed with: ”…”⁄¡¨Ω”∑Ω‘⁄“ª∂Œ ±º‰∫Û√ª”–’˝»∑¥∏¥ªÚ¡¨Ω”µƒ÷˜ª˙√ª”–∑¥”¶£¨¡¨Ω”≥¢ ‘ ß∞‹°£
 (10060) D:\wnmp1\wwwroot\localhost\malasong\lib\ThinkPHP\Extend\Driver\Cache\CacheMemcache.class.php Á¨¨ 46 Ë°å.
NOTIC: [2] Memcache::connect() [<a href='memcache.connect'>memcache.connect</a>]: Can't connect to 192.168.10.200:11211, ”…”⁄¡¨Ω”∑Ω‘⁄“ª∂Œ ±º‰∫Û√ª”–’˝»∑¥∏¥ªÚ¡¨Ω”µƒ÷˜ª˙√ª”–∑¥”¶£¨¡¨Ω”≥¢ ‘ ß∞‹°£
 (10060) D:\wnmp1\wwwroot\localhost\malasong\lib\ThinkPHP\Extend\Driver\Cache\CacheMemcache.class.php Á¨¨ 46 Ë°å.
NOTIC: [2] Memcache::get() [<a href='memcache.get'>memcache.get</a>]: No servers added to memcache connection D:\wnmp1\wwwroot\localhost\malasong\lib\ThinkPHP\Extend\Driver\Cache\CacheMemcache.class.php Á¨¨ 58 Ë°å.
SQL: SELECT `title` FROM `mls_countries`  [ RunTime:0.000836s ]
ERR: 1146:Table 'zxtour.mls_countries' doesn't exist
 [ SQLËØ≠Âè• ] : SELECT `title` FROM `mls_countries` 
INFO: [ view_template ] --START--
INFO: Run LocationTemplate Behavior [ RunTime:0.001289s ]
INFO: [ view_template ] --END-- [ RunTime:0.001421s ]
INFO: [ view_parse ] --START--
NOTIC: [8] Undefined index: tilte D:\wnmp1\wwwroot\localhost\malasong\DataSource\Runtime\Temp\b98fc940e393e12c0163e8b483a2b21226c917df.file.header.html.php Á¨¨ 33 Ë°å.
NOTIC: [8] Trying to get property of non-object D:\wnmp1\wwwroot\localhost\malasong\DataSource\Runtime\Temp\b98fc940e393e12c0163e8b483a2b21226c917df.file.header.html.php Á¨¨ 33 Ë°å.
NOTIC: [8] Undefined index: index D:\wnmp1\wwwroot\localhost\malasong\DataSource\Runtime\Temp\b98fc940e393e12c0163e8b483a2b21226c917df.file.header.html.php Á¨¨ 37 Ë°å.
NOTIC: [8] Trying to get property of non-object D:\wnmp1\wwwroot\localhost\malasong\DataSource\Runtime\Temp\b98fc940e393e12c0163e8b483a2b21226c917df.file.header.html.php Á¨¨ 37 Ë°å.
NOTIC: [8] Undefined index: index D:\wnmp1\wwwroot\localhost\malasong\DataSource\Runtime\Temp\b98fc940e393e12c0163e8b483a2b21226c917df.file.header.html.php Á¨¨ 47 Ë°å.
NOTIC: [8] Trying to get property of non-object D:\wnmp1\wwwroot\localhost\malasong\DataSource\Runtime\Temp\b98fc940e393e12c0163e8b483a2b21226c917df.file.header.html.php Á¨¨ 47 Ë°å.
NOTIC: [8] Undefined index: index D:\wnmp1\wwwroot\localhost\malasong\DataSource\Runtime\Temp\b98fc940e393e12c0163e8b483a2b21226c917df.file.header.html.php Á¨¨ 62 Ë°å.
NOTIC: [8] Trying to get property of non-object D:\wnmp1\wwwroot\localhost\malasong\DataSource\Runtime\Temp\b98fc940e393e12c0163e8b483a2b21226c917df.file.header.html.php Á¨¨ 62 Ë°å.
INFO: Run ParseTemplate Behavior [ RunTime:0.020967s ]
INFO: [ view_parse ] --END-- [ RunTime:0.021079s ]
INFO: [ view_filter ] --START--
INFO: Run ContentReplace Behavior [ RunTime:0.000710s ]
INFO: Run TokenBuild Behavior [ RunTime:0.000549s ]
INFO: Run WriteHtmlCache Behavior [ RunTime:0.000375s ]
INFO: Run ShowRuntime Behavior [ RunTime:0.000645s ]
INFO: [ view_filter ] --END-- [ RunTime:0.002523s ]
INFO: [ view_end ] --START--
INFO: Run ShowPageTrace Behavior [ RunTime:0.000831s ]
INFO: [ view_end ] --END-- [ RunTime:0.000922s ]

[ 2016-11-01T16:41:03+08:00 ] /Account/verify
INFO: [ route_check ] --START--
INFO: Run CheckRoute Behavior [ RunTime:0.000952s ]
INFO: [ route_check ] --END-- [ RunTime:0.001056s ]
INFO: [ app_begin ] --START--
INFO: Run ReadHtmlCache Behavior [ RunTime:0.000603s ]
INFO: [ app_begin ] --END-- [ RunTime:0.000681s ]

[ 2016-11-01T16:41:07+08:00 ] /Score/index
INFO: [ route_check ] --START--
INFO: Run CheckRoute Behavior [ RunTime:0.000812s ]
INFO: [ route_check ] --END-- [ RunTime:0.000890s ]
INFO: [ app_begin ] --START--
INFO: Run ReadHtmlCache Behavior [ RunTime:0.000528s ]
INFO: [ app_begin ] --END-- [ RunTime:0.000589s ]
INFO: [ view_template ] --START--
INFO: Run LocationTemplate Behavior [ RunTime:0.000604s ]
INFO: [ view_template ] --END-- [ RunTime:0.000682s ]
INFO: [ view_parse ] --START--
NOTIC: [8] Undefined index: tilte D:\wnmp1\wwwroot\localhost\malasong\DataSource\Runtime\Temp\b98fc940e393e12c0163e8b483a2b21226c917df.file.header.html.php Á¨¨ 33 Ë°å.
NOTIC: [8] Trying to get property of non-object D:\wnmp1\wwwroot\localhost\malasong\DataSource\Runtime\Temp\b98fc940e393e12c0163e8b483a2b21226c917df.file.header.html.php Á¨¨ 33 Ë°å.
NOTIC: [8] Undefined index: index D:\wnmp1\wwwroot\localhost\malasong\DataSource\Runtime\Temp\b98fc940e393e12c0163e8b483a2b21226c917df.file.header.html.php Á¨¨ 37 Ë°å.
NOTIC: [8] Trying to get property of non-object D:\wnmp1\wwwroot\localhost\malasong\DataSource\Runtime\Temp\b98fc940e393e12c0163e8b483a2b21226c917df.file.header.html.php Á¨¨ 37 Ë°å.
NOTIC: [8] Undefined index: index D:\wnmp1\wwwroot\localhost\malasong\DataSource\Runtime\Temp\b98fc940e393e12c0163e8b483a2b21226c917df.file.header.html.php Á¨¨ 47 Ë°å.
NOTIC: [8] Trying to get property of non-object D:\wnmp1\wwwroot\localhost\malasong\DataSource\Runtime\Temp\b98fc940e393e12c0163e8b483a2b21226c917df.file.header.html.php Á¨¨ 47 Ë°å.
NOTIC: [8] Undefined index: index D:\wnmp1\wwwroot\localhost\malasong\DataSource\Runtime\Temp\b98fc940e393e12c0163e8b483a2b21226c917df.file.header.html.php Á¨¨ 62 Ë°å.
NOTIC: [8] Trying to get property of non-object D:\wnmp1\wwwroot\localhost\malasong\DataSource\Runtime\Temp\b98fc940e393e12c0163e8b483a2b21226c917df.file.header.html.php Á¨¨ 62 Ë°å.
INFO: Run ParseTemplate Behavior [ RunTime:0.042035s ]
INFO: [ view_parse ] --END-- [ RunTime:0.042100s ]
INFO: [ view_filter ] --START--
INFO: Run ContentReplace Behavior [ RunTime:0.000513s ]
INFO: Run TokenBuild Behavior [ RunTime:0.000304s ]
INFO: Run WriteHtmlCache Behavior [ RunTime:0.000222s ]
INFO: Run ShowRuntime Behavior [ RunTime:0.000347s ]
INFO: [ view_filter ] --END-- [ RunTime:0.001512s ]
INFO: [ view_end ] --START--
INFO: Run ShowPageTrace Behavior [ RunTime:0.000459s ]
INFO: [ view_end ] --END-- [ RunTime:0.000504s ]

[ 2016-11-01T16:41:07+08:00 ] /Account/verify
INFO: [ route_check ] --START--
INFO: Run CheckRoute Behavior [ RunTime:0.000620s ]
INFO: [ route_check ] --END-- [ RunTime:0.000691s ]
INFO: [ app_begin ] --START--
INFO: Run ReadHtmlCache Behavior [ RunTime:0.000425s ]
INFO: [ app_begin ] --END-- [ RunTime:0.000476s ]

[ 2016-11-01T16:41:08+08:00 ] /Ajax/apply_num
INFO: [ route_check ] --START--
INFO: Run CheckRoute Behavior [ RunTime:0.000944s ]
INFO: [ route_check ] --END-- [ RunTime:0.001047s ]
INFO: [ app_begin ] --START--
INFO: Run ReadHtmlCache Behavior [ RunTime:0.000586s ]
INFO: [ app_begin ] --END-- [ RunTime:0.000682s ]
NOTIC: [8] Undefined index: db_dsn D:\wnmp1\wwwroot\localhost\malasong\lib\ThinkPHP\Lib\Core\Db.class.php Á¨¨ 129 Ë°å.
NOTIC: [8] Undefined index: db_params D:\wnmp1\wwwroot\localhost\malasong\lib\ThinkPHP\Lib\Core\Db.class.php Á¨¨ 130 Ë°å.
SQL: SHOW COLUMNS FROM `mls_userorders` [ RunTime:0.004113s ]
SQL: SELECT COUNT(*) AS tp_count FROM `mls_userorders` WHERE ( isonline = 0 ) LIMIT 1   [ RunTime:0.002052s ]

[ 2016-11-01T16:41:11+08:00 ] /Account/verify?0.14074832164220297
INFO: [ route_check ] --START--
INFO: Run CheckRoute Behavior [ RunTime:0.000522s ]
INFO: [ route_check ] --END-- [ RunTime:0.000584s ]
INFO: [ app_begin ] --START--
INFO: Run ReadHtmlCache Behavior [ RunTime:0.000371s ]
INFO: [ app_begin ] --END-- [ RunTime:0.000416s ]

[ 2016-11-01T16:41:12+08:00 ] /Account/verify?0.14074832164220297?0.8139139560686781
INFO: [ route_check ] --START--
INFO: Run CheckRoute Behavior [ RunTime:0.001317s ]
INFO: [ route_check ] --END-- [ RunTime:0.001468s ]
INFO: [ app_begin ] --START--
INFO: Run ReadHtmlCache Behavior [ RunTime:0.000420s ]
INFO: [ app_begin ] --END-- [ RunTime:0.000471s ]

[ 2016-11-01T16:41:13+08:00 ] /Account/verify?0.14074832164220297?0.8139139560686781?0.803703213127325
INFO: [ route_check ] --START--
INFO: Run CheckRoute Behavior [ RunTime:0.000751s ]
INFO: [ route_check ] --END-- [ RunTime:0.000832s ]
INFO: [ app_begin ] --START--
INFO: Run ReadHtmlCache Behavior [ RunTime:0.000506s ]
INFO: [ app_begin ] --END-- [ RunTime:0.000566s ]

[ 2016-11-01T16:41:13+08:00 ] /Account/verify?0.14074832164220297?0.8139139560686781?0.803703213127325?0.4682886051970174
INFO: [ route_check ] --START--
INFO: Run CheckRoute Behavior [ RunTime:0.001480s ]
INFO: [ route_check ] --END-- [ RunTime:0.001654s ]
INFO: [ app_begin ] --START--
INFO: Run ReadHtmlCache Behavior [ RunTime:0.001017s ]
INFO: [ app_begin ] --END-- [ RunTime:0.001135s ]

[ 2016-11-01T16:41:16+08:00 ] /Score/searchcj
INFO: [ route_check ] --START--
INFO: Run CheckRoute Behavior [ RunTime:0.000528s ]
INFO: [ route_check ] --END-- [ RunTime:0.000593s ]
INFO: [ app_begin ] --START--
INFO: Run ReadHtmlCache Behavior [ RunTime:0.000371s ]
INFO: [ app_begin ] --END-- [ RunTime:0.000412s ]

[ 2016-11-01T16:41:17+08:00 ] /Account/verify?0.056111652060063744
INFO: [ route_check ] --START--
INFO: Run CheckRoute Behavior [ RunTime:0.000580s ]
INFO: [ route_check ] --END-- [ RunTime:0.000646s ]
INFO: [ app_begin ] --START--
INFO: Run ReadHtmlCache Behavior [ RunTime:0.000375s ]
INFO: [ app_begin ] --END-- [ RunTime:0.000422s ]

[ 2016-11-01T16:41:28+08:00 ] /Account/logout
INFO: [ route_check ] --START--
INFO: Run CheckRoute Behavior [ RunTime:0.001018s ]
INFO: [ route_check ] --END-- [ RunTime:0.001123s ]
INFO: [ app_begin ] --START--
INFO: Run ReadHtmlCache Behavior [ RunTime:0.000849s ]
INFO: [ app_begin ] --END-- [ RunTime:0.000938s ]

[ 2016-11-01T16:41:29+08:00 ] /Index
INFO: [ route_check ] --START--
INFO: Run CheckRoute Behavior [ RunTime:0.000504s ]
INFO: [ route_check ] --END-- [ RunTime:0.000575s ]
INFO: [ app_begin ] --START--
INFO: Run ReadHtmlCache Behavior [ RunTime:0.000355s ]
INFO: [ app_begin ] --END-- [ RunTime:0.000398s ]
NOTIC: [8] Undefined index: db_dsn D:\wnmp1\wwwroot\localhost\malasong\lib\ThinkPHP\Lib\Core\Db.class.php Á¨¨ 129 Ë°å.
NOTIC: [8] Undefined index: db_params D:\wnmp1\wwwroot\localhost\malasong\lib\ThinkPHP\Lib\Core\Db.class.php Á¨¨ 130 Ë°å.
SQL: SHOW COLUMNS FROM `mls_news` [ RunTime:0.003572s ]
SQL: SELECT `id`,`news_title`,`des`,`img`,`url`,`url_type` FROM `mls_news` ORDER BY orderid asc,id desc LIMIT 0,6   [ RunTime:0.000843s ]
INFO: [ view_template ] --START--
INFO: Run LocationTemplate Behavior [ RunTime:0.001643s ]
INFO: [ view_template ] --END-- [ RunTime:0.001787s ]
INFO: [ view_parse ] --START--
NOTIC: [8] Undefined index: tilte D:\wnmp1\wwwroot\localhost\malasong\DataSource\Runtime\Temp\b98fc940e393e12c0163e8b483a2b21226c917df.file.header.html.php Á¨¨ 33 Ë°å.
NOTIC: [8] Trying to get property of non-object D:\wnmp1\wwwroot\localhost\malasong\DataSource\Runtime\Temp\b98fc940e393e12c0163e8b483a2b21226c917df.file.header.html.php Á¨¨ 33 Ë°å.
INFO: Run ParseTemplate Behavior [ RunTime:0.021546s ]
INFO: [ view_parse ] --END-- [ RunTime:0.021671s ]
INFO: [ view_filter ] --START--
INFO: Run ContentReplace Behavior [ RunTime:0.000728s ]
INFO: Run TokenBuild Behavior [ RunTime:0.000428s ]
INFO: Run WriteHtmlCache Behavior [ RunTime:0.000296s ]
INFO: Run ShowRuntime Behavior [ RunTime:0.000513s ]
INFO: [ view_filter ] --END-- [ RunTime:0.002160s ]
INFO: [ view_end ] --START--
INFO: Run ShowPageTrace Behavior [ RunTime:0.000666s ]
INFO: [ view_end ] --END-- [ RunTime:0.000735s ]

[ 2016-11-01T16:41:29+08:00 ] /Account/verify
INFO: [ route_check ] --START--
INFO: Run CheckRoute Behavior [ RunTime:0.000532s ]
INFO: [ route_check ] --END-- [ RunTime:0.000598s ]
INFO: [ app_begin ] --START--
INFO: Run ReadHtmlCache Behavior [ RunTime:0.000388s ]
INFO: [ app_begin ] --END-- [ RunTime:0.000434s ]

[ 2016-11-01T16:41:44+08:00 ] /Account/dologin?account=13522354197&pwd=aaa11111&code=6960
INFO: [ route_check ] --START--
INFO: Run CheckRoute Behavior [ RunTime:0.000580s ]
INFO: [ route_check ] --END-- [ RunTime:0.000647s ]
INFO: [ app_begin ] --START--
INFO: Run ReadHtmlCache Behavior [ RunTime:0.000435s ]
INFO: [ app_begin ] --END-- [ RunTime:0.000482s ]

[ 2016-11-01T16:41:51+08:00 ] /Account/dologin?account=13522354197&pwd=aaa11111&code=6980
INFO: [ route_check ] --START--
INFO: Run CheckRoute Behavior [ RunTime:0.000524s ]
INFO: [ route_check ] --END-- [ RunTime:0.000587s ]
INFO: [ app_begin ] --START--
INFO: Run ReadHtmlCache Behavior [ RunTime:0.000375s ]
INFO: [ app_begin ] --END-- [ RunTime:0.000436s ]

[ 2016-11-01T16:41:55+08:00 ] /Account/dologin?account=13522354197&pwd=aaa11111&code=6980
INFO: [ route_check ] --START--
INFO: Run CheckRoute Behavior [ RunTime:0.000653s ]
INFO: [ route_check ] --END-- [ RunTime:0.000728s ]
INFO: [ app_begin ] --START--
INFO: Run ReadHtmlCache Behavior [ RunTime:0.000459s ]
INFO: [ app_begin ] --END-- [ RunTime:0.000510s ]

[ 2016-11-01T16:41:57+08:00 ] /Account/dologin?account=13522354197&pwd=aaa11111&code=6980
INFO: [ route_check ] --START--
INFO: Run CheckRoute Behavior [ RunTime:0.000581s ]
INFO: [ route_check ] --END-- [ RunTime:0.000650s ]
INFO: [ app_begin ] --START--
INFO: Run ReadHtmlCache Behavior [ RunTime:0.000415s ]
INFO: [ app_begin ] --END-- [ RunTime:0.000461s ]

[ 2016-11-01T16:42:02+08:00 ] /Account/dologin?account=13522354197&pwd=aaa11111&code=6950
INFO: [ route_check ] --START--
INFO: Run CheckRoute Behavior [ RunTime:0.001305s ]
INFO: [ route_check ] --END-- [ RunTime:0.001461s ]
INFO: [ app_begin ] --START--
INFO: Run ReadHtmlCache Behavior [ RunTime:0.000923s ]
INFO: [ app_begin ] --END-- [ RunTime:0.001028s ]
NOTIC: [8] Undefined index: db_dsn D:\wnmp1\wwwroot\localhost\malasong\lib\ThinkPHP\Lib\Core\Db.class.php Á¨¨ 129 Ë°å.
NOTIC: [8] Undefined index: db_params D:\wnmp1\wwwroot\localhost\malasong\lib\ThinkPHP\Lib\Core\Db.class.php Á¨¨ 130 Ë°å.
SQL: SHOW COLUMNS FROM `mls_users` [ RunTime:0.003251s ]
SQL: SELECT `id`,`phone`,`email`,`pwd`,`nicname` FROM `mls_users` WHERE ( pwd = 'f35f1c49b927803589efa0d0bd330b8b' and sign =1 and (phone = '13522354197' or email = '13522354197') ) LIMIT 1   [ RunTime:0.000755s ]

[ 2016-11-01T16:42:04+08:00 ] /enroll/index
INFO: [ route_check ] --START--
INFO: Run CheckRoute Behavior [ RunTime:0.000521s ]
INFO: [ route_check ] --END-- [ RunTime:0.000594s ]
INFO: [ app_begin ] --START--
INFO: Run ReadHtmlCache Behavior [ RunTime:0.001230s ]
INFO: [ app_begin ] --END-- [ RunTime:0.001289s ]
INFO: Run AuthCheck Behavior [ RunTime:0.000437s ]
NOTIC: [8] Undefined index: db_dsn D:\wnmp1\wwwroot\localhost\malasong\lib\ThinkPHP\Lib\Core\Db.class.php Á¨¨ 129 Ë°å.
NOTIC: [8] Undefined index: db_params D:\wnmp1\wwwroot\localhost\malasong\lib\ThinkPHP\Lib\Core\Db.class.php Á¨¨ 130 Ë°å.
SQL: SHOW COLUMNS FROM `mls_countries` [ RunTime:0.003054s ]
ERR: 1146:Table 'zxtour.mls_countries' doesn't exist
 [ SQLËØ≠Âè• ] : SHOW COLUMNS FROM `mls_countries`
NOTIC: [8] Memcache::connect() [<a href='memcache.connect'>memcache.connect</a>]: Server 192.168.10.200 (tcp 11211) failed with: ”…”⁄¡¨Ω”∑Ω‘⁄“ª∂Œ ±º‰∫Û√ª”–’˝»∑¥∏¥ªÚ¡¨Ω”µƒ÷˜ª˙√ª”–∑¥”¶£¨¡¨Ω”≥¢ ‘ ß∞‹°£
 (10060) D:\wnmp1\wwwroot\localhost\malasong\lib\ThinkPHP\Extend\Driver\Cache\CacheMemcache.class.php Á¨¨ 46 Ë°å.
NOTIC: [2] Memcache::connect() [<a href='memcache.connect'>memcache.connect</a>]: Can't connect to 192.168.10.200:11211, ”…”⁄¡¨Ω”∑Ω‘⁄“ª∂Œ ±º‰∫Û√ª”–’˝»∑¥∏¥ªÚ¡¨Ω”µƒ÷˜ª˙√ª”–∑¥”¶£¨¡¨Ω”≥¢ ‘ ß∞‹°£
 (10060) D:\wnmp1\wwwroot\localhost\malasong\lib\ThinkPHP\Extend\Driver\Cache\CacheMemcache.class.php Á¨¨ 46 Ë°å.
NOTIC: [2] Memcache::get() [<a href='memcache.get'>memcache.get</a>]: No servers added to memcache connection D:\wnmp1\wwwroot\localhost\malasong\lib\ThinkPHP\Extend\Driver\Cache\CacheMemcache.class.php Á¨¨ 58 Ë°å.
SQL: SELECT `title` FROM `mls_countries`  [ RunTime:0.000918s ]
ERR: 1146:Table 'zxtour.mls_countries' doesn't exist
 [ SQLËØ≠Âè• ] : SELECT `title` FROM `mls_countries` 
INFO: [ view_template ] --START--
INFO: Run LocationTemplate Behavior [ RunTime:0.001873s ]
INFO: [ view_template ] --END-- [ RunTime:0.002350s ]
INFO: [ view_parse ] --START--
NOTIC: [8] Undefined index: tilte D:\wnmp1\wwwroot\localhost\malasong\DataSource\Runtime\Temp\b98fc940e393e12c0163e8b483a2b21226c917df.file.header.html.php Á¨¨ 33 Ë°å.
NOTIC: [8] Trying to get property of non-object D:\wnmp1\wwwroot\localhost\malasong\DataSource\Runtime\Temp\b98fc940e393e12c0163e8b483a2b21226c917df.file.header.html.php Á¨¨ 33 Ë°å.
NOTIC: [8] Undefined index: index D:\wnmp1\wwwroot\localhost\malasong\DataSource\Runtime\Temp\b98fc940e393e12c0163e8b483a2b21226c917df.file.header.html.php Á¨¨ 37 Ë°å.
NOTIC: [8] Trying to get property of non-object D:\wnmp1\wwwroot\localhost\malasong\DataSource\Runtime\Temp\b98fc940e393e12c0163e8b483a2b21226c917df.file.header.html.php Á¨¨ 37 Ë°å.
NOTIC: [8] Undefined index: index D:\wnmp1\wwwroot\localhost\malasong\DataSource\Runtime\Temp\b98fc940e393e12c0163e8b483a2b21226c917df.file.header.html.php Á¨¨ 47 Ë°å.
NOTIC: [8] Trying to get property of non-object D:\wnmp1\wwwroot\localhost\malasong\DataSource\Runtime\Temp\b98fc940e393e12c0163e8b483a2b21226c917df.file.header.html.php Á¨¨ 47 Ë°å.
NOTIC: [8] Undefined index: index D:\wnmp1\wwwroot\localhost\malasong\DataSource\Runtime\Temp\b98fc940e393e12c0163e8b483a2b21226c917df.file.header.html.php Á¨¨ 62 Ë°å.
NOTIC: [8] Trying to get property of non-object D:\wnmp1\wwwroot\localhost\malasong\DataSource\Runtime\Temp\b98fc940e393e12c0163e8b483a2b21226c917df.file.header.html.php Á¨¨ 62 Ë°å.
NOTIC: [8] Undefined index: error D:\wnmp1\wwwroot\localhost\malasong\DataSource\Runtime\Temp\53b2950ee527dcb4db31ef1e06a62ab3e62a8b79.file.index.html.php Á¨¨ 46 Ë°å.
NOTIC: [8] Trying to get property of non-object D:\wnmp1\wwwroot\localhost\malasong\DataSource\Runtime\Temp\53b2950ee527dcb4db31ef1e06a62ab3e62a8b79.file.index.html.php Á¨¨ 46 Ë°å.
INFO: Run ParseTemplate Behavior [ RunTime:0.027336s ]
INFO: [ view_parse ] --END-- [ RunTime:0.027464s ]
INFO: [ view_filter ] --START--
INFO: Run ContentReplace Behavior [ RunTime:0.001286s ]
INFO: Run TokenBuild Behavior [ RunTime:0.001045s ]
INFO: Run WriteHtmlCache Behavior [ RunTime:0.001195s ]
INFO: Run ShowRuntime Behavior [ RunTime:0.000964s ]
INFO: [ view_filter ] --END-- [ RunTime:0.005016s ]
INFO: [ view_end ] --START--
INFO: Run ShowPageTrace Behavior [ RunTime:0.001338s ]
INFO: [ view_end ] --END-- [ RunTime:0.001507s ]

[ 2016-11-01T16:42:04+08:00 ] /Account/verify
INFO: [ route_check ] --START--
INFO: Run CheckRoute Behavior [ RunTime:0.000601s ]
INFO: [ route_check ] --END-- [ RunTime:0.000671s ]
INFO: [ app_begin ] --START--
INFO: Run ReadHtmlCache Behavior [ RunTime:0.000384s ]
INFO: [ app_begin ] --END-- [ RunTime:0.000432s ]

[ 2016-11-01T16:42:06+08:00 ] /Ajax/apply_num
INFO: [ route_check ] --START--
INFO: Run CheckRoute Behavior [ RunTime:0.011429s ]
INFO: [ route_check ] --END-- [ RunTime:0.011546s ]
INFO: [ app_begin ] --START--
INFO: Run ReadHtmlCache Behavior [ RunTime:0.000571s ]
INFO: [ app_begin ] --END-- [ RunTime:0.000626s ]
NOTIC: [8] Undefined index: db_dsn D:\wnmp1\wwwroot\localhost\malasong\lib\ThinkPHP\Lib\Core\Db.class.php Á¨¨ 129 Ë°å.
NOTIC: [8] Undefined index: db_params D:\wnmp1\wwwroot\localhost\malasong\lib\ThinkPHP\Lib\Core\Db.class.php Á¨¨ 130 Ë°å.
SQL: SHOW COLUMNS FROM `mls_userorders` [ RunTime:0.003551s ]
SQL: SELECT COUNT(*) AS tp_count FROM `mls_userorders` WHERE ( isonline = 0 ) LIMIT 1   [ RunTime:0.001201s ]

[ 2016-11-01T16:42:11+08:00 ] /
INFO: [ app_begin ] --START--
INFO: Run ReadHtmlCache Behavior [ RunTime:0.000941s ]
INFO: [ app_begin ] --END-- [ RunTime:0.001085s ]
NOTIC: [8] Undefined index: db_dsn D:\wnmp1\wwwroot\localhost\malasong\lib\ThinkPHP\Lib\Core\Db.class.php Á¨¨ 129 Ë°å.
NOTIC: [8] Undefined index: db_params D:\wnmp1\wwwroot\localhost\malasong\lib\ThinkPHP\Lib\Core\Db.class.php Á¨¨ 130 Ë°å.
SQL: SHOW COLUMNS FROM `mls_news` [ RunTime:0.003116s ]
SQL: SELECT `id`,`news_title`,`des`,`img`,`url`,`url_type` FROM `mls_news` ORDER BY orderid asc,id desc LIMIT 0,6   [ RunTime:0.000783s ]
INFO: [ view_template ] --START--
INFO: Run LocationTemplate Behavior [ RunTime:0.000712s ]
INFO: [ view_template ] --END-- [ RunTime:0.000811s ]
INFO: [ view_parse ] --START--
NOTIC: [8] Undefined index: tilte D:\wnmp1\wwwroot\localhost\malasong\DataSource\Runtime\Temp\b98fc940e393e12c0163e8b483a2b21226c917df.file.header.html.php Á¨¨ 33 Ë°å.
NOTIC: [8] Trying to get property of non-object D:\wnmp1\wwwroot\localhost\malasong\DataSource\Runtime\Temp\b98fc940e393e12c0163e8b483a2b21226c917df.file.header.html.php Á¨¨ 33 Ë°å.
INFO: Run ParseTemplate Behavior [ RunTime:0.023480s ]
INFO: [ view_parse ] --END-- [ RunTime:0.023551s ]
INFO: [ view_filter ] --START--
INFO: Run ContentReplace Behavior [ RunTime:0.000392s ]
INFO: Run TokenBuild Behavior [ RunTime:0.000281s ]
INFO: Run WriteHtmlCache Behavior [ RunTime:0.000189s ]
INFO: Run ShowRuntime Behavior [ RunTime:0.000323s ]
INFO: [ view_filter ] --END-- [ RunTime:0.001308s ]
INFO: [ view_end ] --START--
INFO: Run ShowPageTrace Behavior [ RunTime:0.000433s ]
INFO: [ view_end ] --END-- [ RunTime:0.000479s ]

[ 2016-11-01T16:42:11+08:00 ] /Account/verify
INFO: [ route_check ] --START--
INFO: Run CheckRoute Behavior [ RunTime:0.000572s ]
INFO: [ route_check ] --END-- [ RunTime:0.000641s ]
INFO: [ app_begin ] --START--
INFO: Run ReadHtmlCache Behavior [ RunTime:0.000410s ]
INFO: [ app_begin ] --END-- [ RunTime:0.000458s ]

[ 2016-11-01T16:44:15+08:00 ] /
INFO: [ app_begin ] --START--
INFO: Run ReadHtmlCache Behavior [ RunTime:0.000847s ]
INFO: [ app_begin ] --END-- [ RunTime:0.000948s ]
NOTIC: [8] Undefined index: db_dsn D:\wnmp1\wwwroot\localhost\malasong\lib\ThinkPHP\Lib\Core\Db.class.php Á¨¨ 129 Ë°å.
NOTIC: [8] Undefined index: db_params D:\wnmp1\wwwroot\localhost\malasong\lib\ThinkPHP\Lib\Core\Db.class.php Á¨¨ 130 Ë°å.
SQL: SHOW COLUMNS FROM `mls_news` [ RunTime:0.001911s ]
SQL: SELECT `id`,`news_title`,`des`,`img`,`url`,`url_type` FROM `mls_news` ORDER BY orderid asc,id desc LIMIT 0,6   [ RunTime:0.000597s ]
INFO: [ view_template ] --START--
INFO: Run LocationTemplate Behavior [ RunTime:0.000785s ]
INFO: [ view_template ] --END-- [ RunTime:0.000861s ]
INFO: [ view_parse ] --START--
NOTIC: [8] Undefined index: tilte D:\wnmp1\wwwroot\localhost\malasong\DataSource\Runtime\Temp\b98fc940e393e12c0163e8b483a2b21226c917df.file.header.html.php Á¨¨ 33 Ë°å.
NOTIC: [8] Trying to get property of non-object D:\wnmp1\wwwroot\localhost\malasong\DataSource\Runtime\Temp\b98fc940e393e12c0163e8b483a2b21226c917df.file.header.html.php Á¨¨ 33 Ë°å.
INFO: Run ParseTemplate Behavior [ RunTime:0.014508s ]
INFO: [ view_parse ] --END-- [ RunTime:0.014576s ]
INFO: [ view_filter ] --START--
INFO: Run ContentReplace Behavior [ RunTime:0.000699s ]
INFO: Run TokenBuild Behavior [ RunTime:0.000522s ]
INFO: Run WriteHtmlCache Behavior [ RunTime:0.000438s ]
INFO: Run ShowRuntime Behavior [ RunTime:0.000366s ]
INFO: [ view_filter ] --END-- [ RunTime:0.002246s ]
INFO: [ view_end ] --START--
INFO: Run ShowPageTrace Behavior [ RunTime:0.000443s ]
INFO: [ view_end ] --END-- [ RunTime:0.000487s ]

[ 2016-11-01T16:44:15+08:00 ] /Account/verify
INFO: [ route_check ] --START--
INFO: Run CheckRoute Behavior [ RunTime:0.001044s ]
INFO: [ route_check ] --END-- [ RunTime:0.001162s ]
INFO: [ app_begin ] --START--
INFO: Run ReadHtmlCache Behavior [ RunTime:0.000625s ]
INFO: [ app_begin ] --END-- [ RunTime:0.000701s ]

