[ 2016-11-06T15:50:04+08:00 ] /
INFO: [ app_begin ] --START--
INFO: Run ReadHtmlCache Behavior [ RunTime:0.001625s ]
INFO: [ app_begin ] --END-- [ RunTime:0.002747s ]
NOTIC: [8] Undefined index: db_dsn C:\wnmp\wwwroot\malasong\lib\ThinkPHP\Lib\Core\Db.class.php 第 129 行.
NOTIC: [8] Undefined index: db_params C:\wnmp\wwwroot\malasong\lib\ThinkPHP\Lib\Core\Db.class.php 第 130 行.
SQL: SHOW COLUMNS FROM `mls_news` [ RunTime:0.020257s ]
ERR: 1146:Table 'zxtour.mls_news' doesn't exist
 [ SQL语句 ] : SHOW COLUMNS FROM `mls_news`
SQL: SELECT `id`,`news_title`,`des`,`img`,`url`,`url_type` FROM `mls_news` ORDER BY orderid asc,id desc LIMIT 0,6   [ RunTime:0.001183s ]
ERR: 1146:Table 'zxtour.mls_news' doesn't exist
 [ SQL语句 ] : SELECT `id`,`news_title`,`des`,`img`,`url`,`url_type` FROM `mls_news` ORDER BY orderid asc,id desc LIMIT 0,6  
INFO: [ view_template ] --START--
INFO: Run LocationTemplate Behavior [ RunTime:0.001114s ]
INFO: [ view_template ] --END-- [ RunTime:0.001172s ]
INFO: [ view_parse ] --START--
NOTIC: [8] Undefined index: tilte C:\wnmp\wwwroot\malasong\DataSource\Runtime\Temp\43ada865f8bc71aef17a87e0ed7c58499c1019cf.file.index.html.php 第 36 行.
NOTIC: [8] Trying to get property of non-object C:\wnmp\wwwroot\malasong\DataSource\Runtime\Temp\43ada865f8bc71aef17a87e0ed7c58499c1019cf.file.index.html.php 第 36 行.
INFO: Run ParseTemplate Behavior [ RunTime:0.018317s ]
INFO: [ view_parse ] --END-- [ RunTime:0.018379s ]
INFO: [ view_filter ] --START--
INFO: Run ContentReplace Behavior [ RunTime:0.000935s ]
INFO: Run TokenBuild Behavior [ RunTime:0.000909s ]
INFO: Run WriteHtmlCache Behavior [ RunTime:0.000958s ]
INFO: Run ShowRuntime Behavior [ RunTime:0.001306s ]
INFO: [ view_filter ] --END-- [ RunTime:0.004291s ]
INFO: [ view_end ] --START--
INFO: Run ShowPageTrace Behavior [ RunTime:0.001573s ]
INFO: [ view_end ] --END-- [ RunTime:0.001677s ]

[ 2016-11-06T15:50:05+08:00 ] /static/images/2017/%E9%A6%96%E5%9B%BE1.jpg
INFO: [ route_check ] --START--
INFO: Run CheckRoute Behavior [ RunTime:0.025598s ]
INFO: [ route_check ] --END-- [ RunTime:0.025699s ]
INFO: [ app_begin ] --START--
INFO: Run ReadHtmlCache Behavior [ RunTime:0.000770s ]
INFO: [ app_begin ] --END-- [ RunTime:0.000833s ]
ERR: 无法加载模块:Static

[ 2016-11-06T15:52:37+08:00 ] /
INFO: [ app_begin ] --START--
INFO: Run ReadHtmlCache Behavior [ RunTime:0.001240s ]
INFO: [ app_begin ] --END-- [ RunTime:0.001375s ]
NOTIC: [8] Undefined index: db_dsn C:\wnmp\wwwroot\malasong\lib\ThinkPHP\Lib\Core\Db.class.php 第 129 行.
NOTIC: [8] Undefined index: db_params C:\wnmp\wwwroot\malasong\lib\ThinkPHP\Lib\Core\Db.class.php 第 130 行.
SQL: SHOW COLUMNS FROM `mls_news` [ RunTime:0.003807s ]
ERR: 1146:Table 'zxtour.mls_news' doesn't exist
 [ SQL语句 ] : SHOW COLUMNS FROM `mls_news`
SQL: SELECT `id`,`news_title`,`des`,`img`,`url`,`url_type` FROM `mls_news` ORDER BY orderid asc,id desc LIMIT 0,6   [ RunTime:0.000508s ]
ERR: 1146:Table 'zxtour.mls_news' doesn't exist
 [ SQL语句 ] : SELECT `id`,`news_title`,`des`,`img`,`url`,`url_type` FROM `mls_news` ORDER BY orderid asc,id desc LIMIT 0,6  
INFO: [ view_template ] --START--
INFO: Run LocationTemplate Behavior [ RunTime:0.001174s ]
INFO: [ view_template ] --END-- [ RunTime:0.001234s ]
INFO: [ view_parse ] --START--
NOTIC: [8] Undefined index: tilte C:\wnmp\wwwroot\malasong\DataSource\Runtime\Temp\43ada865f8bc71aef17a87e0ed7c58499c1019cf.file.index.html.php 第 36 行.
NOTIC: [8] Trying to get property of non-object C:\wnmp\wwwroot\malasong\DataSource\Runtime\Temp\43ada865f8bc71aef17a87e0ed7c58499c1019cf.file.index.html.php 第 36 行.
INFO: Run ParseTemplate Behavior [ RunTime:0.017952s ]
INFO: [ view_parse ] --END-- [ RunTime:0.018030s ]
INFO: [ view_filter ] --START--
INFO: Run ContentReplace Behavior [ RunTime:0.001072s ]
INFO: Run TokenBuild Behavior [ RunTime:0.000993s ]
INFO: Run WriteHtmlCache Behavior [ RunTime:0.000911s ]
INFO: Run ShowRuntime Behavior [ RunTime:0.001442s ]
INFO: [ view_filter ] --END-- [ RunTime:0.004657s ]
INFO: [ view_end ] --START--
INFO: Run ShowPageTrace Behavior [ RunTime:0.001158s ]
INFO: [ view_end ] --END-- [ RunTime:0.001330s ]

[ 2016-11-06T15:52:37+08:00 ] /static/images/2017/%E9%A6%96%E5%9B%BE1.jpg
INFO: [ route_check ] --START--
INFO: Run CheckRoute Behavior [ RunTime:0.014124s ]
INFO: [ route_check ] --END-- [ RunTime:0.014253s ]
INFO: [ app_begin ] --START--
INFO: Run ReadHtmlCache Behavior [ RunTime:0.000985s ]
INFO: [ app_begin ] --END-- [ RunTime:0.001079s ]
ERR: 无法加载模块:Static

[ 2016-11-06T15:52:48+08:00 ] /
INFO: [ app_begin ] --START--
INFO: Run ReadHtmlCache Behavior [ RunTime:0.001861s ]
INFO: [ app_begin ] --END-- [ RunTime:0.002023s ]
NOTIC: [8] Undefined index: db_dsn C:\wnmp\wwwroot\malasong\lib\ThinkPHP\Lib\Core\Db.class.php 第 129 行.
NOTIC: [8] Undefined index: db_params C:\wnmp\wwwroot\malasong\lib\ThinkPHP\Lib\Core\Db.class.php 第 130 行.
SQL: SHOW COLUMNS FROM `mls_news` [ RunTime:0.007050s ]
ERR: 1146:Table 'zxtour.mls_news' doesn't exist
 [ SQL语句 ] : SHOW COLUMNS FROM `mls_news`
SQL: SELECT `id`,`news_title`,`des`,`img`,`url`,`url_type` FROM `mls_news` ORDER BY orderid asc,id desc LIMIT 0,6   [ RunTime:0.000446s ]
ERR: 1146:Table 'zxtour.mls_news' doesn't exist
 [ SQL语句 ] : SELECT `id`,`news_title`,`des`,`img`,`url`,`url_type` FROM `mls_news` ORDER BY orderid asc,id desc LIMIT 0,6  
INFO: [ view_template ] --START--
INFO: Run LocationTemplate Behavior [ RunTime:0.000709s ]
INFO: [ view_template ] --END-- [ RunTime:0.000793s ]
INFO: [ view_parse ] --START--
NOTIC: [8] Undefined index: tilte C:\wnmp\wwwroot\malasong\DataSource\Runtime\Temp\43ada865f8bc71aef17a87e0ed7c58499c1019cf.file.index.html.php 第 36 行.
NOTIC: [8] Trying to get property of non-object C:\wnmp\wwwroot\malasong\DataSource\Runtime\Temp\43ada865f8bc71aef17a87e0ed7c58499c1019cf.file.index.html.php 第 36 行.
INFO: Run ParseTemplate Behavior [ RunTime:0.014224s ]
INFO: [ view_parse ] --END-- [ RunTime:0.014300s ]
INFO: [ view_filter ] --START--
INFO: Run ContentReplace Behavior [ RunTime:0.000691s ]
INFO: Run TokenBuild Behavior [ RunTime:0.000510s ]
INFO: Run WriteHtmlCache Behavior [ RunTime:0.000392s ]
INFO: Run ShowRuntime Behavior [ RunTime:0.000584s ]
INFO: [ view_filter ] --END-- [ RunTime:0.002369s ]
INFO: [ view_end ] --START--
INFO: Run ShowPageTrace Behavior [ RunTime:0.000725s ]
INFO: [ view_end ] --END-- [ RunTime:0.000788s ]

[ 2016-11-06T15:52:48+08:00 ] /static/images/2017/%E9%A6%96%E5%9B%BE1.jpg
INFO: [ route_check ] --START--
INFO: Run CheckRoute Behavior [ RunTime:0.001207s ]
INFO: [ route_check ] --END-- [ RunTime:0.001339s ]
INFO: [ app_begin ] --START--
INFO: Run ReadHtmlCache Behavior [ RunTime:0.001273s ]
INFO: [ app_begin ] --END-- [ RunTime:0.001388s ]
ERR: 无法加载模块:Static

[ 2016-11-06T15:55:48+08:00 ] /
INFO: [ app_begin ] --START--
INFO: Run ReadHtmlCache Behavior [ RunTime:0.000566s ]
INFO: [ app_begin ] --END-- [ RunTime:0.000687s ]
NOTIC: [8] Undefined index: db_dsn C:\wnmp\wwwroot\malasong\lib\ThinkPHP\Lib\Core\Db.class.php 第 129 行.
NOTIC: [8] Undefined index: db_params C:\wnmp\wwwroot\malasong\lib\ThinkPHP\Lib\Core\Db.class.php 第 130 行.
SQL: SHOW COLUMNS FROM `mls_news` [ RunTime:0.003615s ]
ERR: 1146:Table 'zxtour.mls_news' doesn't exist
 [ SQL语句 ] : SHOW COLUMNS FROM `mls_news`
SQL: SELECT `id`,`news_title`,`des`,`img`,`url`,`url_type` FROM `mls_news` ORDER BY orderid asc,id desc LIMIT 0,6   [ RunTime:0.000395s ]
ERR: 1146:Table 'zxtour.mls_news' doesn't exist
 [ SQL语句 ] : SELECT `id`,`news_title`,`des`,`img`,`url`,`url_type` FROM `mls_news` ORDER BY orderid asc,id desc LIMIT 0,6  
INFO: [ view_template ] --START--
INFO: Run LocationTemplate Behavior [ RunTime:0.000867s ]
INFO: [ view_template ] --END-- [ RunTime:0.000935s ]
INFO: [ view_parse ] --START--
NOTIC: [8] Undefined index: tilte C:\wnmp\wwwroot\malasong\DataSource\Runtime\Temp\43ada865f8bc71aef17a87e0ed7c58499c1019cf.file.index.html.php 第 36 行.
NOTIC: [8] Trying to get property of non-object C:\wnmp\wwwroot\malasong\DataSource\Runtime\Temp\43ada865f8bc71aef17a87e0ed7c58499c1019cf.file.index.html.php 第 36 行.
INFO: Run ParseTemplate Behavior [ RunTime:0.014651s ]
INFO: [ view_parse ] --END-- [ RunTime:0.014711s ]
INFO: [ view_filter ] --START--
INFO: Run ContentReplace Behavior [ RunTime:0.000604s ]
INFO: Run TokenBuild Behavior [ RunTime:0.000498s ]
INFO: Run WriteHtmlCache Behavior [ RunTime:0.000353s ]
INFO: Run ShowRuntime Behavior [ RunTime:0.000550s ]
INFO: [ view_filter ] --END-- [ RunTime:0.002137s ]
INFO: [ view_end ] --START--
INFO: Run ShowPageTrace Behavior [ RunTime:0.000812s ]
INFO: [ view_end ] --END-- [ RunTime:0.000909s ]

[ 2016-11-06T15:55:56+08:00 ] /
INFO: [ app_begin ] --START--
INFO: Run ReadHtmlCache Behavior [ RunTime:0.001102s ]
INFO: [ app_begin ] --END-- [ RunTime:0.001357s ]
NOTIC: [8] Undefined index: db_dsn C:\wnmp\wwwroot\malasong\lib\ThinkPHP\Lib\Core\Db.class.php 第 129 行.
NOTIC: [8] Undefined index: db_params C:\wnmp\wwwroot\malasong\lib\ThinkPHP\Lib\Core\Db.class.php 第 130 行.
SQL: SHOW COLUMNS FROM `mls_news` [ RunTime:0.009732s ]
ERR: 1146:Table 'zxtour.mls_news' doesn't exist
 [ SQL语句 ] : SHOW COLUMNS FROM `mls_news`
SQL: SELECT `id`,`news_title`,`des`,`img`,`url`,`url_type` FROM `mls_news` ORDER BY orderid asc,id desc LIMIT 0,6   [ RunTime:0.000710s ]
ERR: 1146:Table 'zxtour.mls_news' doesn't exist
 [ SQL语句 ] : SELECT `id`,`news_title`,`des`,`img`,`url`,`url_type` FROM `mls_news` ORDER BY orderid asc,id desc LIMIT 0,6  
INFO: [ view_template ] --START--
INFO: Run LocationTemplate Behavior [ RunTime:0.001204s ]
INFO: [ view_template ] --END-- [ RunTime:0.001314s ]
INFO: [ view_parse ] --START--
NOTIC: [8] Undefined index: tilte C:\wnmp\wwwroot\malasong\DataSource\Runtime\Temp\43ada865f8bc71aef17a87e0ed7c58499c1019cf.file.index.html.php 第 36 行.
NOTIC: [8] Trying to get property of non-object C:\wnmp\wwwroot\malasong\DataSource\Runtime\Temp\43ada865f8bc71aef17a87e0ed7c58499c1019cf.file.index.html.php 第 36 行.
INFO: Run ParseTemplate Behavior [ RunTime:0.026750s ]
INFO: [ view_parse ] --END-- [ RunTime:0.027010s ]
INFO: [ view_filter ] --START--
INFO: Run ContentReplace Behavior [ RunTime:0.001014s ]
INFO: Run TokenBuild Behavior [ RunTime:0.001150s ]
INFO: Run WriteHtmlCache Behavior [ RunTime:0.000561s ]
INFO: Run ShowRuntime Behavior [ RunTime:0.001017s ]
INFO: [ view_filter ] --END-- [ RunTime:0.004061s ]
INFO: [ view_end ] --START--
INFO: Run ShowPageTrace Behavior [ RunTime:0.001116s ]
INFO: [ view_end ] --END-- [ RunTime:0.001224s ]

[ 2016-11-06T15:57:36+08:00 ] /
INFO: [ app_begin ] --START--
INFO: Run ReadHtmlCache Behavior [ RunTime:0.001784s ]
INFO: [ app_begin ] --END-- [ RunTime:0.001999s ]
NOTIC: [8] Undefined index: db_dsn C:\wnmp\wwwroot\malasong\lib\ThinkPHP\Lib\Core\Db.class.php 第 129 行.
NOTIC: [8] Undefined index: db_params C:\wnmp\wwwroot\malasong\lib\ThinkPHP\Lib\Core\Db.class.php 第 130 行.
SQL: SHOW COLUMNS FROM `mls_news` [ RunTime:0.010335s ]
ERR: 1146:Table 'zxtour.mls_news' doesn't exist
 [ SQL语句 ] : SHOW COLUMNS FROM `mls_news`
SQL: SELECT `id`,`news_title`,`des`,`img`,`url`,`url_type` FROM `mls_news` ORDER BY orderid asc,id desc LIMIT 0,6   [ RunTime:0.001070s ]
ERR: 1146:Table 'zxtour.mls_news' doesn't exist
 [ SQL语句 ] : SELECT `id`,`news_title`,`des`,`img`,`url`,`url_type` FROM `mls_news` ORDER BY orderid asc,id desc LIMIT 0,6  
INFO: [ view_template ] --START--
INFO: Run LocationTemplate Behavior [ RunTime:0.002837s ]
INFO: [ view_template ] --END-- [ RunTime:0.003004s ]
INFO: [ view_parse ] --START--
NOTIC: [8] Undefined index: tilte C:\wnmp\wwwroot\malasong\DataSource\Runtime\Temp\43ada865f8bc71aef17a87e0ed7c58499c1019cf.file.index.html.php 第 36 行.
NOTIC: [8] Trying to get property of non-object C:\wnmp\wwwroot\malasong\DataSource\Runtime\Temp\43ada865f8bc71aef17a87e0ed7c58499c1019cf.file.index.html.php 第 36 行.
INFO: Run ParseTemplate Behavior [ RunTime:0.030465s ]
INFO: [ view_parse ] --END-- [ RunTime:0.030663s ]
INFO: [ view_filter ] --START--
INFO: Run ContentReplace Behavior [ RunTime:0.002058s ]
INFO: Run TokenBuild Behavior [ RunTime:0.001647s ]
INFO: Run WriteHtmlCache Behavior [ RunTime:0.001400s ]
INFO: Run ShowRuntime Behavior [ RunTime:0.001540s ]
INFO: [ view_filter ] --END-- [ RunTime:0.007028s ]
INFO: [ view_end ] --START--
INFO: Run ShowPageTrace Behavior [ RunTime:0.001679s ]
INFO: [ view_end ] --END-- [ RunTime:0.001797s ]

[ 2016-11-06T15:57:41+08:00 ] /
INFO: [ app_begin ] --START--
INFO: Run ReadHtmlCache Behavior [ RunTime:0.001563s ]
INFO: [ app_begin ] --END-- [ RunTime:0.001847s ]
NOTIC: [8] Undefined index: db_dsn C:\wnmp\wwwroot\malasong\lib\ThinkPHP\Lib\Core\Db.class.php 第 129 行.
NOTIC: [8] Undefined index: db_params C:\wnmp\wwwroot\malasong\lib\ThinkPHP\Lib\Core\Db.class.php 第 130 行.
SQL: SHOW COLUMNS FROM `mls_news` [ RunTime:0.016952s ]
ERR: 1146:Table 'zxtour.mls_news' doesn't exist
 [ SQL语句 ] : SHOW COLUMNS FROM `mls_news`
SQL: SELECT `id`,`news_title`,`des`,`img`,`url`,`url_type` FROM `mls_news` ORDER BY orderid asc,id desc LIMIT 0,6   [ RunTime:0.000637s ]
ERR: 1146:Table 'zxtour.mls_news' doesn't exist
 [ SQL语句 ] : SELECT `id`,`news_title`,`des`,`img`,`url`,`url_type` FROM `mls_news` ORDER BY orderid asc,id desc LIMIT 0,6  
INFO: [ view_template ] --START--
INFO: Run LocationTemplate Behavior [ RunTime:0.000995s ]
INFO: [ view_template ] --END-- [ RunTime:0.001100s ]
INFO: [ view_parse ] --START--
NOTIC: [8] Undefined index: tilte C:\wnmp\wwwroot\malasong\DataSource\Runtime\Temp\43ada865f8bc71aef17a87e0ed7c58499c1019cf.file.index.html.php 第 36 行.
NOTIC: [8] Trying to get property of non-object C:\wnmp\wwwroot\malasong\DataSource\Runtime\Temp\43ada865f8bc71aef17a87e0ed7c58499c1019cf.file.index.html.php 第 36 行.
INFO: Run ParseTemplate Behavior [ RunTime:0.024828s ]
INFO: [ view_parse ] --END-- [ RunTime:0.024977s ]
INFO: [ view_filter ] --START--
INFO: Run ContentReplace Behavior [ RunTime:0.001707s ]
INFO: Run TokenBuild Behavior [ RunTime:0.001247s ]
INFO: Run WriteHtmlCache Behavior [ RunTime:0.000810s ]
INFO: Run ShowRuntime Behavior [ RunTime:0.000949s ]
INFO: [ view_filter ] --END-- [ RunTime:0.005190s ]
INFO: [ view_end ] --START--
INFO: Run ShowPageTrace Behavior [ RunTime:0.001063s ]
INFO: [ view_end ] --END-- [ RunTime:0.001169s ]

[ 2016-11-06T15:58:35+08:00 ] /Matchinfo/line
INFO: [ route_check ] --START--
INFO: Run CheckRoute Behavior [ RunTime:0.002620s ]
INFO: [ route_check ] --END-- [ RunTime:0.002786s ]
INFO: [ app_begin ] --START--
INFO: Run ReadHtmlCache Behavior [ RunTime:0.001169s ]
INFO: [ app_begin ] --END-- [ RunTime:0.001290s ]
INFO: [ view_template ] --START--
INFO: Run LocationTemplate Behavior [ RunTime:0.001510s ]
INFO: [ view_template ] --END-- [ RunTime:0.001640s ]
INFO: [ view_parse ] --START--
NOTIC: [8] Undefined index: tilte C:\wnmp\wwwroot\malasong\DataSource\Runtime\Temp\b98fc940e393e12c0163e8b483a2b21226c917df.file.header.html.php 第 33 行.
NOTIC: [8] Trying to get property of non-object C:\wnmp\wwwroot\malasong\DataSource\Runtime\Temp\b98fc940e393e12c0163e8b483a2b21226c917df.file.header.html.php 第 33 行.
NOTIC: [8] Undefined index: index C:\wnmp\wwwroot\malasong\DataSource\Runtime\Temp\b98fc940e393e12c0163e8b483a2b21226c917df.file.header.html.php 第 37 行.
NOTIC: [8] Trying to get property of non-object C:\wnmp\wwwroot\malasong\DataSource\Runtime\Temp\b98fc940e393e12c0163e8b483a2b21226c917df.file.header.html.php 第 37 行.
NOTIC: [8] Undefined index: index C:\wnmp\wwwroot\malasong\DataSource\Runtime\Temp\b98fc940e393e12c0163e8b483a2b21226c917df.file.header.html.php 第 47 行.
NOTIC: [8] Trying to get property of non-object C:\wnmp\wwwroot\malasong\DataSource\Runtime\Temp\b98fc940e393e12c0163e8b483a2b21226c917df.file.header.html.php 第 47 行.
NOTIC: [8] Undefined index: index C:\wnmp\wwwroot\malasong\DataSource\Runtime\Temp\b98fc940e393e12c0163e8b483a2b21226c917df.file.header.html.php 第 52 行.
NOTIC: [8] Trying to get property of non-object C:\wnmp\wwwroot\malasong\DataSource\Runtime\Temp\b98fc940e393e12c0163e8b483a2b21226c917df.file.header.html.php 第 52 行.
INFO: Run ParseTemplate Behavior [ RunTime:0.085044s ]
INFO: [ view_parse ] --END-- [ RunTime:0.085124s ]
INFO: [ view_filter ] --START--
INFO: Run ContentReplace Behavior [ RunTime:0.000720s ]
INFO: Run TokenBuild Behavior [ RunTime:0.000494s ]
INFO: Run WriteHtmlCache Behavior [ RunTime:0.000332s ]
INFO: Run ShowRuntime Behavior [ RunTime:0.000470s ]
INFO: [ view_filter ] --END-- [ RunTime:0.002187s ]
INFO: [ view_end ] --START--
INFO: Run ShowPageTrace Behavior [ RunTime:0.000636s ]
INFO: [ view_end ] --END-- [ RunTime:0.000733s ]

[ 2016-11-06T15:58:35+08:00 ] /static/images/2017/2017%E6%96%B0%E5%B9%B4%E9%BB%91%E9%BE%99%E6%B1%9F%E5%86%B0%E4%B8%8A%E9%A9%AC%E6%8B%89%E6%9D%BE%E7%BA%BF%E8%B7%AF%E5%9B%BE.jpg
INFO: [ route_check ] --START--
INFO: Run CheckRoute Behavior [ RunTime:0.001186s ]
INFO: [ route_check ] --END-- [ RunTime:0.001281s ]
INFO: [ app_begin ] --START--
INFO: Run ReadHtmlCache Behavior [ RunTime:0.000814s ]
INFO: [ app_begin ] --END-- [ RunTime:0.000892s ]
ERR: 无法加载模块:Static

[ 2016-11-06T15:58:36+08:00 ] /Ajax/apply_num
INFO: [ route_check ] --START--
INFO: Run CheckRoute Behavior [ RunTime:0.000892s ]
INFO: [ route_check ] --END-- [ RunTime:0.000981s ]
INFO: [ app_begin ] --START--
INFO: Run ReadHtmlCache Behavior [ RunTime:0.000672s ]
INFO: [ app_begin ] --END-- [ RunTime:0.000738s ]
NOTIC: [8] Undefined index: db_dsn C:\wnmp\wwwroot\malasong\lib\ThinkPHP\Lib\Core\Db.class.php 第 129 行.
NOTIC: [8] Undefined index: db_params C:\wnmp\wwwroot\malasong\lib\ThinkPHP\Lib\Core\Db.class.php 第 130 行.
SQL: SHOW COLUMNS FROM `mls_userorders` [ RunTime:0.016412s ]
ERR: 1146:Table 'zxtour.mls_userorders' doesn't exist
 [ SQL语句 ] : SHOW COLUMNS FROM `mls_userorders`
SQL: SELECT COUNT(*) AS tp_count FROM `mls_userorders` WHERE ( isonline = 0 ) LIMIT 1   [ RunTime:0.004630s ]
ERR: 1146:Table 'zxtour.mls_userorders' doesn't exist
 [ SQL语句 ] : SELECT COUNT(*) AS tp_count FROM `mls_userorders` WHERE ( isonline = 0 ) LIMIT 1  

[ 2016-11-06T16:00:02+08:00 ] /Matchinfo/line
INFO: [ route_check ] --START--
INFO: Run CheckRoute Behavior [ RunTime:0.001944s ]
INFO: [ route_check ] --END-- [ RunTime:0.002085s ]
INFO: [ app_begin ] --START--
INFO: Run ReadHtmlCache Behavior [ RunTime:0.003635s ]
INFO: [ app_begin ] --END-- [ RunTime:0.003961s ]
INFO: [ view_template ] --START--
INFO: Run LocationTemplate Behavior [ RunTime:0.002016s ]
INFO: [ view_template ] --END-- [ RunTime:0.002153s ]
INFO: [ view_parse ] --START--
NOTIC: [8] Undefined index: tilte C:\wnmp\wwwroot\malasong\DataSource\Runtime\Temp\b98fc940e393e12c0163e8b483a2b21226c917df.file.header.html.php 第 33 行.
NOTIC: [8] Trying to get property of non-object C:\wnmp\wwwroot\malasong\DataSource\Runtime\Temp\b98fc940e393e12c0163e8b483a2b21226c917df.file.header.html.php 第 33 行.
NOTIC: [8] Undefined index: index C:\wnmp\wwwroot\malasong\DataSource\Runtime\Temp\b98fc940e393e12c0163e8b483a2b21226c917df.file.header.html.php 第 37 行.
NOTIC: [8] Trying to get property of non-object C:\wnmp\wwwroot\malasong\DataSource\Runtime\Temp\b98fc940e393e12c0163e8b483a2b21226c917df.file.header.html.php 第 37 行.
NOTIC: [8] Undefined index: index C:\wnmp\wwwroot\malasong\DataSource\Runtime\Temp\b98fc940e393e12c0163e8b483a2b21226c917df.file.header.html.php 第 47 行.
NOTIC: [8] Trying to get property of non-object C:\wnmp\wwwroot\malasong\DataSource\Runtime\Temp\b98fc940e393e12c0163e8b483a2b21226c917df.file.header.html.php 第 47 行.
NOTIC: [8] Undefined index: index C:\wnmp\wwwroot\malasong\DataSource\Runtime\Temp\b98fc940e393e12c0163e8b483a2b21226c917df.file.header.html.php 第 52 行.
NOTIC: [8] Trying to get property of non-object C:\wnmp\wwwroot\malasong\DataSource\Runtime\Temp\b98fc940e393e12c0163e8b483a2b21226c917df.file.header.html.php 第 52 行.
INFO: Run ParseTemplate Behavior [ RunTime:0.104136s ]
INFO: [ view_parse ] --END-- [ RunTime:0.104235s ]
INFO: [ view_filter ] --START--
INFO: Run ContentReplace Behavior [ RunTime:0.001123s ]
INFO: Run TokenBuild Behavior [ RunTime:0.000811s ]
INFO: Run WriteHtmlCache Behavior [ RunTime:0.000730s ]
INFO: Run ShowRuntime Behavior [ RunTime:0.001491s ]
INFO: [ view_filter ] --END-- [ RunTime:0.004347s ]
INFO: [ view_end ] --START--
INFO: Run ShowPageTrace Behavior [ RunTime:0.001250s ]
INFO: [ view_end ] --END-- [ RunTime:0.001313s ]

[ 2016-11-06T16:00:02+08:00 ] /Ajax/apply_num
INFO: [ route_check ] --START--
INFO: Run CheckRoute Behavior [ RunTime:0.002880s ]
INFO: [ route_check ] --END-- [ RunTime:0.002984s ]
INFO: [ app_begin ] --START--
INFO: Run ReadHtmlCache Behavior [ RunTime:0.000820s ]
INFO: [ app_begin ] --END-- [ RunTime:0.000911s ]
NOTIC: [8] Undefined index: db_dsn C:\wnmp\wwwroot\malasong\lib\ThinkPHP\Lib\Core\Db.class.php 第 129 行.
NOTIC: [8] Undefined index: db_params C:\wnmp\wwwroot\malasong\lib\ThinkPHP\Lib\Core\Db.class.php 第 130 行.
SQL: SHOW COLUMNS FROM `mls_userorders` [ RunTime:0.013677s ]
ERR: 1146:Table 'zxtour.mls_userorders' doesn't exist
 [ SQL语句 ] : SHOW COLUMNS FROM `mls_userorders`
SQL: SELECT COUNT(*) AS tp_count FROM `mls_userorders` WHERE ( isonline = 0 ) LIMIT 1   [ RunTime:0.002121s ]
ERR: 1146:Table 'zxtour.mls_userorders' doesn't exist
 [ SQL语句 ] : SELECT COUNT(*) AS tp_count FROM `mls_userorders` WHERE ( isonline = 0 ) LIMIT 1  

[ 2016-11-06T16:00:10+08:00 ] /Matchinfo/line
INFO: [ route_check ] --START--
INFO: Run CheckRoute Behavior [ RunTime:0.001353s ]
INFO: [ route_check ] --END-- [ RunTime:0.001615s ]
INFO: [ app_begin ] --START--
INFO: Run ReadHtmlCache Behavior [ RunTime:0.001075s ]
INFO: [ app_begin ] --END-- [ RunTime:0.001183s ]
INFO: [ view_template ] --START--
INFO: Run LocationTemplate Behavior [ RunTime:0.002785s ]
INFO: [ view_template ] --END-- [ RunTime:0.003025s ]
INFO: [ view_parse ] --START--
NOTIC: [8] Undefined index: tilte C:\wnmp\wwwroot\malasong\DataSource\Runtime\Temp\b98fc940e393e12c0163e8b483a2b21226c917df.file.header.html.php 第 33 行.
NOTIC: [8] Trying to get property of non-object C:\wnmp\wwwroot\malasong\DataSource\Runtime\Temp\b98fc940e393e12c0163e8b483a2b21226c917df.file.header.html.php 第 33 行.
NOTIC: [8] Undefined index: index C:\wnmp\wwwroot\malasong\DataSource\Runtime\Temp\b98fc940e393e12c0163e8b483a2b21226c917df.file.header.html.php 第 37 行.
NOTIC: [8] Trying to get property of non-object C:\wnmp\wwwroot\malasong\DataSource\Runtime\Temp\b98fc940e393e12c0163e8b483a2b21226c917df.file.header.html.php 第 37 行.
NOTIC: [8] Undefined index: index C:\wnmp\wwwroot\malasong\DataSource\Runtime\Temp\b98fc940e393e12c0163e8b483a2b21226c917df.file.header.html.php 第 47 行.
NOTIC: [8] Trying to get property of non-object C:\wnmp\wwwroot\malasong\DataSource\Runtime\Temp\b98fc940e393e12c0163e8b483a2b21226c917df.file.header.html.php 第 47 行.
NOTIC: [8] Undefined index: index C:\wnmp\wwwroot\malasong\DataSource\Runtime\Temp\b98fc940e393e12c0163e8b483a2b21226c917df.file.header.html.php 第 52 行.
NOTIC: [8] Trying to get property of non-object C:\wnmp\wwwroot\malasong\DataSource\Runtime\Temp\b98fc940e393e12c0163e8b483a2b21226c917df.file.header.html.php 第 52 行.
INFO: Run ParseTemplate Behavior [ RunTime:0.029765s ]
INFO: [ view_parse ] --END-- [ RunTime:0.029890s ]
INFO: [ view_filter ] --START--
INFO: Run ContentReplace Behavior [ RunTime:0.001334s ]
INFO: Run TokenBuild Behavior [ RunTime:0.001694s ]
INFO: Run WriteHtmlCache Behavior [ RunTime:0.000610s ]
INFO: Run ShowRuntime Behavior [ RunTime:0.000984s ]
INFO: [ view_filter ] --END-- [ RunTime:0.004995s ]
INFO: [ view_end ] --START--
INFO: Run ShowPageTrace Behavior [ RunTime:0.001178s ]
INFO: [ view_end ] --END-- [ RunTime:0.001291s ]

[ 2016-11-06T16:00:10+08:00 ] /Ajax/apply_num
INFO: [ route_check ] --START--
INFO: Run CheckRoute Behavior [ RunTime:0.001141s ]
INFO: [ route_check ] --END-- [ RunTime:0.001257s ]
INFO: [ app_begin ] --START--
INFO: Run ReadHtmlCache Behavior [ RunTime:0.002608s ]
INFO: [ app_begin ] --END-- [ RunTime:0.002764s ]
NOTIC: [8] Undefined index: db_dsn C:\wnmp\wwwroot\malasong\lib\ThinkPHP\Lib\Core\Db.class.php 第 129 行.
NOTIC: [8] Undefined index: db_params C:\wnmp\wwwroot\malasong\lib\ThinkPHP\Lib\Core\Db.class.php 第 130 行.
SQL: SHOW COLUMNS FROM `mls_userorders` [ RunTime:0.006145s ]
ERR: 1146:Table 'zxtour.mls_userorders' doesn't exist
 [ SQL语句 ] : SHOW COLUMNS FROM `mls_userorders`
SQL: SELECT COUNT(*) AS tp_count FROM `mls_userorders` WHERE ( isonline = 0 ) LIMIT 1   [ RunTime:0.000436s ]
ERR: 1146:Table 'zxtour.mls_userorders' doesn't exist
 [ SQL语句 ] : SELECT COUNT(*) AS tp_count FROM `mls_userorders` WHERE ( isonline = 0 ) LIMIT 1  

[ 2016-11-06T16:00:12+08:00 ] /Matchinfo/line
INFO: [ route_check ] --START--
INFO: Run CheckRoute Behavior [ RunTime:0.002225s ]
INFO: [ route_check ] --END-- [ RunTime:0.002395s ]
INFO: [ app_begin ] --START--
INFO: Run ReadHtmlCache Behavior [ RunTime:0.001607s ]
INFO: [ app_begin ] --END-- [ RunTime:0.001749s ]
INFO: [ view_template ] --START--
INFO: Run LocationTemplate Behavior [ RunTime:0.000849s ]
INFO: [ view_template ] --END-- [ RunTime:0.000969s ]
INFO: [ view_parse ] --START--
NOTIC: [8] Undefined index: tilte C:\wnmp\wwwroot\malasong\DataSource\Runtime\Temp\b98fc940e393e12c0163e8b483a2b21226c917df.file.header.html.php 第 33 行.
NOTIC: [8] Trying to get property of non-object C:\wnmp\wwwroot\malasong\DataSource\Runtime\Temp\b98fc940e393e12c0163e8b483a2b21226c917df.file.header.html.php 第 33 行.
NOTIC: [8] Undefined index: index C:\wnmp\wwwroot\malasong\DataSource\Runtime\Temp\b98fc940e393e12c0163e8b483a2b21226c917df.file.header.html.php 第 37 行.
NOTIC: [8] Trying to get property of non-object C:\wnmp\wwwroot\malasong\DataSource\Runtime\Temp\b98fc940e393e12c0163e8b483a2b21226c917df.file.header.html.php 第 37 行.
NOTIC: [8] Undefined index: index C:\wnmp\wwwroot\malasong\DataSource\Runtime\Temp\b98fc940e393e12c0163e8b483a2b21226c917df.file.header.html.php 第 47 行.
NOTIC: [8] Trying to get property of non-object C:\wnmp\wwwroot\malasong\DataSource\Runtime\Temp\b98fc940e393e12c0163e8b483a2b21226c917df.file.header.html.php 第 47 行.
NOTIC: [8] Undefined index: index C:\wnmp\wwwroot\malasong\DataSource\Runtime\Temp\b98fc940e393e12c0163e8b483a2b21226c917df.file.header.html.php 第 52 行.
NOTIC: [8] Trying to get property of non-object C:\wnmp\wwwroot\malasong\DataSource\Runtime\Temp\b98fc940e393e12c0163e8b483a2b21226c917df.file.header.html.php 第 52 行.
INFO: Run ParseTemplate Behavior [ RunTime:0.026013s ]
INFO: [ view_parse ] --END-- [ RunTime:0.026157s ]
INFO: [ view_filter ] --START--
INFO: Run ContentReplace Behavior [ RunTime:0.001802s ]
INFO: Run TokenBuild Behavior [ RunTime:0.001316s ]
INFO: Run WriteHtmlCache Behavior [ RunTime:0.001396s ]
INFO: Run ShowRuntime Behavior [ RunTime:0.000933s ]
INFO: [ view_filter ] --END-- [ RunTime:0.005831s ]
INFO: [ view_end ] --START--
INFO: Run ShowPageTrace Behavior [ RunTime:0.001217s ]
INFO: [ view_end ] --END-- [ RunTime:0.001325s ]

[ 2016-11-06T16:00:12+08:00 ] /Ajax/apply_num
INFO: [ route_check ] --START--
INFO: Run CheckRoute Behavior [ RunTime:0.001498s ]
INFO: [ route_check ] --END-- [ RunTime:0.001604s ]
INFO: [ app_begin ] --START--
INFO: Run ReadHtmlCache Behavior [ RunTime:0.001226s ]
INFO: [ app_begin ] --END-- [ RunTime:0.001309s ]
NOTIC: [8] Undefined index: db_dsn C:\wnmp\wwwroot\malasong\lib\ThinkPHP\Lib\Core\Db.class.php 第 129 行.
NOTIC: [8] Undefined index: db_params C:\wnmp\wwwroot\malasong\lib\ThinkPHP\Lib\Core\Db.class.php 第 130 行.
SQL: SHOW COLUMNS FROM `mls_userorders` [ RunTime:0.007205s ]
ERR: 1146:Table 'zxtour.mls_userorders' doesn't exist
 [ SQL语句 ] : SHOW COLUMNS FROM `mls_userorders`
SQL: SELECT COUNT(*) AS tp_count FROM `mls_userorders` WHERE ( isonline = 0 ) LIMIT 1   [ RunTime:0.000436s ]
ERR: 1146:Table 'zxtour.mls_userorders' doesn't exist
 [ SQL语句 ] : SELECT COUNT(*) AS tp_count FROM `mls_userorders` WHERE ( isonline = 0 ) LIMIT 1  

[ 2016-11-06T16:01:48+08:00 ] /index
INFO: [ route_check ] --START--
INFO: Run CheckRoute Behavior [ RunTime:0.001006s ]
INFO: [ route_check ] --END-- [ RunTime:0.001111s ]
INFO: [ app_begin ] --START--
INFO: Run ReadHtmlCache Behavior [ RunTime:0.120558s ]
INFO: [ app_begin ] --END-- [ RunTime:0.120620s ]
NOTIC: [8] Undefined index: db_dsn C:\wnmp\wwwroot\malasong\lib\ThinkPHP\Lib\Core\Db.class.php 第 129 行.
NOTIC: [8] Undefined index: db_params C:\wnmp\wwwroot\malasong\lib\ThinkPHP\Lib\Core\Db.class.php 第 130 行.
SQL: SHOW COLUMNS FROM `mls_news` [ RunTime:0.003417s ]
ERR: 1146:Table 'zxtour.mls_news' doesn't exist
 [ SQL语句 ] : SHOW COLUMNS FROM `mls_news`
SQL: SELECT `id`,`news_title`,`des`,`img`,`url`,`url_type` FROM `mls_news` ORDER BY orderid asc,id desc LIMIT 0,6   [ RunTime:0.000328s ]
ERR: 1146:Table 'zxtour.mls_news' doesn't exist
 [ SQL语句 ] : SELECT `id`,`news_title`,`des`,`img`,`url`,`url_type` FROM `mls_news` ORDER BY orderid asc,id desc LIMIT 0,6  
INFO: [ view_template ] --START--
INFO: Run LocationTemplate Behavior [ RunTime:0.001793s ]
INFO: [ view_template ] --END-- [ RunTime:0.001864s ]
INFO: [ view_parse ] --START--
NOTIC: [8] Undefined index: tilte C:\wnmp\wwwroot\malasong\DataSource\Runtime\Temp\43ada865f8bc71aef17a87e0ed7c58499c1019cf.file.index.html.php 第 36 行.
NOTIC: [8] Trying to get property of non-object C:\wnmp\wwwroot\malasong\DataSource\Runtime\Temp\43ada865f8bc71aef17a87e0ed7c58499c1019cf.file.index.html.php 第 36 行.
INFO: Run ParseTemplate Behavior [ RunTime:0.015000s ]
INFO: [ view_parse ] --END-- [ RunTime:0.015060s ]
INFO: [ view_filter ] --START--
INFO: Run ContentReplace Behavior [ RunTime:0.001245s ]
INFO: Run TokenBuild Behavior [ RunTime:0.000948s ]
INFO: Run WriteHtmlCache Behavior [ RunTime:0.000816s ]
INFO: Run ShowRuntime Behavior [ RunTime:0.001275s ]
INFO: [ view_filter ] --END-- [ RunTime:0.004750s ]
INFO: [ view_end ] --START--
INFO: Run ShowPageTrace Behavior [ RunTime:0.001107s ]
INFO: [ view_end ] --END-- [ RunTime:0.001198s ]

[ 2016-11-06T16:01:54+08:00 ] /index
INFO: [ route_check ] --START--
INFO: Run CheckRoute Behavior [ RunTime:0.001868s ]
INFO: [ route_check ] --END-- [ RunTime:0.002036s ]
INFO: [ app_begin ] --START--
INFO: Run ReadHtmlCache Behavior [ RunTime:0.001405s ]
INFO: [ app_begin ] --END-- [ RunTime:0.001601s ]
NOTIC: [8] Undefined index: db_dsn C:\wnmp\wwwroot\malasong\lib\ThinkPHP\Lib\Core\Db.class.php 第 129 行.
NOTIC: [8] Undefined index: db_params C:\wnmp\wwwroot\malasong\lib\ThinkPHP\Lib\Core\Db.class.php 第 130 行.
SQL: SHOW COLUMNS FROM `mls_news` [ RunTime:0.006144s ]
ERR: 1146:Table 'zxtour.mls_news' doesn't exist
 [ SQL语句 ] : SHOW COLUMNS FROM `mls_news`
SQL: SELECT `id`,`news_title`,`des`,`img`,`url`,`url_type` FROM `mls_news` ORDER BY orderid asc,id desc LIMIT 0,6   [ RunTime:0.000664s ]
ERR: 1146:Table 'zxtour.mls_news' doesn't exist
 [ SQL语句 ] : SELECT `id`,`news_title`,`des`,`img`,`url`,`url_type` FROM `mls_news` ORDER BY orderid asc,id desc LIMIT 0,6  
INFO: [ view_template ] --START--
INFO: Run LocationTemplate Behavior [ RunTime:0.001092s ]
INFO: [ view_template ] --END-- [ RunTime:0.001196s ]
INFO: [ view_parse ] --START--
NOTIC: [8] Undefined index: tilte C:\wnmp\wwwroot\malasong\DataSource\Runtime\Temp\43ada865f8bc71aef17a87e0ed7c58499c1019cf.file.index.html.php 第 36 行.
NOTIC: [8] Trying to get property of non-object C:\wnmp\wwwroot\malasong\DataSource\Runtime\Temp\43ada865f8bc71aef17a87e0ed7c58499c1019cf.file.index.html.php 第 36 行.
INFO: Run ParseTemplate Behavior [ RunTime:0.024997s ]
INFO: [ view_parse ] --END-- [ RunTime:0.025122s ]
INFO: [ view_filter ] --START--
INFO: Run ContentReplace Behavior [ RunTime:0.001172s ]
INFO: Run TokenBuild Behavior [ RunTime:0.000769s ]
INFO: Run WriteHtmlCache Behavior [ RunTime:0.000575s ]
INFO: Run ShowRuntime Behavior [ RunTime:0.000884s ]
INFO: [ view_filter ] --END-- [ RunTime:0.003701s ]
INFO: [ view_end ] --START--
INFO: Run ShowPageTrace Behavior [ RunTime:0.001223s ]
INFO: [ view_end ] --END-- [ RunTime:0.001330s ]

[ 2016-11-06T16:01:56+08:00 ] /index
INFO: [ route_check ] --START--
INFO: Run CheckRoute Behavior [ RunTime:0.001156s ]
INFO: [ route_check ] --END-- [ RunTime:0.001291s ]
INFO: [ app_begin ] --START--
INFO: Run ReadHtmlCache Behavior [ RunTime:0.000927s ]
INFO: [ app_begin ] --END-- [ RunTime:0.001006s ]
NOTIC: [8] Undefined index: db_dsn C:\wnmp\wwwroot\malasong\lib\ThinkPHP\Lib\Core\Db.class.php 第 129 行.
NOTIC: [8] Undefined index: db_params C:\wnmp\wwwroot\malasong\lib\ThinkPHP\Lib\Core\Db.class.php 第 130 行.
SQL: SHOW COLUMNS FROM `mls_news` [ RunTime:0.005680s ]
ERR: 1146:Table 'zxtour.mls_news' doesn't exist
 [ SQL语句 ] : SHOW COLUMNS FROM `mls_news`
SQL: SELECT `id`,`news_title`,`des`,`img`,`url`,`url_type` FROM `mls_news` ORDER BY orderid asc,id desc LIMIT 0,6   [ RunTime:0.000341s ]
ERR: 1146:Table 'zxtour.mls_news' doesn't exist
 [ SQL语句 ] : SELECT `id`,`news_title`,`des`,`img`,`url`,`url_type` FROM `mls_news` ORDER BY orderid asc,id desc LIMIT 0,6  
INFO: [ view_template ] --START--
INFO: Run LocationTemplate Behavior [ RunTime:0.000606s ]
INFO: [ view_template ] --END-- [ RunTime:0.000690s ]
INFO: [ view_parse ] --START--
NOTIC: [8] Undefined index: tilte C:\wnmp\wwwroot\malasong\DataSource\Runtime\Temp\43ada865f8bc71aef17a87e0ed7c58499c1019cf.file.index.html.php 第 36 行.
NOTIC: [8] Trying to get property of non-object C:\wnmp\wwwroot\malasong\DataSource\Runtime\Temp\43ada865f8bc71aef17a87e0ed7c58499c1019cf.file.index.html.php 第 36 行.
INFO: Run ParseTemplate Behavior [ RunTime:0.010325s ]
INFO: [ view_parse ] --END-- [ RunTime:0.010381s ]
INFO: [ view_filter ] --START--
INFO: Run ContentReplace Behavior [ RunTime:0.000395s ]
INFO: Run TokenBuild Behavior [ RunTime:0.000302s ]
INFO: Run WriteHtmlCache Behavior [ RunTime:0.000266s ]
INFO: Run ShowRuntime Behavior [ RunTime:0.000338s ]
INFO: [ view_filter ] --END-- [ RunTime:0.001409s ]
INFO: [ view_end ] --START--
INFO: Run ShowPageTrace Behavior [ RunTime:0.000531s ]
INFO: [ view_end ] --END-- [ RunTime:0.000580s ]

[ 2016-11-06T16:02:12+08:00 ] /
INFO: [ app_begin ] --START--
INFO: Run ReadHtmlCache Behavior [ RunTime:0.000585s ]
INFO: [ app_begin ] --END-- [ RunTime:0.000654s ]
NOTIC: [8] Undefined index: db_dsn C:\wnmp\wwwroot\malasong\lib\ThinkPHP\Lib\Core\Db.class.php 第 129 行.
NOTIC: [8] Undefined index: db_params C:\wnmp\wwwroot\malasong\lib\ThinkPHP\Lib\Core\Db.class.php 第 130 行.
SQL: SHOW COLUMNS FROM `mls_news` [ RunTime:0.002878s ]
ERR: 1146:Table 'zxtour.mls_news' doesn't exist
 [ SQL语句 ] : SHOW COLUMNS FROM `mls_news`
SQL: SELECT `id`,`news_title`,`des`,`img`,`url`,`url_type` FROM `mls_news` ORDER BY orderid asc,id desc LIMIT 0,6   [ RunTime:0.000415s ]
ERR: 1146:Table 'zxtour.mls_news' doesn't exist
 [ SQL语句 ] : SELECT `id`,`news_title`,`des`,`img`,`url`,`url_type` FROM `mls_news` ORDER BY orderid asc,id desc LIMIT 0,6  
INFO: [ view_template ] --START--
INFO: Run LocationTemplate Behavior [ RunTime:0.000567s ]
INFO: [ view_template ] --END-- [ RunTime:0.000617s ]
INFO: [ view_parse ] --START--
NOTIC: [8] Undefined index: tilte C:\wnmp\wwwroot\malasong\DataSource\Runtime\Temp\43ada865f8bc71aef17a87e0ed7c58499c1019cf.file.index.html.php 第 36 行.
NOTIC: [8] Trying to get property of non-object C:\wnmp\wwwroot\malasong\DataSource\Runtime\Temp\43ada865f8bc71aef17a87e0ed7c58499c1019cf.file.index.html.php 第 36 行.
INFO: Run ParseTemplate Behavior [ RunTime:0.010761s ]
INFO: [ view_parse ] --END-- [ RunTime:0.010811s ]
INFO: [ view_filter ] --START--
INFO: Run ContentReplace Behavior [ RunTime:0.000537s ]
INFO: Run TokenBuild Behavior [ RunTime:0.000485s ]
INFO: Run WriteHtmlCache Behavior [ RunTime:0.000348s ]
INFO: Run ShowRuntime Behavior [ RunTime:0.000499s ]
INFO: [ view_filter ] --END-- [ RunTime:0.001999s ]
INFO: [ view_end ] --START--
INFO: Run ShowPageTrace Behavior [ RunTime:0.000538s ]
INFO: [ view_end ] --END-- [ RunTime:0.000591s ]

[ 2016-11-06T16:02:51+08:00 ] /
INFO: [ app_begin ] --START--
INFO: Run ReadHtmlCache Behavior [ RunTime:0.000405s ]
INFO: [ app_begin ] --END-- [ RunTime:0.000468s ]
NOTIC: [8] Undefined index: db_dsn C:\wnmp\wwwroot\malasong\lib\ThinkPHP\Lib\Core\Db.class.php 第 129 行.
NOTIC: [8] Undefined index: db_params C:\wnmp\wwwroot\malasong\lib\ThinkPHP\Lib\Core\Db.class.php 第 130 行.
SQL: SHOW COLUMNS FROM `mls_news` [ RunTime:0.005762s ]
ERR: 1146:Table 'zxtour.mls_news' doesn't exist
 [ SQL语句 ] : SHOW COLUMNS FROM `mls_news`
SQL: SELECT `id`,`news_title`,`des`,`img`,`url`,`url_type` FROM `mls_news` ORDER BY orderid asc,id desc LIMIT 0,6   [ RunTime:0.000336s ]
ERR: 1146:Table 'zxtour.mls_news' doesn't exist
 [ SQL语句 ] : SELECT `id`,`news_title`,`des`,`img`,`url`,`url_type` FROM `mls_news` ORDER BY orderid asc,id desc LIMIT 0,6  
INFO: [ view_template ] --START--
INFO: Run LocationTemplate Behavior [ RunTime:0.000468s ]
INFO: [ view_template ] --END-- [ RunTime:0.000529s ]
INFO: [ view_parse ] --START--
NOTIC: [8] Undefined index: tilte C:\wnmp\wwwroot\malasong\DataSource\Runtime\Temp\43ada865f8bc71aef17a87e0ed7c58499c1019cf.file.index.html.php 第 36 行.
NOTIC: [8] Trying to get property of non-object C:\wnmp\wwwroot\malasong\DataSource\Runtime\Temp\43ada865f8bc71aef17a87e0ed7c58499c1019cf.file.index.html.php 第 36 行.
INFO: Run ParseTemplate Behavior [ RunTime:0.009176s ]
INFO: [ view_parse ] --END-- [ RunTime:0.009225s ]
INFO: [ view_filter ] --START--
INFO: Run ContentReplace Behavior [ RunTime:0.000390s ]
INFO: Run TokenBuild Behavior [ RunTime:0.000304s ]
INFO: Run WriteHtmlCache Behavior [ RunTime:0.000261s ]
INFO: Run ShowRuntime Behavior [ RunTime:0.000339s ]
INFO: [ view_filter ] --END-- [ RunTime:0.001406s ]
INFO: [ view_end ] --START--
INFO: Run ShowPageTrace Behavior [ RunTime:0.000532s ]
INFO: [ view_end ] --END-- [ RunTime:0.000579s ]

[ 2016-11-06T16:03:27+08:00 ] /
INFO: [ app_begin ] --START--
INFO: Run ReadHtmlCache Behavior [ RunTime:0.000534s ]
INFO: [ app_begin ] --END-- [ RunTime:0.000615s ]
NOTIC: [8] Undefined index: db_dsn C:\wnmp\wwwroot\malasong\lib\ThinkPHP\Lib\Core\Db.class.php 第 129 行.
NOTIC: [8] Undefined index: db_params C:\wnmp\wwwroot\malasong\lib\ThinkPHP\Lib\Core\Db.class.php 第 130 行.
SQL: SHOW COLUMNS FROM `mls_news` [ RunTime:0.004836s ]
ERR: 1146:Table 'zxtour.mls_news' doesn't exist
 [ SQL语句 ] : SHOW COLUMNS FROM `mls_news`
SQL: SELECT `id`,`news_title`,`des`,`img`,`url`,`url_type` FROM `mls_news` ORDER BY orderid asc,id desc LIMIT 0,6   [ RunTime:0.000406s ]
ERR: 1146:Table 'zxtour.mls_news' doesn't exist
 [ SQL语句 ] : SELECT `id`,`news_title`,`des`,`img`,`url`,`url_type` FROM `mls_news` ORDER BY orderid asc,id desc LIMIT 0,6  
INFO: [ view_template ] --START--
INFO: Run LocationTemplate Behavior [ RunTime:0.000483s ]
INFO: [ view_template ] --END-- [ RunTime:0.000533s ]
INFO: [ view_parse ] --START--
NOTIC: [8] Undefined index: tilte C:\wnmp\wwwroot\malasong\DataSource\Runtime\Temp\43ada865f8bc71aef17a87e0ed7c58499c1019cf.file.index.html.php 第 36 行.
NOTIC: [8] Trying to get property of non-object C:\wnmp\wwwroot\malasong\DataSource\Runtime\Temp\43ada865f8bc71aef17a87e0ed7c58499c1019cf.file.index.html.php 第 36 行.
INFO: Run ParseTemplate Behavior [ RunTime:0.009228s ]
INFO: [ view_parse ] --END-- [ RunTime:0.009279s ]
INFO: [ view_filter ] --START--
INFO: Run ContentReplace Behavior [ RunTime:0.000428s ]
INFO: Run TokenBuild Behavior [ RunTime:0.000332s ]
INFO: Run WriteHtmlCache Behavior [ RunTime:0.000340s ]
INFO: Run ShowRuntime Behavior [ RunTime:0.000766s ]
INFO: [ view_filter ] --END-- [ RunTime:0.002028s ]
INFO: [ view_end ] --START--
INFO: Run ShowPageTrace Behavior [ RunTime:0.000807s ]
INFO: [ view_end ] --END-- [ RunTime:0.000887s ]

[ 2016-11-06T16:03:27+08:00 ] /static/images/2017/%E6%8A%9A%E8%BF%9C%E4%BD%8D%E7%BD%AE.jpg
INFO: [ route_check ] --START--
INFO: Run CheckRoute Behavior [ RunTime:0.001349s ]
INFO: [ route_check ] --END-- [ RunTime:0.001454s ]
INFO: [ app_begin ] --START--
INFO: Run ReadHtmlCache Behavior [ RunTime:0.000717s ]
INFO: [ app_begin ] --END-- [ RunTime:0.000801s ]
ERR: 无法加载模块:Static

[ 2016-11-06T16:05:17+08:00 ] /
INFO: [ app_begin ] --START--
INFO: Run ReadHtmlCache Behavior [ RunTime:0.001523s ]
INFO: [ app_begin ] --END-- [ RunTime:0.001718s ]
NOTIC: [8] Undefined index: db_dsn C:\wnmp\wwwroot\malasong\lib\ThinkPHP\Lib\Core\Db.class.php 第 129 行.
NOTIC: [8] Undefined index: db_params C:\wnmp\wwwroot\malasong\lib\ThinkPHP\Lib\Core\Db.class.php 第 130 行.
SQL: SHOW COLUMNS FROM `mls_news` [ RunTime:0.011209s ]
ERR: 1146:Table 'zxtour.mls_news' doesn't exist
 [ SQL语句 ] : SHOW COLUMNS FROM `mls_news`
SQL: SELECT `id`,`news_title`,`des`,`img`,`url`,`url_type` FROM `mls_news` ORDER BY orderid asc,id desc LIMIT 0,6   [ RunTime:0.000838s ]
ERR: 1146:Table 'zxtour.mls_news' doesn't exist
 [ SQL语句 ] : SELECT `id`,`news_title`,`des`,`img`,`url`,`url_type` FROM `mls_news` ORDER BY orderid asc,id desc LIMIT 0,6  
INFO: [ view_template ] --START--
INFO: Run LocationTemplate Behavior [ RunTime:0.002446s ]
INFO: [ view_template ] --END-- [ RunTime:0.002591s ]
INFO: [ view_parse ] --START--
NOTIC: [8] Undefined index: tilte C:\wnmp\wwwroot\malasong\DataSource\Runtime\Temp\43ada865f8bc71aef17a87e0ed7c58499c1019cf.file.index.html.php 第 36 行.
NOTIC: [8] Trying to get property of non-object C:\wnmp\wwwroot\malasong\DataSource\Runtime\Temp\43ada865f8bc71aef17a87e0ed7c58499c1019cf.file.index.html.php 第 36 行.
INFO: Run ParseTemplate Behavior [ RunTime:0.257236s ]
INFO: [ view_parse ] --END-- [ RunTime:0.257332s ]
INFO: [ view_filter ] --START--
INFO: Run ContentReplace Behavior [ RunTime:0.000878s ]
INFO: Run TokenBuild Behavior [ RunTime:0.000468s ]
INFO: Run WriteHtmlCache Behavior [ RunTime:0.000351s ]
INFO: Run ShowRuntime Behavior [ RunTime:0.000506s ]
INFO: [ view_filter ] --END-- [ RunTime:0.002358s ]
INFO: [ view_end ] --START--
INFO: Run ShowPageTrace Behavior [ RunTime:0.000747s ]
INFO: [ view_end ] --END-- [ RunTime:0.000821s ]

[ 2016-11-06T16:06:05+08:00 ] /
INFO: [ app_begin ] --START--
INFO: Run ReadHtmlCache Behavior [ RunTime:0.001320s ]
INFO: [ app_begin ] --END-- [ RunTime:0.001492s ]
NOTIC: [8] Undefined index: db_dsn C:\wnmp\wwwroot\malasong\lib\ThinkPHP\Lib\Core\Db.class.php 第 129 行.
NOTIC: [8] Undefined index: db_params C:\wnmp\wwwroot\malasong\lib\ThinkPHP\Lib\Core\Db.class.php 第 130 行.
SQL: SHOW COLUMNS FROM `mls_news` [ RunTime:0.009923s ]
ERR: 1146:Table 'zxtour.mls_news' doesn't exist
 [ SQL语句 ] : SHOW COLUMNS FROM `mls_news`
SQL: SELECT `id`,`news_title`,`des`,`img`,`url`,`url_type` FROM `mls_news` ORDER BY orderid asc,id desc LIMIT 0,6   [ RunTime:0.000729s ]
ERR: 1146:Table 'zxtour.mls_news' doesn't exist
 [ SQL语句 ] : SELECT `id`,`news_title`,`des`,`img`,`url`,`url_type` FROM `mls_news` ORDER BY orderid asc,id desc LIMIT 0,6  
INFO: [ view_template ] --START--
INFO: Run LocationTemplate Behavior [ RunTime:0.001507s ]
INFO: [ view_template ] --END-- [ RunTime:0.001616s ]
INFO: [ view_parse ] --START--
NOTIC: [8] Undefined index: tilte C:\wnmp\wwwroot\malasong\DataSource\Runtime\Temp\43ada865f8bc71aef17a87e0ed7c58499c1019cf.file.index.html.php 第 36 行.
NOTIC: [8] Trying to get property of non-object C:\wnmp\wwwroot\malasong\DataSource\Runtime\Temp\43ada865f8bc71aef17a87e0ed7c58499c1019cf.file.index.html.php 第 36 行.
INFO: Run ParseTemplate Behavior [ RunTime:0.241705s ]
INFO: [ view_parse ] --END-- [ RunTime:0.241781s ]
INFO: [ view_filter ] --START--
INFO: Run ContentReplace Behavior [ RunTime:0.000717s ]
INFO: Run TokenBuild Behavior [ RunTime:0.000401s ]
INFO: Run WriteHtmlCache Behavior [ RunTime:0.000277s ]
INFO: Run ShowRuntime Behavior [ RunTime:0.000393s ]
INFO: [ view_filter ] --END-- [ RunTime:0.001913s ]
INFO: [ view_end ] --START--
INFO: Run ShowPageTrace Behavior [ RunTime:0.000584s ]
INFO: [ view_end ] --END-- [ RunTime:0.000718s ]

[ 2016-11-06T16:06:15+08:00 ] /
INFO: [ app_begin ] --START--
INFO: Run ReadHtmlCache Behavior [ RunTime:0.001121s ]
INFO: [ app_begin ] --END-- [ RunTime:0.001280s ]
NOTIC: [8] Undefined index: db_dsn C:\wnmp\wwwroot\malasong\lib\ThinkPHP\Lib\Core\Db.class.php 第 129 行.
NOTIC: [8] Undefined index: db_params C:\wnmp\wwwroot\malasong\lib\ThinkPHP\Lib\Core\Db.class.php 第 130 行.
SQL: SHOW COLUMNS FROM `mls_news` [ RunTime:0.006885s ]
ERR: 1146:Table 'zxtour.mls_news' doesn't exist
 [ SQL语句 ] : SHOW COLUMNS FROM `mls_news`
SQL: SELECT `id`,`news_title`,`des`,`img`,`url`,`url_type` FROM `mls_news` ORDER BY orderid asc,id desc LIMIT 0,6   [ RunTime:0.000532s ]
ERR: 1146:Table 'zxtour.mls_news' doesn't exist
 [ SQL语句 ] : SELECT `id`,`news_title`,`des`,`img`,`url`,`url_type` FROM `mls_news` ORDER BY orderid asc,id desc LIMIT 0,6  
INFO: [ view_template ] --START--
INFO: Run LocationTemplate Behavior [ RunTime:0.001059s ]
INFO: [ view_template ] --END-- [ RunTime:0.001139s ]
INFO: [ view_parse ] --START--
NOTIC: [8] Undefined index: tilte C:\wnmp\wwwroot\malasong\DataSource\Runtime\Temp\43ada865f8bc71aef17a87e0ed7c58499c1019cf.file.index.html.php 第 36 行.
NOTIC: [8] Trying to get property of non-object C:\wnmp\wwwroot\malasong\DataSource\Runtime\Temp\43ada865f8bc71aef17a87e0ed7c58499c1019cf.file.index.html.php 第 36 行.
INFO: Run ParseTemplate Behavior [ RunTime:0.017143s ]
INFO: [ view_parse ] --END-- [ RunTime:0.017222s ]
INFO: [ view_filter ] --START--
INFO: Run ContentReplace Behavior [ RunTime:0.000736s ]
INFO: Run TokenBuild Behavior [ RunTime:0.000564s ]
INFO: Run WriteHtmlCache Behavior [ RunTime:0.000428s ]
INFO: Run ShowRuntime Behavior [ RunTime:0.000807s ]
INFO: [ view_filter ] --END-- [ RunTime:0.002767s ]
INFO: [ view_end ] --START--
INFO: Run ShowPageTrace Behavior [ RunTime:0.001334s ]
INFO: [ view_end ] --END-- [ RunTime:0.001456s ]

[ 2016-11-06T16:06:36+08:00 ] /Matchinfo/plan
INFO: [ route_check ] --START--
INFO: Run CheckRoute Behavior [ RunTime:0.001133s ]
INFO: [ route_check ] --END-- [ RunTime:0.001214s ]
INFO: [ app_begin ] --START--
INFO: Run ReadHtmlCache Behavior [ RunTime:0.000577s ]
INFO: [ app_begin ] --END-- [ RunTime:0.000637s ]
INFO: [ view_template ] --START--
INFO: Run LocationTemplate Behavior [ RunTime:0.000649s ]
INFO: [ view_template ] --END-- [ RunTime:0.000712s ]
INFO: [ view_parse ] --START--
NOTIC: [8] Undefined index: tilte C:\wnmp\wwwroot\malasong\DataSource\Runtime\Temp\b98fc940e393e12c0163e8b483a2b21226c917df.file.header.html.php 第 33 行.
NOTIC: [8] Trying to get property of non-object C:\wnmp\wwwroot\malasong\DataSource\Runtime\Temp\b98fc940e393e12c0163e8b483a2b21226c917df.file.header.html.php 第 33 行.
NOTIC: [8] Undefined index: index C:\wnmp\wwwroot\malasong\DataSource\Runtime\Temp\b98fc940e393e12c0163e8b483a2b21226c917df.file.header.html.php 第 37 行.
NOTIC: [8] Trying to get property of non-object C:\wnmp\wwwroot\malasong\DataSource\Runtime\Temp\b98fc940e393e12c0163e8b483a2b21226c917df.file.header.html.php 第 37 行.
NOTIC: [8] Undefined index: index C:\wnmp\wwwroot\malasong\DataSource\Runtime\Temp\b98fc940e393e12c0163e8b483a2b21226c917df.file.header.html.php 第 47 行.
NOTIC: [8] Trying to get property of non-object C:\wnmp\wwwroot\malasong\DataSource\Runtime\Temp\b98fc940e393e12c0163e8b483a2b21226c917df.file.header.html.php 第 47 行.
NOTIC: [8] Undefined index: index C:\wnmp\wwwroot\malasong\DataSource\Runtime\Temp\b98fc940e393e12c0163e8b483a2b21226c917df.file.header.html.php 第 52 行.
NOTIC: [8] Trying to get property of non-object C:\wnmp\wwwroot\malasong\DataSource\Runtime\Temp\b98fc940e393e12c0163e8b483a2b21226c917df.file.header.html.php 第 52 行.
INFO: Run ParseTemplate Behavior [ RunTime:0.051640s ]
INFO: [ view_parse ] --END-- [ RunTime:0.051696s ]
INFO: [ view_filter ] --START--
INFO: Run ContentReplace Behavior [ RunTime:0.000740s ]
INFO: Run TokenBuild Behavior [ RunTime:0.000673s ]
INFO: Run WriteHtmlCache Behavior [ RunTime:0.000368s ]
INFO: Run ShowRuntime Behavior [ RunTime:0.000674s ]
INFO: [ view_filter ] --END-- [ RunTime:0.002681s ]
INFO: [ view_end ] --START--
INFO: Run ShowPageTrace Behavior [ RunTime:0.000744s ]
INFO: [ view_end ] --END-- [ RunTime:0.000823s ]

[ 2016-11-06T16:06:36+08:00 ] /Ajax/apply_num
INFO: [ route_check ] --START--
INFO: Run CheckRoute Behavior [ RunTime:0.000636s ]
INFO: [ route_check ] --END-- [ RunTime:0.000706s ]
INFO: [ app_begin ] --START--
INFO: Run ReadHtmlCache Behavior [ RunTime:0.000474s ]
INFO: [ app_begin ] --END-- [ RunTime:0.000516s ]
NOTIC: [8] Undefined index: db_dsn C:\wnmp\wwwroot\malasong\lib\ThinkPHP\Lib\Core\Db.class.php 第 129 行.
NOTIC: [8] Undefined index: db_params C:\wnmp\wwwroot\malasong\lib\ThinkPHP\Lib\Core\Db.class.php 第 130 行.
SQL: SHOW COLUMNS FROM `mls_userorders` [ RunTime:0.003772s ]
ERR: 1146:Table 'zxtour.mls_userorders' doesn't exist
 [ SQL语句 ] : SHOW COLUMNS FROM `mls_userorders`
SQL: SELECT COUNT(*) AS tp_count FROM `mls_userorders` WHERE ( isonline = 0 ) LIMIT 1   [ RunTime:0.005140s ]
ERR: 1146:Table 'zxtour.mls_userorders' doesn't exist
 [ SQL语句 ] : SELECT COUNT(*) AS tp_count FROM `mls_userorders` WHERE ( isonline = 0 ) LIMIT 1  

[ 2016-11-06T16:06:49+08:00 ] /Matchinfo/line
INFO: [ route_check ] --START--
INFO: Run CheckRoute Behavior [ RunTime:0.000872s ]
INFO: [ route_check ] --END-- [ RunTime:0.000996s ]
INFO: [ app_begin ] --START--
INFO: Run ReadHtmlCache Behavior [ RunTime:0.000544s ]
INFO: [ app_begin ] --END-- [ RunTime:0.000601s ]
INFO: [ view_template ] --START--
INFO: Run LocationTemplate Behavior [ RunTime:0.000528s ]
INFO: [ view_template ] --END-- [ RunTime:0.000593s ]
INFO: [ view_parse ] --START--
NOTIC: [8] Undefined index: tilte C:\wnmp\wwwroot\malasong\DataSource\Runtime\Temp\b98fc940e393e12c0163e8b483a2b21226c917df.file.header.html.php 第 33 行.
NOTIC: [8] Trying to get property of non-object C:\wnmp\wwwroot\malasong\DataSource\Runtime\Temp\b98fc940e393e12c0163e8b483a2b21226c917df.file.header.html.php 第 33 行.
NOTIC: [8] Undefined index: index C:\wnmp\wwwroot\malasong\DataSource\Runtime\Temp\b98fc940e393e12c0163e8b483a2b21226c917df.file.header.html.php 第 37 行.
NOTIC: [8] Trying to get property of non-object C:\wnmp\wwwroot\malasong\DataSource\Runtime\Temp\b98fc940e393e12c0163e8b483a2b21226c917df.file.header.html.php 第 37 行.
NOTIC: [8] Undefined index: index C:\wnmp\wwwroot\malasong\DataSource\Runtime\Temp\b98fc940e393e12c0163e8b483a2b21226c917df.file.header.html.php 第 47 行.
NOTIC: [8] Trying to get property of non-object C:\wnmp\wwwroot\malasong\DataSource\Runtime\Temp\b98fc940e393e12c0163e8b483a2b21226c917df.file.header.html.php 第 47 行.
NOTIC: [8] Undefined index: index C:\wnmp\wwwroot\malasong\DataSource\Runtime\Temp\b98fc940e393e12c0163e8b483a2b21226c917df.file.header.html.php 第 52 行.
NOTIC: [8] Trying to get property of non-object C:\wnmp\wwwroot\malasong\DataSource\Runtime\Temp\b98fc940e393e12c0163e8b483a2b21226c917df.file.header.html.php 第 52 行.
INFO: Run ParseTemplate Behavior [ RunTime:0.011790s ]
INFO: [ view_parse ] --END-- [ RunTime:0.011851s ]
INFO: [ view_filter ] --START--
INFO: Run ContentReplace Behavior [ RunTime:0.000441s ]
INFO: Run TokenBuild Behavior [ RunTime:0.000325s ]
INFO: Run WriteHtmlCache Behavior [ RunTime:0.000396s ]
INFO: Run ShowRuntime Behavior [ RunTime:0.000409s ]
INFO: [ view_filter ] --END-- [ RunTime:0.001707s ]
INFO: [ view_end ] --START--
INFO: Run ShowPageTrace Behavior [ RunTime:0.000505s ]
INFO: [ view_end ] --END-- [ RunTime:0.000555s ]

[ 2016-11-06T16:06:49+08:00 ] /Ajax/apply_num
INFO: [ route_check ] --START--
INFO: Run CheckRoute Behavior [ RunTime:0.000922s ]
INFO: [ route_check ] --END-- [ RunTime:0.001022s ]
INFO: [ app_begin ] --START--
INFO: Run ReadHtmlCache Behavior [ RunTime:0.000757s ]
INFO: [ app_begin ] --END-- [ RunTime:0.000830s ]
NOTIC: [8] Undefined index: db_dsn C:\wnmp\wwwroot\malasong\lib\ThinkPHP\Lib\Core\Db.class.php 第 129 行.
NOTIC: [8] Undefined index: db_params C:\wnmp\wwwroot\malasong\lib\ThinkPHP\Lib\Core\Db.class.php 第 130 行.
SQL: SHOW COLUMNS FROM `mls_userorders` [ RunTime:0.005660s ]
ERR: 1146:Table 'zxtour.mls_userorders' doesn't exist
 [ SQL语句 ] : SHOW COLUMNS FROM `mls_userorders`
SQL: SELECT COUNT(*) AS tp_count FROM `mls_userorders` WHERE ( isonline = 0 ) LIMIT 1   [ RunTime:0.000301s ]
ERR: 1146:Table 'zxtour.mls_userorders' doesn't exist
 [ SQL语句 ] : SELECT COUNT(*) AS tp_count FROM `mls_userorders` WHERE ( isonline = 0 ) LIMIT 1  

[ 2016-11-06T16:06:50+08:00 ] /Matchinfo/line
INFO: [ route_check ] --START--
INFO: Run CheckRoute Behavior [ RunTime:0.000889s ]
INFO: [ route_check ] --END-- [ RunTime:0.000971s ]
INFO: [ app_begin ] --START--
INFO: Run ReadHtmlCache Behavior [ RunTime:0.000643s ]
INFO: [ app_begin ] --END-- [ RunTime:0.000697s ]
INFO: [ view_template ] --START--
INFO: Run LocationTemplate Behavior [ RunTime:0.000425s ]
INFO: [ view_template ] --END-- [ RunTime:0.000473s ]
INFO: [ view_parse ] --START--
NOTIC: [8] Undefined index: tilte C:\wnmp\wwwroot\malasong\DataSource\Runtime\Temp\b98fc940e393e12c0163e8b483a2b21226c917df.file.header.html.php 第 33 行.
NOTIC: [8] Trying to get property of non-object C:\wnmp\wwwroot\malasong\DataSource\Runtime\Temp\b98fc940e393e12c0163e8b483a2b21226c917df.file.header.html.php 第 33 行.
NOTIC: [8] Undefined index: index C:\wnmp\wwwroot\malasong\DataSource\Runtime\Temp\b98fc940e393e12c0163e8b483a2b21226c917df.file.header.html.php 第 37 行.
NOTIC: [8] Trying to get property of non-object C:\wnmp\wwwroot\malasong\DataSource\Runtime\Temp\b98fc940e393e12c0163e8b483a2b21226c917df.file.header.html.php 第 37 行.
NOTIC: [8] Undefined index: index C:\wnmp\wwwroot\malasong\DataSource\Runtime\Temp\b98fc940e393e12c0163e8b483a2b21226c917df.file.header.html.php 第 47 行.
NOTIC: [8] Trying to get property of non-object C:\wnmp\wwwroot\malasong\DataSource\Runtime\Temp\b98fc940e393e12c0163e8b483a2b21226c917df.file.header.html.php 第 47 行.
NOTIC: [8] Undefined index: index C:\wnmp\wwwroot\malasong\DataSource\Runtime\Temp\b98fc940e393e12c0163e8b483a2b21226c917df.file.header.html.php 第 52 行.
NOTIC: [8] Trying to get property of non-object C:\wnmp\wwwroot\malasong\DataSource\Runtime\Temp\b98fc940e393e12c0163e8b483a2b21226c917df.file.header.html.php 第 52 行.
INFO: Run ParseTemplate Behavior [ RunTime:0.011564s ]
INFO: [ view_parse ] --END-- [ RunTime:0.011613s ]
INFO: [ view_filter ] --START--
INFO: Run ContentReplace Behavior [ RunTime:0.000407s ]
INFO: Run TokenBuild Behavior [ RunTime:0.000313s ]
INFO: Run WriteHtmlCache Behavior [ RunTime:0.000223s ]
INFO: Run ShowRuntime Behavior [ RunTime:0.000347s ]
INFO: [ view_filter ] --END-- [ RunTime:0.001435s ]
INFO: [ view_end ] --START--
INFO: Run ShowPageTrace Behavior [ RunTime:0.000472s ]
INFO: [ view_end ] --END-- [ RunTime:0.000518s ]

[ 2016-11-06T16:06:50+08:00 ] /Ajax/apply_num
INFO: [ route_check ] --START--
INFO: Run CheckRoute Behavior [ RunTime:0.001513s ]
INFO: [ route_check ] --END-- [ RunTime:0.001815s ]
INFO: [ app_begin ] --START--
INFO: Run ReadHtmlCache Behavior [ RunTime:0.000764s ]
INFO: [ app_begin ] --END-- [ RunTime:0.000833s ]
NOTIC: [8] Undefined index: db_dsn C:\wnmp\wwwroot\malasong\lib\ThinkPHP\Lib\Core\Db.class.php 第 129 行.
NOTIC: [8] Undefined index: db_params C:\wnmp\wwwroot\malasong\lib\ThinkPHP\Lib\Core\Db.class.php 第 130 行.
SQL: SHOW COLUMNS FROM `mls_userorders` [ RunTime:0.007190s ]
ERR: 1146:Table 'zxtour.mls_userorders' doesn't exist
 [ SQL语句 ] : SHOW COLUMNS FROM `mls_userorders`
SQL: SELECT COUNT(*) AS tp_count FROM `mls_userorders` WHERE ( isonline = 0 ) LIMIT 1   [ RunTime:0.000282s ]
ERR: 1146:Table 'zxtour.mls_userorders' doesn't exist
 [ SQL语句 ] : SELECT COUNT(*) AS tp_count FROM `mls_userorders` WHERE ( isonline = 0 ) LIMIT 1  

[ 2016-11-06T16:07:00+08:00 ] /Matchinfo/equipment
INFO: [ route_check ] --START--
INFO: Run CheckRoute Behavior [ RunTime:0.000563s ]
INFO: [ route_check ] --END-- [ RunTime:0.000627s ]
INFO: [ app_begin ] --START--
INFO: Run ReadHtmlCache Behavior [ RunTime:0.000536s ]
INFO: [ app_begin ] --END-- [ RunTime:0.000607s ]
INFO: [ view_template ] --START--
INFO: Run LocationTemplate Behavior [ RunTime:0.000675s ]
INFO: [ view_template ] --END-- [ RunTime:0.000744s ]
INFO: [ view_parse ] --START--
NOTIC: [8] Undefined index: tilte C:\wnmp\wwwroot\malasong\DataSource\Runtime\Temp\b98fc940e393e12c0163e8b483a2b21226c917df.file.header.html.php 第 33 行.
NOTIC: [8] Trying to get property of non-object C:\wnmp\wwwroot\malasong\DataSource\Runtime\Temp\b98fc940e393e12c0163e8b483a2b21226c917df.file.header.html.php 第 33 行.
NOTIC: [8] Undefined index: index C:\wnmp\wwwroot\malasong\DataSource\Runtime\Temp\b98fc940e393e12c0163e8b483a2b21226c917df.file.header.html.php 第 37 行.
NOTIC: [8] Trying to get property of non-object C:\wnmp\wwwroot\malasong\DataSource\Runtime\Temp\b98fc940e393e12c0163e8b483a2b21226c917df.file.header.html.php 第 37 行.
NOTIC: [8] Undefined index: index C:\wnmp\wwwroot\malasong\DataSource\Runtime\Temp\b98fc940e393e12c0163e8b483a2b21226c917df.file.header.html.php 第 47 行.
NOTIC: [8] Trying to get property of non-object C:\wnmp\wwwroot\malasong\DataSource\Runtime\Temp\b98fc940e393e12c0163e8b483a2b21226c917df.file.header.html.php 第 47 行.
NOTIC: [8] Undefined index: index C:\wnmp\wwwroot\malasong\DataSource\Runtime\Temp\b98fc940e393e12c0163e8b483a2b21226c917df.file.header.html.php 第 52 行.
NOTIC: [8] Trying to get property of non-object C:\wnmp\wwwroot\malasong\DataSource\Runtime\Temp\b98fc940e393e12c0163e8b483a2b21226c917df.file.header.html.php 第 52 行.
INFO: Run ParseTemplate Behavior [ RunTime:0.017310s ]
INFO: [ view_parse ] --END-- [ RunTime:0.017367s ]
INFO: [ view_filter ] --START--
INFO: Run ContentReplace Behavior [ RunTime:0.000477s ]
INFO: Run TokenBuild Behavior [ RunTime:0.000326s ]
INFO: Run WriteHtmlCache Behavior [ RunTime:0.000287s ]
INFO: Run ShowRuntime Behavior [ RunTime:0.000365s ]
INFO: [ view_filter ] --END-- [ RunTime:0.001580s ]
INFO: [ view_end ] --START--
INFO: Run ShowPageTrace Behavior [ RunTime:0.000531s ]
INFO: [ view_end ] --END-- [ RunTime:0.000581s ]

[ 2016-11-06T16:07:00+08:00 ] /Ajax/apply_num
INFO: [ route_check ] --START--
INFO: Run CheckRoute Behavior [ RunTime:0.000954s ]
INFO: [ route_check ] --END-- [ RunTime:0.001050s ]
INFO: [ app_begin ] --START--
INFO: Run ReadHtmlCache Behavior [ RunTime:0.000943s ]
INFO: [ app_begin ] --END-- [ RunTime:0.001010s ]
NOTIC: [8] Undefined index: db_dsn C:\wnmp\wwwroot\malasong\lib\ThinkPHP\Lib\Core\Db.class.php 第 129 行.
NOTIC: [8] Undefined index: db_params C:\wnmp\wwwroot\malasong\lib\ThinkPHP\Lib\Core\Db.class.php 第 130 行.
SQL: SHOW COLUMNS FROM `mls_userorders` [ RunTime:0.005871s ]
ERR: 1146:Table 'zxtour.mls_userorders' doesn't exist
 [ SQL语句 ] : SHOW COLUMNS FROM `mls_userorders`
SQL: SELECT COUNT(*) AS tp_count FROM `mls_userorders` WHERE ( isonline = 0 ) LIMIT 1   [ RunTime:0.000432s ]
ERR: 1146:Table 'zxtour.mls_userorders' doesn't exist
 [ SQL语句 ] : SELECT COUNT(*) AS tp_count FROM `mls_userorders` WHERE ( isonline = 0 ) LIMIT 1  

[ 2016-11-06T17:55:00+08:00 ] /
INFO: [ app_begin ] --START--
INFO: Run ReadHtmlCache Behavior [ RunTime:0.002481s ]
INFO: [ app_begin ] --END-- [ RunTime:0.003578s ]
NOTIC: [8] Undefined index: db_dsn C:\wnmp\wwwroot\malasong\lib\ThinkPHP\Lib\Core\Db.class.php 第 129 行.
NOTIC: [8] Undefined index: db_params C:\wnmp\wwwroot\malasong\lib\ThinkPHP\Lib\Core\Db.class.php 第 130 行.
SQL: SHOW COLUMNS FROM `mls_news` [ RunTime:0.028452s ]
ERR: 1146:Table 'zxtour.mls_news' doesn't exist
 [ SQL语句 ] : SHOW COLUMNS FROM `mls_news`
SQL: SELECT `id`,`news_title`,`des`,`img`,`url`,`url_type` FROM `mls_news` ORDER BY orderid asc,id desc LIMIT 0,6   [ RunTime:0.001419s ]
ERR: 1146:Table 'zxtour.mls_news' doesn't exist
 [ SQL语句 ] : SELECT `id`,`news_title`,`des`,`img`,`url`,`url_type` FROM `mls_news` ORDER BY orderid asc,id desc LIMIT 0,6  
INFO: [ view_template ] --START--
INFO: Run LocationTemplate Behavior [ RunTime:0.002107s ]
INFO: [ view_template ] --END-- [ RunTime:0.002230s ]
INFO: [ view_parse ] --START--
NOTIC: [8] Undefined index: tilte C:\wnmp\wwwroot\malasong\DataSource\Runtime\Temp\43ada865f8bc71aef17a87e0ed7c58499c1019cf.file.index.html.php 第 36 行.
NOTIC: [8] Trying to get property of non-object C:\wnmp\wwwroot\malasong\DataSource\Runtime\Temp\43ada865f8bc71aef17a87e0ed7c58499c1019cf.file.index.html.php 第 36 行.
INFO: Run ParseTemplate Behavior [ RunTime:0.019532s ]
INFO: [ view_parse ] --END-- [ RunTime:0.019624s ]
INFO: [ view_filter ] --START--
INFO: Run ContentReplace Behavior [ RunTime:0.001224s ]
INFO: Run TokenBuild Behavior [ RunTime:0.000856s ]
INFO: Run WriteHtmlCache Behavior [ RunTime:0.000914s ]
INFO: Run ShowRuntime Behavior [ RunTime:0.001058s ]
INFO: [ view_filter ] --END-- [ RunTime:0.004258s ]
INFO: [ view_end ] --START--
INFO: Run ShowPageTrace Behavior [ RunTime:0.001275s ]
INFO: [ view_end ] --END-- [ RunTime:0.001369s ]

