[ 2016-01-11T10:30:04+08:00 ] /
INFO: [ app_begin ] --START--
INFO: Run ReadHtmlCache Behavior [ RunTime:0.000341s ]
INFO: [ app_begin ] --END-- [ RunTime:0.000391s ]

[ 2016-01-11T10:30:04+08:00 ] /login
INFO: [ route_check ] --START--
INFO: Run CheckRoute Behavior [ RunTime:0.000462s ]
INFO: [ route_check ] --END-- [ RunTime:0.000513s ]
INFO: [ app_begin ] --START--
INFO: Run ReadHtmlCache Behavior [ RunTime:0.000324s ]
INFO: [ app_begin ] --END-- [ RunTime:0.000356s ]
INFO: [ view_template ] --START--
INFO: Run LocationTemplate Behavior [ RunTime:0.009690s ]
INFO: [ view_template ] --END-- [ RunTime:0.009747s ]
INFO: [ view_parse ] --START--
NOTIC: [8] Undefined index: error D:\wnmp\www\malasong\uducy_admin\Runtime\Temp\8d4f5e13bd3eda234fa91e36665717b486cd4564.file.login.html.php 第 135 行.
NOTIC: [8] Trying to get property of non-object D:\wnmp\www\malasong\uducy_admin\Runtime\Temp\8d4f5e13bd3eda234fa91e36665717b486cd4564.file.login.html.php 第 135 行.
INFO: Run ParseTemplate Behavior [ RunTime:0.019538s ]
INFO: [ view_parse ] --END-- [ RunTime:0.019579s ]
INFO: [ view_filter ] --START--
INFO: Run ContentReplace Behavior [ RunTime:0.000288s ]
INFO: Run TokenBuild Behavior [ RunTime:0.000234s ]
INFO: Run WriteHtmlCache Behavior [ RunTime:0.000162s ]
INFO: Run ShowRuntime Behavior [ RunTime:0.000279s ]
INFO: [ view_filter ] --END-- [ RunTime:0.001053s ]
INFO: [ view_end ] --START--
INFO: Run ShowPageTrace Behavior [ RunTime:0.000367s ]
INFO: [ view_end ] --END-- [ RunTime:0.000397s ]

[ 2016-01-11T10:30:08+08:00 ] /?s=login&a=login
INFO: [ route_check ] --START--
INFO: Run CheckRoute Behavior [ RunTime:0.000455s ]
INFO: [ route_check ] --END-- [ RunTime:0.000504s ]
INFO: [ app_begin ] --START--
INFO: Run ReadHtmlCache Behavior [ RunTime:0.000314s ]
INFO: [ app_begin ] --END-- [ RunTime:0.000345s ]
NOTIC: [8] Undefined index: db_dsn D:\wnmp\www\malasong\lib\ThinkPHP\Lib\Core\Db.class.php 第 129 行.
NOTIC: [8] Undefined index: db_params D:\wnmp\www\malasong\lib\ThinkPHP\Lib\Core\Db.class.php 第 130 行.
SQL: SHOW COLUMNS FROM `mls_admin_user` [ RunTime:0.045948s ]
SQL: SELECT `id`,`password`,`is_admin`,`right_action` FROM `mls_admin_user` WHERE ( `user_name`='haiyan' ) LIMIT 1   [ RunTime:0.013304s ]
SQL: update mls_admin_user set last_login='2016-01-11 10:30:07',lastip='127.0.0.1' where `id`=11 [ RunTime:0.000455s ]
ERR: 1146:Table 'dh_at321.mls_admin_user' doesn't exist
 [ SQL语句 ] : update mls_admin_user set last_login='2016-01-11 10:30:07',lastip='127.0.0.1' where `id`=11

[ 2016-01-11T10:30:08+08:00 ] /?s=index&a=index
INFO: [ route_check ] --START--
INFO: Run CheckRoute Behavior [ RunTime:0.000464s ]
INFO: [ route_check ] --END-- [ RunTime:0.000516s ]
INFO: [ app_begin ] --START--
INFO: Run ReadHtmlCache Behavior [ RunTime:0.000412s ]
INFO: [ app_begin ] --END-- [ RunTime:0.000445s ]
INFO: Run AuthCheck Behavior [ RunTime:0.000329s ]
INFO: [ view_template ] --START--
INFO: Run LocationTemplate Behavior [ RunTime:0.031460s ]
INFO: [ view_template ] --END-- [ RunTime:0.031513s ]
INFO: [ view_parse ] --START--
INFO: Run ParseTemplate Behavior [ RunTime:0.018216s ]
INFO: [ view_parse ] --END-- [ RunTime:0.018268s ]
INFO: [ view_filter ] --START--
INFO: Run ContentReplace Behavior [ RunTime:0.000306s ]
INFO: Run TokenBuild Behavior [ RunTime:0.000232s ]
INFO: Run WriteHtmlCache Behavior [ RunTime:0.000162s ]
INFO: Run ShowRuntime Behavior [ RunTime:0.000283s ]
INFO: [ view_filter ] --END-- [ RunTime:0.001070s ]
INFO: [ view_end ] --START--
INFO: Run ShowPageTrace Behavior [ RunTime:0.000368s ]
INFO: [ view_end ] --END-- [ RunTime:0.000397s ]

[ 2016-01-11T10:30:08+08:00 ] /?s=index&a=header
INFO: [ route_check ] --START--
INFO: Run CheckRoute Behavior [ RunTime:0.000486s ]
INFO: [ route_check ] --END-- [ RunTime:0.000538s ]
INFO: [ app_begin ] --START--
INFO: Run ReadHtmlCache Behavior [ RunTime:0.000778s ]
INFO: [ app_begin ] --END-- [ RunTime:0.000836s ]
INFO: Run AuthCheck Behavior [ RunTime:0.000388s ]
INFO: [ view_template ] --START--
INFO: Run LocationTemplate Behavior [ RunTime:0.000492s ]
INFO: [ view_template ] --END-- [ RunTime:0.000535s ]
INFO: [ view_parse ] --START--
INFO: Run ParseTemplate Behavior [ RunTime:0.037843s ]
INFO: [ view_parse ] --END-- [ RunTime:0.037895s ]
INFO: [ view_filter ] --START--
INFO: Run ContentReplace Behavior [ RunTime:0.000314s ]
INFO: Run TokenBuild Behavior [ RunTime:0.000231s ]
INFO: Run WriteHtmlCache Behavior [ RunTime:0.000162s ]
INFO: Run ShowRuntime Behavior [ RunTime:0.000273s ]
INFO: [ view_filter ] --END-- [ RunTime:0.001067s ]
INFO: [ view_end ] --START--
INFO: Run ShowPageTrace Behavior [ RunTime:0.000369s ]
INFO: [ view_end ] --END-- [ RunTime:0.000397s ]

[ 2016-01-11T10:30:09+08:00 ] /?s=index&a=menu&showWelcome=1
INFO: [ route_check ] --START--
INFO: Run CheckRoute Behavior [ RunTime:0.000825s ]
INFO: [ route_check ] --END-- [ RunTime:0.000888s ]
INFO: [ app_begin ] --START--
INFO: Run ReadHtmlCache Behavior [ RunTime:0.000492s ]
INFO: [ app_begin ] --END-- [ RunTime:0.000548s ]
INFO: Run AuthCheck Behavior [ RunTime:0.000328s ]
NOTIC: [8] Undefined variable: output D:\wnmp\www\malasong\uducy_admin\Lib\Action\IndexAction.class.php 第 29 行.
NOTIC: [2] in_array() expects parameter 2 to be array, boolean given D:\wnmp\www\malasong\uducy_admin\Lib\Action\IndexAction.class.php 第 32 行.
NOTIC: [2] in_array() expects parameter 2 to be array, boolean given D:\wnmp\www\malasong\uducy_admin\Lib\Action\IndexAction.class.php 第 32 行.
NOTIC: [2] in_array() expects parameter 2 to be array, boolean given D:\wnmp\www\malasong\uducy_admin\Lib\Action\IndexAction.class.php 第 32 行.
NOTIC: [2] in_array() expects parameter 2 to be array, boolean given D:\wnmp\www\malasong\uducy_admin\Lib\Action\IndexAction.class.php 第 32 行.
INFO: [ view_template ] --START--
INFO: Run LocationTemplate Behavior [ RunTime:0.000354s ]
INFO: [ view_template ] --END-- [ RunTime:0.000385s ]
INFO: [ view_parse ] --START--
NOTIC: [8] Undefined index: charset D:\wnmp\www\malasong\uducy_admin\Runtime\Temp\fc992ec0d820ab300b1bbfc78e0c2bc48b74b653.file.menu.html.php 第 31 行.
NOTIC: [8] Trying to get property of non-object D:\wnmp\www\malasong\uducy_admin\Runtime\Temp\fc992ec0d820ab300b1bbfc78e0c2bc48b74b653.file.menu.html.php 第 31 行.
INFO: Run ParseTemplate Behavior [ RunTime:0.073500s ]
INFO: [ view_parse ] --END-- [ RunTime:0.073549s ]
INFO: [ view_filter ] --START--
INFO: Run ContentReplace Behavior [ RunTime:0.000340s ]
INFO: Run TokenBuild Behavior [ RunTime:0.000271s ]
INFO: Run WriteHtmlCache Behavior [ RunTime:0.000173s ]
INFO: Run ShowRuntime Behavior [ RunTime:0.000280s ]
INFO: [ view_filter ] --END-- [ RunTime:0.001168s ]
INFO: [ view_end ] --START--
INFO: Run ShowPageTrace Behavior [ RunTime:0.000383s ]
INFO: [ view_end ] --END-- [ RunTime:0.000472s ]

[ 2016-01-11T10:30:11+08:00 ] /?s=index&a=welcome
INFO: [ route_check ] --START--
INFO: Run CheckRoute Behavior [ RunTime:0.000573s ]
INFO: [ route_check ] --END-- [ RunTime:0.000633s ]
INFO: [ app_begin ] --START--
INFO: Run ReadHtmlCache Behavior [ RunTime:0.000396s ]
INFO: [ app_begin ] --END-- [ RunTime:0.000434s ]
INFO: Run AuthCheck Behavior [ RunTime:0.000330s ]
SQL: SHOW COLUMNS FROM `tbl_admin_user` [ RunTime:0.070077s ]
SQL: SELECT VERSION() AS dbversion [ RunTime:0.000848s ]
NOTIC: [2] Illegal string offset 'dbversion' D:\wnmp\www\malasong\uducy_admin\Lib\Model\LoginModel.class.php 第 72 行.
SQL: SHOW TABLE STATUS [ RunTime:0.001333s ]
NOTIC: [2] filesize(): stat failed for ../uducy_admin/Runtime/logs/admin_log.php D:\wnmp\www\malasong\uducy_admin\Lib\Model\LoginModel.class.php 第 86 行.
NOTIC: [2] filesize(): stat failed for ../uducy_admin/Runtime/logs/php_error.log D:\wnmp\www\malasong\uducy_admin\Lib\Model\LoginModel.class.php 第 90 行.
NOTIC: [2] filesize(): stat failed for ../uducy_admin/Runtime/logs/mysql_error.php D:\wnmp\www\malasong\uducy_admin\Lib\Model\LoginModel.class.php 第 94 行.
NOTIC: [8] Undefined variable: serverip D:\wnmp\www\malasong\uducy_admin\Lib\Model\LoginModel.class.php 第 99 行.
NOTIC: [8] Undefined index: db_dsn D:\wnmp\www\malasong\lib\ThinkPHP\Lib\Core\Db.class.php 第 129 行.
NOTIC: [8] Undefined index: db_params D:\wnmp\www\malasong\lib\ThinkPHP\Lib\Core\Db.class.php 第 130 行.
SQL: SHOW COLUMNS FROM `mls_admin_user` [ RunTime:0.002433s ]
SQL: SELECT count(id) as c FROM `mls_admin_user` LIMIT 1   [ RunTime:0.000422s ]
SQL: SHOW COLUMNS FROM `tbl_admin_sys` [ RunTime:0.002247s ]
ERR: 0:Table 'dh_at321.tbl_admin_sys' doesn't exist
 [ SQL语句 ] : SHOW COLUMNS FROM `tbl_admin_sys`
SQL: SELECT ctime as x,`mem`,`cpu`,`load` FROM `tbl_admin_sys` WHERE ( ctime>=1452220211 )  [ RunTime:0.000698s ]
ERR: 0:Table 'dh_at321.tbl_admin_sys' doesn't exist
 [ SQL语句 ] : SELECT ctime as x,`mem`,`cpu`,`load` FROM `tbl_admin_sys` WHERE ( ctime>=1452220211 ) 
NOTIC: [2] Invalid argument supplied for foreach() D:\wnmp\www\malasong\uducy_admin\Lib\Action\IndexAction.class.php 第 61 行.
NOTIC: [8] Undefined variable: rs D:\wnmp\www\malasong\uducy_admin\Lib\Action\IndexAction.class.php 第 66 行.
INFO: [ view_template ] --START--
INFO: Run LocationTemplate Behavior [ RunTime:0.016145s ]
INFO: [ view_template ] --END-- [ RunTime:0.016214s ]
INFO: [ view_parse ] --START--
NOTIC: [8] Undefined index: charset D:\wnmp\www\malasong\uducy_admin\Runtime\Temp\de3ec90e1b20301695e7d80d61ae5a27d6d5da19.file.header.html.php 第 32 行.
NOTIC: [8] Trying to get property of non-object D:\wnmp\www\malasong\uducy_admin\Runtime\Temp\de3ec90e1b20301695e7d80d61ae5a27d6d5da19.file.header.html.php 第 32 行.
NOTIC: [8] Undefined index: npa D:\wnmp\www\malasong\uducy_admin\Runtime\Temp\de3ec90e1b20301695e7d80d61ae5a27d6d5da19.file.header.html.php 第 45 行.
NOTIC: [8] Trying to get property of non-object D:\wnmp\www\malasong\uducy_admin\Runtime\Temp\de3ec90e1b20301695e7d80d61ae5a27d6d5da19.file.header.html.php 第 45 行.
NOTIC: [8] Undefined index: error D:\wnmp\www\malasong\uducy_admin\Runtime\Temp\de3ec90e1b20301695e7d80d61ae5a27d6d5da19.file.header.html.php 第 69 行.
NOTIC: [8] Trying to get property of non-object D:\wnmp\www\malasong\uducy_admin\Runtime\Temp\de3ec90e1b20301695e7d80d61ae5a27d6d5da19.file.header.html.php 第 69 行.
NOTIC: [8] Undefined index: site_new D:\wnmp\www\malasong\uducy_admin\Runtime\Temp\98d1046f2f04fb739a188779fb590e6f931a4eb2.file.welcome.html.php 第 52 行.
NOTIC: [8] Undefined index: advise D:\wnmp\www\malasong\uducy_admin\Runtime\Temp\98d1046f2f04fb739a188779fb590e6f931a4eb2.file.welcome.html.php 第 60 行.
INFO: Run ParseTemplate Behavior [ RunTime:0.375467s ]
INFO: [ view_parse ] --END-- [ RunTime:0.375534s ]
INFO: [ view_filter ] --START--
INFO: Run ContentReplace Behavior [ RunTime:0.000410s ]
INFO: Run TokenBuild Behavior [ RunTime:0.000317s ]
INFO: Run WriteHtmlCache Behavior [ RunTime:0.000217s ]
INFO: Run ShowRuntime Behavior [ RunTime:0.000386s ]
INFO: [ view_filter ] --END-- [ RunTime:0.001447s ]
INFO: [ view_end ] --START--
INFO: Run ShowPageTrace Behavior [ RunTime:0.000514s ]
INFO: [ view_end ] --END-- [ RunTime:0.000555s ]

[ 2016-01-11T10:30:14+08:00 ] /
INFO: [ app_begin ] --START--
INFO: Run ReadHtmlCache Behavior [ RunTime:0.000386s ]
INFO: [ app_begin ] --END-- [ RunTime:0.000446s ]

[ 2016-01-11T10:30:14+08:00 ] /login
INFO: [ route_check ] --START--
INFO: Run CheckRoute Behavior [ RunTime:0.000713s ]
INFO: [ route_check ] --END-- [ RunTime:0.000785s ]
INFO: [ app_begin ] --START--
INFO: Run ReadHtmlCache Behavior [ RunTime:0.000485s ]
INFO: [ app_begin ] --END-- [ RunTime:0.000533s ]
INFO: [ view_template ] --START--
INFO: Run LocationTemplate Behavior [ RunTime:0.000489s ]
INFO: [ view_template ] --END-- [ RunTime:0.000544s ]
INFO: [ view_parse ] --START--
NOTIC: [8] Undefined index: error D:\wnmp\www\malasong\uducy_admin\Runtime\Temp\8d4f5e13bd3eda234fa91e36665717b486cd4564.file.login.html.php 第 135 行.
NOTIC: [8] Trying to get property of non-object D:\wnmp\www\malasong\uducy_admin\Runtime\Temp\8d4f5e13bd3eda234fa91e36665717b486cd4564.file.login.html.php 第 135 行.
INFO: Run ParseTemplate Behavior [ RunTime:0.010937s ]
INFO: [ view_parse ] --END-- [ RunTime:0.010979s ]
INFO: [ view_filter ] --START--
INFO: Run ContentReplace Behavior [ RunTime:0.000321s ]
INFO: Run TokenBuild Behavior [ RunTime:0.000232s ]
INFO: Run WriteHtmlCache Behavior [ RunTime:0.000158s ]
INFO: Run ShowRuntime Behavior [ RunTime:0.000270s ]
INFO: [ view_filter ] --END-- [ RunTime:0.001078s ]
INFO: [ view_end ] --START--
INFO: Run ShowPageTrace Behavior [ RunTime:0.000357s ]
INFO: [ view_end ] --END-- [ RunTime:0.000386s ]

[ 2016-01-11T10:30:24+08:00 ] /?s=login&a=login
INFO: [ route_check ] --START--
INFO: Run CheckRoute Behavior [ RunTime:0.000513s ]
INFO: [ route_check ] --END-- [ RunTime:0.000564s ]
INFO: [ app_begin ] --START--
INFO: Run ReadHtmlCache Behavior [ RunTime:0.000347s ]
INFO: [ app_begin ] --END-- [ RunTime:0.000381s ]
NOTIC: [8] Undefined index: db_dsn D:\wnmp\www\malasong\lib\ThinkPHP\Lib\Core\Db.class.php 第 129 行.
NOTIC: [8] Undefined index: db_params D:\wnmp\www\malasong\lib\ThinkPHP\Lib\Core\Db.class.php 第 130 行.
SQL: SHOW COLUMNS FROM `mls_admin_user` [ RunTime:0.002480s ]
SQL: SELECT `id`,`password`,`is_admin`,`right_action` FROM `mls_admin_user` WHERE ( `user_name`='haiyan' ) LIMIT 1   [ RunTime:0.000227s ]
SQL: update mls_admin_user set last_login='2016-01-11 10:30:23',lastip='127.0.0.1' where `id`=11 [ RunTime:0.000252s ]
ERR: 1146:Table 'dh_at321.mls_admin_user' doesn't exist
 [ SQL语句 ] : update mls_admin_user set last_login='2016-01-11 10:30:23',lastip='127.0.0.1' where `id`=11

[ 2016-01-11T10:30:24+08:00 ] /?s=index&a=index
INFO: [ route_check ] --START--
INFO: Run CheckRoute Behavior [ RunTime:0.000460s ]
INFO: [ route_check ] --END-- [ RunTime:0.000510s ]
INFO: [ app_begin ] --START--
INFO: Run ReadHtmlCache Behavior [ RunTime:0.000317s ]
INFO: [ app_begin ] --END-- [ RunTime:0.000348s ]
INFO: Run AuthCheck Behavior [ RunTime:0.000318s ]
INFO: [ view_template ] --START--
INFO: Run LocationTemplate Behavior [ RunTime:0.000334s ]
INFO: [ view_template ] --END-- [ RunTime:0.000365s ]
INFO: [ view_parse ] --START--
INFO: Run ParseTemplate Behavior [ RunTime:0.006808s ]
INFO: [ view_parse ] --END-- [ RunTime:0.006851s ]
INFO: [ view_filter ] --START--
INFO: Run ContentReplace Behavior [ RunTime:0.000234s ]
INFO: Run TokenBuild Behavior [ RunTime:0.000221s ]
INFO: Run WriteHtmlCache Behavior [ RunTime:0.000162s ]
INFO: Run ShowRuntime Behavior [ RunTime:0.000289s ]
INFO: [ view_filter ] --END-- [ RunTime:0.000993s ]
INFO: [ view_end ] --START--
INFO: Run ShowPageTrace Behavior [ RunTime:0.000369s ]
INFO: [ view_end ] --END-- [ RunTime:0.000398s ]

[ 2016-01-11T10:30:24+08:00 ] /?s=index&a=menu&showWelcome=1
INFO: [ route_check ] --START--
INFO: Run CheckRoute Behavior [ RunTime:0.000469s ]
INFO: [ route_check ] --END-- [ RunTime:0.000519s ]
INFO: [ app_begin ] --START--
INFO: Run ReadHtmlCache Behavior [ RunTime:0.000317s ]
INFO: [ app_begin ] --END-- [ RunTime:0.000348s ]
INFO: Run AuthCheck Behavior [ RunTime:0.000318s ]
NOTIC: [8] Undefined variable: output D:\wnmp\www\malasong\uducy_admin\Lib\Action\IndexAction.class.php 第 29 行.
NOTIC: [2] in_array() expects parameter 2 to be array, boolean given D:\wnmp\www\malasong\uducy_admin\Lib\Action\IndexAction.class.php 第 32 行.
NOTIC: [2] in_array() expects parameter 2 to be array, boolean given D:\wnmp\www\malasong\uducy_admin\Lib\Action\IndexAction.class.php 第 32 行.
NOTIC: [2] in_array() expects parameter 2 to be array, boolean given D:\wnmp\www\malasong\uducy_admin\Lib\Action\IndexAction.class.php 第 32 行.
NOTIC: [2] in_array() expects parameter 2 to be array, boolean given D:\wnmp\www\malasong\uducy_admin\Lib\Action\IndexAction.class.php 第 32 行.
INFO: [ view_template ] --START--
INFO: Run LocationTemplate Behavior [ RunTime:0.000337s ]
INFO: [ view_template ] --END-- [ RunTime:0.000369s ]
INFO: [ view_parse ] --START--
NOTIC: [8] Undefined index: charset D:\wnmp\www\malasong\uducy_admin\Runtime\Temp\fc992ec0d820ab300b1bbfc78e0c2bc48b74b653.file.menu.html.php 第 31 行.
NOTIC: [8] Trying to get property of non-object D:\wnmp\www\malasong\uducy_admin\Runtime\Temp\fc992ec0d820ab300b1bbfc78e0c2bc48b74b653.file.menu.html.php 第 31 行.
INFO: Run ParseTemplate Behavior [ RunTime:0.006898s ]
INFO: [ view_parse ] --END-- [ RunTime:0.006933s ]
INFO: [ view_filter ] --START--
INFO: Run ContentReplace Behavior [ RunTime:0.000234s ]
INFO: Run TokenBuild Behavior [ RunTime:0.000221s ]
INFO: Run WriteHtmlCache Behavior [ RunTime:0.000179s ]
INFO: Run ShowRuntime Behavior [ RunTime:0.000273s ]
INFO: [ view_filter ] --END-- [ RunTime:0.000995s ]
INFO: [ view_end ] --START--
INFO: Run ShowPageTrace Behavior [ RunTime:0.000363s ]
INFO: [ view_end ] --END-- [ RunTime:0.000391s ]

[ 2016-01-11T10:30:24+08:00 ] /?s=index&a=header
INFO: [ route_check ] --START--
INFO: Run CheckRoute Behavior [ RunTime:0.000723s ]
INFO: [ route_check ] --END-- [ RunTime:0.000796s ]
INFO: [ app_begin ] --START--
INFO: Run ReadHtmlCache Behavior [ RunTime:0.000473s ]
INFO: [ app_begin ] --END-- [ RunTime:0.000518s ]
INFO: Run AuthCheck Behavior [ RunTime:0.000443s ]
INFO: [ view_template ] --START--
INFO: Run LocationTemplate Behavior [ RunTime:0.000461s ]
INFO: [ view_template ] --END-- [ RunTime:0.000504s ]
INFO: [ view_parse ] --START--
INFO: Run ParseTemplate Behavior [ RunTime:0.010316s ]
INFO: [ view_parse ] --END-- [ RunTime:0.010371s ]
INFO: [ view_filter ] --START--
INFO: Run ContentReplace Behavior [ RunTime:0.000318s ]
INFO: Run TokenBuild Behavior [ RunTime:0.000312s ]
INFO: Run WriteHtmlCache Behavior [ RunTime:0.000214s ]
INFO: Run ShowRuntime Behavior [ RunTime:0.000395s ]
INFO: [ view_filter ] --END-- [ RunTime:0.001356s ]
INFO: [ view_end ] --START--
INFO: Run ShowPageTrace Behavior [ RunTime:0.000531s ]
INFO: [ view_end ] --END-- [ RunTime:0.000571s ]

[ 2016-01-11T10:30:26+08:00 ] /?s=index&a=welcome
INFO: [ route_check ] --START--
INFO: Run CheckRoute Behavior [ RunTime:0.000746s ]
INFO: [ route_check ] --END-- [ RunTime:0.000822s ]
INFO: [ app_begin ] --START--
INFO: Run ReadHtmlCache Behavior [ RunTime:0.000506s ]
INFO: [ app_begin ] --END-- [ RunTime:0.000558s ]
INFO: Run AuthCheck Behavior [ RunTime:0.000473s ]
SQL: SHOW COLUMNS FROM `tbl_admin_user` [ RunTime:0.001739s ]
SQL: SELECT VERSION() AS dbversion [ RunTime:0.000442s ]
NOTIC: [2] Illegal string offset 'dbversion' D:\wnmp\www\malasong\uducy_admin\Lib\Model\LoginModel.class.php 第 72 行.
SQL: SHOW TABLE STATUS [ RunTime:0.000438s ]
NOTIC: [2] filesize(): stat failed for ../uducy_admin/Runtime/logs/admin_log.php D:\wnmp\www\malasong\uducy_admin\Lib\Model\LoginModel.class.php 第 86 行.
NOTIC: [2] filesize(): stat failed for ../uducy_admin/Runtime/logs/php_error.log D:\wnmp\www\malasong\uducy_admin\Lib\Model\LoginModel.class.php 第 90 行.
NOTIC: [2] filesize(): stat failed for ../uducy_admin/Runtime/logs/mysql_error.php D:\wnmp\www\malasong\uducy_admin\Lib\Model\LoginModel.class.php 第 94 行.
NOTIC: [8] Undefined variable: serverip D:\wnmp\www\malasong\uducy_admin\Lib\Model\LoginModel.class.php 第 99 行.
NOTIC: [8] Undefined index: db_dsn D:\wnmp\www\malasong\lib\ThinkPHP\Lib\Core\Db.class.php 第 129 行.
NOTIC: [8] Undefined index: db_params D:\wnmp\www\malasong\lib\ThinkPHP\Lib\Core\Db.class.php 第 130 行.
SQL: SHOW COLUMNS FROM `mls_admin_user` [ RunTime:0.001922s ]
SQL: SELECT count(id) as c FROM `mls_admin_user` LIMIT 1   [ RunTime:0.000804s ]
SQL: SHOW COLUMNS FROM `tbl_admin_sys` [ RunTime:0.001774s ]
ERR: 0:Table 'dh_at321.tbl_admin_sys' doesn't exist
 [ SQL语句 ] : SHOW COLUMNS FROM `tbl_admin_sys`
SQL: SELECT ctime as x,`mem`,`cpu`,`load` FROM `tbl_admin_sys` WHERE ( ctime>=1452220226 )  [ RunTime:0.000456s ]
ERR: 0:Table 'dh_at321.tbl_admin_sys' doesn't exist
 [ SQL语句 ] : SELECT ctime as x,`mem`,`cpu`,`load` FROM `tbl_admin_sys` WHERE ( ctime>=1452220226 ) 
NOTIC: [2] Invalid argument supplied for foreach() D:\wnmp\www\malasong\uducy_admin\Lib\Action\IndexAction.class.php 第 61 行.
NOTIC: [8] Undefined variable: rs D:\wnmp\www\malasong\uducy_admin\Lib\Action\IndexAction.class.php 第 66 行.
INFO: [ view_template ] --START--
INFO: Run LocationTemplate Behavior [ RunTime:0.000421s ]
INFO: [ view_template ] --END-- [ RunTime:0.000454s ]
INFO: [ view_parse ] --START--
NOTIC: [8] Undefined index: charset D:\wnmp\www\malasong\uducy_admin\Runtime\Temp\de3ec90e1b20301695e7d80d61ae5a27d6d5da19.file.header.html.php 第 32 行.
NOTIC: [8] Trying to get property of non-object D:\wnmp\www\malasong\uducy_admin\Runtime\Temp\de3ec90e1b20301695e7d80d61ae5a27d6d5da19.file.header.html.php 第 32 行.
NOTIC: [8] Undefined index: npa D:\wnmp\www\malasong\uducy_admin\Runtime\Temp\de3ec90e1b20301695e7d80d61ae5a27d6d5da19.file.header.html.php 第 45 行.
NOTIC: [8] Trying to get property of non-object D:\wnmp\www\malasong\uducy_admin\Runtime\Temp\de3ec90e1b20301695e7d80d61ae5a27d6d5da19.file.header.html.php 第 45 行.
NOTIC: [8] Undefined index: error D:\wnmp\www\malasong\uducy_admin\Runtime\Temp\de3ec90e1b20301695e7d80d61ae5a27d6d5da19.file.header.html.php 第 69 行.
NOTIC: [8] Trying to get property of non-object D:\wnmp\www\malasong\uducy_admin\Runtime\Temp\de3ec90e1b20301695e7d80d61ae5a27d6d5da19.file.header.html.php 第 69 行.
NOTIC: [8] Undefined index: site_new D:\wnmp\www\malasong\uducy_admin\Runtime\Temp\98d1046f2f04fb739a188779fb590e6f931a4eb2.file.welcome.html.php 第 52 行.
NOTIC: [8] Undefined index: advise D:\wnmp\www\malasong\uducy_admin\Runtime\Temp\98d1046f2f04fb739a188779fb590e6f931a4eb2.file.welcome.html.php 第 60 行.
INFO: Run ParseTemplate Behavior [ RunTime:0.008581s ]
INFO: [ view_parse ] --END-- [ RunTime:0.008620s ]
INFO: [ view_filter ] --START--
INFO: Run ContentReplace Behavior [ RunTime:0.000246s ]
INFO: Run TokenBuild Behavior [ RunTime:0.000220s ]
INFO: Run WriteHtmlCache Behavior [ RunTime:0.000156s ]
INFO: Run ShowRuntime Behavior [ RunTime:0.000276s ]
INFO: [ view_filter ] --END-- [ RunTime:0.000980s ]
INFO: [ view_end ] --START--
INFO: Run ShowPageTrace Behavior [ RunTime:0.000443s ]
INFO: [ view_end ] --END-- [ RunTime:0.000472s ]

[ 2016-01-11T10:30:36+08:00 ] /?s=OnlineEnroll
INFO: [ route_check ] --START--
INFO: Run CheckRoute Behavior [ RunTime:0.000724s ]
INFO: [ route_check ] --END-- [ RunTime:0.000807s ]
INFO: [ app_begin ] --START--
INFO: Run ReadHtmlCache Behavior [ RunTime:0.000482s ]
INFO: [ app_begin ] --END-- [ RunTime:0.000548s ]
INFO: Run AuthCheck Behavior [ RunTime:0.000533s ]
NOTIC: [8] Undefined index: db_dsn D:\wnmp\www\malasong\lib\ThinkPHP\Lib\Core\Db.class.php 第 129 行.
NOTIC: [8] Undefined index: db_params D:\wnmp\www\malasong\lib\ThinkPHP\Lib\Core\Db.class.php 第 130 行.
SQL: SHOW COLUMNS FROM `mls_userorders` [ RunTime:0.086423s ]
SQL: SELECT u.orderid,b.xingming,i.chengji,u.uid,u.`orderprice`,u.`payorderid`,u.`paystats`,u.ctime,u.utime FROM mls_userorders u LEFT JOIN mls_baomingdan b ON (u.uid =b.uid ) LEFT JOIN mls_online_info i ON (u.orderid = i.orderid) WHERE (u.paystats = 1 OR u.paystats = 6) AND u.isonline = 1 ORDER BY u.paystats DESC,u.utime DESC [ RunTime:0.158550s ]
INFO: [ view_template ] --START--
INFO: Run LocationTemplate Behavior [ RunTime:0.031505s ]
INFO: [ view_template ] --END-- [ RunTime:0.031619s ]
INFO: [ view_parse ] --START--
NOTIC: [8] Undefined index: charset D:\wnmp\www\malasong\uducy_admin\Runtime\Temp\de3ec90e1b20301695e7d80d61ae5a27d6d5da19.file.header.html.php 第 32 行.
NOTIC: [8] Trying to get property of non-object D:\wnmp\www\malasong\uducy_admin\Runtime\Temp\de3ec90e1b20301695e7d80d61ae5a27d6d5da19.file.header.html.php 第 32 行.
NOTIC: [8] Undefined index: npa D:\wnmp\www\malasong\uducy_admin\Runtime\Temp\de3ec90e1b20301695e7d80d61ae5a27d6d5da19.file.header.html.php 第 45 行.
NOTIC: [8] Trying to get property of non-object D:\wnmp\www\malasong\uducy_admin\Runtime\Temp\de3ec90e1b20301695e7d80d61ae5a27d6d5da19.file.header.html.php 第 45 行.
NOTIC: [8] Undefined index: error D:\wnmp\www\malasong\uducy_admin\Runtime\Temp\de3ec90e1b20301695e7d80d61ae5a27d6d5da19.file.header.html.php 第 69 行.
NOTIC: [8] Trying to get property of non-object D:\wnmp\www\malasong\uducy_admin\Runtime\Temp\de3ec90e1b20301695e7d80d61ae5a27d6d5da19.file.header.html.php 第 69 行.
NOTIC: [8] Undefined index: select D:\wnmp\www\malasong\uducy_admin\Runtime\Temp\22546176512162227f8d2f0ad669bffbffb73fa5.file.index.html.php 第 44 行.
NOTIC: [8] Trying to get property of non-object D:\wnmp\www\malasong\uducy_admin\Runtime\Temp\22546176512162227f8d2f0ad669bffbffb73fa5.file.index.html.php 第 44 行.
NOTIC: [8] Undefined index: type D:\wnmp\www\malasong\uducy_admin\Runtime\Temp\22546176512162227f8d2f0ad669bffbffb73fa5.file.index.html.php 第 59 行.
NOTIC: [8] Trying to get property of non-object D:\wnmp\www\malasong\uducy_admin\Runtime\Temp\22546176512162227f8d2f0ad669bffbffb73fa5.file.index.html.php 第 59 行.
NOTIC: [8] Undefined index: type D:\wnmp\www\malasong\uducy_admin\Runtime\Temp\22546176512162227f8d2f0ad669bffbffb73fa5.file.index.html.php 第 60 行.
NOTIC: [8] Trying to get property of non-object D:\wnmp\www\malasong\uducy_admin\Runtime\Temp\22546176512162227f8d2f0ad669bffbffb73fa5.file.index.html.php 第 60 行.
INFO: Run ParseTemplate Behavior [ RunTime:0.030172s ]
INFO: [ view_parse ] --END-- [ RunTime:0.030258s ]
INFO: [ view_filter ] --START--
INFO: Run ContentReplace Behavior [ RunTime:0.002190s ]
INFO: Run TokenBuild Behavior [ RunTime:0.001146s ]
INFO: Run WriteHtmlCache Behavior [ RunTime:0.000404s ]
INFO: Run ShowRuntime Behavior [ RunTime:0.000962s ]
INFO: [ view_filter ] --END-- [ RunTime:0.004959s ]
INFO: [ view_end ] --START--
INFO: Run ShowPageTrace Behavior [ RunTime:0.000672s ]
INFO: [ view_end ] --END-- [ RunTime:0.000740s ]

[ 2016-01-11T10:30:38+08:00 ] /?s=OnlineEnroll&a=info&orderid=7011512291430244
INFO: [ route_check ] --START--
INFO: Run CheckRoute Behavior [ RunTime:0.001089s ]
INFO: [ route_check ] --END-- [ RunTime:0.001194s ]
INFO: [ app_begin ] --START--
INFO: Run ReadHtmlCache Behavior [ RunTime:0.000745s ]
INFO: [ app_begin ] --END-- [ RunTime:0.000824s ]
INFO: Run AuthCheck Behavior [ RunTime:0.000737s ]
NOTIC: [8] Undefined index: db_dsn D:\wnmp\www\malasong\lib\ThinkPHP\Lib\Core\Db.class.php 第 129 行.
NOTIC: [8] Undefined index: db_params D:\wnmp\www\malasong\lib\ThinkPHP\Lib\Core\Db.class.php 第 130 行.
SQL: SHOW COLUMNS FROM `mls_userorders` [ RunTime:0.004396s ]
SQL: SELECT u.orderid,b.xingming,i.chengji,i.`appName`,i.picData,i.addr,u.uid,u.`orderprice`,u.`payorderid`,u.`paystats`,u.ctime,u.utime FROM mls_userorders u LEFT JOIN mls_baomingdan b ON (u.uid =b.uid ) LEFT JOIN mls_online_info i ON (u.orderid = i.orderid) WHERE (u.orderid = '7011512291430244')  [ RunTime:0.167920s ]
INFO: [ view_template ] --START--
INFO: Run LocationTemplate Behavior [ RunTime:0.028521s ]
INFO: [ view_template ] --END-- [ RunTime:0.028627s ]
INFO: [ view_parse ] --START--
NOTIC: [8] Undefined index: charset D:\wnmp\www\malasong\uducy_admin\Runtime\Temp\de3ec90e1b20301695e7d80d61ae5a27d6d5da19.file.header.html.php 第 32 行.
NOTIC: [8] Trying to get property of non-object D:\wnmp\www\malasong\uducy_admin\Runtime\Temp\de3ec90e1b20301695e7d80d61ae5a27d6d5da19.file.header.html.php 第 32 行.
NOTIC: [8] Undefined index: npa D:\wnmp\www\malasong\uducy_admin\Runtime\Temp\de3ec90e1b20301695e7d80d61ae5a27d6d5da19.file.header.html.php 第 45 行.
NOTIC: [8] Trying to get property of non-object D:\wnmp\www\malasong\uducy_admin\Runtime\Temp\de3ec90e1b20301695e7d80d61ae5a27d6d5da19.file.header.html.php 第 45 行.
NOTIC: [8] Undefined index: error D:\wnmp\www\malasong\uducy_admin\Runtime\Temp\de3ec90e1b20301695e7d80d61ae5a27d6d5da19.file.header.html.php 第 69 行.
NOTIC: [8] Trying to get property of non-object D:\wnmp\www\malasong\uducy_admin\Runtime\Temp\de3ec90e1b20301695e7d80d61ae5a27d6d5da19.file.header.html.php 第 69 行.
INFO: Run ParseTemplate Behavior [ RunTime:0.315249s ]
INFO: [ view_parse ] --END-- [ RunTime:0.315338s ]
INFO: [ view_filter ] --START--
INFO: Run ContentReplace Behavior [ RunTime:0.003098s ]
INFO: Run TokenBuild Behavior [ RunTime:0.000884s ]
INFO: Run WriteHtmlCache Behavior [ RunTime:0.000444s ]
INFO: Run ShowRuntime Behavior [ RunTime:0.001241s ]
INFO: [ view_filter ] --END-- [ RunTime:0.005881s ]
INFO: [ view_end ] --START--
INFO: Run ShowPageTrace Behavior [ RunTime:0.001372s ]
INFO: [ view_end ] --END-- [ RunTime:0.001526s ]

[ 2016-01-11T10:31:04+08:00 ] /?s=index&a=index
INFO: [ route_check ] --START--
INFO: Run CheckRoute Behavior [ RunTime:0.001086s ]
INFO: [ route_check ] --END-- [ RunTime:0.001196s ]
INFO: [ app_begin ] --START--
INFO: Run ReadHtmlCache Behavior [ RunTime:0.000751s ]
INFO: [ app_begin ] --END-- [ RunTime:0.000824s ]

[ 2016-01-11T10:31:04+08:00 ] /login
INFO: [ route_check ] --START--
INFO: Run CheckRoute Behavior [ RunTime:0.001009s ]
INFO: [ route_check ] --END-- [ RunTime:0.001112s ]
INFO: [ app_begin ] --START--
INFO: Run ReadHtmlCache Behavior [ RunTime:0.000696s ]
INFO: [ app_begin ] --END-- [ RunTime:0.000766s ]
INFO: [ view_template ] --START--
INFO: Run LocationTemplate Behavior [ RunTime:0.000966s ]
INFO: [ view_template ] --END-- [ RunTime:0.001048s ]
INFO: [ view_parse ] --START--
NOTIC: [8] Undefined index: error D:\wnmp\www\malasong\uducy_admin\Runtime\Temp\8d4f5e13bd3eda234fa91e36665717b486cd4564.file.login.html.php 第 135 行.
NOTIC: [8] Trying to get property of non-object D:\wnmp\www\malasong\uducy_admin\Runtime\Temp\8d4f5e13bd3eda234fa91e36665717b486cd4564.file.login.html.php 第 135 行.
INFO: Run ParseTemplate Behavior [ RunTime:0.008698s ]
INFO: [ view_parse ] --END-- [ RunTime:0.008747s ]
INFO: [ view_filter ] --START--
INFO: Run ContentReplace Behavior [ RunTime:0.000223s ]
INFO: Run TokenBuild Behavior [ RunTime:0.000204s ]
INFO: Run WriteHtmlCache Behavior [ RunTime:0.000145s ]
INFO: Run ShowRuntime Behavior [ RunTime:0.000250s ]
INFO: [ view_filter ] --END-- [ RunTime:0.000899s ]
INFO: [ view_end ] --START--
INFO: Run ShowPageTrace Behavior [ RunTime:0.000331s ]
INFO: [ view_end ] --END-- [ RunTime:0.000358s ]

[ 2016-01-11T10:31:11+08:00 ] /?s=login&a=login
INFO: [ route_check ] --START--
INFO: Run CheckRoute Behavior [ RunTime:0.000467s ]
INFO: [ route_check ] --END-- [ RunTime:0.000519s ]
INFO: [ app_begin ] --START--
INFO: Run ReadHtmlCache Behavior [ RunTime:0.000452s ]
INFO: [ app_begin ] --END-- [ RunTime:0.000490s ]
NOTIC: [8] Undefined index: db_dsn D:\wnmp\www\malasong\lib\ThinkPHP\Lib\Core\Db.class.php 第 129 行.
NOTIC: [8] Undefined index: db_params D:\wnmp\www\malasong\lib\ThinkPHP\Lib\Core\Db.class.php 第 130 行.
SQL: SHOW COLUMNS FROM `mls_admin_user` [ RunTime:0.004321s ]
SQL: SELECT `id`,`password`,`is_admin`,`right_action` FROM `mls_admin_user` WHERE ( `user_name`='haiyan' ) LIMIT 1   [ RunTime:0.000904s ]
SQL: update mls_admin_user set last_login='2016-01-11 10:31:10',lastip='127.0.0.1' where `id`=11 [ RunTime:0.000556s ]
ERR: 1146:Table 'dh_at321.mls_admin_user' doesn't exist
 [ SQL语句 ] : update mls_admin_user set last_login='2016-01-11 10:31:10',lastip='127.0.0.1' where `id`=11

[ 2016-01-11T10:31:12+08:00 ] /?s=index&a=index
INFO: [ route_check ] --START--
INFO: Run CheckRoute Behavior [ RunTime:0.000607s ]
INFO: [ route_check ] --END-- [ RunTime:0.000672s ]
INFO: [ app_begin ] --START--
INFO: Run ReadHtmlCache Behavior [ RunTime:0.000414s ]
INFO: [ app_begin ] --END-- [ RunTime:0.000455s ]
INFO: Run AuthCheck Behavior [ RunTime:0.000414s ]
INFO: [ view_template ] --START--
INFO: Run LocationTemplate Behavior [ RunTime:0.000462s ]
INFO: [ view_template ] --END-- [ RunTime:0.000506s ]
INFO: [ view_parse ] --START--
INFO: Run ParseTemplate Behavior [ RunTime:0.008765s ]
INFO: [ view_parse ] --END-- [ RunTime:0.008815s ]
INFO: [ view_filter ] --START--
INFO: Run ContentReplace Behavior [ RunTime:0.000290s ]
INFO: Run TokenBuild Behavior [ RunTime:0.000386s ]
INFO: Run WriteHtmlCache Behavior [ RunTime:0.000214s ]
INFO: Run ShowRuntime Behavior [ RunTime:0.000353s ]
INFO: [ view_filter ] --END-- [ RunTime:0.001355s ]
INFO: [ view_end ] --START--
INFO: Run ShowPageTrace Behavior [ RunTime:0.000465s ]
INFO: [ view_end ] --END-- [ RunTime:0.000502s ]

[ 2016-01-11T10:31:12+08:00 ] /?s=index&a=header
INFO: [ route_check ] --START--
INFO: Run CheckRoute Behavior [ RunTime:0.000583s ]
INFO: [ route_check ] --END-- [ RunTime:0.000642s ]
INFO: [ app_begin ] --START--
INFO: Run ReadHtmlCache Behavior [ RunTime:0.000512s ]
INFO: [ app_begin ] --END-- [ RunTime:0.000608s ]
INFO: Run AuthCheck Behavior [ RunTime:0.000379s ]
INFO: [ view_template ] --START--
INFO: Run LocationTemplate Behavior [ RunTime:0.000342s ]
INFO: [ view_template ] --END-- [ RunTime:0.000377s ]
INFO: [ view_parse ] --START--
INFO: Run ParseTemplate Behavior [ RunTime:0.007729s ]
INFO: [ view_parse ] --END-- [ RunTime:0.007772s ]
INFO: [ view_filter ] --START--
INFO: Run ContentReplace Behavior [ RunTime:0.000225s ]
INFO: Run TokenBuild Behavior [ RunTime:0.000215s ]
INFO: Run WriteHtmlCache Behavior [ RunTime:0.000154s ]
INFO: Run ShowRuntime Behavior [ RunTime:0.000264s ]
INFO: [ view_filter ] --END-- [ RunTime:0.000944s ]
INFO: [ view_end ] --START--
INFO: Run ShowPageTrace Behavior [ RunTime:0.000359s ]
INFO: [ view_end ] --END-- [ RunTime:0.000388s ]

[ 2016-01-11T10:31:12+08:00 ] /?s=index&a=menu&showWelcome=1
INFO: [ route_check ] --START--
INFO: Run CheckRoute Behavior [ RunTime:0.000453s ]
INFO: [ route_check ] --END-- [ RunTime:0.000501s ]
INFO: [ app_begin ] --START--
INFO: Run ReadHtmlCache Behavior [ RunTime:0.000356s ]
INFO: [ app_begin ] --END-- [ RunTime:0.000396s ]
INFO: Run AuthCheck Behavior [ RunTime:0.000332s ]
NOTIC: [8] Undefined variable: output D:\wnmp\www\malasong\uducy_admin\Lib\Action\IndexAction.class.php 第 29 行.
NOTIC: [2] in_array() expects parameter 2 to be array, boolean given D:\wnmp\www\malasong\uducy_admin\Lib\Action\IndexAction.class.php 第 32 行.
NOTIC: [2] in_array() expects parameter 2 to be array, boolean given D:\wnmp\www\malasong\uducy_admin\Lib\Action\IndexAction.class.php 第 32 行.
NOTIC: [2] in_array() expects parameter 2 to be array, boolean given D:\wnmp\www\malasong\uducy_admin\Lib\Action\IndexAction.class.php 第 32 行.
NOTIC: [2] in_array() expects parameter 2 to be array, boolean given D:\wnmp\www\malasong\uducy_admin\Lib\Action\IndexAction.class.php 第 32 行.
INFO: [ view_template ] --START--
INFO: Run LocationTemplate Behavior [ RunTime:0.000340s ]
INFO: [ view_template ] --END-- [ RunTime:0.000373s ]
INFO: [ view_parse ] --START--
NOTIC: [8] Undefined index: charset D:\wnmp\www\malasong\uducy_admin\Runtime\Temp\fc992ec0d820ab300b1bbfc78e0c2bc48b74b653.file.menu.html.php 第 31 行.
NOTIC: [8] Trying to get property of non-object D:\wnmp\www\malasong\uducy_admin\Runtime\Temp\fc992ec0d820ab300b1bbfc78e0c2bc48b74b653.file.menu.html.php 第 31 行.
INFO: Run ParseTemplate Behavior [ RunTime:0.006713s ]
INFO: [ view_parse ] --END-- [ RunTime:0.006745s ]
INFO: [ view_filter ] --START--
INFO: Run ContentReplace Behavior [ RunTime:0.000215s ]
INFO: Run TokenBuild Behavior [ RunTime:0.000215s ]
INFO: Run WriteHtmlCache Behavior [ RunTime:0.000153s ]
INFO: Run ShowRuntime Behavior [ RunTime:0.000260s ]
INFO: [ view_filter ] --END-- [ RunTime:0.000924s ]
INFO: [ view_end ] --START--
INFO: Run ShowPageTrace Behavior [ RunTime:0.000348s ]
INFO: [ view_end ] --END-- [ RunTime:0.000376s ]

[ 2016-01-11T10:31:14+08:00 ] /?s=index&a=welcome
INFO: [ route_check ] --START--
INFO: Run CheckRoute Behavior [ RunTime:0.000440s ]
INFO: [ route_check ] --END-- [ RunTime:0.000490s ]
INFO: [ app_begin ] --START--
INFO: Run ReadHtmlCache Behavior [ RunTime:0.000296s ]
INFO: [ app_begin ] --END-- [ RunTime:0.000324s ]
INFO: Run AuthCheck Behavior [ RunTime:0.000303s ]
SQL: SHOW COLUMNS FROM `tbl_admin_user` [ RunTime:0.004233s ]
SQL: SELECT VERSION() AS dbversion [ RunTime:0.000828s ]
NOTIC: [2] Illegal string offset 'dbversion' D:\wnmp\www\malasong\uducy_admin\Lib\Model\LoginModel.class.php 第 72 行.
SQL: SHOW TABLE STATUS [ RunTime:0.001209s ]
NOTIC: [2] filesize(): stat failed for ../uducy_admin/Runtime/logs/admin_log.php D:\wnmp\www\malasong\uducy_admin\Lib\Model\LoginModel.class.php 第 86 行.
NOTIC: [2] filesize(): stat failed for ../uducy_admin/Runtime/logs/php_error.log D:\wnmp\www\malasong\uducy_admin\Lib\Model\LoginModel.class.php 第 90 行.
NOTIC: [2] filesize(): stat failed for ../uducy_admin/Runtime/logs/mysql_error.php D:\wnmp\www\malasong\uducy_admin\Lib\Model\LoginModel.class.php 第 94 行.
NOTIC: [8] Undefined variable: serverip D:\wnmp\www\malasong\uducy_admin\Lib\Model\LoginModel.class.php 第 99 行.
NOTIC: [8] Undefined index: db_dsn D:\wnmp\www\malasong\lib\ThinkPHP\Lib\Core\Db.class.php 第 129 行.
NOTIC: [8] Undefined index: db_params D:\wnmp\www\malasong\lib\ThinkPHP\Lib\Core\Db.class.php 第 130 行.
SQL: SHOW COLUMNS FROM `mls_admin_user` [ RunTime:0.004867s ]
SQL: SELECT count(id) as c FROM `mls_admin_user` LIMIT 1   [ RunTime:0.000895s ]
SQL: SHOW COLUMNS FROM `tbl_admin_sys` [ RunTime:0.003737s ]
ERR: 0:Table 'dh_at321.tbl_admin_sys' doesn't exist
 [ SQL语句 ] : SHOW COLUMNS FROM `tbl_admin_sys`
SQL: SELECT ctime as x,`mem`,`cpu`,`load` FROM `tbl_admin_sys` WHERE ( ctime>=1452220274 )  [ RunTime:0.001251s ]
ERR: 0:Table 'dh_at321.tbl_admin_sys' doesn't exist
 [ SQL语句 ] : SELECT ctime as x,`mem`,`cpu`,`load` FROM `tbl_admin_sys` WHERE ( ctime>=1452220274 ) 
NOTIC: [2] Invalid argument supplied for foreach() D:\wnmp\www\malasong\uducy_admin\Lib\Action\IndexAction.class.php 第 61 行.
NOTIC: [8] Undefined variable: rs D:\wnmp\www\malasong\uducy_admin\Lib\Action\IndexAction.class.php 第 66 行.
INFO: [ view_template ] --START--
INFO: Run LocationTemplate Behavior [ RunTime:0.000963s ]
INFO: [ view_template ] --END-- [ RunTime:0.001047s ]
INFO: [ view_parse ] --START--
NOTIC: [8] Undefined index: charset D:\wnmp\www\malasong\uducy_admin\Runtime\Temp\de3ec90e1b20301695e7d80d61ae5a27d6d5da19.file.header.html.php 第 32 行.
NOTIC: [8] Trying to get property of non-object D:\wnmp\www\malasong\uducy_admin\Runtime\Temp\de3ec90e1b20301695e7d80d61ae5a27d6d5da19.file.header.html.php 第 32 行.
NOTIC: [8] Undefined index: npa D:\wnmp\www\malasong\uducy_admin\Runtime\Temp\de3ec90e1b20301695e7d80d61ae5a27d6d5da19.file.header.html.php 第 45 行.
NOTIC: [8] Trying to get property of non-object D:\wnmp\www\malasong\uducy_admin\Runtime\Temp\de3ec90e1b20301695e7d80d61ae5a27d6d5da19.file.header.html.php 第 45 行.
NOTIC: [8] Undefined index: error D:\wnmp\www\malasong\uducy_admin\Runtime\Temp\de3ec90e1b20301695e7d80d61ae5a27d6d5da19.file.header.html.php 第 69 行.
NOTIC: [8] Trying to get property of non-object D:\wnmp\www\malasong\uducy_admin\Runtime\Temp\de3ec90e1b20301695e7d80d61ae5a27d6d5da19.file.header.html.php 第 69 行.
NOTIC: [8] Undefined index: site_new D:\wnmp\www\malasong\uducy_admin\Runtime\Temp\98d1046f2f04fb739a188779fb590e6f931a4eb2.file.welcome.html.php 第 52 行.
NOTIC: [8] Undefined index: advise D:\wnmp\www\malasong\uducy_admin\Runtime\Temp\98d1046f2f04fb739a188779fb590e6f931a4eb2.file.welcome.html.php 第 60 行.
INFO: Run ParseTemplate Behavior [ RunTime:0.016617s ]
INFO: [ view_parse ] --END-- [ RunTime:0.016678s ]
INFO: [ view_filter ] --START--
INFO: Run ContentReplace Behavior [ RunTime:0.000309s ]
INFO: Run TokenBuild Behavior [ RunTime:0.000286s ]
INFO: Run WriteHtmlCache Behavior [ RunTime:0.000203s ]
INFO: Run ShowRuntime Behavior [ RunTime:0.000352s ]
INFO: [ view_filter ] --END-- [ RunTime:0.001256s ]
INFO: [ view_end ] --START--
INFO: Run ShowPageTrace Behavior [ RunTime:0.000459s ]
INFO: [ view_end ] --END-- [ RunTime:0.000495s ]

[ 2016-01-11T10:31:15+08:00 ] /?s=OnlineEnroll
INFO: [ route_check ] --START--
INFO: Run CheckRoute Behavior [ RunTime:0.000606s ]
INFO: [ route_check ] --END-- [ RunTime:0.000668s ]
INFO: [ app_begin ] --START--
INFO: Run ReadHtmlCache Behavior [ RunTime:0.000410s ]
INFO: [ app_begin ] --END-- [ RunTime:0.000452s ]
INFO: Run AuthCheck Behavior [ RunTime:0.000428s ]
NOTIC: [8] Undefined index: db_dsn D:\wnmp\www\malasong\lib\ThinkPHP\Lib\Core\Db.class.php 第 129 行.
NOTIC: [8] Undefined index: db_params D:\wnmp\www\malasong\lib\ThinkPHP\Lib\Core\Db.class.php 第 130 行.
SQL: SHOW COLUMNS FROM `mls_userorders` [ RunTime:0.004406s ]
SQL: SELECT u.orderid,b.xingming,i.chengji,u.uid,u.`orderprice`,u.`payorderid`,u.`paystats`,u.ctime,u.utime FROM mls_userorders u LEFT JOIN mls_baomingdan b ON (u.uid =b.uid ) LEFT JOIN mls_online_info i ON (u.orderid = i.orderid) WHERE (u.paystats = 1 OR u.paystats = 6) AND u.isonline = 1 ORDER BY u.paystats DESC,u.utime DESC [ RunTime:0.009586s ]
INFO: [ view_template ] --START--
INFO: Run LocationTemplate Behavior [ RunTime:0.000990s ]
INFO: [ view_template ] --END-- [ RunTime:0.001080s ]
INFO: [ view_parse ] --START--
NOTIC: [8] Undefined index: charset D:\wnmp\www\malasong\uducy_admin\Runtime\Temp\de3ec90e1b20301695e7d80d61ae5a27d6d5da19.file.header.html.php 第 32 行.
NOTIC: [8] Trying to get property of non-object D:\wnmp\www\malasong\uducy_admin\Runtime\Temp\de3ec90e1b20301695e7d80d61ae5a27d6d5da19.file.header.html.php 第 32 行.
NOTIC: [8] Undefined index: npa D:\wnmp\www\malasong\uducy_admin\Runtime\Temp\de3ec90e1b20301695e7d80d61ae5a27d6d5da19.file.header.html.php 第 45 行.
NOTIC: [8] Trying to get property of non-object D:\wnmp\www\malasong\uducy_admin\Runtime\Temp\de3ec90e1b20301695e7d80d61ae5a27d6d5da19.file.header.html.php 第 45 行.
NOTIC: [8] Undefined index: error D:\wnmp\www\malasong\uducy_admin\Runtime\Temp\de3ec90e1b20301695e7d80d61ae5a27d6d5da19.file.header.html.php 第 69 行.
NOTIC: [8] Trying to get property of non-object D:\wnmp\www\malasong\uducy_admin\Runtime\Temp\de3ec90e1b20301695e7d80d61ae5a27d6d5da19.file.header.html.php 第 69 行.
NOTIC: [8] Undefined index: select D:\wnmp\www\malasong\uducy_admin\Runtime\Temp\22546176512162227f8d2f0ad669bffbffb73fa5.file.index.html.php 第 44 行.
NOTIC: [8] Trying to get property of non-object D:\wnmp\www\malasong\uducy_admin\Runtime\Temp\22546176512162227f8d2f0ad669bffbffb73fa5.file.index.html.php 第 44 行.
NOTIC: [8] Undefined index: type D:\wnmp\www\malasong\uducy_admin\Runtime\Temp\22546176512162227f8d2f0ad669bffbffb73fa5.file.index.html.php 第 59 行.
NOTIC: [8] Trying to get property of non-object D:\wnmp\www\malasong\uducy_admin\Runtime\Temp\22546176512162227f8d2f0ad669bffbffb73fa5.file.index.html.php 第 59 行.
NOTIC: [8] Undefined index: type D:\wnmp\www\malasong\uducy_admin\Runtime\Temp\22546176512162227f8d2f0ad669bffbffb73fa5.file.index.html.php 第 60 行.
NOTIC: [8] Trying to get property of non-object D:\wnmp\www\malasong\uducy_admin\Runtime\Temp\22546176512162227f8d2f0ad669bffbffb73fa5.file.index.html.php 第 60 行.
INFO: Run ParseTemplate Behavior [ RunTime:0.016663s ]
INFO: [ view_parse ] --END-- [ RunTime:0.016730s ]
INFO: [ view_filter ] --START--
INFO: Run ContentReplace Behavior [ RunTime:0.001351s ]
INFO: Run TokenBuild Behavior [ RunTime:0.000510s ]
INFO: Run WriteHtmlCache Behavior [ RunTime:0.000227s ]
INFO: Run ShowRuntime Behavior [ RunTime:0.000803s ]
INFO: [ view_filter ] --END-- [ RunTime:0.003023s ]
INFO: [ view_end ] --START--
INFO: Run ShowPageTrace Behavior [ RunTime:0.000666s ]
INFO: [ view_end ] --END-- [ RunTime:0.000735s ]

[ 2016-01-11T10:31:23+08:00 ] /?s=OnlineEnroll&a=info&orderid=7011512291430244
INFO: [ route_check ] --START--
INFO: Run CheckRoute Behavior [ RunTime:0.000925s ]
INFO: [ route_check ] --END-- [ RunTime:0.001001s ]
INFO: [ app_begin ] --START--
INFO: Run ReadHtmlCache Behavior [ RunTime:0.000419s ]
INFO: [ app_begin ] --END-- [ RunTime:0.000467s ]
INFO: Run AuthCheck Behavior [ RunTime:0.000491s ]
NOTIC: [8] Undefined index: db_dsn D:\wnmp\www\malasong\lib\ThinkPHP\Lib\Core\Db.class.php 第 129 行.
NOTIC: [8] Undefined index: db_params D:\wnmp\www\malasong\lib\ThinkPHP\Lib\Core\Db.class.php 第 130 行.
SQL: SHOW COLUMNS FROM `mls_userorders` [ RunTime:0.004346s ]
SQL: SELECT u.orderid,b.xingming,i.chengji,i.`appName`,i.picData,i.addr,u.uid,u.`orderprice`,u.`payorderid`,u.`paystats`,u.ctime,u.utime FROM mls_userorders u LEFT JOIN mls_baomingdan b ON (u.uid =b.uid ) LEFT JOIN mls_online_info i ON (u.orderid = i.orderid) WHERE (u.orderid = '7011512291430244')  [ RunTime:0.003365s ]
INFO: [ view_template ] --START--
INFO: Run LocationTemplate Behavior [ RunTime:0.000863s ]
INFO: [ view_template ] --END-- [ RunTime:0.000944s ]
INFO: [ view_parse ] --START--
NOTIC: [8] Undefined index: charset D:\wnmp\www\malasong\uducy_admin\Runtime\Temp\de3ec90e1b20301695e7d80d61ae5a27d6d5da19.file.header.html.php 第 32 行.
NOTIC: [8] Trying to get property of non-object D:\wnmp\www\malasong\uducy_admin\Runtime\Temp\de3ec90e1b20301695e7d80d61ae5a27d6d5da19.file.header.html.php 第 32 行.
NOTIC: [8] Undefined index: npa D:\wnmp\www\malasong\uducy_admin\Runtime\Temp\de3ec90e1b20301695e7d80d61ae5a27d6d5da19.file.header.html.php 第 45 行.
NOTIC: [8] Trying to get property of non-object D:\wnmp\www\malasong\uducy_admin\Runtime\Temp\de3ec90e1b20301695e7d80d61ae5a27d6d5da19.file.header.html.php 第 45 行.
NOTIC: [8] Undefined index: error D:\wnmp\www\malasong\uducy_admin\Runtime\Temp\de3ec90e1b20301695e7d80d61ae5a27d6d5da19.file.header.html.php 第 69 行.
NOTIC: [8] Trying to get property of non-object D:\wnmp\www\malasong\uducy_admin\Runtime\Temp\de3ec90e1b20301695e7d80d61ae5a27d6d5da19.file.header.html.php 第 69 行.
INFO: Run ParseTemplate Behavior [ RunTime:0.013971s ]
INFO: [ view_parse ] --END-- [ RunTime:0.014040s ]
INFO: [ view_filter ] --START--
INFO: Run ContentReplace Behavior [ RunTime:0.002073s ]
INFO: Run TokenBuild Behavior [ RunTime:0.000852s ]
INFO: Run WriteHtmlCache Behavior [ RunTime:0.000275s ]
INFO: Run ShowRuntime Behavior [ RunTime:0.001213s ]
INFO: [ view_filter ] --END-- [ RunTime:0.004569s ]
INFO: [ view_end ] --START--
INFO: Run ShowPageTrace Behavior [ RunTime:0.000793s ]
INFO: [ view_end ] --END-- [ RunTime:0.000877s ]

[ 2016-01-11T10:32:11+08:00 ] /?s=index&a=index
INFO: [ route_check ] --START--
INFO: Run CheckRoute Behavior [ RunTime:0.000552s ]
INFO: [ route_check ] --END-- [ RunTime:0.000611s ]
INFO: [ app_begin ] --START--
INFO: Run ReadHtmlCache Behavior [ RunTime:0.000375s ]
INFO: [ app_begin ] --END-- [ RunTime:0.000412s ]
INFO: Run AuthCheck Behavior [ RunTime:0.000373s ]
INFO: [ view_template ] --START--
INFO: Run LocationTemplate Behavior [ RunTime:0.000398s ]
INFO: [ view_template ] --END-- [ RunTime:0.000438s ]
INFO: [ view_parse ] --START--
INFO: Run ParseTemplate Behavior [ RunTime:0.008683s ]
INFO: [ view_parse ] --END-- [ RunTime:0.008732s ]
INFO: [ view_filter ] --START--
INFO: Run ContentReplace Behavior [ RunTime:0.000270s ]
INFO: Run TokenBuild Behavior [ RunTime:0.000289s ]
INFO: Run WriteHtmlCache Behavior [ RunTime:0.000206s ]
INFO: Run ShowRuntime Behavior [ RunTime:0.000332s ]
INFO: [ view_filter ] --END-- [ RunTime:0.001203s ]
INFO: [ view_end ] --START--
INFO: Run ShowPageTrace Behavior [ RunTime:0.000426s ]
INFO: [ view_end ] --END-- [ RunTime:0.000460s ]

[ 2016-01-11T10:32:11+08:00 ] /?s=index&a=header
INFO: [ route_check ] --START--
INFO: Run CheckRoute Behavior [ RunTime:0.000509s ]
INFO: [ route_check ] --END-- [ RunTime:0.000565s ]
INFO: [ app_begin ] --START--
INFO: Run ReadHtmlCache Behavior [ RunTime:0.000363s ]
INFO: [ app_begin ] --END-- [ RunTime:0.000397s ]
INFO: Run AuthCheck Behavior [ RunTime:0.000428s ]
INFO: [ view_template ] --START--
INFO: Run LocationTemplate Behavior [ RunTime:0.000961s ]
INFO: [ view_template ] --END-- [ RunTime:0.001007s ]
INFO: [ view_parse ] --START--
INFO: Run ParseTemplate Behavior [ RunTime:0.008286s ]
INFO: [ view_parse ] --END-- [ RunTime:0.008335s ]
INFO: [ view_filter ] --START--
INFO: Run ContentReplace Behavior [ RunTime:0.000253s ]
INFO: Run TokenBuild Behavior [ RunTime:0.000225s ]
INFO: Run WriteHtmlCache Behavior [ RunTime:0.000158s ]
INFO: Run ShowRuntime Behavior [ RunTime:0.000271s ]
INFO: [ view_filter ] --END-- [ RunTime:0.000995s ]
INFO: [ view_end ] --START--
INFO: Run ShowPageTrace Behavior [ RunTime:0.000365s ]
INFO: [ view_end ] --END-- [ RunTime:0.000394s ]

[ 2016-01-11T10:32:11+08:00 ] /?s=index&a=menu&showWelcome=1
INFO: [ route_check ] --START--
INFO: Run CheckRoute Behavior [ RunTime:0.000490s ]
INFO: [ route_check ] --END-- [ RunTime:0.000552s ]
INFO: [ app_begin ] --START--
INFO: Run ReadHtmlCache Behavior [ RunTime:0.000370s ]
INFO: [ app_begin ] --END-- [ RunTime:0.000408s ]
INFO: Run AuthCheck Behavior [ RunTime:0.000333s ]
NOTIC: [8] Undefined variable: output D:\wnmp\www\malasong\uducy_admin\Lib\Action\IndexAction.class.php 第 29 行.
NOTIC: [2] in_array() expects parameter 2 to be array, boolean given D:\wnmp\www\malasong\uducy_admin\Lib\Action\IndexAction.class.php 第 32 行.
NOTIC: [2] in_array() expects parameter 2 to be array, boolean given D:\wnmp\www\malasong\uducy_admin\Lib\Action\IndexAction.class.php 第 32 行.
NOTIC: [2] in_array() expects parameter 2 to be array, boolean given D:\wnmp\www\malasong\uducy_admin\Lib\Action\IndexAction.class.php 第 32 行.
NOTIC: [2] in_array() expects parameter 2 to be array, boolean given D:\wnmp\www\malasong\uducy_admin\Lib\Action\IndexAction.class.php 第 32 行.
INFO: [ view_template ] --START--
INFO: Run LocationTemplate Behavior [ RunTime:0.000519s ]
INFO: [ view_template ] --END-- [ RunTime:0.000587s ]
INFO: [ view_parse ] --START--
NOTIC: [8] Undefined index: charset D:\wnmp\www\malasong\uducy_admin\Runtime\Temp\fc992ec0d820ab300b1bbfc78e0c2bc48b74b653.file.menu.html.php 第 31 行.
NOTIC: [8] Trying to get property of non-object D:\wnmp\www\malasong\uducy_admin\Runtime\Temp\fc992ec0d820ab300b1bbfc78e0c2bc48b74b653.file.menu.html.php 第 31 行.
INFO: Run ParseTemplate Behavior [ RunTime:0.007292s ]
INFO: [ view_parse ] --END-- [ RunTime:0.007331s ]
INFO: [ view_filter ] --START--
INFO: Run ContentReplace Behavior [ RunTime:0.000230s ]
INFO: Run TokenBuild Behavior [ RunTime:0.000219s ]
INFO: Run WriteHtmlCache Behavior [ RunTime:0.000156s ]
INFO: Run ShowRuntime Behavior [ RunTime:0.000266s ]
INFO: [ view_filter ] --END-- [ RunTime:0.000956s ]
INFO: [ view_end ] --START--
INFO: Run ShowPageTrace Behavior [ RunTime:0.000361s ]
INFO: [ view_end ] --END-- [ RunTime:0.000388s ]

[ 2016-01-11T10:32:13+08:00 ] /?s=index&a=welcome
INFO: [ route_check ] --START--
INFO: Run CheckRoute Behavior [ RunTime:0.000477s ]
INFO: [ route_check ] --END-- [ RunTime:0.000536s ]
INFO: [ app_begin ] --START--
INFO: Run ReadHtmlCache Behavior [ RunTime:0.000322s ]
INFO: [ app_begin ] --END-- [ RunTime:0.000353s ]
INFO: Run AuthCheck Behavior [ RunTime:0.000414s ]
SQL: SHOW COLUMNS FROM `tbl_admin_user` [ RunTime:0.004039s ]
SQL: SELECT VERSION() AS dbversion [ RunTime:0.001049s ]
NOTIC: [2] Illegal string offset 'dbversion' D:\wnmp\www\malasong\uducy_admin\Lib\Model\LoginModel.class.php 第 72 行.
SQL: SHOW TABLE STATUS [ RunTime:0.001187s ]
NOTIC: [2] filesize(): stat failed for ../uducy_admin/Runtime/logs/admin_log.php D:\wnmp\www\malasong\uducy_admin\Lib\Model\LoginModel.class.php 第 86 行.
NOTIC: [2] filesize(): stat failed for ../uducy_admin/Runtime/logs/php_error.log D:\wnmp\www\malasong\uducy_admin\Lib\Model\LoginModel.class.php 第 90 行.
NOTIC: [2] filesize(): stat failed for ../uducy_admin/Runtime/logs/mysql_error.php D:\wnmp\www\malasong\uducy_admin\Lib\Model\LoginModel.class.php 第 94 行.
NOTIC: [8] Undefined variable: serverip D:\wnmp\www\malasong\uducy_admin\Lib\Model\LoginModel.class.php 第 99 行.
NOTIC: [8] Undefined index: db_dsn D:\wnmp\www\malasong\lib\ThinkPHP\Lib\Core\Db.class.php 第 129 行.
NOTIC: [8] Undefined index: db_params D:\wnmp\www\malasong\lib\ThinkPHP\Lib\Core\Db.class.php 第 130 行.
SQL: SHOW COLUMNS FROM `mls_admin_user` [ RunTime:0.004272s ]
SQL: SELECT count(id) as c FROM `mls_admin_user` LIMIT 1   [ RunTime:0.000891s ]
SQL: SHOW COLUMNS FROM `tbl_admin_sys` [ RunTime:0.003600s ]
ERR: 0:Table 'dh_at321.tbl_admin_sys' doesn't exist
 [ SQL语句 ] : SHOW COLUMNS FROM `tbl_admin_sys`
SQL: SELECT ctime as x,`mem`,`cpu`,`load` FROM `tbl_admin_sys` WHERE ( ctime>=1452220333 )  [ RunTime:0.001061s ]
ERR: 0:Table 'dh_at321.tbl_admin_sys' doesn't exist
 [ SQL语句 ] : SELECT ctime as x,`mem`,`cpu`,`load` FROM `tbl_admin_sys` WHERE ( ctime>=1452220333 ) 
NOTIC: [2] Invalid argument supplied for foreach() D:\wnmp\www\malasong\uducy_admin\Lib\Action\IndexAction.class.php 第 61 行.
NOTIC: [8] Undefined variable: rs D:\wnmp\www\malasong\uducy_admin\Lib\Action\IndexAction.class.php 第 66 行.
INFO: [ view_template ] --START--
INFO: Run LocationTemplate Behavior [ RunTime:0.000983s ]
INFO: [ view_template ] --END-- [ RunTime:0.001057s ]
INFO: [ view_parse ] --START--
NOTIC: [8] Undefined index: charset D:\wnmp\www\malasong\uducy_admin\Runtime\Temp\de3ec90e1b20301695e7d80d61ae5a27d6d5da19.file.header.html.php 第 32 行.
NOTIC: [8] Trying to get property of non-object D:\wnmp\www\malasong\uducy_admin\Runtime\Temp\de3ec90e1b20301695e7d80d61ae5a27d6d5da19.file.header.html.php 第 32 行.
NOTIC: [8] Undefined index: npa D:\wnmp\www\malasong\uducy_admin\Runtime\Temp\de3ec90e1b20301695e7d80d61ae5a27d6d5da19.file.header.html.php 第 45 行.
NOTIC: [8] Trying to get property of non-object D:\wnmp\www\malasong\uducy_admin\Runtime\Temp\de3ec90e1b20301695e7d80d61ae5a27d6d5da19.file.header.html.php 第 45 行.
NOTIC: [8] Undefined index: error D:\wnmp\www\malasong\uducy_admin\Runtime\Temp\de3ec90e1b20301695e7d80d61ae5a27d6d5da19.file.header.html.php 第 69 行.
NOTIC: [8] Trying to get property of non-object D:\wnmp\www\malasong\uducy_admin\Runtime\Temp\de3ec90e1b20301695e7d80d61ae5a27d6d5da19.file.header.html.php 第 69 行.
NOTIC: [8] Undefined index: site_new D:\wnmp\www\malasong\uducy_admin\Runtime\Temp\98d1046f2f04fb739a188779fb590e6f931a4eb2.file.welcome.html.php 第 52 行.
NOTIC: [8] Undefined index: advise D:\wnmp\www\malasong\uducy_admin\Runtime\Temp\98d1046f2f04fb739a188779fb590e6f931a4eb2.file.welcome.html.php 第 60 行.
INFO: Run ParseTemplate Behavior [ RunTime:0.017403s ]
INFO: [ view_parse ] --END-- [ RunTime:0.017455s ]
INFO: [ view_filter ] --START--
INFO: Run ContentReplace Behavior [ RunTime:0.000227s ]
INFO: Run TokenBuild Behavior [ RunTime:0.000218s ]
INFO: Run WriteHtmlCache Behavior [ RunTime:0.000146s ]
INFO: Run ShowRuntime Behavior [ RunTime:0.000252s ]
INFO: [ view_filter ] --END-- [ RunTime:0.000930s ]
INFO: [ view_end ] --START--
INFO: Run ShowPageTrace Behavior [ RunTime:0.000334s ]
INFO: [ view_end ] --END-- [ RunTime:0.000359s ]

[ 2016-01-11T10:32:15+08:00 ] /?s=OnlineEnroll
INFO: [ route_check ] --START--
INFO: Run CheckRoute Behavior [ RunTime:0.001025s ]
INFO: [ route_check ] --END-- [ RunTime:0.001129s ]
INFO: [ app_begin ] --START--
INFO: Run ReadHtmlCache Behavior [ RunTime:0.000803s ]
INFO: [ app_begin ] --END-- [ RunTime:0.001079s ]
INFO: Run AuthCheck Behavior [ RunTime:0.000751s ]
NOTIC: [8] Undefined index: db_dsn D:\wnmp\www\malasong\lib\ThinkPHP\Lib\Core\Db.class.php 第 129 行.
NOTIC: [8] Undefined index: db_params D:\wnmp\www\malasong\lib\ThinkPHP\Lib\Core\Db.class.php 第 130 行.
SQL: SHOW COLUMNS FROM `mls_userorders` [ RunTime:0.029879s ]
SQL: SELECT u.orderid,b.xingming,i.chengji,u.uid,u.`orderprice`,u.`payorderid`,u.`paystats`,u.ctime,u.utime FROM mls_userorders u LEFT JOIN mls_baomingdan b ON (u.uid =b.uid ) LEFT JOIN mls_online_info i ON (u.orderid = i.orderid) WHERE (u.paystats = 1 OR u.paystats = 6) AND u.isonline = 1 ORDER BY u.paystats DESC,u.utime DESC [ RunTime:0.007580s ]
INFO: [ view_template ] --START--
INFO: Run LocationTemplate Behavior [ RunTime:0.000771s ]
INFO: [ view_template ] --END-- [ RunTime:0.000858s ]
INFO: [ view_parse ] --START--
NOTIC: [8] Undefined index: charset D:\wnmp\www\malasong\uducy_admin\Runtime\Temp\de3ec90e1b20301695e7d80d61ae5a27d6d5da19.file.header.html.php 第 32 行.
NOTIC: [8] Trying to get property of non-object D:\wnmp\www\malasong\uducy_admin\Runtime\Temp\de3ec90e1b20301695e7d80d61ae5a27d6d5da19.file.header.html.php 第 32 行.
NOTIC: [8] Undefined index: npa D:\wnmp\www\malasong\uducy_admin\Runtime\Temp\de3ec90e1b20301695e7d80d61ae5a27d6d5da19.file.header.html.php 第 45 行.
NOTIC: [8] Trying to get property of non-object D:\wnmp\www\malasong\uducy_admin\Runtime\Temp\de3ec90e1b20301695e7d80d61ae5a27d6d5da19.file.header.html.php 第 45 行.
NOTIC: [8] Undefined index: error D:\wnmp\www\malasong\uducy_admin\Runtime\Temp\de3ec90e1b20301695e7d80d61ae5a27d6d5da19.file.header.html.php 第 69 行.
NOTIC: [8] Trying to get property of non-object D:\wnmp\www\malasong\uducy_admin\Runtime\Temp\de3ec90e1b20301695e7d80d61ae5a27d6d5da19.file.header.html.php 第 69 行.
NOTIC: [8] Undefined index: select D:\wnmp\www\malasong\uducy_admin\Runtime\Temp\22546176512162227f8d2f0ad669bffbffb73fa5.file.index.html.php 第 44 行.
NOTIC: [8] Trying to get property of non-object D:\wnmp\www\malasong\uducy_admin\Runtime\Temp\22546176512162227f8d2f0ad669bffbffb73fa5.file.index.html.php 第 44 行.
NOTIC: [8] Undefined index: type D:\wnmp\www\malasong\uducy_admin\Runtime\Temp\22546176512162227f8d2f0ad669bffbffb73fa5.file.index.html.php 第 59 行.
NOTIC: [8] Trying to get property of non-object D:\wnmp\www\malasong\uducy_admin\Runtime\Temp\22546176512162227f8d2f0ad669bffbffb73fa5.file.index.html.php 第 59 行.
NOTIC: [8] Undefined index: type D:\wnmp\www\malasong\uducy_admin\Runtime\Temp\22546176512162227f8d2f0ad669bffbffb73fa5.file.index.html.php 第 60 行.
NOTIC: [8] Trying to get property of non-object D:\wnmp\www\malasong\uducy_admin\Runtime\Temp\22546176512162227f8d2f0ad669bffbffb73fa5.file.index.html.php 第 60 行.
INFO: Run ParseTemplate Behavior [ RunTime:0.019645s ]
INFO: [ view_parse ] --END-- [ RunTime:0.019728s ]
INFO: [ view_filter ] --START--
INFO: Run ContentReplace Behavior [ RunTime:0.001581s ]
INFO: Run TokenBuild Behavior [ RunTime:0.000378s ]
INFO: Run WriteHtmlCache Behavior [ RunTime:0.000165s ]
INFO: Run ShowRuntime Behavior [ RunTime:0.000530s ]
INFO: [ view_filter ] --END-- [ RunTime:0.002769s ]
INFO: [ view_end ] --START--
INFO: Run ShowPageTrace Behavior [ RunTime:0.000493s ]
INFO: [ view_end ] --END-- [ RunTime:0.000546s ]

[ 2016-01-11T10:32:17+08:00 ] /?s=OnlineEnroll&a=info&orderid=7011512291430244
INFO: [ route_check ] --START--
INFO: Run CheckRoute Behavior [ RunTime:0.000921s ]
INFO: [ route_check ] --END-- [ RunTime:0.001010s ]
INFO: [ app_begin ] --START--
INFO: Run ReadHtmlCache Behavior [ RunTime:0.000620s ]
INFO: [ app_begin ] --END-- [ RunTime:0.000681s ]
INFO: Run AuthCheck Behavior [ RunTime:0.000592s ]
NOTIC: [8] Undefined index: db_dsn D:\wnmp\www\malasong\lib\ThinkPHP\Lib\Core\Db.class.php 第 129 行.
NOTIC: [8] Undefined index: db_params D:\wnmp\www\malasong\lib\ThinkPHP\Lib\Core\Db.class.php 第 130 行.
SQL: SHOW COLUMNS FROM `mls_userorders` [ RunTime:0.004315s ]
SQL: SELECT u.orderid,b.xingming,i.chengji,i.`appName`,i.picData,i.addr,u.uid,u.`orderprice`,u.`payorderid`,u.`paystats`,u.ctime,u.utime FROM mls_userorders u LEFT JOIN mls_baomingdan b ON (u.uid =b.uid ) LEFT JOIN mls_online_info i ON (u.orderid = i.orderid) WHERE (u.orderid = '7011512291430244')  [ RunTime:0.003497s ]
INFO: [ view_template ] --START--
INFO: Run LocationTemplate Behavior [ RunTime:0.000755s ]
INFO: [ view_template ] --END-- [ RunTime:0.000834s ]
INFO: [ view_parse ] --START--
NOTIC: [8] Undefined index: charset D:\wnmp\www\malasong\uducy_admin\Runtime\Temp\de3ec90e1b20301695e7d80d61ae5a27d6d5da19.file.header.html.php 第 32 行.
NOTIC: [8] Trying to get property of non-object D:\wnmp\www\malasong\uducy_admin\Runtime\Temp\de3ec90e1b20301695e7d80d61ae5a27d6d5da19.file.header.html.php 第 32 行.
NOTIC: [8] Undefined index: npa D:\wnmp\www\malasong\uducy_admin\Runtime\Temp\de3ec90e1b20301695e7d80d61ae5a27d6d5da19.file.header.html.php 第 45 行.
NOTIC: [8] Trying to get property of non-object D:\wnmp\www\malasong\uducy_admin\Runtime\Temp\de3ec90e1b20301695e7d80d61ae5a27d6d5da19.file.header.html.php 第 45 行.
NOTIC: [8] Undefined index: error D:\wnmp\www\malasong\uducy_admin\Runtime\Temp\de3ec90e1b20301695e7d80d61ae5a27d6d5da19.file.header.html.php 第 69 行.
NOTIC: [8] Trying to get property of non-object D:\wnmp\www\malasong\uducy_admin\Runtime\Temp\de3ec90e1b20301695e7d80d61ae5a27d6d5da19.file.header.html.php 第 69 行.
INFO: Run ParseTemplate Behavior [ RunTime:0.052649s ]
INFO: [ view_parse ] --END-- [ RunTime:0.052703s ]
INFO: [ view_filter ] --START--
INFO: Run ContentReplace Behavior [ RunTime:0.001326s ]
INFO: Run TokenBuild Behavior [ RunTime:0.000400s ]
INFO: Run WriteHtmlCache Behavior [ RunTime:0.000190s ]
INFO: Run ShowRuntime Behavior [ RunTime:0.000564s ]
INFO: [ view_filter ] --END-- [ RunTime:0.002573s ]
INFO: [ view_end ] --START--
INFO: Run ShowPageTrace Behavior [ RunTime:0.000511s ]
INFO: [ view_end ] --END-- [ RunTime:0.000566s ]

[ 2016-01-11T18:32:49+08:00 ] /?s=index&a=
INFO: [ route_check ] --START--
INFO: Run CheckRoute Behavior [ RunTime:0.001404s ]
INFO: [ route_check ] --END-- [ RunTime:0.001517s ]
INFO: [ app_begin ] --START--
INFO: Run ReadHtmlCache Behavior [ RunTime:0.000918s ]
INFO: [ app_begin ] --END-- [ RunTime:0.001021s ]

[ 2016-01-11T18:32:49+08:00 ] /login
INFO: [ route_check ] --START--
INFO: Run CheckRoute Behavior [ RunTime:0.000835s ]
INFO: [ route_check ] --END-- [ RunTime:0.000915s ]
INFO: [ app_begin ] --START--
INFO: Run ReadHtmlCache Behavior [ RunTime:0.000537s ]
INFO: [ app_begin ] --END-- [ RunTime:0.000588s ]
INFO: [ view_template ] --START--
INFO: Run LocationTemplate Behavior [ RunTime:0.000729s ]
INFO: [ view_template ] --END-- [ RunTime:0.000813s ]
INFO: [ view_parse ] --START--
NOTIC: [8] Undefined index: error D:\wnmp\www\malasong\uducy_admin\Runtime\Temp\8d4f5e13bd3eda234fa91e36665717b486cd4564.file.login.html.php 第 135 行.
NOTIC: [8] Trying to get property of non-object D:\wnmp\www\malasong\uducy_admin\Runtime\Temp\8d4f5e13bd3eda234fa91e36665717b486cd4564.file.login.html.php 第 135 行.
INFO: Run ParseTemplate Behavior [ RunTime:0.012182s ]
INFO: [ view_parse ] --END-- [ RunTime:0.012253s ]
INFO: [ view_filter ] --START--
INFO: Run ContentReplace Behavior [ RunTime:0.000426s ]
INFO: Run TokenBuild Behavior [ RunTime:0.000345s ]
INFO: Run WriteHtmlCache Behavior [ RunTime:0.000260s ]
INFO: Run ShowRuntime Behavior [ RunTime:0.000410s ]
INFO: [ view_filter ] --END-- [ RunTime:0.001577s ]
INFO: [ view_end ] --START--
INFO: Run ShowPageTrace Behavior [ RunTime:0.000656s ]
INFO: [ view_end ] --END-- [ RunTime:0.000703s ]

[ 2016-01-11T18:32:57+08:00 ] /?s=login&a=login
INFO: [ route_check ] --START--
INFO: Run CheckRoute Behavior [ RunTime:0.001167s ]
INFO: [ route_check ] --END-- [ RunTime:0.001273s ]
INFO: [ app_begin ] --START--
INFO: Run ReadHtmlCache Behavior [ RunTime:0.000823s ]
INFO: [ app_begin ] --END-- [ RunTime:0.000902s ]
NOTIC: [8] Undefined index: db_dsn D:\wnmp\www\malasong\lib\ThinkPHP\Lib\Core\Db.class.php 第 129 行.
NOTIC: [8] Undefined index: db_params D:\wnmp\www\malasong\lib\ThinkPHP\Lib\Core\Db.class.php 第 130 行.
SQL: SHOW COLUMNS FROM `mls_admin_user` [ RunTime:0.007490s ]
SQL: SELECT `id`,`password`,`is_admin`,`right_action` FROM `mls_admin_user` WHERE ( `user_name`='haiyan' ) LIMIT 1   [ RunTime:0.002026s ]
SQL: update mls_admin_user set last_login='2016-01-11 18:32:56',lastip='127.0.0.1' where `id`=11 [ RunTime:0.000747s ]
ERR: 1146:Table 'dh_at321.mls_admin_user' doesn't exist
 [ SQL语句 ] : update mls_admin_user set last_login='2016-01-11 18:32:56',lastip='127.0.0.1' where `id`=11

[ 2016-01-11T18:32:57+08:00 ] /?s=index&a=index
INFO: [ route_check ] --START--
INFO: Run CheckRoute Behavior [ RunTime:0.001179s ]
INFO: [ route_check ] --END-- [ RunTime:0.001283s ]
INFO: [ app_begin ] --START--
INFO: Run ReadHtmlCache Behavior [ RunTime:0.000834s ]
INFO: [ app_begin ] --END-- [ RunTime:0.000914s ]
INFO: Run AuthCheck Behavior [ RunTime:0.001006s ]
INFO: [ view_template ] --START--
INFO: Run LocationTemplate Behavior [ RunTime:0.000935s ]
INFO: [ view_template ] --END-- [ RunTime:0.001011s ]
INFO: [ view_parse ] --START--
INFO: Run ParseTemplate Behavior [ RunTime:0.018105s ]
INFO: [ view_parse ] --END-- [ RunTime:0.018198s ]
INFO: [ view_filter ] --START--
INFO: Run ContentReplace Behavior [ RunTime:0.000564s ]
INFO: Run TokenBuild Behavior [ RunTime:0.000303s ]
INFO: Run WriteHtmlCache Behavior [ RunTime:0.000212s ]
INFO: Run ShowRuntime Behavior [ RunTime:0.000371s ]
INFO: [ view_filter ] --END-- [ RunTime:0.001581s ]
INFO: [ view_end ] --START--
INFO: Run ShowPageTrace Behavior [ RunTime:0.000483s ]
INFO: [ view_end ] --END-- [ RunTime:0.000523s ]

[ 2016-01-11T18:32:57+08:00 ] /?s=index&a=header
INFO: [ route_check ] --START--
INFO: Run CheckRoute Behavior [ RunTime:0.000793s ]
INFO: [ route_check ] --END-- [ RunTime:0.000872s ]
INFO: [ app_begin ] --START--
INFO: Run ReadHtmlCache Behavior [ RunTime:0.000523s ]
INFO: [ app_begin ] --END-- [ RunTime:0.000567s ]
INFO: Run AuthCheck Behavior [ RunTime:0.000965s ]
INFO: [ view_template ] --START--
INFO: Run LocationTemplate Behavior [ RunTime:0.000636s ]
INFO: [ view_template ] --END-- [ RunTime:0.001621s ]
INFO: [ view_parse ] --START--
INFO: Run ParseTemplate Behavior [ RunTime:0.022675s ]
INFO: [ view_parse ] --END-- [ RunTime:0.022739s ]
INFO: [ view_filter ] --START--
INFO: Run ContentReplace Behavior [ RunTime:0.000366s ]
INFO: Run TokenBuild Behavior [ RunTime:0.000328s ]
INFO: Run WriteHtmlCache Behavior [ RunTime:0.000629s ]
INFO: Run ShowRuntime Behavior [ RunTime:0.000423s ]
INFO: [ view_filter ] --END-- [ RunTime:0.001931s ]
INFO: [ view_end ] --START--
INFO: Run ShowPageTrace Behavior [ RunTime:0.000543s ]
INFO: [ view_end ] --END-- [ RunTime:0.000585s ]

[ 2016-01-11T18:32:57+08:00 ] /?s=index&a=menu&showWelcome=1
INFO: [ route_check ] --START--
INFO: Run CheckRoute Behavior [ RunTime:0.000812s ]
INFO: [ route_check ] --END-- [ RunTime:0.000884s ]
INFO: [ app_begin ] --START--
INFO: Run ReadHtmlCache Behavior [ RunTime:0.000535s ]
INFO: [ app_begin ] --END-- [ RunTime:0.000576s ]
INFO: Run AuthCheck Behavior [ RunTime:0.000768s ]
NOTIC: [8] Undefined variable: output D:\wnmp\www\malasong\uducy_admin\Lib\Action\IndexAction.class.php 第 29 行.
NOTIC: [2] in_array() expects parameter 2 to be array, boolean given D:\wnmp\www\malasong\uducy_admin\Lib\Action\IndexAction.class.php 第 32 行.
NOTIC: [2] in_array() expects parameter 2 to be array, boolean given D:\wnmp\www\malasong\uducy_admin\Lib\Action\IndexAction.class.php 第 32 行.
NOTIC: [2] in_array() expects parameter 2 to be array, boolean given D:\wnmp\www\malasong\uducy_admin\Lib\Action\IndexAction.class.php 第 32 行.
NOTIC: [2] in_array() expects parameter 2 to be array, boolean given D:\wnmp\www\malasong\uducy_admin\Lib\Action\IndexAction.class.php 第 32 行.
INFO: [ view_template ] --START--
INFO: Run LocationTemplate Behavior [ RunTime:0.000538s ]
INFO: [ view_template ] --END-- [ RunTime:0.000603s ]
INFO: [ view_parse ] --START--
NOTIC: [8] Undefined index: charset D:\wnmp\www\malasong\uducy_admin\Runtime\Temp\fc992ec0d820ab300b1bbfc78e0c2bc48b74b653.file.menu.html.php 第 31 行.
NOTIC: [8] Trying to get property of non-object D:\wnmp\www\malasong\uducy_admin\Runtime\Temp\fc992ec0d820ab300b1bbfc78e0c2bc48b74b653.file.menu.html.php 第 31 行.
INFO: Run ParseTemplate Behavior [ RunTime:0.010613s ]
INFO: [ view_parse ] --END-- [ RunTime:0.010651s ]
INFO: [ view_filter ] --START--
INFO: Run ContentReplace Behavior [ RunTime:0.000250s ]
INFO: Run TokenBuild Behavior [ RunTime:0.000229s ]
INFO: Run WriteHtmlCache Behavior [ RunTime:0.000161s ]
INFO: Run ShowRuntime Behavior [ RunTime:0.000274s ]
INFO: [ view_filter ] --END-- [ RunTime:0.001004s ]
INFO: [ view_end ] --START--
INFO: Run ShowPageTrace Behavior [ RunTime:0.000373s ]
INFO: [ view_end ] --END-- [ RunTime:0.000405s ]

[ 2016-01-11T18:32:59+08:00 ] /?s=index&a=welcome
INFO: [ route_check ] --START--
INFO: Run CheckRoute Behavior [ RunTime:0.000734s ]
INFO: [ route_check ] --END-- [ RunTime:0.000821s ]
INFO: [ app_begin ] --START--
INFO: Run ReadHtmlCache Behavior [ RunTime:0.000418s ]
INFO: [ app_begin ] --END-- [ RunTime:0.000455s ]
INFO: Run AuthCheck Behavior [ RunTime:0.000465s ]
SQL: SHOW COLUMNS FROM `tbl_admin_user` [ RunTime:0.005948s ]
SQL: SELECT VERSION() AS dbversion [ RunTime:0.000415s ]
NOTIC: [2] Illegal string offset 'dbversion' D:\wnmp\www\malasong\uducy_admin\Lib\Model\LoginModel.class.php 第 72 行.
SQL: SHOW TABLE STATUS [ RunTime:0.001369s ]
NOTIC: [2] filesize(): stat failed for ../uducy_admin/Runtime/logs/admin_log.php D:\wnmp\www\malasong\uducy_admin\Lib\Model\LoginModel.class.php 第 86 行.
NOTIC: [2] filesize(): stat failed for ../uducy_admin/Runtime/logs/php_error.log D:\wnmp\www\malasong\uducy_admin\Lib\Model\LoginModel.class.php 第 90 行.
NOTIC: [2] filesize(): stat failed for ../uducy_admin/Runtime/logs/mysql_error.php D:\wnmp\www\malasong\uducy_admin\Lib\Model\LoginModel.class.php 第 94 行.
NOTIC: [8] Undefined variable: serverip D:\wnmp\www\malasong\uducy_admin\Lib\Model\LoginModel.class.php 第 99 行.
NOTIC: [8] Undefined index: db_dsn D:\wnmp\www\malasong\lib\ThinkPHP\Lib\Core\Db.class.php 第 129 行.
NOTIC: [8] Undefined index: db_params D:\wnmp\www\malasong\lib\ThinkPHP\Lib\Core\Db.class.php 第 130 行.
SQL: SHOW COLUMNS FROM `mls_admin_user` [ RunTime:0.004551s ]
SQL: SELECT count(id) as c FROM `mls_admin_user` LIMIT 1   [ RunTime:0.001176s ]
SQL: SHOW COLUMNS FROM `tbl_admin_sys` [ RunTime:0.003765s ]
ERR: 0:Table 'dh_at321.tbl_admin_sys' doesn't exist
 [ SQL语句 ] : SHOW COLUMNS FROM `tbl_admin_sys`
SQL: SELECT ctime as x,`mem`,`cpu`,`load` FROM `tbl_admin_sys` WHERE ( ctime>=1452249179 )  [ RunTime:0.001051s ]
ERR: 0:Table 'dh_at321.tbl_admin_sys' doesn't exist
 [ SQL语句 ] : SELECT ctime as x,`mem`,`cpu`,`load` FROM `tbl_admin_sys` WHERE ( ctime>=1452249179 ) 
NOTIC: [2] Invalid argument supplied for foreach() D:\wnmp\www\malasong\uducy_admin\Lib\Action\IndexAction.class.php 第 61 行.
NOTIC: [8] Undefined variable: rs D:\wnmp\www\malasong\uducy_admin\Lib\Action\IndexAction.class.php 第 66 行.
INFO: [ view_template ] --START--
INFO: Run LocationTemplate Behavior [ RunTime:0.001350s ]
INFO: [ view_template ] --END-- [ RunTime:0.001440s ]
INFO: [ view_parse ] --START--
NOTIC: [8] Undefined index: charset D:\wnmp\www\malasong\uducy_admin\Runtime\Temp\de3ec90e1b20301695e7d80d61ae5a27d6d5da19.file.header.html.php 第 32 行.
NOTIC: [8] Trying to get property of non-object D:\wnmp\www\malasong\uducy_admin\Runtime\Temp\de3ec90e1b20301695e7d80d61ae5a27d6d5da19.file.header.html.php 第 32 行.
NOTIC: [8] Undefined index: npa D:\wnmp\www\malasong\uducy_admin\Runtime\Temp\de3ec90e1b20301695e7d80d61ae5a27d6d5da19.file.header.html.php 第 45 行.
NOTIC: [8] Trying to get property of non-object D:\wnmp\www\malasong\uducy_admin\Runtime\Temp\de3ec90e1b20301695e7d80d61ae5a27d6d5da19.file.header.html.php 第 45 行.
NOTIC: [8] Undefined index: error D:\wnmp\www\malasong\uducy_admin\Runtime\Temp\de3ec90e1b20301695e7d80d61ae5a27d6d5da19.file.header.html.php 第 69 行.
NOTIC: [8] Trying to get property of non-object D:\wnmp\www\malasong\uducy_admin\Runtime\Temp\de3ec90e1b20301695e7d80d61ae5a27d6d5da19.file.header.html.php 第 69 行.
NOTIC: [8] Undefined index: site_new D:\wnmp\www\malasong\uducy_admin\Runtime\Temp\98d1046f2f04fb739a188779fb590e6f931a4eb2.file.welcome.html.php 第 52 行.
NOTIC: [8] Undefined index: advise D:\wnmp\www\malasong\uducy_admin\Runtime\Temp\98d1046f2f04fb739a188779fb590e6f931a4eb2.file.welcome.html.php 第 60 行.
INFO: Run ParseTemplate Behavior [ RunTime:0.019702s ]
INFO: [ view_parse ] --END-- [ RunTime:0.019786s ]
INFO: [ view_filter ] --START--
INFO: Run ContentReplace Behavior [ RunTime:0.000515s ]
INFO: Run TokenBuild Behavior [ RunTime:0.000487s ]
INFO: Run WriteHtmlCache Behavior [ RunTime:0.000339s ]
INFO: Run ShowRuntime Behavior [ RunTime:0.000619s ]
INFO: [ view_filter ] --END-- [ RunTime:0.002145s ]
INFO: [ view_end ] --START--
INFO: Run ShowPageTrace Behavior [ RunTime:0.000781s ]
INFO: [ view_end ] --END-- [ RunTime:0.000843s ]

[ 2016-01-11T18:33:00+08:00 ] /?s=OnlineEnroll
INFO: [ route_check ] --START--
INFO: Run CheckRoute Behavior [ RunTime:0.001186s ]
INFO: [ route_check ] --END-- [ RunTime:0.001297s ]
INFO: [ app_begin ] --START--
INFO: Run ReadHtmlCache Behavior [ RunTime:0.000855s ]
INFO: [ app_begin ] --END-- [ RunTime:0.000933s ]
INFO: Run AuthCheck Behavior [ RunTime:0.000987s ]
NOTIC: [8] Undefined index: db_dsn D:\wnmp\www\malasong\lib\ThinkPHP\Lib\Core\Db.class.php 第 129 行.
NOTIC: [8] Undefined index: db_params D:\wnmp\www\malasong\lib\ThinkPHP\Lib\Core\Db.class.php 第 130 行.
SQL: SHOW COLUMNS FROM `mls_userorders` [ RunTime:0.004592s ]
SQL: SELECT u.orderid,b.xingming,i.chengji,u.uid,u.`orderprice`,u.`payorderid`,u.`paystats`,u.ctime,u.utime FROM mls_userorders u LEFT JOIN mls_baomingdan b ON (u.uid =b.uid ) LEFT JOIN mls_online_info i ON (u.orderid = i.orderid) WHERE (u.paystats = 1 OR u.paystats = 6) AND u.isonline = 1 ORDER BY u.paystats DESC,u.utime DESC [ RunTime:0.011793s ]
INFO: [ view_template ] --START--
INFO: Run LocationTemplate Behavior [ RunTime:0.001078s ]
INFO: [ view_template ] --END-- [ RunTime:0.001159s ]
INFO: [ view_parse ] --START--
NOTIC: [8] Undefined index: charset D:\wnmp\www\malasong\uducy_admin\Runtime\Temp\de3ec90e1b20301695e7d80d61ae5a27d6d5da19.file.header.html.php 第 32 行.
NOTIC: [8] Trying to get property of non-object D:\wnmp\www\malasong\uducy_admin\Runtime\Temp\de3ec90e1b20301695e7d80d61ae5a27d6d5da19.file.header.html.php 第 32 行.
NOTIC: [8] Undefined index: npa D:\wnmp\www\malasong\uducy_admin\Runtime\Temp\de3ec90e1b20301695e7d80d61ae5a27d6d5da19.file.header.html.php 第 45 行.
NOTIC: [8] Trying to get property of non-object D:\wnmp\www\malasong\uducy_admin\Runtime\Temp\de3ec90e1b20301695e7d80d61ae5a27d6d5da19.file.header.html.php 第 45 行.
NOTIC: [8] Undefined index: error D:\wnmp\www\malasong\uducy_admin\Runtime\Temp\de3ec90e1b20301695e7d80d61ae5a27d6d5da19.file.header.html.php 第 69 行.
NOTIC: [8] Trying to get property of non-object D:\wnmp\www\malasong\uducy_admin\Runtime\Temp\de3ec90e1b20301695e7d80d61ae5a27d6d5da19.file.header.html.php 第 69 行.
NOTIC: [8] Undefined index: select D:\wnmp\www\malasong\uducy_admin\Runtime\Temp\22546176512162227f8d2f0ad669bffbffb73fa5.file.index.html.php 第 44 行.
NOTIC: [8] Trying to get property of non-object D:\wnmp\www\malasong\uducy_admin\Runtime\Temp\22546176512162227f8d2f0ad669bffbffb73fa5.file.index.html.php 第 44 行.
NOTIC: [8] Undefined index: type D:\wnmp\www\malasong\uducy_admin\Runtime\Temp\22546176512162227f8d2f0ad669bffbffb73fa5.file.index.html.php 第 59 行.
NOTIC: [8] Trying to get property of non-object D:\wnmp\www\malasong\uducy_admin\Runtime\Temp\22546176512162227f8d2f0ad669bffbffb73fa5.file.index.html.php 第 59 行.
NOTIC: [8] Undefined index: type D:\wnmp\www\malasong\uducy_admin\Runtime\Temp\22546176512162227f8d2f0ad669bffbffb73fa5.file.index.html.php 第 60 行.
NOTIC: [8] Trying to get property of non-object D:\wnmp\www\malasong\uducy_admin\Runtime\Temp\22546176512162227f8d2f0ad669bffbffb73fa5.file.index.html.php 第 60 行.
INFO: Run ParseTemplate Behavior [ RunTime:0.021313s ]
INFO: [ view_parse ] --END-- [ RunTime:0.021403s ]
INFO: [ view_filter ] --START--
INFO: Run ContentReplace Behavior [ RunTime:0.002121s ]
INFO: Run TokenBuild Behavior [ RunTime:0.000849s ]
INFO: Run WriteHtmlCache Behavior [ RunTime:0.000386s ]
INFO: Run ShowRuntime Behavior [ RunTime:0.001282s ]
INFO: [ view_filter ] --END-- [ RunTime:0.004852s ]
INFO: [ view_end ] --START--
INFO: Run ShowPageTrace Behavior [ RunTime:0.001002s ]
INFO: [ view_end ] --END-- [ RunTime:0.001105s ]

[ 2016-01-11T18:33:03+08:00 ] /?s=OnlineEnroll&a=info&orderid=7011512291430244
INFO: [ route_check ] --START--
INFO: Run CheckRoute Behavior [ RunTime:0.001260s ]
INFO: [ route_check ] --END-- [ RunTime:0.001369s ]
INFO: [ app_begin ] --START--
INFO: Run ReadHtmlCache Behavior [ RunTime:0.000841s ]
INFO: [ app_begin ] --END-- [ RunTime:0.000909s ]
INFO: Run AuthCheck Behavior [ RunTime:0.000690s ]
NOTIC: [8] Undefined index: db_dsn D:\wnmp\www\malasong\lib\ThinkPHP\Lib\Core\Db.class.php 第 129 行.
NOTIC: [8] Undefined index: db_params D:\wnmp\www\malasong\lib\ThinkPHP\Lib\Core\Db.class.php 第 130 行.
SQL: SHOW COLUMNS FROM `mls_userorders` [ RunTime:0.004617s ]
SQL: SELECT u.orderid,b.xingming,i.chengji,i.`appName`,i.picData,i.addr,u.uid,u.`orderprice`,u.`payorderid`,u.`paystats`,u.ctime,u.utime FROM mls_userorders u LEFT JOIN mls_baomingdan b ON (u.uid =b.uid ) LEFT JOIN mls_online_info i ON (u.orderid = i.orderid) WHERE (u.orderid = '7011512291430244')  [ RunTime:0.003654s ]
INFO: [ view_template ] --START--
INFO: Run LocationTemplate Behavior [ RunTime:0.001077s ]
INFO: [ view_template ] --END-- [ RunTime:0.001159s ]
INFO: [ view_parse ] --START--
NOTIC: [8] Undefined index: charset D:\wnmp\www\malasong\uducy_admin\Runtime\Temp\de3ec90e1b20301695e7d80d61ae5a27d6d5da19.file.header.html.php 第 32 行.
NOTIC: [8] Trying to get property of non-object D:\wnmp\www\malasong\uducy_admin\Runtime\Temp\de3ec90e1b20301695e7d80d61ae5a27d6d5da19.file.header.html.php 第 32 行.
NOTIC: [8] Undefined index: npa D:\wnmp\www\malasong\uducy_admin\Runtime\Temp\de3ec90e1b20301695e7d80d61ae5a27d6d5da19.file.header.html.php 第 45 行.
NOTIC: [8] Trying to get property of non-object D:\wnmp\www\malasong\uducy_admin\Runtime\Temp\de3ec90e1b20301695e7d80d61ae5a27d6d5da19.file.header.html.php 第 45 行.
NOTIC: [8] Undefined index: error D:\wnmp\www\malasong\uducy_admin\Runtime\Temp\de3ec90e1b20301695e7d80d61ae5a27d6d5da19.file.header.html.php 第 69 行.
NOTIC: [8] Trying to get property of non-object D:\wnmp\www\malasong\uducy_admin\Runtime\Temp\de3ec90e1b20301695e7d80d61ae5a27d6d5da19.file.header.html.php 第 69 行.
INFO: Run ParseTemplate Behavior [ RunTime:0.020749s ]
INFO: [ view_parse ] --END-- [ RunTime:0.020834s ]
INFO: [ view_filter ] --START--
INFO: Run ContentReplace Behavior [ RunTime:0.002758s ]
INFO: Run TokenBuild Behavior [ RunTime:0.001176s ]
INFO: Run WriteHtmlCache Behavior [ RunTime:0.000366s ]
INFO: Run ShowRuntime Behavior [ RunTime:0.001523s ]
INFO: [ view_filter ] --END-- [ RunTime:0.006096s ]
INFO: [ view_end ] --START--
INFO: Run ShowPageTrace Behavior [ RunTime:0.000998s ]
INFO: [ view_end ] --END-- [ RunTime:0.001096s ]

