[ 2016-01-18T20:58:48+08:00 ] /
INFO: [ app_begin ] --START--
INFO: Run ReadHtmlCache Behavior [ RunTime:0.009225s ]
INFO: [ app_begin ] --END-- [ RunTime:0.009313s ]

[ 2016-01-18T20:58:48+08:00 ] /login
INFO: [ route_check ] --START--
INFO: Run CheckRoute Behavior [ RunTime:0.013397s ]
INFO: [ route_check ] --END-- [ RunTime:0.013465s ]
INFO: [ app_begin ] --START--
INFO: Run ReadHtmlCache Behavior [ RunTime:0.000369s ]
INFO: [ app_begin ] --END-- [ RunTime:0.000403s ]
INFO: [ view_template ] --START--
INFO: Run LocationTemplate Behavior [ RunTime:0.008619s ]
INFO: [ view_template ] --END-- [ RunTime:0.008676s ]
INFO: [ view_parse ] --START--
NOTIC: [8] Undefined index: error D:\wnmp\www\malasong\uducy_admin\Runtime\Temp\8d4f5e13bd3eda234fa91e36665717b486cd4564.file.login.html.php 第 135 行.
NOTIC: [8] Trying to get property of non-object D:\wnmp\www\malasong\uducy_admin\Runtime\Temp\8d4f5e13bd3eda234fa91e36665717b486cd4564.file.login.html.php 第 135 行.
INFO: Run ParseTemplate Behavior [ RunTime:0.120890s ]
INFO: [ view_parse ] --END-- [ RunTime:0.120957s ]
INFO: [ view_filter ] --START--
INFO: Run ContentReplace Behavior [ RunTime:0.001226s ]
INFO: Run TokenBuild Behavior [ RunTime:0.000940s ]
INFO: Run WriteHtmlCache Behavior [ RunTime:0.000671s ]
INFO: Run ShowRuntime Behavior [ RunTime:0.010612s ]
INFO: [ view_filter ] --END-- [ RunTime:0.013675s ]
INFO: [ view_end ] --START--
INFO: Run ShowPageTrace Behavior [ RunTime:0.001297s ]
INFO: [ view_end ] --END-- [ RunTime:0.001373s ]

[ 2016-01-18T20:58:52+08:00 ] /?s=login&a=login
INFO: [ route_check ] --START--
INFO: Run CheckRoute Behavior [ RunTime:0.000575s ]
INFO: [ route_check ] --END-- [ RunTime:0.000636s ]
INFO: [ app_begin ] --START--
INFO: Run ReadHtmlCache Behavior [ RunTime:0.000459s ]
INFO: [ app_begin ] --END-- [ RunTime:0.000499s ]
NOTIC: [8] Undefined index: db_dsn D:\wnmp\www\malasong\lib\ThinkPHP\Lib\Core\Db.class.php 第 129 行.
NOTIC: [8] Undefined index: db_params D:\wnmp\www\malasong\lib\ThinkPHP\Lib\Core\Db.class.php 第 130 行.
SQL: SHOW COLUMNS FROM `mls_admin_user` [ RunTime:0.041804s ]
SQL: SELECT `id`,`password`,`is_admin`,`right_action` FROM `mls_admin_user` WHERE ( `user_name`='haiyan' ) LIMIT 1   [ RunTime:0.007918s ]
SQL: update mls_admin_user set last_login='2016-01-18 20:58:51',lastip='127.0.0.1' where `id`=11 [ RunTime:0.000665s ]
ERR: 1146:Table 'dh_at321.mls_admin_user' doesn't exist
 [ SQL语句 ] : update mls_admin_user set last_login='2016-01-18 20:58:51',lastip='127.0.0.1' where `id`=11

[ 2016-01-18T20:58:52+08:00 ] /?s=index&a=index
INFO: [ route_check ] --START--
INFO: Run CheckRoute Behavior [ RunTime:0.001104s ]
INFO: [ route_check ] --END-- [ RunTime:0.001214s ]
INFO: [ app_begin ] --START--
INFO: Run ReadHtmlCache Behavior [ RunTime:0.000751s ]
INFO: [ app_begin ] --END-- [ RunTime:0.000828s ]
INFO: Run AuthCheck Behavior [ RunTime:0.000746s ]
INFO: [ view_template ] --START--
INFO: Run LocationTemplate Behavior [ RunTime:0.000946s ]
INFO: [ view_template ] --END-- [ RunTime:0.001036s ]
INFO: [ view_parse ] --START--
INFO: Run ParseTemplate Behavior [ RunTime:0.046689s ]
INFO: [ view_parse ] --END-- [ RunTime:0.046758s ]
INFO: [ view_filter ] --START--
INFO: Run ContentReplace Behavior [ RunTime:0.000326s ]
INFO: Run TokenBuild Behavior [ RunTime:0.000229s ]
INFO: Run WriteHtmlCache Behavior [ RunTime:0.000163s ]
INFO: Run ShowRuntime Behavior [ RunTime:0.000275s ]
INFO: [ view_filter ] --END-- [ RunTime:0.001079s ]
INFO: [ view_end ] --START--
INFO: Run ShowPageTrace Behavior [ RunTime:0.000354s ]
INFO: [ view_end ] --END-- [ RunTime:0.000381s ]

[ 2016-01-18T20:58:52+08:00 ] /?s=index&a=header
INFO: [ route_check ] --START--
INFO: Run CheckRoute Behavior [ RunTime:0.000477s ]
INFO: [ route_check ] --END-- [ RunTime:0.000536s ]
INFO: [ app_begin ] --START--
INFO: Run ReadHtmlCache Behavior [ RunTime:0.000293s ]
INFO: [ app_begin ] --END-- [ RunTime:0.000322s ]
INFO: Run AuthCheck Behavior [ RunTime:0.000295s ]
INFO: [ view_template ] --START--
INFO: Run LocationTemplate Behavior [ RunTime:0.000329s ]
INFO: [ view_template ] --END-- [ RunTime:0.000364s ]
INFO: [ view_parse ] --START--
INFO: Run ParseTemplate Behavior [ RunTime:0.021260s ]
INFO: [ view_parse ] --END-- [ RunTime:0.021316s ]
INFO: [ view_filter ] --START--
INFO: Run ContentReplace Behavior [ RunTime:0.000329s ]
INFO: Run TokenBuild Behavior [ RunTime:0.000235s ]
INFO: Run WriteHtmlCache Behavior [ RunTime:0.000165s ]
INFO: Run ShowRuntime Behavior [ RunTime:0.000433s ]
INFO: [ view_filter ] --END-- [ RunTime:0.001250s ]
INFO: [ view_end ] --START--
INFO: Run ShowPageTrace Behavior [ RunTime:0.000422s ]
INFO: [ view_end ] --END-- [ RunTime:0.000457s ]

[ 2016-01-18T20:58:52+08:00 ] /?s=index&a=menu&showWelcome=1
INFO: [ route_check ] --START--
INFO: Run CheckRoute Behavior [ RunTime:0.000513s ]
INFO: [ route_check ] --END-- [ RunTime:0.000584s ]
INFO: [ app_begin ] --START--
INFO: Run ReadHtmlCache Behavior [ RunTime:0.000349s ]
INFO: [ app_begin ] --END-- [ RunTime:0.000379s ]
INFO: Run AuthCheck Behavior [ RunTime:0.000297s ]
NOTIC: [8] Undefined variable: output D:\wnmp\www\malasong\uducy_admin\Lib\Action\IndexAction.class.php 第 29 行.
NOTIC: [2] in_array() expects parameter 2 to be array, boolean given D:\wnmp\www\malasong\uducy_admin\Lib\Action\IndexAction.class.php 第 32 行.
NOTIC: [2] in_array() expects parameter 2 to be array, boolean given D:\wnmp\www\malasong\uducy_admin\Lib\Action\IndexAction.class.php 第 32 行.
NOTIC: [2] in_array() expects parameter 2 to be array, boolean given D:\wnmp\www\malasong\uducy_admin\Lib\Action\IndexAction.class.php 第 32 行.
NOTIC: [2] in_array() expects parameter 2 to be array, boolean given D:\wnmp\www\malasong\uducy_admin\Lib\Action\IndexAction.class.php 第 32 行.
NOTIC: [2] in_array() expects parameter 2 to be array, boolean given D:\wnmp\www\malasong\uducy_admin\Lib\Action\IndexAction.class.php 第 32 行.
INFO: [ view_template ] --START--
INFO: Run LocationTemplate Behavior [ RunTime:0.000312s ]
INFO: [ view_template ] --END-- [ RunTime:0.000344s ]
INFO: [ view_parse ] --START--
NOTIC: [8] Undefined index: charset D:\wnmp\www\malasong\uducy_admin\Runtime\Temp\fc992ec0d820ab300b1bbfc78e0c2bc48b74b653.file.menu.html.php 第 31 行.
NOTIC: [8] Trying to get property of non-object D:\wnmp\www\malasong\uducy_admin\Runtime\Temp\fc992ec0d820ab300b1bbfc78e0c2bc48b74b653.file.menu.html.php 第 31 行.
INFO: Run ParseTemplate Behavior [ RunTime:0.017415s ]
INFO: [ view_parse ] --END-- [ RunTime:0.017454s ]
INFO: [ view_filter ] --START--
INFO: Run ContentReplace Behavior [ RunTime:0.000352s ]
INFO: Run TokenBuild Behavior [ RunTime:0.000305s ]
INFO: Run WriteHtmlCache Behavior [ RunTime:0.000165s ]
INFO: Run ShowRuntime Behavior [ RunTime:0.000278s ]
INFO: [ view_filter ] --END-- [ RunTime:0.001196s ]
INFO: [ view_end ] --START--
INFO: Run ShowPageTrace Behavior [ RunTime:0.000370s ]
INFO: [ view_end ] --END-- [ RunTime:0.000398s ]

[ 2016-01-18T20:58:54+08:00 ] /?s=index&a=welcome
INFO: [ route_check ] --START--
INFO: Run CheckRoute Behavior [ RunTime:0.000466s ]
INFO: [ route_check ] --END-- [ RunTime:0.000517s ]
INFO: [ app_begin ] --START--
INFO: Run ReadHtmlCache Behavior [ RunTime:0.000330s ]
INFO: [ app_begin ] --END-- [ RunTime:0.000362s ]
INFO: Run AuthCheck Behavior [ RunTime:0.000307s ]
SQL: SHOW COLUMNS FROM `tbl_admin_user` [ RunTime:0.043422s ]
SQL: SELECT VERSION() AS dbversion [ RunTime:0.000424s ]
NOTIC: [2] Illegal string offset 'dbversion' D:\wnmp\www\malasong\uducy_admin\Lib\Model\LoginModel.class.php 第 72 行.
SQL: SHOW TABLE STATUS [ RunTime:0.001202s ]
NOTIC: [2] filesize(): stat failed for ../uducy_admin/Runtime/logs/admin_log.php D:\wnmp\www\malasong\uducy_admin\Lib\Model\LoginModel.class.php 第 86 行.
NOTIC: [2] filesize(): stat failed for ../uducy_admin/Runtime/logs/php_error.log D:\wnmp\www\malasong\uducy_admin\Lib\Model\LoginModel.class.php 第 90 行.
NOTIC: [2] filesize(): stat failed for ../uducy_admin/Runtime/logs/mysql_error.php D:\wnmp\www\malasong\uducy_admin\Lib\Model\LoginModel.class.php 第 94 行.
NOTIC: [8] Undefined variable: serverip D:\wnmp\www\malasong\uducy_admin\Lib\Model\LoginModel.class.php 第 99 行.
NOTIC: [8] Undefined index: db_dsn D:\wnmp\www\malasong\lib\ThinkPHP\Lib\Core\Db.class.php 第 129 行.
NOTIC: [8] Undefined index: db_params D:\wnmp\www\malasong\lib\ThinkPHP\Lib\Core\Db.class.php 第 130 行.
SQL: SHOW COLUMNS FROM `mls_admin_user` [ RunTime:0.005170s ]
SQL: SELECT count(id) as c FROM `mls_admin_user` LIMIT 1   [ RunTime:0.000558s ]
SQL: SHOW COLUMNS FROM `tbl_admin_sys` [ RunTime:0.003523s ]
ERR: 0:Table 'dh_at321.tbl_admin_sys' doesn't exist
 [ SQL语句 ] : SHOW COLUMNS FROM `tbl_admin_sys`
SQL: SELECT ctime as x,`mem`,`cpu`,`load` FROM `tbl_admin_sys` WHERE ( ctime>=1452862734 )  [ RunTime:0.000654s ]
ERR: 0:Table 'dh_at321.tbl_admin_sys' doesn't exist
 [ SQL语句 ] : SELECT ctime as x,`mem`,`cpu`,`load` FROM `tbl_admin_sys` WHERE ( ctime>=1452862734 ) 
NOTIC: [2] Invalid argument supplied for foreach() D:\wnmp\www\malasong\uducy_admin\Lib\Action\IndexAction.class.php 第 61 行.
NOTIC: [8] Undefined variable: rs D:\wnmp\www\malasong\uducy_admin\Lib\Action\IndexAction.class.php 第 66 行.
INFO: [ view_template ] --START--
INFO: Run LocationTemplate Behavior [ RunTime:0.000981s ]
INFO: [ view_template ] --END-- [ RunTime:0.001057s ]
INFO: [ view_parse ] --START--
NOTIC: [8] Undefined index: charset D:\wnmp\www\malasong\uducy_admin\Runtime\Temp\de3ec90e1b20301695e7d80d61ae5a27d6d5da19.file.header.html.php 第 32 行.
NOTIC: [8] Trying to get property of non-object D:\wnmp\www\malasong\uducy_admin\Runtime\Temp\de3ec90e1b20301695e7d80d61ae5a27d6d5da19.file.header.html.php 第 32 行.
NOTIC: [8] Undefined index: npa D:\wnmp\www\malasong\uducy_admin\Runtime\Temp\de3ec90e1b20301695e7d80d61ae5a27d6d5da19.file.header.html.php 第 45 行.
NOTIC: [8] Trying to get property of non-object D:\wnmp\www\malasong\uducy_admin\Runtime\Temp\de3ec90e1b20301695e7d80d61ae5a27d6d5da19.file.header.html.php 第 45 行.
NOTIC: [8] Undefined index: error D:\wnmp\www\malasong\uducy_admin\Runtime\Temp\de3ec90e1b20301695e7d80d61ae5a27d6d5da19.file.header.html.php 第 69 行.
NOTIC: [8] Trying to get property of non-object D:\wnmp\www\malasong\uducy_admin\Runtime\Temp\de3ec90e1b20301695e7d80d61ae5a27d6d5da19.file.header.html.php 第 69 行.
NOTIC: [8] Undefined index: site_new D:\wnmp\www\malasong\uducy_admin\Runtime\Temp\98d1046f2f04fb739a188779fb590e6f931a4eb2.file.welcome.html.php 第 52 行.
NOTIC: [8] Undefined index: advise D:\wnmp\www\malasong\uducy_admin\Runtime\Temp\98d1046f2f04fb739a188779fb590e6f931a4eb2.file.welcome.html.php 第 60 行.
INFO: Run ParseTemplate Behavior [ RunTime:0.073096s ]
INFO: [ view_parse ] --END-- [ RunTime:0.073188s ]
INFO: [ view_filter ] --START--
INFO: Run ContentReplace Behavior [ RunTime:0.000652s ]
INFO: Run TokenBuild Behavior [ RunTime:0.000543s ]
INFO: Run WriteHtmlCache Behavior [ RunTime:0.000385s ]
INFO: Run ShowRuntime Behavior [ RunTime:0.000652s ]
INFO: [ view_filter ] --END-- [ RunTime:0.002435s ]
INFO: [ view_end ] --START--
INFO: Run ShowPageTrace Behavior [ RunTime:0.000861s ]
INFO: [ view_end ] --END-- [ RunTime:0.000927s ]

[ 2016-01-18T20:58:56+08:00 ] /?s=Enroll
INFO: [ route_check ] --START--
INFO: Run CheckRoute Behavior [ RunTime:0.001024s ]
INFO: [ route_check ] --END-- [ RunTime:0.001128s ]
INFO: [ app_begin ] --START--
INFO: Run ReadHtmlCache Behavior [ RunTime:0.000792s ]
INFO: [ app_begin ] --END-- [ RunTime:0.000872s ]
INFO: Run AuthCheck Behavior [ RunTime:0.000880s ]
NOTIC: [8] Undefined index: match D:\wnmp\www\malasong\uducy_admin\Lib\Action\EnrollAction.class.php 第 11 行.
NOTIC: [8] Undefined index: db_dsn D:\wnmp\www\malasong\lib\ThinkPHP\Lib\Core\Db.class.php 第 129 行.
NOTIC: [8] Undefined index: db_params D:\wnmp\www\malasong\lib\ThinkPHP\Lib\Core\Db.class.php 第 130 行.
SQL: SHOW COLUMNS FROM `mls_goods` [ RunTime:0.119224s ]
SQL: SELECT * FROM `mls_goods` WHERE ( goodspid=0 )  [ RunTime:0.001195s ]
SQL: SHOW COLUMNS FROM `mls_userorders` [ RunTime:0.033613s ]
SQL: SELECT o.orderid,o.orderprice,o.paystats,o.payorderid,b.xingming,b.match,o.ctime,o.utime FROM mls_userorders o LEFT JOIN mls_baomingdan b 
ON o.uid = b.id  order by utime desc  [ RunTime:0.039228s ]
INFO: [ view_template ] --START--
INFO: Run LocationTemplate Behavior [ RunTime:0.014899s ]
INFO: [ view_template ] --END-- [ RunTime:0.015011s ]
INFO: [ view_parse ] --START--
NOTIC: [8] Undefined index: charset D:\wnmp\www\malasong\uducy_admin\Runtime\Temp\de3ec90e1b20301695e7d80d61ae5a27d6d5da19.file.header.html.php 第 32 行.
NOTIC: [8] Trying to get property of non-object D:\wnmp\www\malasong\uducy_admin\Runtime\Temp\de3ec90e1b20301695e7d80d61ae5a27d6d5da19.file.header.html.php 第 32 行.
NOTIC: [8] Undefined index: npa D:\wnmp\www\malasong\uducy_admin\Runtime\Temp\de3ec90e1b20301695e7d80d61ae5a27d6d5da19.file.header.html.php 第 45 行.
NOTIC: [8] Trying to get property of non-object D:\wnmp\www\malasong\uducy_admin\Runtime\Temp\de3ec90e1b20301695e7d80d61ae5a27d6d5da19.file.header.html.php 第 45 行.
NOTIC: [8] Undefined index: error D:\wnmp\www\malasong\uducy_admin\Runtime\Temp\de3ec90e1b20301695e7d80d61ae5a27d6d5da19.file.header.html.php 第 69 行.
NOTIC: [8] Trying to get property of non-object D:\wnmp\www\malasong\uducy_admin\Runtime\Temp\de3ec90e1b20301695e7d80d61ae5a27d6d5da19.file.header.html.php 第 69 行.
NOTIC: [8] Undefined index: gender D:\wnmp\www\malasong\uducy_admin\Runtime\Temp\6e0c385f2d460bb3a83a2ad5ef695ddb43d88b3e.file.index.html.php 第 59 行.
NOTIC: [8] Trying to get property of non-object D:\wnmp\www\malasong\uducy_admin\Runtime\Temp\6e0c385f2d460bb3a83a2ad5ef695ddb43d88b3e.file.index.html.php 第 59 行.
NOTIC: [8] Undefined index: gender D:\wnmp\www\malasong\uducy_admin\Runtime\Temp\6e0c385f2d460bb3a83a2ad5ef695ddb43d88b3e.file.index.html.php 第 60 行.
NOTIC: [8] Trying to get property of non-object D:\wnmp\www\malasong\uducy_admin\Runtime\Temp\6e0c385f2d460bb3a83a2ad5ef695ddb43d88b3e.file.index.html.php 第 60 行.
NOTIC: [8] Undefined index: type D:\wnmp\www\malasong\uducy_admin\Runtime\Temp\6e0c385f2d460bb3a83a2ad5ef695ddb43d88b3e.file.index.html.php 第 66 行.
NOTIC: [8] Trying to get property of non-object D:\wnmp\www\malasong\uducy_admin\Runtime\Temp\6e0c385f2d460bb3a83a2ad5ef695ddb43d88b3e.file.index.html.php 第 66 行.
NOTIC: [8] Undefined index: type D:\wnmp\www\malasong\uducy_admin\Runtime\Temp\6e0c385f2d460bb3a83a2ad5ef695ddb43d88b3e.file.index.html.php 第 67 行.
NOTIC: [8] Trying to get property of non-object D:\wnmp\www\malasong\uducy_admin\Runtime\Temp\6e0c385f2d460bb3a83a2ad5ef695ddb43d88b3e.file.index.html.php 第 67 行.
INFO: Run ParseTemplate Behavior [ RunTime:0.052045s ]
INFO: [ view_parse ] --END-- [ RunTime:0.052138s ]
INFO: [ view_filter ] --START--
INFO: Run ContentReplace Behavior [ RunTime:0.000646s ]
INFO: Run TokenBuild Behavior [ RunTime:0.000540s ]
INFO: Run WriteHtmlCache Behavior [ RunTime:0.000387s ]
INFO: Run ShowRuntime Behavior [ RunTime:0.000672s ]
INFO: [ view_filter ] --END-- [ RunTime:0.002443s ]
INFO: [ view_end ] --START--
INFO: Run ShowPageTrace Behavior [ RunTime:0.001191s ]
INFO: [ view_end ] --END-- [ RunTime:0.001274s ]

[ 2016-01-18T20:59:52+08:00 ] /?s=index&a=index
INFO: [ route_check ] --START--
INFO: Run CheckRoute Behavior [ RunTime:0.000626s ]
INFO: [ route_check ] --END-- [ RunTime:0.000728s ]
INFO: [ app_begin ] --START--
INFO: Run ReadHtmlCache Behavior [ RunTime:0.000329s ]
INFO: [ app_begin ] --END-- [ RunTime:0.000365s ]
INFO: Run AuthCheck Behavior [ RunTime:0.000326s ]
INFO: [ view_template ] --START--
INFO: Run LocationTemplate Behavior [ RunTime:0.000313s ]
INFO: [ view_template ] --END-- [ RunTime:0.000349s ]
INFO: [ view_parse ] --START--
INFO: Run ParseTemplate Behavior [ RunTime:0.006723s ]
INFO: [ view_parse ] --END-- [ RunTime:0.006764s ]
INFO: [ view_filter ] --START--
INFO: Run ContentReplace Behavior [ RunTime:0.000221s ]
INFO: Run TokenBuild Behavior [ RunTime:0.000215s ]
INFO: Run WriteHtmlCache Behavior [ RunTime:0.000155s ]
INFO: Run ShowRuntime Behavior [ RunTime:0.000271s ]
INFO: [ view_filter ] --END-- [ RunTime:0.000947s ]
INFO: [ view_end ] --START--
INFO: Run ShowPageTrace Behavior [ RunTime:0.000350s ]
INFO: [ view_end ] --END-- [ RunTime:0.000378s ]

[ 2016-01-18T20:59:52+08:00 ] /?s=index&a=header
INFO: [ route_check ] --START--
INFO: Run CheckRoute Behavior [ RunTime:0.000505s ]
INFO: [ route_check ] --END-- [ RunTime:0.000555s ]
INFO: [ app_begin ] --START--
INFO: Run ReadHtmlCache Behavior [ RunTime:0.000289s ]
INFO: [ app_begin ] --END-- [ RunTime:0.000319s ]
INFO: Run AuthCheck Behavior [ RunTime:0.000295s ]
INFO: [ view_template ] --START--
INFO: Run LocationTemplate Behavior [ RunTime:0.000274s ]
INFO: [ view_template ] --END-- [ RunTime:0.000304s ]
INFO: [ view_parse ] --START--
INFO: Run ParseTemplate Behavior [ RunTime:0.006599s ]
INFO: [ view_parse ] --END-- [ RunTime:0.006638s ]
INFO: [ view_filter ] --START--
INFO: Run ContentReplace Behavior [ RunTime:0.000205s ]
INFO: Run TokenBuild Behavior [ RunTime:0.000199s ]
INFO: Run WriteHtmlCache Behavior [ RunTime:0.000161s ]
INFO: Run ShowRuntime Behavior [ RunTime:0.000261s ]
INFO: [ view_filter ] --END-- [ RunTime:0.000906s ]
INFO: [ view_end ] --START--
INFO: Run ShowPageTrace Behavior [ RunTime:0.000355s ]
INFO: [ view_end ] --END-- [ RunTime:0.000384s ]

[ 2016-01-18T20:59:52+08:00 ] /?s=index&a=menu&showWelcome=1
INFO: [ route_check ] --START--
INFO: Run CheckRoute Behavior [ RunTime:0.000464s ]
INFO: [ route_check ] --END-- [ RunTime:0.000526s ]
INFO: [ app_begin ] --START--
INFO: Run ReadHtmlCache Behavior [ RunTime:0.000314s ]
INFO: [ app_begin ] --END-- [ RunTime:0.000352s ]
INFO: Run AuthCheck Behavior [ RunTime:0.000298s ]
NOTIC: [8] Undefined variable: output D:\wnmp\www\malasong\uducy_admin\Lib\Action\IndexAction.class.php 第 29 行.
NOTIC: [2] in_array() expects parameter 2 to be array, boolean given D:\wnmp\www\malasong\uducy_admin\Lib\Action\IndexAction.class.php 第 32 行.
NOTIC: [2] in_array() expects parameter 2 to be array, boolean given D:\wnmp\www\malasong\uducy_admin\Lib\Action\IndexAction.class.php 第 32 行.
NOTIC: [2] in_array() expects parameter 2 to be array, boolean given D:\wnmp\www\malasong\uducy_admin\Lib\Action\IndexAction.class.php 第 32 行.
NOTIC: [2] in_array() expects parameter 2 to be array, boolean given D:\wnmp\www\malasong\uducy_admin\Lib\Action\IndexAction.class.php 第 32 行.
NOTIC: [2] in_array() expects parameter 2 to be array, boolean given D:\wnmp\www\malasong\uducy_admin\Lib\Action\IndexAction.class.php 第 32 行.
INFO: [ view_template ] --START--
INFO: Run LocationTemplate Behavior [ RunTime:0.000280s ]
INFO: [ view_template ] --END-- [ RunTime:0.000310s ]
INFO: [ view_parse ] --START--
NOTIC: [8] Undefined index: charset D:\wnmp\www\malasong\uducy_admin\Runtime\Temp\fc992ec0d820ab300b1bbfc78e0c2bc48b74b653.file.menu.html.php 第 31 行.
NOTIC: [8] Trying to get property of non-object D:\wnmp\www\malasong\uducy_admin\Runtime\Temp\fc992ec0d820ab300b1bbfc78e0c2bc48b74b653.file.menu.html.php 第 31 行.
INFO: Run ParseTemplate Behavior [ RunTime:0.006875s ]
INFO: [ view_parse ] --END-- [ RunTime:0.006909s ]
INFO: [ view_filter ] --START--
INFO: Run ContentReplace Behavior [ RunTime:0.000209s ]
INFO: Run TokenBuild Behavior [ RunTime:0.000200s ]
INFO: Run WriteHtmlCache Behavior [ RunTime:0.000158s ]
INFO: Run ShowRuntime Behavior [ RunTime:0.000257s ]
INFO: [ view_filter ] --END-- [ RunTime:0.000903s ]
INFO: [ view_end ] --START--
INFO: Run ShowPageTrace Behavior [ RunTime:0.000328s ]
INFO: [ view_end ] --END-- [ RunTime:0.000354s ]

[ 2016-01-18T20:59:54+08:00 ] /?s=index&a=welcome
INFO: [ route_check ] --START--
INFO: Run CheckRoute Behavior [ RunTime:0.000450s ]
INFO: [ route_check ] --END-- [ RunTime:0.000497s ]
INFO: [ app_begin ] --START--
INFO: Run ReadHtmlCache Behavior [ RunTime:0.000292s ]
INFO: [ app_begin ] --END-- [ RunTime:0.000321s ]
INFO: Run AuthCheck Behavior [ RunTime:0.000304s ]
SQL: SHOW COLUMNS FROM `tbl_admin_user` [ RunTime:0.003787s ]
SQL: SELECT VERSION() AS dbversion [ RunTime:0.000961s ]
NOTIC: [2] Illegal string offset 'dbversion' D:\wnmp\www\malasong\uducy_admin\Lib\Model\LoginModel.class.php 第 72 行.
SQL: SHOW TABLE STATUS [ RunTime:0.001175s ]
NOTIC: [2] filesize(): stat failed for ../uducy_admin/Runtime/logs/admin_log.php D:\wnmp\www\malasong\uducy_admin\Lib\Model\LoginModel.class.php 第 86 行.
NOTIC: [2] filesize(): stat failed for ../uducy_admin/Runtime/logs/php_error.log D:\wnmp\www\malasong\uducy_admin\Lib\Model\LoginModel.class.php 第 90 行.
NOTIC: [2] filesize(): stat failed for ../uducy_admin/Runtime/logs/mysql_error.php D:\wnmp\www\malasong\uducy_admin\Lib\Model\LoginModel.class.php 第 94 行.
NOTIC: [8] Undefined variable: serverip D:\wnmp\www\malasong\uducy_admin\Lib\Model\LoginModel.class.php 第 99 行.
NOTIC: [8] Undefined index: db_dsn D:\wnmp\www\malasong\lib\ThinkPHP\Lib\Core\Db.class.php 第 129 行.
NOTIC: [8] Undefined index: db_params D:\wnmp\www\malasong\lib\ThinkPHP\Lib\Core\Db.class.php 第 130 行.
SQL: SHOW COLUMNS FROM `mls_admin_user` [ RunTime:0.003772s ]
SQL: SELECT count(id) as c FROM `mls_admin_user` LIMIT 1   [ RunTime:0.000697s ]
SQL: SHOW COLUMNS FROM `tbl_admin_sys` [ RunTime:0.003473s ]
ERR: 0:Table 'dh_at321.tbl_admin_sys' doesn't exist
 [ SQL语句 ] : SHOW COLUMNS FROM `tbl_admin_sys`
SQL: SELECT ctime as x,`mem`,`cpu`,`load` FROM `tbl_admin_sys` WHERE ( ctime>=1452862794 )  [ RunTime:0.000852s ]
ERR: 0:Table 'dh_at321.tbl_admin_sys' doesn't exist
 [ SQL语句 ] : SELECT ctime as x,`mem`,`cpu`,`load` FROM `tbl_admin_sys` WHERE ( ctime>=1452862794 ) 
NOTIC: [2] Invalid argument supplied for foreach() D:\wnmp\www\malasong\uducy_admin\Lib\Action\IndexAction.class.php 第 61 行.
NOTIC: [8] Undefined variable: rs D:\wnmp\www\malasong\uducy_admin\Lib\Action\IndexAction.class.php 第 66 行.
INFO: [ view_template ] --START--
INFO: Run LocationTemplate Behavior [ RunTime:0.000864s ]
INFO: [ view_template ] --END-- [ RunTime:0.000943s ]
INFO: [ view_parse ] --START--
NOTIC: [8] Undefined index: charset D:\wnmp\www\malasong\uducy_admin\Runtime\Temp\de3ec90e1b20301695e7d80d61ae5a27d6d5da19.file.header.html.php 第 32 行.
NOTIC: [8] Trying to get property of non-object D:\wnmp\www\malasong\uducy_admin\Runtime\Temp\de3ec90e1b20301695e7d80d61ae5a27d6d5da19.file.header.html.php 第 32 行.
NOTIC: [8] Undefined index: npa D:\wnmp\www\malasong\uducy_admin\Runtime\Temp\de3ec90e1b20301695e7d80d61ae5a27d6d5da19.file.header.html.php 第 45 行.
NOTIC: [8] Trying to get property of non-object D:\wnmp\www\malasong\uducy_admin\Runtime\Temp\de3ec90e1b20301695e7d80d61ae5a27d6d5da19.file.header.html.php 第 45 行.
NOTIC: [8] Undefined index: error D:\wnmp\www\malasong\uducy_admin\Runtime\Temp\de3ec90e1b20301695e7d80d61ae5a27d6d5da19.file.header.html.php 第 69 行.
NOTIC: [8] Trying to get property of non-object D:\wnmp\www\malasong\uducy_admin\Runtime\Temp\de3ec90e1b20301695e7d80d61ae5a27d6d5da19.file.header.html.php 第 69 行.
NOTIC: [8] Undefined index: site_new D:\wnmp\www\malasong\uducy_admin\Runtime\Temp\98d1046f2f04fb739a188779fb590e6f931a4eb2.file.welcome.html.php 第 52 行.
NOTIC: [8] Undefined index: advise D:\wnmp\www\malasong\uducy_admin\Runtime\Temp\98d1046f2f04fb739a188779fb590e6f931a4eb2.file.welcome.html.php 第 60 行.
INFO: Run ParseTemplate Behavior [ RunTime:0.018970s ]
INFO: [ view_parse ] --END-- [ RunTime:0.019055s ]
INFO: [ view_filter ] --START--
INFO: Run ContentReplace Behavior [ RunTime:0.000557s ]
INFO: Run TokenBuild Behavior [ RunTime:0.000513s ]
INFO: Run WriteHtmlCache Behavior [ RunTime:0.000369s ]
INFO: Run ShowRuntime Behavior [ RunTime:0.000637s ]
INFO: [ view_filter ] --END-- [ RunTime:0.002275s ]
INFO: [ view_end ] --START--
INFO: Run ShowPageTrace Behavior [ RunTime:0.000833s ]
INFO: [ view_end ] --END-- [ RunTime:0.000900s ]

[ 2016-01-18T20:59:57+08:00 ] /?s=Enroll
INFO: [ route_check ] --START--
INFO: Run CheckRoute Behavior [ RunTime:0.000682s ]
INFO: [ route_check ] --END-- [ RunTime:0.000772s ]
INFO: [ app_begin ] --START--
INFO: Run ReadHtmlCache Behavior [ RunTime:0.000471s ]
INFO: [ app_begin ] --END-- [ RunTime:0.000519s ]
INFO: Run AuthCheck Behavior [ RunTime:0.000388s ]
NOTIC: [8] Undefined index: match D:\wnmp\www\malasong\uducy_admin\Lib\Action\EnrollAction.class.php 第 11 行.
NOTIC: [8] Undefined index: db_dsn D:\wnmp\www\malasong\lib\ThinkPHP\Lib\Core\Db.class.php 第 129 行.
NOTIC: [8] Undefined index: db_params D:\wnmp\www\malasong\lib\ThinkPHP\Lib\Core\Db.class.php 第 130 行.
SQL: SHOW COLUMNS FROM `mls_goods` [ RunTime:0.005531s ]
SQL: SHOW COLUMNS FROM `mls_userorders` [ RunTime:0.004001s ]
SQL: SELECT o.orderid,o.orderprice,o.paystats,o.payorderid,b.xingming,b.match,o.ctime,o.utime FROM mls_userorders o LEFT JOIN mls_baomingdan b 
ON o.uid = b.id  order by utime desc  [ RunTime:0.001353s ]
INFO: [ view_template ] --START--
INFO: Run LocationTemplate Behavior [ RunTime:0.001042s ]
INFO: [ view_template ] --END-- [ RunTime:0.001182s ]
INFO: [ view_parse ] --START--
NOTIC: [8] Undefined index: charset D:\wnmp\www\malasong\uducy_admin\Runtime\Temp\de3ec90e1b20301695e7d80d61ae5a27d6d5da19.file.header.html.php 第 32 行.
NOTIC: [8] Trying to get property of non-object D:\wnmp\www\malasong\uducy_admin\Runtime\Temp\de3ec90e1b20301695e7d80d61ae5a27d6d5da19.file.header.html.php 第 32 行.
NOTIC: [8] Undefined index: npa D:\wnmp\www\malasong\uducy_admin\Runtime\Temp\de3ec90e1b20301695e7d80d61ae5a27d6d5da19.file.header.html.php 第 45 行.
NOTIC: [8] Trying to get property of non-object D:\wnmp\www\malasong\uducy_admin\Runtime\Temp\de3ec90e1b20301695e7d80d61ae5a27d6d5da19.file.header.html.php 第 45 行.
NOTIC: [8] Undefined index: error D:\wnmp\www\malasong\uducy_admin\Runtime\Temp\de3ec90e1b20301695e7d80d61ae5a27d6d5da19.file.header.html.php 第 69 行.
NOTIC: [8] Trying to get property of non-object D:\wnmp\www\malasong\uducy_admin\Runtime\Temp\de3ec90e1b20301695e7d80d61ae5a27d6d5da19.file.header.html.php 第 69 行.
NOTIC: [8] Undefined index: gender D:\wnmp\www\malasong\uducy_admin\Runtime\Temp\6e0c385f2d460bb3a83a2ad5ef695ddb43d88b3e.file.index.html.php 第 59 行.
NOTIC: [8] Trying to get property of non-object D:\wnmp\www\malasong\uducy_admin\Runtime\Temp\6e0c385f2d460bb3a83a2ad5ef695ddb43d88b3e.file.index.html.php 第 59 行.
NOTIC: [8] Undefined index: gender D:\wnmp\www\malasong\uducy_admin\Runtime\Temp\6e0c385f2d460bb3a83a2ad5ef695ddb43d88b3e.file.index.html.php 第 60 行.
NOTIC: [8] Trying to get property of non-object D:\wnmp\www\malasong\uducy_admin\Runtime\Temp\6e0c385f2d460bb3a83a2ad5ef695ddb43d88b3e.file.index.html.php 第 60 行.
NOTIC: [8] Undefined index: type D:\wnmp\www\malasong\uducy_admin\Runtime\Temp\6e0c385f2d460bb3a83a2ad5ef695ddb43d88b3e.file.index.html.php 第 66 行.
NOTIC: [8] Trying to get property of non-object D:\wnmp\www\malasong\uducy_admin\Runtime\Temp\6e0c385f2d460bb3a83a2ad5ef695ddb43d88b3e.file.index.html.php 第 66 行.
NOTIC: [8] Undefined index: type D:\wnmp\www\malasong\uducy_admin\Runtime\Temp\6e0c385f2d460bb3a83a2ad5ef695ddb43d88b3e.file.index.html.php 第 67 行.
NOTIC: [8] Trying to get property of non-object D:\wnmp\www\malasong\uducy_admin\Runtime\Temp\6e0c385f2d460bb3a83a2ad5ef695ddb43d88b3e.file.index.html.php 第 67 行.
INFO: Run ParseTemplate Behavior [ RunTime:0.013370s ]
INFO: [ view_parse ] --END-- [ RunTime:0.013434s ]
INFO: [ view_filter ] --START--
INFO: Run ContentReplace Behavior [ RunTime:0.000373s ]
INFO: Run TokenBuild Behavior [ RunTime:0.000306s ]
INFO: Run WriteHtmlCache Behavior [ RunTime:0.000212s ]
INFO: Run ShowRuntime Behavior [ RunTime:0.000385s ]
INFO: [ view_filter ] --END-- [ RunTime:0.001390s ]
INFO: [ view_end ] --START--
INFO: Run ShowPageTrace Behavior [ RunTime:0.000632s ]
INFO: [ view_end ] --END-- [ RunTime:0.000683s ]

