[ 2016-11-01T16:26:39+08:00 ] /malasong/
INFO: [ app_begin ] --START--
INFO: Run ReadHtmlCache Behavior [ RunTime:0.001354s ]
INFO: [ app_begin ] --END-- [ RunTime:0.002147s ]
INFO: Run AuthCheck Behavior [ RunTime:0.000759s ]
INFO: [ view_template ] --START--
INFO: Run LocationTemplate Behavior [ RunTime:0.001287s ]
INFO: [ view_template ] --END-- [ RunTime:0.001354s ]
INFO: [ view_parse ] --START--
NOTIC: [2] filemtime() [<a href='function.filemtime'>function.filemtime</a>]: stat failed for ./uducy_admin/Runtime/Temp\2f1fcfc7d08cf26b9569ce07bd96b080981573ef.file.admin.html.php D:\wnmp1\wwwroot\localhost\malasong\lib\ThinkPHP\Extend\Vendor\Smarty\sysplugins\smarty_resource.php 第 683 行.
NOTIC: [2] unlink(./uducy_admin/Runtime/Temp\2f1fcfc7d08cf26b9569ce07bd96b080981573ef.file.admin.html.php) [<a href='function.unlink'>function.unlink</a>]: No such file or directory D:\wnmp1\wwwroot\localhost\malasong\lib\ThinkPHP\Extend\Vendor\Smarty\sysplugins\smarty_internal_write_file.php 第 49 行.
INFO: Run ParseTemplate Behavior [ RunTime:0.055087s ]
INFO: [ view_parse ] --END-- [ RunTime:0.055146s ]
INFO: [ view_filter ] --START--
INFO: Run ContentReplace Behavior [ RunTime:0.000966s ]
INFO: Run TokenBuild Behavior [ RunTime:0.000586s ]
INFO: Run WriteHtmlCache Behavior [ RunTime:0.000487s ]
INFO: Run ShowRuntime Behavior [ RunTime:0.001410s ]
INFO: [ view_filter ] --END-- [ RunTime:0.003608s ]
INFO: [ view_end ] --START--
INFO: Run ShowPageTrace Behavior [ RunTime:0.000775s ]
INFO: [ view_end ] --END-- [ RunTime:0.000841s ]

