[ 2016-11-16T13:09:13+08:00 ] /User/userinfo
INFO: [ route_check ] --START--
INFO: Run CheckRoute Behavior [ RunTime:0.001837s ]
INFO: [ route_check ] --END-- [ RunTime:0.002734s ]
INFO: [ app_begin ] --START--
INFO: Run ReadHtmlCache Behavior [ RunTime:0.001173s ]
INFO: [ app_begin ] --END-- [ RunTime:0.001245s ]
NOTIC: [2048] Declaration of UserAction::success() should be compatible with that of Action::success() C:\wnmp\wwwroot\nuomi\DataSource\Lib\Action\UserAction.class.php 第 529 行.
INFO: Run AuthCheck Behavior [ RunTime:0.001114s ]
NOTIC: [8] Undefined index: db_dsn C:\wnmp\wwwroot\nuomi\lib\ThinkPHP\Lib\Core\Db.class.php 第 129 行.
NOTIC: [8] Undefined index: db_params C:\wnmp\wwwroot\nuomi\lib\ThinkPHP\Lib\Core\Db.class.php 第 130 行.
SQL: SHOW COLUMNS FROM `zx_tb_userinfo` [ RunTime:0.025930s ]
SQL: SELECT * FROM `zx_tb_userinfo` WHERE ( uid = 25519 ) LIMIT 1   [ RunTime:0.006433s ]
INFO: [ view_template ] --START--
INFO: Run LocationTemplate Behavior [ RunTime:0.001267s ]
INFO: [ view_template ] --END-- [ RunTime:0.001325s ]
INFO: [ view_parse ] --START--
NOTIC: [8] Undefined index: blood_type C:\wnmp\wwwroot\nuomi\DataSource\Runtime\Temp\52183c10c030deba17cd13c5c511db0c5d28fbcd.file.userinfo.html.php 第 313 行.
NOTIC: [8] Undefined index: blood_type C:\wnmp\wwwroot\nuomi\DataSource\Runtime\Temp\52183c10c030deba17cd13c5c511db0c5d28fbcd.file.userinfo.html.php 第 314 行.
NOTIC: [8] Undefined index: blood_type C:\wnmp\wwwroot\nuomi\DataSource\Runtime\Temp\52183c10c030deba17cd13c5c511db0c5d28fbcd.file.userinfo.html.php 第 315 行.
NOTIC: [8] Undefined index: blood_type C:\wnmp\wwwroot\nuomi\DataSource\Runtime\Temp\52183c10c030deba17cd13c5c511db0c5d28fbcd.file.userinfo.html.php 第 316 行.
NOTIC: [8] Undefined index: blood_type C:\wnmp\wwwroot\nuomi\DataSource\Runtime\Temp\52183c10c030deba17cd13c5c511db0c5d28fbcd.file.userinfo.html.php 第 573 行.
INFO: Run ParseTemplate Behavior [ RunTime:0.334957s ]
INFO: [ view_parse ] --END-- [ RunTime:0.335004s ]
INFO: [ view_filter ] --START--
INFO: Run ContentReplace Behavior [ RunTime:0.013216s ]
INFO: Run TokenBuild Behavior [ RunTime:0.000984s ]
INFO: Run WriteHtmlCache Behavior [ RunTime:0.000814s ]
INFO: Run ShowRuntime Behavior [ RunTime:0.000914s ]
INFO: [ view_filter ] --END-- [ RunTime:0.016089s ]
INFO: [ view_end ] --START--
INFO: Run ShowPageTrace Behavior [ RunTime:0.001053s ]
INFO: [ view_end ] --END-- [ RunTime:0.001129s ]

[ 2016-11-16T13:09:32+08:00 ] /User/userinfo
INFO: [ route_check ] --START--
INFO: Run CheckRoute Behavior [ RunTime:0.001061s ]
INFO: [ route_check ] --END-- [ RunTime:0.001126s ]
INFO: [ app_begin ] --START--
INFO: Run ReadHtmlCache Behavior [ RunTime:0.001110s ]
INFO: [ app_begin ] --END-- [ RunTime:0.001184s ]
NOTIC: [2048] Declaration of UserAction::success() should be compatible with that of Action::success() C:\wnmp\wwwroot\nuomi\DataSource\Lib\Action\UserAction.class.php 第 529 行.
INFO: Run AuthCheck Behavior [ RunTime:0.001494s ]
NOTIC: [8] Undefined index: db_dsn C:\wnmp\wwwroot\nuomi\lib\ThinkPHP\Lib\Core\Db.class.php 第 129 行.
NOTIC: [8] Undefined index: db_params C:\wnmp\wwwroot\nuomi\lib\ThinkPHP\Lib\Core\Db.class.php 第 130 行.
SQL: SHOW COLUMNS FROM `zx_tb_userinfo` [ RunTime:0.016858s ]
SQL: SELECT * FROM `zx_tb_userinfo` WHERE ( uid = 25519 ) LIMIT 1   [ RunTime:0.001221s ]
INFO: [ view_template ] --START--
INFO: Run LocationTemplate Behavior [ RunTime:0.013494s ]
INFO: [ view_template ] --END-- [ RunTime:0.013578s ]
INFO: [ view_parse ] --START--
NOTIC: [8] Undefined index: blood_type C:\wnmp\wwwroot\nuomi\DataSource\Runtime\Temp\52183c10c030deba17cd13c5c511db0c5d28fbcd.file.userinfo.html.php 第 313 行.
NOTIC: [8] Undefined index: blood_type C:\wnmp\wwwroot\nuomi\DataSource\Runtime\Temp\52183c10c030deba17cd13c5c511db0c5d28fbcd.file.userinfo.html.php 第 314 行.
NOTIC: [8] Undefined index: blood_type C:\wnmp\wwwroot\nuomi\DataSource\Runtime\Temp\52183c10c030deba17cd13c5c511db0c5d28fbcd.file.userinfo.html.php 第 315 行.
NOTIC: [8] Undefined index: blood_type C:\wnmp\wwwroot\nuomi\DataSource\Runtime\Temp\52183c10c030deba17cd13c5c511db0c5d28fbcd.file.userinfo.html.php 第 316 行.
NOTIC: [8] Undefined index: blood_type C:\wnmp\wwwroot\nuomi\DataSource\Runtime\Temp\52183c10c030deba17cd13c5c511db0c5d28fbcd.file.userinfo.html.php 第 573 行.
INFO: Run ParseTemplate Behavior [ RunTime:0.017700s ]
INFO: [ view_parse ] --END-- [ RunTime:0.017753s ]
INFO: [ view_filter ] --START--
INFO: Run ContentReplace Behavior [ RunTime:0.000838s ]
INFO: Run TokenBuild Behavior [ RunTime:0.000927s ]
INFO: Run WriteHtmlCache Behavior [ RunTime:0.000743s ]
INFO: Run ShowRuntime Behavior [ RunTime:0.001340s ]
INFO: [ view_filter ] --END-- [ RunTime:0.004061s ]
INFO: [ view_end ] --START--
INFO: Run ShowPageTrace Behavior [ RunTime:0.001186s ]
INFO: [ view_end ] --END-- [ RunTime:0.001245s ]

[ 2016-11-16T13:13:49+08:00 ] /User/userinfo
INFO: [ route_check ] --START--
INFO: Run CheckRoute Behavior [ RunTime:0.001991s ]
INFO: [ route_check ] --END-- [ RunTime:0.002425s ]
INFO: [ app_begin ] --START--
INFO: Run ReadHtmlCache Behavior [ RunTime:0.000981s ]
INFO: [ app_begin ] --END-- [ RunTime:0.001080s ]
NOTIC: [2048] Declaration of UserAction::success() should be compatible with that of Action::success() C:\wnmp\wwwroot\nuomi\DataSource\Lib\Action\UserAction.class.php 第 529 行.
INFO: Run AuthCheck Behavior [ RunTime:0.001186s ]
NOTIC: [8] Undefined index: db_dsn C:\wnmp\wwwroot\nuomi\lib\ThinkPHP\Lib\Core\Db.class.php 第 129 行.
NOTIC: [8] Undefined index: db_params C:\wnmp\wwwroot\nuomi\lib\ThinkPHP\Lib\Core\Db.class.php 第 130 行.
SQL: SHOW COLUMNS FROM `zx_tb_userinfo` [ RunTime:0.015386s ]
SQL: SELECT * FROM `zx_tb_userinfo` WHERE ( uid = 25519 ) LIMIT 1   [ RunTime:0.005345s ]
INFO: [ view_template ] --START--
INFO: Run LocationTemplate Behavior [ RunTime:0.001236s ]
INFO: [ view_template ] --END-- [ RunTime:0.001341s ]
INFO: [ view_parse ] --START--
NOTIC: [8] Undefined index: blood_type C:\wnmp\wwwroot\nuomi\DataSource\Runtime\Temp\52183c10c030deba17cd13c5c511db0c5d28fbcd.file.userinfo.html.php 第 313 行.
NOTIC: [8] Undefined index: blood_type C:\wnmp\wwwroot\nuomi\DataSource\Runtime\Temp\52183c10c030deba17cd13c5c511db0c5d28fbcd.file.userinfo.html.php 第 314 行.
NOTIC: [8] Undefined index: blood_type C:\wnmp\wwwroot\nuomi\DataSource\Runtime\Temp\52183c10c030deba17cd13c5c511db0c5d28fbcd.file.userinfo.html.php 第 315 行.
NOTIC: [8] Undefined index: blood_type C:\wnmp\wwwroot\nuomi\DataSource\Runtime\Temp\52183c10c030deba17cd13c5c511db0c5d28fbcd.file.userinfo.html.php 第 316 行.
NOTIC: [8] Undefined index: blood_type C:\wnmp\wwwroot\nuomi\DataSource\Runtime\Temp\52183c10c030deba17cd13c5c511db0c5d28fbcd.file.userinfo.html.php 第 573 行.
INFO: Run ParseTemplate Behavior [ RunTime:0.310891s ]
INFO: [ view_parse ] --END-- [ RunTime:0.310968s ]
INFO: [ view_filter ] --START--
INFO: Run ContentReplace Behavior [ RunTime:0.001256s ]
INFO: Run TokenBuild Behavior [ RunTime:0.000771s ]
INFO: Run WriteHtmlCache Behavior [ RunTime:0.000702s ]
INFO: Run ShowRuntime Behavior [ RunTime:0.000837s ]
INFO: [ view_filter ] --END-- [ RunTime:0.003710s ]
INFO: [ view_end ] --START--
INFO: Run ShowPageTrace Behavior [ RunTime:0.000947s ]
INFO: [ view_end ] --END-- [ RunTime:0.001005s ]

