[ 2016-11-10T13:56:56+08:00 ] /
INFO: [ app_begin ] --START--
INFO: Run ReadHtmlCache Behavior [ RunTime:0.001669s ]
INFO: [ app_begin ] --END-- [ RunTime:0.001746s ]
NOTIC: [8] Undefined index: match C:\wnmp\wwwroot\nuomi\DataSource\Lib\Action\IndexAction.class.php 第 25 行.
NOTIC: [8] Undefined index: platform C:\wnmp\wwwroot\nuomi\DataSource\Lib\Action\IndexAction.class.php 第 26 行.
NOTIC: [8] Undefined index: db_dsn C:\wnmp\wwwroot\nuomi\lib\ThinkPHP\Lib\Core\Db.class.php 第 129 行.
NOTIC: [8] Undefined index: db_params C:\wnmp\wwwroot\nuomi\lib\ThinkPHP\Lib\Core\Db.class.php 第 130 行.
SQL: SHOW COLUMNS FROM `zx_tb_matchs` [ RunTime:0.004703s ]
SQL:  select id,m_name,m_GameTime,m_untilTime,m_releaseTime,m_offineTime,m_city,m_Mtypes,m_ptype,m_sign,m_enterMode,m_placesleft,m_places,m_enterurl,m_state,m_img,m_order,m_country,m_area,m_signuptime,m_mtypes_class,m_des from zx_tb_matchs where  m_state = 0 and m_isshow=1 and m_releaseTime < NOW() and m_offineTime > NOW()  order by m_order desc,id desc limit 0,5  [ RunTime:0.005337s ]
SQL: SHOW COLUMNS FROM `zx_tb_classinfo` [ RunTime:0.004547s ]
NOTIC: [2] Missing argument 6 for ClassInfoModel::getContent(), called in C:\wnmp\wwwroot\nuomi\DataSource\Lib\Action\IndexAction.class.php on line 42 and defined C:\wnmp\wwwroot\nuomi\DataSource\Lib\Model\ClassInfoModel.class.php 第 22 行.
NOTIC: [8] Undefined variable: order C:\wnmp\wwwroot\nuomi\DataSource\Lib\Model\ClassInfoModel.class.php 第 33 行.
SQL: SELECT info.id,info.cid,cls.classname,info.n_title,info.n_img,info.n_url,info.sign,info.orderid  FROM `zx_tb_class` cls LEFT JOIN zx_tb_classinfo info ON  cls.id = info.cid WHERE cls.short_name='zx_banner_nuomi' AND cls.isdel=0 AND info.isdel=0 and info.isdisplay=1 AND info.itime<=NOW() AND info.offtime>NOW()  order by  info.sign desc,info.orderid desc,info.utime desc,id DESC  limit 0,10  [ RunTime:0.000631s ]
NOTIC: [2] Missing argument 6 for ClassInfoModel::getContent(), called in C:\wnmp\wwwroot\nuomi\DataSource\Lib\Action\IndexAction.class.php on line 46 and defined C:\wnmp\wwwroot\nuomi\DataSource\Lib\Model\ClassInfoModel.class.php 第 22 行.
NOTIC: [8] Undefined variable: order C:\wnmp\wwwroot\nuomi\DataSource\Lib\Model\ClassInfoModel.class.php 第 33 行.
SQL: SELECT info.id,info.cid,cls.classname,info.n_title,info.n_img,info.n_url,info.sign,info.orderid  FROM `zx_tb_class` cls LEFT JOIN zx_tb_classinfo info ON  cls.id = info.cid WHERE cls.short_name='zx_hotwords_nuomi' AND cls.isdel=0 AND info.isdel=0 and info.isdisplay=1 AND info.itime<=NOW() AND info.offtime>NOW()  order by  info.sign desc,info.orderid desc,info.utime desc,id DESC  limit 0,100  [ RunTime:0.000648s ]
INFO: [ view_template ] --START--
INFO: Run LocationTemplate Behavior [ RunTime:0.002427s ]
INFO: [ view_template ] --END-- [ RunTime:0.002491s ]
INFO: [ view_parse ] --START--
NOTIC: [8] Undefined index: m_banner C:\wnmp\wwwroot\nuomi\DataSource\Runtime\Temp\9f529053051950a069732b98964695a605c1670d.file.banner.html.php 第 63 行.
NOTIC: [8] Trying to get property of non-object C:\wnmp\wwwroot\nuomi\DataSource\Runtime\Temp\9f529053051950a069732b98964695a605c1670d.file.banner.html.php 第 63 行.
INFO: Run ParseTemplate Behavior [ RunTime:0.041948s ]
INFO: [ view_parse ] --END-- [ RunTime:0.042003s ]
INFO: [ view_filter ] --START--
INFO: Run ContentReplace Behavior [ RunTime:0.001726s ]
INFO: Run TokenBuild Behavior [ RunTime:0.001943s ]
INFO: Run WriteHtmlCache Behavior [ RunTime:0.001277s ]
INFO: Run ShowRuntime Behavior [ RunTime:0.001550s ]
INFO: [ view_filter ] --END-- [ RunTime:0.006658s ]
INFO: [ view_end ] --START--
INFO: Run ShowPageTrace Behavior [ RunTime:0.001648s ]
INFO: [ view_end ] --END-- [ RunTime:0.001734s ]

[ 2016-11-10T13:56:56+08:00 ] /
INFO: [ app_begin ] --START--
INFO: Run ReadHtmlCache Behavior [ RunTime:0.000915s ]
INFO: [ app_begin ] --END-- [ RunTime:0.000974s ]
NOTIC: [8] Undefined index: match C:\wnmp\wwwroot\nuomi\DataSource\Lib\Action\IndexAction.class.php 第 25 行.
NOTIC: [8] Undefined index: platform C:\wnmp\wwwroot\nuomi\DataSource\Lib\Action\IndexAction.class.php 第 26 行.
NOTIC: [8] Undefined index: db_dsn C:\wnmp\wwwroot\nuomi\lib\ThinkPHP\Lib\Core\Db.class.php 第 129 行.
NOTIC: [8] Undefined index: db_params C:\wnmp\wwwroot\nuomi\lib\ThinkPHP\Lib\Core\Db.class.php 第 130 行.
SQL: SHOW COLUMNS FROM `zx_tb_matchs` [ RunTime:0.005211s ]
SQL:  select id,m_name,m_GameTime,m_untilTime,m_releaseTime,m_offineTime,m_city,m_Mtypes,m_ptype,m_sign,m_enterMode,m_placesleft,m_places,m_enterurl,m_state,m_img,m_order,m_country,m_area,m_signuptime,m_mtypes_class,m_des from zx_tb_matchs where  m_state = 0 and m_isshow=1 and m_releaseTime < NOW() and m_offineTime > NOW()  order by m_order desc,id desc limit 0,5  [ RunTime:0.000983s ]
SQL: SHOW COLUMNS FROM `zx_tb_classinfo` [ RunTime:0.014988s ]
NOTIC: [2] Missing argument 6 for ClassInfoModel::getContent(), called in C:\wnmp\wwwroot\nuomi\DataSource\Lib\Action\IndexAction.class.php on line 42 and defined C:\wnmp\wwwroot\nuomi\DataSource\Lib\Model\ClassInfoModel.class.php 第 22 行.
NOTIC: [8] Undefined variable: order C:\wnmp\wwwroot\nuomi\DataSource\Lib\Model\ClassInfoModel.class.php 第 33 行.
SQL: SELECT info.id,info.cid,cls.classname,info.n_title,info.n_img,info.n_url,info.sign,info.orderid  FROM `zx_tb_class` cls LEFT JOIN zx_tb_classinfo info ON  cls.id = info.cid WHERE cls.short_name='zx_banner_nuomi' AND cls.isdel=0 AND info.isdel=0 and info.isdisplay=1 AND info.itime<=NOW() AND info.offtime>NOW()  order by  info.sign desc,info.orderid desc,info.utime desc,id DESC  limit 0,10  [ RunTime:0.000513s ]
NOTIC: [2] Missing argument 6 for ClassInfoModel::getContent(), called in C:\wnmp\wwwroot\nuomi\DataSource\Lib\Action\IndexAction.class.php on line 46 and defined C:\wnmp\wwwroot\nuomi\DataSource\Lib\Model\ClassInfoModel.class.php 第 22 行.
NOTIC: [8] Undefined variable: order C:\wnmp\wwwroot\nuomi\DataSource\Lib\Model\ClassInfoModel.class.php 第 33 行.
SQL: SELECT info.id,info.cid,cls.classname,info.n_title,info.n_img,info.n_url,info.sign,info.orderid  FROM `zx_tb_class` cls LEFT JOIN zx_tb_classinfo info ON  cls.id = info.cid WHERE cls.short_name='zx_hotwords_nuomi' AND cls.isdel=0 AND info.isdel=0 and info.isdisplay=1 AND info.itime<=NOW() AND info.offtime>NOW()  order by  info.sign desc,info.orderid desc,info.utime desc,id DESC  limit 0,100  [ RunTime:0.000481s ]
INFO: [ view_template ] --START--
INFO: Run LocationTemplate Behavior [ RunTime:0.001168s ]
INFO: [ view_template ] --END-- [ RunTime:0.001217s ]
INFO: [ view_parse ] --START--
NOTIC: [8] Undefined index: m_banner C:\wnmp\wwwroot\nuomi\DataSource\Runtime\Temp\9f529053051950a069732b98964695a605c1670d.file.banner.html.php 第 63 行.
NOTIC: [8] Trying to get property of non-object C:\wnmp\wwwroot\nuomi\DataSource\Runtime\Temp\9f529053051950a069732b98964695a605c1670d.file.banner.html.php 第 63 行.
INFO: Run ParseTemplate Behavior [ RunTime:0.018916s ]
INFO: [ view_parse ] --END-- [ RunTime:0.018971s ]
INFO: [ view_filter ] --START--
INFO: Run ContentReplace Behavior [ RunTime:0.001154s ]
INFO: Run TokenBuild Behavior [ RunTime:0.000886s ]
INFO: Run WriteHtmlCache Behavior [ RunTime:0.000733s ]
INFO: Run ShowRuntime Behavior [ RunTime:0.000879s ]
INFO: [ view_filter ] --END-- [ RunTime:0.003772s ]
INFO: [ view_end ] --START--
INFO: Run ShowPageTrace Behavior [ RunTime:0.000970s ]
INFO: [ view_end ] --END-- [ RunTime:0.001019s ]

[ 2016-11-10T13:56:58+08:00 ] /User
INFO: [ route_check ] --START--
INFO: Run CheckRoute Behavior [ RunTime:0.002414s ]
INFO: [ route_check ] --END-- [ RunTime:0.002519s ]
INFO: [ app_begin ] --START--
INFO: Run ReadHtmlCache Behavior [ RunTime:0.001365s ]
INFO: [ app_begin ] --END-- [ RunTime:0.001431s ]
NOTIC: [2048] Declaration of UserAction::success() should be compatible with that of Action::success() C:\wnmp\wwwroot\nuomi\DataSource\Lib\Action\UserAction.class.php 第 501 行.
INFO: Run AuthCheck Behavior [ RunTime:0.002223s ]
NOTIC: [8] Undefined index: db_dsn C:\wnmp\wwwroot\nuomi\lib\ThinkPHP\Lib\Core\Db.class.php 第 129 行.
NOTIC: [8] Undefined index: db_params C:\wnmp\wwwroot\nuomi\lib\ThinkPHP\Lib\Core\Db.class.php 第 130 行.
SQL: SHOW COLUMNS FROM `zx_tb_user` [ RunTime:0.004342s ]
SQL: SELECT * FROM `zx_tb_user` WHERE ( id=25519 ) LIMIT 1   [ RunTime:0.000409s ]
SQL: SHOW COLUMNS FROM `zx_tb_orders` [ RunTime:0.005638s ]
SQL: SELECT COUNT(*) AS tp_count FROM `zx_tb_orders` WHERE ( `uid` = 25519 ) AND ( `paystats` = 5 ) AND ( `pay_deadline` > '2016-11-10 13:56:58' ) LIMIT 1   [ RunTime:0.000338s ]
INFO: [ view_template ] --START--
INFO: Run LocationTemplate Behavior [ RunTime:0.005541s ]
INFO: [ view_template ] --END-- [ RunTime:0.005635s ]
INFO: [ view_parse ] --START--
INFO: Run ParseTemplate Behavior [ RunTime:0.146701s ]
INFO: [ view_parse ] --END-- [ RunTime:0.146793s ]
INFO: [ view_filter ] --START--
INFO: Run ContentReplace Behavior [ RunTime:0.000974s ]
INFO: Run TokenBuild Behavior [ RunTime:0.000848s ]
INFO: Run WriteHtmlCache Behavior [ RunTime:0.000649s ]
INFO: Run ShowRuntime Behavior [ RunTime:0.000824s ]
INFO: [ view_filter ] --END-- [ RunTime:0.003465s ]
INFO: [ view_end ] --START--
INFO: Run ShowPageTrace Behavior [ RunTime:0.000853s ]
INFO: [ view_end ] --END-- [ RunTime:0.001195s ]

[ 2016-11-10T13:57:01+08:00 ] /User/userinfo
INFO: [ route_check ] --START--
INFO: Run CheckRoute Behavior [ RunTime:0.001310s ]
INFO: [ route_check ] --END-- [ RunTime:0.001379s ]
INFO: [ app_begin ] --START--
INFO: Run ReadHtmlCache Behavior [ RunTime:0.000767s ]
INFO: [ app_begin ] --END-- [ RunTime:0.000828s ]
NOTIC: [2048] Declaration of UserAction::success() should be compatible with that of Action::success() C:\wnmp\wwwroot\nuomi\DataSource\Lib\Action\UserAction.class.php 第 501 行.
INFO: Run AuthCheck Behavior [ RunTime:0.001364s ]
NOTIC: [8] Undefined index: db_dsn C:\wnmp\wwwroot\nuomi\lib\ThinkPHP\Lib\Core\Db.class.php 第 129 行.
NOTIC: [8] Undefined index: db_params C:\wnmp\wwwroot\nuomi\lib\ThinkPHP\Lib\Core\Db.class.php 第 130 行.
SQL: SHOW COLUMNS FROM `zx_tb_userinfo` [ RunTime:0.003898s ]
SQL: SELECT * FROM `zx_tb_userinfo` WHERE ( uid = 25519 ) LIMIT 1   [ RunTime:0.000360s ]
INFO: [ view_template ] --START--
INFO: Run LocationTemplate Behavior [ RunTime:0.002476s ]
INFO: [ view_template ] --END-- [ RunTime:0.002573s ]
INFO: [ view_parse ] --START--
INFO: Run ParseTemplate Behavior [ RunTime:0.396439s ]
INFO: [ view_parse ] --END-- [ RunTime:0.396522s ]
INFO: [ view_filter ] --START--
INFO: Run ContentReplace Behavior [ RunTime:0.000986s ]
INFO: Run TokenBuild Behavior [ RunTime:0.000776s ]
INFO: Run WriteHtmlCache Behavior [ RunTime:0.000836s ]
INFO: Run ShowRuntime Behavior [ RunTime:0.002386s ]
INFO: [ view_filter ] --END-- [ RunTime:0.005392s ]
INFO: [ view_end ] --START--
INFO: Run ShowPageTrace Behavior [ RunTime:0.001072s ]
INFO: [ view_end ] --END-- [ RunTime:0.001131s ]

[ 2016-11-10T13:57:29+08:00 ] /User/userinfo
INFO: [ route_check ] --START--
INFO: Run CheckRoute Behavior [ RunTime:0.000982s ]
INFO: [ route_check ] --END-- [ RunTime:0.001052s ]
INFO: [ app_begin ] --START--
INFO: Run ReadHtmlCache Behavior [ RunTime:0.000780s ]
INFO: [ app_begin ] --END-- [ RunTime:0.000832s ]
NOTIC: [2048] Declaration of UserAction::success() should be compatible with that of Action::success() C:\wnmp\wwwroot\nuomi\DataSource\Lib\Action\UserAction.class.php 第 501 行.
INFO: Run AuthCheck Behavior [ RunTime:0.001091s ]
NOTIC: [8] Undefined index: db_dsn C:\wnmp\wwwroot\nuomi\lib\ThinkPHP\Lib\Core\Db.class.php 第 129 行.
NOTIC: [8] Undefined index: db_params C:\wnmp\wwwroot\nuomi\lib\ThinkPHP\Lib\Core\Db.class.php 第 130 行.
SQL: SHOW COLUMNS FROM `zx_tb_userinfo` [ RunTime:0.005070s ]
SQL: SELECT * FROM `zx_tb_userinfo` WHERE ( uid = 25519 ) LIMIT 1   [ RunTime:0.000376s ]
INFO: [ view_template ] --START--
INFO: Run LocationTemplate Behavior [ RunTime:0.001055s ]
INFO: [ view_template ] --END-- [ RunTime:0.001114s ]
INFO: [ view_parse ] --START--
INFO: Run ParseTemplate Behavior [ RunTime:0.015894s ]
INFO: [ view_parse ] --END-- [ RunTime:0.015957s ]
INFO: [ view_filter ] --START--
INFO: Run ContentReplace Behavior [ RunTime:0.000455s ]
INFO: Run TokenBuild Behavior [ RunTime:0.000348s ]
INFO: Run WriteHtmlCache Behavior [ RunTime:0.000262s ]
INFO: Run ShowRuntime Behavior [ RunTime:0.000398s ]
INFO: [ view_filter ] --END-- [ RunTime:0.001594s ]
INFO: [ view_end ] --START--
INFO: Run ShowPageTrace Behavior [ RunTime:0.000759s ]
INFO: [ view_end ] --END-- [ RunTime:0.000822s ]

[ 2016-11-10T13:58:11+08:00 ] /User/userinfo
INFO: [ route_check ] --START--
INFO: Run CheckRoute Behavior [ RunTime:0.000788s ]
INFO: [ route_check ] --END-- [ RunTime:0.000891s ]
INFO: [ app_begin ] --START--
INFO: Run ReadHtmlCache Behavior [ RunTime:0.000615s ]
INFO: [ app_begin ] --END-- [ RunTime:0.000683s ]
NOTIC: [2048] Declaration of UserAction::success() should be compatible with that of Action::success() C:\wnmp\wwwroot\nuomi\DataSource\Lib\Action\UserAction.class.php 第 501 行.
INFO: Run AuthCheck Behavior [ RunTime:0.000522s ]
NOTIC: [8] Undefined index: db_dsn C:\wnmp\wwwroot\nuomi\lib\ThinkPHP\Lib\Core\Db.class.php 第 129 行.
NOTIC: [8] Undefined index: db_params C:\wnmp\wwwroot\nuomi\lib\ThinkPHP\Lib\Core\Db.class.php 第 130 行.
SQL: SHOW COLUMNS FROM `zx_tb_userinfo` [ RunTime:0.007839s ]
SQL: SELECT * FROM `zx_tb_userinfo` WHERE ( uid = 25519 ) LIMIT 1   [ RunTime:0.000478s ]
INFO: [ view_template ] --START--
INFO: Run LocationTemplate Behavior [ RunTime:0.000541s ]
INFO: [ view_template ] --END-- [ RunTime:0.000589s ]
INFO: [ view_parse ] --START--
INFO: Run ParseTemplate Behavior [ RunTime:0.303796s ]
INFO: [ view_parse ] --END-- [ RunTime:0.303856s ]
INFO: [ view_filter ] --START--
INFO: Run ContentReplace Behavior [ RunTime:0.000852s ]
INFO: Run TokenBuild Behavior [ RunTime:0.000453s ]
INFO: Run WriteHtmlCache Behavior [ RunTime:0.000415s ]
INFO: Run ShowRuntime Behavior [ RunTime:0.000557s ]
INFO: [ view_filter ] --END-- [ RunTime:0.002441s ]
INFO: [ view_end ] --START--
INFO: Run ShowPageTrace Behavior [ RunTime:0.000663s ]
INFO: [ view_end ] --END-- [ RunTime:0.000725s ]

[ 2016-11-10T14:55:00+08:00 ] /User
INFO: [ route_check ] --START--
INFO: Run CheckRoute Behavior [ RunTime:0.001339s ]
INFO: [ route_check ] --END-- [ RunTime:0.001421s ]
INFO: [ app_begin ] --START--
INFO: Run ReadHtmlCache Behavior [ RunTime:0.000933s ]
INFO: [ app_begin ] --END-- [ RunTime:0.000985s ]
NOTIC: [2048] Declaration of UserAction::success() should be compatible with that of Action::success() C:\wnmp\wwwroot\nuomi\DataSource\Lib\Action\UserAction.class.php 第 501 行.
INFO: Run AuthCheck Behavior [ RunTime:0.000899s ]
NOTIC: [8] Undefined index: db_dsn C:\wnmp\wwwroot\nuomi\lib\ThinkPHP\Lib\Core\Db.class.php 第 129 行.
NOTIC: [8] Undefined index: db_params C:\wnmp\wwwroot\nuomi\lib\ThinkPHP\Lib\Core\Db.class.php 第 130 行.
SQL: SHOW COLUMNS FROM `zx_tb_user` [ RunTime:0.003794s ]
SQL: SELECT * FROM `zx_tb_user` WHERE ( id=25519 ) LIMIT 1   [ RunTime:0.000442s ]
SQL: SHOW COLUMNS FROM `zx_tb_orders` [ RunTime:0.004708s ]
SQL: SELECT COUNT(*) AS tp_count FROM `zx_tb_orders` WHERE ( `uid` = 25519 ) AND ( `paystats` = 5 ) AND ( `pay_deadline` > '2016-11-10 14:55:00' ) LIMIT 1   [ RunTime:0.000382s ]
INFO: [ view_template ] --START--
INFO: Run LocationTemplate Behavior [ RunTime:0.001176s ]
INFO: [ view_template ] --END-- [ RunTime:0.001228s ]
INFO: [ view_parse ] --START--
INFO: Run ParseTemplate Behavior [ RunTime:0.091614s ]
INFO: [ view_parse ] --END-- [ RunTime:0.091696s ]
INFO: [ view_filter ] --START--
INFO: Run ContentReplace Behavior [ RunTime:0.013176s ]
INFO: Run TokenBuild Behavior [ RunTime:0.000944s ]
INFO: Run WriteHtmlCache Behavior [ RunTime:0.000764s ]
INFO: Run ShowRuntime Behavior [ RunTime:0.000946s ]
INFO: [ view_filter ] --END-- [ RunTime:0.015997s ]
INFO: [ view_end ] --START--
INFO: Run ShowPageTrace Behavior [ RunTime:0.001106s ]
INFO: [ view_end ] --END-- [ RunTime:0.001156s ]

[ 2016-11-10T14:56:47+08:00 ] /User
INFO: [ route_check ] --START--
INFO: Run CheckRoute Behavior [ RunTime:0.000803s ]
INFO: [ route_check ] --END-- [ RunTime:0.000876s ]
INFO: [ app_begin ] --START--
INFO: Run ReadHtmlCache Behavior [ RunTime:0.000504s ]
INFO: [ app_begin ] --END-- [ RunTime:0.000552s ]
NOTIC: [2048] Declaration of UserAction::success() should be compatible with that of Action::success() C:\wnmp\wwwroot\nuomi\DataSource\Lib\Action\UserAction.class.php 第 501 行.
INFO: Run AuthCheck Behavior [ RunTime:0.000636s ]
NOTIC: [8] Undefined index: db_dsn C:\wnmp\wwwroot\nuomi\lib\ThinkPHP\Lib\Core\Db.class.php 第 129 行.
NOTIC: [8] Undefined index: db_params C:\wnmp\wwwroot\nuomi\lib\ThinkPHP\Lib\Core\Db.class.php 第 130 行.
SQL: SHOW COLUMNS FROM `zx_tb_user` [ RunTime:0.006436s ]
SQL: SELECT * FROM `zx_tb_user` WHERE ( id=25519 ) LIMIT 1   [ RunTime:0.000400s ]
SQL: SHOW COLUMNS FROM `zx_tb_orders` [ RunTime:0.006004s ]
SQL: SELECT COUNT(*) AS tp_count FROM `zx_tb_orders` WHERE ( `uid` = 25519 ) AND ( `paystats` = 5 ) AND ( `pay_deadline` > '2016-11-10 14:56:47' ) LIMIT 1   [ RunTime:0.000561s ]
INFO: [ view_template ] --START--
INFO: Run LocationTemplate Behavior [ RunTime:0.000714s ]
INFO: [ view_template ] --END-- [ RunTime:0.000765s ]
INFO: [ view_parse ] --START--
INFO: Run ParseTemplate Behavior [ RunTime:0.010141s ]
INFO: [ view_parse ] --END-- [ RunTime:0.010199s ]
INFO: [ view_filter ] --START--
INFO: Run ContentReplace Behavior [ RunTime:0.000428s ]
INFO: Run TokenBuild Behavior [ RunTime:0.000343s ]
INFO: Run WriteHtmlCache Behavior [ RunTime:0.000264s ]
INFO: Run ShowRuntime Behavior [ RunTime:0.000497s ]
INFO: [ view_filter ] --END-- [ RunTime:0.001669s ]
INFO: [ view_end ] --START--
INFO: Run ShowPageTrace Behavior [ RunTime:0.000552s ]
INFO: [ view_end ] --END-- [ RunTime:0.000597s ]

[ 2016-11-10T14:56:49+08:00 ] /User/userinfo
INFO: [ route_check ] --START--
INFO: Run CheckRoute Behavior [ RunTime:0.000547s ]
INFO: [ route_check ] --END-- [ RunTime:0.000612s ]
INFO: [ app_begin ] --START--
INFO: Run ReadHtmlCache Behavior [ RunTime:0.000533s ]
INFO: [ app_begin ] --END-- [ RunTime:0.000585s ]
NOTIC: [2048] Declaration of UserAction::success() should be compatible with that of Action::success() C:\wnmp\wwwroot\nuomi\DataSource\Lib\Action\UserAction.class.php 第 501 行.
INFO: Run AuthCheck Behavior [ RunTime:0.000573s ]
NOTIC: [8] Undefined index: db_dsn C:\wnmp\wwwroot\nuomi\lib\ThinkPHP\Lib\Core\Db.class.php 第 129 行.
NOTIC: [8] Undefined index: db_params C:\wnmp\wwwroot\nuomi\lib\ThinkPHP\Lib\Core\Db.class.php 第 130 行.
SQL: SHOW COLUMNS FROM `zx_tb_userinfo` [ RunTime:0.004708s ]
SQL: SELECT * FROM `zx_tb_userinfo` WHERE ( uid = 25519 ) LIMIT 1   [ RunTime:0.000715s ]
INFO: [ view_template ] --START--
INFO: Run LocationTemplate Behavior [ RunTime:0.000714s ]
INFO: [ view_template ] --END-- [ RunTime:0.000776s ]
INFO: [ view_parse ] --START--
INFO: Run ParseTemplate Behavior [ RunTime:0.321043s ]
INFO: [ view_parse ] --END-- [ RunTime:0.321124s ]
INFO: [ view_filter ] --START--
INFO: Run ContentReplace Behavior [ RunTime:0.000713s ]
INFO: Run TokenBuild Behavior [ RunTime:0.000455s ]
INFO: Run WriteHtmlCache Behavior [ RunTime:0.000336s ]
INFO: Run ShowRuntime Behavior [ RunTime:0.000483s ]
INFO: [ view_filter ] --END-- [ RunTime:0.002140s ]
INFO: [ view_end ] --START--
INFO: Run ShowPageTrace Behavior [ RunTime:0.000628s ]
INFO: [ view_end ] --END-- [ RunTime:0.000695s ]

[ 2016-11-10T15:13:32+08:00 ] /Coupon
INFO: [ route_check ] --START--
INFO: Run CheckRoute Behavior [ RunTime:0.002627s ]
INFO: [ route_check ] --END-- [ RunTime:0.004847s ]
INFO: [ app_begin ] --START--
INFO: Run ReadHtmlCache Behavior [ RunTime:0.001016s ]
INFO: [ app_begin ] --END-- [ RunTime:0.001075s ]
INFO: Run AuthCheck Behavior [ RunTime:0.001736s ]
NOTIC: [8] Undefined index: orderid C:\wnmp\wwwroot\nuomi\DataSource\Lib\Action\CouponAction.class.php 第 15 行.
INFO: [ view_template ] --START--
INFO: Run LocationTemplate Behavior [ RunTime:0.001500s ]
INFO: [ view_template ] --END-- [ RunTime:0.001565s ]
INFO: [ view_parse ] --START--
INFO: Run ParseTemplate Behavior [ RunTime:0.277449s ]
INFO: [ view_parse ] --END-- [ RunTime:0.277567s ]
INFO: [ view_filter ] --START--
INFO: Run ContentReplace Behavior [ RunTime:0.001079s ]
INFO: Run TokenBuild Behavior [ RunTime:0.000818s ]
INFO: Run WriteHtmlCache Behavior [ RunTime:0.000654s ]
INFO: Run ShowRuntime Behavior [ RunTime:0.000894s ]
INFO: [ view_filter ] --END-- [ RunTime:0.003584s ]
INFO: [ view_end ] --START--
INFO: Run ShowPageTrace Behavior [ RunTime:0.001290s ]
INFO: [ view_end ] --END-- [ RunTime:0.001404s ]

[ 2016-11-10T15:13:32+08:00 ] /Ajax/coupon?orderid=
INFO: [ route_check ] --START--
INFO: Run CheckRoute Behavior [ RunTime:0.001004s ]
INFO: [ route_check ] --END-- [ RunTime:0.001080s ]
INFO: [ app_begin ] --START--
INFO: Run ReadHtmlCache Behavior [ RunTime:0.000808s ]
INFO: [ app_begin ] --END-- [ RunTime:0.000871s ]
NOTIC: [8] Undefined index: db_dsn C:\wnmp\wwwroot\nuomi\lib\ThinkPHP\Lib\Core\Db.class.php 第 129 行.
NOTIC: [8] Undefined index: db_params C:\wnmp\wwwroot\nuomi\lib\ThinkPHP\Lib\Core\Db.class.php 第 130 行.
SQL: SHOW COLUMNS FROM `zx_tb_couponlist` [ RunTime:0.089075s ]
SQL: SELECT i.id,i.codestr,i.stats,c.coupon_type,c.coupon_name,c.discount,c.min_able_price,c.able_ptype,c.able_meal,c.able_match,c.effective_date,c.expiry_date FROM `zx_tb_couponlist` i LEFT JOIN `zx_tb_coupon` c ON c.id= i.cid WHERE i.stats=1 AND c.expiry_date >NOW()  AND i.owner = 25519  [ RunTime:0.142786s ]

[ 2016-11-10T15:14:37+08:00 ] /Coupon
INFO: [ route_check ] --START--
INFO: Run CheckRoute Behavior [ RunTime:0.001419s ]
INFO: [ route_check ] --END-- [ RunTime:0.001519s ]
INFO: [ app_begin ] --START--
INFO: Run ReadHtmlCache Behavior [ RunTime:0.000574s ]
INFO: [ app_begin ] --END-- [ RunTime:0.000628s ]
INFO: Run AuthCheck Behavior [ RunTime:0.000629s ]
NOTIC: [8] Undefined index: orderid C:\wnmp\wwwroot\nuomi\DataSource\Lib\Action\CouponAction.class.php 第 15 行.
INFO: [ view_template ] --START--
INFO: Run LocationTemplate Behavior [ RunTime:0.000536s ]
INFO: [ view_template ] --END-- [ RunTime:0.000579s ]
INFO: [ view_parse ] --START--
INFO: Run ParseTemplate Behavior [ RunTime:0.012681s ]
INFO: [ view_parse ] --END-- [ RunTime:0.012743s ]
INFO: [ view_filter ] --START--
INFO: Run ContentReplace Behavior [ RunTime:0.000518s ]
INFO: Run TokenBuild Behavior [ RunTime:0.000312s ]
INFO: Run WriteHtmlCache Behavior [ RunTime:0.000226s ]
INFO: Run ShowRuntime Behavior [ RunTime:0.000389s ]
INFO: [ view_filter ] --END-- [ RunTime:0.001564s ]
INFO: [ view_end ] --START--
INFO: Run ShowPageTrace Behavior [ RunTime:0.000527s ]
INFO: [ view_end ] --END-- [ RunTime:0.000593s ]

[ 2016-11-10T15:14:38+08:00 ] /Ajax/coupon?orderid=
INFO: [ route_check ] --START--
INFO: Run CheckRoute Behavior [ RunTime:0.001063s ]
INFO: [ route_check ] --END-- [ RunTime:0.001160s ]
INFO: [ app_begin ] --START--
INFO: Run ReadHtmlCache Behavior [ RunTime:0.000857s ]
INFO: [ app_begin ] --END-- [ RunTime:0.000921s ]
NOTIC: [8] Undefined index: db_dsn C:\wnmp\wwwroot\nuomi\lib\ThinkPHP\Lib\Core\Db.class.php 第 129 行.
NOTIC: [8] Undefined index: db_params C:\wnmp\wwwroot\nuomi\lib\ThinkPHP\Lib\Core\Db.class.php 第 130 行.
SQL: SHOW COLUMNS FROM `zx_tb_couponlist` [ RunTime:0.010986s ]
SQL: SELECT i.id,i.codestr,i.stats,c.coupon_type,c.coupon_name,c.discount,c.min_able_price,c.able_ptype,c.able_meal,c.able_match,c.effective_date,c.expiry_date FROM `zx_tb_couponlist` i LEFT JOIN `zx_tb_coupon` c ON c.id= i.cid WHERE i.stats=1 AND c.expiry_date >NOW()  AND i.owner = 25519  [ RunTime:0.001370s ]

[ 2016-11-10T15:15:06+08:00 ] /Coupon
INFO: [ route_check ] --START--
INFO: Run CheckRoute Behavior [ RunTime:0.000630s ]
INFO: [ route_check ] --END-- [ RunTime:0.000707s ]
INFO: [ app_begin ] --START--
INFO: Run ReadHtmlCache Behavior [ RunTime:0.000402s ]
INFO: [ app_begin ] --END-- [ RunTime:0.000445s ]
INFO: Run AuthCheck Behavior [ RunTime:0.000453s ]
NOTIC: [8] Undefined index: orderid C:\wnmp\wwwroot\nuomi\DataSource\Lib\Action\CouponAction.class.php 第 15 行.
INFO: [ view_template ] --START--
INFO: Run LocationTemplate Behavior [ RunTime:0.000356s ]
INFO: [ view_template ] --END-- [ RunTime:0.000401s ]
INFO: [ view_parse ] --START--
INFO: Run ParseTemplate Behavior [ RunTime:0.009212s ]
INFO: [ view_parse ] --END-- [ RunTime:0.009280s ]
INFO: [ view_filter ] --START--
INFO: Run ContentReplace Behavior [ RunTime:0.000512s ]
INFO: Run TokenBuild Behavior [ RunTime:0.000476s ]
INFO: Run WriteHtmlCache Behavior [ RunTime:0.001024s ]
INFO: Run ShowRuntime Behavior [ RunTime:0.000838s ]
INFO: [ view_filter ] --END-- [ RunTime:0.003040s ]
INFO: [ view_end ] --START--
INFO: Run ShowPageTrace Behavior [ RunTime:0.000633s ]
INFO: [ view_end ] --END-- [ RunTime:0.000738s ]

[ 2016-11-10T15:15:06+08:00 ] /Ajax/coupon?orderid=
INFO: [ route_check ] --START--
INFO: Run CheckRoute Behavior [ RunTime:0.000656s ]
INFO: [ route_check ] --END-- [ RunTime:0.000725s ]
INFO: [ app_begin ] --START--
INFO: Run ReadHtmlCache Behavior [ RunTime:0.000665s ]
INFO: [ app_begin ] --END-- [ RunTime:0.000774s ]
NOTIC: [8] Undefined index: db_dsn C:\wnmp\wwwroot\nuomi\lib\ThinkPHP\Lib\Core\Db.class.php 第 129 行.
NOTIC: [8] Undefined index: db_params C:\wnmp\wwwroot\nuomi\lib\ThinkPHP\Lib\Core\Db.class.php 第 130 行.
SQL: SHOW COLUMNS FROM `zx_tb_couponlist` [ RunTime:0.007693s ]
SQL: SELECT i.id,i.codestr,i.stats,c.coupon_type,c.coupon_name,c.discount,c.min_able_price,c.able_ptype,c.able_meal,c.able_match,c.effective_date,c.expiry_date FROM `zx_tb_couponlist` i LEFT JOIN `zx_tb_coupon` c ON c.id= i.cid WHERE i.stats=1 AND c.expiry_date >NOW()  AND i.owner = 25519  [ RunTime:0.000573s ]

[ 2016-11-10T15:16:38+08:00 ] /Coupon
INFO: [ route_check ] --START--
INFO: Run CheckRoute Behavior [ RunTime:0.001054s ]
INFO: [ route_check ] --END-- [ RunTime:0.001171s ]
INFO: [ app_begin ] --START--
INFO: Run ReadHtmlCache Behavior [ RunTime:0.000488s ]
INFO: [ app_begin ] --END-- [ RunTime:0.000537s ]
INFO: Run AuthCheck Behavior [ RunTime:0.000906s ]
NOTIC: [8] Undefined index: orderid C:\wnmp\wwwroot\nuomi\DataSource\Lib\Action\CouponAction.class.php 第 15 行.
INFO: [ view_template ] --START--
INFO: Run LocationTemplate Behavior [ RunTime:0.000600s ]
INFO: [ view_template ] --END-- [ RunTime:0.000653s ]
INFO: [ view_parse ] --START--
INFO: Run ParseTemplate Behavior [ RunTime:0.010172s ]
INFO: [ view_parse ] --END-- [ RunTime:0.010274s ]
INFO: [ view_filter ] --START--
INFO: Run ContentReplace Behavior [ RunTime:0.000748s ]
INFO: Run TokenBuild Behavior [ RunTime:0.000503s ]
INFO: Run WriteHtmlCache Behavior [ RunTime:0.000680s ]
INFO: Run ShowRuntime Behavior [ RunTime:0.000463s ]
INFO: [ view_filter ] --END-- [ RunTime:0.002571s ]
INFO: [ view_end ] --START--
INFO: Run ShowPageTrace Behavior [ RunTime:0.000889s ]
INFO: [ view_end ] --END-- [ RunTime:0.000945s ]

[ 2016-11-10T15:16:38+08:00 ] /Ajax/coupon?orderid=
INFO: [ route_check ] --START--
INFO: Run CheckRoute Behavior [ RunTime:0.000655s ]
INFO: [ route_check ] --END-- [ RunTime:0.000730s ]
INFO: [ app_begin ] --START--
INFO: Run ReadHtmlCache Behavior [ RunTime:0.000522s ]
INFO: [ app_begin ] --END-- [ RunTime:0.000568s ]
NOTIC: [8] Undefined index: db_dsn C:\wnmp\wwwroot\nuomi\lib\ThinkPHP\Lib\Core\Db.class.php 第 129 行.
NOTIC: [8] Undefined index: db_params C:\wnmp\wwwroot\nuomi\lib\ThinkPHP\Lib\Core\Db.class.php 第 130 行.
SQL: SHOW COLUMNS FROM `zx_tb_couponlist` [ RunTime:0.007432s ]
SQL: SELECT i.id,i.codestr,i.stats,c.coupon_type,c.coupon_name,c.discount,c.min_able_price,c.able_ptype,c.able_meal,c.able_match,c.effective_date,c.expiry_date FROM `zx_tb_couponlist` i LEFT JOIN `zx_tb_coupon` c ON c.id= i.cid WHERE i.stats=1 AND c.expiry_date >NOW()  AND i.owner = 25519  [ RunTime:0.000870s ]

[ 2016-11-10T16:09:53+08:00 ] /User
INFO: [ route_check ] --START--
INFO: Run CheckRoute Behavior [ RunTime:0.002288s ]
INFO: [ route_check ] --END-- [ RunTime:0.002359s ]
INFO: [ app_begin ] --START--
INFO: Run ReadHtmlCache Behavior [ RunTime:0.001379s ]
INFO: [ app_begin ] --END-- [ RunTime:0.001444s ]
NOTIC: [2048] Declaration of UserAction::success() should be compatible with that of Action::success() C:\wnmp\wwwroot\nuomi\DataSource\Lib\Action\UserAction.class.php 第 501 行.
INFO: Run AuthCheck Behavior [ RunTime:0.002056s ]
NOTIC: [8] Undefined index: db_dsn C:\wnmp\wwwroot\nuomi\lib\ThinkPHP\Lib\Core\Db.class.php 第 129 行.
NOTIC: [8] Undefined index: db_params C:\wnmp\wwwroot\nuomi\lib\ThinkPHP\Lib\Core\Db.class.php 第 130 行.
SQL: SHOW COLUMNS FROM `zx_tb_user` [ RunTime:0.003803s ]
SQL: SELECT * FROM `zx_tb_user` WHERE ( id=25519 ) LIMIT 1   [ RunTime:0.000349s ]
SQL: SHOW COLUMNS FROM `zx_tb_orders` [ RunTime:0.005412s ]
SQL: SELECT COUNT(*) AS tp_count FROM `zx_tb_orders` WHERE ( `uid` = 25519 ) AND ( `paystats` = 5 ) AND ( `pay_deadline` > '2016-11-10 16:09:53' ) LIMIT 1   [ RunTime:0.000495s ]
INFO: [ view_template ] --START--
INFO: Run LocationTemplate Behavior [ RunTime:0.001443s ]
INFO: [ view_template ] --END-- [ RunTime:0.001498s ]
INFO: [ view_parse ] --START--
INFO: Run ParseTemplate Behavior [ RunTime:0.030269s ]
INFO: [ view_parse ] --END-- [ RunTime:0.030377s ]
INFO: [ view_filter ] --START--
INFO: Run ContentReplace Behavior [ RunTime:0.001521s ]
INFO: Run TokenBuild Behavior [ RunTime:0.001479s ]
INFO: Run WriteHtmlCache Behavior [ RunTime:0.001109s ]
INFO: Run ShowRuntime Behavior [ RunTime:0.001745s ]
INFO: [ view_filter ] --END-- [ RunTime:0.006071s ]
INFO: [ view_end ] --START--
INFO: Run ShowPageTrace Behavior [ RunTime:0.013161s ]
INFO: [ view_end ] --END-- [ RunTime:0.013227s ]

[ 2016-11-10T16:10:00+08:00 ] /User/order
INFO: [ route_check ] --START--
INFO: Run CheckRoute Behavior [ RunTime:0.001727s ]
INFO: [ route_check ] --END-- [ RunTime:0.001798s ]
INFO: [ app_begin ] --START--
INFO: Run ReadHtmlCache Behavior [ RunTime:0.000966s ]
INFO: [ app_begin ] --END-- [ RunTime:0.001028s ]
NOTIC: [2048] Declaration of UserAction::success() should be compatible with that of Action::success() C:\wnmp\wwwroot\nuomi\DataSource\Lib\Action\UserAction.class.php 第 501 行.
INFO: Run AuthCheck Behavior [ RunTime:0.001639s ]
NOTIC: [8] Undefined index: db_dsn C:\wnmp\wwwroot\nuomi\lib\ThinkPHP\Lib\Core\Db.class.php 第 129 行.
NOTIC: [8] Undefined index: db_params C:\wnmp\wwwroot\nuomi\lib\ThinkPHP\Lib\Core\Db.class.php 第 130 行.
SQL: SHOW COLUMNS FROM `zx_tb_orders` [ RunTime:0.004379s ]
SQL: SELECT o.orderid,o.pay_deadline,m.m_untilTime,m.m_offineTime,m.m_state,m.m_placesleft,m.m_icon,m.m_name,m.m_img,m.id as mid,o.payprice,o.discount,o.paystats,m.m_GameTime FROM `zx_tb_orders` o LEFT JOIN `zx_tb_matchs` m ON o.matchid= m.id WHERE o.uid = 25519 and o.paystats>=0 order by o.ctime desc [ RunTime:0.116482s ]
INFO: [ view_template ] --START--
INFO: Run LocationTemplate Behavior [ RunTime:0.001328s ]
INFO: [ view_template ] --END-- [ RunTime:0.001386s ]
INFO: [ view_parse ] --START--
NOTIC: [8] Undefined index: orderHTML C:\wnmp\wwwroot\nuomi\DataSource\Runtime\Temp\4792bea77855678aab75f1a3e1ec626c53894885.file.order.html.php 第 95 行.
NOTIC: [8] Trying to get property of non-object C:\wnmp\wwwroot\nuomi\DataSource\Runtime\Temp\4792bea77855678aab75f1a3e1ec626c53894885.file.order.html.php 第 95 行.
INFO: Run ParseTemplate Behavior [ RunTime:0.136540s ]
INFO: [ view_parse ] --END-- [ RunTime:0.136617s ]
INFO: [ view_filter ] --START--
INFO: Run ContentReplace Behavior [ RunTime:0.000996s ]
INFO: Run TokenBuild Behavior [ RunTime:0.000794s ]
INFO: Run WriteHtmlCache Behavior [ RunTime:0.000660s ]
INFO: Run ShowRuntime Behavior [ RunTime:0.000857s ]
INFO: [ view_filter ] --END-- [ RunTime:0.003453s ]
INFO: [ view_end ] --START--
INFO: Run ShowPageTrace Behavior [ RunTime:0.001060s ]
INFO: [ view_end ] --END-- [ RunTime:0.001124s ]

[ 2016-11-10T16:10:00+08:00 ] /Ajax/userorderlist
INFO: [ route_check ] --START--
INFO: Run CheckRoute Behavior [ RunTime:0.000741s ]
INFO: [ route_check ] --END-- [ RunTime:0.000808s ]
INFO: [ app_begin ] --START--
INFO: Run ReadHtmlCache Behavior [ RunTime:0.000521s ]
INFO: [ app_begin ] --END-- [ RunTime:0.000568s ]
NOTIC: [8] Undefined index: db_dsn C:\wnmp\wwwroot\nuomi\lib\ThinkPHP\Lib\Core\Db.class.php 第 129 行.
NOTIC: [8] Undefined index: db_params C:\wnmp\wwwroot\nuomi\lib\ThinkPHP\Lib\Core\Db.class.php 第 130 行.
SQL: SHOW COLUMNS FROM `zx_tb_orders` [ RunTime:0.004270s ]
SQL: SELECT o.orderid,o.pay_deadline,m.m_untilTime,m.m_offineTime,m.m_state,m.m_placesleft,m.m_icon,m.m_name,m.m_img,m.id as mid,o.payprice,o.discount,o.paystats,m.m_GameTime FROM `zx_tb_orders` o LEFT JOIN `zx_tb_matchs` m ON o.matchid= m.id WHERE o.uid = 25519 and o.paystats>=0 order by o.ctime desc [ RunTime:0.000869s ]

[ 2016-11-10T16:10:04+08:00 ] /User
INFO: [ route_check ] --START--
INFO: Run CheckRoute Behavior [ RunTime:0.001708s ]
INFO: [ route_check ] --END-- [ RunTime:0.001815s ]
INFO: [ app_begin ] --START--
INFO: Run ReadHtmlCache Behavior [ RunTime:0.000956s ]
INFO: [ app_begin ] --END-- [ RunTime:0.001046s ]
NOTIC: [2048] Declaration of UserAction::success() should be compatible with that of Action::success() C:\wnmp\wwwroot\nuomi\DataSource\Lib\Action\UserAction.class.php 第 501 行.
INFO: Run AuthCheck Behavior [ RunTime:0.001523s ]
NOTIC: [8] Undefined index: db_dsn C:\wnmp\wwwroot\nuomi\lib\ThinkPHP\Lib\Core\Db.class.php 第 129 行.
NOTIC: [8] Undefined index: db_params C:\wnmp\wwwroot\nuomi\lib\ThinkPHP\Lib\Core\Db.class.php 第 130 行.
SQL: SHOW COLUMNS FROM `zx_tb_user` [ RunTime:0.004660s ]
SQL: SELECT * FROM `zx_tb_user` WHERE ( id=25519 ) LIMIT 1   [ RunTime:0.000352s ]
SQL: SHOW COLUMNS FROM `zx_tb_orders` [ RunTime:0.004441s ]
SQL: SELECT COUNT(*) AS tp_count FROM `zx_tb_orders` WHERE ( `uid` = 25519 ) AND ( `paystats` = 5 ) AND ( `pay_deadline` > '2016-11-10 16:10:04' ) LIMIT 1   [ RunTime:0.000685s ]
INFO: [ view_template ] --START--
INFO: Run LocationTemplate Behavior [ RunTime:0.001704s ]
INFO: [ view_template ] --END-- [ RunTime:0.001797s ]
INFO: [ view_parse ] --START--
INFO: Run ParseTemplate Behavior [ RunTime:0.026830s ]
INFO: [ view_parse ] --END-- [ RunTime:0.026936s ]
INFO: [ view_filter ] --START--
INFO: Run ContentReplace Behavior [ RunTime:0.001432s ]
INFO: Run TokenBuild Behavior [ RunTime:0.001024s ]
INFO: Run WriteHtmlCache Behavior [ RunTime:0.001468s ]
INFO: Run ShowRuntime Behavior [ RunTime:0.001933s ]
INFO: [ view_filter ] --END-- [ RunTime:0.006137s ]
INFO: [ view_end ] --START--
INFO: Run ShowPageTrace Behavior [ RunTime:0.002687s ]
INFO: [ view_end ] --END-- [ RunTime:0.002803s ]

[ 2016-11-10T16:10:05+08:00 ] /User/collection
INFO: [ route_check ] --START--
INFO: Run CheckRoute Behavior [ RunTime:0.001027s ]
INFO: [ route_check ] --END-- [ RunTime:0.001146s ]
INFO: [ app_begin ] --START--
INFO: Run ReadHtmlCache Behavior [ RunTime:0.000728s ]
INFO: [ app_begin ] --END-- [ RunTime:0.000820s ]
NOTIC: [2048] Declaration of UserAction::success() should be compatible with that of Action::success() C:\wnmp\wwwroot\nuomi\DataSource\Lib\Action\UserAction.class.php 第 501 行.
INFO: Run AuthCheck Behavior [ RunTime:0.005684s ]
NOTIC: [8] Undefined index: db_dsn C:\wnmp\wwwroot\nuomi\lib\ThinkPHP\Lib\Core\Db.class.php 第 129 行.
NOTIC: [8] Undefined index: db_params C:\wnmp\wwwroot\nuomi\lib\ThinkPHP\Lib\Core\Db.class.php 第 130 行.
SQL: SHOW COLUMNS FROM `zx_tb_collect` [ RunTime:0.091883s ]
SQL: SELECT m.id,m.m_name,m.m_state,m.m_releaseTime,m.m_untilTime,m.m_offineTime,m.m_placesleft,m.m_img,m.m_GameTime,m.m_Mtypes,m.m_des,m.m_ptype FROM `zx_tb_collect` c LEFT JOIN `zx_tb_matchs` m ON m.id= c.match_id WHERE c.uid= 25519 [ RunTime:0.001657s ]
INFO: [ view_template ] --START--
INFO: Run LocationTemplate Behavior [ RunTime:0.000654s ]
INFO: [ view_template ] --END-- [ RunTime:0.000706s ]
INFO: [ view_parse ] --START--
NOTIC: [8] Undefined index: abroad C:\wnmp\wwwroot\nuomi\DataSource\Runtime\Temp\911a5491a5f9e2657465be420974c6bf14adc566.file.collection.html.php 第 58 行.
NOTIC: [8] Trying to get property of non-object C:\wnmp\wwwroot\nuomi\DataSource\Runtime\Temp\911a5491a5f9e2657465be420974c6bf14adc566.file.collection.html.php 第 58 行.
NOTIC: [8] Undefined index: domestic C:\wnmp\wwwroot\nuomi\DataSource\Runtime\Temp\911a5491a5f9e2657465be420974c6bf14adc566.file.collection.html.php 第 58 行.
NOTIC: [8] Trying to get property of non-object C:\wnmp\wwwroot\nuomi\DataSource\Runtime\Temp\911a5491a5f9e2657465be420974c6bf14adc566.file.collection.html.php 第 58 行.
INFO: Run ParseTemplate Behavior [ RunTime:0.132375s ]
INFO: [ view_parse ] --END-- [ RunTime:0.132466s ]
INFO: [ view_filter ] --START--
INFO: Run ContentReplace Behavior [ RunTime:0.000711s ]
INFO: Run TokenBuild Behavior [ RunTime:0.000452s ]
INFO: Run WriteHtmlCache Behavior [ RunTime:0.000279s ]
INFO: Run ShowRuntime Behavior [ RunTime:0.000465s ]
INFO: [ view_filter ] --END-- [ RunTime:0.002054s ]
INFO: [ view_end ] --START--
INFO: Run ShowPageTrace Behavior [ RunTime:0.000550s ]
INFO: [ view_end ] --END-- [ RunTime:0.000610s ]

[ 2016-11-10T16:10:05+08:00 ] /Ajax/collection
INFO: [ route_check ] --START--
INFO: Run CheckRoute Behavior [ RunTime:0.000977s ]
INFO: [ route_check ] --END-- [ RunTime:0.001065s ]
INFO: [ app_begin ] --START--
INFO: Run ReadHtmlCache Behavior [ RunTime:0.000529s ]
INFO: [ app_begin ] --END-- [ RunTime:0.000579s ]
NOTIC: [8] Undefined index: db_dsn C:\wnmp\wwwroot\nuomi\lib\ThinkPHP\Lib\Core\Db.class.php 第 129 行.
NOTIC: [8] Undefined index: db_params C:\wnmp\wwwroot\nuomi\lib\ThinkPHP\Lib\Core\Db.class.php 第 130 行.
SQL: SHOW COLUMNS FROM `zx_tb_collect` [ RunTime:0.016094s ]
SQL: SELECT m.id,m_name,m_GameTime,m_untilTime,m_releaseTime,m_offineTime,m_city,m_Mtypes,m_ptype,m_sign,m_enterMode,m_placesleft,m_places,m_enterurl,m_state,m_img,m_order,m_country,m_area,m_signuptime,m_mtypes_class,m_des FROM `zx_tb_collect` c LEFT JOIN `zx_tb_matchs` m ON m.id= c.match_id WHERE c.uid= 25519 [ RunTime:0.000391s ]

[ 2016-11-10T16:10:06+08:00 ] /User
INFO: [ route_check ] --START--
INFO: Run CheckRoute Behavior [ RunTime:0.001244s ]
INFO: [ route_check ] --END-- [ RunTime:0.001481s ]
INFO: [ app_begin ] --START--
INFO: Run ReadHtmlCache Behavior [ RunTime:0.000978s ]
INFO: [ app_begin ] --END-- [ RunTime:0.001093s ]
NOTIC: [2048] Declaration of UserAction::success() should be compatible with that of Action::success() C:\wnmp\wwwroot\nuomi\DataSource\Lib\Action\UserAction.class.php 第 501 行.
INFO: Run AuthCheck Behavior [ RunTime:0.001077s ]
NOTIC: [8] Undefined index: db_dsn C:\wnmp\wwwroot\nuomi\lib\ThinkPHP\Lib\Core\Db.class.php 第 129 行.
NOTIC: [8] Undefined index: db_params C:\wnmp\wwwroot\nuomi\lib\ThinkPHP\Lib\Core\Db.class.php 第 130 行.
SQL: SHOW COLUMNS FROM `zx_tb_user` [ RunTime:0.007606s ]
SQL: SELECT * FROM `zx_tb_user` WHERE ( id=25519 ) LIMIT 1   [ RunTime:0.000532s ]
SQL: SHOW COLUMNS FROM `zx_tb_orders` [ RunTime:0.004363s ]
SQL: SELECT COUNT(*) AS tp_count FROM `zx_tb_orders` WHERE ( `uid` = 25519 ) AND ( `paystats` = 5 ) AND ( `pay_deadline` > '2016-11-10 16:10:06' ) LIMIT 1   [ RunTime:0.000526s ]
INFO: [ view_template ] --START--
INFO: Run LocationTemplate Behavior [ RunTime:0.001032s ]
INFO: [ view_template ] --END-- [ RunTime:0.001171s ]
INFO: [ view_parse ] --START--
INFO: Run ParseTemplate Behavior [ RunTime:0.015415s ]
INFO: [ view_parse ] --END-- [ RunTime:0.015544s ]
INFO: [ view_filter ] --START--
INFO: Run ContentReplace Behavior [ RunTime:0.000472s ]
INFO: Run TokenBuild Behavior [ RunTime:0.001611s ]
INFO: Run WriteHtmlCache Behavior [ RunTime:0.000950s ]
INFO: Run ShowRuntime Behavior [ RunTime:0.000799s ]
INFO: [ view_filter ] --END-- [ RunTime:0.004313s ]
INFO: [ view_end ] --START--
INFO: Run ShowPageTrace Behavior [ RunTime:0.000758s ]
INFO: [ view_end ] --END-- [ RunTime:0.000840s ]

[ 2016-11-10T16:10:08+08:00 ] /Coupon
INFO: [ route_check ] --START--
INFO: Run CheckRoute Behavior [ RunTime:0.000558s ]
INFO: [ route_check ] --END-- [ RunTime:0.000617s ]
INFO: [ app_begin ] --START--
INFO: Run ReadHtmlCache Behavior [ RunTime:0.000398s ]
INFO: [ app_begin ] --END-- [ RunTime:0.000439s ]
INFO: Run AuthCheck Behavior [ RunTime:0.000482s ]
NOTIC: [8] Undefined index: orderid C:\wnmp\wwwroot\nuomi\DataSource\Lib\Action\CouponAction.class.php 第 15 行.
INFO: [ view_template ] --START--
INFO: Run LocationTemplate Behavior [ RunTime:0.000640s ]
INFO: [ view_template ] --END-- [ RunTime:0.000690s ]
INFO: [ view_parse ] --START--
INFO: Run ParseTemplate Behavior [ RunTime:0.124430s ]
INFO: [ view_parse ] --END-- [ RunTime:0.124501s ]
INFO: [ view_filter ] --START--
INFO: Run ContentReplace Behavior [ RunTime:0.001142s ]
INFO: Run TokenBuild Behavior [ RunTime:0.000562s ]
INFO: Run WriteHtmlCache Behavior [ RunTime:0.000297s ]
INFO: Run ShowRuntime Behavior [ RunTime:0.000516s ]
INFO: [ view_filter ] --END-- [ RunTime:0.002769s ]
INFO: [ view_end ] --START--
INFO: Run ShowPageTrace Behavior [ RunTime:0.000523s ]
INFO: [ view_end ] --END-- [ RunTime:0.000570s ]

[ 2016-11-10T16:10:08+08:00 ] /Ajax/coupon?orderid=
INFO: [ route_check ] --START--
INFO: Run CheckRoute Behavior [ RunTime:0.000946s ]
INFO: [ route_check ] --END-- [ RunTime:0.001034s ]
INFO: [ app_begin ] --START--
INFO: Run ReadHtmlCache Behavior [ RunTime:0.000749s ]
INFO: [ app_begin ] --END-- [ RunTime:0.000821s ]
NOTIC: [8] Undefined index: db_dsn C:\wnmp\wwwroot\nuomi\lib\ThinkPHP\Lib\Core\Db.class.php 第 129 行.
NOTIC: [8] Undefined index: db_params C:\wnmp\wwwroot\nuomi\lib\ThinkPHP\Lib\Core\Db.class.php 第 130 行.
SQL: SHOW COLUMNS FROM `zx_tb_couponlist` [ RunTime:0.006142s ]
SQL: SELECT i.id,i.codestr,i.stats,c.coupon_type,c.coupon_name,c.discount,c.min_able_price,c.able_ptype,c.able_meal,c.able_match,c.effective_date,c.expiry_date FROM `zx_tb_couponlist` i LEFT JOIN `zx_tb_coupon` c ON c.id= i.cid WHERE i.stats=1 AND c.expiry_date >NOW()  AND i.owner = 25519  [ RunTime:0.000684s ]

[ 2016-11-10T16:10:12+08:00 ] /Coupon
INFO: [ route_check ] --START--
INFO: Run CheckRoute Behavior [ RunTime:0.001768s ]
INFO: [ route_check ] --END-- [ RunTime:0.001837s ]
INFO: [ app_begin ] --START--
INFO: Run ReadHtmlCache Behavior [ RunTime:0.000953s ]
INFO: [ app_begin ] --END-- [ RunTime:0.001000s ]
INFO: Run AuthCheck Behavior [ RunTime:0.001905s ]
NOTIC: [8] Undefined index: orderid C:\wnmp\wwwroot\nuomi\DataSource\Lib\Action\CouponAction.class.php 第 15 行.
INFO: [ view_template ] --START--
INFO: Run LocationTemplate Behavior [ RunTime:0.001259s ]
INFO: [ view_template ] --END-- [ RunTime:0.001330s ]
INFO: [ view_parse ] --START--
INFO: Run ParseTemplate Behavior [ RunTime:0.024322s ]
INFO: [ view_parse ] --END-- [ RunTime:0.024406s ]
INFO: [ view_filter ] --START--
INFO: Run ContentReplace Behavior [ RunTime:0.000873s ]
INFO: Run TokenBuild Behavior [ RunTime:0.000921s ]
INFO: Run WriteHtmlCache Behavior [ RunTime:0.000776s ]
INFO: Run ShowRuntime Behavior [ RunTime:0.000754s ]
INFO: [ view_filter ] --END-- [ RunTime:0.003494s ]
INFO: [ view_end ] --START--
INFO: Run ShowPageTrace Behavior [ RunTime:0.001279s ]
INFO: [ view_end ] --END-- [ RunTime:0.001337s ]

[ 2016-11-10T16:10:12+08:00 ] /Ajax/coupon?orderid=
INFO: [ route_check ] --START--
INFO: Run CheckRoute Behavior [ RunTime:0.003722s ]
INFO: [ route_check ] --END-- [ RunTime:0.003907s ]
INFO: [ app_begin ] --START--
INFO: Run ReadHtmlCache Behavior [ RunTime:0.000882s ]
INFO: [ app_begin ] --END-- [ RunTime:0.001017s ]
NOTIC: [8] Undefined index: db_dsn C:\wnmp\wwwroot\nuomi\lib\ThinkPHP\Lib\Core\Db.class.php 第 129 行.
NOTIC: [8] Undefined index: db_params C:\wnmp\wwwroot\nuomi\lib\ThinkPHP\Lib\Core\Db.class.php 第 130 行.
SQL: SHOW COLUMNS FROM `zx_tb_couponlist` [ RunTime:0.004614s ]
SQL: SELECT i.id,i.codestr,i.stats,c.coupon_type,c.coupon_name,c.discount,c.min_able_price,c.able_ptype,c.able_meal,c.able_match,c.effective_date,c.expiry_date FROM `zx_tb_couponlist` i LEFT JOIN `zx_tb_coupon` c ON c.id= i.cid WHERE i.stats=1 AND c.expiry_date >NOW()  AND i.owner = 25519  [ RunTime:0.000883s ]

[ 2016-11-10T16:13:15+08:00 ] /Coupon
INFO: [ route_check ] --START--
INFO: Run CheckRoute Behavior [ RunTime:0.000747s ]
INFO: [ route_check ] --END-- [ RunTime:0.000828s ]
INFO: [ app_begin ] --START--
INFO: Run ReadHtmlCache Behavior [ RunTime:0.000669s ]
INFO: [ app_begin ] --END-- [ RunTime:0.000764s ]
INFO: Run AuthCheck Behavior [ RunTime:0.000880s ]
NOTIC: [8] Undefined index: orderid C:\wnmp\wwwroot\nuomi\DataSource\Lib\Action\CouponAction.class.php 第 15 行.
INFO: [ view_template ] --START--
INFO: Run LocationTemplate Behavior [ RunTime:0.000723s ]
INFO: [ view_template ] --END-- [ RunTime:0.000773s ]
INFO: [ view_parse ] --START--
INFO: Run ParseTemplate Behavior [ RunTime:0.011387s ]
INFO: [ view_parse ] --END-- [ RunTime:0.011464s ]
INFO: [ view_filter ] --START--
INFO: Run ContentReplace Behavior [ RunTime:0.000899s ]
INFO: Run TokenBuild Behavior [ RunTime:0.000531s ]
INFO: Run WriteHtmlCache Behavior [ RunTime:0.000512s ]
INFO: Run ShowRuntime Behavior [ RunTime:0.001335s ]
INFO: [ view_filter ] --END-- [ RunTime:0.003636s ]
INFO: [ view_end ] --START--
INFO: Run ShowPageTrace Behavior [ RunTime:0.000899s ]
INFO: [ view_end ] --END-- [ RunTime:0.000979s ]

[ 2016-11-10T16:13:16+08:00 ] /Ajax/coupon?orderid=
INFO: [ route_check ] --START--
INFO: Run CheckRoute Behavior [ RunTime:0.001414s ]
INFO: [ route_check ] --END-- [ RunTime:0.001505s ]
INFO: [ app_begin ] --START--
INFO: Run ReadHtmlCache Behavior [ RunTime:0.000661s ]
INFO: [ app_begin ] --END-- [ RunTime:0.000716s ]
NOTIC: [8] Undefined index: db_dsn C:\wnmp\wwwroot\nuomi\lib\ThinkPHP\Lib\Core\Db.class.php 第 129 行.
NOTIC: [8] Undefined index: db_params C:\wnmp\wwwroot\nuomi\lib\ThinkPHP\Lib\Core\Db.class.php 第 130 行.
SQL: SHOW COLUMNS FROM `zx_tb_couponlist` [ RunTime:0.007524s ]
SQL: SELECT i.id,i.codestr,i.stats,c.coupon_type,c.coupon_name,c.discount,c.min_able_price,c.able_ptype,c.able_meal,c.able_match,c.effective_date,c.expiry_date FROM `zx_tb_couponlist` i LEFT JOIN `zx_tb_coupon` c ON c.id= i.cid WHERE i.stats=1 AND c.expiry_date >NOW()  AND i.owner = 25519  [ RunTime:0.000930s ]

[ 2016-11-10T16:13:30+08:00 ] /Coupon
INFO: [ route_check ] --START--
INFO: Run CheckRoute Behavior [ RunTime:0.000736s ]
INFO: [ route_check ] --END-- [ RunTime:0.000820s ]
INFO: [ app_begin ] --START--
INFO: Run ReadHtmlCache Behavior [ RunTime:0.000415s ]
INFO: [ app_begin ] --END-- [ RunTime:0.000457s ]
INFO: Run AuthCheck Behavior [ RunTime:0.000504s ]
NOTIC: [8] Undefined index: orderid C:\wnmp\wwwroot\nuomi\DataSource\Lib\Action\CouponAction.class.php 第 15 行.
INFO: [ view_template ] --START--
INFO: Run LocationTemplate Behavior [ RunTime:0.000335s ]
INFO: [ view_template ] --END-- [ RunTime:0.000377s ]
INFO: [ view_parse ] --START--
INFO: Run ParseTemplate Behavior [ RunTime:0.010194s ]
INFO: [ view_parse ] --END-- [ RunTime:0.010257s ]
INFO: [ view_filter ] --START--
INFO: Run ContentReplace Behavior [ RunTime:0.000527s ]
INFO: Run TokenBuild Behavior [ RunTime:0.000311s ]
INFO: Run WriteHtmlCache Behavior [ RunTime:0.000257s ]
INFO: Run ShowRuntime Behavior [ RunTime:0.000368s ]
INFO: [ view_filter ] --END-- [ RunTime:0.001599s ]
INFO: [ view_end ] --START--
INFO: Run ShowPageTrace Behavior [ RunTime:0.000529s ]
INFO: [ view_end ] --END-- [ RunTime:0.000576s ]

[ 2016-11-10T16:13:30+08:00 ] /Ajax/coupon?orderid=
INFO: [ route_check ] --START--
INFO: Run CheckRoute Behavior [ RunTime:0.000603s ]
INFO: [ route_check ] --END-- [ RunTime:0.000668s ]
INFO: [ app_begin ] --START--
INFO: Run ReadHtmlCache Behavior [ RunTime:0.000454s ]
INFO: [ app_begin ] --END-- [ RunTime:0.000495s ]
NOTIC: [8] Undefined index: db_dsn C:\wnmp\wwwroot\nuomi\lib\ThinkPHP\Lib\Core\Db.class.php 第 129 行.
NOTIC: [8] Undefined index: db_params C:\wnmp\wwwroot\nuomi\lib\ThinkPHP\Lib\Core\Db.class.php 第 130 行.
SQL: SHOW COLUMNS FROM `zx_tb_couponlist` [ RunTime:0.007815s ]
SQL: SELECT i.id,i.codestr,i.stats,c.coupon_type,c.coupon_name,c.discount,c.min_able_price,c.able_ptype,c.able_meal,c.able_match,c.effective_date,c.expiry_date FROM `zx_tb_couponlist` i LEFT JOIN `zx_tb_coupon` c ON c.id= i.cid WHERE i.stats=1 AND c.expiry_date >NOW()  AND i.owner = 25519  [ RunTime:0.000806s ]

[ 2016-11-10T16:13:50+08:00 ] /Coupon
INFO: [ route_check ] --START--
INFO: Run CheckRoute Behavior [ RunTime:0.002126s ]
INFO: [ route_check ] --END-- [ RunTime:0.002280s ]
INFO: [ app_begin ] --START--
INFO: Run ReadHtmlCache Behavior [ RunTime:0.001469s ]
INFO: [ app_begin ] --END-- [ RunTime:0.001772s ]
INFO: Run AuthCheck Behavior [ RunTime:0.000569s ]
NOTIC: [8] Undefined index: orderid C:\wnmp\wwwroot\nuomi\DataSource\Lib\Action\CouponAction.class.php 第 15 行.
INFO: [ view_template ] --START--
INFO: Run LocationTemplate Behavior [ RunTime:0.000392s ]
INFO: [ view_template ] --END-- [ RunTime:0.000434s ]
INFO: [ view_parse ] --START--
INFO: Run ParseTemplate Behavior [ RunTime:0.157792s ]
INFO: [ view_parse ] --END-- [ RunTime:0.157857s ]
INFO: [ view_filter ] --START--
INFO: Run ContentReplace Behavior [ RunTime:0.000839s ]
INFO: Run TokenBuild Behavior [ RunTime:0.000393s ]
INFO: Run WriteHtmlCache Behavior [ RunTime:0.000396s ]
INFO: Run ShowRuntime Behavior [ RunTime:0.002040s ]
INFO: [ view_filter ] --END-- [ RunTime:0.003887s ]
INFO: [ view_end ] --START--
INFO: Run ShowPageTrace Behavior [ RunTime:0.001017s ]
INFO: [ view_end ] --END-- [ RunTime:0.001097s ]

[ 2016-11-10T16:13:50+08:00 ] /Ajax/coupon?orderid=
INFO: [ route_check ] --START--
INFO: Run CheckRoute Behavior [ RunTime:0.000978s ]
INFO: [ route_check ] --END-- [ RunTime:0.001121s ]
INFO: [ app_begin ] --START--
INFO: Run ReadHtmlCache Behavior [ RunTime:0.000672s ]
INFO: [ app_begin ] --END-- [ RunTime:0.000732s ]
NOTIC: [8] Undefined index: db_dsn C:\wnmp\wwwroot\nuomi\lib\ThinkPHP\Lib\Core\Db.class.php 第 129 行.
NOTIC: [8] Undefined index: db_params C:\wnmp\wwwroot\nuomi\lib\ThinkPHP\Lib\Core\Db.class.php 第 130 行.
SQL: SHOW COLUMNS FROM `zx_tb_couponlist` [ RunTime:0.006790s ]
SQL: SELECT i.id,i.codestr,i.stats,c.coupon_type,c.coupon_name,c.discount,c.min_able_price,c.able_ptype,c.able_meal,c.able_match,c.effective_date,c.expiry_date FROM `zx_tb_couponlist` i LEFT JOIN `zx_tb_coupon` c ON c.id= i.cid WHERE i.stats=1 AND c.expiry_date >NOW()  AND i.owner = 25519  [ RunTime:0.000574s ]

[ 2016-11-10T16:22:56+08:00 ] /Coupon
INFO: [ route_check ] --START--
INFO: Run CheckRoute Behavior [ RunTime:0.002738s ]
INFO: [ route_check ] --END-- [ RunTime:0.005800s ]
INFO: [ app_begin ] --START--
INFO: Run ReadHtmlCache Behavior [ RunTime:0.001457s ]
INFO: [ app_begin ] --END-- [ RunTime:0.001540s ]
INFO: Run AuthCheck Behavior [ RunTime:0.002490s ]
NOTIC: [8] Undefined index: orderid C:\wnmp\wwwroot\nuomi\DataSource\Lib\Action\CouponAction.class.php 第 15 行.
INFO: [ view_template ] --START--
INFO: Run LocationTemplate Behavior [ RunTime:0.004691s ]
INFO: [ view_template ] --END-- [ RunTime:0.005063s ]
INFO: [ view_parse ] --START--
INFO: Run ParseTemplate Behavior [ RunTime:0.041066s ]
INFO: [ view_parse ] --END-- [ RunTime:0.041182s ]
INFO: [ view_filter ] --START--
INFO: Run ContentReplace Behavior [ RunTime:0.002747s ]
INFO: Run TokenBuild Behavior [ RunTime:0.001890s ]
INFO: Run WriteHtmlCache Behavior [ RunTime:0.003264s ]
INFO: Run ShowRuntime Behavior [ RunTime:0.002964s ]
INFO: [ view_filter ] --END-- [ RunTime:0.011156s ]
INFO: [ view_end ] --START--
INFO: Run ShowPageTrace Behavior [ RunTime:0.001636s ]
INFO: [ view_end ] --END-- [ RunTime:0.001711s ]

[ 2016-11-10T16:22:56+08:00 ] /Ajax/coupon?orderid=
INFO: [ route_check ] --START--
INFO: Run CheckRoute Behavior [ RunTime:0.000930s ]
INFO: [ route_check ] --END-- [ RunTime:0.001018s ]
INFO: [ app_begin ] --START--
INFO: Run ReadHtmlCache Behavior [ RunTime:0.000690s ]
INFO: [ app_begin ] --END-- [ RunTime:0.000752s ]
NOTIC: [8] Undefined index: db_dsn C:\wnmp\wwwroot\nuomi\lib\ThinkPHP\Lib\Core\Db.class.php 第 129 行.
NOTIC: [8] Undefined index: db_params C:\wnmp\wwwroot\nuomi\lib\ThinkPHP\Lib\Core\Db.class.php 第 130 行.
SQL: SHOW COLUMNS FROM `zx_tb_couponlist` [ RunTime:0.015124s ]
SQL: SELECT i.id,i.codestr,i.stats,c.coupon_type,c.coupon_name,c.discount,c.min_able_price,c.able_ptype,c.able_meal,c.able_match,c.effective_date,c.expiry_date FROM `zx_tb_couponlist` i LEFT JOIN `zx_tb_coupon` c ON c.id= i.cid WHERE i.stats=1 AND c.expiry_date >NOW()  AND i.owner = 25519  [ RunTime:0.009368s ]

[ 2016-11-10T16:30:39+08:00 ] /Coupon
INFO: [ route_check ] --START--
INFO: Run CheckRoute Behavior [ RunTime:0.002052s ]
INFO: [ route_check ] --END-- [ RunTime:0.003548s ]
INFO: [ app_begin ] --START--
INFO: Run ReadHtmlCache Behavior [ RunTime:0.001013s ]
INFO: [ app_begin ] --END-- [ RunTime:0.001070s ]
INFO: Run AuthCheck Behavior [ RunTime:0.013388s ]
NOTIC: [8] Undefined index: orderid C:\wnmp\wwwroot\nuomi\DataSource\Lib\Action\CouponAction.class.php 第 15 行.
INFO: [ view_template ] --START--
INFO: Run LocationTemplate Behavior [ RunTime:0.001041s ]
INFO: [ view_template ] --END-- [ RunTime:0.001091s ]
INFO: [ view_parse ] --START--
INFO: Run ParseTemplate Behavior [ RunTime:0.018607s ]
INFO: [ view_parse ] --END-- [ RunTime:0.018675s ]
INFO: [ view_filter ] --START--
INFO: Run ContentReplace Behavior [ RunTime:0.000942s ]
INFO: Run TokenBuild Behavior [ RunTime:0.000781s ]
INFO: Run WriteHtmlCache Behavior [ RunTime:0.000740s ]
INFO: Run ShowRuntime Behavior [ RunTime:0.000846s ]
INFO: [ view_filter ] --END-- [ RunTime:0.003465s ]
INFO: [ view_end ] --START--
INFO: Run ShowPageTrace Behavior [ RunTime:0.001459s ]
INFO: [ view_end ] --END-- [ RunTime:0.001548s ]

[ 2016-11-10T16:30:40+08:00 ] /Ajax/coupon?orderid=
INFO: [ route_check ] --START--
INFO: Run CheckRoute Behavior [ RunTime:0.001888s ]
INFO: [ route_check ] --END-- [ RunTime:0.001992s ]
INFO: [ app_begin ] --START--
INFO: Run ReadHtmlCache Behavior [ RunTime:0.001091s ]
INFO: [ app_begin ] --END-- [ RunTime:0.001160s ]
NOTIC: [8] Undefined index: db_dsn C:\wnmp\wwwroot\nuomi\lib\ThinkPHP\Lib\Core\Db.class.php 第 129 行.
NOTIC: [8] Undefined index: db_params C:\wnmp\wwwroot\nuomi\lib\ThinkPHP\Lib\Core\Db.class.php 第 130 行.
SQL: SHOW COLUMNS FROM `zx_tb_couponlist` [ RunTime:0.017448s ]
SQL: SELECT i.id,i.codestr,i.stats,c.coupon_type,c.coupon_name,c.discount,c.min_able_price,c.able_ptype,c.able_meal,c.able_match,c.effective_date,c.expiry_date FROM `zx_tb_couponlist` i LEFT JOIN `zx_tb_coupon` c ON c.id= i.cid WHERE i.stats=1 AND c.expiry_date >NOW()  AND i.owner = 25519  [ RunTime:0.008525s ]

[ 2016-11-10T17:57:27+08:00 ] /Coupon
INFO: [ route_check ] --START--
INFO: Run CheckRoute Behavior [ RunTime:0.028878s ]
INFO: [ route_check ] --END-- [ RunTime:0.032521s ]
INFO: [ app_begin ] --START--
INFO: Run ReadHtmlCache Behavior [ RunTime:0.002823s ]
INFO: [ app_begin ] --END-- [ RunTime:0.003059s ]
INFO: Run AuthCheck Behavior [ RunTime:0.002463s ]
NOTIC: [8] Undefined index: orderid C:\wnmp\wwwroot\nuomi\DataSource\Lib\Action\CouponAction.class.php 第 15 行.
INFO: [ view_template ] --START--
INFO: Run LocationTemplate Behavior [ RunTime:0.001947s ]
INFO: [ view_template ] --END-- [ RunTime:0.002061s ]
INFO: [ view_parse ] --START--
INFO: Run ParseTemplate Behavior [ RunTime:0.048546s ]
INFO: [ view_parse ] --END-- [ RunTime:0.048635s ]
INFO: [ view_filter ] --START--
INFO: Run ContentReplace Behavior [ RunTime:0.001066s ]
INFO: Run TokenBuild Behavior [ RunTime:0.000933s ]
INFO: Run WriteHtmlCache Behavior [ RunTime:0.000833s ]
INFO: Run ShowRuntime Behavior [ RunTime:0.001191s ]
INFO: [ view_filter ] --END-- [ RunTime:0.004211s ]
INFO: [ view_end ] --START--
INFO: Run ShowPageTrace Behavior [ RunTime:0.001379s ]
INFO: [ view_end ] --END-- [ RunTime:0.001499s ]

[ 2016-11-10T17:57:28+08:00 ] /Ajax/coupon?orderid=
INFO: [ route_check ] --START--
INFO: Run CheckRoute Behavior [ RunTime:0.001391s ]
INFO: [ route_check ] --END-- [ RunTime:0.001493s ]
INFO: [ app_begin ] --START--
INFO: Run ReadHtmlCache Behavior [ RunTime:0.000686s ]
INFO: [ app_begin ] --END-- [ RunTime:0.000747s ]
NOTIC: [8] Undefined index: db_dsn C:\wnmp\wwwroot\nuomi\lib\ThinkPHP\Lib\Core\Db.class.php 第 129 行.
NOTIC: [8] Undefined index: db_params C:\wnmp\wwwroot\nuomi\lib\ThinkPHP\Lib\Core\Db.class.php 第 130 行.
SQL: SHOW COLUMNS FROM `zx_tb_couponlist` [ RunTime:0.140861s ]
SQL: SELECT i.id,i.codestr,i.stats,c.coupon_type,c.coupon_name,c.discount,c.min_able_price,c.able_ptype,c.able_meal,c.able_match,c.effective_date,c.expiry_date FROM `zx_tb_couponlist` i LEFT JOIN `zx_tb_coupon` c ON c.id= i.cid WHERE i.stats=1 AND c.expiry_date >NOW()  AND i.owner = 25519  [ RunTime:0.054966s ]

[ 2016-11-10T18:48:22+08:00 ] /Coupon
INFO: [ route_check ] --START--
INFO: Run CheckRoute Behavior [ RunTime:0.014295s ]
INFO: [ route_check ] --END-- [ RunTime:0.015262s ]
INFO: [ app_begin ] --START--
INFO: Run ReadHtmlCache Behavior [ RunTime:0.024988s ]
INFO: [ app_begin ] --END-- [ RunTime:0.025056s ]
INFO: Run AuthCheck Behavior [ RunTime:0.001216s ]
NOTIC: [8] Undefined index: orderid C:\wnmp\wwwroot\nuomi\DataSource\Lib\Action\CouponAction.class.php 第 15 行.
INFO: [ view_template ] --START--
INFO: Run LocationTemplate Behavior [ RunTime:0.014282s ]
INFO: [ view_template ] --END-- [ RunTime:0.014450s ]
INFO: [ view_parse ] --START--
INFO: Run ParseTemplate Behavior [ RunTime:0.078313s ]
INFO: [ view_parse ] --END-- [ RunTime:0.078418s ]
INFO: [ view_filter ] --START--
INFO: Run ContentReplace Behavior [ RunTime:0.001054s ]
INFO: Run TokenBuild Behavior [ RunTime:0.000909s ]
INFO: Run WriteHtmlCache Behavior [ RunTime:0.000825s ]
INFO: Run ShowRuntime Behavior [ RunTime:0.000983s ]
INFO: [ view_filter ] --END-- [ RunTime:0.003955s ]
INFO: [ view_end ] --START--
INFO: Run ShowPageTrace Behavior [ RunTime:0.001337s ]
INFO: [ view_end ] --END-- [ RunTime:0.001413s ]

[ 2016-11-10T18:48:23+08:00 ] /Ajax/coupon?orderid=
INFO: [ route_check ] --START--
INFO: Run CheckRoute Behavior [ RunTime:0.001132s ]
INFO: [ route_check ] --END-- [ RunTime:0.001228s ]
INFO: [ app_begin ] --START--
INFO: Run ReadHtmlCache Behavior [ RunTime:0.000758s ]
INFO: [ app_begin ] --END-- [ RunTime:0.000818s ]
NOTIC: [8] Undefined index: db_dsn C:\wnmp\wwwroot\nuomi\lib\ThinkPHP\Lib\Core\Db.class.php 第 129 行.
NOTIC: [8] Undefined index: db_params C:\wnmp\wwwroot\nuomi\lib\ThinkPHP\Lib\Core\Db.class.php 第 130 行.
SQL: SHOW COLUMNS FROM `zx_tb_couponlist` [ RunTime:0.154760s ]
SQL: SELECT i.id,i.codestr,i.stats,c.coupon_type,c.coupon_name,c.discount,c.min_able_price,c.able_ptype,c.able_meal,c.able_match,c.effective_date,c.expiry_date FROM `zx_tb_couponlist` i LEFT JOIN `zx_tb_coupon` c ON c.id= i.cid WHERE i.stats=1 AND c.expiry_date >NOW()  AND i.owner = 25519  [ RunTime:0.080771s ]

