[ 2016-11-06T17:55:03+08:00 ] /
INFO: [ app_begin ] --START--
INFO: Run ReadHtmlCache Behavior [ RunTime:0.001573s ]
INFO: [ app_begin ] --END-- [ RunTime:0.001671s ]
NOTIC: [8] Undefined index: match C:\wnmp\wwwroot\nuomi\DataSource\Lib\Action\IndexAction.class.php 第 25 行.
NOTIC: [8] Undefined index: platform C:\wnmp\wwwroot\nuomi\DataSource\Lib\Action\IndexAction.class.php 第 26 行.
NOTIC: [8] Undefined index: db_dsn C:\wnmp\wwwroot\nuomi\lib\ThinkPHP\Lib\Core\Db.class.php 第 129 行.
NOTIC: [8] Undefined index: db_params C:\wnmp\wwwroot\nuomi\lib\ThinkPHP\Lib\Core\Db.class.php 第 130 行.
SQL: SHOW COLUMNS FROM `zx_tb_matchs` [ RunTime:0.178482s ]
SQL:  select id,m_name,m_GameTime,m_untilTime,m_releaseTime,m_offineTime,m_city,m_Mtypes,m_ptype,m_sign,m_enterMode,m_placesleft,m_places,m_enterurl,m_state,m_img,m_order,m_country,m_area,m_signuptime,m_mtypes_class,m_des from zx_tb_matchs where  m_state = 0 and m_isshow=1 and m_releaseTime < NOW() and m_offineTime > NOW()  order by m_order desc,id desc limit 0,5  [ RunTime:0.099301s ]
SQL: SHOW COLUMNS FROM `zx_tb_classinfo` [ RunTime:0.014327s ]
NOTIC: [2] Missing argument 6 for ClassInfoModel::getContent(), called in C:\wnmp\wwwroot\nuomi\DataSource\Lib\Action\IndexAction.class.php on line 42 and defined C:\wnmp\wwwroot\nuomi\DataSource\Lib\Model\ClassInfoModel.class.php 第 22 行.
NOTIC: [8] Undefined variable: order C:\wnmp\wwwroot\nuomi\DataSource\Lib\Model\ClassInfoModel.class.php 第 33 行.
SQL: SELECT info.id,info.cid,cls.classname,info.n_title,info.n_img,info.n_url,info.sign,info.orderid  FROM `zx_tb_class` cls LEFT JOIN zx_tb_classinfo info ON  cls.id = info.cid WHERE cls.short_name='zx_banner_nuomi' AND cls.isdel=0 AND info.isdel=0 and info.isdisplay=1 AND info.itime<=NOW() AND info.offtime>NOW()  order by  info.sign desc,info.orderid desc,info.utime desc,id DESC  limit 0,10  [ RunTime:0.032144s ]
NOTIC: [2] Missing argument 6 for ClassInfoModel::getContent(), called in C:\wnmp\wwwroot\nuomi\DataSource\Lib\Action\IndexAction.class.php on line 46 and defined C:\wnmp\wwwroot\nuomi\DataSource\Lib\Model\ClassInfoModel.class.php 第 22 行.
NOTIC: [8] Undefined variable: order C:\wnmp\wwwroot\nuomi\DataSource\Lib\Model\ClassInfoModel.class.php 第 33 行.
SQL: SELECT info.id,info.cid,cls.classname,info.n_title,info.n_img,info.n_url,info.sign,info.orderid  FROM `zx_tb_class` cls LEFT JOIN zx_tb_classinfo info ON  cls.id = info.cid WHERE cls.short_name='zx_hotwords_nuomi' AND cls.isdel=0 AND info.isdel=0 and info.isdisplay=1 AND info.itime<=NOW() AND info.offtime>NOW()  order by  info.sign desc,info.orderid desc,info.utime desc,id DESC  limit 0,100  [ RunTime:0.001150s ]
INFO: [ view_template ] --START--
INFO: Run LocationTemplate Behavior [ RunTime:0.014733s ]
INFO: [ view_template ] --END-- [ RunTime:0.014874s ]
INFO: [ view_parse ] --START--
NOTIC: [8] Undefined index: m_banner C:\wnmp\wwwroot\nuomi\DataSource\Runtime\Temp\9f529053051950a069732b98964695a605c1670d.file.banner.html.php 第 63 行.
NOTIC: [8] Trying to get property of non-object C:\wnmp\wwwroot\nuomi\DataSource\Runtime\Temp\9f529053051950a069732b98964695a605c1670d.file.banner.html.php 第 63 行.
INFO: Run ParseTemplate Behavior [ RunTime:0.034279s ]
INFO: [ view_parse ] --END-- [ RunTime:0.034347s ]
INFO: [ view_filter ] --START--
INFO: Run ContentReplace Behavior [ RunTime:0.001651s ]
INFO: Run TokenBuild Behavior [ RunTime:0.001799s ]
INFO: Run WriteHtmlCache Behavior [ RunTime:0.013371s ]
INFO: Run ShowRuntime Behavior [ RunTime:0.001478s ]
INFO: [ view_filter ] --END-- [ RunTime:0.018488s ]
INFO: [ view_end ] --START--
INFO: Run ShowPageTrace Behavior [ RunTime:0.001664s ]
INFO: [ view_end ] --END-- [ RunTime:0.001739s ]

[ 2016-11-06T17:55:09+08:00 ] /User
INFO: [ route_check ] --START--
INFO: Run CheckRoute Behavior [ RunTime:0.123467s ]
INFO: [ route_check ] --END-- [ RunTime:0.123573s ]
INFO: [ app_begin ] --START--
INFO: Run ReadHtmlCache Behavior [ RunTime:0.001173s ]
INFO: [ app_begin ] --END-- [ RunTime:0.001243s ]
NOTIC: [2048] Declaration of UserAction::success() should be compatible with that of Action::success() C:\wnmp\wwwroot\nuomi\DataSource\Lib\Action\UserAction.class.php 第 501 行.

[ 2016-11-06T17:55:09+08:00 ] /Account/login
INFO: [ route_check ] --START--
INFO: Run CheckRoute Behavior [ RunTime:0.000953s ]
INFO: [ route_check ] --END-- [ RunTime:0.001020s ]
INFO: [ app_begin ] --START--
INFO: Run ReadHtmlCache Behavior [ RunTime:0.000697s ]
INFO: [ app_begin ] --END-- [ RunTime:0.000747s ]
NOTIC: [8] Undefined index: type C:\wnmp\wwwroot\nuomi\DataSource\Lib\Action\AccountAction.class.php 第 47 行.
INFO: [ view_template ] --START--
INFO: Run LocationTemplate Behavior [ RunTime:0.001537s ]
INFO: [ view_template ] --END-- [ RunTime:0.001633s ]
INFO: [ view_parse ] --START--
INFO: Run ParseTemplate Behavior [ RunTime:0.026695s ]
INFO: [ view_parse ] --END-- [ RunTime:0.026769s ]
INFO: [ view_filter ] --START--
INFO: Run ContentReplace Behavior [ RunTime:0.001078s ]
INFO: Run TokenBuild Behavior [ RunTime:0.000856s ]
INFO: Run WriteHtmlCache Behavior [ RunTime:0.000743s ]
INFO: Run ShowRuntime Behavior [ RunTime:0.001462s ]
INFO: [ view_filter ] --END-- [ RunTime:0.004352s ]
INFO: [ view_end ] --START--
INFO: Run ShowPageTrace Behavior [ RunTime:0.001311s ]
INFO: [ view_end ] --END-- [ RunTime:0.001372s ]

[ 2016-11-06T17:55:13+08:00 ] /
INFO: [ app_begin ] --START--
INFO: Run ReadHtmlCache Behavior [ RunTime:0.001501s ]
INFO: [ app_begin ] --END-- [ RunTime:0.001632s ]
NOTIC: [8] Undefined index: match C:\wnmp\wwwroot\nuomi\DataSource\Lib\Action\IndexAction.class.php 第 25 行.
NOTIC: [8] Undefined index: platform C:\wnmp\wwwroot\nuomi\DataSource\Lib\Action\IndexAction.class.php 第 26 行.
NOTIC: [8] Undefined index: db_dsn C:\wnmp\wwwroot\nuomi\lib\ThinkPHP\Lib\Core\Db.class.php 第 129 行.
NOTIC: [8] Undefined index: db_params C:\wnmp\wwwroot\nuomi\lib\ThinkPHP\Lib\Core\Db.class.php 第 130 行.
SQL: SHOW COLUMNS FROM `zx_tb_matchs` [ RunTime:0.005836s ]
SQL:  select id,m_name,m_GameTime,m_untilTime,m_releaseTime,m_offineTime,m_city,m_Mtypes,m_ptype,m_sign,m_enterMode,m_placesleft,m_places,m_enterurl,m_state,m_img,m_order,m_country,m_area,m_signuptime,m_mtypes_class,m_des from zx_tb_matchs where  m_state = 0 and m_isshow=1 and m_releaseTime < NOW() and m_offineTime > NOW()  order by m_order desc,id desc limit 0,5  [ RunTime:0.001993s ]
SQL: SHOW COLUMNS FROM `zx_tb_classinfo` [ RunTime:0.004540s ]
NOTIC: [2] Missing argument 6 for ClassInfoModel::getContent(), called in C:\wnmp\wwwroot\nuomi\DataSource\Lib\Action\IndexAction.class.php on line 42 and defined C:\wnmp\wwwroot\nuomi\DataSource\Lib\Model\ClassInfoModel.class.php 第 22 行.
NOTIC: [8] Undefined variable: order C:\wnmp\wwwroot\nuomi\DataSource\Lib\Model\ClassInfoModel.class.php 第 33 行.
SQL: SELECT info.id,info.cid,cls.classname,info.n_title,info.n_img,info.n_url,info.sign,info.orderid  FROM `zx_tb_class` cls LEFT JOIN zx_tb_classinfo info ON  cls.id = info.cid WHERE cls.short_name='zx_banner_nuomi' AND cls.isdel=0 AND info.isdel=0 and info.isdisplay=1 AND info.itime<=NOW() AND info.offtime>NOW()  order by  info.sign desc,info.orderid desc,info.utime desc,id DESC  limit 0,10  [ RunTime:0.000738s ]
NOTIC: [2] Missing argument 6 for ClassInfoModel::getContent(), called in C:\wnmp\wwwroot\nuomi\DataSource\Lib\Action\IndexAction.class.php on line 46 and defined C:\wnmp\wwwroot\nuomi\DataSource\Lib\Model\ClassInfoModel.class.php 第 22 行.
NOTIC: [8] Undefined variable: order C:\wnmp\wwwroot\nuomi\DataSource\Lib\Model\ClassInfoModel.class.php 第 33 行.
SQL: SELECT info.id,info.cid,cls.classname,info.n_title,info.n_img,info.n_url,info.sign,info.orderid  FROM `zx_tb_class` cls LEFT JOIN zx_tb_classinfo info ON  cls.id = info.cid WHERE cls.short_name='zx_hotwords_nuomi' AND cls.isdel=0 AND info.isdel=0 and info.isdisplay=1 AND info.itime<=NOW() AND info.offtime>NOW()  order by  info.sign desc,info.orderid desc,info.utime desc,id DESC  limit 0,100  [ RunTime:0.000647s ]
INFO: [ view_template ] --START--
INFO: Run LocationTemplate Behavior [ RunTime:0.001138s ]
INFO: [ view_template ] --END-- [ RunTime:0.001203s ]
INFO: [ view_parse ] --START--
NOTIC: [8] Undefined index: m_banner C:\wnmp\wwwroot\nuomi\DataSource\Runtime\Temp\9f529053051950a069732b98964695a605c1670d.file.banner.html.php 第 63 行.
NOTIC: [8] Trying to get property of non-object C:\wnmp\wwwroot\nuomi\DataSource\Runtime\Temp\9f529053051950a069732b98964695a605c1670d.file.banner.html.php 第 63 行.
INFO: Run ParseTemplate Behavior [ RunTime:0.023011s ]
INFO: [ view_parse ] --END-- [ RunTime:0.023079s ]
INFO: [ view_filter ] --START--
INFO: Run ContentReplace Behavior [ RunTime:0.001350s ]
INFO: Run TokenBuild Behavior [ RunTime:0.000736s ]
INFO: Run WriteHtmlCache Behavior [ RunTime:0.000594s ]
INFO: Run ShowRuntime Behavior [ RunTime:0.000790s ]
INFO: [ view_filter ] --END-- [ RunTime:0.003631s ]
INFO: [ view_end ] --START--
INFO: Run ShowPageTrace Behavior [ RunTime:0.000921s ]
INFO: [ view_end ] --END-- [ RunTime:0.000982s ]

[ 2016-11-06T17:55:13+08:00 ] /ajax/hotlist?page=2
INFO: [ route_check ] --START--
INFO: Run CheckRoute Behavior [ RunTime:0.001578s ]
INFO: [ route_check ] --END-- [ RunTime:0.001733s ]
INFO: [ app_begin ] --START--
INFO: Run ReadHtmlCache Behavior [ RunTime:0.000779s ]
INFO: [ app_begin ] --END-- [ RunTime:0.000831s ]
NOTIC: [8] Undefined index: length C:\wnmp\wwwroot\nuomi\DataSource\Lib\Action\AjaxAction.class.php 第 37 行.
NOTIC: [8] Undefined index: db_dsn C:\wnmp\wwwroot\nuomi\lib\ThinkPHP\Lib\Core\Db.class.php 第 129 行.
NOTIC: [8] Undefined index: db_params C:\wnmp\wwwroot\nuomi\lib\ThinkPHP\Lib\Core\Db.class.php 第 130 行.
SQL: SHOW COLUMNS FROM `zx_tb_matchs` [ RunTime:0.006812s ]
SQL:  select id,m_name,m_GameTime,m_untilTime,m_releaseTime,m_offineTime,m_city,m_Mtypes,m_ptype,m_sign,m_enterMode,m_placesleft,m_places,m_enterurl,m_state,m_img,m_order,m_country,m_area,m_signuptime,m_mtypes_class,m_des from zx_tb_matchs where  m_state = 0 and m_isshow=1 and m_releaseTime < NOW() and m_offineTime > NOW()  order by m_order desc,id desc limit 5,5  [ RunTime:0.000967s ]

[ 2016-11-06T17:55:21+08:00 ] /User/order
INFO: [ route_check ] --START--
INFO: Run CheckRoute Behavior [ RunTime:0.001405s ]
INFO: [ route_check ] --END-- [ RunTime:0.001498s ]
INFO: [ app_begin ] --START--
INFO: Run ReadHtmlCache Behavior [ RunTime:0.000911s ]
INFO: [ app_begin ] --END-- [ RunTime:0.000962s ]
NOTIC: [2048] Declaration of UserAction::success() should be compatible with that of Action::success() C:\wnmp\wwwroot\nuomi\DataSource\Lib\Action\UserAction.class.php 第 501 行.

[ 2016-11-06T17:55:21+08:00 ] /Account/login
INFO: [ route_check ] --START--
INFO: Run CheckRoute Behavior [ RunTime:0.001090s ]
INFO: [ route_check ] --END-- [ RunTime:0.001157s ]
INFO: [ app_begin ] --START--
INFO: Run ReadHtmlCache Behavior [ RunTime:0.001031s ]
INFO: [ app_begin ] --END-- [ RunTime:0.001110s ]
NOTIC: [8] Undefined index: type C:\wnmp\wwwroot\nuomi\DataSource\Lib\Action\AccountAction.class.php 第 47 行.
INFO: [ view_template ] --START--
INFO: Run LocationTemplate Behavior [ RunTime:0.001273s ]
INFO: [ view_template ] --END-- [ RunTime:0.001341s ]
INFO: [ view_parse ] --START--
INFO: Run ParseTemplate Behavior [ RunTime:0.019488s ]
INFO: [ view_parse ] --END-- [ RunTime:0.019560s ]
INFO: [ view_filter ] --START--
INFO: Run ContentReplace Behavior [ RunTime:0.000996s ]
INFO: Run TokenBuild Behavior [ RunTime:0.001083s ]
INFO: Run WriteHtmlCache Behavior [ RunTime:0.000971s ]
INFO: Run ShowRuntime Behavior [ RunTime:0.001105s ]
INFO: [ view_filter ] --END-- [ RunTime:0.004342s ]
INFO: [ view_end ] --START--
INFO: Run ShowPageTrace Behavior [ RunTime:0.001254s ]
INFO: [ view_end ] --END-- [ RunTime:0.001303s ]

[ 2016-11-06T17:55:26+08:00 ] /
INFO: [ app_begin ] --START--
INFO: Run ReadHtmlCache Behavior [ RunTime:0.001957s ]
INFO: [ app_begin ] --END-- [ RunTime:0.002097s ]
NOTIC: [8] Undefined index: match C:\wnmp\wwwroot\nuomi\DataSource\Lib\Action\IndexAction.class.php 第 25 行.
NOTIC: [8] Undefined index: platform C:\wnmp\wwwroot\nuomi\DataSource\Lib\Action\IndexAction.class.php 第 26 行.
NOTIC: [8] Undefined index: db_dsn C:\wnmp\wwwroot\nuomi\lib\ThinkPHP\Lib\Core\Db.class.php 第 129 行.
NOTIC: [8] Undefined index: db_params C:\wnmp\wwwroot\nuomi\lib\ThinkPHP\Lib\Core\Db.class.php 第 130 行.
SQL: SHOW COLUMNS FROM `zx_tb_matchs` [ RunTime:0.009312s ]
SQL:  select id,m_name,m_GameTime,m_untilTime,m_releaseTime,m_offineTime,m_city,m_Mtypes,m_ptype,m_sign,m_enterMode,m_placesleft,m_places,m_enterurl,m_state,m_img,m_order,m_country,m_area,m_signuptime,m_mtypes_class,m_des from zx_tb_matchs where  m_state = 0 and m_isshow=1 and m_releaseTime < NOW() and m_offineTime > NOW()  order by m_order desc,id desc limit 0,5  [ RunTime:0.001329s ]
SQL: SHOW COLUMNS FROM `zx_tb_classinfo` [ RunTime:0.005132s ]
NOTIC: [2] Missing argument 6 for ClassInfoModel::getContent(), called in C:\wnmp\wwwroot\nuomi\DataSource\Lib\Action\IndexAction.class.php on line 42 and defined C:\wnmp\wwwroot\nuomi\DataSource\Lib\Model\ClassInfoModel.class.php 第 22 行.
NOTIC: [8] Undefined variable: order C:\wnmp\wwwroot\nuomi\DataSource\Lib\Model\ClassInfoModel.class.php 第 33 行.
SQL: SELECT info.id,info.cid,cls.classname,info.n_title,info.n_img,info.n_url,info.sign,info.orderid  FROM `zx_tb_class` cls LEFT JOIN zx_tb_classinfo info ON  cls.id = info.cid WHERE cls.short_name='zx_banner_nuomi' AND cls.isdel=0 AND info.isdel=0 and info.isdisplay=1 AND info.itime<=NOW() AND info.offtime>NOW()  order by  info.sign desc,info.orderid desc,info.utime desc,id DESC  limit 0,10  [ RunTime:0.000695s ]
NOTIC: [2] Missing argument 6 for ClassInfoModel::getContent(), called in C:\wnmp\wwwroot\nuomi\DataSource\Lib\Action\IndexAction.class.php on line 46 and defined C:\wnmp\wwwroot\nuomi\DataSource\Lib\Model\ClassInfoModel.class.php 第 22 行.
NOTIC: [8] Undefined variable: order C:\wnmp\wwwroot\nuomi\DataSource\Lib\Model\ClassInfoModel.class.php 第 33 行.
SQL: SELECT info.id,info.cid,cls.classname,info.n_title,info.n_img,info.n_url,info.sign,info.orderid  FROM `zx_tb_class` cls LEFT JOIN zx_tb_classinfo info ON  cls.id = info.cid WHERE cls.short_name='zx_hotwords_nuomi' AND cls.isdel=0 AND info.isdel=0 and info.isdisplay=1 AND info.itime<=NOW() AND info.offtime>NOW()  order by  info.sign desc,info.orderid desc,info.utime desc,id DESC  limit 0,100  [ RunTime:0.000617s ]
INFO: [ view_template ] --START--
INFO: Run LocationTemplate Behavior [ RunTime:0.001408s ]
INFO: [ view_template ] --END-- [ RunTime:0.001477s ]
INFO: [ view_parse ] --START--
NOTIC: [8] Undefined index: m_banner C:\wnmp\wwwroot\nuomi\DataSource\Runtime\Temp\9f529053051950a069732b98964695a605c1670d.file.banner.html.php 第 63 行.
NOTIC: [8] Trying to get property of non-object C:\wnmp\wwwroot\nuomi\DataSource\Runtime\Temp\9f529053051950a069732b98964695a605c1670d.file.banner.html.php 第 63 行.
INFO: Run ParseTemplate Behavior [ RunTime:0.040262s ]
INFO: [ view_parse ] --END-- [ RunTime:0.040336s ]
INFO: [ view_filter ] --START--
INFO: Run ContentReplace Behavior [ RunTime:0.001540s ]
INFO: Run TokenBuild Behavior [ RunTime:0.001085s ]
INFO: Run WriteHtmlCache Behavior [ RunTime:0.000957s ]
INFO: Run ShowRuntime Behavior [ RunTime:0.001209s ]
INFO: [ view_filter ] --END-- [ RunTime:0.004980s ]
INFO: [ view_end ] --START--
INFO: Run ShowPageTrace Behavior [ RunTime:0.001327s ]
INFO: [ view_end ] --END-- [ RunTime:0.001393s ]

[ 2016-11-06T17:55:26+08:00 ] /ajax/hotlist?page=2
INFO: [ route_check ] --START--
INFO: Run CheckRoute Behavior [ RunTime:0.002343s ]
INFO: [ route_check ] --END-- [ RunTime:0.002434s ]
INFO: [ app_begin ] --START--
INFO: Run ReadHtmlCache Behavior [ RunTime:0.001268s ]
INFO: [ app_begin ] --END-- [ RunTime:0.001333s ]
NOTIC: [8] Undefined index: length C:\wnmp\wwwroot\nuomi\DataSource\Lib\Action\AjaxAction.class.php 第 37 行.
NOTIC: [8] Undefined index: db_dsn C:\wnmp\wwwroot\nuomi\lib\ThinkPHP\Lib\Core\Db.class.php 第 129 行.
NOTIC: [8] Undefined index: db_params C:\wnmp\wwwroot\nuomi\lib\ThinkPHP\Lib\Core\Db.class.php 第 130 行.
SQL: SHOW COLUMNS FROM `zx_tb_matchs` [ RunTime:0.021004s ]
SQL:  select id,m_name,m_GameTime,m_untilTime,m_releaseTime,m_offineTime,m_city,m_Mtypes,m_ptype,m_sign,m_enterMode,m_placesleft,m_places,m_enterurl,m_state,m_img,m_order,m_country,m_area,m_signuptime,m_mtypes_class,m_des from zx_tb_matchs where  m_state = 0 and m_isshow=1 and m_releaseTime < NOW() and m_offineTime > NOW()  order by m_order desc,id desc limit 5,5  [ RunTime:0.000882s ]

[ 2016-11-06T17:55:38+08:00 ] /User
INFO: [ route_check ] --START--
INFO: Run CheckRoute Behavior [ RunTime:0.001384s ]
INFO: [ route_check ] --END-- [ RunTime:0.001459s ]
INFO: [ app_begin ] --START--
INFO: Run ReadHtmlCache Behavior [ RunTime:0.000927s ]
INFO: [ app_begin ] --END-- [ RunTime:0.000973s ]
NOTIC: [2048] Declaration of UserAction::success() should be compatible with that of Action::success() C:\wnmp\wwwroot\nuomi\DataSource\Lib\Action\UserAction.class.php 第 501 行.

[ 2016-11-06T17:55:38+08:00 ] /Account/login
INFO: [ route_check ] --START--
INFO: Run CheckRoute Behavior [ RunTime:0.000880s ]
INFO: [ route_check ] --END-- [ RunTime:0.000955s ]
INFO: [ app_begin ] --START--
INFO: Run ReadHtmlCache Behavior [ RunTime:0.001233s ]
INFO: [ app_begin ] --END-- [ RunTime:0.001318s ]
NOTIC: [8] Undefined index: type C:\wnmp\wwwroot\nuomi\DataSource\Lib\Action\AccountAction.class.php 第 47 行.
INFO: [ view_template ] --START--
INFO: Run LocationTemplate Behavior [ RunTime:0.001628s ]
INFO: [ view_template ] --END-- [ RunTime:0.001700s ]
INFO: [ view_parse ] --START--
INFO: Run ParseTemplate Behavior [ RunTime:0.020038s ]
INFO: [ view_parse ] --END-- [ RunTime:0.020097s ]
INFO: [ view_filter ] --START--
INFO: Run ContentReplace Behavior [ RunTime:0.001064s ]
INFO: Run TokenBuild Behavior [ RunTime:0.001037s ]
INFO: Run WriteHtmlCache Behavior [ RunTime:0.001304s ]
INFO: Run ShowRuntime Behavior [ RunTime:0.001052s ]
INFO: [ view_filter ] --END-- [ RunTime:0.004662s ]
INFO: [ view_end ] --START--
INFO: Run ShowPageTrace Behavior [ RunTime:0.002169s ]
INFO: [ view_end ] --END-- [ RunTime:0.002262s ]

[ 2016-11-06T17:55:50+08:00 ] /
INFO: [ app_begin ] --START--
INFO: Run ReadHtmlCache Behavior [ RunTime:0.002273s ]
INFO: [ app_begin ] --END-- [ RunTime:0.002425s ]
NOTIC: [8] Undefined index: match C:\wnmp\wwwroot\nuomi\DataSource\Lib\Action\IndexAction.class.php 第 25 行.
NOTIC: [8] Undefined index: platform C:\wnmp\wwwroot\nuomi\DataSource\Lib\Action\IndexAction.class.php 第 26 行.
NOTIC: [8] Undefined index: db_dsn C:\wnmp\wwwroot\nuomi\lib\ThinkPHP\Lib\Core\Db.class.php 第 129 行.
NOTIC: [8] Undefined index: db_params C:\wnmp\wwwroot\nuomi\lib\ThinkPHP\Lib\Core\Db.class.php 第 130 行.
SQL: SHOW COLUMNS FROM `zx_tb_matchs` [ RunTime:0.012572s ]
SQL:  select id,m_name,m_GameTime,m_untilTime,m_releaseTime,m_offineTime,m_city,m_Mtypes,m_ptype,m_sign,m_enterMode,m_placesleft,m_places,m_enterurl,m_state,m_img,m_order,m_country,m_area,m_signuptime,m_mtypes_class,m_des from zx_tb_matchs where  m_state = 0 and m_isshow=1 and m_releaseTime < NOW() and m_offineTime > NOW()  order by m_order desc,id desc limit 0,5  [ RunTime:0.001851s ]
SQL: SHOW COLUMNS FROM `zx_tb_classinfo` [ RunTime:0.006916s ]
NOTIC: [2] Missing argument 6 for ClassInfoModel::getContent(), called in C:\wnmp\wwwroot\nuomi\DataSource\Lib\Action\IndexAction.class.php on line 42 and defined C:\wnmp\wwwroot\nuomi\DataSource\Lib\Model\ClassInfoModel.class.php 第 22 行.
NOTIC: [8] Undefined variable: order C:\wnmp\wwwroot\nuomi\DataSource\Lib\Model\ClassInfoModel.class.php 第 33 行.
SQL: SELECT info.id,info.cid,cls.classname,info.n_title,info.n_img,info.n_url,info.sign,info.orderid  FROM `zx_tb_class` cls LEFT JOIN zx_tb_classinfo info ON  cls.id = info.cid WHERE cls.short_name='zx_banner_nuomi' AND cls.isdel=0 AND info.isdel=0 and info.isdisplay=1 AND info.itime<=NOW() AND info.offtime>NOW()  order by  info.sign desc,info.orderid desc,info.utime desc,id DESC  limit 0,10  [ RunTime:0.001103s ]
NOTIC: [2] Missing argument 6 for ClassInfoModel::getContent(), called in C:\wnmp\wwwroot\nuomi\DataSource\Lib\Action\IndexAction.class.php on line 46 and defined C:\wnmp\wwwroot\nuomi\DataSource\Lib\Model\ClassInfoModel.class.php 第 22 行.
NOTIC: [8] Undefined variable: order C:\wnmp\wwwroot\nuomi\DataSource\Lib\Model\ClassInfoModel.class.php 第 33 行.
SQL: SELECT info.id,info.cid,cls.classname,info.n_title,info.n_img,info.n_url,info.sign,info.orderid  FROM `zx_tb_class` cls LEFT JOIN zx_tb_classinfo info ON  cls.id = info.cid WHERE cls.short_name='zx_hotwords_nuomi' AND cls.isdel=0 AND info.isdel=0 and info.isdisplay=1 AND info.itime<=NOW() AND info.offtime>NOW()  order by  info.sign desc,info.orderid desc,info.utime desc,id DESC  limit 0,100  [ RunTime:0.001075s ]
INFO: [ view_template ] --START--
INFO: Run LocationTemplate Behavior [ RunTime:0.003680s ]
INFO: [ view_template ] --END-- [ RunTime:0.003848s ]
INFO: [ view_parse ] --START--
NOTIC: [8] Undefined index: m_banner C:\wnmp\wwwroot\nuomi\DataSource\Runtime\Temp\9f529053051950a069732b98964695a605c1670d.file.banner.html.php 第 63 行.
NOTIC: [8] Trying to get property of non-object C:\wnmp\wwwroot\nuomi\DataSource\Runtime\Temp\9f529053051950a069732b98964695a605c1670d.file.banner.html.php 第 63 行.
INFO: Run ParseTemplate Behavior [ RunTime:0.048448s ]
INFO: [ view_parse ] --END-- [ RunTime:0.048610s ]
INFO: [ view_filter ] --START--
INFO: Run ContentReplace Behavior [ RunTime:0.002903s ]
INFO: Run TokenBuild Behavior [ RunTime:0.002002s ]
INFO: Run WriteHtmlCache Behavior [ RunTime:0.001548s ]
INFO: Run ShowRuntime Behavior [ RunTime:0.002022s ]
INFO: [ view_filter ] --END-- [ RunTime:0.008831s ]
INFO: [ view_end ] --START--
INFO: Run ShowPageTrace Behavior [ RunTime:0.002186s ]
INFO: [ view_end ] --END-- [ RunTime:0.002306s ]

[ 2016-11-06T17:55:50+08:00 ] /ajax/hotlist?page=2
INFO: [ route_check ] --START--
INFO: Run CheckRoute Behavior [ RunTime:0.007120s ]
INFO: [ route_check ] --END-- [ RunTime:0.007236s ]
INFO: [ app_begin ] --START--
INFO: Run ReadHtmlCache Behavior [ RunTime:0.001334s ]
INFO: [ app_begin ] --END-- [ RunTime:0.001452s ]
NOTIC: [8] Undefined index: length C:\wnmp\wwwroot\nuomi\DataSource\Lib\Action\AjaxAction.class.php 第 37 行.
NOTIC: [8] Undefined index: db_dsn C:\wnmp\wwwroot\nuomi\lib\ThinkPHP\Lib\Core\Db.class.php 第 129 行.
NOTIC: [8] Undefined index: db_params C:\wnmp\wwwroot\nuomi\lib\ThinkPHP\Lib\Core\Db.class.php 第 130 行.
SQL: SHOW COLUMNS FROM `zx_tb_matchs` [ RunTime:0.006214s ]
SQL:  select id,m_name,m_GameTime,m_untilTime,m_releaseTime,m_offineTime,m_city,m_Mtypes,m_ptype,m_sign,m_enterMode,m_placesleft,m_places,m_enterurl,m_state,m_img,m_order,m_country,m_area,m_signuptime,m_mtypes_class,m_des from zx_tb_matchs where  m_state = 0 and m_isshow=1 and m_releaseTime < NOW() and m_offineTime > NOW()  order by m_order desc,id desc limit 5,5  [ RunTime:0.001623s ]

[ 2016-11-06T17:55:53+08:00 ] /User
INFO: [ route_check ] --START--
INFO: Run CheckRoute Behavior [ RunTime:0.001439s ]
INFO: [ route_check ] --END-- [ RunTime:0.001542s ]
INFO: [ app_begin ] --START--
INFO: Run ReadHtmlCache Behavior [ RunTime:0.000993s ]
INFO: [ app_begin ] --END-- [ RunTime:0.001062s ]
NOTIC: [2048] Declaration of UserAction::success() should be compatible with that of Action::success() C:\wnmp\wwwroot\nuomi\DataSource\Lib\Action\UserAction.class.php 第 501 行.

[ 2016-11-06T17:55:53+08:00 ] /Account/login
INFO: [ route_check ] --START--
INFO: Run CheckRoute Behavior [ RunTime:0.001229s ]
INFO: [ route_check ] --END-- [ RunTime:0.001330s ]
INFO: [ app_begin ] --START--
INFO: Run ReadHtmlCache Behavior [ RunTime:0.001026s ]
INFO: [ app_begin ] --END-- [ RunTime:0.001100s ]
NOTIC: [8] Undefined index: type C:\wnmp\wwwroot\nuomi\DataSource\Lib\Action\AccountAction.class.php 第 47 行.
INFO: [ view_template ] --START--
INFO: Run LocationTemplate Behavior [ RunTime:0.001923s ]
INFO: [ view_template ] --END-- [ RunTime:0.002200s ]
INFO: [ view_parse ] --START--
INFO: Run ParseTemplate Behavior [ RunTime:0.023874s ]
INFO: [ view_parse ] --END-- [ RunTime:0.023940s ]
INFO: [ view_filter ] --START--
INFO: Run ContentReplace Behavior [ RunTime:0.001085s ]
INFO: Run TokenBuild Behavior [ RunTime:0.000882s ]
INFO: Run WriteHtmlCache Behavior [ RunTime:0.000938s ]
INFO: Run ShowRuntime Behavior [ RunTime:0.001600s ]
INFO: [ view_filter ] --END-- [ RunTime:0.004695s ]
INFO: [ view_end ] --START--
INFO: Run ShowPageTrace Behavior [ RunTime:0.001106s ]
INFO: [ view_end ] --END-- [ RunTime:0.001160s ]

[ 2016-11-06T17:56:24+08:00 ] /
INFO: [ app_begin ] --START--
INFO: Run ReadHtmlCache Behavior [ RunTime:0.001054s ]
INFO: [ app_begin ] --END-- [ RunTime:0.001114s ]
NOTIC: [8] Undefined index: match C:\wnmp\wwwroot\nuomi\DataSource\Lib\Action\IndexAction.class.php 第 25 行.
NOTIC: [8] Undefined index: platform C:\wnmp\wwwroot\nuomi\DataSource\Lib\Action\IndexAction.class.php 第 26 行.
NOTIC: [8] Undefined index: db_dsn C:\wnmp\wwwroot\nuomi\lib\ThinkPHP\Lib\Core\Db.class.php 第 129 行.
NOTIC: [8] Undefined index: db_params C:\wnmp\wwwroot\nuomi\lib\ThinkPHP\Lib\Core\Db.class.php 第 130 行.
SQL: SHOW COLUMNS FROM `zx_tb_matchs` [ RunTime:0.004481s ]
SQL:  select id,m_name,m_GameTime,m_untilTime,m_releaseTime,m_offineTime,m_city,m_Mtypes,m_ptype,m_sign,m_enterMode,m_placesleft,m_places,m_enterurl,m_state,m_img,m_order,m_country,m_area,m_signuptime,m_mtypes_class,m_des from zx_tb_matchs where  m_state = 0 and m_isshow=1 and m_releaseTime < NOW() and m_offineTime > NOW()  order by m_order desc,id desc limit 0,5  [ RunTime:0.001434s ]
SQL: SHOW COLUMNS FROM `zx_tb_classinfo` [ RunTime:0.003715s ]
NOTIC: [2] Missing argument 6 for ClassInfoModel::getContent(), called in C:\wnmp\wwwroot\nuomi\DataSource\Lib\Action\IndexAction.class.php on line 42 and defined C:\wnmp\wwwroot\nuomi\DataSource\Lib\Model\ClassInfoModel.class.php 第 22 行.
NOTIC: [8] Undefined variable: order C:\wnmp\wwwroot\nuomi\DataSource\Lib\Model\ClassInfoModel.class.php 第 33 行.
SQL: SELECT info.id,info.cid,cls.classname,info.n_title,info.n_img,info.n_url,info.sign,info.orderid  FROM `zx_tb_class` cls LEFT JOIN zx_tb_classinfo info ON  cls.id = info.cid WHERE cls.short_name='zx_banner_nuomi' AND cls.isdel=0 AND info.isdel=0 and info.isdisplay=1 AND info.itime<=NOW() AND info.offtime>NOW()  order by  info.sign desc,info.orderid desc,info.utime desc,id DESC  limit 0,10  [ RunTime:0.000826s ]
NOTIC: [2] Missing argument 6 for ClassInfoModel::getContent(), called in C:\wnmp\wwwroot\nuomi\DataSource\Lib\Action\IndexAction.class.php on line 46 and defined C:\wnmp\wwwroot\nuomi\DataSource\Lib\Model\ClassInfoModel.class.php 第 22 行.
NOTIC: [8] Undefined variable: order C:\wnmp\wwwroot\nuomi\DataSource\Lib\Model\ClassInfoModel.class.php 第 33 行.
SQL: SELECT info.id,info.cid,cls.classname,info.n_title,info.n_img,info.n_url,info.sign,info.orderid  FROM `zx_tb_class` cls LEFT JOIN zx_tb_classinfo info ON  cls.id = info.cid WHERE cls.short_name='zx_hotwords_nuomi' AND cls.isdel=0 AND info.isdel=0 and info.isdisplay=1 AND info.itime<=NOW() AND info.offtime>NOW()  order by  info.sign desc,info.orderid desc,info.utime desc,id DESC  limit 0,100  [ RunTime:0.000493s ]
INFO: [ view_template ] --START--
INFO: Run LocationTemplate Behavior [ RunTime:0.001511s ]
INFO: [ view_template ] --END-- [ RunTime:0.001591s ]
INFO: [ view_parse ] --START--
NOTIC: [8] Undefined index: m_banner C:\wnmp\wwwroot\nuomi\DataSource\Runtime\Temp\9f529053051950a069732b98964695a605c1670d.file.banner.html.php 第 63 行.
NOTIC: [8] Trying to get property of non-object C:\wnmp\wwwroot\nuomi\DataSource\Runtime\Temp\9f529053051950a069732b98964695a605c1670d.file.banner.html.php 第 63 行.
INFO: Run ParseTemplate Behavior [ RunTime:0.022741s ]
INFO: [ view_parse ] --END-- [ RunTime:0.022796s ]
INFO: [ view_filter ] --START--
INFO: Run ContentReplace Behavior [ RunTime:0.001294s ]
INFO: Run TokenBuild Behavior [ RunTime:0.001046s ]
INFO: Run WriteHtmlCache Behavior [ RunTime:0.000889s ]
INFO: Run ShowRuntime Behavior [ RunTime:0.001261s ]
INFO: [ view_filter ] --END-- [ RunTime:0.004644s ]
INFO: [ view_end ] --START--
INFO: Run ShowPageTrace Behavior [ RunTime:0.001163s ]
INFO: [ view_end ] --END-- [ RunTime:0.001219s ]

[ 2016-11-06T17:56:56+08:00 ] /
INFO: [ app_begin ] --START--
INFO: Run ReadHtmlCache Behavior [ RunTime:0.003023s ]
INFO: [ app_begin ] --END-- [ RunTime:0.003199s ]
NOTIC: [8] Undefined index: match C:\wnmp\wwwroot\nuomi\DataSource\Lib\Action\IndexAction.class.php 第 25 行.
NOTIC: [8] Undefined index: platform C:\wnmp\wwwroot\nuomi\DataSource\Lib\Action\IndexAction.class.php 第 26 行.
NOTIC: [8] Undefined index: db_dsn C:\wnmp\wwwroot\nuomi\lib\ThinkPHP\Lib\Core\Db.class.php 第 129 行.
NOTIC: [8] Undefined index: db_params C:\wnmp\wwwroot\nuomi\lib\ThinkPHP\Lib\Core\Db.class.php 第 130 行.
SQL: SHOW COLUMNS FROM `zx_tb_matchs` [ RunTime:0.010530s ]
SQL:  select id,m_name,m_GameTime,m_untilTime,m_releaseTime,m_offineTime,m_city,m_Mtypes,m_ptype,m_sign,m_enterMode,m_placesleft,m_places,m_enterurl,m_state,m_img,m_order,m_country,m_area,m_signuptime,m_mtypes_class,m_des from zx_tb_matchs where  m_state = 0 and m_isshow=1 and m_releaseTime < NOW() and m_offineTime > NOW()  order by m_order desc,id desc limit 0,5  [ RunTime:0.000888s ]
SQL: SHOW COLUMNS FROM `zx_tb_classinfo` [ RunTime:0.004036s ]
NOTIC: [2] Missing argument 6 for ClassInfoModel::getContent(), called in C:\wnmp\wwwroot\nuomi\DataSource\Lib\Action\IndexAction.class.php on line 42 and defined C:\wnmp\wwwroot\nuomi\DataSource\Lib\Model\ClassInfoModel.class.php 第 22 行.
NOTIC: [8] Undefined variable: order C:\wnmp\wwwroot\nuomi\DataSource\Lib\Model\ClassInfoModel.class.php 第 33 行.
SQL: SELECT info.id,info.cid,cls.classname,info.n_title,info.n_img,info.n_url,info.sign,info.orderid  FROM `zx_tb_class` cls LEFT JOIN zx_tb_classinfo info ON  cls.id = info.cid WHERE cls.short_name='zx_banner_nuomi' AND cls.isdel=0 AND info.isdel=0 and info.isdisplay=1 AND info.itime<=NOW() AND info.offtime>NOW()  order by  info.sign desc,info.orderid desc,info.utime desc,id DESC  limit 0,10  [ RunTime:0.000701s ]
NOTIC: [2] Missing argument 6 for ClassInfoModel::getContent(), called in C:\wnmp\wwwroot\nuomi\DataSource\Lib\Action\IndexAction.class.php on line 46 and defined C:\wnmp\wwwroot\nuomi\DataSource\Lib\Model\ClassInfoModel.class.php 第 22 行.
NOTIC: [8] Undefined variable: order C:\wnmp\wwwroot\nuomi\DataSource\Lib\Model\ClassInfoModel.class.php 第 33 行.
SQL: SELECT info.id,info.cid,cls.classname,info.n_title,info.n_img,info.n_url,info.sign,info.orderid  FROM `zx_tb_class` cls LEFT JOIN zx_tb_classinfo info ON  cls.id = info.cid WHERE cls.short_name='zx_hotwords_nuomi' AND cls.isdel=0 AND info.isdel=0 and info.isdisplay=1 AND info.itime<=NOW() AND info.offtime>NOW()  order by  info.sign desc,info.orderid desc,info.utime desc,id DESC  limit 0,100  [ RunTime:0.000665s ]
INFO: [ view_template ] --START--
INFO: Run LocationTemplate Behavior [ RunTime:0.001835s ]
INFO: [ view_template ] --END-- [ RunTime:0.001911s ]
INFO: [ view_parse ] --START--
NOTIC: [8] Undefined index: m_banner C:\wnmp\wwwroot\nuomi\DataSource\Runtime\Temp\9f529053051950a069732b98964695a605c1670d.file.banner.html.php 第 63 行.
NOTIC: [8] Trying to get property of non-object C:\wnmp\wwwroot\nuomi\DataSource\Runtime\Temp\9f529053051950a069732b98964695a605c1670d.file.banner.html.php 第 63 行.
INFO: Run ParseTemplate Behavior [ RunTime:0.026382s ]
INFO: [ view_parse ] --END-- [ RunTime:0.026441s ]
INFO: [ view_filter ] --START--
INFO: Run ContentReplace Behavior [ RunTime:0.001461s ]
INFO: Run TokenBuild Behavior [ RunTime:0.001118s ]
INFO: Run WriteHtmlCache Behavior [ RunTime:0.001007s ]
INFO: Run ShowRuntime Behavior [ RunTime:0.001218s ]
INFO: [ view_filter ] --END-- [ RunTime:0.005003s ]
INFO: [ view_end ] --START--
INFO: Run ShowPageTrace Behavior [ RunTime:0.001472s ]
INFO: [ view_end ] --END-- [ RunTime:0.001615s ]

[ 2016-11-06T17:56:57+08:00 ] /User
INFO: [ route_check ] --START--
INFO: Run CheckRoute Behavior [ RunTime:0.001489s ]
INFO: [ route_check ] --END-- [ RunTime:0.001567s ]
INFO: [ app_begin ] --START--
INFO: Run ReadHtmlCache Behavior [ RunTime:0.002685s ]
INFO: [ app_begin ] --END-- [ RunTime:0.002812s ]
NOTIC: [2048] Declaration of UserAction::success() should be compatible with that of Action::success() C:\wnmp\wwwroot\nuomi\DataSource\Lib\Action\UserAction.class.php 第 501 行.

[ 2016-11-06T17:56:58+08:00 ] /Account/login
INFO: [ route_check ] --START--
INFO: Run CheckRoute Behavior [ RunTime:0.001321s ]
INFO: [ route_check ] --END-- [ RunTime:0.001789s ]
INFO: [ app_begin ] --START--
INFO: Run ReadHtmlCache Behavior [ RunTime:0.001238s ]
INFO: [ app_begin ] --END-- [ RunTime:0.001324s ]
NOTIC: [8] Undefined index: type C:\wnmp\wwwroot\nuomi\DataSource\Lib\Action\AccountAction.class.php 第 47 行.
INFO: [ view_template ] --START--
INFO: Run LocationTemplate Behavior [ RunTime:0.001679s ]
INFO: [ view_template ] --END-- [ RunTime:0.001775s ]
INFO: [ view_parse ] --START--
INFO: Run ParseTemplate Behavior [ RunTime:0.093501s ]
INFO: [ view_parse ] --END-- [ RunTime:0.093591s ]
INFO: [ view_filter ] --START--
INFO: Run ContentReplace Behavior [ RunTime:0.002535s ]
INFO: Run TokenBuild Behavior [ RunTime:0.001015s ]
INFO: Run WriteHtmlCache Behavior [ RunTime:0.000602s ]
INFO: Run ShowRuntime Behavior [ RunTime:0.000742s ]
INFO: [ view_filter ] --END-- [ RunTime:0.005095s ]
INFO: [ view_end ] --START--
INFO: Run ShowPageTrace Behavior [ RunTime:0.000876s ]
INFO: [ view_end ] --END-- [ RunTime:0.000929s ]

[ 2016-11-06T17:57:00+08:00 ] /Account/test?token=45c87026d9e2bea5ac80f5ece364bb7d
INFO: [ route_check ] --START--
INFO: Run CheckRoute Behavior [ RunTime:0.001015s ]
INFO: [ route_check ] --END-- [ RunTime:0.001130s ]
INFO: [ app_begin ] --START--
INFO: Run ReadHtmlCache Behavior [ RunTime:0.000726s ]
INFO: [ app_begin ] --END-- [ RunTime:0.000780s ]
NOTIC: [8] Use of undefined constant MODE_NAME - assumed 'MODE_NAME' C:\wnmp\wwwroot\nuomi\DataSource\Common\common.php 第 61 行.
NOTIC: [8] Undefined index: db_dsn C:\wnmp\wwwroot\nuomi\lib\ThinkPHP\Lib\Core\Db.class.php 第 129 行.
NOTIC: [8] Undefined index: db_params C:\wnmp\wwwroot\nuomi\lib\ThinkPHP\Lib\Core\Db.class.php 第 130 行.
SQL: SHOW COLUMNS FROM `zx_tb_user` [ RunTime:0.030213s ]
SQL: SELECT * FROM `zx_tb_user` WHERE ( phone='13522354197' ) LIMIT 1   [ RunTime:0.028872s ]
NOTIC: [8] Undefined variable: ac C:\wnmp\wwwroot\nuomi\DataSource\Lib\Model\NuomiUsersModel.class.php 第 25 行.

[ 2016-11-06T17:57:00+08:00 ] /User
INFO: [ route_check ] --START--
INFO: Run CheckRoute Behavior [ RunTime:0.001569s ]
INFO: [ route_check ] --END-- [ RunTime:0.001730s ]
INFO: [ app_begin ] --START--
INFO: Run ReadHtmlCache Behavior [ RunTime:0.001104s ]
INFO: [ app_begin ] --END-- [ RunTime:0.001171s ]
NOTIC: [2048] Declaration of UserAction::success() should be compatible with that of Action::success() C:\wnmp\wwwroot\nuomi\DataSource\Lib\Action\UserAction.class.php 第 501 行.
INFO: Run AuthCheck Behavior [ RunTime:0.001603s ]
NOTIC: [8] Undefined index: db_dsn C:\wnmp\wwwroot\nuomi\lib\ThinkPHP\Lib\Core\Db.class.php 第 129 行.
NOTIC: [8] Undefined index: db_params C:\wnmp\wwwroot\nuomi\lib\ThinkPHP\Lib\Core\Db.class.php 第 130 行.
SQL: SHOW COLUMNS FROM `zx_tb_user` [ RunTime:0.003394s ]
SQL: SELECT * FROM `zx_tb_user` WHERE ( id=44 ) LIMIT 1   [ RunTime:0.000253s ]
SQL: SHOW COLUMNS FROM `zx_tb_orders` [ RunTime:0.028832s ]
SQL: SELECT COUNT(*) AS tp_count FROM `zx_tb_orders` WHERE ( `uid` = 44 ) AND ( `paystats` = 5 ) AND ( `pay_deadline` > '2016-11-06 17:57:00' ) LIMIT 1   [ RunTime:0.004804s ]
INFO: [ view_template ] --START--
INFO: Run LocationTemplate Behavior [ RunTime:0.012956s ]
INFO: [ view_template ] --END-- [ RunTime:0.013036s ]
INFO: [ view_parse ] --START--
INFO: Run ParseTemplate Behavior [ RunTime:0.021677s ]
INFO: [ view_parse ] --END-- [ RunTime:0.021739s ]
INFO: [ view_filter ] --START--
INFO: Run ContentReplace Behavior [ RunTime:0.000970s ]
INFO: Run TokenBuild Behavior [ RunTime:0.000854s ]
INFO: Run WriteHtmlCache Behavior [ RunTime:0.000721s ]
INFO: Run ShowRuntime Behavior [ RunTime:0.000926s ]
INFO: [ view_filter ] --END-- [ RunTime:0.003628s ]
INFO: [ view_end ] --START--
INFO: Run ShowPageTrace Behavior [ RunTime:0.001423s ]
INFO: [ view_end ] --END-- [ RunTime:0.001487s ]

[ 2016-11-06T17:57:03+08:00 ] /User/order
INFO: [ route_check ] --START--
INFO: Run CheckRoute Behavior [ RunTime:0.002466s ]
INFO: [ route_check ] --END-- [ RunTime:0.002627s ]
INFO: [ app_begin ] --START--
INFO: Run ReadHtmlCache Behavior [ RunTime:0.001946s ]
INFO: [ app_begin ] --END-- [ RunTime:0.002069s ]
NOTIC: [2048] Declaration of UserAction::success() should be compatible with that of Action::success() C:\wnmp\wwwroot\nuomi\DataSource\Lib\Action\UserAction.class.php 第 501 行.
INFO: Run AuthCheck Behavior [ RunTime:0.003172s ]
NOTIC: [8] Undefined index: db_dsn C:\wnmp\wwwroot\nuomi\lib\ThinkPHP\Lib\Core\Db.class.php 第 129 行.
NOTIC: [8] Undefined index: db_params C:\wnmp\wwwroot\nuomi\lib\ThinkPHP\Lib\Core\Db.class.php 第 130 行.
SQL: SHOW COLUMNS FROM `zx_tb_orders` [ RunTime:0.007382s ]
SQL: SELECT o.orderid,o.pay_deadline,m.m_untilTime,m.m_offineTime,m.m_state,m.m_placesleft,m.m_icon,m.m_name,m.m_img,m.id as mid,o.payprice,o.discount,o.paystats,m.m_GameTime FROM `zx_tb_orders` o LEFT JOIN `zx_tb_matchs` m ON o.matchid= m.id WHERE o.uid = 44 and o.paystats>=0 order by o.ctime desc [ RunTime:0.030239s ]
SQL: SHOW COLUMNS FROM `zx_tb_orderinfo` [ RunTime:0.009635s ]
SQL: SELECT a.id,a.orderid,a.type,g.g_name FROM zx_tb_orderinfo a  LEFT JOIN zx_tb_goods g ON a.goodsid = g.id WHERE a.orderid = '275161104112615044480' [ RunTime:0.017222s ]
SQL: SELECT a.id,a.orderid,a.type,g.g_name FROM zx_tb_orderinfo a  LEFT JOIN zx_tb_goods g ON a.goodsid = g.id WHERE a.orderid = '085161102185129044372' [ RunTime:0.001459s ]
SQL: SELECT a.id,a.orderid,a.type,g.g_name FROM zx_tb_orderinfo a  LEFT JOIN zx_tb_goods g ON a.goodsid = g.id WHERE a.orderid = '143161102170524044358' [ RunTime:0.001039s ]
SQL: SELECT a.id,a.orderid,a.type,g.g_name FROM zx_tb_orderinfo a  LEFT JOIN zx_tb_goods g ON a.goodsid = g.id WHERE a.orderid = '225161102155246044222' [ RunTime:0.001292s ]
SQL: SELECT a.id,a.orderid,a.type,g.g_name FROM zx_tb_orderinfo a  LEFT JOIN zx_tb_goods g ON a.goodsid = g.id WHERE a.orderid = '343161102111121044824' [ RunTime:0.001010s ]
SQL: SELECT a.id,a.orderid,a.type,g.g_name FROM zx_tb_orderinfo a  LEFT JOIN zx_tb_goods g ON a.goodsid = g.id WHERE a.orderid = '315161021120916044448' [ RunTime:0.003450s ]
SQL: SELECT a.id,a.orderid,a.type,g.g_name FROM zx_tb_orderinfo a  LEFT JOIN zx_tb_goods g ON a.goodsid = g.id WHERE a.orderid = '315161021113106044452' [ RunTime:0.000782s ]
SQL: SELECT a.id,a.orderid,a.type,g.g_name FROM zx_tb_orderinfo a  LEFT JOIN zx_tb_goods g ON a.goodsid = g.id WHERE a.orderid = '315161020105220044961' [ RunTime:0.000606s ]
SQL: SELECT a.id,a.orderid,a.type,g.g_name FROM zx_tb_orderinfo a  LEFT JOIN zx_tb_goods g ON a.goodsid = g.id WHERE a.orderid = '315161019152912044537' [ RunTime:0.000617s ]
SQL: SELECT a.id,a.orderid,a.type,g.g_name FROM zx_tb_orderinfo a  LEFT JOIN zx_tb_goods g ON a.goodsid = g.id WHERE a.orderid = '235161019144819044990' [ RunTime:0.001478s ]
SQL: SELECT a.id,a.orderid,a.type,g.g_name FROM zx_tb_orderinfo a  LEFT JOIN zx_tb_goods g ON a.goodsid = g.id WHERE a.orderid = '315161019105438044225' [ RunTime:0.000507s ]
SQL: SELECT a.id,a.orderid,a.type,g.g_name FROM zx_tb_orderinfo a  LEFT JOIN zx_tb_goods g ON a.goodsid = g.id WHERE a.orderid = '071161011171025044633' [ RunTime:0.000626s ]
SQL: SELECT a.id,a.orderid,a.type,g.g_name FROM zx_tb_orderinfo a  LEFT JOIN zx_tb_goods g ON a.goodsid = g.id WHERE a.orderid = '235161010065450044592' [ RunTime:0.000463s ]
SQL: SELECT a.id,a.orderid,a.type,g.g_name FROM zx_tb_orderinfo a  LEFT JOIN zx_tb_goods g ON a.goodsid = g.id WHERE a.orderid = '301161010065312044177' [ RunTime:0.000590s ]
SQL: SELECT a.id,a.orderid,a.type,g.g_name FROM zx_tb_orderinfo a  LEFT JOIN zx_tb_goods g ON a.goodsid = g.id WHERE a.orderid = '301161010065001044573' [ RunTime:0.000665s ]
SQL: SELECT a.id,a.orderid,a.type,g.g_name FROM zx_tb_orderinfo a  LEFT JOIN zx_tb_goods g ON a.goodsid = g.id WHERE a.orderid = '301161010064544044721' [ RunTime:0.000566s ]
SQL: SELECT a.id,a.orderid,a.type,g.g_name FROM zx_tb_orderinfo a  LEFT JOIN zx_tb_goods g ON a.goodsid = g.id WHERE a.orderid = '301161010063840044594' [ RunTime:0.000568s ]
SQL: SELECT a.id,a.orderid,a.type,g.g_name FROM zx_tb_orderinfo a  LEFT JOIN zx_tb_goods g ON a.goodsid = g.id WHERE a.orderid = '287160928191658044679' [ RunTime:0.001652s ]
SQL: SELECT a.id,a.orderid,a.type,g.g_name FROM zx_tb_orderinfo a  LEFT JOIN zx_tb_goods g ON a.goodsid = g.id WHERE a.orderid = '237160915001953044605' [ RunTime:0.002047s ]
SQL: SELECT a.id,a.orderid,a.type,g.g_name FROM zx_tb_orderinfo a  LEFT JOIN zx_tb_goods g ON a.goodsid = g.id WHERE a.orderid = '235160913153328044529' [ RunTime:0.000921s ]
SQL: SELECT a.id,a.orderid,a.type,g.g_name FROM zx_tb_orderinfo a  LEFT JOIN zx_tb_goods g ON a.goodsid = g.id WHERE a.orderid = '071160907094416044864' [ RunTime:0.001463s ]
SQL: SELECT a.id,a.orderid,a.type,g.g_name FROM zx_tb_orderinfo a  LEFT JOIN zx_tb_goods g ON a.goodsid = g.id WHERE a.orderid = '069160824152958044866' [ RunTime:0.001451s ]
SQL: SELECT a.id,a.orderid,a.type,g.g_name FROM zx_tb_orderinfo a  LEFT JOIN zx_tb_goods g ON a.goodsid = g.id WHERE a.orderid = '143160824140914044182' [ RunTime:0.002207s ]
SQL: SELECT a.id,a.orderid,a.type,g.g_name FROM zx_tb_orderinfo a  LEFT JOIN zx_tb_goods g ON a.goodsid = g.id WHERE a.orderid = '156160819164514044989' [ RunTime:0.001071s ]
SQL: SELECT a.id,a.orderid,a.type,g.g_name FROM zx_tb_orderinfo a  LEFT JOIN zx_tb_goods g ON a.goodsid = g.id WHERE a.orderid = '161160802131247044194' [ RunTime:0.001038s ]
SQL: SELECT a.id,a.orderid,a.type,g.g_name FROM zx_tb_orderinfo a  LEFT JOIN zx_tb_goods g ON a.goodsid = g.id WHERE a.orderid = '117160725203917044543' [ RunTime:0.001174s ]
SQL: SELECT a.id,a.orderid,a.type,g.g_name FROM zx_tb_orderinfo a  LEFT JOIN zx_tb_goods g ON a.goodsid = g.id WHERE a.orderid = '013160628191802044284' [ RunTime:0.001182s ]
SQL: SELECT a.id,a.orderid,a.type,g.g_name FROM zx_tb_orderinfo a  LEFT JOIN zx_tb_goods g ON a.goodsid = g.id WHERE a.orderid = '012160628183820044439' [ RunTime:0.000931s ]
INFO: [ view_template ] --START--
INFO: Run LocationTemplate Behavior [ RunTime:0.015594s ]
INFO: [ view_template ] --END-- [ RunTime:0.015761s ]
INFO: [ view_parse ] --START--
INFO: Run ParseTemplate Behavior [ RunTime:0.211442s ]
INFO: [ view_parse ] --END-- [ RunTime:0.211527s ]
INFO: [ view_filter ] --START--
INFO: Run ContentReplace Behavior [ RunTime:0.001371s ]
INFO: Run TokenBuild Behavior [ RunTime:0.000698s ]
INFO: Run WriteHtmlCache Behavior [ RunTime:0.000587s ]
INFO: Run ShowRuntime Behavior [ RunTime:0.000855s ]
INFO: [ view_filter ] --END-- [ RunTime:0.003681s ]
INFO: [ view_end ] --START--
INFO: Run ShowPageTrace Behavior [ RunTime:0.001043s ]
INFO: [ view_end ] --END-- [ RunTime:0.001129s ]

[ 2016-11-06T17:57:03+08:00 ] /Ajax/userorderlist
INFO: [ route_check ] --START--
INFO: Run CheckRoute Behavior [ RunTime:0.000648s ]
INFO: [ route_check ] --END-- [ RunTime:0.000712s ]
INFO: [ app_begin ] --START--
INFO: Run ReadHtmlCache Behavior [ RunTime:0.000810s ]
INFO: [ app_begin ] --END-- [ RunTime:0.000859s ]
NOTIC: [8] Undefined index: db_dsn C:\wnmp\wwwroot\nuomi\lib\ThinkPHP\Lib\Core\Db.class.php 第 129 行.
NOTIC: [8] Undefined index: db_params C:\wnmp\wwwroot\nuomi\lib\ThinkPHP\Lib\Core\Db.class.php 第 130 行.
SQL: SHOW COLUMNS FROM `zx_tb_orders` [ RunTime:0.017869s ]
SQL: SELECT o.orderid,o.pay_deadline,m.m_untilTime,m.m_offineTime,m.m_state,m.m_placesleft,m.m_icon,m.m_name,m.m_img,m.id as mid,o.payprice,o.discount,o.paystats,m.m_GameTime FROM `zx_tb_orders` o LEFT JOIN `zx_tb_matchs` m ON o.matchid= m.id WHERE o.uid = 44 and o.paystats>=0 order by o.ctime desc [ RunTime:0.001256s ]
SQL: SHOW COLUMNS FROM `zx_tb_orderinfo` [ RunTime:0.003117s ]
SQL: SELECT a.id,a.orderid,a.type,g.g_name FROM zx_tb_orderinfo a  LEFT JOIN zx_tb_goods g ON a.goodsid = g.id WHERE a.orderid = '275161104112615044480' [ RunTime:0.000455s ]
SQL: SELECT a.id,a.orderid,a.type,g.g_name FROM zx_tb_orderinfo a  LEFT JOIN zx_tb_goods g ON a.goodsid = g.id WHERE a.orderid = '085161102185129044372' [ RunTime:0.000400s ]
SQL: SELECT a.id,a.orderid,a.type,g.g_name FROM zx_tb_orderinfo a  LEFT JOIN zx_tb_goods g ON a.goodsid = g.id WHERE a.orderid = '143161102170524044358' [ RunTime:0.000284s ]
SQL: SELECT a.id,a.orderid,a.type,g.g_name FROM zx_tb_orderinfo a  LEFT JOIN zx_tb_goods g ON a.goodsid = g.id WHERE a.orderid = '225161102155246044222' [ RunTime:0.000328s ]
SQL: SELECT a.id,a.orderid,a.type,g.g_name FROM zx_tb_orderinfo a  LEFT JOIN zx_tb_goods g ON a.goodsid = g.id WHERE a.orderid = '343161102111121044824' [ RunTime:0.000415s ]
SQL: SELECT a.id,a.orderid,a.type,g.g_name FROM zx_tb_orderinfo a  LEFT JOIN zx_tb_goods g ON a.goodsid = g.id WHERE a.orderid = '315161021120916044448' [ RunTime:0.000340s ]
SQL: SELECT a.id,a.orderid,a.type,g.g_name FROM zx_tb_orderinfo a  LEFT JOIN zx_tb_goods g ON a.goodsid = g.id WHERE a.orderid = '315161021113106044452' [ RunTime:0.000490s ]
SQL: SELECT a.id,a.orderid,a.type,g.g_name FROM zx_tb_orderinfo a  LEFT JOIN zx_tb_goods g ON a.goodsid = g.id WHERE a.orderid = '315161020105220044961' [ RunTime:0.000445s ]
SQL: SELECT a.id,a.orderid,a.type,g.g_name FROM zx_tb_orderinfo a  LEFT JOIN zx_tb_goods g ON a.goodsid = g.id WHERE a.orderid = '315161019152912044537' [ RunTime:0.000462s ]
SQL: SELECT a.id,a.orderid,a.type,g.g_name FROM zx_tb_orderinfo a  LEFT JOIN zx_tb_goods g ON a.goodsid = g.id WHERE a.orderid = '235161019144819044990' [ RunTime:0.000753s ]
SQL: SELECT a.id,a.orderid,a.type,g.g_name FROM zx_tb_orderinfo a  LEFT JOIN zx_tb_goods g ON a.goodsid = g.id WHERE a.orderid = '315161019105438044225' [ RunTime:0.000373s ]
SQL: SELECT a.id,a.orderid,a.type,g.g_name FROM zx_tb_orderinfo a  LEFT JOIN zx_tb_goods g ON a.goodsid = g.id WHERE a.orderid = '071161011171025044633' [ RunTime:0.000322s ]
SQL: SELECT a.id,a.orderid,a.type,g.g_name FROM zx_tb_orderinfo a  LEFT JOIN zx_tb_goods g ON a.goodsid = g.id WHERE a.orderid = '235161010065450044592' [ RunTime:0.000389s ]
SQL: SELECT a.id,a.orderid,a.type,g.g_name FROM zx_tb_orderinfo a  LEFT JOIN zx_tb_goods g ON a.goodsid = g.id WHERE a.orderid = '301161010065312044177' [ RunTime:0.000368s ]
SQL: SELECT a.id,a.orderid,a.type,g.g_name FROM zx_tb_orderinfo a  LEFT JOIN zx_tb_goods g ON a.goodsid = g.id WHERE a.orderid = '301161010065001044573' [ RunTime:0.000335s ]
SQL: SELECT a.id,a.orderid,a.type,g.g_name FROM zx_tb_orderinfo a  LEFT JOIN zx_tb_goods g ON a.goodsid = g.id WHERE a.orderid = '301161010064544044721' [ RunTime:0.000371s ]
SQL: SELECT a.id,a.orderid,a.type,g.g_name FROM zx_tb_orderinfo a  LEFT JOIN zx_tb_goods g ON a.goodsid = g.id WHERE a.orderid = '301161010063840044594' [ RunTime:0.000391s ]
SQL: SELECT a.id,a.orderid,a.type,g.g_name FROM zx_tb_orderinfo a  LEFT JOIN zx_tb_goods g ON a.goodsid = g.id WHERE a.orderid = '287160928191658044679' [ RunTime:0.000328s ]
SQL: SELECT a.id,a.orderid,a.type,g.g_name FROM zx_tb_orderinfo a  LEFT JOIN zx_tb_goods g ON a.goodsid = g.id WHERE a.orderid = '237160915001953044605' [ RunTime:0.000353s ]
SQL: SELECT a.id,a.orderid,a.type,g.g_name FROM zx_tb_orderinfo a  LEFT JOIN zx_tb_goods g ON a.goodsid = g.id WHERE a.orderid = '235160913153328044529' [ RunTime:0.000386s ]
SQL: SELECT a.id,a.orderid,a.type,g.g_name FROM zx_tb_orderinfo a  LEFT JOIN zx_tb_goods g ON a.goodsid = g.id WHERE a.orderid = '071160907094416044864' [ RunTime:0.000406s ]
SQL: SELECT a.id,a.orderid,a.type,g.g_name FROM zx_tb_orderinfo a  LEFT JOIN zx_tb_goods g ON a.goodsid = g.id WHERE a.orderid = '069160824152958044866' [ RunTime:0.000388s ]
SQL: SELECT a.id,a.orderid,a.type,g.g_name FROM zx_tb_orderinfo a  LEFT JOIN zx_tb_goods g ON a.goodsid = g.id WHERE a.orderid = '143160824140914044182' [ RunTime:0.000345s ]
SQL: SELECT a.id,a.orderid,a.type,g.g_name FROM zx_tb_orderinfo a  LEFT JOIN zx_tb_goods g ON a.goodsid = g.id WHERE a.orderid = '156160819164514044989' [ RunTime:0.000394s ]
SQL: SELECT a.id,a.orderid,a.type,g.g_name FROM zx_tb_orderinfo a  LEFT JOIN zx_tb_goods g ON a.goodsid = g.id WHERE a.orderid = '161160802131247044194' [ RunTime:0.000354s ]
SQL: SELECT a.id,a.orderid,a.type,g.g_name FROM zx_tb_orderinfo a  LEFT JOIN zx_tb_goods g ON a.goodsid = g.id WHERE a.orderid = '117160725203917044543' [ RunTime:0.000393s ]
SQL: SELECT a.id,a.orderid,a.type,g.g_name FROM zx_tb_orderinfo a  LEFT JOIN zx_tb_goods g ON a.goodsid = g.id WHERE a.orderid = '013160628191802044284' [ RunTime:0.000399s ]
SQL: SELECT a.id,a.orderid,a.type,g.g_name FROM zx_tb_orderinfo a  LEFT JOIN zx_tb_goods g ON a.goodsid = g.id WHERE a.orderid = '012160628183820044439' [ RunTime:0.000390s ]

[ 2016-11-06T17:57:10+08:00 ] /User
INFO: [ route_check ] --START--
INFO: Run CheckRoute Behavior [ RunTime:0.000905s ]
INFO: [ route_check ] --END-- [ RunTime:0.000972s ]
INFO: [ app_begin ] --START--
INFO: Run ReadHtmlCache Behavior [ RunTime:0.000773s ]
INFO: [ app_begin ] --END-- [ RunTime:0.000839s ]
NOTIC: [2048] Declaration of UserAction::success() should be compatible with that of Action::success() C:\wnmp\wwwroot\nuomi\DataSource\Lib\Action\UserAction.class.php 第 501 行.
INFO: Run AuthCheck Behavior [ RunTime:0.000936s ]
NOTIC: [8] Undefined index: db_dsn C:\wnmp\wwwroot\nuomi\lib\ThinkPHP\Lib\Core\Db.class.php 第 129 行.
NOTIC: [8] Undefined index: db_params C:\wnmp\wwwroot\nuomi\lib\ThinkPHP\Lib\Core\Db.class.php 第 130 行.
SQL: SHOW COLUMNS FROM `zx_tb_user` [ RunTime:0.003349s ]
SQL: SELECT * FROM `zx_tb_user` WHERE ( id=44 ) LIMIT 1   [ RunTime:0.000317s ]
SQL: SHOW COLUMNS FROM `zx_tb_orders` [ RunTime:0.004781s ]
SQL: SELECT COUNT(*) AS tp_count FROM `zx_tb_orders` WHERE ( `uid` = 44 ) AND ( `paystats` = 5 ) AND ( `pay_deadline` > '2016-11-06 17:57:10' ) LIMIT 1   [ RunTime:0.000521s ]
INFO: [ view_template ] --START--
INFO: Run LocationTemplate Behavior [ RunTime:0.001132s ]
INFO: [ view_template ] --END-- [ RunTime:0.001189s ]
INFO: [ view_parse ] --START--
INFO: Run ParseTemplate Behavior [ RunTime:0.020868s ]
INFO: [ view_parse ] --END-- [ RunTime:0.020931s ]
INFO: [ view_filter ] --START--
INFO: Run ContentReplace Behavior [ RunTime:0.000868s ]
INFO: Run TokenBuild Behavior [ RunTime:0.000802s ]
INFO: Run WriteHtmlCache Behavior [ RunTime:0.000690s ]
INFO: Run ShowRuntime Behavior [ RunTime:0.000734s ]
INFO: [ view_filter ] --END-- [ RunTime:0.003243s ]
INFO: [ view_end ] --START--
INFO: Run ShowPageTrace Behavior [ RunTime:0.000980s ]
INFO: [ view_end ] --END-- [ RunTime:0.001031s ]

[ 2016-11-06T17:57:12+08:00 ] /User/feedback
INFO: [ route_check ] --START--
INFO: Run CheckRoute Behavior [ RunTime:0.001467s ]
INFO: [ route_check ] --END-- [ RunTime:0.001609s ]
INFO: [ app_begin ] --START--
INFO: Run ReadHtmlCache Behavior [ RunTime:0.001002s ]
INFO: [ app_begin ] --END-- [ RunTime:0.001111s ]
NOTIC: [2048] Declaration of UserAction::success() should be compatible with that of Action::success() C:\wnmp\wwwroot\nuomi\DataSource\Lib\Action\UserAction.class.php 第 501 行.
INFO: Run AuthCheck Behavior [ RunTime:0.005075s ]
INFO: [ view_template ] --START--
INFO: Run LocationTemplate Behavior [ RunTime:0.001122s ]
INFO: [ view_template ] --END-- [ RunTime:0.001221s ]
INFO: [ view_parse ] --START--
NOTIC: [8] Undefined index: error C:\wnmp\wwwroot\nuomi\DataSource\Runtime\Temp\c0e6b437e1437f09aab5f7104871ab869ad90d36.file.feedback.html.php 第 98 行.
NOTIC: [8] Trying to get property of non-object C:\wnmp\wwwroot\nuomi\DataSource\Runtime\Temp\c0e6b437e1437f09aab5f7104871ab869ad90d36.file.feedback.html.php 第 98 行.
INFO: Run ParseTemplate Behavior [ RunTime:0.137956s ]
INFO: [ view_parse ] --END-- [ RunTime:0.138030s ]
INFO: [ view_filter ] --START--
INFO: Run ContentReplace Behavior [ RunTime:0.001042s ]
INFO: Run TokenBuild Behavior [ RunTime:0.000681s ]
INFO: Run WriteHtmlCache Behavior [ RunTime:0.000493s ]
INFO: Run ShowRuntime Behavior [ RunTime:0.000717s ]
INFO: [ view_filter ] --END-- [ RunTime:0.003143s ]
INFO: [ view_end ] --START--
INFO: Run ShowPageTrace Behavior [ RunTime:0.001378s ]
INFO: [ view_end ] --END-- [ RunTime:0.001502s ]

[ 2016-11-06T17:57:17+08:00 ] /User
INFO: [ route_check ] --START--
INFO: Run CheckRoute Behavior [ RunTime:0.002216s ]
INFO: [ route_check ] --END-- [ RunTime:0.002370s ]
INFO: [ app_begin ] --START--
INFO: Run ReadHtmlCache Behavior [ RunTime:0.003214s ]
INFO: [ app_begin ] --END-- [ RunTime:0.003381s ]
NOTIC: [2048] Declaration of UserAction::success() should be compatible with that of Action::success() C:\wnmp\wwwroot\nuomi\DataSource\Lib\Action\UserAction.class.php 第 501 行.
INFO: Run AuthCheck Behavior [ RunTime:0.001983s ]
NOTIC: [8] Undefined index: db_dsn C:\wnmp\wwwroot\nuomi\lib\ThinkPHP\Lib\Core\Db.class.php 第 129 行.
NOTIC: [8] Undefined index: db_params C:\wnmp\wwwroot\nuomi\lib\ThinkPHP\Lib\Core\Db.class.php 第 130 行.
SQL: SHOW COLUMNS FROM `zx_tb_user` [ RunTime:0.009045s ]
SQL: SELECT * FROM `zx_tb_user` WHERE ( id=44 ) LIMIT 1   [ RunTime:0.000646s ]
SQL: SHOW COLUMNS FROM `zx_tb_orders` [ RunTime:0.008459s ]
SQL: SELECT COUNT(*) AS tp_count FROM `zx_tb_orders` WHERE ( `uid` = 44 ) AND ( `paystats` = 5 ) AND ( `pay_deadline` > '2016-11-06 17:57:17' ) LIMIT 1   [ RunTime:0.000926s ]
INFO: [ view_template ] --START--
INFO: Run LocationTemplate Behavior [ RunTime:0.002137s ]
INFO: [ view_template ] --END-- [ RunTime:0.002254s ]
INFO: [ view_parse ] --START--
INFO: Run ParseTemplate Behavior [ RunTime:0.034363s ]
INFO: [ view_parse ] --END-- [ RunTime:0.034488s ]
INFO: [ view_filter ] --START--
INFO: Run ContentReplace Behavior [ RunTime:0.001351s ]
INFO: Run TokenBuild Behavior [ RunTime:0.001348s ]
INFO: Run WriteHtmlCache Behavior [ RunTime:0.001112s ]
INFO: Run ShowRuntime Behavior [ RunTime:0.001445s ]
INFO: [ view_filter ] --END-- [ RunTime:0.005569s ]
INFO: [ view_end ] --START--
INFO: Run ShowPageTrace Behavior [ RunTime:0.002481s ]
INFO: [ view_end ] --END-- [ RunTime:0.002654s ]

[ 2016-11-06T17:57:20+08:00 ] /User/userinfo
INFO: [ route_check ] --START--
INFO: Run CheckRoute Behavior [ RunTime:0.000703s ]
INFO: [ route_check ] --END-- [ RunTime:0.000762s ]
INFO: [ app_begin ] --START--
INFO: Run ReadHtmlCache Behavior [ RunTime:0.000402s ]
INFO: [ app_begin ] --END-- [ RunTime:0.000445s ]
NOTIC: [2048] Declaration of UserAction::success() should be compatible with that of Action::success() C:\wnmp\wwwroot\nuomi\DataSource\Lib\Action\UserAction.class.php 第 501 行.
INFO: Run AuthCheck Behavior [ RunTime:0.000548s ]
NOTIC: [8] Undefined index: db_dsn C:\wnmp\wwwroot\nuomi\lib\ThinkPHP\Lib\Core\Db.class.php 第 129 行.
NOTIC: [8] Undefined index: db_params C:\wnmp\wwwroot\nuomi\lib\ThinkPHP\Lib\Core\Db.class.php 第 130 行.
SQL: SHOW COLUMNS FROM `zx_tb_userinfo` [ RunTime:0.058842s ]
SQL: SELECT * FROM `zx_tb_userinfo` WHERE ( uid = 44 ) LIMIT 1   [ RunTime:0.000518s ]
INFO: [ view_template ] --START--
INFO: Run LocationTemplate Behavior [ RunTime:0.000663s ]
INFO: [ view_template ] --END-- [ RunTime:0.000722s ]
INFO: [ view_parse ] --START--
NOTIC: [8] Undefined index: blood_type C:\wnmp\wwwroot\nuomi\DataSource\Runtime\Temp\52183c10c030deba17cd13c5c511db0c5d28fbcd.file.userinfo.html.php 第 296 行.
NOTIC: [8] Undefined index: blood_type C:\wnmp\wwwroot\nuomi\DataSource\Runtime\Temp\52183c10c030deba17cd13c5c511db0c5d28fbcd.file.userinfo.html.php 第 297 行.
NOTIC: [8] Undefined index: blood_type C:\wnmp\wwwroot\nuomi\DataSource\Runtime\Temp\52183c10c030deba17cd13c5c511db0c5d28fbcd.file.userinfo.html.php 第 298 行.
NOTIC: [8] Undefined index: blood_type C:\wnmp\wwwroot\nuomi\DataSource\Runtime\Temp\52183c10c030deba17cd13c5c511db0c5d28fbcd.file.userinfo.html.php 第 299 行.
NOTIC: [8] Undefined index: blood_type C:\wnmp\wwwroot\nuomi\DataSource\Runtime\Temp\52183c10c030deba17cd13c5c511db0c5d28fbcd.file.userinfo.html.php 第 543 行.
INFO: Run ParseTemplate Behavior [ RunTime:0.275399s ]
INFO: [ view_parse ] --END-- [ RunTime:0.275451s ]
INFO: [ view_filter ] --START--
INFO: Run ContentReplace Behavior [ RunTime:0.000698s ]
INFO: Run TokenBuild Behavior [ RunTime:0.000570s ]
INFO: Run WriteHtmlCache Behavior [ RunTime:0.000287s ]
INFO: Run ShowRuntime Behavior [ RunTime:0.000489s ]
INFO: [ view_filter ] --END-- [ RunTime:0.002191s ]
INFO: [ view_end ] --START--
INFO: Run ShowPageTrace Behavior [ RunTime:0.000755s ]
INFO: [ view_end ] --END-- [ RunTime:0.000818s ]

[ 2016-11-06T17:57:50+08:00 ] /User/userinfo
INFO: [ route_check ] --START--
INFO: Run CheckRoute Behavior [ RunTime:0.002759s ]
INFO: [ route_check ] --END-- [ RunTime:0.002928s ]
INFO: [ app_begin ] --START--
INFO: Run ReadHtmlCache Behavior [ RunTime:0.001782s ]
INFO: [ app_begin ] --END-- [ RunTime:0.001894s ]
NOTIC: [2048] Declaration of UserAction::success() should be compatible with that of Action::success() C:\wnmp\wwwroot\nuomi\DataSource\Lib\Action\UserAction.class.php 第 501 行.
INFO: Run AuthCheck Behavior [ RunTime:0.001454s ]
NOTIC: [8] Undefined index: db_dsn C:\wnmp\wwwroot\nuomi\lib\ThinkPHP\Lib\Core\Db.class.php 第 129 行.
NOTIC: [8] Undefined index: db_params C:\wnmp\wwwroot\nuomi\lib\ThinkPHP\Lib\Core\Db.class.php 第 130 行.
SQL: SHOW COLUMNS FROM `zx_tb_userinfo` [ RunTime:0.004070s ]
SQL: UPDATE `zx_tb_userinfo` SET `area`='北京-北京市-西城区',`addr`='北三环中路',`postcode`='100001',`e_mail`='375968317@qq.com',`cloth_size`='S',`pass_code`='',`surname`='',`en_name`='',`issue_date`='',`expiry_date`='',`isattended`=1,`personbest`='00:22:22',`personbestmatch`='测试马拉松',`wishfinish`='22:22:22',`contact_name`='黄海',`contact_phone`='13522354177' WHERE ( uid=44 ) [ RunTime:0.036537s ]
SQL: SELECT * FROM `zx_tb_userinfo` WHERE ( uid = 44 ) LIMIT 1   [ RunTime:0.000505s ]
INFO: [ view_template ] --START--
INFO: Run LocationTemplate Behavior [ RunTime:0.014142s ]
INFO: [ view_template ] --END-- [ RunTime:0.014285s ]
INFO: [ view_parse ] --START--
NOTIC: [8] Undefined index: blood_type C:\wnmp\wwwroot\nuomi\DataSource\Runtime\Temp\52183c10c030deba17cd13c5c511db0c5d28fbcd.file.userinfo.html.php 第 296 行.
NOTIC: [8] Undefined index: blood_type C:\wnmp\wwwroot\nuomi\DataSource\Runtime\Temp\52183c10c030deba17cd13c5c511db0c5d28fbcd.file.userinfo.html.php 第 297 行.
NOTIC: [8] Undefined index: blood_type C:\wnmp\wwwroot\nuomi\DataSource\Runtime\Temp\52183c10c030deba17cd13c5c511db0c5d28fbcd.file.userinfo.html.php 第 298 行.
NOTIC: [8] Undefined index: blood_type C:\wnmp\wwwroot\nuomi\DataSource\Runtime\Temp\52183c10c030deba17cd13c5c511db0c5d28fbcd.file.userinfo.html.php 第 299 行.
NOTIC: [8] Undefined index: blood_type C:\wnmp\wwwroot\nuomi\DataSource\Runtime\Temp\52183c10c030deba17cd13c5c511db0c5d28fbcd.file.userinfo.html.php 第 543 行.
INFO: Run ParseTemplate Behavior [ RunTime:0.018242s ]
INFO: [ view_parse ] --END-- [ RunTime:0.018292s ]
INFO: [ view_filter ] --START--
INFO: Run ContentReplace Behavior [ RunTime:0.000793s ]
INFO: Run TokenBuild Behavior [ RunTime:0.000823s ]
INFO: Run WriteHtmlCache Behavior [ RunTime:0.000691s ]
INFO: Run ShowRuntime Behavior [ RunTime:0.000825s ]
INFO: [ view_filter ] --END-- [ RunTime:0.003287s ]
INFO: [ view_end ] --START--
INFO: Run ShowPageTrace Behavior [ RunTime:0.001153s ]
INFO: [ view_end ] --END-- [ RunTime:0.001218s ]

[ 2016-11-06T17:58:10+08:00 ] /User/userinfo
INFO: [ route_check ] --START--
INFO: Run CheckRoute Behavior [ RunTime:0.000610s ]
INFO: [ route_check ] --END-- [ RunTime:0.000676s ]
INFO: [ app_begin ] --START--
INFO: Run ReadHtmlCache Behavior [ RunTime:0.000520s ]
INFO: [ app_begin ] --END-- [ RunTime:0.000563s ]
NOTIC: [2048] Declaration of UserAction::success() should be compatible with that of Action::success() C:\wnmp\wwwroot\nuomi\DataSource\Lib\Action\UserAction.class.php 第 501 行.
INFO: Run AuthCheck Behavior [ RunTime:0.000494s ]
NOTIC: [8] Undefined index: db_dsn C:\wnmp\wwwroot\nuomi\lib\ThinkPHP\Lib\Core\Db.class.php 第 129 行.
NOTIC: [8] Undefined index: db_params C:\wnmp\wwwroot\nuomi\lib\ThinkPHP\Lib\Core\Db.class.php 第 130 行.
SQL: SHOW COLUMNS FROM `zx_tb_userinfo` [ RunTime:0.008098s ]
SQL: UPDATE `zx_tb_userinfo` SET `area`='北京-北京市-西城区',`addr`='北三环中路',`postcode`='100001',`e_mail`='375968317@qq.com',`cloth_size`='S',`pass_code`='',`surname`='',`en_name`='',`issue_date`='',`expiry_date`='',`isattended`=1,`personbest`='00:22:22',`personbestmatch`='测试马拉松',`wishfinish`='22:22:22',`contact_name`='黄海',`contact_phone`='13522354177' WHERE ( uid=44 ) [ RunTime:0.015876s ]
SQL: SELECT * FROM `zx_tb_userinfo` WHERE ( uid = 44 ) LIMIT 1   [ RunTime:0.000663s ]
INFO: [ view_template ] --START--
INFO: Run LocationTemplate Behavior [ RunTime:0.000523s ]
INFO: [ view_template ] --END-- [ RunTime:0.000573s ]
INFO: [ view_parse ] --START--
NOTIC: [8] Undefined index: blood_type C:\wnmp\wwwroot\nuomi\DataSource\Runtime\Temp\52183c10c030deba17cd13c5c511db0c5d28fbcd.file.userinfo.html.php 第 296 行.
NOTIC: [8] Undefined index: blood_type C:\wnmp\wwwroot\nuomi\DataSource\Runtime\Temp\52183c10c030deba17cd13c5c511db0c5d28fbcd.file.userinfo.html.php 第 297 行.
NOTIC: [8] Undefined index: blood_type C:\wnmp\wwwroot\nuomi\DataSource\Runtime\Temp\52183c10c030deba17cd13c5c511db0c5d28fbcd.file.userinfo.html.php 第 298 行.
NOTIC: [8] Undefined index: blood_type C:\wnmp\wwwroot\nuomi\DataSource\Runtime\Temp\52183c10c030deba17cd13c5c511db0c5d28fbcd.file.userinfo.html.php 第 299 行.
NOTIC: [8] Undefined index: blood_type C:\wnmp\wwwroot\nuomi\DataSource\Runtime\Temp\52183c10c030deba17cd13c5c511db0c5d28fbcd.file.userinfo.html.php 第 543 行.
INFO: Run ParseTemplate Behavior [ RunTime:0.010162s ]
INFO: [ view_parse ] --END-- [ RunTime:0.010214s ]
INFO: [ view_filter ] --START--
INFO: Run ContentReplace Behavior [ RunTime:0.000489s ]
INFO: Run TokenBuild Behavior [ RunTime:0.000348s ]
INFO: Run WriteHtmlCache Behavior [ RunTime:0.000252s ]
INFO: Run ShowRuntime Behavior [ RunTime:0.000407s ]
INFO: [ view_filter ] --END-- [ RunTime:0.001621s ]
INFO: [ view_end ] --START--
INFO: Run ShowPageTrace Behavior [ RunTime:0.000513s ]
INFO: [ view_end ] --END-- [ RunTime:0.000566s ]

[ 2016-11-06T18:03:55+08:00 ] /User/collection
INFO: [ route_check ] --START--
INFO: Run CheckRoute Behavior [ RunTime:0.007834s ]
INFO: [ route_check ] --END-- [ RunTime:0.008799s ]
INFO: [ app_begin ] --START--
INFO: Run ReadHtmlCache Behavior [ RunTime:0.001008s ]
INFO: [ app_begin ] --END-- [ RunTime:0.001109s ]
NOTIC: [2048] Declaration of UserAction::success() should be compatible with that of Action::success() C:\wnmp\wwwroot\nuomi\DataSource\Lib\Action\UserAction.class.php 第 501 行.
INFO: Run AuthCheck Behavior [ RunTime:0.001072s ]
NOTIC: [8] Undefined index: db_dsn C:\wnmp\wwwroot\nuomi\lib\ThinkPHP\Lib\Core\Db.class.php 第 129 行.
NOTIC: [8] Undefined index: db_params C:\wnmp\wwwroot\nuomi\lib\ThinkPHP\Lib\Core\Db.class.php 第 130 行.
SQL: SHOW COLUMNS FROM `zx_tb_collect` [ RunTime:0.004571s ]
SQL: SELECT m.id,m.m_name,m.m_state,m.m_releaseTime,m.m_untilTime,m.m_offineTime,m.m_placesleft,m.m_img,m.m_GameTime,m.m_Mtypes,m.m_des,m.m_ptype FROM `zx_tb_collect` c LEFT JOIN `zx_tb_matchs` m ON m.id= c.match_id WHERE c.uid= 44 [ RunTime:0.005125s ]
NOTIC: [8] Undefined index: m_enterMode C:\wnmp\wwwroot\nuomi\DataSource\Lib\Action\UserAction.class.php 第 164 行.
INFO: [ view_template ] --START--
INFO: Run LocationTemplate Behavior [ RunTime:0.000763s ]
INFO: [ view_template ] --END-- [ RunTime:0.000826s ]
INFO: [ view_parse ] --START--
INFO: Run ParseTemplate Behavior [ RunTime:0.083225s ]
INFO: [ view_parse ] --END-- [ RunTime:0.083281s ]
INFO: [ view_filter ] --START--
INFO: Run ContentReplace Behavior [ RunTime:0.000669s ]
INFO: Run TokenBuild Behavior [ RunTime:0.000370s ]
INFO: Run WriteHtmlCache Behavior [ RunTime:0.000352s ]
INFO: Run ShowRuntime Behavior [ RunTime:0.000506s ]
INFO: [ view_filter ] --END-- [ RunTime:0.002028s ]
INFO: [ view_end ] --START--
INFO: Run ShowPageTrace Behavior [ RunTime:0.000562s ]
INFO: [ view_end ] --END-- [ RunTime:0.000619s ]

[ 2016-11-06T18:03:56+08:00 ] /Ajax/collection
INFO: [ route_check ] --START--
INFO: Run CheckRoute Behavior [ RunTime:0.000942s ]
INFO: [ route_check ] --END-- [ RunTime:0.001033s ]
INFO: [ app_begin ] --START--
INFO: Run ReadHtmlCache Behavior [ RunTime:0.001297s ]
INFO: [ app_begin ] --END-- [ RunTime:0.001382s ]
NOTIC: [8] Undefined index: db_dsn C:\wnmp\wwwroot\nuomi\lib\ThinkPHP\Lib\Core\Db.class.php 第 129 行.
NOTIC: [8] Undefined index: db_params C:\wnmp\wwwroot\nuomi\lib\ThinkPHP\Lib\Core\Db.class.php 第 130 行.
SQL: SHOW COLUMNS FROM `zx_tb_collect` [ RunTime:0.003989s ]
SQL: SELECT m.id,m_name,m_GameTime,m_untilTime,m_releaseTime,m_offineTime,m_city,m_Mtypes,m_ptype,m_sign,m_enterMode,m_placesleft,m_places,m_enterurl,m_state,m_img,m_order,m_country,m_area,m_signuptime,m_mtypes_class,m_des FROM `zx_tb_collect` c LEFT JOIN `zx_tb_matchs` m ON m.id= c.match_id WHERE c.uid= 44 [ RunTime:0.000628s ]
SQL: SHOW COLUMNS FROM `zx_tb_goods` [ RunTime:0.005842s ]
SQL: 
SELECT id,g_type,g_name,g_currprice,g_price,g_singleprice,g_stock,g_stockleft FROM zx_tb_goods WHERE g_mid = 143 AND g_isgoods = 1 AND g_type= 1 AND g_state = 0 AND g_releaseTime < NOW() AND g_offineTime >NOW() AND g_stockleft>0
UNION ALL
SELECT id,g_type,g_name,g_currprice,g_price,g_singleprice,g_stock,g_stockleft FROM zx_tb_goods WHERE g_mid = 143 AND g_isgoods = 1 AND g_type= 2 AND g_state = 0 AND g_releaseTime < NOW() AND g_offineTime >NOW() AND g_stockleft>0
ORDER BY  g_currprice ASC [ RunTime:0.035920s ]

[ 2016-11-06T18:04:07+08:00 ] /Matchinfo/collection?m_id=143
INFO: [ route_check ] --START--
INFO: Run CheckRoute Behavior [ RunTime:0.000637s ]
INFO: [ route_check ] --END-- [ RunTime:0.000702s ]
INFO: [ app_begin ] --START--
INFO: Run ReadHtmlCache Behavior [ RunTime:0.000460s ]
INFO: [ app_begin ] --END-- [ RunTime:0.000503s ]
NOTIC: [8] Undefined index: db_dsn C:\wnmp\wwwroot\nuomi\lib\ThinkPHP\Lib\Core\Db.class.php 第 129 行.
NOTIC: [8] Undefined index: db_params C:\wnmp\wwwroot\nuomi\lib\ThinkPHP\Lib\Core\Db.class.php 第 130 行.
SQL: SHOW COLUMNS FROM `zx_tb_collect` [ RunTime:0.063331s ]
SQL: SELECT * FROM `zx_tb_collect` WHERE ( `uid`=44 and `match_id` = 143  ) LIMIT 1   [ RunTime:0.001581s ]
SQL: DELETE FROM `zx_tb_collect` WHERE ( `uid`=44 and `match_id` = 143  ) [ RunTime:0.014730s ]

[ 2016-11-06T18:04:13+08:00 ] /User/collection
INFO: [ route_check ] --START--
INFO: Run CheckRoute Behavior [ RunTime:0.000908s ]
INFO: [ route_check ] --END-- [ RunTime:0.000997s ]
INFO: [ app_begin ] --START--
INFO: Run ReadHtmlCache Behavior [ RunTime:0.000671s ]
INFO: [ app_begin ] --END-- [ RunTime:0.000762s ]
NOTIC: [2048] Declaration of UserAction::success() should be compatible with that of Action::success() C:\wnmp\wwwroot\nuomi\DataSource\Lib\Action\UserAction.class.php 第 501 行.
INFO: Run AuthCheck Behavior [ RunTime:0.001221s ]
NOTIC: [8] Undefined index: db_dsn C:\wnmp\wwwroot\nuomi\lib\ThinkPHP\Lib\Core\Db.class.php 第 129 行.
NOTIC: [8] Undefined index: db_params C:\wnmp\wwwroot\nuomi\lib\ThinkPHP\Lib\Core\Db.class.php 第 130 行.
SQL: SHOW COLUMNS FROM `zx_tb_collect` [ RunTime:0.009090s ]
SQL: SELECT m.id,m.m_name,m.m_state,m.m_releaseTime,m.m_untilTime,m.m_offineTime,m.m_placesleft,m.m_img,m.m_GameTime,m.m_Mtypes,m.m_des,m.m_ptype FROM `zx_tb_collect` c LEFT JOIN `zx_tb_matchs` m ON m.id= c.match_id WHERE c.uid= 44 [ RunTime:0.002332s ]
INFO: [ view_template ] --START--
INFO: Run LocationTemplate Behavior [ RunTime:0.003407s ]
INFO: [ view_template ] --END-- [ RunTime:0.003670s ]
INFO: [ view_parse ] --START--
NOTIC: [8] Undefined index: abroad C:\wnmp\wwwroot\nuomi\DataSource\Runtime\Temp\911a5491a5f9e2657465be420974c6bf14adc566.file.collection.html.php 第 58 行.
NOTIC: [8] Trying to get property of non-object C:\wnmp\wwwroot\nuomi\DataSource\Runtime\Temp\911a5491a5f9e2657465be420974c6bf14adc566.file.collection.html.php 第 58 行.
NOTIC: [8] Undefined index: domestic C:\wnmp\wwwroot\nuomi\DataSource\Runtime\Temp\911a5491a5f9e2657465be420974c6bf14adc566.file.collection.html.php 第 58 行.
NOTIC: [8] Trying to get property of non-object C:\wnmp\wwwroot\nuomi\DataSource\Runtime\Temp\911a5491a5f9e2657465be420974c6bf14adc566.file.collection.html.php 第 58 行.
INFO: Run ParseTemplate Behavior [ RunTime:0.129967s ]
INFO: [ view_parse ] --END-- [ RunTime:0.130088s ]
INFO: [ view_filter ] --START--
INFO: Run ContentReplace Behavior [ RunTime:0.000921s ]
INFO: Run TokenBuild Behavior [ RunTime:0.000459s ]
INFO: Run WriteHtmlCache Behavior [ RunTime:0.000314s ]
INFO: Run ShowRuntime Behavior [ RunTime:0.000453s ]
INFO: [ view_filter ] --END-- [ RunTime:0.002297s ]
INFO: [ view_end ] --START--
INFO: Run ShowPageTrace Behavior [ RunTime:0.000566s ]
INFO: [ view_end ] --END-- [ RunTime:0.000629s ]

[ 2016-11-06T18:04:13+08:00 ] /Ajax/collection
INFO: [ route_check ] --START--
INFO: Run CheckRoute Behavior [ RunTime:0.001212s ]
INFO: [ route_check ] --END-- [ RunTime:0.001306s ]
INFO: [ app_begin ] --START--
INFO: Run ReadHtmlCache Behavior [ RunTime:0.000790s ]
INFO: [ app_begin ] --END-- [ RunTime:0.000856s ]
NOTIC: [8] Undefined index: db_dsn C:\wnmp\wwwroot\nuomi\lib\ThinkPHP\Lib\Core\Db.class.php 第 129 行.
NOTIC: [8] Undefined index: db_params C:\wnmp\wwwroot\nuomi\lib\ThinkPHP\Lib\Core\Db.class.php 第 130 行.
SQL: SHOW COLUMNS FROM `zx_tb_collect` [ RunTime:0.007894s ]
SQL: SELECT m.id,m_name,m_GameTime,m_untilTime,m_releaseTime,m_offineTime,m_city,m_Mtypes,m_ptype,m_sign,m_enterMode,m_placesleft,m_places,m_enterurl,m_state,m_img,m_order,m_country,m_area,m_signuptime,m_mtypes_class,m_des FROM `zx_tb_collect` c LEFT JOIN `zx_tb_matchs` m ON m.id= c.match_id WHERE c.uid= 44 [ RunTime:0.000619s ]

[ 2016-11-06T18:05:00+08:00 ] /User/userinfo
INFO: [ route_check ] --START--
INFO: Run CheckRoute Behavior [ RunTime:0.002042s ]
INFO: [ route_check ] --END-- [ RunTime:0.002276s ]
INFO: [ app_begin ] --START--
INFO: Run ReadHtmlCache Behavior [ RunTime:0.001252s ]
INFO: [ app_begin ] --END-- [ RunTime:0.001378s ]
NOTIC: [2048] Declaration of UserAction::success() should be compatible with that of Action::success() C:\wnmp\wwwroot\nuomi\DataSource\Lib\Action\UserAction.class.php 第 501 行.
INFO: Run AuthCheck Behavior [ RunTime:0.001083s ]
NOTIC: [8] Undefined index: db_dsn C:\wnmp\wwwroot\nuomi\lib\ThinkPHP\Lib\Core\Db.class.php 第 129 行.
NOTIC: [8] Undefined index: db_params C:\wnmp\wwwroot\nuomi\lib\ThinkPHP\Lib\Core\Db.class.php 第 130 行.
SQL: SHOW COLUMNS FROM `zx_tb_userinfo` [ RunTime:0.007198s ]
SQL: UPDATE `zx_tb_userinfo` SET `area`='北京-北京市-西城区',`addr`='北三环中路',`postcode`='100001',`e_mail`='375968317@qq.com',`cloth_size`='S',`pass_code`='',`surname`='',`en_name`='',`issue_date`='',`expiry_date`='',`isattended`=1,`personbest`='00:22:22',`personbestmatch`='测试马拉松',`wishfinish`='22:22:22',`contact_name`='黄海',`contact_phone`='13522354177' WHERE ( uid=44 ) [ RunTime:0.003328s ]
SQL: SELECT * FROM `zx_tb_userinfo` WHERE ( uid = 44 ) LIMIT 1   [ RunTime:0.000559s ]
INFO: [ view_template ] --START--
INFO: Run LocationTemplate Behavior [ RunTime:0.000883s ]
INFO: [ view_template ] --END-- [ RunTime:0.000945s ]
INFO: [ view_parse ] --START--
NOTIC: [8] Undefined index: blood_type C:\wnmp\wwwroot\nuomi\DataSource\Runtime\Temp\52183c10c030deba17cd13c5c511db0c5d28fbcd.file.userinfo.html.php 第 296 行.
NOTIC: [8] Undefined index: blood_type C:\wnmp\wwwroot\nuomi\DataSource\Runtime\Temp\52183c10c030deba17cd13c5c511db0c5d28fbcd.file.userinfo.html.php 第 297 行.
NOTIC: [8] Undefined index: blood_type C:\wnmp\wwwroot\nuomi\DataSource\Runtime\Temp\52183c10c030deba17cd13c5c511db0c5d28fbcd.file.userinfo.html.php 第 298 行.
NOTIC: [8] Undefined index: blood_type C:\wnmp\wwwroot\nuomi\DataSource\Runtime\Temp\52183c10c030deba17cd13c5c511db0c5d28fbcd.file.userinfo.html.php 第 299 行.
NOTIC: [8] Undefined index: blood_type C:\wnmp\wwwroot\nuomi\DataSource\Runtime\Temp\52183c10c030deba17cd13c5c511db0c5d28fbcd.file.userinfo.html.php 第 543 行.
INFO: Run ParseTemplate Behavior [ RunTime:0.014120s ]
INFO: [ view_parse ] --END-- [ RunTime:0.014179s ]
INFO: [ view_filter ] --START--
INFO: Run ContentReplace Behavior [ RunTime:0.000682s ]
INFO: Run TokenBuild Behavior [ RunTime:0.000427s ]
INFO: Run WriteHtmlCache Behavior [ RunTime:0.000302s ]
INFO: Run ShowRuntime Behavior [ RunTime:0.000468s ]
INFO: [ view_filter ] --END-- [ RunTime:0.002113s ]
INFO: [ view_end ] --START--
INFO: Run ShowPageTrace Behavior [ RunTime:0.000623s ]
INFO: [ view_end ] --END-- [ RunTime:0.000681s ]

[ 2016-11-06T18:05:02+08:00 ] /User/userinfo
INFO: [ route_check ] --START--
INFO: Run CheckRoute Behavior [ RunTime:0.001349s ]
INFO: [ route_check ] --END-- [ RunTime:0.001488s ]
INFO: [ app_begin ] --START--
INFO: Run ReadHtmlCache Behavior [ RunTime:0.001003s ]
INFO: [ app_begin ] --END-- [ RunTime:0.001108s ]
NOTIC: [2048] Declaration of UserAction::success() should be compatible with that of Action::success() C:\wnmp\wwwroot\nuomi\DataSource\Lib\Action\UserAction.class.php 第 501 行.
INFO: Run AuthCheck Behavior [ RunTime:0.002354s ]
NOTIC: [8] Undefined index: db_dsn C:\wnmp\wwwroot\nuomi\lib\ThinkPHP\Lib\Core\Db.class.php 第 129 行.
NOTIC: [8] Undefined index: db_params C:\wnmp\wwwroot\nuomi\lib\ThinkPHP\Lib\Core\Db.class.php 第 130 行.
SQL: SHOW COLUMNS FROM `zx_tb_userinfo` [ RunTime:0.010679s ]
SQL: UPDATE `zx_tb_userinfo` SET `area`='北京-北京市-西城区',`addr`='北三环中路',`postcode`='100001',`e_mail`='375968317@qq.com',`cloth_size`='S',`pass_code`='',`surname`='',`en_name`='',`issue_date`='',`expiry_date`='',`isattended`=1,`personbest`='00:22:22',`personbestmatch`='测试马拉松',`wishfinish`='22:22:22',`contact_name`='黄海',`contact_phone`='13522354177' WHERE ( uid=44 ) [ RunTime:0.003694s ]
SQL: SELECT * FROM `zx_tb_userinfo` WHERE ( uid = 44 ) LIMIT 1   [ RunTime:0.000910s ]
INFO: [ view_template ] --START--
INFO: Run LocationTemplate Behavior [ RunTime:0.001297s ]
INFO: [ view_template ] --END-- [ RunTime:0.001477s ]
INFO: [ view_parse ] --START--
NOTIC: [8] Undefined index: blood_type C:\wnmp\wwwroot\nuomi\DataSource\Runtime\Temp\52183c10c030deba17cd13c5c511db0c5d28fbcd.file.userinfo.html.php 第 296 行.
NOTIC: [8] Undefined index: blood_type C:\wnmp\wwwroot\nuomi\DataSource\Runtime\Temp\52183c10c030deba17cd13c5c511db0c5d28fbcd.file.userinfo.html.php 第 297 行.
NOTIC: [8] Undefined index: blood_type C:\wnmp\wwwroot\nuomi\DataSource\Runtime\Temp\52183c10c030deba17cd13c5c511db0c5d28fbcd.file.userinfo.html.php 第 298 行.
NOTIC: [8] Undefined index: blood_type C:\wnmp\wwwroot\nuomi\DataSource\Runtime\Temp\52183c10c030deba17cd13c5c511db0c5d28fbcd.file.userinfo.html.php 第 299 行.
NOTIC: [8] Undefined index: blood_type C:\wnmp\wwwroot\nuomi\DataSource\Runtime\Temp\52183c10c030deba17cd13c5c511db0c5d28fbcd.file.userinfo.html.php 第 543 行.
INFO: Run ParseTemplate Behavior [ RunTime:0.023447s ]
INFO: [ view_parse ] --END-- [ RunTime:0.023596s ]
INFO: [ view_filter ] --START--
INFO: Run ContentReplace Behavior [ RunTime:0.001086s ]
INFO: Run TokenBuild Behavior [ RunTime:0.000949s ]
INFO: Run WriteHtmlCache Behavior [ RunTime:0.000886s ]
INFO: Run ShowRuntime Behavior [ RunTime:0.001371s ]
INFO: [ view_filter ] --END-- [ RunTime:0.004642s ]
INFO: [ view_end ] --START--
INFO: Run ShowPageTrace Behavior [ RunTime:0.001918s ]
INFO: [ view_end ] --END-- [ RunTime:0.002058s ]

[ 2016-11-06T18:05:04+08:00 ] /User/userinfo
INFO: [ route_check ] --START--
INFO: Run CheckRoute Behavior [ RunTime:0.000790s ]
INFO: [ route_check ] --END-- [ RunTime:0.000880s ]
INFO: [ app_begin ] --START--
INFO: Run ReadHtmlCache Behavior [ RunTime:0.000634s ]
INFO: [ app_begin ] --END-- [ RunTime:0.000690s ]
NOTIC: [2048] Declaration of UserAction::success() should be compatible with that of Action::success() C:\wnmp\wwwroot\nuomi\DataSource\Lib\Action\UserAction.class.php 第 501 行.
INFO: Run AuthCheck Behavior [ RunTime:0.000614s ]
NOTIC: [8] Undefined index: db_dsn C:\wnmp\wwwroot\nuomi\lib\ThinkPHP\Lib\Core\Db.class.php 第 129 行.
NOTIC: [8] Undefined index: db_params C:\wnmp\wwwroot\nuomi\lib\ThinkPHP\Lib\Core\Db.class.php 第 130 行.
SQL: SHOW COLUMNS FROM `zx_tb_userinfo` [ RunTime:0.005884s ]
SQL: SELECT * FROM `zx_tb_userinfo` WHERE ( uid = 44 ) LIMIT 1   [ RunTime:0.000367s ]
INFO: [ view_template ] --START--
INFO: Run LocationTemplate Behavior [ RunTime:0.000480s ]
INFO: [ view_template ] --END-- [ RunTime:0.000530s ]
INFO: [ view_parse ] --START--
NOTIC: [8] Undefined index: blood_type C:\wnmp\wwwroot\nuomi\DataSource\Runtime\Temp\52183c10c030deba17cd13c5c511db0c5d28fbcd.file.userinfo.html.php 第 296 行.
NOTIC: [8] Undefined index: blood_type C:\wnmp\wwwroot\nuomi\DataSource\Runtime\Temp\52183c10c030deba17cd13c5c511db0c5d28fbcd.file.userinfo.html.php 第 297 行.
NOTIC: [8] Undefined index: blood_type C:\wnmp\wwwroot\nuomi\DataSource\Runtime\Temp\52183c10c030deba17cd13c5c511db0c5d28fbcd.file.userinfo.html.php 第 298 行.
NOTIC: [8] Undefined index: blood_type C:\wnmp\wwwroot\nuomi\DataSource\Runtime\Temp\52183c10c030deba17cd13c5c511db0c5d28fbcd.file.userinfo.html.php 第 299 行.
NOTIC: [8] Undefined index: blood_type C:\wnmp\wwwroot\nuomi\DataSource\Runtime\Temp\52183c10c030deba17cd13c5c511db0c5d28fbcd.file.userinfo.html.php 第 543 行.
INFO: Run ParseTemplate Behavior [ RunTime:0.012641s ]
INFO: [ view_parse ] --END-- [ RunTime:0.012692s ]
INFO: [ view_filter ] --START--
INFO: Run ContentReplace Behavior [ RunTime:0.000431s ]
INFO: Run TokenBuild Behavior [ RunTime:0.000354s ]
INFO: Run WriteHtmlCache Behavior [ RunTime:0.000227s ]
INFO: Run ShowRuntime Behavior [ RunTime:0.000370s ]
INFO: [ view_filter ] --END-- [ RunTime:0.001496s ]
INFO: [ view_end ] --START--
INFO: Run ShowPageTrace Behavior [ RunTime:0.000556s ]
INFO: [ view_end ] --END-- [ RunTime:0.000603s ]

